--------------------------------------------------------------------------------------------
时间：2017-09-04 0930
$$$$$$$$$$$$$$$$$$$$$$$$$$$$$$$$$$$$$$$$$$$$$$$$$$$$$$$$$$$
601326 秦港股份 涨幅10.01,市值65亿 
板块：沪港通概念、新股与次新股
主买：24169万
主卖：-7522万
净买入：16647万
类型：
符合条件2，净额突破，共买入 16647万
--------------------------------------------------------------------------------------------
时间：2017-09-04 0935
$$$$$$$$$$$$$$$$$$$$$$$$$$$$$$$$$$$$$$$$$$$$$$$$$$$$$$$$$$$
601326 秦港股份 涨幅10.01,市值65亿 
板块：沪港通概念、新股与次新股
主买：74758万
主卖：-13573万
净买入：61184万
类型：
符合条件1，单位时间新增买入 44538万
符合条件2，净额突破，共买入 61184万
$$$$$$$$$$$$$$$$$$$$$$$$$$$$$$$$$$$$$$$$$$$$$$$$$$$$$$$$$$$
300688 创业黑马 涨幅10.01,市值13亿 
板块：新股与次新股
主买：29861万
主卖：-7119万
净买入：22742万
类型：
符合条件1，单位时间新增买入 18828万
符合条件2，净额突破，共买入 22742万
$$$$$$$$$$$$$$$$$$$$$$$$$$$$$$$$$$$$$$$$$$$$$$$$$$$$$$$$$$$
601949 中国出版 涨幅9.97,市值45亿 
板块：新股与次新股
主买：14336万
主卖：-2795万
净买入：11540万
类型：
符合条件1，单位时间新增买入 7070万
符合条件2，净额突破，共买入 11540万
$$$$$$$$$$$$$$$$$$$$$$$$$$$$$$$$$$$$$$$$$$$$$$$$$$$$$$$$$$$
000825 太钢不锈 涨幅4.25,市值123亿 
板块：特钢、核电、融资融券、转融券标的、深港通、MSCI概念、互联网+、电子商务
主买：16300万
主卖：-7685万
净买入：8614万
类型：基金
符合条件1，单位时间新增买入 6975万
$$$$$$$$$$$$$$$$$$$$$$$$$$$$$$$$$$$$$$$$$$$$$$$$$$$$$$$$$$$
601899 紫金矿业 涨幅1.73,市值480亿 
板块：黄金、小金属、稀缺资源、融资融券、沪港通概念、转融券标的、MSCI概念
主买：6302万
主卖：-1663万
净买入：4639万
类型：
符合条件1，单位时间新增买入 2645万
$$$$$$$$$$$$$$$$$$$$$$$$$$$$$$$$$$$$$$$$$$$$$$$$$$$$$$$$$$$
600808 马钢股份 涨幅2.39,市值181亿 
板块：高铁、融资融券、沪港通概念、转融券标的、MSCI概念
主买：5230万
主卖：-1319万
净买入：3911万
类型：
符合条件1，单位时间新增买入 3075万
$$$$$$$$$$$$$$$$$$$$$$$$$$$$$$$$$$$$$$$$$$$$$$$$$$$$$$$$$$$
600019 宝钢股份 涨幅1.87,市值662亿 
板块：核电、融资融券、沪港通概念、央企国资改革、转融券标的、互联网+、电子商务
主买：12179万
主卖：-8313万
净买入：3865万
类型：
符合条件1，单位时间新增买入 3865万
$$$$$$$$$$$$$$$$$$$$$$$$$$$$$$$$$$$$$$$$$$$$$$$$$$$$$$$$$$$
603976 正川股份 涨幅3.91,市值12亿 
板块：新股与次新股
主买：5890万
主卖：-2065万
净买入：3826万
类型：
符合条件1，单位时间新增买入 3514万
$$$$$$$$$$$$$$$$$$$$$$$$$$$$$$$$$$$$$$$$$$$$$$$$$$$$$$$$$$$
300613 富瀚微 涨幅10,市值19亿 
板块：芯片替代、集成电路、安防、新股与次新股
主买：4479万
主卖：-1004万
净买入：3475万
类型：
符合条件1，单位时间新增买入 1677万
$$$$$$$$$$$$$$$$$$$$$$$$$$$$$$$$$$$$$$$$$$$$$$$$$$$$$$$$$$$
300496 中科创达 涨幅10,市值64亿 
板块：人工智能、车联网、智能穿戴、深港通、虚拟现实、无人驾驶、移动互联网、4G5G
主买：4274万
主卖：-895万
净买入：3378万
类型：
符合条件1，单位时间新增买入 3378万
$$$$$$$$$$$$$$$$$$$$$$$$$$$$$$$$$$$$$$$$$$$$$$$$$$$$$$$$$$$
603019 中科曙光 涨幅3.55,市值114亿 
板块：人工智能、沪港通概念、云计算、雄安新区
主买：3561万
主卖：-765万
净买入：2796万
类型：游资
符合条件1，单位时间新增买入 2182万
$$$$$$$$$$$$$$$$$$$$$$$$$$$$$$$$$$$$$$$$$$$$$$$$$$$$$$$$$$$
600569 安阳钢铁 涨幅8.64,市值55亿 
板块：
主买：24324万
主卖：-21579万
净买入：2745万
类型：游资
符合条件1，单位时间新增买入 2745万
$$$$$$$$$$$$$$$$$$$$$$$$$$$$$$$$$$$$$$$$$$$$$$$$$$$$$$$$$$$
603557 起步股份 涨幅9.15,市值15亿 
板块：新股与次新股
主买：4986万
主卖：-2476万
净买入：2509万
类型：
符合条件1，单位时间新增买入 2509万
$$$$$$$$$$$$$$$$$$$$$$$$$$$$$$$$$$$$$$$$$$$$$$$$$$$$$$$$$$$
600362 江西铜业 涨幅1.41,市值275亿 
板块：黄金、稀缺资源、融资融券、沪港通概念、转融券标的、MSCI概念、稀土永磁、参股券商
主买：5293万
主卖：-2831万
净买入：2462万
类型：基金
符合条件1，单位时间新增买入 1859万
$$$$$$$$$$$$$$$$$$$$$$$$$$$$$$$$$$$$$$$$$$$$$$$$$$$$$$$$$$$
600782 新钢股份 涨幅3.74,市值74亿 
板块：
主买：3381万
主卖：-1183万
净买入：2197万
类型：
符合条件1，单位时间新增买入 2197万
$$$$$$$$$$$$$$$$$$$$$$$$$$$$$$$$$$$$$$$$$$$$$$$$$$$$$$$$$$$
002454 松芝股份 涨幅5.34,市值30亿 
板块：新能源汽车
主买：2299万
主卖：-117万
净买入：2182万
类型：基金
符合条件1，单位时间新增买入 1905万
$$$$$$$$$$$$$$$$$$$$$$$$$$$$$$$$$$$$$$$$$$$$$$$$$$$$$$$$$$$
000060 中金岭南 涨幅1.22,市值207亿 
板块：小金属、稀缺资源、融资融券、转融券标的、深港通、MSCI概念、电子商务
主买：2571万
主卖：-692万
净买入：1879万
类型：游资
符合条件1，单位时间新增买入 1262万
$$$$$$$$$$$$$$$$$$$$$$$$$$$$$$$$$$$$$$$$$$$$$$$$$$$$$$$$$$$
300458 全志科技 涨幅6.82,市值43亿 
板块：芯片替代、车联网、汽车电子、深港通、虚拟现实、物联网
主买：1866万
主卖：-231万
净买入：1635万
类型：
符合条件1，单位时间新增买入 1330万
$$$$$$$$$$$$$$$$$$$$$$$$$$$$$$$$$$$$$$$$$$$$$$$$$$$$$$$$$$$
603188 亚邦股份 涨幅2.35,市值74亿 
板块：融资融券、沪港通概念、分散染料、转融券标的
主买：1096万
主卖：0万
净买入：1096万
类型：
符合条件1，单位时间新增买入 1096万
--------------------------------------------------------------------------------------------
时间：2017-09-04 0940
$$$$$$$$$$$$$$$$$$$$$$$$$$$$$$$$$$$$$$$$$$$$$$$$$$$$$$$$$$$
601326 秦港股份 涨幅10.01,市值65亿 
板块：沪港通概念、新股与次新股
主买：79667万
主卖：-13573万
净买入：66093万
类型：
符合条件1，单位时间新增买入 4909万
符合条件2，净额突破，共买入 66093万
$$$$$$$$$$$$$$$$$$$$$$$$$$$$$$$$$$$$$$$$$$$$$$$$$$$$$$$$$$$
300688 创业黑马 涨幅10.01,市值13亿 
板块：新股与次新股
主买：32221万
主卖：-7119万
净买入：25103万
类型：
符合条件1，单位时间新增买入 2361万
符合条件2，净额突破，共买入 25103万
$$$$$$$$$$$$$$$$$$$$$$$$$$$$$$$$$$$$$$$$$$$$$$$$$$$$$$$$$$$
601949 中国出版 涨幅9.97,市值45亿 
板块：新股与次新股
主买：14890万
主卖：-2795万
净买入：12095万
类型：
符合条件2，净额突破，共买入 12095万
$$$$$$$$$$$$$$$$$$$$$$$$$$$$$$$$$$$$$$$$$$$$$$$$$$$$$$$$$$$
300496 中科创达 涨幅8.63,市值65亿 
板块：人工智能、车联网、智能穿戴、深港通、无人驾驶、虚拟现实、移动互联网、4G5G
主买：10113万
主卖：-2286万
净买入：7827万
类型：
符合条件1，单位时间新增买入 4449万
$$$$$$$$$$$$$$$$$$$$$$$$$$$$$$$$$$$$$$$$$$$$$$$$$$$$$$$$$$$
603976 正川股份 涨幅9.91,市值13亿 
板块：新股与次新股
主买：8871万
主卖：-2231万
净买入：6641万
类型：
符合条件1，单位时间新增买入 2815万
$$$$$$$$$$$$$$$$$$$$$$$$$$$$$$$$$$$$$$$$$$$$$$$$$$$$$$$$$$$
601899 紫金矿业 涨幅3.22,市值487亿 
板块：小金属、黄金、稀缺资源、融资融券、沪港通概念、转融券标的、MSCI概念
主买：8855万
主卖：-2437万
净买入：6419万
类型：
符合条件1，单位时间新增买入 1780万
$$$$$$$$$$$$$$$$$$$$$$$$$$$$$$$$$$$$$$$$$$$$$$$$$$$$$$$$$$$
600808 马钢股份 涨幅1.47,市值179亿 
板块：融资融券、高铁、沪港通概念、转融券标的、MSCI概念
主买：6633万
主卖：-1615万
净买入：5018万
类型：
符合条件1，单位时间新增买入 1107万
$$$$$$$$$$$$$$$$$$$$$$$$$$$$$$$$$$$$$$$$$$$$$$$$$$$$$$$$$$$
603557 起步股份 涨幅6.72,市值14亿 
板块：新股与次新股
主买：7600万
主卖：-2600万
净买入：4999万
类型：
符合条件1，单位时间新增买入 2490万
$$$$$$$$$$$$$$$$$$$$$$$$$$$$$$$$$$$$$$$$$$$$$$$$$$$$$$$$$$$
300458 全志科技 涨幅10,市值44亿 
板块：芯片替代、车联网、汽车电子、深港通、虚拟现实、物联网
主买：5468万
主卖：-810万
净买入：4658万
类型：
符合条件1，单位时间新增买入 3023万
$$$$$$$$$$$$$$$$$$$$$$$$$$$$$$$$$$$$$$$$$$$$$$$$$$$$$$$$$$$
600362 江西铜业 涨幅2.47,市值278亿 
板块：黄金、稀缺资源、融资融券、沪港通概念、转融券标的、稀土永磁、MSCI概念、参股券商
主买：7751万
主卖：-3137万
净买入：4614万
类型：基金
符合条件1，单位时间新增买入 2152万
$$$$$$$$$$$$$$$$$$$$$$$$$$$$$$$$$$$$$$$$$$$$$$$$$$$$$$$$$$$
000751 锌业股份 涨幅6.76,市值73亿 
板块：小金属、深港通、央企国资改革、参股保险、振兴东北
主买：6013万
主卖：-1685万
净买入：4327万
类型：游资
符合条件1，单位时间新增买入 4327万
$$$$$$$$$$$$$$$$$$$$$$$$$$$$$$$$$$$$$$$$$$$$$$$$$$$$$$$$$$$
000839 中信国安 涨幅3.03,市值280亿 
板块：小金属、锂电池、量子通信、网络游戏、融资融券、深港通、足球概念、新能源汽车、央企国资改革、虚拟现实、转融券标的、MSCI概念、特斯拉
主买：9401万
主卖：-5093万
净买入：4308万
类型：基金
符合条件1，单位时间新增买入 3377万
$$$$$$$$$$$$$$$$$$$$$$$$$$$$$$$$$$$$$$$$$$$$$$$$$$$$$$$$$$$
603019 中科曙光 涨幅6.16,市值117亿 
板块：人工智能、云计算、沪港通概念、雄安新区
主买：5534万
主卖：-1231万
净买入：4302万
类型：游资
符合条件1，单位时间新增买入 1507万
$$$$$$$$$$$$$$$$$$$$$$$$$$$$$$$$$$$$$$$$$$$$$$$$$$$$$$$$$$$
000060 中金岭南 涨幅3.2,市值211亿 
板块：小金属、稀缺资源、融资融券、深港通、转融券标的、电子商务、MSCI概念
主买：4863万
主卖：-1035万
净买入：3828万
类型：游资
符合条件1，单位时间新增买入 1948万
$$$$$$$$$$$$$$$$$$$$$$$$$$$$$$$$$$$$$$$$$$$$$$$$$$$$$$$$$$$
000702 正虹科技 涨幅1.5,市值20亿 
板块：参股券商
主买：4388万
主卖：-1112万
净买入：3275万
类型：
符合条件1，单位时间新增买入 2184万
$$$$$$$$$$$$$$$$$$$$$$$$$$$$$$$$$$$$$$$$$$$$$$$$$$$$$$$$$$$
600497 驰宏锌锗 涨幅5.49,市值200亿 
板块：小金属、稀缺资源、新材料概念、融资融券、沪港通概念、转融券标的
主买：6256万
主卖：-3305万
净买入：2952万
类型：游资
符合条件1，单位时间新增买入 1896万
$$$$$$$$$$$$$$$$$$$$$$$$$$$$$$$$$$$$$$$$$$$$$$$$$$$$$$$$$$$
603188 亚邦股份 涨幅2.3,市值74亿 
板块：融资融券、沪港通概念、转融券标的、分散染料
主买：2788万
主卖：-135万
净买入：2653万
类型：
符合条件1，单位时间新增买入 1558万
$$$$$$$$$$$$$$$$$$$$$$$$$$$$$$$$$$$$$$$$$$$$$$$$$$$$$$$$$$$
300691 联合光电 涨幅0.75,市值17亿 
板块：无人机、安防、智慧城市、智能家居、新股与次新股
主买：2498万
主卖：0万
净买入：2498万
类型：
符合条件1，单位时间新增买入 1435万
$$$$$$$$$$$$$$$$$$$$$$$$$$$$$$$$$$$$$$$$$$$$$$$$$$$$$$$$$$$
002157 正邦科技 涨幅3.07,市值79亿 
板块：阿里巴巴概念、深港通、猪肉、土地流转
主买：2889万
主卖：-519万
净买入：2370万
类型：游资
符合条件1，单位时间新增买入 1541万
$$$$$$$$$$$$$$$$$$$$$$$$$$$$$$$$$$$$$$$$$$$$$$$$$$$$$$$$$$$
002466 天齐锂业 涨幅1.67,市值417亿 
板块：锂电池、深港通、MSCI概念、特斯拉、白马股
主买：2793万
主卖：-859万
净买入：1934万
类型：游资
符合条件1，单位时间新增买入 1934万
$$$$$$$$$$$$$$$$$$$$$$$$$$$$$$$$$$$$$$$$$$$$$$$$$$$$$$$$$$$
000878 云南铜业 涨幅2.66,市值123亿 
板块：稀缺资源、融资融券、深港通、央企国资改革、转融券标的、期货概念
主买：2153万
主卖：-469万
净买入：1684万
类型：游资
符合条件1，单位时间新增买入 1074万
$$$$$$$$$$$$$$$$$$$$$$$$$$$$$$$$$$$$$$$$$$$$$$$$$$$$$$$$$$$
601001 大同煤业 涨幅-0.38,市值55亿 
板块：融资融券、沪港通概念、转融券标的
主买：2066万
主卖：-633万
净买入：1433万
类型：
符合条件1，单位时间新增买入 1433万
$$$$$$$$$$$$$$$$$$$$$$$$$$$$$$$$$$$$$$$$$$$$$$$$$$$$$$$$$$$
601011 宝泰隆 涨幅7.31,市值88亿 
板块：煤化工、锂电池、石墨烯、互联网+
主买：2211万
主卖：-780万
净买入：1431万
类型：游资
符合条件1，单位时间新增买入 1431万
$$$$$$$$$$$$$$$$$$$$$$$$$$$$$$$$$$$$$$$$$$$$$$$$$$$$$$$$$$$
000630 铜陵有色 涨幅1.25,市值187亿 
板块：稀缺资源、新材料概念、融资融券、深港通、转融券标的、MSCI概念
主买：2213万
主卖：-878万
净买入：1335万
类型：
符合条件1，单位时间新增买入 1060万
$$$$$$$$$$$$$$$$$$$$$$$$$$$$$$$$$$$$$$$$$$$$$$$$$$$$$$$$$$$
600807 天业股份 涨幅2.88,市值65亿 
板块：黄金、互联网金融、融资融券、沪港通概念、转融券标的
主买：1323万
主卖：-71万
净买入：1252万
类型：
符合条件1，单位时间新增买入 1252万
$$$$$$$$$$$$$$$$$$$$$$$$$$$$$$$$$$$$$$$$$$$$$$$$$$$$$$$$$$$
000050 深天马Ａ 涨幅2.11,市值197亿 
板块：智能穿戴、融资融券、深港通、央企国资改革、虚拟现实、转融券标的、OLED、移动互联网、苹果概念
主买：1652万
主卖：-525万
净买入：1127万
类型：基金
符合条件1，单位时间新增买入 1127万
$$$$$$$$$$$$$$$$$$$$$$$$$$$$$$$$$$$$$$$$$$$$$$$$$$$$$$$$$$$
600718 东软集团 涨幅1.55,市值155亿 
板块：国产软件、云计算、汽车电子、电子信息、高校、阿里巴巴概念、智慧城市、融资融券、举牌、互联网+、沪港通概念、转融券标的、参股保险、网络安全、移动互联网、振兴东北、马云概念、能源互联网、医疗器械
主买：1483万
主卖：-403万
净买入：1080万
类型：
符合条件1，单位时间新增买入 1080万
$$$$$$$$$$$$$$$$$$$$$$$$$$$$$$$$$$$$$$$$$$$$$$$$$$$$$$$$$$$
300148 天舟文化 涨幅1.91,市值61亿 
板块：网络游戏、二胎概念、深港通、在线教育、手机游戏、文化传媒
主买：1077万
主卖：0万
净买入：1077万
类型：
符合条件1，单位时间新增买入 1077万
--------------------------------------------------------------------------------------------
时间：2017-09-04 0945
$$$$$$$$$$$$$$$$$$$$$$$$$$$$$$$$$$$$$$$$$$$$$$$$$$$$$$$$$$$
601326 秦港股份 涨幅10.01,市值65亿 
板块：沪港通概念、新股与次新股
主买：88225万
主卖：-14322万
净买入：73903万
类型：
符合条件1，单位时间新增买入 7809万
符合条件2，净额突破，共买入 73903万
$$$$$$$$$$$$$$$$$$$$$$$$$$$$$$$$$$$$$$$$$$$$$$$$$$$$$$$$$$$
300688 创业黑马 涨幅10.01,市值13亿 
板块：新股与次新股
主买：33305万
主卖：-7119万
净买入：26187万
类型：
符合条件1，单位时间新增买入 1084万
符合条件2，净额突破，共买入 26187万
$$$$$$$$$$$$$$$$$$$$$$$$$$$$$$$$$$$$$$$$$$$$$$$$$$$$$$$$$$$
601949 中国出版 涨幅9.97,市值45亿 
板块：新股与次新股
主买：15044万
主卖：-2795万
净买入：12248万
类型：
符合条件2，净额突破，共买入 12248万
$$$$$$$$$$$$$$$$$$$$$$$$$$$$$$$$$$$$$$$$$$$$$$$$$$$$$$$$$$$
000825 太钢不锈 涨幅3.54,市值122亿 
板块：特钢、核电、深港通、转融券标的、融资融券、电子商务、互联网+、MSCI概念
主买：18436万
主卖：-8430万
净买入：10006万
类型：基金
符合条件2，净额突破，共买入 10006万
$$$$$$$$$$$$$$$$$$$$$$$$$$$$$$$$$$$$$$$$$$$$$$$$$$$$$$$$$$$
603976 正川股份 涨幅5.86,市值13亿 
板块：新股与次新股
主买：11991万
主卖：-2231万
净买入：9761万
类型：
符合条件1，单位时间新增买入 3120万
$$$$$$$$$$$$$$$$$$$$$$$$$$$$$$$$$$$$$$$$$$$$$$$$$$$$$$$$$$$
000751 锌业股份 涨幅8.18,市值74亿 
板块：小金属、深港通、央企国资改革、振兴东北、参股保险
主买：12957万
主卖：-3293万
净买入：9664万
类型：游资
符合条件1，单位时间新增买入 5337万
$$$$$$$$$$$$$$$$$$$$$$$$$$$$$$$$$$$$$$$$$$$$$$$$$$$$$$$$$$$
600362 江西铜业 涨幅3.58,市值282亿 
板块：稀缺资源、黄金、稀土永磁、沪港通概念、转融券标的、参股券商、融资融券、MSCI概念
主买：14549万
主卖：-4892万
净买入：9657万
类型：基金
符合条件1，单位时间新增买入 5043万
$$$$$$$$$$$$$$$$$$$$$$$$$$$$$$$$$$$$$$$$$$$$$$$$$$$$$$$$$$$
601899 紫金矿业 涨幅4.21,市值489亿 
板块：小金属、稀缺资源、黄金、沪港通概念、转融券标的、融资融券、MSCI概念
主买：12070万
主卖：-3733万
净买入：8337万
类型：
符合条件1，单位时间新增买入 1919万
$$$$$$$$$$$$$$$$$$$$$$$$$$$$$$$$$$$$$$$$$$$$$$$$$$$$$$$$$$$
000839 中信国安 涨幅4.04,市值282亿 
板块：小金属、锂电池、量子通信、网络游戏、新能源汽车、深港通、央企国资改革、转融券标的、虚拟现实、足球概念、融资融券、特斯拉、MSCI概念
主买：13838万
主卖：-6073万
净买入：7765万
类型：基金
符合条件1，单位时间新增买入 3457万
$$$$$$$$$$$$$$$$$$$$$$$$$$$$$$$$$$$$$$$$$$$$$$$$$$$$$$$$$$$
603019 中科曙光 涨幅6.7,市值118亿 
板块：人工智能、云计算、沪港通概念、雄安新区
主买：8674万
主卖：-1656万
净买入：7018万
类型：游资
符合条件1，单位时间新增买入 2716万
$$$$$$$$$$$$$$$$$$$$$$$$$$$$$$$$$$$$$$$$$$$$$$$$$$$$$$$$$$$
603557 起步股份 涨幅6.24,市值14亿 
板块：新股与次新股
主买：9324万
主卖：-2600万
净买入：6724万
类型：
符合条件1，单位时间新增买入 1725万
$$$$$$$$$$$$$$$$$$$$$$$$$$$$$$$$$$$$$$$$$$$$$$$$$$$$$$$$$$$
000060 中金岭南 涨幅2.82,市值210亿 
板块：小金属、稀缺资源、深港通、转融券标的、融资融券、电子商务、MSCI概念
主买：6618万
主卖：-1564万
净买入：5054万
类型：游资
符合条件1，单位时间新增买入 1226万
$$$$$$$$$$$$$$$$$$$$$$$$$$$$$$$$$$$$$$$$$$$$$$$$$$$$$$$$$$$
000878 云南铜业 涨幅4.03,市值124亿 
板块：稀缺资源、深港通、央企国资改革、转融券标的、期货概念、融资融券
主买：5249万
主卖：-702万
净买入：4547万
类型：游资
符合条件1，单位时间新增买入 2863万
$$$$$$$$$$$$$$$$$$$$$$$$$$$$$$$$$$$$$$$$$$$$$$$$$$$$$$$$$$$
300663 科蓝软件 涨幅10,市值10亿 
板块：国产软件、移动支付、互联网金融、新股与次新股
主买：4651万
主卖：-391万
净买入：4260万
类型：游资
符合条件1，单位时间新增买入 3198万
$$$$$$$$$$$$$$$$$$$$$$$$$$$$$$$$$$$$$$$$$$$$$$$$$$$$$$$$$$$
002428 云南锗业 涨幅7.46,市值59亿 
板块：小金属、军工、深港通、转融券标的、融资融券
主买：10744万
主卖：-6697万
净买入：4048万
类型：
符合条件1，单位时间新增买入 2519万
$$$$$$$$$$$$$$$$$$$$$$$$$$$$$$$$$$$$$$$$$$$$$$$$$$$$$$$$$$$
002466 天齐锂业 涨幅1.42,市值418亿 
板块：锂电池、深港通、白马股、特斯拉、MSCI概念
主买：5229万
主卖：-1598万
净买入：3631万
类型：游资
符合条件1，单位时间新增买入 1697万
$$$$$$$$$$$$$$$$$$$$$$$$$$$$$$$$$$$$$$$$$$$$$$$$$$$$$$$$$$$
600718 东软集团 涨幅2.29,市值157亿 
板块：国产软件、汽车电子、云计算、高校、智慧城市、阿里巴巴概念、电子信息、举牌、沪港通概念、转融券标的、振兴东北、能源互联网、融资融券、医疗器械、马云概念、互联网+、参股保险、网络安全、移动互联网
主买：3984万
主卖：-750万
净买入：3234万
类型：
符合条件1，单位时间新增买入 2154万
$$$$$$$$$$$$$$$$$$$$$$$$$$$$$$$$$$$$$$$$$$$$$$$$$$$$$$$$$$$
601011 宝泰隆 涨幅5.58,市值88亿 
板块：锂电池、石墨烯、煤化工、互联网+
主买：4512万
主卖：-1328万
净买入：3184万
类型：游资
符合条件1，单位时间新增买入 1753万
$$$$$$$$$$$$$$$$$$$$$$$$$$$$$$$$$$$$$$$$$$$$$$$$$$$$$$$$$$$
600567 山鹰纸业 涨幅3.35,市值158亿 
板块：沪港通概念、金改
主买：4002万
主卖：-1020万
净买入：2982万
类型：游资
符合条件1，单位时间新增买入 1546万
$$$$$$$$$$$$$$$$$$$$$$$$$$$$$$$$$$$$$$$$$$$$$$$$$$$$$$$$$$$
002340 格林美 涨幅1.88,市值200亿 
板块：小金属、锂电池、石墨烯、固废处理、新能源汽车、深港通、转融券标的、节能环保、融资融券、光伏概念、特斯拉、电子商务、污水处理、互联网+
主买：3431万
主卖：-449万
净买入：2982万
类型：游资
符合条件1，单位时间新增买入 2736万
$$$$$$$$$$$$$$$$$$$$$$$$$$$$$$$$$$$$$$$$$$$$$$$$$$$$$$$$$$$
000050 深天马Ａ 涨幅1.73,市值198亿 
板块：智能穿戴、深港通、央企国资改革、转融券标的、虚拟现实、融资融券、苹果概念、OLED、移动互联网
主买：3308万
主卖：-753万
净买入：2555万
类型：基金
符合条件1，单位时间新增买入 1428万
$$$$$$$$$$$$$$$$$$$$$$$$$$$$$$$$$$$$$$$$$$$$$$$$$$$$$$$$$$$
002892 科力尔 涨幅9.27,市值11亿 
板块：新股与次新股
主买：4501万
主卖：-1997万
净买入：2504万
类型：
符合条件1，单位时间新增买入 2504万
$$$$$$$$$$$$$$$$$$$$$$$$$$$$$$$$$$$$$$$$$$$$$$$$$$$$$$$$$$$
002236 大华股份 涨幅1.76,市值378亿 
板块：人脸识别、安防、智慧城市、阿里巴巴概念、深港通、电子信息、转融券标的、虚拟现实、智能家居、PPP概念、、融资融券、MSCI概念
主买：2344万
主卖：-244万
净买入：2100万
类型：
符合条件1，单位时间新增买入 1036万
$$$$$$$$$$$$$$$$$$$$$$$$$$$$$$$$$$$$$$$$$$$$$$$$$$$$$$$$$$$
000338 潍柴动力 涨幅1.24,市值317亿 
板块：高端装备、深港通、证金持股、转融券标的、节能环保、融资融券、MSCI概念
主买：1976万
主卖：-217万
净买入：1759万
类型：
符合条件1，单位时间新增买入 1057万
$$$$$$$$$$$$$$$$$$$$$$$$$$$$$$$$$$$$$$$$$$$$$$$$$$$$$$$$$$$
000960 锡业股份 涨幅2.7,市值117亿 
板块：小金属、稀缺资源、深港通、央企国资改革、转融券标的、债转股、融资融券
主买：2467万
主卖：-751万
净买入：1717万
类型：
符合条件1，单位时间新增买入 1717万
$$$$$$$$$$$$$$$$$$$$$$$$$$$$$$$$$$$$$$$$$$$$$$$$$$$$$$$$$$$
002386 天原集团 涨幅5.53,市值53亿 
板块：钛白粉、锂电池、石墨烯
主买：1939万
主卖：-399万
净买入：1540万
类型：游资
符合条件1，单位时间新增买入 1540万
$$$$$$$$$$$$$$$$$$$$$$$$$$$$$$$$$$$$$$$$$$$$$$$$$$$$$$$$$$$
300002 神州泰岳 涨幅2.67,市值91亿 
板块：大数据、深港通、电子信息、在线教育、转融券标的、足球概念、4G5G、融资融券、电子商务、物联网、手机游戏
主买：1593万
主卖：-160万
净买入：1433万
类型：
符合条件1，单位时间新增买入 1433万
$$$$$$$$$$$$$$$$$$$$$$$$$$$$$$$$$$$$$$$$$$$$$$$$$$$$$$$$$$$
002222 福晶科技 涨幅1.99,市值54亿 
板块：量子通信、深港通、证金持股
主买：1337万
主卖：0万
净买入：1337万
类型：
符合条件1，单位时间新增买入 1337万
$$$$$$$$$$$$$$$$$$$$$$$$$$$$$$$$$$$$$$$$$$$$$$$$$$$$$$$$$$$
600614 鹏起科技 涨幅4,市值110亿 
板块：稀土永磁、卫星导航、军工、沪港通概念、转融券标的、金改、融资融券、股权转让
主买：1499万
主卖：-166万
净买入：1333万
类型：
符合条件1，单位时间新增买入 1333万
--------------------------------------------------------------------------------------------
时间：2017-09-04 0950
$$$$$$$$$$$$$$$$$$$$$$$$$$$$$$$$$$$$$$$$$$$$$$$$$$$$$$$$$$$
601326 秦港股份 涨幅10.01,市值65亿 
板块：沪港通概念、新股与次新股
主买：89300万
主卖：-14322万
净买入：74978万
类型：
符合条件1，单位时间新增买入 1075万
符合条件2，净额突破，共买入 74978万
$$$$$$$$$$$$$$$$$$$$$$$$$$$$$$$$$$$$$$$$$$$$$$$$$$$$$$$$$$$
300688 创业黑马 涨幅10.01,市值13亿 
板块：新股与次新股
主买：33635万
主卖：-7119万
净买入：26517万
类型：
符合条件2，净额突破，共买入 26517万
$$$$$$$$$$$$$$$$$$$$$$$$$$$$$$$$$$$$$$$$$$$$$$$$$$$$$$$$$$$
600362 江西铜业 涨幅4.18,市值283亿 
板块：稀缺资源、黄金、稀土永磁、沪港通概念、转融券标的、MSCI概念、融资融券、参股券商
主买：22104万
主卖：-8280万
净买入：13823万
类型：基金
符合条件1，单位时间新增买入 4166万
符合条件2，净额突破，共买入 13823万
$$$$$$$$$$$$$$$$$$$$$$$$$$$$$$$$$$$$$$$$$$$$$$$$$$$$$$$$$$$
000751 锌业股份 涨幅10.06,市值75亿 
板块：小金属、央企国资改革、深港通、参股保险、振兴东北
主买：16874万
主卖：-4069万
净买入：12805万
类型：游资
符合条件1，单位时间新增买入 3141万
符合条件2，净额突破，共买入 12805万
$$$$$$$$$$$$$$$$$$$$$$$$$$$$$$$$$$$$$$$$$$$$$$$$$$$$$$$$$$$
601949 中国出版 涨幅9.97,市值45亿 
板块：新股与次新股
主买：15081万
主卖：-2795万
净买入：12286万
类型：
符合条件2，净额突破，共买入 12286万
$$$$$$$$$$$$$$$$$$$$$$$$$$$$$$$$$$$$$$$$$$$$$$$$$$$$$$$$$$$
000825 太钢不锈 涨幅4.42,市值123亿 
板块：特钢、核电、转融券标的、MSCI概念、互联网+、电子商务、深港通、融资融券
主买：20810万
主卖：-8874万
净买入：11937万
类型：基金
符合条件1，单位时间新增买入 1931万
符合条件2，净额突破，共买入 11937万
$$$$$$$$$$$$$$$$$$$$$$$$$$$$$$$$$$$$$$$$$$$$$$$$$$$$$$$$$$$
603976 正川股份 涨幅7.67,市值13亿 
板块：新股与次新股
主买：12406万
主卖：-2231万
净买入：10175万
类型：
符合条件2，净额突破，共买入 10175万
$$$$$$$$$$$$$$$$$$$$$$$$$$$$$$$$$$$$$$$$$$$$$$$$$$$$$$$$$$$
601899 紫金矿业 涨幅3.71,市值488亿 
板块：小金属、稀缺资源、黄金、沪港通概念、转融券标的、MSCI概念、融资融券
主买：14694万
主卖：-4669万
净买入：10025万
类型：
符合条件1，单位时间新增买入 1688万
符合条件2，净额突破，共买入 10025万
$$$$$$$$$$$$$$$$$$$$$$$$$$$$$$$$$$$$$$$$$$$$$$$$$$$$$$$$$$$
002340 格林美 涨幅2.42,市值201亿 
板块：小金属、锂电池、石墨烯、固废处理、新能源汽车、转融券标的、节能环保、互联网+、电子商务、深港通、融资融券、光伏概念、污水处理、特斯拉
主买：7534万
主卖：-1313万
净买入：6221万
类型：游资
符合条件1，单位时间新增买入 3239万
$$$$$$$$$$$$$$$$$$$$$$$$$$$$$$$$$$$$$$$$$$$$$$$$$$$$$$$$$$$
601600 中国铝业 涨幅2.1,市值608亿 
板块：稀土永磁、央企国资改革、沪港通概念、转融券标的、证金持股、MSCI概念、中字头股票、融资融券
主买：11175万
主卖：-5316万
净买入：5859万
类型：基金
符合条件1，单位时间新增买入 2991万
$$$$$$$$$$$$$$$$$$$$$$$$$$$$$$$$$$$$$$$$$$$$$$$$$$$$$$$$$$$
002892 科力尔 涨幅8,市值11亿 
板块：新股与次新股
主买：5651万
主卖：-1997万
净买入：3655万
类型：
符合条件1，单位时间新增买入 1151万
$$$$$$$$$$$$$$$$$$$$$$$$$$$$$$$$$$$$$$$$$$$$$$$$$$$$$$$$$$$
002236 大华股份 涨幅2.84,市值382亿 
板块：人脸识别、安防、智慧城市、阿里巴巴概念、转融券标的、电子信息、虚拟现实、MSCI概念、智能家居、深港通、、融资融券、PPP概念
主买：3837万
主卖：-244万
净买入：3593万
类型：
符合条件1，单位时间新增买入 1493万
$$$$$$$$$$$$$$$$$$$$$$$$$$$$$$$$$$$$$$$$$$$$$$$$$$$$$$$$$$$
002386 天原集团 涨幅5.7,市值54亿 
板块：钛白粉、锂电池、石墨烯
主买：3998万
主卖：-525万
净买入：3472万
类型：游资
符合条件1，单位时间新增买入 1933万
$$$$$$$$$$$$$$$$$$$$$$$$$$$$$$$$$$$$$$$$$$$$$$$$$$$$$$$$$$$
000338 潍柴动力 涨幅2.34,市值320亿 
板块：高端装备、转融券标的、证金持股、节能环保、MSCI概念、深港通、融资融券
主买：3175万
主卖：-320万
净买入：2855万
类型：
符合条件1，单位时间新增买入 1096万
$$$$$$$$$$$$$$$$$$$$$$$$$$$$$$$$$$$$$$$$$$$$$$$$$$$$$$$$$$$
600879 航天电子 涨幅2.05,市值151亿 
板块：大飞机、无人机、卫星导航、军民融合、军工、量子通信、央企国资改革、沪港通概念、转融券标的、融资融券
主买：3477万
主卖：-632万
净买入：2844万
类型：游资
符合条件1，单位时间新增买入 2623万
$$$$$$$$$$$$$$$$$$$$$$$$$$$$$$$$$$$$$$$$$$$$$$$$$$$$$$$$$$$
600569 安阳钢铁 涨幅9.98,市值55亿 
板块：
主买：34312万
主卖：-31929万
净买入：2383万
类型：游资
符合条件1，单位时间新增买入 1158万
$$$$$$$$$$$$$$$$$$$$$$$$$$$$$$$$$$$$$$$$$$$$$$$$$$$$$$$$$$$
002573 清新环境 涨幅3.64,市值122亿 
板块：脱硫脱硝、转融券标的、节能环保、PM2.5、美丽中国、深港通、融资融券、天然气、京津冀一体化、雄安新区
主买：2603万
主卖：-673万
净买入：1930万
类型：游资
符合条件1，单位时间新增买入 1930万
$$$$$$$$$$$$$$$$$$$$$$$$$$$$$$$$$$$$$$$$$$$$$$$$$$$$$$$$$$$
000807 云铝股份 涨幅2.43,市值135亿 
板块：稀缺资源、转融券标的、深港通、融资融券、电力改革
主买：5385万
主卖：-3510万
净买入：1875万
类型：游资
符合条件1，单位时间新增买入 1875万
$$$$$$$$$$$$$$$$$$$$$$$$$$$$$$$$$$$$$$$$$$$$$$$$$$$$$$$$$$$
000725 京东方Ａ 涨幅0.52,市值938亿 
板块：集成电路、智能穿戴、智能医疗、转融券标的、MSCI概念、互联网+、物联网、深港通、融资融券、OLED、移动互联网、医疗器械、健康中国
主买：7721万
主卖：-5859万
净买入：1862万
类型：
符合条件1，单位时间新增买入 1862万
$$$$$$$$$$$$$$$$$$$$$$$$$$$$$$$$$$$$$$$$$$$$$$$$$$$$$$$$$$$
601388 怡球资源 涨幅2.69,市值65亿 
板块：固废处理、转融券标的、节能环保、融资融券
主买：2659万
主卖：-1028万
净买入：1631万
类型：游资
符合条件1，单位时间新增买入 1631万
$$$$$$$$$$$$$$$$$$$$$$$$$$$$$$$$$$$$$$$$$$$$$$$$$$$$$$$$$$$
002155 湖南黄金 涨幅2.32,市值72亿 
板块：小金属、黄金、节能环保、深港通
主买：1511万
主卖：-110万
净买入：1402万
类型：
符合条件1，单位时间新增买入 1402万
--------------------------------------------------------------------------------------------
时间：2017-09-04 0955
$$$$$$$$$$$$$$$$$$$$$$$$$$$$$$$$$$$$$$$$$$$$$$$$$$$$$$$$$$$
601326 秦港股份 涨幅10.01,市值65亿 
板块：沪港通概念、新股与次新股
主买：90559万
主卖：-14322万
净买入：76236万
类型：
符合条件1，单位时间新增买入 1259万
符合条件2，净额突破，共买入 76236万
$$$$$$$$$$$$$$$$$$$$$$$$$$$$$$$$$$$$$$$$$$$$$$$$$$$$$$$$$$$
000751 锌业股份 涨幅10.06,市值75亿 
板块：小金属、深港通、央企国资改革、参股保险、振兴东北
主买：37140万
主卖：-7298万
净买入：29841万
类型：游资
符合条件1，单位时间新增买入 17036万
符合条件2，净额突破，共买入 29841万
$$$$$$$$$$$$$$$$$$$$$$$$$$$$$$$$$$$$$$$$$$$$$$$$$$$$$$$$$$$
300688 创业黑马 涨幅10.01,市值13亿 
板块：新股与次新股
主买：33905万
主卖：-7119万
净买入：26786万
类型：
符合条件2，净额突破，共买入 26786万
$$$$$$$$$$$$$$$$$$$$$$$$$$$$$$$$$$$$$$$$$$$$$$$$$$$$$$$$$$$
600362 江西铜业 涨幅5.85,市值287亿 
板块：稀缺资源、黄金、稀土永磁、转融券标的、沪港通概念、MSCI概念、融资融券、参股券商
主买：30415万
主卖：-11696万
净买入：18720万
类型：基金
符合条件1，单位时间新增买入 4896万
符合条件2，净额突破，共买入 18720万
$$$$$$$$$$$$$$$$$$$$$$$$$$$$$$$$$$$$$$$$$$$$$$$$$$$$$$$$$$$
000825 太钢不锈 涨幅4.96,市值124亿 
板块：特钢、核电、深港通、转融券标的、MSCI概念、电子商务、互联网+、融资融券
主买：22918万
主卖：-9259万
净买入：13658万
类型：基金
符合条件1，单位时间新增买入 1722万
符合条件2，净额突破，共买入 13658万
$$$$$$$$$$$$$$$$$$$$$$$$$$$$$$$$$$$$$$$$$$$$$$$$$$$$$$$$$$$
601949 中国出版 涨幅9.97,市值45亿 
板块：新股与次新股
主买：15231万
主卖：-2795万
净买入：12436万
类型：
符合条件2，净额突破，共买入 12436万
$$$$$$$$$$$$$$$$$$$$$$$$$$$$$$$$$$$$$$$$$$$$$$$$$$$$$$$$$$$
601899 紫金矿业 涨幅3.47,市值489亿 
板块：小金属、稀缺资源、黄金、转融券标的、沪港通概念、MSCI概念、融资融券
主买：16475万
主卖：-5449万
净买入：11026万
类型：
符合条件1，单位时间新增买入 1001万
符合条件2，净额突破，共买入 11026万
$$$$$$$$$$$$$$$$$$$$$$$$$$$$$$$$$$$$$$$$$$$$$$$$$$$$$$$$$$$
603976 正川股份 涨幅7.62,市值13亿 
板块：新股与次新股
主买：13041万
主卖：-2231万
净买入：10810万
类型：
符合条件2，净额突破，共买入 10810万
$$$$$$$$$$$$$$$$$$$$$$$$$$$$$$$$$$$$$$$$$$$$$$$$$$$$$$$$$$$
002386 天原集团 涨幅9.97,市值56亿 
板块：钛白粉、锂电池、石墨烯
主买：9287万
主卖：-1393万
净买入：7894万
类型：游资
符合条件1，单位时间新增买入 4422万
$$$$$$$$$$$$$$$$$$$$$$$$$$$$$$$$$$$$$$$$$$$$$$$$$$$$$$$$$$$
601600 中国铝业 涨幅2.22,市值609亿 
板块：稀土永磁、转融券标的、央企国资改革、沪港通概念、证金持股、MSCI概念、中字头股票、融资融券
主买：14365万
主卖：-6589万
净买入：7777万
类型：基金
符合条件1，单位时间新增买入 1917万
$$$$$$$$$$$$$$$$$$$$$$$$$$$$$$$$$$$$$$$$$$$$$$$$$$$$$$$$$$$
600718 东软集团 涨幅3.33,市值158亿 
板块：国产软件、汽车电子、高校、云计算、智慧城市、电子信息、阿里巴巴概念、举牌、转融券标的、沪港通概念、互联网+、移动互联网、参股保险、网络安全、融资融券、振兴东北、医疗器械、能源互联网、马云概念
主买：6235万
主卖：-893万
净买入：5343万
类型：
符合条件1，单位时间新增买入 1396万
$$$$$$$$$$$$$$$$$$$$$$$$$$$$$$$$$$$$$$$$$$$$$$$$$$$$$$$$$$$
601011 宝泰隆 涨幅5.29,市值87亿 
板块：锂电池、石墨烯、煤化工、互联网+
主买：7148万
主卖：-1903万
净买入：5245万
类型：游资
符合条件1，单位时间新增买入 1223万
$$$$$$$$$$$$$$$$$$$$$$$$$$$$$$$$$$$$$$$$$$$$$$$$$$$$$$$$$$$
000725 京东方Ａ 涨幅1.04,市值943亿 
板块：集成电路、智能穿戴、智能医疗、深港通、转融券标的、MSCI概念、OLED、互联网+、物联网、移动互联网、融资融券、医疗器械、健康中国
主买：14258万
主卖：-9090万
净买入：5168万
类型：
符合条件1，单位时间新增买入 3306万
$$$$$$$$$$$$$$$$$$$$$$$$$$$$$$$$$$$$$$$$$$$$$$$$$$$$$$$$$$$
002236 大华股份 涨幅3.08,市值383亿 
板块：人脸识别、安防、智慧城市、深港通、电子信息、阿里巴巴概念、转融券标的、虚拟现实、MSCI概念、智能家居、、融资融券、PPP概念
主买：4980万
主卖：-350万
净买入：4630万
类型：
符合条件1，单位时间新增买入 1038万
$$$$$$$$$$$$$$$$$$$$$$$$$$$$$$$$$$$$$$$$$$$$$$$$$$$$$$$$$$$
000761 本钢板材 涨幅9.94,市值44亿 
板块：深港通、转融券标的、融资融券
主买：13440万
主卖：-9190万
净买入：4250万
类型：
符合条件1，单位时间新增买入 3735万
$$$$$$$$$$$$$$$$$$$$$$$$$$$$$$$$$$$$$$$$$$$$$$$$$$$$$$$$$$$
002573 清新环境 涨幅3.39,市值122亿 
板块：PM2.5、深港通、脱硫脱硝、节能环保、转融券标的、美丽中国、融资融券、天然气、京津冀一体化、雄安新区
主买：4775万
主卖：-1686万
净买入：3089万
类型：游资
符合条件1，单位时间新增买入 1159万
$$$$$$$$$$$$$$$$$$$$$$$$$$$$$$$$$$$$$$$$$$$$$$$$$$$$$$$$$$$
300033 同花顺 涨幅3.29,市值109亿 
板块：人工智能、互联网金融、深港通、电子信息、大数据、机器人概念、电子商务、互联网+、移动互联网、融资融券
主买：3504万
主卖：-669万
净买入：2836万
类型：游资
符合条件1，单位时间新增买入 2836万
$$$$$$$$$$$$$$$$$$$$$$$$$$$$$$$$$$$$$$$$$$$$$$$$$$$$$$$$$$$
000630 铜陵有色 涨幅3.12,市值190亿 
板块：稀缺资源、新材料概念、深港通、转融券标的、MSCI概念、融资融券
主买：5403万
主卖：-2613万
净买入：2791万
类型：
符合条件1，单位时间新增买入 1456万
$$$$$$$$$$$$$$$$$$$$$$$$$$$$$$$$$$$$$$$$$$$$$$$$$$$$$$$$$$$
601666 平煤股份 涨幅2.65,市值84亿 
板块：转融券标的、沪港通概念、光伏概念、融资融券
主买：6227万
主卖：-4121万
净买入：2106万
类型：基金
符合条件1，单位时间新增买入 1752万
$$$$$$$$$$$$$$$$$$$$$$$$$$$$$$$$$$$$$$$$$$$$$$$$$$$$$$$$$$$
300667 必创科技 涨幅8,市值8亿 
板块：芯片替代、汽车电子、工业4.0、新股与次新股
主买：2721万
主卖：-672万
净买入：2049万
类型：游资
符合条件1，单位时间新增买入 2049万
$$$$$$$$$$$$$$$$$$$$$$$$$$$$$$$$$$$$$$$$$$$$$$$$$$$$$$$$$$$
000712 锦龙股份 涨幅4.31,市值90亿 
板块：深港通、转融券标的、参股保险、期货概念、融资融券、参股券商
主买：2126万
主卖：-140万
净买入：1985万
类型：
符合条件1，单位时间新增买入 1985万
$$$$$$$$$$$$$$$$$$$$$$$$$$$$$$$$$$$$$$$$$$$$$$$$$$$$$$$$$$$
002049 紫光国芯 涨幅4.84,市值104亿 
板块：芯片替代、集成电路、军工、移动支付、深港通、节能照明、转融券标的、央企国资改革、蓝宝石、融资融券、金融IC
主买：2722万
主卖：-872万
净买入：1851万
类型：
符合条件1，单位时间新增买入 1851万
--------------------------------------------------------------------------------------------
时间：2017-09-04 1000
$$$$$$$$$$$$$$$$$$$$$$$$$$$$$$$$$$$$$$$$$$$$$$$$$$$$$$$$$$$
601326 秦港股份 涨幅10.01,市值65亿 
板块：沪港通概念、新股与次新股
主买：91197万
主卖：-14322万
净买入：76875万
类型：
符合条件2，净额突破，共买入 76875万
$$$$$$$$$$$$$$$$$$$$$$$$$$$$$$$$$$$$$$$$$$$$$$$$$$$$$$$$$$$
000751 锌业股份 涨幅10.06,市值75亿 
板块：小金属、深港通、央企国资改革、参股保险、振兴东北
主买：40209万
主卖：-7771万
净买入：32438万
类型：游资
符合条件1，单位时间新增买入 2596万
符合条件2，净额突破，共买入 32438万
$$$$$$$$$$$$$$$$$$$$$$$$$$$$$$$$$$$$$$$$$$$$$$$$$$$$$$$$$$$
300688 创业黑马 涨幅10.01,市值13亿 
板块：新股与次新股
主买：34073万
主卖：-7119万
净买入：26955万
类型：
符合条件2，净额突破，共买入 26955万
$$$$$$$$$$$$$$$$$$$$$$$$$$$$$$$$$$$$$$$$$$$$$$$$$$$$$$$$$$$
600362 江西铜业 涨幅5.49,市值286亿 
板块：稀缺资源、黄金、稀土永磁、MSCI概念、沪港通概念、转融券标的、融资融券、参股券商
主买：31543万
主卖：-11942万
净买入：19601万
类型：基金
符合条件2，净额突破，共买入 19601万
$$$$$$$$$$$$$$$$$$$$$$$$$$$$$$$$$$$$$$$$$$$$$$$$$$$$$$$$$$$
601088 中国神华 涨幅5.6,市值997亿 
板块：央企国资改革、沪港通概念、中字头股票、融资融券
主买：106121万
主卖：-90496万
净买入：15625万
类型：
符合条件1，单位时间新增买入 15625万
符合条件2，净额突破，共买入 15625万
$$$$$$$$$$$$$$$$$$$$$$$$$$$$$$$$$$$$$$$$$$$$$$$$$$$$$$$$$$$
000825 太钢不锈 涨幅4.78,市值123亿 
板块：特钢、核电、深港通、MSCI概念、转融券标的、电子商务、互联网+、融资融券
主买：23426万
主卖：-10530万
净买入：12896万
类型：基金
符合条件2，净额突破，共买入 12896万
$$$$$$$$$$$$$$$$$$$$$$$$$$$$$$$$$$$$$$$$$$$$$$$$$$$$$$$$$$$
601949 中国出版 涨幅9.97,市值45亿 
板块：新股与次新股
主买：15390万
主卖：-2795万
净买入：12595万
类型：
符合条件2，净额突破，共买入 12595万
$$$$$$$$$$$$$$$$$$$$$$$$$$$$$$$$$$$$$$$$$$$$$$$$$$$$$$$$$$$
601899 紫金矿业 涨幅3.47,市值487亿 
板块：小金属、稀缺资源、黄金、MSCI概念、沪港通概念、转融券标的、融资融券
主买：17821万
主卖：-5549万
净买入：12272万
类型：
符合条件1，单位时间新增买入 1246万
符合条件2，净额突破，共买入 12272万
$$$$$$$$$$$$$$$$$$$$$$$$$$$$$$$$$$$$$$$$$$$$$$$$$$$$$$$$$$$
002386 天原集团 涨幅9.97,市值56亿 
板块：钛白粉、石墨烯、锂电池
主买：17951万
主卖：-5687万
净买入：12264万
类型：游资
符合条件1，单位时间新增买入 4370万
符合条件2，净额突破，共买入 12264万
$$$$$$$$$$$$$$$$$$$$$$$$$$$$$$$$$$$$$$$$$$$$$$$$$$$$$$$$$$$
603976 正川股份 涨幅7.4,市值13亿 
板块：新股与次新股
主买：13542万
主卖：-2231万
净买入：11311万
类型：
符合条件2，净额突破，共买入 11311万
$$$$$$$$$$$$$$$$$$$$$$$$$$$$$$$$$$$$$$$$$$$$$$$$$$$$$$$$$$$
601011 宝泰隆 涨幅9.13,市值90亿 
板块：石墨烯、锂电池、煤化工、互联网+
主买：11223万
主卖：-2433万
净买入：8790万
类型：游资
符合条件1，单位时间新增买入 3546万
$$$$$$$$$$$$$$$$$$$$$$$$$$$$$$$$$$$$$$$$$$$$$$$$$$$$$$$$$$$
000761 本钢板材 涨幅9.94,市值44亿 
板块：深港通、转融券标的、融资融券
主买：16642万
主卖：-11182万
净买入：5460万
类型：
符合条件1，单位时间新增买入 1210万
$$$$$$$$$$$$$$$$$$$$$$$$$$$$$$$$$$$$$$$$$$$$$$$$$$$$$$$$$$$
600807 天业股份 涨幅6.42,市值67亿 
板块：黄金、互联网金融、沪港通概念、转融券标的、融资融券
主买：5159万
主卖：-327万
净买入：4833万
类型：
符合条件1，单位时间新增买入 1689万
$$$$$$$$$$$$$$$$$$$$$$$$$$$$$$$$$$$$$$$$$$$$$$$$$$$$$$$$$$$
000960 锡业股份 涨幅3.62,市值119亿 
板块：小金属、稀缺资源、深港通、央企国资改革、转融券标的、融资融券、债转股
主买：6302万
主卖：-2377万
净买入：3925万
类型：
符合条件1，单位时间新增买入 1592万
$$$$$$$$$$$$$$$$$$$$$$$$$$$$$$$$$$$$$$$$$$$$$$$$$$$$$$$$$$$
300467 迅游科技 涨幅9.33,市值32亿 
板块：创投、王者荣耀、深港通、网络游戏、移动互联网、手机游戏
主买：4276万
主卖：-862万
净买入：3414万
类型：
符合条件1，单位时间新增买入 3414万
$$$$$$$$$$$$$$$$$$$$$$$$$$$$$$$$$$$$$$$$$$$$$$$$$$$$$$$$$$$
300189 神农基因 涨幅9.44,市值36亿 
板块：生态农业、农业现代化
主买：3164万
主卖：-644万
净买入：2520万
类型：
符合条件1，单位时间新增买入 2520万
$$$$$$$$$$$$$$$$$$$$$$$$$$$$$$$$$$$$$$$$$$$$$$$$$$$$$$$$$$$
600309 万华化学 涨幅1.83,市值487亿 
板块：新材料概念、MSCI概念、沪港通概念、融资融券、建筑节能
主买：9203万
主卖：-6761万
净买入：2442万
类型：
符合条件1，单位时间新增买入 1795万
$$$$$$$$$$$$$$$$$$$$$$$$$$$$$$$$$$$$$$$$$$$$$$$$$$$$$$$$$$$
002185 华天科技 涨幅2.76,市值115亿 
板块：集成电路、新材料概念、深港通、物联网、转融券标的、融资融券
主买：2616万
主卖：-211万
净买入：2406万
类型：
符合条件1，单位时间新增买入 2406万
--------------------------------------------------------------------------------------------
时间：2017-09-04 1005
$$$$$$$$$$$$$$$$$$$$$$$$$$$$$$$$$$$$$$$$$$$$$$$$$$$$$$$$$$$
601326 秦港股份 涨幅10.01,市值65亿 
板块：沪港通概念、新股与次新股
主买：91945万
主卖：-14322万
净买入：77623万
类型：
符合条件2，净额突破，共买入 77623万
$$$$$$$$$$$$$$$$$$$$$$$$$$$$$$$$$$$$$$$$$$$$$$$$$$$$$$$$$$$
000751 锌业股份 涨幅9.91,市值75亿 
板块：小金属、深港通、央企国资改革、参股保险、振兴东北
主买：47160万
主卖：-9726万
净买入：37434万
类型：游资
符合条件1，单位时间新增买入 4996万
符合条件2，净额突破，共买入 37434万
$$$$$$$$$$$$$$$$$$$$$$$$$$$$$$$$$$$$$$$$$$$$$$$$$$$$$$$$$$$
300688 创业黑马 涨幅10.01,市值13亿 
板块：新股与次新股
主买：34218万
主卖：-7119万
净买入：27100万
类型：
符合条件2，净额突破，共买入 27100万
$$$$$$$$$$$$$$$$$$$$$$$$$$$$$$$$$$$$$$$$$$$$$$$$$$$$$$$$$$$
600362 江西铜业 涨幅4.79,市值284亿 
板块：稀缺资源、黄金、稀土永磁、沪港通概念、转融券标的、MSCI概念、融资融券、参股券商
主买：31822万
主卖：-12458万
净买入：19365万
类型：基金
符合条件2，净额突破，共买入 19365万
$$$$$$$$$$$$$$$$$$$$$$$$$$$$$$$$$$$$$$$$$$$$$$$$$$$$$$$$$$$
002386 天原集团 涨幅9.97,市值56亿 
板块：钛白粉、石墨烯、锂电池
主买：19291万
主卖：-5792万
净买入：13498万
类型：游资
符合条件1，单位时间新增买入 1234万
符合条件2，净额突破，共买入 13498万
$$$$$$$$$$$$$$$$$$$$$$$$$$$$$$$$$$$$$$$$$$$$$$$$$$$$$$$$$$$
000825 太钢不锈 涨幅4.07,市值122亿 
板块：特钢、核电、深港通、转融券标的、MSCI概念、互联网+、电子商务、融资融券
主买：23761万
主卖：-11087万
净买入：12674万
类型：基金
符合条件2，净额突破，共买入 12674万
$$$$$$$$$$$$$$$$$$$$$$$$$$$$$$$$$$$$$$$$$$$$$$$$$$$$$$$$$$$
601949 中国出版 涨幅9.97,市值45亿 
板块：新股与次新股
主买：15465万
主卖：-2795万
净买入：12670万
类型：
符合条件2，净额突破，共买入 12670万
$$$$$$$$$$$$$$$$$$$$$$$$$$$$$$$$$$$$$$$$$$$$$$$$$$$$$$$$$$$
601011 宝泰隆 涨幅8.85,市值90亿 
板块：石墨烯、锂电池、煤化工、互联网+
主买：15449万
主卖：-3283万
净买入：12166万
类型：游资
符合条件1，单位时间新增买入 3376万
符合条件2，净额突破，共买入 12166万
$$$$$$$$$$$$$$$$$$$$$$$$$$$$$$$$$$$$$$$$$$$$$$$$$$$$$$$$$$$
603976 正川股份 涨幅7.69,市值13亿 
板块：新股与次新股
主买：13858万
主卖：-2231万
净买入：11627万
类型：
符合条件2，净额突破，共买入 11627万
$$$$$$$$$$$$$$$$$$$$$$$$$$$$$$$$$$$$$$$$$$$$$$$$$$$$$$$$$$$
601899 紫金矿业 涨幅2.23,市值482亿 
板块：小金属、稀缺资源、黄金、沪港通概念、转融券标的、MSCI概念、融资融券
主买：18154万
主卖：-6687万
净买入：11467万
类型：
符合条件2，净额突破，共买入 11467万
$$$$$$$$$$$$$$$$$$$$$$$$$$$$$$$$$$$$$$$$$$$$$$$$$$$$$$$$$$$
000839 中信国安 涨幅3.49,市值280亿 
板块：小金属、锂电池、量子通信、新能源汽车、网络游戏、深港通、虚拟现实、转融券标的、MSCI概念、央企国资改革、融资融券、足球概念、特斯拉
主买：22527万
主卖：-13765万
净买入：8762万
类型：基金
符合条件1，单位时间新增买入 1895万
$$$$$$$$$$$$$$$$$$$$$$$$$$$$$$$$$$$$$$$$$$$$$$$$$$$$$$$$$$$
300663 科蓝软件 涨幅10,市值10亿 
板块：国产软件、移动支付、互联网金融、新股与次新股
主买：7626万
主卖：-653万
净买入：6972万
类型：游资
符合条件1，单位时间新增买入 1259万
$$$$$$$$$$$$$$$$$$$$$$$$$$$$$$$$$$$$$$$$$$$$$$$$$$$$$$$$$$$
600309 万华化学 涨幅1.53,市值486亿 
板块：新材料概念、沪港通概念、MSCI概念、融资融券、建筑节能
主买：11431万
主卖：-7857万
净买入：3574万
类型：
符合条件1，单位时间新增买入 1132万
$$$$$$$$$$$$$$$$$$$$$$$$$$$$$$$$$$$$$$$$$$$$$$$$$$$$$$$$$$$
600596 新安股份 涨幅3.65,市值66亿 
板块：草甘膦、无人机、新材料概念、互联网金融、沪港通概念、转融券标的、金改、融资融券
主买：3012万
主卖：-281万
净买入：2732万
类型：
符合条件1，单位时间新增买入 2732万
$$$$$$$$$$$$$$$$$$$$$$$$$$$$$$$$$$$$$$$$$$$$$$$$$$$$$$$$$$$
600516 方大炭素 涨幅2.32,市值336亿 
板块：石墨烯、新材料概念、锂电池、核电、碳纤维、沪港通概念、转融券标的、融资融券
主买：40737万
主卖：-38230万
净买入：2507万
类型：游资
符合条件1，单位时间新增买入 1732万
$$$$$$$$$$$$$$$$$$$$$$$$$$$$$$$$$$$$$$$$$$$$$$$$$$$$$$$$$$$
002142 宁波银行 涨幅1.19,市值364亿 
板块：深港通、举牌、转融券标的、MSCI概念、融资融券
主买：2746万
主卖：-348万
净买入：2399万
类型：
符合条件1，单位时间新增买入 2399万
--------------------------------------------------------------------------------------------
时间：2017-09-04 1010
$$$$$$$$$$$$$$$$$$$$$$$$$$$$$$$$$$$$$$$$$$$$$$$$$$$$$$$$$$$
601326 秦港股份 涨幅10.01,市值65亿 
板块：沪港通概念、新股与次新股
主买：92631万
主卖：-14322万
净买入：78308万
类型：
符合条件2，净额突破，共买入 78308万
$$$$$$$$$$$$$$$$$$$$$$$$$$$$$$$$$$$$$$$$$$$$$$$$$$$$$$$$$$$
000751 锌业股份 涨幅10.06,市值75亿 
板块：小金属、深港通、央企国资改革、参股保险、振兴东北
主买：51365万
主卖：-9826万
净买入：41539万
类型：游资
符合条件1，单位时间新增买入 4105万
符合条件2，净额突破，共买入 41539万
$$$$$$$$$$$$$$$$$$$$$$$$$$$$$$$$$$$$$$$$$$$$$$$$$$$$$$$$$$$
300688 创业黑马 涨幅10.01,市值13亿 
板块：新股与次新股
主买：34310万
主卖：-7119万
净买入：27191万
类型：
符合条件2，净额突破，共买入 27191万
$$$$$$$$$$$$$$$$$$$$$$$$$$$$$$$$$$$$$$$$$$$$$$$$$$$$$$$$$$$
600362 江西铜业 涨幅5.14,市值285亿 
板块：稀缺资源、黄金、稀土永磁、MSCI概念、转融券标的、沪港通概念、融资融券、参股券商
主买：32126万
主卖：-13434万
净买入：18692万
类型：基金
符合条件2，净额突破，共买入 18692万
$$$$$$$$$$$$$$$$$$$$$$$$$$$$$$$$$$$$$$$$$$$$$$$$$$$$$$$$$$$
002386 天原集团 涨幅9.97,市值56亿 
板块：钛白粉、石墨烯、锂电池
主买：20033万
主卖：-5902万
净买入：14131万
类型：游资
符合条件2，净额突破，共买入 14131万
$$$$$$$$$$$$$$$$$$$$$$$$$$$$$$$$$$$$$$$$$$$$$$$$$$$$$$$$$$$
601949 中国出版 涨幅9.97,市值45亿 
板块：新股与次新股
主买：15512万
主卖：-2795万
净买入：12717万
类型：
符合条件2，净额突破，共买入 12717万
$$$$$$$$$$$$$$$$$$$$$$$$$$$$$$$$$$$$$$$$$$$$$$$$$$$$$$$$$$$
000825 太钢不锈 涨幅4.07,市值122亿 
板块：特钢、核电、深港通、MSCI概念、转融券标的、互联网+、电子商务、融资融券
主买：23761万
主卖：-11251万
净买入：12511万
类型：基金
符合条件2，净额突破，共买入 12511万
$$$$$$$$$$$$$$$$$$$$$$$$$$$$$$$$$$$$$$$$$$$$$$$$$$$$$$$$$$$
603976 正川股份 涨幅7.31,市值13亿 
板块：新股与次新股
主买：14156万
主卖：-2231万
净买入：11925万
类型：
符合条件2，净额突破，共买入 11925万
$$$$$$$$$$$$$$$$$$$$$$$$$$$$$$$$$$$$$$$$$$$$$$$$$$$$$$$$$$$
601011 宝泰隆 涨幅7.88,市值89亿 
板块：石墨烯、锂电池、煤化工、互联网+
主买：15741万
主卖：-3853万
净买入：11888万
类型：游资
符合条件2，净额突破，共买入 11888万
$$$$$$$$$$$$$$$$$$$$$$$$$$$$$$$$$$$$$$$$$$$$$$$$$$$$$$$$$$$
603019 中科曙光 涨幅7.78,市值119亿 
板块：人工智能、云计算、沪港通概念、雄安新区
主买：13822万
主卖：-2879万
净买入：10944万
类型：游资
符合条件1，单位时间新增买入 1110万
符合条件2，净额突破，共买入 10944万
$$$$$$$$$$$$$$$$$$$$$$$$$$$$$$$$$$$$$$$$$$$$$$$$$$$$$$$$$$$
601899 紫金矿业 涨幅2.97,市值484亿 
板块：小金属、稀缺资源、黄金、MSCI概念、转融券标的、沪港通概念、融资融券
主买：18775万
主卖：-8181万
净买入：10593万
类型：
符合条件2，净额突破，共买入 10593万
$$$$$$$$$$$$$$$$$$$$$$$$$$$$$$$$$$$$$$$$$$$$$$$$$$$$$$$$$$$
600019 宝钢股份 涨幅1.4,市值657亿 
板块：核电、转融券标的、互联网+、沪港通概念、央企国资改革、电子商务、融资融券
主买：21881万
主卖：-17726万
净买入：4155万
类型：
符合条件1，单位时间新增买入 1024万
$$$$$$$$$$$$$$$$$$$$$$$$$$$$$$$$$$$$$$$$$$$$$$$$$$$$$$$$$$$
000039 中集集团 涨幅2.37,市值210亿 
板块：海工装备、高端装备、物联网、深港通、MSCI概念、转融券标的、证金持股、央企国资改革、冷链物流、航运、融资融券、天然气、参股券商、雄安新区、粤港澳概念
主买：4117万
主卖：-809万
净买入：3308万
类型：
符合条件1，单位时间新增买入 3308万
$$$$$$$$$$$$$$$$$$$$$$$$$$$$$$$$$$$$$$$$$$$$$$$$$$$$$$$$$$$
300666 江丰电子 涨幅4.36,市值19亿 
板块：OLED、新股与次新股
主买：3632万
主卖：-610万
净买入：3022万
类型：游资
符合条件1，单位时间新增买入 3022万
$$$$$$$$$$$$$$$$$$$$$$$$$$$$$$$$$$$$$$$$$$$$$$$$$$$$$$$$$$$
300002 神州泰岳 涨幅3.69,市值92亿 
板块：在线教育、大数据、物联网、深港通、电子信息、转融券标的、电子商务、手机游戏、融资融券、4G5G、足球概念
主买：3595万
主卖：-701万
净买入：2894万
类型：
符合条件1，单位时间新增买入 1264万
$$$$$$$$$$$$$$$$$$$$$$$$$$$$$$$$$$$$$$$$$$$$$$$$$$$$$$$$$$$
002192 融捷股份 涨幅2.48,市值61亿 
板块：锂电池、在线教育、深港通
主买：4912万
主卖：-2054万
净买入：2858万
类型：基金
符合条件1，单位时间新增买入 2858万
$$$$$$$$$$$$$$$$$$$$$$$$$$$$$$$$$$$$$$$$$$$$$$$$$$$$$$$$$$$
002092 中泰化学 涨幅2.64,市值271亿 
板块：石墨烯、深港通、举牌、脱硫脱硝、转融券标的、融资融券、白马股、新疆振兴
主买：6432万
主卖：-3687万
净买入：2744万
类型：
符合条件1，单位时间新增买入 2744万
--------------------------------------------------------------------------------------------
时间：2017-09-04 1015
$$$$$$$$$$$$$$$$$$$$$$$$$$$$$$$$$$$$$$$$$$$$$$$$$$$$$$$$$$$
601326 秦港股份 涨幅10.01,市值65亿 
板块：沪港通概念、新股与次新股
主买：93142万
主卖：-14322万
净买入：78820万
类型：
符合条件2，净额突破，共买入 78820万
$$$$$$$$$$$$$$$$$$$$$$$$$$$$$$$$$$$$$$$$$$$$$$$$$$$$$$$$$$$
000751 锌业股份 涨幅9.75,市值75亿 
板块：小金属、深港通、央企国资改革、参股保险、振兴东北
主买：51793万
主卖：-9826万
净买入：41967万
类型：游资
符合条件2，净额突破，共买入 41967万
$$$$$$$$$$$$$$$$$$$$$$$$$$$$$$$$$$$$$$$$$$$$$$$$$$$$$$$$$$$
300688 创业黑马 涨幅10.01,市值13亿 
板块：新股与次新股
主买：34415万
主卖：-7119万
净买入：27296万
类型：
符合条件2，净额突破，共买入 27296万
$$$$$$$$$$$$$$$$$$$$$$$$$$$$$$$$$$$$$$$$$$$$$$$$$$$$$$$$$$$
600362 江西铜业 涨幅4.74,市值284亿 
板块：稀缺资源、黄金、稀土永磁、转融券标的、MSCI概念、沪港通概念、融资融券、参股券商
主买：32497万
主卖：-13712万
净买入：18786万
类型：基金
符合条件2，净额突破，共买入 18786万
$$$$$$$$$$$$$$$$$$$$$$$$$$$$$$$$$$$$$$$$$$$$$$$$$$$$$$$$$$$
002386 天原集团 涨幅9.97,市值56亿 
板块：钛白粉、石墨烯、锂电池
主买：20923万
主卖：-6034万
净买入：14889万
类型：游资
符合条件2，净额突破，共买入 14889万
$$$$$$$$$$$$$$$$$$$$$$$$$$$$$$$$$$$$$$$$$$$$$$$$$$$$$$$$$$$
000825 太钢不锈 涨幅3.54,市值122亿 
板块：特钢、核电、深港通、互联网+、转融券标的、MSCI概念、电子商务、融资融券
主买：24812万
主卖：-11863万
净买入：12949万
类型：基金
符合条件2，净额突破，共买入 12949万
$$$$$$$$$$$$$$$$$$$$$$$$$$$$$$$$$$$$$$$$$$$$$$$$$$$$$$$$$$$
601949 中国出版 涨幅9.97,市值45亿 
板块：新股与次新股
主买：15559万
主卖：-2795万
净买入：12764万
类型：
符合条件2，净额突破，共买入 12764万
$$$$$$$$$$$$$$$$$$$$$$$$$$$$$$$$$$$$$$$$$$$$$$$$$$$$$$$$$$$
601011 宝泰隆 涨幅7.88,市值89亿 
板块：石墨烯、锂电池、煤化工、互联网+
主买：16357万
主卖：-3975万
净买入：12382万
类型：游资
符合条件2，净额突破，共买入 12382万
$$$$$$$$$$$$$$$$$$$$$$$$$$$$$$$$$$$$$$$$$$$$$$$$$$$$$$$$$$$
603976 正川股份 涨幅6.42,市值13亿 
板块：新股与次新股
主买：14320万
主卖：-2231万
净买入：12089万
类型：
符合条件2，净额突破，共买入 12089万
$$$$$$$$$$$$$$$$$$$$$$$$$$$$$$$$$$$$$$$$$$$$$$$$$$$$$$$$$$$
603019 中科曙光 涨幅7.04,市值118亿 
板块：人工智能、云计算、沪港通概念、雄安新区
主买：14547万
主卖：-2879万
净买入：11668万
类型：游资
符合条件2，净额突破，共买入 11668万
$$$$$$$$$$$$$$$$$$$$$$$$$$$$$$$$$$$$$$$$$$$$$$$$$$$$$$$$$$$
603188 亚邦股份 涨幅4.96,市值76亿 
板块：转融券标的、沪港通概念、分散染料、融资融券
主买：7948万
主卖：-422万
净买入：7527万
类型：
符合条件1，单位时间新增买入 2452万
$$$$$$$$$$$$$$$$$$$$$$$$$$$$$$$$$$$$$$$$$$$$$$$$$$$$$$$$$$$
600718 东软集团 涨幅3.67,市值158亿 
板块：国产软件、云计算、高校、汽车电子、智慧城市、网络安全、阿里巴巴概念、电子信息、举牌、互联网+、移动互联网、转融券标的、沪港通概念、融资融券、参股保险、马云概念、振兴东北、能源互联网、医疗器械
主买：8310万
主卖：-1215万
净买入：7096万
类型：
符合条件1，单位时间新增买入 1180万
$$$$$$$$$$$$$$$$$$$$$$$$$$$$$$$$$$$$$$$$$$$$$$$$$$$$$$$$$$$
300053 欧比特 涨幅10.01,市值65亿 
板块：人脸识别、芯片替代、集成电路、安防、卫星导航、大数据、网络游戏、深港通、转融券标的、手机游戏、、融资融券
主买：9919万
主卖：-3438万
净买入：6481万
类型：
符合条件1，单位时间新增买入 6103万
$$$$$$$$$$$$$$$$$$$$$$$$$$$$$$$$$$$$$$$$$$$$$$$$$$$$$$$$$$$
600029 南方航空 涨幅2.54,市值367亿 
板块：转融券标的、MSCI概念、沪港通概念、央企国资改革、融资融券
主买：4419万
主卖：-981万
净买入：3438万
类型：
符合条件1，单位时间新增买入 3438万
--------------------------------------------------------------------------------------------
时间：2017-09-04 1020
$$$$$$$$$$$$$$$$$$$$$$$$$$$$$$$$$$$$$$$$$$$$$$$$$$$$$$$$$$$
601326 秦港股份 涨幅10.01,市值65亿 
板块：沪港通概念、新股与次新股
主买：93508万
主卖：-14322万
净买入：79186万
类型：
符合条件2，净额突破，共买入 79186万
$$$$$$$$$$$$$$$$$$$$$$$$$$$$$$$$$$$$$$$$$$$$$$$$$$$$$$$$$$$
000751 锌业股份 涨幅9.12,市值75亿 
板块：小金属、深港通、央企国资改革、参股保险、振兴东北
主买：52413万
主卖：-9945万
净买入：42468万
类型：游资
符合条件2，净额突破，共买入 42468万
$$$$$$$$$$$$$$$$$$$$$$$$$$$$$$$$$$$$$$$$$$$$$$$$$$$$$$$$$$$
300688 创业黑马 涨幅10.01,市值13亿 
板块：新股与次新股
主买：34470万
主卖：-7119万
净买入：27352万
类型：
符合条件2，净额突破，共买入 27352万
$$$$$$$$$$$$$$$$$$$$$$$$$$$$$$$$$$$$$$$$$$$$$$$$$$$$$$$$$$$
601011 宝泰隆 涨幅10,市值91亿 
板块：石墨烯、锂电池、煤化工、互联网+
主买：40135万
主卖：-17529万
净买入：22606万
类型：游资
符合条件1，单位时间新增买入 10223万
符合条件2，净额突破，共买入 22606万
$$$$$$$$$$$$$$$$$$$$$$$$$$$$$$$$$$$$$$$$$$$$$$$$$$$$$$$$$$$
600362 江西铜业 涨幅5.59,市值286亿 
板块：黄金、稀缺资源、稀土永磁、转融券标的、MSCI概念、沪港通概念、融资融券、参股券商
主买：33451万
主卖：-14076万
净买入：19376万
类型：基金
符合条件2，净额突破，共买入 19376万
$$$$$$$$$$$$$$$$$$$$$$$$$$$$$$$$$$$$$$$$$$$$$$$$$$$$$$$$$$$
002386 天原集团 涨幅9.3,市值56亿 
板块：钛白粉、石墨烯、锂电池
主买：22177万
主卖：-6698万
净买入：15478万
类型：游资
符合条件2，净额突破，共买入 15478万
$$$$$$$$$$$$$$$$$$$$$$$$$$$$$$$$$$$$$$$$$$$$$$$$$$$$$$$$$$$
000839 中信国安 涨幅3.95,市值283亿 
板块：小金属、锂电池、量子通信、虚拟现实、网络游戏、新能源汽车、深港通、转融券标的、MSCI概念、央企国资改革、足球概念、融资融券、特斯拉
主买：30656万
主卖：-15298万
净买入：15358万
类型：基金
符合条件1，单位时间新增买入 5794万
符合条件2，净额突破，共买入 15358万
$$$$$$$$$$$$$$$$$$$$$$$$$$$$$$$$$$$$$$$$$$$$$$$$$$$$$$$$$$$
603019 中科曙光 涨幅9.71,市值121亿 
板块：人工智能、云计算、沪港通概念、雄安新区
主买：17137万
主卖：-2879万
净买入：14258万
类型：游资
符合条件1，单位时间新增买入 2590万
符合条件2，净额突破，共买入 14258万
$$$$$$$$$$$$$$$$$$$$$$$$$$$$$$$$$$$$$$$$$$$$$$$$$$$$$$$$$$$
000825 太钢不锈 涨幅3.72,市值122亿 
板块：特钢、深港通、互联网+、核电、电子商务、转融券标的、MSCI概念、融资融券
主买：25138万
主卖：-11863万
净买入：13275万
类型：基金
符合条件2，净额突破，共买入 13275万
$$$$$$$$$$$$$$$$$$$$$$$$$$$$$$$$$$$$$$$$$$$$$$$$$$$$$$$$$$$
601949 中国出版 涨幅9.97,市值45亿 
板块：新股与次新股
主买：15647万
主卖：-2795万
净买入：12851万
类型：
符合条件2，净额突破，共买入 12851万
$$$$$$$$$$$$$$$$$$$$$$$$$$$$$$$$$$$$$$$$$$$$$$$$$$$$$$$$$$$
603976 正川股份 涨幅7.37,市值13亿 
板块：新股与次新股
主买：14518万
主卖：-2231万
净买入：12288万
类型：
符合条件2，净额突破，共买入 12288万
$$$$$$$$$$$$$$$$$$$$$$$$$$$$$$$$$$$$$$$$$$$$$$$$$$$$$$$$$$$
601899 紫金矿业 涨幅2.72,市值483亿 
板块：小金属、黄金、稀缺资源、转融券标的、MSCI概念、沪港通概念、融资融券
主买：20014万
主卖：-9683万
净买入：10331万
类型：
符合条件2，净额突破，共买入 10331万
$$$$$$$$$$$$$$$$$$$$$$$$$$$$$$$$$$$$$$$$$$$$$$$$$$$$$$$$$$$
601600 中国铝业 涨幅1.85,市值608亿 
板块：稀土永磁、转融券标的、MSCI概念、证金持股、沪港通概念、央企国资改革、中字头股票、融资融券
主买：18684万
主卖：-9458万
净买入：9225万
类型：基金
符合条件1，单位时间新增买入 1335万
$$$$$$$$$$$$$$$$$$$$$$$$$$$$$$$$$$$$$$$$$$$$$$$$$$$$$$$$$$$
600588 用友网络 涨幅10.02,市值215亿 
板块：国产软件、移动支付、云计算、大数据、互联网金融、电子信息、阿里巴巴概念、互联网+、参股新三板、电子商务、参股民营银行、区块链、融资融券
主买：25426万
主卖：-16915万
净买入：8511万
类型：
符合条件1，单位时间新增买入 8511万
$$$$$$$$$$$$$$$$$$$$$$$$$$$$$$$$$$$$$$$$$$$$$$$$$$$$$$$$$$$
000725 京东方Ａ 涨幅0.78,市值943亿 
板块：集成电路、智能穿戴、智能医疗、物联网、移动互联网、深港通、互联网+、OLED、转融券标的、MSCI概念、健康中国、融资融券、医疗器械
主买：18074万
主卖：-12707万
净买入：5367万
类型：
符合条件1，单位时间新增买入 1019万
$$$$$$$$$$$$$$$$$$$$$$$$$$$$$$$$$$$$$$$$$$$$$$$$$$$$$$$$$$$
600029 南方航空 涨幅2.66,市值366亿 
板块：转融券标的、MSCI概念、沪港通概念、央企国资改革、融资融券
主买：6433万
主卖：-1485万
净买入：4948万
类型：
符合条件1，单位时间新增买入 1510万
$$$$$$$$$$$$$$$$$$$$$$$$$$$$$$$$$$$$$$$$$$$$$$$$$$$$$$$$$$$
300002 神州泰岳 涨幅5.47,市值93亿 
板块：大数据、物联网、在线教育、电子信息、深港通、手机游戏、电子商务、转融券标的、4G5G、足球概念、融资融券
主买：5004万
主卖：-701万
净买入：4303万
类型：
符合条件1，单位时间新增买入 1231万
$$$$$$$$$$$$$$$$$$$$$$$$$$$$$$$$$$$$$$$$$$$$$$$$$$$$$$$$$$$
603066 音飞储存 涨幅9.97,市值18亿 
板块：举牌
主买：3879万
主卖：-480万
净买入：3399万
类型：游资
符合条件1，单位时间新增买入 3399万
$$$$$$$$$$$$$$$$$$$$$$$$$$$$$$$$$$$$$$$$$$$$$$$$$$$$$$$$$$$
600756 浪潮软件 涨幅3.87,市值56亿 
板块：国产软件、云计算、大数据、电子信息、转融券标的、沪港通概念、融资融券
主买：3760万
主卖：-612万
净买入：3148万
类型：
符合条件1，单位时间新增买入 3148万
$$$$$$$$$$$$$$$$$$$$$$$$$$$$$$$$$$$$$$$$$$$$$$$$$$$$$$$$$$$
300090 盛运环保 涨幅3.16,市值80亿 
板块：深港通、节能环保、固废处理、转融券标的、污水处理、PPP概念、融资融券、生物质能、一带一路
主买：3018万
主卖：0万
净买入：3018万
类型：
符合条件1，单位时间新增买入 3018万
--------------------------------------------------------------------------------------------
时间：2017-09-04 1025
$$$$$$$$$$$$$$$$$$$$$$$$$$$$$$$$$$$$$$$$$$$$$$$$$$$$$$$$$$$
601326 秦港股份 涨幅10.01,市值65亿 
板块：沪港通概念、新股与次新股
主买：93624万
主卖：-14322万
净买入：79301万
类型：
符合条件2，净额突破，共买入 79301万
$$$$$$$$$$$$$$$$$$$$$$$$$$$$$$$$$$$$$$$$$$$$$$$$$$$$$$$$$$$
000751 锌业股份 涨幅9.12,市值75亿 
板块：小金属、深港通、央企国资改革、参股保险、振兴东北
主买：52754万
主卖：-10187万
净买入：42568万
类型：游资
符合条件2，净额突破，共买入 42568万
$$$$$$$$$$$$$$$$$$$$$$$$$$$$$$$$$$$$$$$$$$$$$$$$$$$$$$$$$$$
601011 宝泰隆 涨幅10,市值91亿 
板块：石墨烯、锂电池、煤化工、互联网+
主买：52827万
主卖：-22483万
净买入：30344万
类型：游资
符合条件1，单位时间新增买入 7739万
符合条件2，净额突破，共买入 30344万
$$$$$$$$$$$$$$$$$$$$$$$$$$$$$$$$$$$$$$$$$$$$$$$$$$$$$$$$$$$
300688 创业黑马 涨幅10.01,市值13亿 
板块：新股与次新股
主买：34534万
主卖：-7119万
净买入：27416万
类型：
符合条件2，净额突破，共买入 27416万
$$$$$$$$$$$$$$$$$$$$$$$$$$$$$$$$$$$$$$$$$$$$$$$$$$$$$$$$$$$
600362 江西铜业 涨幅5.04,市值285亿 
板块：黄金、稀缺资源、稀土永磁、转融券标的、沪港通概念、MSCI概念、融资融券、参股券商
主买：34846万
主卖：-14779万
净买入：20067万
类型：基金
符合条件2，净额突破，共买入 20067万
$$$$$$$$$$$$$$$$$$$$$$$$$$$$$$$$$$$$$$$$$$$$$$$$$$$$$$$$$$$
002386 天原集团 涨幅9.21,市值56亿 
板块：钛白粉、石墨烯、锂电池
主买：22980万
主卖：-6815万
净买入：16165万
类型：游资
符合条件2，净额突破，共买入 16165万
$$$$$$$$$$$$$$$$$$$$$$$$$$$$$$$$$$$$$$$$$$$$$$$$$$$$$$$$$$$
000839 中信国安 涨幅4.41,市值283亿 
板块：小金属、虚拟现实、量子通信、锂电池、网络游戏、新能源汽车、深港通、转融券标的、足球概念、央企国资改革、MSCI概念、融资融券、特斯拉
主买：31613万
主卖：-15766万
净买入：15847万
类型：基金
符合条件2，净额突破，共买入 15847万
$$$$$$$$$$$$$$$$$$$$$$$$$$$$$$$$$$$$$$$$$$$$$$$$$$$$$$$$$$$
603019 中科曙光 涨幅8.56,市值120亿 
板块：人工智能、云计算、沪港通概念、雄安新区
主买：18813万
主卖：-3012万
净买入：15801万
类型：游资
符合条件1，单位时间新增买入 1543万
符合条件2，净额突破，共买入 15801万
$$$$$$$$$$$$$$$$$$$$$$$$$$$$$$$$$$$$$$$$$$$$$$$$$$$$$$$$$$$
000825 太钢不锈 涨幅2.83,市值121亿 
板块：特钢、深港通、互联网+、核电、电子商务、转融券标的、MSCI概念、融资融券
主买：25424万
主卖：-11863万
净买入：13561万
类型：基金
符合条件2，净额突破，共买入 13561万
$$$$$$$$$$$$$$$$$$$$$$$$$$$$$$$$$$$$$$$$$$$$$$$$$$$$$$$$$$$
300496 中科创达 涨幅10,市值65亿 
板块：人工智能、车联网、智能穿戴、虚拟现实、无人驾驶、移动互联网、深港通、4G5G
主买：18187万
主卖：-4886万
净买入：13301万
类型：
符合条件1，单位时间新增买入 6141万
符合条件2，净额突破，共买入 13301万
$$$$$$$$$$$$$$$$$$$$$$$$$$$$$$$$$$$$$$$$$$$$$$$$$$$$$$$$$$$
601949 中国出版 涨幅9.97,市值45亿 
板块：新股与次新股
主买：15679万
主卖：-2795万
净买入：12884万
类型：
符合条件2，净额突破，共买入 12884万
$$$$$$$$$$$$$$$$$$$$$$$$$$$$$$$$$$$$$$$$$$$$$$$$$$$$$$$$$$$
603976 正川股份 涨幅7.17,市值13亿 
板块：新股与次新股
主买：14577万
主卖：-2231万
净买入：12347万
类型：
符合条件2，净额突破，共买入 12347万
$$$$$$$$$$$$$$$$$$$$$$$$$$$$$$$$$$$$$$$$$$$$$$$$$$$$$$$$$$$
601899 紫金矿业 涨幅2.72,市值482亿 
板块：小金属、黄金、稀缺资源、转融券标的、沪港通概念、MSCI概念、融资融券
主买：20820万
主卖：-9895万
净买入：10926万
类型：
符合条件2，净额突破，共买入 10926万
$$$$$$$$$$$$$$$$$$$$$$$$$$$$$$$$$$$$$$$$$$$$$$$$$$$$$$$$$$$
601600 中国铝业 涨幅1.73,市值606亿 
板块：稀土永磁、转融券标的、证金持股、沪港通概念、中字头股票、央企国资改革、MSCI概念、融资融券
主买：21280万
主卖：-11208万
净买入：10072万
类型：基金
符合条件2，净额突破，共买入 10072万
$$$$$$$$$$$$$$$$$$$$$$$$$$$$$$$$$$$$$$$$$$$$$$$$$$$$$$$$$$$
002236 大华股份 涨幅3.6,市值384亿 
板块：人脸识别、安防、智慧城市、虚拟现实、电子信息、阿里巴巴概念、深港通、智能家居、转融券标的、MSCI概念、PPP概念、、融资融券
主买：8639万
主卖：-1430万
净买入：7209万
类型：
符合条件1，单位时间新增买入 1239万
$$$$$$$$$$$$$$$$$$$$$$$$$$$$$$$$$$$$$$$$$$$$$$$$$$$$$$$$$$$
300070 碧水源 涨幅2.41,市值306亿 
板块：深港通、美丽中国、节能环保、污水处理、转融券标的、参股民营银行、京津冀一体化、PPP概念、融资融券、雄安新区
主买：9739万
主卖：-2840万
净买入：6899万
类型：
符合条件1，单位时间新增买入 6899万
$$$$$$$$$$$$$$$$$$$$$$$$$$$$$$$$$$$$$$$$$$$$$$$$$$$$$$$$$$$
600967 内蒙一机 涨幅2.35,市值83亿 
板块：高铁、转融券标的、沪港通概念、央企国资改革、融资融券
主买：5007万
主卖：-1382万
净买入：3625万
类型：
符合条件1，单位时间新增买入 3625万
$$$$$$$$$$$$$$$$$$$$$$$$$$$$$$$$$$$$$$$$$$$$$$$$$$$$$$$$$$$
002415 海康威视 涨幅3.04,市值863亿 
板块：人脸识别、安防、云计算、智慧城市、大数据、汽车电子、机器人概念、工业4.0、阿里巴巴概念、深港通、互联网+、转融券标的、央企国资改革、MSCI概念、、融资融券
主买：16335万
主卖：-13320万
净买入：3015万
类型：基金
符合条件1，单位时间新增买入 3015万
--------------------------------------------------------------------------------------------
时间：2017-09-04 1030
$$$$$$$$$$$$$$$$$$$$$$$$$$$$$$$$$$$$$$$$$$$$$$$$$$$$$$$$$$$
601326 秦港股份 涨幅10.01,市值65亿 
板块：沪港通概念、新股与次新股
主买：93791万
主卖：-14322万
净买入：79469万
类型：
符合条件2，净额突破，共买入 79469万
$$$$$$$$$$$$$$$$$$$$$$$$$$$$$$$$$$$$$$$$$$$$$$$$$$$$$$$$$$$
000751 锌业股份 涨幅8.02,市值74亿 
板块：小金属、深港通、央企国资改革、参股保险、振兴东北
主买：53171万
主卖：-10187万
净买入：42984万
类型：游资
符合条件2，净额突破，共买入 42984万
$$$$$$$$$$$$$$$$$$$$$$$$$$$$$$$$$$$$$$$$$$$$$$$$$$$$$$$$$$$
601011 宝泰隆 涨幅10,市值91亿 
板块：石墨烯、锂电池、互联网+、煤化工
主买：54352万
主卖：-22622万
净买入：31731万
类型：游资
符合条件1，单位时间新增买入 1386万
符合条件2，净额突破，共买入 31731万
$$$$$$$$$$$$$$$$$$$$$$$$$$$$$$$$$$$$$$$$$$$$$$$$$$$$$$$$$$$
300688 创业黑马 涨幅10.01,市值13亿 
板块：新股与次新股
主买：34570万
主卖：-7119万
净买入：27451万
类型：
符合条件2，净额突破，共买入 27451万
$$$$$$$$$$$$$$$$$$$$$$$$$$$$$$$$$$$$$$$$$$$$$$$$$$$$$$$$$$$
600362 江西铜业 涨幅4.69,市值284亿 
板块：黄金、稀缺资源、稀土永磁、转融券标的、沪港通概念、MSCI概念、融资融券、参股券商
主买：35001万
主卖：-15585万
净买入：19417万
类型：基金
符合条件2，净额突破，共买入 19417万
$$$$$$$$$$$$$$$$$$$$$$$$$$$$$$$$$$$$$$$$$$$$$$$$$$$$$$$$$$$
002386 天原集团 涨幅9.97,市值56亿 
板块：钛白粉、石墨烯、锂电池
主买：26191万
主卖：-7275万
净买入：18917万
类型：游资
符合条件1，单位时间新增买入 2752万
符合条件2，净额突破，共买入 18917万
$$$$$$$$$$$$$$$$$$$$$$$$$$$$$$$$$$$$$$$$$$$$$$$$$$$$$$$$$$$
000839 中信国安 涨幅3.86,市值281亿 
板块：小金属、虚拟现实、量子通信、锂电池、网络游戏、新能源汽车、深港通、转融券标的、央企国资改革、MSCI概念、足球概念、融资融券、特斯拉
主买：31836万
主卖：-15912万
净买入：15924万
类型：基金
符合条件2，净额突破，共买入 15924万
$$$$$$$$$$$$$$$$$$$$$$$$$$$$$$$$$$$$$$$$$$$$$$$$$$$$$$$$$$$
603019 中科曙光 涨幅7.61,市值119亿 
板块：人工智能、云计算、沪港通概念、雄安新区
主买：18928万
主卖：-3517万
净买入：15411万
类型：游资
符合条件2，净额突破，共买入 15411万
$$$$$$$$$$$$$$$$$$$$$$$$$$$$$$$$$$$$$$$$$$$$$$$$$$$$$$$$$$$
000825 太钢不锈 涨幅3.19,市值121亿 
板块：深港通、互联网+、特钢、电子商务、核电、转融券标的、MSCI概念、融资融券
主买：25927万
主卖：-11979万
净买入：13948万
类型：基金
符合条件2，净额突破，共买入 13948万
$$$$$$$$$$$$$$$$$$$$$$$$$$$$$$$$$$$$$$$$$$$$$$$$$$$$$$$$$$$
300496 中科创达 涨幅10,市值65亿 
板块：人工智能、车联网、智能穿戴、虚拟现实、移动互联网、无人驾驶、深港通、4G5G
主买：19672万
主卖：-5751万
净买入：13921万
类型：
符合条件2，净额突破，共买入 13921万
$$$$$$$$$$$$$$$$$$$$$$$$$$$$$$$$$$$$$$$$$$$$$$$$$$$$$$$$$$$
601949 中国出版 涨幅9.97,市值45亿 
板块：新股与次新股
主买：15679万
主卖：-2795万
净买入：12884万
类型：
符合条件2，净额突破，共买入 12884万
$$$$$$$$$$$$$$$$$$$$$$$$$$$$$$$$$$$$$$$$$$$$$$$$$$$$$$$$$$$
603976 正川股份 涨幅7.15,市值13亿 
板块：新股与次新股
主买：14823万
主卖：-2231万
净买入：12593万
类型：
符合条件2，净额突破，共买入 12593万
$$$$$$$$$$$$$$$$$$$$$$$$$$$$$$$$$$$$$$$$$$$$$$$$$$$$$$$$$$$
601899 紫金矿业 涨幅2.48,市值482亿 
板块：小金属、黄金、稀缺资源、转融券标的、沪港通概念、MSCI概念、融资融券
主买：21632万
主卖：-9895万
净买入：11737万
类型：
符合条件2，净额突破，共买入 11737万
$$$$$$$$$$$$$$$$$$$$$$$$$$$$$$$$$$$$$$$$$$$$$$$$$$$$$$$$$$$
300070 碧水源 涨幅2.26,市值306亿 
板块：深港通、美丽中国、节能环保、参股民营银行、污水处理、转融券标的、PPP概念、融资融券、京津冀一体化、雄安新区
主买：11803万
主卖：-3769万
净买入：8034万
类型：
符合条件1，单位时间新增买入 1135万
$$$$$$$$$$$$$$$$$$$$$$$$$$$$$$$$$$$$$$$$$$$$$$$$$$$$$$$$$$$
000702 正虹科技 涨幅3.31,市值20亿 
板块：参股券商
主买：8930万
主卖：-1413万
净买入：7517万
类型：
符合条件1，单位时间新增买入 1595万
$$$$$$$$$$$$$$$$$$$$$$$$$$$$$$$$$$$$$$$$$$$$$$$$$$$$$$$$$$$
000977 浪潮信息 涨幅3.27,市值139亿 
板块：国产软件、云计算、电子发票、智慧城市、军工、电子信息、网络游戏、深港通、转融券标的、融资融券
主买：6689万
主卖：-3531万
净买入：3157万
类型：
符合条件1，单位时间新增买入 1044万
--------------------------------------------------------------------------------------------
时间：2017-09-04 1035
$$$$$$$$$$$$$$$$$$$$$$$$$$$$$$$$$$$$$$$$$$$$$$$$$$$$$$$$$$$
601326 秦港股份 涨幅10.01,市值65亿 
板块：沪港通概念、新股与次新股
主买：93873万
主卖：-14322万
净买入：79550万
类型：
符合条件2，净额突破，共买入 79550万
$$$$$$$$$$$$$$$$$$$$$$$$$$$$$$$$$$$$$$$$$$$$$$$$$$$$$$$$$$$
000751 锌业股份 涨幅8.49,市值74亿 
板块：小金属、深港通、央企国资改革、参股保险、振兴东北
主买：53171万
主卖：-10316万
净买入：42855万
类型：游资
符合条件2，净额突破，共买入 42855万
$$$$$$$$$$$$$$$$$$$$$$$$$$$$$$$$$$$$$$$$$$$$$$$$$$$$$$$$$$$
601011 宝泰隆 涨幅10,市值91亿 
板块：石墨烯、锂电池、互联网+、煤化工
主买：55170万
主卖：-22622万
净买入：32548万
类型：游资
符合条件2，净额突破，共买入 32548万
$$$$$$$$$$$$$$$$$$$$$$$$$$$$$$$$$$$$$$$$$$$$$$$$$$$$$$$$$$$
300688 创业黑马 涨幅10.01,市值13亿 
板块：新股与次新股
主买：34618万
主卖：-7119万
净买入：27500万
类型：
符合条件2，净额突破，共买入 27500万
$$$$$$$$$$$$$$$$$$$$$$$$$$$$$$$$$$$$$$$$$$$$$$$$$$$$$$$$$$$
002386 天原集团 涨幅9.97,市值56亿 
板块：钛白粉、石墨烯、锂电池
主买：26931万
主卖：-7445万
净买入：19486万
类型：游资
符合条件2，净额突破，共买入 19486万
$$$$$$$$$$$$$$$$$$$$$$$$$$$$$$$$$$$$$$$$$$$$$$$$$$$$$$$$$$$
600362 江西铜业 涨幅4.59,市值284亿 
板块：黄金、稀缺资源、稀土永磁、转融券标的、沪港通概念、MSCI概念、融资融券、参股券商
主买：35329万
主卖：-15975万
净买入：19354万
类型：基金
符合条件2，净额突破，共买入 19354万
$$$$$$$$$$$$$$$$$$$$$$$$$$$$$$$$$$$$$$$$$$$$$$$$$$$$$$$$$$$
000839 中信国安 涨幅4.5,市值282亿 
板块：小金属、量子通信、虚拟现实、锂电池、网络游戏、新能源汽车、深港通、转融券标的、足球概念、MSCI概念、央企国资改革、融资融券、特斯拉
主买：33124万
主卖：-16139万
净买入：16985万
类型：基金
符合条件1，单位时间新增买入 1061万
符合条件2，净额突破，共买入 16985万
$$$$$$$$$$$$$$$$$$$$$$$$$$$$$$$$$$$$$$$$$$$$$$$$$$$$$$$$$$$
000825 太钢不锈 涨幅3.01,市值121亿 
板块：深港通、互联网+、核电、电子商务、转融券标的、特钢、MSCI概念、融资融券
主买：27006万
主卖：-12130万
净买入：14875万
类型：基金
符合条件2，净额突破，共买入 14875万
$$$$$$$$$$$$$$$$$$$$$$$$$$$$$$$$$$$$$$$$$$$$$$$$$$$$$$$$$$$
300496 中科创达 涨幅9.2,市值65亿 
板块：人工智能、车联网、智能穿戴、虚拟现实、无人驾驶、移动互联网、深港通、4G5G
主买：20677万
主卖：-5974万
净买入：14702万
类型：
符合条件2，净额突破，共买入 14702万
$$$$$$$$$$$$$$$$$$$$$$$$$$$$$$$$$$$$$$$$$$$$$$$$$$$$$$$$$$$
603019 中科曙光 涨幅7.34,市值119亿 
板块：人工智能、云计算、沪港通概念、雄安新区
主买：19197万
主卖：-4582万
净买入：14615万
类型：游资
符合条件2，净额突破，共买入 14615万
$$$$$$$$$$$$$$$$$$$$$$$$$$$$$$$$$$$$$$$$$$$$$$$$$$$$$$$$$$$
601949 中国出版 涨幅9.97,市值45亿 
板块：新股与次新股
主买：15679万
主卖：-2795万
净买入：12884万
类型：
符合条件2，净额突破，共买入 12884万
$$$$$$$$$$$$$$$$$$$$$$$$$$$$$$$$$$$$$$$$$$$$$$$$$$$$$$$$$$$
603976 正川股份 涨幅7.1,市值13亿 
板块：新股与次新股
主买：14894万
主卖：-2231万
净买入：12663万
类型：
符合条件2，净额突破，共买入 12663万
$$$$$$$$$$$$$$$$$$$$$$$$$$$$$$$$$$$$$$$$$$$$$$$$$$$$$$$$$$$
601899 紫金矿业 涨幅2.48,市值481亿 
板块：小金属、黄金、稀缺资源、转融券标的、沪港通概念、MSCI概念、融资融券
主买：21838万
主卖：-10267万
净买入：11572万
类型：
符合条件2，净额突破，共买入 11572万
$$$$$$$$$$$$$$$$$$$$$$$$$$$$$$$$$$$$$$$$$$$$$$$$$$$$$$$$$$$
600807 天业股份 涨幅9.97,市值69亿 
板块：黄金、互联网金融、转融券标的、沪港通概念、融资融券
主买：13986万
主卖：-2940万
净买入：11046万
类型：
符合条件1，单位时间新增买入 4535万
符合条件2，净额突破，共买入 11046万
$$$$$$$$$$$$$$$$$$$$$$$$$$$$$$$$$$$$$$$$$$$$$$$$$$$$$$$$$$$
601600 中国铝业 涨幅1.48,市值605亿 
板块：稀土永磁、转融券标的、证金持股、中字头股票、沪港通概念、MSCI概念、央企国资改革、融资融券
主买：22834万
主卖：-12641万
净买入：10192万
类型：基金
符合条件2，净额突破，共买入 10192万
$$$$$$$$$$$$$$$$$$$$$$$$$$$$$$$$$$$$$$$$$$$$$$$$$$$$$$$$$$$
600588 用友网络 涨幅10.02,市值215亿 
板块：国产软件、移动支付、云计算、大数据、电子信息、互联网金融、阿里巴巴概念、互联网+、参股新三板、区块链、电子商务、参股民营银行、融资融券
主买：27238万
主卖：-17167万
净买入：10071万
类型：
符合条件2，净额突破，共买入 10071万
$$$$$$$$$$$$$$$$$$$$$$$$$$$$$$$$$$$$$$$$$$$$$$$$$$$$$$$$$$$
600718 东软集团 涨幅4.13,市值159亿 
板块：国产软件、云计算、网络安全、智慧城市、高校、汽车电子、电子信息、移动互联网、阿里巴巴概念、互联网+、举牌、转融券标的、马云概念、沪港通概念、融资融券、能源互联网、参股保险、医疗器械、振兴东北
主买：10613万
主卖：-1329万
净买入：9285万
类型：
符合条件1，单位时间新增买入 1049万
$$$$$$$$$$$$$$$$$$$$$$$$$$$$$$$$$$$$$$$$$$$$$$$$$$$$$$$$$$$
002142 宁波银行 涨幅2,市值366亿 
板块：深港通、举牌、转融券标的、MSCI概念、融资融券
主买：6232万
主卖：-601万
净买入：5630万
类型：
符合条件1，单位时间新增买入 1775万
$$$$$$$$$$$$$$$$$$$$$$$$$$$$$$$$$$$$$$$$$$$$$$$$$$$$$$$$$$$
601633 长城汽车 涨幅3.69,市值342亿 
板块：无人驾驶、新能源汽车、转融券标的、沪港通概念、雄安新区、融资融券
主买：5400万
主卖：-1298万
净买入：4102万
类型：基金
符合条件1，单位时间新增买入 4102万
$$$$$$$$$$$$$$$$$$$$$$$$$$$$$$$$$$$$$$$$$$$$$$$$$$$$$$$$$$$
002709 天赐材料 涨幅4.41,市值75亿 
板块：锂电池、新材料概念、深港通
主买：4450万
主卖：-872万
净买入：3577万
类型：基金
符合条件1，单位时间新增买入 3577万
--------------------------------------------------------------------------------------------
时间：2017-09-04 1040
$$$$$$$$$$$$$$$$$$$$$$$$$$$$$$$$$$$$$$$$$$$$$$$$$$$$$$$$$$$
601326 秦港股份 涨幅10.01,市值65亿 
板块：沪港通概念、新股与次新股
主买：93931万
主卖：-14322万
净买入：79609万
类型：
符合条件2，净额突破，共买入 79609万
$$$$$$$$$$$$$$$$$$$$$$$$$$$$$$$$$$$$$$$$$$$$$$$$$$$$$$$$$$$
000751 锌业股份 涨幅8.02,市值74亿 
板块：小金属、参股保险、深港通、央企国资改革、振兴东北
主买：53171万
主卖：-10511万
净买入：42660万
类型：游资
符合条件2，净额突破，共买入 42660万
$$$$$$$$$$$$$$$$$$$$$$$$$$$$$$$$$$$$$$$$$$$$$$$$$$$$$$$$$$$
601011 宝泰隆 涨幅9.23,市值90亿 
板块：石墨烯、锂电池、互联网+、煤化工
主买：59602万
主卖：-25825万
净买入：33777万
类型：游资
符合条件1，单位时间新增买入 1229万
符合条件2，净额突破，共买入 33777万
$$$$$$$$$$$$$$$$$$$$$$$$$$$$$$$$$$$$$$$$$$$$$$$$$$$$$$$$$$$
300688 创业黑马 涨幅10.01,市值13亿 
板块：新股与次新股
主买：34711万
主卖：-7119万
净买入：27593万
类型：
符合条件2，净额突破，共买入 27593万
$$$$$$$$$$$$$$$$$$$$$$$$$$$$$$$$$$$$$$$$$$$$$$$$$$$$$$$$$$$
000839 中信国安 涨幅5.33,市值285亿 
板块：小金属、量子通信、虚拟现实、锂电池、网络游戏、MSCI概念、深港通、央企国资改革、足球概念、融资融券、新能源汽车、转融券标的、特斯拉
主买：39817万
主卖：-18140万
净买入：21678万
类型：基金
符合条件1，单位时间新增买入 4692万
符合条件2，净额突破，共买入 21678万
$$$$$$$$$$$$$$$$$$$$$$$$$$$$$$$$$$$$$$$$$$$$$$$$$$$$$$$$$$$
002386 天原集团 涨幅9.97,市值56亿 
板块：钛白粉、石墨烯、锂电池
主买：27394万
主卖：-7445万
净买入：19948万
类型：游资
符合条件2，净额突破，共买入 19948万
$$$$$$$$$$$$$$$$$$$$$$$$$$$$$$$$$$$$$$$$$$$$$$$$$$$$$$$$$$$
600362 江西铜业 涨幅3.68,市值282亿 
板块：黄金、稀缺资源、转融券标的、稀土永磁、沪港通概念、MSCI概念、融资融券、参股券商
主买：37526万
主卖：-19156万
净买入：18370万
类型：基金
符合条件2，净额突破，共买入 18370万
$$$$$$$$$$$$$$$$$$$$$$$$$$$$$$$$$$$$$$$$$$$$$$$$$$$$$$$$$$$
000825 太钢不锈 涨幅2.83,市值121亿 
板块：MSCI概念、互联网+、深港通、核电、融资融券、电子商务、转融券标的、特钢
主买：27622万
主卖：-12235万
净买入：15387万
类型：基金
符合条件2，净额突破，共买入 15387万
$$$$$$$$$$$$$$$$$$$$$$$$$$$$$$$$$$$$$$$$$$$$$$$$$$$$$$$$$$$
300496 中科创达 涨幅8.37,市值65亿 
板块：人工智能、车联网、智能穿戴、虚拟现实、移动互联网、无人驾驶、深港通、4G5G
主买：21957万
主卖：-7050万
净买入：14907万
类型：
符合条件2，净额突破，共买入 14907万
$$$$$$$$$$$$$$$$$$$$$$$$$$$$$$$$$$$$$$$$$$$$$$$$$$$$$$$$$$$
603019 中科曙光 涨幅7.61,市值119亿 
板块：人工智能、云计算、雄安新区、沪港通概念
主买：19197万
主卖：-4809万
净买入：14387万
类型：游资
符合条件2，净额突破，共买入 14387万
$$$$$$$$$$$$$$$$$$$$$$$$$$$$$$$$$$$$$$$$$$$$$$$$$$$$$$$$$$$
601949 中国出版 涨幅9.97,市值45亿 
板块：新股与次新股
主买：15679万
主卖：-2795万
净买入：12884万
类型：
符合条件2，净额突破，共买入 12884万
$$$$$$$$$$$$$$$$$$$$$$$$$$$$$$$$$$$$$$$$$$$$$$$$$$$$$$$$$$$
603976 正川股份 涨幅7.01,市值13亿 
板块：新股与次新股
主买：15015万
主卖：-2231万
净买入：12784万
类型：
符合条件2，净额突破，共买入 12784万
$$$$$$$$$$$$$$$$$$$$$$$$$$$$$$$$$$$$$$$$$$$$$$$$$$$$$$$$$$$
600807 天业股份 涨幅9.97,市值69亿 
板块：黄金、互联网金融、转融券标的、沪港通概念、融资融券
主买：14557万
主卖：-2940万
净买入：11617万
类型：
符合条件2，净额突破，共买入 11617万
$$$$$$$$$$$$$$$$$$$$$$$$$$$$$$$$$$$$$$$$$$$$$$$$$$$$$$$$$$$
601899 紫金矿业 涨幅2.23,市值480亿 
板块：小金属、黄金、稀缺资源、转融券标的、沪港通概念、MSCI概念、融资融券
主买：22281万
主卖：-11588万
净买入：10693万
类型：
符合条件2，净额突破，共买入 10693万
$$$$$$$$$$$$$$$$$$$$$$$$$$$$$$$$$$$$$$$$$$$$$$$$$$$$$$$$$$$
600588 用友网络 涨幅10.02,市值215亿 
板块：国产软件、云计算、移动支付、大数据、电子信息、互联网金融、阿里巴巴概念、区块链、互联网+、参股新三板、参股民营银行、电子商务、融资融券
主买：27380万
主卖：-17167万
净买入：10213万
类型：
符合条件2，净额突破，共买入 10213万
$$$$$$$$$$$$$$$$$$$$$$$$$$$$$$$$$$$$$$$$$$$$$$$$$$$$$$$$$$$
601600 中国铝业 涨幅0.74,市值602亿 
板块：中字头股票、转融券标的、证金持股、央企国资改革、稀土永磁、沪港通概念、MSCI概念、融资融券
主买：23214万
主卖：-13102万
净买入：10113万
类型：基金
符合条件2，净额突破，共买入 10113万
$$$$$$$$$$$$$$$$$$$$$$$$$$$$$$$$$$$$$$$$$$$$$$$$$$$$$$$$$$$
002236 大华股份 涨幅4.64,市值388亿 
板块：人脸识别、安防、智慧城市、虚拟现实、电子信息、阿里巴巴概念、MSCI概念、深港通、PPP概念、、融资融券、智能家居、转融券标的
主买：12124万
主卖：-2797万
净买入：9327万
类型：
符合条件1，单位时间新增买入 2615万
$$$$$$$$$$$$$$$$$$$$$$$$$$$$$$$$$$$$$$$$$$$$$$$$$$$$$$$$$$$
002142 宁波银行 涨幅2.43,市值369亿 
板块：MSCI概念、深港通、举牌、融资融券、转融券标的
主买：9030万
主卖：-877万
净买入：8152万
类型：
符合条件1，单位时间新增买入 2522万
$$$$$$$$$$$$$$$$$$$$$$$$$$$$$$$$$$$$$$$$$$$$$$$$$$$$$$$$$$$
300666 江丰电子 涨幅8.74,市值20亿 
板块：OLED、新股与次新股
主买：8361万
主卖：-1106万
净买入：7255万
类型：游资
符合条件1，单位时间新增买入 3178万
$$$$$$$$$$$$$$$$$$$$$$$$$$$$$$$$$$$$$$$$$$$$$$$$$$$$$$$$$$$
601633 长城汽车 涨幅3.04,市值342亿 
板块：无人驾驶、新能源汽车、转融券标的、雄安新区、沪港通概念、融资融券
主买：12700万
主卖：-6047万
净买入：6653万
类型：基金
符合条件1，单位时间新增买入 2551万
$$$$$$$$$$$$$$$$$$$$$$$$$$$$$$$$$$$$$$$$$$$$$$$$$$$$$$$$$$$
000977 浪潮信息 涨幅5.07,市值141亿 
板块：国产软件、云计算、电子发票、智慧城市、电子信息、军工、网络游戏、深港通、融资融券、转融券标的
主买：9675万
主卖：-3748万
净买入：5927万
类型：
符合条件1，单位时间新增买入 2144万
$$$$$$$$$$$$$$$$$$$$$$$$$$$$$$$$$$$$$$$$$$$$$$$$$$$$$$$$$$$
000338 潍柴动力 涨幅3.17,市值323亿 
板块：MSCI概念、深港通、证金持股、节能环保、融资融券、高端装备、转融券标的
主买：6899万
主卖：-1799万
净买入：5101万
类型：
符合条件1，单位时间新增买入 1652万
$$$$$$$$$$$$$$$$$$$$$$$$$$$$$$$$$$$$$$$$$$$$$$$$$$$$$$$$$$$
300170 汉得信息 涨幅3.36,市值79亿 
板块：大数据、网约车、深港通、供应链金融、融资融券、转融券标的
主买：3981万
主卖：-265万
净买入：3716万
类型：
符合条件1，单位时间新增买入 3716万
--------------------------------------------------------------------------------------------
时间：2017-09-04 1045
$$$$$$$$$$$$$$$$$$$$$$$$$$$$$$$$$$$$$$$$$$$$$$$$$$$$$$$$$$$
601326 秦港股份 涨幅10.01,市值65亿 
板块：沪港通概念、新股与次新股
主买：94001万
主卖：-14322万
净买入：79679万
类型：
符合条件2，净额突破，共买入 79679万
$$$$$$$$$$$$$$$$$$$$$$$$$$$$$$$$$$$$$$$$$$$$$$$$$$$$$$$$$$$
000751 锌业股份 涨幅7.39,市值74亿 
板块：小金属、深港通、央企国资改革、参股保险、振兴东北
主买：53171万
主卖：-11090万
净买入：42081万
类型：游资
符合条件2，净额突破，共买入 42081万
$$$$$$$$$$$$$$$$$$$$$$$$$$$$$$$$$$$$$$$$$$$$$$$$$$$$$$$$$$$
601011 宝泰隆 涨幅9.23,市值90亿 
板块：石墨烯、锂电池、互联网+、煤化工
主买：61375万
主卖：-25952万
净买入：35423万
类型：游资
符合条件1，单位时间新增买入 1646万
符合条件2，净额突破，共买入 35423万
$$$$$$$$$$$$$$$$$$$$$$$$$$$$$$$$$$$$$$$$$$$$$$$$$$$$$$$$$$$
300688 创业黑马 涨幅10.01,市值13亿 
板块：新股与次新股
主买：34782万
主卖：-7119万
净买入：27663万
类型：
符合条件2，净额突破，共买入 27663万
$$$$$$$$$$$$$$$$$$$$$$$$$$$$$$$$$$$$$$$$$$$$$$$$$$$$$$$$$$$
000839 中信国安 涨幅4.5,市值283亿 
板块：小金属、量子通信、虚拟现实、锂电池、网络游戏、新能源汽车、深港通、足球概念、转融券标的、央企国资改革、融资融券、MSCI概念、特斯拉
主买：40766万
主卖：-19465万
净买入：21301万
类型：基金
符合条件2，净额突破，共买入 21301万
$$$$$$$$$$$$$$$$$$$$$$$$$$$$$$$$$$$$$$$$$$$$$$$$$$$$$$$$$$$
002386 天原集团 涨幅9.21,市值56亿 
板块：钛白粉、石墨烯、锂电池
主买：27826万
主卖：-7561万
净买入：20264万
类型：游资
符合条件2，净额突破，共买入 20264万
$$$$$$$$$$$$$$$$$$$$$$$$$$$$$$$$$$$$$$$$$$$$$$$$$$$$$$$$$$$
600362 江西铜业 涨幅3.07,市值280亿 
板块：黄金、稀缺资源、转融券标的、融资融券、沪港通概念、MSCI概念、参股券商、稀土永磁
主买：37804万
主卖：-20550万
净买入：17253万
类型：基金
符合条件2，净额突破，共买入 17253万
$$$$$$$$$$$$$$$$$$$$$$$$$$$$$$$$$$$$$$$$$$$$$$$$$$$$$$$$$$$
000825 太钢不锈 涨幅1.95,市值120亿 
板块：深港通、互联网+、电子商务、核电、转融券标的、融资融券、MSCI概念、特钢
主买：28667万
主卖：-13150万
净买入：15517万
类型：基金
符合条件2，净额突破，共买入 15517万
$$$$$$$$$$$$$$$$$$$$$$$$$$$$$$$$$$$$$$$$$$$$$$$$$$$$$$$$$$$
300496 中科创达 涨幅8.71,市值65亿 
板块：人工智能、车联网、智能穿戴、虚拟现实、移动互联网、无人驾驶、深港通、4G5G
主买：21957万
主卖：-7142万
净买入：14815万
类型：
符合条件2，净额突破，共买入 14815万
$$$$$$$$$$$$$$$$$$$$$$$$$$$$$$$$$$$$$$$$$$$$$$$$$$$$$$$$$$$
603019 中科曙光 涨幅7.14,市值118亿 
板块：人工智能、云计算、雄安新区、沪港通概念
主买：19241万
主卖：-4809万
净买入：14432万
类型：游资
符合条件2，净额突破，共买入 14432万
$$$$$$$$$$$$$$$$$$$$$$$$$$$$$$$$$$$$$$$$$$$$$$$$$$$$$$$$$$$
601949 中国出版 涨幅9.97,市值45亿 
板块：新股与次新股
主买：15679万
主卖：-2795万
净买入：12884万
类型：
符合条件2，净额突破，共买入 12884万
$$$$$$$$$$$$$$$$$$$$$$$$$$$$$$$$$$$$$$$$$$$$$$$$$$$$$$$$$$$
603976 正川股份 涨幅6.94,市值13亿 
板块：新股与次新股
主买：15100万
主卖：-2231万
净买入：12869万
类型：
符合条件2，净额突破，共买入 12869万
$$$$$$$$$$$$$$$$$$$$$$$$$$$$$$$$$$$$$$$$$$$$$$$$$$$$$$$$$$$
600807 天业股份 涨幅9.97,市值69亿 
板块：黄金、互联网金融、转融券标的、融资融券、沪港通概念
主买：14844万
主卖：-2940万
净买入：11904万
类型：
符合条件2，净额突破，共买入 11904万
$$$$$$$$$$$$$$$$$$$$$$$$$$$$$$$$$$$$$$$$$$$$$$$$$$$$$$$$$$$
601899 紫金矿业 涨幅1.73,市值480亿 
板块：小金属、黄金、稀缺资源、转融券标的、融资融券、沪港通概念、MSCI概念
主买：22427万
主卖：-11588万
净买入：10839万
类型：
符合条件2，净额突破，共买入 10839万
$$$$$$$$$$$$$$$$$$$$$$$$$$$$$$$$$$$$$$$$$$$$$$$$$$$$$$$$$$$
002236 大华股份 涨幅4.64,市值388亿 
板块：人脸识别、安防、智慧城市、虚拟现实、电子信息、阿里巴巴概念、智能家居、深港通、PPP概念、转融券标的、、融资融券、MSCI概念
主买：13469万
主卖：-2922万
净买入：10548万
类型：
符合条件1，单位时间新增买入 1220万
符合条件2，净额突破，共买入 10548万
$$$$$$$$$$$$$$$$$$$$$$$$$$$$$$$$$$$$$$$$$$$$$$$$$$$$$$$$$$$
600588 用友网络 涨幅10.02,市值215亿 
板块：国产软件、移动支付、云计算、大数据、电子信息、互联网金融、区块链、阿里巴巴概念、互联网+、参股新三板、电子商务、参股民营银行、融资融券
主买：27524万
主卖：-17167万
净买入：10356万
类型：
符合条件2，净额突破，共买入 10356万
$$$$$$$$$$$$$$$$$$$$$$$$$$$$$$$$$$$$$$$$$$$$$$$$$$$$$$$$$$$
600874 创业环保 涨幅2.04,市值100亿 
板块：美丽中国、污水处理、节能环保、PPP概念、雄安新区、转融券标的、新能源、融资融券、京津冀一体化、沪港通概念
主买：5181万
主卖：-1452万
净买入：3729万
类型：游资
符合条件1，单位时间新增买入 3729万
--------------------------------------------------------------------------------------------
时间：2017-09-04 1050
$$$$$$$$$$$$$$$$$$$$$$$$$$$$$$$$$$$$$$$$$$$$$$$$$$$$$$$$$$$
601326 秦港股份 涨幅10.01,市值65亿 
板块：沪港通概念、新股与次新股
主买：94199万
主卖：-14322万
净买入：79877万
类型：
符合条件2，净额突破，共买入 79877万
$$$$$$$$$$$$$$$$$$$$$$$$$$$$$$$$$$$$$$$$$$$$$$$$$$$$$$$$$$$
601011 宝泰隆 涨幅10,市值91亿 
板块：石墨烯、锂电池、互联网+、煤化工
主买：71221万
主卖：-27966万
净买入：43255万
类型：游资
符合条件1，单位时间新增买入 7832万
符合条件2，净额突破，共买入 43255万
$$$$$$$$$$$$$$$$$$$$$$$$$$$$$$$$$$$$$$$$$$$$$$$$$$$$$$$$$$$
000751 锌业股份 涨幅7.86,市值74亿 
板块：小金属、深港通、央企国资改革、参股保险、振兴东北
主买：53171万
主卖：-11221万
净买入：41950万
类型：游资
符合条件2，净额突破，共买入 41950万
$$$$$$$$$$$$$$$$$$$$$$$$$$$$$$$$$$$$$$$$$$$$$$$$$$$$$$$$$$$
300688 创业黑马 涨幅10.01,市值13亿 
板块：新股与次新股
主买：34788万
主卖：-7119万
净买入：27670万
类型：
符合条件2，净额突破，共买入 27670万
$$$$$$$$$$$$$$$$$$$$$$$$$$$$$$$$$$$$$$$$$$$$$$$$$$$$$$$$$$$
000839 中信国安 涨幅4.6,市值283亿 
板块：小金属、虚拟现实、量子通信、锂电池、网络游戏、新能源汽车、深港通、足球概念、转融券标的、央企国资改革、融资融券、MSCI概念、特斯拉
主买：42155万
主卖：-20337万
净买入：21819万
类型：基金
符合条件2，净额突破，共买入 21819万
$$$$$$$$$$$$$$$$$$$$$$$$$$$$$$$$$$$$$$$$$$$$$$$$$$$$$$$$$$$
002386 天原集团 涨幅9.3,市值56亿 
板块：钛白粉、石墨烯、锂电池
主买：29203万
主卖：-8191万
净买入：21012万
类型：游资
符合条件2，净额突破，共买入 21012万
$$$$$$$$$$$$$$$$$$$$$$$$$$$$$$$$$$$$$$$$$$$$$$$$$$$$$$$$$$$
600362 江西铜业 涨幅3.58,市值281亿 
板块：黄金、稀缺资源、转融券标的、融资融券、MSCI概念、沪港通概念、稀土永磁、参股券商
主买：37988万
主卖：-21051万
净买入：16937万
类型：基金
符合条件2，净额突破，共买入 16937万
$$$$$$$$$$$$$$$$$$$$$$$$$$$$$$$$$$$$$$$$$$$$$$$$$$$$$$$$$$$
000825 太钢不锈 涨幅2.12,市值120亿 
板块：深港通、互联网+、电子商务、转融券标的、核电、融资融券、MSCI概念、特钢
主买：28809万
主卖：-13386万
净买入：15423万
类型：基金
符合条件2，净额突破，共买入 15423万
$$$$$$$$$$$$$$$$$$$$$$$$$$$$$$$$$$$$$$$$$$$$$$$$$$$$$$$$$$$
300496 中科创达 涨幅9.03,市值65亿 
板块：人工智能、车联网、智能穿戴、虚拟现实、无人驾驶、移动互联网、深港通、4G5G
主买：22323万
主卖：-7142万
净买入：15181万
类型：
符合条件2，净额突破，共买入 15181万
$$$$$$$$$$$$$$$$$$$$$$$$$$$$$$$$$$$$$$$$$$$$$$$$$$$$$$$$$$$
603019 中科曙光 涨幅7.31,市值119亿 
板块：人工智能、云计算、雄安新区、沪港通概念
主买：19241万
主卖：-4844万
净买入：14398万
类型：游资
符合条件2，净额突破，共买入 14398万
$$$$$$$$$$$$$$$$$$$$$$$$$$$$$$$$$$$$$$$$$$$$$$$$$$$$$$$$$$$
603976 正川股份 涨幅6.56,市值13亿 
板块：新股与次新股
主买：15172万
主卖：-2231万
净买入：12941万
类型：
符合条件2，净额突破，共买入 12941万
$$$$$$$$$$$$$$$$$$$$$$$$$$$$$$$$$$$$$$$$$$$$$$$$$$$$$$$$$$$
601949 中国出版 涨幅9.97,市值45亿 
板块：新股与次新股
主买：15717万
主卖：-2795万
净买入：12922万
类型：
符合条件2，净额突破，共买入 12922万
$$$$$$$$$$$$$$$$$$$$$$$$$$$$$$$$$$$$$$$$$$$$$$$$$$$$$$$$$$$
600807 天业股份 涨幅9.97,市值69亿 
板块：黄金、互联网金融、转融券标的、融资融券、沪港通概念
主买：16754万
主卖：-4355万
净买入：12400万
类型：
符合条件2，净额突破，共买入 12400万
$$$$$$$$$$$$$$$$$$$$$$$$$$$$$$$$$$$$$$$$$$$$$$$$$$$$$$$$$$$
002236 大华股份 涨幅5,市值389亿 
板块：人脸识别、安防、智慧城市、虚拟现实、电子信息、智能家居、深港通、PPP概念、转融券标的、、阿里巴巴概念、融资融券、MSCI概念
主买：15041万
主卖：-3078万
净买入：11963万
类型：
符合条件1，单位时间新增买入 1415万
符合条件2，净额突破，共买入 11963万
$$$$$$$$$$$$$$$$$$$$$$$$$$$$$$$$$$$$$$$$$$$$$$$$$$$$$$$$$$$
600588 用友网络 涨幅10.02,市值215亿 
板块：国产软件、云计算、移动支付、大数据、电子信息、互联网金融、区块链、互联网+、参股新三板、参股民营银行、电子商务、阿里巴巴概念、融资融券
主买：27641万
主卖：-17167万
净买入：10473万
类型：
符合条件2，净额突破，共买入 10473万
$$$$$$$$$$$$$$$$$$$$$$$$$$$$$$$$$$$$$$$$$$$$$$$$$$$$$$$$$$$
600874 创业环保 涨幅2.26,市值101亿 
板块：美丽中国、污水处理、节能环保、PPP概念、京津冀一体化、转融券标的、雄安新区、融资融券、新能源、沪港通概念
主买：9062万
主卖：-1452万
净买入：7610万
类型：游资
符合条件1，单位时间新增买入 3881万
$$$$$$$$$$$$$$$$$$$$$$$$$$$$$$$$$$$$$$$$$$$$$$$$$$$$$$$$$$$
600008 首创股份 涨幅1.64,市值150亿 
板块：污水处理、节能环保、PPP概念、固废处理、转融券标的、雄安新区、融资融券、MSCI概念、证金持股、沪港通概念
主买：9397万
主卖：-3682万
净买入：5715万
类型：游资
符合条件1，单位时间新增买入 5715万
$$$$$$$$$$$$$$$$$$$$$$$$$$$$$$$$$$$$$$$$$$$$$$$$$$$$$$$$$$$
600498 烽火通信 涨幅3.17,市值145亿 
板块：电子信息、移动互联网、宽带中国、4G5G、转融券标的、央企国资改革、融资融券、沪港通概念
主买：6312万
主卖：-1788万
净买入：4524万
类型：
符合条件1，单位时间新增买入 4524万
$$$$$$$$$$$$$$$$$$$$$$$$$$$$$$$$$$$$$$$$$$$$$$$$$$$$$$$$$$$
000063 中兴通讯 涨幅1.39,市值822亿 
板块：云计算、移动支付、网络安全、智慧城市、智能穿戴、虚拟现实、电子信息、物联网、机器人概念、移动互联网、宽带中国、职业教育、新能源汽车、深港通、手机游戏、4G5G、转融券标的、融资融券、MSCI概念、证金持股、一带一路
主买：15033万
主卖：-10548万
净买入：4485万
类型：基金
符合条件1，单位时间新增买入 4485万
--------------------------------------------------------------------------------------------
时间：2017-09-04 1055
$$$$$$$$$$$$$$$$$$$$$$$$$$$$$$$$$$$$$$$$$$$$$$$$$$$$$$$$$$$
601326 秦港股份 涨幅10.01,市值65亿 
板块：沪港通概念、新股与次新股
主买：94199万
主卖：-14322万
净买入：79877万
类型：
符合条件2，净额突破，共买入 79877万
$$$$$$$$$$$$$$$$$$$$$$$$$$$$$$$$$$$$$$$$$$$$$$$$$$$$$$$$$$$
601011 宝泰隆 涨幅10,市值91亿 
板块：互联网+、煤化工、锂电池、石墨烯
主买：73673万
主卖：-28971万
净买入：44702万
类型：游资
符合条件1，单位时间新增买入 1447万
符合条件2，净额突破，共买入 44702万
$$$$$$$$$$$$$$$$$$$$$$$$$$$$$$$$$$$$$$$$$$$$$$$$$$$$$$$$$$$
000751 锌业股份 涨幅8.33,市值74亿 
板块：深港通、央企国资改革、小金属、参股保险、振兴东北
主买：53526万
主卖：-11616万
净买入：41910万
类型：游资
符合条件2，净额突破，共买入 41910万
$$$$$$$$$$$$$$$$$$$$$$$$$$$$$$$$$$$$$$$$$$$$$$$$$$$$$$$$$$$
300688 创业黑马 涨幅10.01,市值13亿 
板块：新股与次新股
主买：34871万
主卖：-7119万
净买入：27752万
类型：
符合条件2，净额突破，共买入 27752万
$$$$$$$$$$$$$$$$$$$$$$$$$$$$$$$$$$$$$$$$$$$$$$$$$$$$$$$$$$$
000839 中信国安 涨幅4.78,市值284亿 
板块：网络游戏、新能源汽车、深港通、足球概念、转融券标的、央企国资改革、MSCI概念、量子通信、锂电池、虚拟现实、小金属、融资融券、特斯拉
主买：43223万
主卖：-20754万
净买入：22469万
类型：基金
符合条件2，净额突破，共买入 22469万
$$$$$$$$$$$$$$$$$$$$$$$$$$$$$$$$$$$$$$$$$$$$$$$$$$$$$$$$$$$
002386 天原集团 涨幅9.88,市值56亿 
板块：锂电池、钛白粉、石墨烯
主买：29511万
主卖：-8308万
净买入：21202万
类型：游资
符合条件2，净额突破，共买入 21202万
$$$$$$$$$$$$$$$$$$$$$$$$$$$$$$$$$$$$$$$$$$$$$$$$$$$$$$$$$$$
600362 江西铜业 涨幅3.58,市值281亿 
板块：稀缺资源、转融券标的、MSCI概念、沪港通概念、融资融券、黄金、参股券商、稀土永磁
主买：38109万
主卖：-21051万
净买入：17058万
类型：基金
符合条件2，净额突破，共买入 17058万
$$$$$$$$$$$$$$$$$$$$$$$$$$$$$$$$$$$$$$$$$$$$$$$$$$$$$$$$$$$
300496 中科创达 涨幅9,市值65亿 
板块：4G5G、深港通、无人驾驶、人工智能、虚拟现实、车联网、移动互联网、智能穿戴
主买：22643万
主卖：-7142万
净买入：15501万
类型：
符合条件2，净额突破，共买入 15501万
$$$$$$$$$$$$$$$$$$$$$$$$$$$$$$$$$$$$$$$$$$$$$$$$$$$$$$$$$$$
000825 太钢不锈 涨幅2.83,市值121亿 
板块：深港通、互联网+、电子商务、核电、转融券标的、MSCI概念、融资融券、特钢
主买：29027万
主卖：-13666万
净买入：15361万
类型：基金
符合条件2，净额突破，共买入 15361万
$$$$$$$$$$$$$$$$$$$$$$$$$$$$$$$$$$$$$$$$$$$$$$$$$$$$$$$$$$$
603019 中科曙光 涨幅7.14,市值118亿 
板块：雄安新区、沪港通概念、人工智能、云计算
主买：19241万
主卖：-5047万
净买入：14194万
类型：游资
符合条件2，净额突破，共买入 14194万
$$$$$$$$$$$$$$$$$$$$$$$$$$$$$$$$$$$$$$$$$$$$$$$$$$$$$$$$$$$
002236 大华股份 涨幅5.16,市值390亿 
板块：深港通、PPP概念、转融券标的、MSCI概念、人脸识别、电子信息、虚拟现实、、阿里巴巴概念、融资融券、智能家居、安防、智慧城市
主买：17818万
主卖：-3884万
净买入：13935万
类型：
符合条件1，单位时间新增买入 1972万
符合条件2，净额突破，共买入 13935万
$$$$$$$$$$$$$$$$$$$$$$$$$$$$$$$$$$$$$$$$$$$$$$$$$$$$$$$$$$$
603976 正川股份 涨幅6.92,市值13亿 
板块：新股与次新股
主买：15172万
主卖：-2231万
净买入：12941万
类型：
符合条件2，净额突破，共买入 12941万
$$$$$$$$$$$$$$$$$$$$$$$$$$$$$$$$$$$$$$$$$$$$$$$$$$$$$$$$$$$
601949 中国出版 涨幅9.97,市值45亿 
板块：新股与次新股
主买：15717万
主卖：-2795万
净买入：12922万
类型：
符合条件2，净额突破，共买入 12922万
$$$$$$$$$$$$$$$$$$$$$$$$$$$$$$$$$$$$$$$$$$$$$$$$$$$$$$$$$$$
600807 天业股份 涨幅9.97,市值69亿 
板块：转融券标的、沪港通概念、融资融券、黄金、互联网金融
主买：16888万
主卖：-4355万
净买入：12533万
类型：
符合条件2，净额突破，共买入 12533万
$$$$$$$$$$$$$$$$$$$$$$$$$$$$$$$$$$$$$$$$$$$$$$$$$$$$$$$$$$$
600588 用友网络 涨幅10.02,市值215亿 
板块：互联网+、参股新三板、参股民营银行、电子商务、区块链、电子信息、阿里巴巴概念、国产软件、融资融券、互联网金融、大数据、云计算、移动支付
主买：27737万
主卖：-17167万
净买入：10570万
类型：
符合条件2，净额突破，共买入 10570万
$$$$$$$$$$$$$$$$$$$$$$$$$$$$$$$$$$$$$$$$$$$$$$$$$$$$$$$$$$$
300053 欧比特 涨幅10.01,市值65亿 
板块：网络游戏、深港通、手机游戏、转融券标的、人脸识别、芯片替代、集成电路、、卫星导航、融资融券、大数据、安防
主买：19351万
主卖：-8917万
净买入：10435万
类型：
符合条件2，净额突破，共买入 10435万
$$$$$$$$$$$$$$$$$$$$$$$$$$$$$$$$$$$$$$$$$$$$$$$$$$$$$$$$$$$
600874 创业环保 涨幅3.04,市值101亿 
板块：污水处理、美丽中国、节能环保、PPP概念、雄安新区、京津冀一体化、转融券标的、新能源、沪港通概念、融资融券
主买：11846万
主卖：-1563万
净买入：10283万
类型：游资
符合条件1，单位时间新增买入 2673万
符合条件2，净额突破，共买入 10283万
$$$$$$$$$$$$$$$$$$$$$$$$$$$$$$$$$$$$$$$$$$$$$$$$$$$$$$$$$$$
600008 首创股份 涨幅2.09,市值151亿 
板块：污水处理、固废处理、节能环保、PPP概念、雄安新区、转融券标的、证金持股、MSCI概念、沪港通概念、融资融券
主买：12256万
主卖：-3997万
净买入：8259万
类型：游资
符合条件1，单位时间新增买入 2544万
$$$$$$$$$$$$$$$$$$$$$$$$$$$$$$$$$$$$$$$$$$$$$$$$$$$$$$$$$$$
300137 先河环保 涨幅6.12,市值84亿 
板块：水利、节能环保、PPP概念、雄安新区、PM2.5
主买：14760万
主卖：-6738万
净买入：8022万
类型：游资
符合条件1，单位时间新增买入 8022万
$$$$$$$$$$$$$$$$$$$$$$$$$$$$$$$$$$$$$$$$$$$$$$$$$$$$$$$$$$$
000063 中兴通讯 涨幅1.9,市值828亿 
板块：职业教育、新能源汽车、4G5G、深港通、手机游戏、转融券标的、证金持股、MSCI概念、电子信息、虚拟现实、移动互联网、融资融券、机器人概念、网络安全、智能穿戴、宽带中国、智慧城市、云计算、移动支付、物联网、一带一路
主买：18923万
主卖：-11544万
净买入：7379万
类型：基金
符合条件1，单位时间新增买入 2893万
$$$$$$$$$$$$$$$$$$$$$$$$$$$$$$$$$$$$$$$$$$$$$$$$$$$$$$$$$$$
300691 联合光电 涨幅4.9,市值18亿 
板块：无人机、智能家居、安防、智慧城市、新股与次新股
主买：6999万
主卖：-888万
净买入：6111万
类型：
符合条件1，单位时间新增买入 1359万
$$$$$$$$$$$$$$$$$$$$$$$$$$$$$$$$$$$$$$$$$$$$$$$$$$$$$$$$$$$
002415 海康威视 涨幅3.92,市值872亿 
板块：深港通、互联网+、转融券标的、央企国资改革、MSCI概念、人脸识别、、工业4.0、阿里巴巴概念、融资融券、汽车电子、机器人概念、大数据、安防、智慧城市、云计算
主买：21725万
主卖：-17460万
净买入：4265万
类型：基金
符合条件1，单位时间新增买入 1250万
--------------------------------------------------------------------------------------------
时间：2017-09-04 1100
$$$$$$$$$$$$$$$$$$$$$$$$$$$$$$$$$$$$$$$$$$$$$$$$$$$$$$$$$$$
601326 秦港股份 涨幅10.01,市值65亿 
板块：沪港通概念、新股与次新股
主买：94258万
主卖：-14322万
净买入：79935万
类型：
符合条件2，净额突破，共买入 79935万
$$$$$$$$$$$$$$$$$$$$$$$$$$$$$$$$$$$$$$$$$$$$$$$$$$$$$$$$$$$
601011 宝泰隆 涨幅10,市值91亿 
板块：石墨烯、锂电池、互联网+、煤化工
主买：73826万
主卖：-28971万
净买入：44855万
类型：游资
符合条件2，净额突破，共买入 44855万
$$$$$$$$$$$$$$$$$$$$$$$$$$$$$$$$$$$$$$$$$$$$$$$$$$$$$$$$$$$
000751 锌业股份 涨幅8.18,市值74亿 
板块：小金属、深港通、央企国资改革、参股保险、振兴东北
主买：53636万
主卖：-11616万
净买入：42020万
类型：游资
符合条件2，净额突破，共买入 42020万
$$$$$$$$$$$$$$$$$$$$$$$$$$$$$$$$$$$$$$$$$$$$$$$$$$$$$$$$$$$
300688 创业黑马 涨幅10.01,市值13亿 
板块：新股与次新股
主买：34926万
主卖：-7119万
净买入：27808万
类型：
符合条件2，净额突破，共买入 27808万
$$$$$$$$$$$$$$$$$$$$$$$$$$$$$$$$$$$$$$$$$$$$$$$$$$$$$$$$$$$
000839 中信国安 涨幅5.42,市值286亿 
板块：小金属、虚拟现实、量子通信、网络游戏、锂电池、新能源汽车、深港通、足球概念、转融券标的、央企国资改革、MSCI概念、融资融券、特斯拉
主买：49077万
主卖：-21868万
净买入：27209万
类型：基金
符合条件1，单位时间新增买入 4740万
符合条件2，净额突破，共买入 27209万
$$$$$$$$$$$$$$$$$$$$$$$$$$$$$$$$$$$$$$$$$$$$$$$$$$$$$$$$$$$
002386 天原集团 涨幅9.72,市值56亿 
板块：钛白粉、石墨烯、锂电池
主买：29511万
主卖：-8346万
净买入：21164万
类型：游资
符合条件2，净额突破，共买入 21164万
$$$$$$$$$$$$$$$$$$$$$$$$$$$$$$$$$$$$$$$$$$$$$$$$$$$$$$$$$$$
600362 江西铜业 涨幅3.88,市值282亿 
板块：黄金、稀缺资源、转融券标的、沪港通概念、MSCI概念、融资融券、稀土永磁、参股券商
主买：38558万
主卖：-21186万
净买入：17371万
类型：基金
符合条件2，净额突破，共买入 17371万
$$$$$$$$$$$$$$$$$$$$$$$$$$$$$$$$$$$$$$$$$$$$$$$$$$$$$$$$$$$
300496 中科创达 涨幅9.06,市值65亿 
板块：人工智能、智能穿戴、车联网、虚拟现实、移动互联网、无人驾驶、4G5G、深港通
主买：22770万
主卖：-7142万
净买入：15628万
类型：
符合条件2，净额突破，共买入 15628万
$$$$$$$$$$$$$$$$$$$$$$$$$$$$$$$$$$$$$$$$$$$$$$$$$$$$$$$$$$$
000825 太钢不锈 涨幅2.3,市值120亿 
板块：深港通、互联网+、电子商务、转融券标的、MSCI概念、核电、融资融券、特钢
主买：29120万
主卖：-13666万
净买入：15454万
类型：基金
符合条件2，净额突破，共买入 15454万
$$$$$$$$$$$$$$$$$$$$$$$$$$$$$$$$$$$$$$$$$$$$$$$$$$$$$$$$$$$
002236 大华股份 涨幅4.92,市值389亿 
板块：人脸识别、安防、智慧城市、电子信息、虚拟现实、阿里巴巴概念、智能家居、PPP概念、深港通、转融券标的、MSCI概念、、融资融券
主买：18374万
主卖：-3994万
净买入：14380万
类型：
符合条件2，净额突破，共买入 14380万
$$$$$$$$$$$$$$$$$$$$$$$$$$$$$$$$$$$$$$$$$$$$$$$$$$$$$$$$$$$
603019 中科曙光 涨幅7.72,市值119亿 
板块：人工智能、云计算、雄安新区、沪港通概念
主买：19337万
主卖：-5047万
净买入：14289万
类型：游资
符合条件2，净额突破，共买入 14289万
$$$$$$$$$$$$$$$$$$$$$$$$$$$$$$$$$$$$$$$$$$$$$$$$$$$$$$$$$$$
603976 正川股份 涨幅7.44,市值13亿 
板块：新股与次新股
主买：15252万
主卖：-2231万
净买入：13021万
类型：
符合条件2，净额突破，共买入 13021万
$$$$$$$$$$$$$$$$$$$$$$$$$$$$$$$$$$$$$$$$$$$$$$$$$$$$$$$$$$$
601949 中国出版 涨幅9.97,市值45亿 
板块：新股与次新股
主买：15717万
主卖：-2795万
净买入：12922万
类型：
符合条件2，净额突破，共买入 12922万
$$$$$$$$$$$$$$$$$$$$$$$$$$$$$$$$$$$$$$$$$$$$$$$$$$$$$$$$$$$
600807 天业股份 涨幅9.97,市值69亿 
板块：黄金、互联网金融、转融券标的、沪港通概念、融资融券
主买：17004万
主卖：-4355万
净买入：12650万
类型：
符合条件2，净额突破，共买入 12650万
$$$$$$$$$$$$$$$$$$$$$$$$$$$$$$$$$$$$$$$$$$$$$$$$$$$$$$$$$$$
600718 东软集团 涨幅4.13,市值159亿 
板块：国产软件、云计算、网络安全、智慧城市、高校、电子信息、汽车电子、移动互联网、阿里巴巴概念、互联网+、马云概念、举牌、转融券标的、沪港通概念、融资融券、参股保险、能源互联网、医疗器械、振兴东北
主买：12734万
主卖：-2027万
净买入：10707万
类型：
符合条件1，单位时间新增买入 1091万
符合条件2，净额突破，共买入 10707万
$$$$$$$$$$$$$$$$$$$$$$$$$$$$$$$$$$$$$$$$$$$$$$$$$$$$$$$$$$$
600874 创业环保 涨幅3.26,市值101亿 
板块：美丽中国、节能环保、PPP概念、雄安新区、京津冀一体化、转融券标的、新能源、沪港通概念、融资融券、污水处理
主买：12232万
主卖：-1563万
净买入：10669万
类型：游资
符合条件2，净额突破，共买入 10669万
$$$$$$$$$$$$$$$$$$$$$$$$$$$$$$$$$$$$$$$$$$$$$$$$$$$$$$$$$$$
600588 用友网络 涨幅10.02,市值215亿 
板块：国产软件、云计算、移动支付、大数据、电子信息、区块链、互联网金融、阿里巴巴概念、互联网+、参股新三板、电子商务、参股民营银行、融资融券
主买：27775万
主卖：-17167万
净买入：10607万
类型：
符合条件2，净额突破，共买入 10607万
$$$$$$$$$$$$$$$$$$$$$$$$$$$$$$$$$$$$$$$$$$$$$$$$$$$$$$$$$$$
300053 欧比特 涨幅10.01,市值65亿 
板块：人脸识别、芯片替代、集成电路、安防、大数据、卫星导航、网络游戏、深港通、手机游戏、转融券标的、、融资融券
主买：20311万
主卖：-9805万
净买入：10506万
类型：
符合条件2，净额突破，共买入 10506万
$$$$$$$$$$$$$$$$$$$$$$$$$$$$$$$$$$$$$$$$$$$$$$$$$$$$$$$$$$$
601899 紫金矿业 涨幅1.98,市值480亿 
板块：小金属、黄金、稀缺资源、转融券标的、沪港通概念、MSCI概念、融资融券
主买：23146万
主卖：-12938万
净买入：10208万
类型：
符合条件2，净额突破，共买入 10208万
$$$$$$$$$$$$$$$$$$$$$$$$$$$$$$$$$$$$$$$$$$$$$$$$$$$$$$$$$$$
300137 先河环保 涨幅6.98,市值84亿 
板块：PM2.5、水利、节能环保、PPP概念、雄安新区
主买：16944万
主卖：-6947万
净买入：9997万
类型：游资
符合条件1，单位时间新增买入 1975万
--------------------------------------------------------------------------------------------
时间：2017-09-04 1105
$$$$$$$$$$$$$$$$$$$$$$$$$$$$$$$$$$$$$$$$$$$$$$$$$$$$$$$$$$$
601326 秦港股份 涨幅10.01,市值65亿 
板块：沪港通概念、新股与次新股
主买：94322万
主卖：-14322万
净买入：79999万
类型：
符合条件2，净额突破，共买入 79999万
$$$$$$$$$$$$$$$$$$$$$$$$$$$$$$$$$$$$$$$$$$$$$$$$$$$$$$$$$$$
601011 宝泰隆 涨幅9.9,市值91亿 
板块：石墨烯、锂电池、互联网+、煤化工
主买：76107万
主卖：-29515万
净买入：46592万
类型：游资
符合条件1，单位时间新增买入 1737万
符合条件2，净额突破，共买入 46592万
$$$$$$$$$$$$$$$$$$$$$$$$$$$$$$$$$$$$$$$$$$$$$$$$$$$$$$$$$$$
000751 锌业股份 涨幅8.02,市值74亿 
板块：小金属、深港通、央企国资改革、参股保险、振兴东北
主买：53773万
主卖：-11616万
净买入：42157万
类型：游资
符合条件2，净额突破，共买入 42157万
$$$$$$$$$$$$$$$$$$$$$$$$$$$$$$$$$$$$$$$$$$$$$$$$$$$$$$$$$$$
000839 中信国安 涨幅5.61,市值286亿 
板块：虚拟现实、小金属、量子通信、网络游戏、锂电池、新能源汽车、深港通、足球概念、转融券标的、央企国资改革、MSCI概念、融资融券、特斯拉
主买：50157万
主卖：-22193万
净买入：27964万
类型：基金
符合条件2，净额突破，共买入 27964万
$$$$$$$$$$$$$$$$$$$$$$$$$$$$$$$$$$$$$$$$$$$$$$$$$$$$$$$$$$$
300688 创业黑马 涨幅10.01,市值13亿 
板块：新股与次新股
主买：34950万
主卖：-7119万
净买入：27832万
类型：
符合条件2，净额突破，共买入 27832万
$$$$$$$$$$$$$$$$$$$$$$$$$$$$$$$$$$$$$$$$$$$$$$$$$$$$$$$$$$$
002386 天原集团 涨幅8.88,市值56亿 
板块：钛白粉、石墨烯、锂电池
主买：29511万
主卖：-8394万
净买入：21117万
类型：游资
符合条件2，净额突破，共买入 21117万
$$$$$$$$$$$$$$$$$$$$$$$$$$$$$$$$$$$$$$$$$$$$$$$$$$$$$$$$$$$
600362 江西铜业 涨幅3.07,市值280亿 
板块：黄金、沪港通概念、MSCI概念、融资融券、转融券标的、稀缺资源、参股券商、稀土永磁
主买：38558万
主卖：-21493万
净买入：17065万
类型：基金
符合条件2，净额突破，共买入 17065万
$$$$$$$$$$$$$$$$$$$$$$$$$$$$$$$$$$$$$$$$$$$$$$$$$$$$$$$$$$$
300496 中科创达 涨幅9.17,市值65亿 
板块：人工智能、智能穿戴、车联网、移动互联网、虚拟现实、无人驾驶、4G5G、深港通
主买：22845万
主卖：-7142万
净买入：15703万
类型：
符合条件2，净额突破，共买入 15703万
$$$$$$$$$$$$$$$$$$$$$$$$$$$$$$$$$$$$$$$$$$$$$$$$$$$$$$$$$$$
000825 太钢不锈 涨幅2.65,市值121亿 
板块：深港通、互联网+、电子商务、转融券标的、核电、MSCI概念、融资融券、特钢
主买：29388万
主卖：-14121万
净买入：15267万
类型：基金
符合条件2，净额突破，共买入 15267万
$$$$$$$$$$$$$$$$$$$$$$$$$$$$$$$$$$$$$$$$$$$$$$$$$$$$$$$$$$$
002236 大华股份 涨幅5.12,市值390亿 
板块：人脸识别、安防、智慧城市、电子信息、虚拟现实、阿里巴巴概念、智能家居、PPP概念、深港通、转融券标的、MSCI概念、、融资融券
主买：18887万
主卖：-4117万
净买入：14770万
类型：
符合条件2，净额突破，共买入 14770万
$$$$$$$$$$$$$$$$$$$$$$$$$$$$$$$$$$$$$$$$$$$$$$$$$$$$$$$$$$$
603019 中科曙光 涨幅7.55,市值119亿 
板块：人工智能、云计算、雄安新区、沪港通概念
主买：19445万
主卖：-5047万
净买入：14398万
类型：游资
符合条件2，净额突破，共买入 14398万
$$$$$$$$$$$$$$$$$$$$$$$$$$$$$$$$$$$$$$$$$$$$$$$$$$$$$$$$$$$
603976 正川股份 涨幅7.33,市值13亿 
板块：新股与次新股
主买：15607万
主卖：-2231万
净买入：13376万
类型：
符合条件2，净额突破，共买入 13376万
$$$$$$$$$$$$$$$$$$$$$$$$$$$$$$$$$$$$$$$$$$$$$$$$$$$$$$$$$$$
600807 天业股份 涨幅9.97,市值69亿 
板块：互联网金融、黄金、沪港通概念、融资融券、转融券标的
主买：17512万
主卖：-4513万
净买入：13000万
类型：
符合条件2，净额突破，共买入 13000万
$$$$$$$$$$$$$$$$$$$$$$$$$$$$$$$$$$$$$$$$$$$$$$$$$$$$$$$$$$$
601949 中国出版 涨幅9.97,市值45亿 
板块：新股与次新股
主买：15776万
主卖：-2795万
净买入：12981万
类型：
符合条件2，净额突破，共买入 12981万
$$$$$$$$$$$$$$$$$$$$$$$$$$$$$$$$$$$$$$$$$$$$$$$$$$$$$$$$$$$
600718 东软集团 涨幅4.07,市值159亿 
板块：国产软件、云计算、网络安全、智慧城市、移动互联网、汽车电子、电子信息、高校、阿里巴巴概念、医疗器械、沪港通概念、参股保险、互联网+、举牌、融资融券、马云概念、转融券标的、能源互联网、振兴东北
主买：12977万
主卖：-2027万
净买入：10950万
类型：
符合条件2，净额突破，共买入 10950万
$$$$$$$$$$$$$$$$$$$$$$$$$$$$$$$$$$$$$$$$$$$$$$$$$$$$$$$$$$$
300053 欧比特 涨幅10.01,市值65亿 
板块：人脸识别、芯片替代、集成电路、安防、大数据、卫星导航、网络游戏、深港通、手机游戏、转融券标的、、融资融券
主买：20735万
主卖：-10025万
净买入：10710万
类型：
符合条件2，净额突破，共买入 10710万
$$$$$$$$$$$$$$$$$$$$$$$$$$$$$$$$$$$$$$$$$$$$$$$$$$$$$$$$$$$
600588 用友网络 涨幅10.02,市值215亿 
板块：国产软件、移动支付、云计算、大数据、电子信息、区块链、互联网金融、阿里巴巴概念、参股新三板、互联网+、融资融券、参股民营银行、电子商务
主买：27869万
主卖：-17167万
净买入：10701万
类型：
符合条件2，净额突破，共买入 10701万
$$$$$$$$$$$$$$$$$$$$$$$$$$$$$$$$$$$$$$$$$$$$$$$$$$$$$$$$$$$
600008 首创股份 涨幅2.24,市值151亿 
板块：沪港通概念、MSCI概念、雄安新区、PPP概念、证金持股、节能环保、融资融券、污水处理、固废处理、转融券标的
主买：15034万
主卖：-4518万
净买入：10516万
类型：游资
符合条件1，单位时间新增买入 1739万
符合条件2，净额突破，共买入 10516万
$$$$$$$$$$$$$$$$$$$$$$$$$$$$$$$$$$$$$$$$$$$$$$$$$$$$$$$$$$$
600874 创业环保 涨幅2.82,市值101亿 
板块：沪港通概念、新能源、雄安新区、PPP概念、节能环保、融资融券、京津冀一体化、污水处理、转融券标的、美丽中国
主买：12232万
主卖：-1915万
净买入：10317万
类型：游资
符合条件2，净额突破，共买入 10317万
$$$$$$$$$$$$$$$$$$$$$$$$$$$$$$$$$$$$$$$$$$$$$$$$$$$$$$$$$$$
601899 紫金矿业 涨幅2.23,市值481亿 
板块：小金属、黄金、稀缺资源、转融券标的、沪港通概念、MSCI概念、融资融券
主买：23270万
主卖：-13138万
净买入：10132万
类型：
符合条件2，净额突破，共买入 10132万
$$$$$$$$$$$$$$$$$$$$$$$$$$$$$$$$$$$$$$$$$$$$$$$$$$$$$$$$$$$
600446 金证股份 涨幅4.45,市值86亿 
板块：国产软件、电子信息、区块链、互联网金融、阿里巴巴概念、沪港通概念、互联网+、举牌、融资融券、马云概念、电子商务、转融券标的
主买：5672万
主卖：-1542万
净买入：4130万
类型：
符合条件1，单位时间新增买入 4130万
--------------------------------------------------------------------------------------------
时间：2017-09-04 1110
$$$$$$$$$$$$$$$$$$$$$$$$$$$$$$$$$$$$$$$$$$$$$$$$$$$$$$$$$$$
601326 秦港股份 涨幅10.01,市值65亿 
板块：沪港通概念、新股与次新股
主买：94425万
主卖：-14981万
净买入：79444万
类型：
符合条件2，净额突破，共买入 79444万
$$$$$$$$$$$$$$$$$$$$$$$$$$$$$$$$$$$$$$$$$$$$$$$$$$$$$$$$$$$
601011 宝泰隆 涨幅10,市值91亿 
板块：石墨烯、锂电池、互联网+、煤化工
主买：78793万
主卖：-29733万
净买入：49060万
类型：游资
符合条件1，单位时间新增买入 2468万
符合条件2，净额突破，共买入 49060万
$$$$$$$$$$$$$$$$$$$$$$$$$$$$$$$$$$$$$$$$$$$$$$$$$$$$$$$$$$$
000751 锌业股份 涨幅7.55,市值74亿 
板块：小金属、深港通、央企国资改革、参股保险、振兴东北
主买：53773万
主卖：-11698万
净买入：42074万
类型：游资
符合条件2，净额突破，共买入 42074万
$$$$$$$$$$$$$$$$$$$$$$$$$$$$$$$$$$$$$$$$$$$$$$$$$$$$$$$$$$$
000839 中信国安 涨幅6.53,市值289亿 
板块：虚拟现实、量子通信、小金属、网络游戏、锂电池、新能源汽车、深港通、足球概念、转融券标的、央企国资改革、MSCI概念、融资融券、特斯拉
主买：54173万
主卖：-22193万
净买入：31980万
类型：基金
符合条件1，单位时间新增买入 4016万
符合条件2，净额突破，共买入 31980万
$$$$$$$$$$$$$$$$$$$$$$$$$$$$$$$$$$$$$$$$$$$$$$$$$$$$$$$$$$$
300688 创业黑马 涨幅10.01,市值13亿 
板块：新股与次新股
主买：34995万
主卖：-7119万
净买入：27877万
类型：
符合条件2，净额突破，共买入 27877万
$$$$$$$$$$$$$$$$$$$$$$$$$$$$$$$$$$$$$$$$$$$$$$$$$$$$$$$$$$$
002386 天原集团 涨幅8.88,市值56亿 
板块：钛白粉、石墨烯、锂电池
主买：29511万
主卖：-9198万
净买入：20313万
类型：游资
符合条件2，净额突破，共买入 20313万
$$$$$$$$$$$$$$$$$$$$$$$$$$$$$$$$$$$$$$$$$$$$$$$$$$$$$$$$$$$
600362 江西铜业 涨幅3.18,市值280亿 
板块：黄金、转融券标的、稀缺资源、沪港通概念、MSCI概念、融资融券、参股券商、稀土永磁
主买：38558万
主卖：-21536万
净买入：17022万
类型：基金
符合条件2，净额突破，共买入 17022万
$$$$$$$$$$$$$$$$$$$$$$$$$$$$$$$$$$$$$$$$$$$$$$$$$$$$$$$$$$$
300496 中科创达 涨幅9.17,市值65亿 
板块：人工智能、智能穿戴、车联网、移动互联网、虚拟现实、无人驾驶、4G5G、深港通
主买：22925万
主卖：-7142万
净买入：15782万
类型：
符合条件2，净额突破，共买入 15782万
$$$$$$$$$$$$$$$$$$$$$$$$$$$$$$$$$$$$$$$$$$$$$$$$$$$$$$$$$$$
002236 大华股份 涨幅5.36,市值391亿 
板块：人脸识别、安防、智慧城市、虚拟现实、电子信息、阿里巴巴概念、智能家居、深港通、PPP概念、转融券标的、MSCI概念、、融资融券
主买：19597万
主卖：-4117万
净买入：15480万
类型：
符合条件2，净额突破，共买入 15480万
$$$$$$$$$$$$$$$$$$$$$$$$$$$$$$$$$$$$$$$$$$$$$$$$$$$$$$$$$$$
000825 太钢不锈 涨幅2.65,市值120亿 
板块：互联网+、深港通、电子商务、转融券标的、核电、MSCI概念、融资融券、特钢
主买：29388万
主卖：-14134万
净买入：15254万
类型：基金
符合条件2，净额突破，共买入 15254万
$$$$$$$$$$$$$$$$$$$$$$$$$$$$$$$$$$$$$$$$$$$$$$$$$$$$$$$$$$$
603019 中科曙光 涨幅7.55,市值119亿 
板块：人工智能、云计算、雄安新区、沪港通概念
主买：19550万
主卖：-5047万
净买入：14503万
类型：游资
符合条件2，净额突破，共买入 14503万
$$$$$$$$$$$$$$$$$$$$$$$$$$$$$$$$$$$$$$$$$$$$$$$$$$$$$$$$$$$
603976 正川股份 涨幅7.31,市值13亿 
板块：新股与次新股
主买：15692万
主卖：-2231万
净买入：13461万
类型：
符合条件2，净额突破，共买入 13461万
$$$$$$$$$$$$$$$$$$$$$$$$$$$$$$$$$$$$$$$$$$$$$$$$$$$$$$$$$$$
600807 天业股份 涨幅9.97,市值69亿 
板块：互联网金融、黄金、转融券标的、沪港通概念、融资融券
主买：17580万
主卖：-4513万
净买入：13068万
类型：
符合条件2，净额突破，共买入 13068万
$$$$$$$$$$$$$$$$$$$$$$$$$$$$$$$$$$$$$$$$$$$$$$$$$$$$$$$$$$$
601949 中国出版 涨幅9.97,市值45亿 
板块：新股与次新股
主买：15800万
主卖：-2795万
净买入：13005万
类型：
符合条件2，净额突破，共买入 13005万
$$$$$$$$$$$$$$$$$$$$$$$$$$$$$$$$$$$$$$$$$$$$$$$$$$$$$$$$$$$
600008 首创股份 涨幅1.94,市值151亿 
板块：污水处理、PPP概念、节能环保、固废处理、雄安新区、转融券标的、证金持股、沪港通概念、MSCI概念、融资融券
主买：15764万
主卖：-4656万
净买入：11107万
类型：游资
符合条件2，净额突破，共买入 11107万
$$$$$$$$$$$$$$$$$$$$$$$$$$$$$$$$$$$$$$$$$$$$$$$$$$$$$$$$$$$
600718 东软集团 涨幅4.07,市值159亿 
板块：国产软件、网络安全、云计算、智慧城市、移动互联网、汽车电子、电子信息、高校、阿里巴巴概念、互联网+、马云概念、举牌、转融券标的、医疗器械、沪港通概念、融资融券、参股保险、能源互联网、振兴东北
主买：13860万
主卖：-2770万
净买入：11090万
类型：
符合条件2，净额突破，共买入 11090万
$$$$$$$$$$$$$$$$$$$$$$$$$$$$$$$$$$$$$$$$$$$$$$$$$$$$$$$$$$$
300053 欧比特 涨幅10.01,市值65亿 
板块：人脸识别、芯片替代、集成电路、安防、大数据、卫星导航、网络游戏、手机游戏、深港通、转融券标的、、融资融券
主买：20951万
主卖：-10025万
净买入：10926万
类型：
符合条件2，净额突破，共买入 10926万
$$$$$$$$$$$$$$$$$$$$$$$$$$$$$$$$$$$$$$$$$$$$$$$$$$$$$$$$$$$
600588 用友网络 涨幅10.02,市值215亿 
板块：国产软件、云计算、移动支付、大数据、电子信息、区块链、互联网金融、阿里巴巴概念、互联网+、参股新三板、电子商务、参股民营银行、融资融券
主买：28052万
主卖：-17167万
净买入：10885万
类型：
符合条件2，净额突破，共买入 10885万
$$$$$$$$$$$$$$$$$$$$$$$$$$$$$$$$$$$$$$$$$$$$$$$$$$$$$$$$$$$
601899 紫金矿业 涨幅1.98,市值480亿 
板块：小金属、黄金、转融券标的、稀缺资源、沪港通概念、MSCI概念、融资融券
主买：23439万
主卖：-13138万
净买入：10301万
类型：
符合条件2，净额突破，共买入 10301万
$$$$$$$$$$$$$$$$$$$$$$$$$$$$$$$$$$$$$$$$$$$$$$$$$$$$$$$$$$$
002065 东华软件 涨幅3.16,市值178亿 
板块：国产软件、云计算、智慧城市、智能医疗、电子信息、互联网金融、阿里巴巴概念、互联网+、深港通、参股民营银行、转融券标的、股权转让、融资融券、参股保险
主买：7514万
主卖：-2620万
净买入：4894万
类型：
符合条件1，单位时间新增买入 4894万
$$$$$$$$$$$$$$$$$$$$$$$$$$$$$$$$$$$$$$$$$$$$$$$$$$$$$$$$$$$
002241 歌尔股份 涨幅2.55,市值406亿 
板块：智能穿戴、移动互联网、物联网、虚拟现实、机器人概念、苹果概念、深港通、转融券标的、MSCI概念、融资融券
主买：12893万
主卖：-8525万
净买入：4368万
类型：
符合条件1，单位时间新增买入 4368万
--------------------------------------------------------------------------------------------
时间：2017-09-04 1115
$$$$$$$$$$$$$$$$$$$$$$$$$$$$$$$$$$$$$$$$$$$$$$$$$$$$$$$$$$$
601326 秦港股份 涨幅10.01,市值65亿 
板块：沪港通概念、新股与次新股
主买：94561万
主卖：-14981万
净买入：79580万
类型：
符合条件2，净额突破，共买入 79580万
$$$$$$$$$$$$$$$$$$$$$$$$$$$$$$$$$$$$$$$$$$$$$$$$$$$$$$$$$$$
601011 宝泰隆 涨幅10,市值91亿 
板块：石墨烯、锂电池、互联网+、煤化工
主买：79365万
主卖：-29905万
净买入：49460万
类型：游资
符合条件2，净额突破，共买入 49460万
$$$$$$$$$$$$$$$$$$$$$$$$$$$$$$$$$$$$$$$$$$$$$$$$$$$$$$$$$$$
000751 锌业股份 涨幅7.39,市值74亿 
板块：小金属、深港通、央企国资改革、参股保险、振兴东北
主买：53773万
主卖：-11729万
净买入：42044万
类型：游资
符合条件2，净额突破，共买入 42044万
$$$$$$$$$$$$$$$$$$$$$$$$$$$$$$$$$$$$$$$$$$$$$$$$$$$$$$$$$$$
000839 中信国安 涨幅6.53,市值289亿 
板块：虚拟现实、量子通信、小金属、网络游戏、锂电池、新能源汽车、深港通、足球概念、转融券标的、央企国资改革、MSCI概念、融资融券、特斯拉
主买：56806万
主卖：-23166万
净买入：33640万
类型：基金
符合条件1，单位时间新增买入 1660万
符合条件2，净额突破，共买入 33640万
$$$$$$$$$$$$$$$$$$$$$$$$$$$$$$$$$$$$$$$$$$$$$$$$$$$$$$$$$$$
300688 创业黑马 涨幅10.01,市值13亿 
板块：新股与次新股
主买：35058万
主卖：-7119万
净买入：27939万
类型：
符合条件2，净额突破，共买入 27939万
$$$$$$$$$$$$$$$$$$$$$$$$$$$$$$$$$$$$$$$$$$$$$$$$$$$$$$$$$$$
002386 天原集团 涨幅9.05,市值56亿 
板块：钛白粉、石墨烯、锂电池
主买：29654万
主卖：-9198万
净买入：20456万
类型：游资
符合条件2，净额突破，共买入 20456万
$$$$$$$$$$$$$$$$$$$$$$$$$$$$$$$$$$$$$$$$$$$$$$$$$$$$$$$$$$$
002236 大华股份 涨幅5.92,市值393亿 
板块：人脸识别、安防、智慧城市、虚拟现实、电子信息、阿里巴巴概念、智能家居、深港通、PPP概念、转融券标的、MSCI概念、、融资融券
主买：23092万
主卖：-5131万
净买入：17961万
类型：
符合条件1，单位时间新增买入 2481万
符合条件2，净额突破，共买入 17961万
$$$$$$$$$$$$$$$$$$$$$$$$$$$$$$$$$$$$$$$$$$$$$$$$$$$$$$$$$$$
600362 江西铜业 涨幅3.02,市值280亿 
板块：黄金、转融券标的、稀缺资源、沪港通概念、MSCI概念、融资融券、参股券商、稀土永磁
主买：38702万
主卖：-21934万
净买入：16767万
类型：基金
符合条件2，净额突破，共买入 16767万
$$$$$$$$$$$$$$$$$$$$$$$$$$$$$$$$$$$$$$$$$$$$$$$$$$$$$$$$$$$
300496 中科创达 涨幅8.86,市值65亿 
板块：人工智能、智能穿戴、车联网、虚拟现实、移动互联网、无人驾驶、4G5G、深港通
主买：23125万
主卖：-7142万
净买入：15983万
类型：
符合条件2，净额突破，共买入 15983万
$$$$$$$$$$$$$$$$$$$$$$$$$$$$$$$$$$$$$$$$$$$$$$$$$$$$$$$$$$$
000825 太钢不锈 涨幅2.65,市值121亿 
板块：互联网+、深港通、电子商务、转融券标的、核电、MSCI概念、融资融券、特钢
主买：29701万
主卖：-14134万
净买入：15568万
类型：基金
符合条件2，净额突破，共买入 15568万
$$$$$$$$$$$$$$$$$$$$$$$$$$$$$$$$$$$$$$$$$$$$$$$$$$$$$$$$$$$
603019 中科曙光 涨幅7.51,市值119亿 
板块：人工智能、云计算、雄安新区、沪港通概念
主买：19568万
主卖：-5047万
净买入：14521万
类型：游资
符合条件2，净额突破，共买入 14521万
$$$$$$$$$$$$$$$$$$$$$$$$$$$$$$$$$$$$$$$$$$$$$$$$$$$$$$$$$$$
603976 正川股份 涨幅7.31,市值13亿 
板块：新股与次新股
主买：15735万
主卖：-2231万
净买入：13505万
类型：
符合条件2，净额突破，共买入 13505万
$$$$$$$$$$$$$$$$$$$$$$$$$$$$$$$$$$$$$$$$$$$$$$$$$$$$$$$$$$$
600807 天业股份 涨幅9.97,市值69亿 
板块：互联网金融、黄金、转融券标的、沪港通概念、融资融券
主买：17641万
主卖：-4513万
净买入：13128万
类型：
符合条件2，净额突破，共买入 13128万
$$$$$$$$$$$$$$$$$$$$$$$$$$$$$$$$$$$$$$$$$$$$$$$$$$$$$$$$$$$
601949 中国出版 涨幅9.97,市值45亿 
板块：新股与次新股
主买：15846万
主卖：-2795万
净买入：13051万
类型：
符合条件2，净额突破，共买入 13051万
$$$$$$$$$$$$$$$$$$$$$$$$$$$$$$$$$$$$$$$$$$$$$$$$$$$$$$$$$$$
600008 首创股份 涨幅2.09,市值151亿 
板块：污水处理、节能环保、PPP概念、固废处理、雄安新区、转融券标的、证金持股、沪港通概念、MSCI概念、融资融券
主买：16377万
主卖：-4862万
净买入：11516万
类型：游资
符合条件2，净额突破，共买入 11516万
$$$$$$$$$$$$$$$$$$$$$$$$$$$$$$$$$$$$$$$$$$$$$$$$$$$$$$$$$$$
600718 东软集团 涨幅4.07,市值159亿 
板块：国产软件、网络安全、云计算、智慧城市、移动互联网、电子信息、汽车电子、高校、阿里巴巴概念、互联网+、马云概念、举牌、转融券标的、医疗器械、沪港通概念、能源互联网、参股保险、融资融券、振兴东北
主买：13860万
主卖：-2805万
净买入：11056万
类型：
符合条件2，净额突破，共买入 11056万
$$$$$$$$$$$$$$$$$$$$$$$$$$$$$$$$$$$$$$$$$$$$$$$$$$$$$$$$$$$
600588 用友网络 涨幅10.02,市值215亿 
板块：国产软件、云计算、移动支付、大数据、电子信息、区块链、互联网金融、阿里巴巴概念、互联网+、参股新三板、电子商务、参股民营银行、融资融券
主买：28163万
主卖：-17167万
净买入：10995万
类型：
符合条件2，净额突破，共买入 10995万
$$$$$$$$$$$$$$$$$$$$$$$$$$$$$$$$$$$$$$$$$$$$$$$$$$$$$$$$$$$
300053 欧比特 涨幅10.01,市值65亿 
板块：人脸识别、芯片替代、集成电路、安防、大数据、卫星导航、网络游戏、手机游戏、深港通、转融券标的、、融资融券
主买：21012万
主卖：-10025万
净买入：10987万
类型：
符合条件2，净额突破，共买入 10987万
$$$$$$$$$$$$$$$$$$$$$$$$$$$$$$$$$$$$$$$$$$$$$$$$$$$$$$$$$$$
601899 紫金矿业 涨幅2.48,市值483亿 
板块：小金属、黄金、转融券标的、稀缺资源、沪港通概念、MSCI概念、融资融券
主买：23551万
主卖：-13371万
净买入：10179万
类型：
符合条件2，净额突破，共买入 10179万
$$$$$$$$$$$$$$$$$$$$$$$$$$$$$$$$$$$$$$$$$$$$$$$$$$$$$$$$$$$
002573 清新环境 涨幅6.49,市值126亿 
板块：PM2.5、脱硫脱硝、美丽中国、深港通、节能环保、京津冀一体化、雄安新区、转融券标的、天然气、融资融券
主买：12328万
主卖：-3740万
净买入：8588万
类型：游资
符合条件1，单位时间新增买入 2593万
$$$$$$$$$$$$$$$$$$$$$$$$$$$$$$$$$$$$$$$$$$$$$$$$$$$$$$$$$$$
601336 新华保险 涨幅-0.13,市值687亿 
板块：互联网+、举牌、转融券标的、证金持股、央企国资改革、沪港通概念、MSCI概念、融资融券
主买：8269万
主卖：-3678万
净买入：4591万
类型：
符合条件1，单位时间新增买入 4591万
--------------------------------------------------------------------------------------------
时间：2017-09-04 1120
$$$$$$$$$$$$$$$$$$$$$$$$$$$$$$$$$$$$$$$$$$$$$$$$$$$$$$$$$$$
601326 秦港股份 涨幅10.01,市值65亿 
板块：沪港通概念、新股与次新股
主买：94595万
主卖：-14981万
净买入：79614万
类型：
符合条件2，净额突破，共买入 79614万
$$$$$$$$$$$$$$$$$$$$$$$$$$$$$$$$$$$$$$$$$$$$$$$$$$$$$$$$$$$
601011 宝泰隆 涨幅10,市值91亿 
板块：石墨烯、锂电池、互联网+、煤化工
主买：79888万
主卖：-29905万
净买入：49984万
类型：游资
符合条件2，净额突破，共买入 49984万
$$$$$$$$$$$$$$$$$$$$$$$$$$$$$$$$$$$$$$$$$$$$$$$$$$$$$$$$$$$
000751 锌业股份 涨幅7.55,市值74亿 
板块：小金属、深港通、央企国资改革、参股保险、振兴东北
主买：53773万
主卖：-11754万
净买入：42018万
类型：游资
符合条件2，净额突破，共买入 42018万
$$$$$$$$$$$$$$$$$$$$$$$$$$$$$$$$$$$$$$$$$$$$$$$$$$$$$$$$$$$
000839 中信国安 涨幅6.53,市值289亿 
板块：虚拟现实、量子通信、小金属、网络游戏、锂电池、新能源汽车、深港通、足球概念、转融券标的、央企国资改革、MSCI概念、融资融券、特斯拉
主买：57958万
主卖：-23711万
净买入：34247万
类型：基金
符合条件2，净额突破，共买入 34247万
$$$$$$$$$$$$$$$$$$$$$$$$$$$$$$$$$$$$$$$$$$$$$$$$$$$$$$$$$$$
300688 创业黑马 涨幅10.01,市值13亿 
板块：新股与次新股
主买：35069万
主卖：-7119万
净买入：27950万
类型：
符合条件2，净额突破，共买入 27950万
$$$$$$$$$$$$$$$$$$$$$$$$$$$$$$$$$$$$$$$$$$$$$$$$$$$$$$$$$$$
002386 天原集团 涨幅8.71,市值55亿 
板块：钛白粉、石墨烯、锂电池
主买：29654万
主卖：-9237万
净买入：20417万
类型：游资
符合条件2，净额突破，共买入 20417万
$$$$$$$$$$$$$$$$$$$$$$$$$$$$$$$$$$$$$$$$$$$$$$$$$$$$$$$$$$$
002236 大华股份 涨幅5.76,市值393亿 
板块：人脸识别、安防、智慧城市、虚拟现实、电子信息、阿里巴巴概念、智能家居、深港通、PPP概念、转融券标的、MSCI概念、、融资融券
主买：24536万
主卖：-6444万
净买入：18093万
类型：
符合条件2，净额突破，共买入 18093万
$$$$$$$$$$$$$$$$$$$$$$$$$$$$$$$$$$$$$$$$$$$$$$$$$$$$$$$$$$$
600362 江西铜业 涨幅3.33,市值280亿 
板块：黄金、转融券标的、稀缺资源、沪港通概念、MSCI概念、融资融券、稀土永磁、参股券商
主买：38702万
主卖：-21948万
净买入：16753万
类型：基金
符合条件2，净额突破，共买入 16753万
$$$$$$$$$$$$$$$$$$$$$$$$$$$$$$$$$$$$$$$$$$$$$$$$$$$$$$$$$$$
300496 中科创达 涨幅8.29,市值64亿 
板块：人工智能、车联网、智能穿戴、虚拟现实、移动互联网、无人驾驶、4G5G、深港通
主买：23125万
主卖：-7408万
净买入：15717万
类型：
符合条件2，净额突破，共买入 15717万
$$$$$$$$$$$$$$$$$$$$$$$$$$$$$$$$$$$$$$$$$$$$$$$$$$$$$$$$$$$
000825 太钢不锈 涨幅3.01,市值121亿 
板块：互联网+、深港通、电子商务、转融券标的、核电、MSCI概念、融资融券、特钢
主买：29701万
主卖：-14276万
净买入：15426万
类型：基金
符合条件2，净额突破，共买入 15426万
$$$$$$$$$$$$$$$$$$$$$$$$$$$$$$$$$$$$$$$$$$$$$$$$$$$$$$$$$$$
603019 中科曙光 涨幅6.94,市值118亿 
板块：人工智能、云计算、雄安新区、沪港通概念
主买：19568万
主卖：-5162万
净买入：14406万
类型：游资
符合条件2，净额突破，共买入 14406万
$$$$$$$$$$$$$$$$$$$$$$$$$$$$$$$$$$$$$$$$$$$$$$$$$$$$$$$$$$$
603976 正川股份 涨幅7.65,市值13亿 
板块：新股与次新股
主买：16044万
主卖：-2231万
净买入：13813万
类型：
符合条件2，净额突破，共买入 13813万
$$$$$$$$$$$$$$$$$$$$$$$$$$$$$$$$$$$$$$$$$$$$$$$$$$$$$$$$$$$
600807 天业股份 涨幅9.97,市值69亿 
板块：互联网金融、黄金、转融券标的、沪港通概念、融资融券
主买：17680万
主卖：-4513万
净买入：13168万
类型：
符合条件2，净额突破，共买入 13168万
$$$$$$$$$$$$$$$$$$$$$$$$$$$$$$$$$$$$$$$$$$$$$$$$$$$$$$$$$$$
601949 中国出版 涨幅9.97,市值45亿 
板块：新股与次新股
主买：15863万
主卖：-2795万
净买入：13068万
类型：
符合条件2，净额突破，共买入 13068万
$$$$$$$$$$$$$$$$$$$$$$$$$$$$$$$$$$$$$$$$$$$$$$$$$$$$$$$$$$$
600718 东软集团 涨幅4.59,市值160亿 
板块：国产软件、云计算、网络安全、智慧城市、移动互联网、电子信息、高校、汽车电子、阿里巴巴概念、互联网+、马云概念、举牌、转融券标的、医疗器械、能源互联网、沪港通概念、参股保险、融资融券、振兴东北
主买：15256万
主卖：-2805万
净买入：12451万
类型：
符合条件1，单位时间新增买入 1396万
符合条件2，净额突破，共买入 12451万
$$$$$$$$$$$$$$$$$$$$$$$$$$$$$$$$$$$$$$$$$$$$$$$$$$$$$$$$$$$
300070 碧水源 涨幅3.25,市值308亿 
板块：美丽中国、污水处理、节能环保、深港通、PPP概念、京津冀一体化、雄安新区、参股民营银行、转融券标的、融资融券
主买：19357万
主卖：-7122万
净买入：12234万
类型：
符合条件1，单位时间新增买入 3040万
符合条件2，净额突破，共买入 12234万
$$$$$$$$$$$$$$$$$$$$$$$$$$$$$$$$$$$$$$$$$$$$$$$$$$$$$$$$$$$
000063 中兴通讯 涨幅1.98,市值829亿 
板块：网络安全、云计算、移动支付、智慧城市、智能穿戴、虚拟现实、移动互联网、物联网、电子信息、宽带中国、机器人概念、职业教育、4G5G、手机游戏、新能源汽车、深港通、转融券标的、证金持股、MSCI概念、融资融券、一带一路
主买：25207万
主卖：-13242万
净买入：11965万
类型：基金
符合条件1，单位时间新增买入 3028万
符合条件2，净额突破，共买入 11965万
$$$$$$$$$$$$$$$$$$$$$$$$$$$$$$$$$$$$$$$$$$$$$$$$$$$$$$$$$$$
600008 首创股份 涨幅1.94,市值151亿 
板块：污水处理、节能环保、固废处理、PPP概念、雄安新区、转融券标的、证金持股、沪港通概念、MSCI概念、融资融券
主买：16570万
主卖：-4862万
净买入：11709万
类型：游资
符合条件2，净额突破，共买入 11709万
$$$$$$$$$$$$$$$$$$$$$$$$$$$$$$$$$$$$$$$$$$$$$$$$$$$$$$$$$$$
601899 紫金矿业 涨幅2.97,市值484亿 
板块：小金属、黄金、转融券标的、稀缺资源、沪港通概念、MSCI概念、融资融券
主买：25027万
主卖：-13371万
净买入：11655万
类型：
符合条件1，单位时间新增买入 1476万
符合条件2，净额突破，共买入 11655万
$$$$$$$$$$$$$$$$$$$$$$$$$$$$$$$$$$$$$$$$$$$$$$$$$$$$$$$$$$$
300053 欧比特 涨幅10.01,市值65亿 
板块：人脸识别、芯片替代、集成电路、安防、大数据、卫星导航、网络游戏、手机游戏、深港通、转融券标的、、融资融券
主买：21126万
主卖：-10025万
净买入：11101万
类型：
符合条件2，净额突破，共买入 11101万
$$$$$$$$$$$$$$$$$$$$$$$$$$$$$$$$$$$$$$$$$$$$$$$$$$$$$$$$$$$
600588 用友网络 涨幅10.02,市值215亿 
板块：国产软件、云计算、移动支付、大数据、电子信息、区块链、互联网金融、阿里巴巴概念、参股新三板、互联网+、电子商务、参股民营银行、融资融券
主买：28170万
主卖：-17167万
净买入：11002万
类型：
符合条件2，净额突破，共买入 11002万
$$$$$$$$$$$$$$$$$$$$$$$$$$$$$$$$$$$$$$$$$$$$$$$$$$$$$$$$$$$
002573 清新环境 涨幅7.39,市值127亿 
板块：PM2.5、脱硫脱硝、美丽中国、节能环保、深港通、京津冀一体化、雄安新区、转融券标的、天然气、融资融券
主买：13928万
主卖：-3740万
净买入：10188万
类型：游资
符合条件1，单位时间新增买入 1600万
符合条件2，净额突破，共买入 10188万
--------------------------------------------------------------------------------------------
时间：2017-09-04 1125
$$$$$$$$$$$$$$$$$$$$$$$$$$$$$$$$$$$$$$$$$$$$$$$$$$$$$$$$$$$
601326 秦港股份 涨幅10.01,市值65亿 
板块：沪港通概念、新股与次新股
主买：94722万
主卖：-14981万
净买入：79741万
类型：
符合条件2，净额突破，共买入 79741万
$$$$$$$$$$$$$$$$$$$$$$$$$$$$$$$$$$$$$$$$$$$$$$$$$$$$$$$$$$$
601011 宝泰隆 涨幅10,市值91亿 
板块：石墨烯、锂电池、互联网+、煤化工
主买：80654万
主卖：-30133万
净买入：50521万
类型：游资
符合条件2，净额突破，共买入 50521万
$$$$$$$$$$$$$$$$$$$$$$$$$$$$$$$$$$$$$$$$$$$$$$$$$$$$$$$$$$$
000751 锌业股份 涨幅7.86,市值74亿 
板块：小金属、深港通、央企国资改革、参股保险、振兴东北
主买：53814万
主卖：-11754万
净买入：42060万
类型：游资
符合条件2，净额突破，共买入 42060万
$$$$$$$$$$$$$$$$$$$$$$$$$$$$$$$$$$$$$$$$$$$$$$$$$$$$$$$$$$$
000839 中信国安 涨幅5.97,市值287亿 
板块：虚拟现实、量子通信、小金属、网络游戏、锂电池、新能源汽车、深港通、足球概念、转融券标的、央企国资改革、MSCI概念、融资融券、特斯拉
主买：58626万
主卖：-23969万
净买入：34657万
类型：基金
符合条件2，净额突破，共买入 34657万
$$$$$$$$$$$$$$$$$$$$$$$$$$$$$$$$$$$$$$$$$$$$$$$$$$$$$$$$$$$
300688 创业黑马 涨幅10.01,市值13亿 
板块：新股与次新股
主买：35109万
主卖：-7119万
净买入：27990万
类型：
符合条件2，净额突破，共买入 27990万
$$$$$$$$$$$$$$$$$$$$$$$$$$$$$$$$$$$$$$$$$$$$$$$$$$$$$$$$$$$
002386 天原集团 涨幅8.46,市值55亿 
板块：钛白粉、石墨烯、锂电池
主买：29654万
主卖：-9856万
净买入：19798万
类型：游资
符合条件2，净额突破，共买入 19798万
$$$$$$$$$$$$$$$$$$$$$$$$$$$$$$$$$$$$$$$$$$$$$$$$$$$$$$$$$$$
002236 大华股份 涨幅6.08,市值394亿 
板块：人脸识别、安防、智慧城市、虚拟现实、电子信息、阿里巴巴概念、智能家居、深港通、PPP概念、转融券标的、MSCI概念、、融资融券
主买：24817万
主卖：-6444万
净买入：18374万
类型：
符合条件2，净额突破，共买入 18374万
$$$$$$$$$$$$$$$$$$$$$$$$$$$$$$$$$$$$$$$$$$$$$$$$$$$$$$$$$$$
600362 江西铜业 涨幅3.28,市值280亿 
板块：黄金、稀缺资源、转融券标的、稀土永磁、沪港通概念、MSCI概念、融资融券、参股券商
主买：38767万
主卖：-21948万
净买入：16818万
类型：基金
符合条件2，净额突破，共买入 16818万
$$$$$$$$$$$$$$$$$$$$$$$$$$$$$$$$$$$$$$$$$$$$$$$$$$$$$$$$$$$
000825 太钢不锈 涨幅3.01,市值121亿 
板块：深港通、互联网+、电子商务、转融券标的、核电、MSCI概念、融资融券、特钢
主买：29976万
主卖：-14276万
净买入：15700万
类型：基金
符合条件2，净额突破，共买入 15700万
$$$$$$$$$$$$$$$$$$$$$$$$$$$$$$$$$$$$$$$$$$$$$$$$$$$$$$$$$$$
300496 中科创达 涨幅8.51,市值65亿 
板块：人工智能、车联网、智能穿戴、虚拟现实、移动互联网、无人驾驶、4G5G、深港通
主买：23125万
主卖：-7666万
净买入：15459万
类型：
符合条件2，净额突破，共买入 15459万
$$$$$$$$$$$$$$$$$$$$$$$$$$$$$$$$$$$$$$$$$$$$$$$$$$$$$$$$$$$
603019 中科曙光 涨幅6.87,市值118亿 
板块：人工智能、云计算、雄安新区、沪港通概念
主买：19581万
主卖：-5162万
净买入：14419万
类型：游资
符合条件2，净额突破，共买入 14419万
$$$$$$$$$$$$$$$$$$$$$$$$$$$$$$$$$$$$$$$$$$$$$$$$$$$$$$$$$$$
603976 正川股份 涨幅7.67,市值13亿 
板块：新股与次新股
主买：16225万
主卖：-2231万
净买入：13995万
类型：
符合条件2，净额突破，共买入 13995万
$$$$$$$$$$$$$$$$$$$$$$$$$$$$$$$$$$$$$$$$$$$$$$$$$$$$$$$$$$$
600807 天业股份 涨幅9.97,市值69亿 
板块：互联网金融、黄金、转融券标的、沪港通概念、融资融券
主买：17742万
主卖：-4513万
净买入：13229万
类型：
符合条件2，净额突破，共买入 13229万
$$$$$$$$$$$$$$$$$$$$$$$$$$$$$$$$$$$$$$$$$$$$$$$$$$$$$$$$$$$
601949 中国出版 涨幅9.97,市值45亿 
板块：新股与次新股
主买：15863万
主卖：-2795万
净买入：13068万
类型：
符合条件2，净额突破，共买入 13068万
$$$$$$$$$$$$$$$$$$$$$$$$$$$$$$$$$$$$$$$$$$$$$$$$$$$$$$$$$$$
600718 东软集团 涨幅4.07,市值159亿 
板块：国产软件、云计算、网络安全、智慧城市、移动互联网、电子信息、高校、汽车电子、阿里巴巴概念、互联网+、马云概念、举牌、转融券标的、医疗器械、能源互联网、沪港通概念、参股保险、融资融券、振兴东北
主买：15652万
主卖：-3453万
净买入：12200万
类型：
符合条件2，净额突破，共买入 12200万
$$$$$$$$$$$$$$$$$$$$$$$$$$$$$$$$$$$$$$$$$$$$$$$$$$$$$$$$$$$
600008 首创股份 涨幅1.94,市值151亿 
板块：污水处理、节能环保、固废处理、PPP概念、雄安新区、转融券标的、证金持股、沪港通概念、MSCI概念、融资融券
主买：17032万
主卖：-4862万
净买入：12171万
类型：游资
符合条件2，净额突破，共买入 12171万
$$$$$$$$$$$$$$$$$$$$$$$$$$$$$$$$$$$$$$$$$$$$$$$$$$$$$$$$$$$
000063 中兴通讯 涨幅2.36,市值831亿 
板块：云计算、网络安全、移动支付、智慧城市、智能穿戴、虚拟现实、移动互联网、电子信息、物联网、宽带中国、机器人概念、职业教育、4G5G、手机游戏、新能源汽车、深港通、转融券标的、证金持股、MSCI概念、融资融券、一带一路
主买：25694万
主卖：-13604万
净买入：12090万
类型：基金
符合条件2，净额突破，共买入 12090万
$$$$$$$$$$$$$$$$$$$$$$$$$$$$$$$$$$$$$$$$$$$$$$$$$$$$$$$$$$$
300070 碧水源 涨幅2.89,市值307亿 
板块：美丽中国、污水处理、节能环保、深港通、PPP概念、京津冀一体化、雄安新区、参股民营银行、转融券标的、融资融券
主买：19357万
主卖：-7541万
净买入：11816万
类型：
符合条件2，净额突破，共买入 11816万
$$$$$$$$$$$$$$$$$$$$$$$$$$$$$$$$$$$$$$$$$$$$$$$$$$$$$$$$$$$
601899 紫金矿业 涨幅2.97,市值484亿 
板块：小金属、黄金、稀缺资源、转融券标的、沪港通概念、MSCI概念、融资融券
主买：25027万
主卖：-13583万
净买入：11444万
类型：
符合条件2，净额突破，共买入 11444万
$$$$$$$$$$$$$$$$$$$$$$$$$$$$$$$$$$$$$$$$$$$$$$$$$$$$$$$$$$$
300053 欧比特 涨幅10.01,市值65亿 
板块：人脸识别、芯片替代、集成电路、安防、大数据、卫星导航、网络游戏、手机游戏、深港通、转融券标的、、融资融券
主买：21303万
主卖：-10139万
净买入：11165万
类型：
符合条件2，净额突破，共买入 11165万
$$$$$$$$$$$$$$$$$$$$$$$$$$$$$$$$$$$$$$$$$$$$$$$$$$$$$$$$$$$
600588 用友网络 涨幅10.02,市值215亿 
板块：国产软件、云计算、移动支付、大数据、电子信息、区块链、互联网金融、阿里巴巴概念、参股新三板、互联网+、电子商务、参股民营银行、融资融券
主买：28300万
主卖：-17167万
净买入：11132万
类型：
符合条件2，净额突破，共买入 11132万
$$$$$$$$$$$$$$$$$$$$$$$$$$$$$$$$$$$$$$$$$$$$$$$$$$$$$$$$$$$
600874 创业环保 涨幅2.98,市值101亿 
板块：美丽中国、污水处理、节能环保、PPP概念、京津冀一体化、雄安新区、转融券标的、新能源、沪港通概念、融资融券
主买：12649万
主卖：-2468万
净买入：10181万
类型：游资
符合条件2，净额突破，共买入 10181万
$$$$$$$$$$$$$$$$$$$$$$$$$$$$$$$$$$$$$$$$$$$$$$$$$$$$$$$$$$$
002573 清新环境 涨幅6.19,市值125亿 
板块：PM2.5、脱硫脱硝、美丽中国、节能环保、深港通、京津冀一体化、雄安新区、转融券标的、天然气、融资融券
主买：14314万
主卖：-4183万
净买入：10131万
类型：游资
符合条件2，净额突破，共买入 10131万
$$$$$$$$$$$$$$$$$$$$$$$$$$$$$$$$$$$$$$$$$$$$$$$$$$$$$$$$$$$
600446 金证股份 涨幅5.09,市值87亿 
板块：国产软件、电子信息、区块链、互联网金融、阿里巴巴概念、互联网+、马云概念、举牌、电子商务、转融券标的、沪港通概念、融资融券
主买：7873万
主卖：-2056万
净买入：5817万
类型：
符合条件1，单位时间新增买入 1085万
$$$$$$$$$$$$$$$$$$$$$$$$$$$$$$$$$$$$$$$$$$$$$$$$$$$$$$$$$$$
600388 龙净环保 涨幅5.16,市值129亿 
板块：PM2.5、脱硫脱硝、节能环保、新材料概念、转融券标的、股权转让、沪港通概念、融资融券
主买：14912万
主卖：-9211万
净买入：5701万
类型：
符合条件1，单位时间新增买入 5701万
$$$$$$$$$$$$$$$$$$$$$$$$$$$$$$$$$$$$$$$$$$$$$$$$$$$$$$$$$$$
000997 新 大 陆 涨幅2.46,市值154亿 
板块：安防、电子发票、移动支付、智慧城市、大数据、二维码识别、物联网、互联网金融、网络游戏、金融IC、深港通、互联网+、电子商务、转融券标的、融资融券
主买：9980万
主卖：-4670万
净买入：5310万
类型：
符合条件1，单位时间新增买入 5310万
--------------------------------------------------------------------------------------------
时间：2017-09-04 1130
$$$$$$$$$$$$$$$$$$$$$$$$$$$$$$$$$$$$$$$$$$$$$$$$$$$$$$$$$$$
601326 秦港股份 涨幅10.01,市值65亿 
板块：沪港通概念、新股与次新股
主买：94786万
主卖：-14981万
净买入：79806万
类型：
符合条件2，净额突破，共买入 79806万
$$$$$$$$$$$$$$$$$$$$$$$$$$$$$$$$$$$$$$$$$$$$$$$$$$$$$$$$$$$
601011 宝泰隆 涨幅10,市值91亿 
板块：石墨烯、锂电池、互联网+、煤化工
主买：80843万
主卖：-30133万
净买入：50709万
类型：游资
符合条件2，净额突破，共买入 50709万
$$$$$$$$$$$$$$$$$$$$$$$$$$$$$$$$$$$$$$$$$$$$$$$$$$$$$$$$$$$
000751 锌业股份 涨幅8.49,市值74亿 
板块：小金属、深港通、央企国资改革、参股保险、振兴东北
主买：54307万
主卖：-11754万
净买入：42552万
类型：游资
符合条件2，净额突破，共买入 42552万
$$$$$$$$$$$$$$$$$$$$$$$$$$$$$$$$$$$$$$$$$$$$$$$$$$$$$$$$$$$
000839 中信国安 涨幅5.79,市值287亿 
板块：小金属、虚拟现实、量子通信、网络游戏、锂电池、新能源汽车、深港通、转融券标的、足球概念、央企国资改革、MSCI概念、融资融券、特斯拉
主买：58939万
主卖：-24585万
净买入：34353万
类型：基金
符合条件2，净额突破，共买入 34353万
$$$$$$$$$$$$$$$$$$$$$$$$$$$$$$$$$$$$$$$$$$$$$$$$$$$$$$$$$$$
300688 创业黑马 涨幅10.01,市值13亿 
板块：新股与次新股
主买：35156万
主卖：-7119万
净买入：28037万
类型：
符合条件2，净额突破，共买入 28037万
$$$$$$$$$$$$$$$$$$$$$$$$$$$$$$$$$$$$$$$$$$$$$$$$$$$$$$$$$$$
002386 天原集团 涨幅8.04,市值55亿 
板块：钛白粉、石墨烯、锂电池
主买：29654万
主卖：-9856万
净买入：19798万
类型：游资
符合条件2，净额突破，共买入 19798万
$$$$$$$$$$$$$$$$$$$$$$$$$$$$$$$$$$$$$$$$$$$$$$$$$$$$$$$$$$$
002236 大华股份 涨幅6.75,市值396亿 
板块：人脸识别、安防、智慧城市、虚拟现实、电子信息、阿里巴巴概念、智能家居、深港通、PPP概念、转融券标的、MSCI概念、、融资融券
主买：26267万
主卖：-6899万
净买入：19368万
类型：
符合条件2，净额突破，共买入 19368万
$$$$$$$$$$$$$$$$$$$$$$$$$$$$$$$$$$$$$$$$$$$$$$$$$$$$$$$$$$$
600362 江西铜业 涨幅3.88,市值282亿 
板块：黄金、稀土永磁、稀缺资源、转融券标的、沪港通概念、MSCI概念、参股券商、融资融券
主买：39139万
主卖：-22061万
净买入：17078万
类型：基金
符合条件2，净额突破，共买入 17078万
$$$$$$$$$$$$$$$$$$$$$$$$$$$$$$$$$$$$$$$$$$$$$$$$$$$$$$$$$$$
000825 太钢不锈 涨幅3.54,市值122亿 
板块：深港通、互联网+、电子商务、转融券标的、核电、MSCI概念、融资融券、特钢
主买：30884万
主卖：-14276万
净买入：16608万
类型：基金
符合条件2，净额突破，共买入 16608万
$$$$$$$$$$$$$$$$$$$$$$$$$$$$$$$$$$$$$$$$$$$$$$$$$$$$$$$$$$$
300496 中科创达 涨幅8.34,市值64亿 
板块：人工智能、车联网、智能穿戴、虚拟现实、移动互联网、无人驾驶、4G5G、深港通
主买：23125万
主卖：-7923万
净买入：15202万
类型：
符合条件2，净额突破，共买入 15202万
$$$$$$$$$$$$$$$$$$$$$$$$$$$$$$$$$$$$$$$$$$$$$$$$$$$$$$$$$$$
603019 中科曙光 涨幅7.01,市值118亿 
板块：人工智能、云计算、雄安新区、沪港通概念
主买：19607万
主卖：-5162万
净买入：14445万
类型：游资
符合条件2，净额突破，共买入 14445万
$$$$$$$$$$$$$$$$$$$$$$$$$$$$$$$$$$$$$$$$$$$$$$$$$$$$$$$$$$$
603976 正川股份 涨幅8.23,市值13亿 
板块：新股与次新股
主买：16283万
主卖：-2231万
净买入：14053万
类型：
符合条件2，净额突破，共买入 14053万
$$$$$$$$$$$$$$$$$$$$$$$$$$$$$$$$$$$$$$$$$$$$$$$$$$$$$$$$$$$
600807 天业股份 涨幅9.97,市值69亿 
板块：黄金、互联网金融、转融券标的、沪港通概念、融资融券
主买：17776万
主卖：-4513万
净买入：13264万
类型：
符合条件2，净额突破，共买入 13264万
$$$$$$$$$$$$$$$$$$$$$$$$$$$$$$$$$$$$$$$$$$$$$$$$$$$$$$$$$$$
601949 中国出版 涨幅9.97,市值45亿 
板块：新股与次新股
主买：15863万
主卖：-2795万
净买入：13068万
类型：
符合条件2，净额突破，共买入 13068万
$$$$$$$$$$$$$$$$$$$$$$$$$$$$$$$$$$$$$$$$$$$$$$$$$$$$$$$$$$$
000063 中兴通讯 涨幅2.11,市值829亿 
板块：云计算、移动支付、网络安全、智慧城市、智能穿戴、虚拟现实、移动互联网、电子信息、物联网、宽带中国、机器人概念、职业教育、4G5G、新能源汽车、手机游戏、深港通、转融券标的、证金持股、MSCI概念、融资融券、一带一路
主买：27566万
主卖：-15100万
净买入：12466万
类型：基金
符合条件2，净额突破，共买入 12466万
$$$$$$$$$$$$$$$$$$$$$$$$$$$$$$$$$$$$$$$$$$$$$$$$$$$$$$$$$$$
600718 东软集团 涨幅4.47,市值160亿 
板块：国产软件、云计算、网络安全、智慧城市、移动互联网、电子信息、高校、阿里巴巴概念、汽车电子、互联网+、马云概念、举牌、转融券标的、能源互联网、参股保险、沪港通概念、医疗器械、融资融券、振兴东北
主买：15792万
主卖：-3453万
净买入：12339万
类型：
符合条件2，净额突破，共买入 12339万
$$$$$$$$$$$$$$$$$$$$$$$$$$$$$$$$$$$$$$$$$$$$$$$$$$$$$$$$$$$
600008 首创股份 涨幅1.94,市值151亿 
板块：污水处理、固废处理、节能环保、PPP概念、雄安新区、转融券标的、证金持股、沪港通概念、MSCI概念、融资融券
主买：17139万
主卖：-4862万
净买入：12277万
类型：游资
符合条件2，净额突破，共买入 12277万
$$$$$$$$$$$$$$$$$$$$$$$$$$$$$$$$$$$$$$$$$$$$$$$$$$$$$$$$$$$
601899 紫金矿业 涨幅3.22,市值485亿 
板块：小金属、黄金、稀缺资源、转融券标的、沪港通概念、MSCI概念、融资融券
主买：25761万
主卖：-13583万
净买入：12178万
类型：
符合条件2，净额突破，共买入 12178万
$$$$$$$$$$$$$$$$$$$$$$$$$$$$$$$$$$$$$$$$$$$$$$$$$$$$$$$$$$$
300070 碧水源 涨幅2.94,市值307亿 
板块：美丽中国、污水处理、节能环保、深港通、PPP概念、京津冀一体化、雄安新区、转融券标的、参股民营银行、融资融券
主买：19663万
主卖：-7541万
净买入：12123万
类型：
符合条件2，净额突破，共买入 12123万
$$$$$$$$$$$$$$$$$$$$$$$$$$$$$$$$$$$$$$$$$$$$$$$$$$$$$$$$$$$
600588 用友网络 涨幅10.02,市值215亿 
板块：国产软件、云计算、移动支付、大数据、电子信息、区块链、互联网金融、阿里巴巴概念、参股新三板、互联网+、电子商务、参股民营银行、融资融券
主买：28372万
主卖：-17167万
净买入：11205万
类型：
符合条件2，净额突破，共买入 11205万
$$$$$$$$$$$$$$$$$$$$$$$$$$$$$$$$$$$$$$$$$$$$$$$$$$$$$$$$$$$
300053 欧比特 涨幅10.01,市值65亿 
板块：人脸识别、芯片替代、集成电路、安防、大数据、卫星导航、网络游戏、手机游戏、深港通、转融券标的、、融资融券
主买：21303万
主卖：-10139万
净买入：11165万
类型：
符合条件2，净额突破，共买入 11165万
$$$$$$$$$$$$$$$$$$$$$$$$$$$$$$$$$$$$$$$$$$$$$$$$$$$$$$$$$$$
300148 天舟文化 涨幅7.25,市值65亿 
板块：在线教育、网络游戏、手机游戏、深港通、二胎概念、文化传媒
主买：5706万
主卖：-629万
净买入：5077万
类型：
符合条件1，单位时间新增买入 3708万
--------------------------------------------------------------------------------------------
时间：2017-09-04 1135
--------------------------------------------------------------------------------------------
时间：2017-09-04 1300
