--------------------------------------------------------------------------------------------
时间： 
--------------------------------------------------------------------------------------------
时间： 
--------------------------------------------------------------------------------------------
时间： 
$$$$$$$$$$$$$$$$$$$$$$$$$$$$$$$$$$$$$$$$$$$$$$$$$$$$$$$$$$$
603183 建研院 涨幅10.00,市值15亿 
板块：
主买：12188万
主卖：-4400万
净买入：7788万
类型：
符合条件1，单位时间新增买入 7788万
$$$$$$$$$$$$$$$$$$$$$$$$$$$$$$$$$$$$$$$$$$$$$$$$$$$$$$$$$$$
002895 川恒股份 涨幅2.24,市值15亿 
板块：开板次新
主买：3988万
主卖：-381万
净买入：3607万
类型：
符合条件1，单位时间新增买入 3607万
$$$$$$$$$$$$$$$$$$$$$$$$$$$$$$$$$$$$$$$$$$$$$$$$$$$$$$$$$$$
000868 安凯客车 涨幅9.96,市值38亿 
板块：新能源汽车
主买：6919万
主卖：-5197万
净买入：1722万
类型：
符合条件1，单位时间新增买入 1722万
--------------------------------------------------------------------------------------------
时间： 
$$$$$$$$$$$$$$$$$$$$$$$$$$$$$$$$$$$$$$$$$$$$$$$$$$$$$$$$$$$
603183 建研院 涨幅10.00,市值15亿 
板块：
主买：13915万
主卖：-4400万
净买入：9515万
类型：
符合条件1，单位时间新增买入 1727万
--------------------------------------------------------------------------------------------
时间： 
$$$$$$$$$$$$$$$$$$$$$$$$$$$$$$$$$$$$$$$$$$$$$$$$$$$$$$$$$$$
603183 建研院 涨幅10.00,市值15亿 
板块：
主买：15525万
主卖：-4400万
净买入：11125万
类型：
符合条件1，单位时间新增买入 1610万
--------------------------------------------------------------------------------------------
时间： 
--------------------------------------------------------------------------------------------
时间： 
--------------------------------------------------------------------------------------------
时间： 
--------------------------------------------------------------------------------------------
时间： 
$$$$$$$$$$$$$$$$$$$$$$$$$$$$$$$$$$$$$$$$$$$$$$$$$$$$$$$$$$$
603527 众源新材 涨幅2.02,市值14亿 
板块：开板次新
主买：1535万
主卖：-488万
净买入：1048万
类型：
符合条件1，单位时间新增买入 1048万
--------------------------------------------------------------------------------------------
时间： 
--------------------------------------------------------------------------------------------
时间： 
--------------------------------------------------------------------------------------------
时间： 
$$$$$$$$$$$$$$$$$$$$$$$$$$$$$$$$$$$$$$$$$$$$$$$$$$$$$$$$$$$
000868 安凯客车 涨幅9.96,市值38亿 
板块：新能源汽车
主买：16605万
主卖：-13836万
净买入：2769万
类型：
符合条件1，单位时间新增买入 3533万
$$$$$$$$$$$$$$$$$$$$$$$$$$$$$$$$$$$$$$$$$$$$$$$$$$$$$$$$$$$
600136 当代明诚 涨幅8.18,市值31亿 
板块：复牌
主买：1327万
主卖：-94万
净买入：1233万
类型：
符合条件1，单位时间新增买入 1233万
--------------------------------------------------------------------------------------------
时间： 
--------------------------------------------------------------------------------------------
时间： 
$$$$$$$$$$$$$$$$$$$$$$$$$$$$$$$$$$$$$$$$$$$$$$$$$$$$$$$$$$$
600136 当代明诚 涨幅10.00,市值32亿 
板块：复牌
主买：2291万
主卖：-94万
净买入：2197万
类型：
符合条件1，单位时间新增买入 955万
--------------------------------------------------------------------------------------------
时间： 
$$$$$$$$$$$$$$$$$$$$$$$$$$$$$$$$$$$$$$$$$$$$$$$$$$$$$$$$$$$
600773 西藏城投 涨幅3.26,市值69亿 
板块：锂电池,西藏板块,新能源汽车
主买：2357万
主卖：-685万
净买入：1672万
类型：游资
符合条件1，单位时间新增买入 1672万
$$$$$$$$$$$$$$$$$$$$$$$$$$$$$$$$$$$$$$$$$$$$$$$$$$$$$$$$$$$
002895 川恒股份 涨幅9.98,市值16亿 
板块：开板次新
主买：12551万
主卖：-4863万
净买入：7688万
类型：
符合条件1，单位时间新增买入 4145万
--------------------------------------------------------------------------------------------
时间： 
$$$$$$$$$$$$$$$$$$$$$$$$$$$$$$$$$$$$$$$$$$$$$$$$$$$$$$$$$$$
002176 江特电机 涨幅-2.61,市值174亿 
板块：锂电池,电气设备,新能源汽车
主买：13133万
主卖：-7271万
净买入：5862万
类型：
符合条件1，单位时间新增买入 5862万
$$$$$$$$$$$$$$$$$$$$$$$$$$$$$$$$$$$$$$$$$$$$$$$$$$$$$$$$$$$
603559 中通国脉 涨幅1.59,市值9亿 
板块：5G
主买：1490万
主卖：-356万
净买入：1135万
类型：
符合条件1，单位时间新增买入 1135万
$$$$$$$$$$$$$$$$$$$$$$$$$$$$$$$$$$$$$$$$$$$$$$$$$$$$$$$$$$$
002895 川恒股份 涨幅10.01,市值16亿 
板块：开板次新
主买：14657万
主卖：-5106万
净买入：9551万
类型：
符合条件1，单位时间新增买入 1863万
$$$$$$$$$$$$$$$$$$$$$$$$$$$$$$$$$$$$$$$$$$$$$$$$$$$$$$$$$$$
300691 联合光电 涨幅4.18,市值18亿 
板块：次新股
主买：1626万
主卖：-135万
净买入：1491万
类型：
符合条件1，单位时间新增买入 1491万
--------------------------------------------------------------------------------------------
时间： 
--------------------------------------------------------------------------------------------
时间： 
$$$$$$$$$$$$$$$$$$$$$$$$$$$$$$$$$$$$$$$$$$$$$$$$$$$$$$$$$$$
000762 西藏矿业 涨幅-1.51,市值84亿 
板块：盐湖提锂,西藏板块,锂电池
主买：4287万
主卖：-2751万
净买入：1536万
类型：游资
符合条件1，单位时间新增买入 1536万
--------------------------------------------------------------------------------------------
时间： 
$$$$$$$$$$$$$$$$$$$$$$$$$$$$$$$$$$$$$$$$$$$$$$$$$$$$$$$$$$$
600206 有研新材 涨幅10.00,市值58亿 
板块：稀土永磁
主买：12174万
主卖：-5062万
净买入：7112万
类型：游资
符合条件1，单位时间新增买入 7112万
--------------------------------------------------------------------------------------------
时间： 
$$$$$$$$$$$$$$$$$$$$$$$$$$$$$$$$$$$$$$$$$$$$$$$$$$$$$$$$$$$
600206 有研新材 涨幅9.44,市值58亿 
板块：稀土永磁
主买：18331万
主卖：-8238万
净买入：10092万
类型：游资
符合条件1，单位时间新增买入 2980万
--------------------------------------------------------------------------------------------
时间： 
--------------------------------------------------------------------------------------------
时间： 
--------------------------------------------------------------------------------------------
时间： 
$$$$$$$$$$$$$$$$$$$$$$$$$$$$$$$$$$$$$$$$$$$$$$$$$$$$$$$$$$$
000063 中兴通讯 涨幅1.88,市值872亿 
板块：5G,白马股
主买：12910万
主卖：-4901万
净买入：8008万
类型：基金
符合条件1，单位时间新增买入 8008万
$$$$$$$$$$$$$$$$$$$$$$$$$$$$$$$$$$$$$$$$$$$$$$$$$$$$$$$$$$$
600516 方大炭素 涨幅-2.95,市值312亿 
板块：石墨电极
主买：25872万
主卖：-32058万
净买入：-6186万
类型：游资
符合条件1，单位时间新增买入 849万
--------------------------------------------------------------------------------------------
时间： 
$$$$$$$$$$$$$$$$$$$$$$$$$$$$$$$$$$$$$$$$$$$$$$$$$$$$$$$$$$$
300290 荣科科技 涨幅4.79,市值16亿 
板块：5G
主买：2010万
主卖：-850万
净买入：1160万
类型：
符合条件1，单位时间新增买入 1160万
--------------------------------------------------------------------------------------------
时间： 
$$$$$$$$$$$$$$$$$$$$$$$$$$$$$$$$$$$$$$$$$$$$$$$$$$$$$$$$$$$
000868 安凯客车 涨幅9.96,市值38亿 
板块：新能源汽车
主买：28681万
主卖：-23990万
净买入：4691万
类型：
符合条件1，单位时间新增买入 1307万
--------------------------------------------------------------------------------------------
时间： 
$$$$$$$$$$$$$$$$$$$$$$$$$$$$$$$$$$$$$$$$$$$$$$$$$$$$$$$$$$$
300274 阳光电源 涨幅5.41,市值138亿 
板块：锂电池
主买：4814万
主卖：-1222万
净买入：3592万
类型：
符合条件1，单位时间新增买入 3592万
$$$$$$$$$$$$$$$$$$$$$$$$$$$$$$$$$$$$$$$$$$$$$$$$$$$$$$$$$$$
601318 中国平安 涨幅0.54,市值5553亿 
板块：蓝筹股,保险
主买：23435万
主卖：-20705万
净买入：2730万
类型：基金
符合条件1，单位时间新增买入 2730万
--------------------------------------------------------------------------------------------
时间： 
$$$$$$$$$$$$$$$$$$$$$$$$$$$$$$$$$$$$$$$$$$$$$$$$$$$$$$$$$$$
000651 格力电器 涨幅1.18,市值1551亿 
板块：白色家电,白马股,蓝筹股
主买：22949万
主卖：-5635万
净买入：17315万
类型：
符合条件1，单位时间新增买入 17315万
--------------------------------------------------------------------------------------------
时间： 
$$$$$$$$$$$$$$$$$$$$$$$$$$$$$$$$$$$$$$$$$$$$$$$$$$$$$$$$$$$
000651 格力电器 涨幅1.47,市值1556亿 
板块：白色家电,白马股,蓝筹股
主买：25548万
主卖：-6511万
净买入：19037万
类型：
符合条件1，单位时间新增买入 1723万
$$$$$$$$$$$$$$$$$$$$$$$$$$$$$$$$$$$$$$$$$$$$$$$$$$$$$$$$$$$
000063 中兴通讯 涨幅2.28,市值876亿 
板块：5G,白马股
主买：14355万
主卖：-5402万
净买入：8953万
类型：基金
符合条件1，单位时间新增买入 879万
--------------------------------------------------------------------------------------------
时间： 
--------------------------------------------------------------------------------------------
时间： 
$$$$$$$$$$$$$$$$$$$$$$$$$$$$$$$$$$$$$$$$$$$$$$$$$$$$$$$$$$$
000651 格力电器 涨幅1.40,市值1555亿 
板块：白色家电,白马股,蓝筹股
主买：29828万
主卖：-9608万
净买入：20220万
类型：
符合条件1，单位时间新增买入 991万
$$$$$$$$$$$$$$$$$$$$$$$$$$$$$$$$$$$$$$$$$$$$$$$$$$$$$$$$$$$
600206 有研新材 涨幅8.80,市值58亿 
板块：稀土永磁
主买：20511万
主卖：-9152万
净买入：11359万
类型：游资
符合条件1，单位时间新增买入 811万
--------------------------------------------------------------------------------------------
时间： 
$$$$$$$$$$$$$$$$$$$$$$$$$$$$$$$$$$$$$$$$$$$$$$$$$$$$$$$$$$$
002897 意华股份 涨幅4.74,市值16亿 
板块：次新股
主买：2362万
主卖：-945万
净买入：1418万
类型：
符合条件1，单位时间新增买入 1418万
$$$$$$$$$$$$$$$$$$$$$$$$$$$$$$$$$$$$$$$$$$$$$$$$$$$$$$$$$$$
300666 江丰电子 涨幅9.99,市值25亿 
板块：次新股,OLED
主买：6114万
主卖：-10838万
净买入：-4724万
类型：游资
符合条件1，单位时间新增买入 1973万
--------------------------------------------------------------------------------------------
时间： 
$$$$$$$$$$$$$$$$$$$$$$$$$$$$$$$$$$$$$$$$$$$$$$$$$$$$$$$$$$$
000651 格力电器 涨幅1.61,市值1558亿 
板块：白色家电,白马股,蓝筹股
主买：34041万
主卖：-10255万
净买入：23786万
类型：
符合条件1，单位时间新增买入 3565万
$$$$$$$$$$$$$$$$$$$$$$$$$$$$$$$$$$$$$$$$$$$$$$$$$$$$$$$$$$$
600206 有研新材 涨幅10.00,市值58亿 
板块：稀土永磁
主买：28119万
主卖：-10369万
净买入：17749万
类型：游资
符合条件1，单位时间新增买入 6391万
$$$$$$$$$$$$$$$$$$$$$$$$$$$$$$$$$$$$$$$$$$$$$$$$$$$$$$$$$$$
000970 中科三环 涨幅2.91,市值165亿 
板块：永磁材料
主买：5206万
主卖：-4997万
净买入：208万
类型：游资
符合条件1，单位时间新增买入 1953万
--------------------------------------------------------------------------------------------
时间： 
--------------------------------------------------------------------------------------------
时间： 
$$$$$$$$$$$$$$$$$$$$$$$$$$$$$$$$$$$$$$$$$$$$$$$$$$$$$$$$$$$
002109 兴化股份 涨幅10.02,市值21亿 
板块：乙醇汽油
主买：3857万
主卖：-1778万
净买入：2079万
类型：游资
符合条件1，单位时间新增买入 756万
$$$$$$$$$$$$$$$$$$$$$$$$$$$$$$$$$$$$$$$$$$$$$$$$$$$$$$$$$$$
300666 江丰电子 涨幅9.99,市值25亿 
板块：次新股,OLED
主买：10147万
主卖：-13187万
净买入：-3040万
类型：游资
符合条件1，单位时间新增买入 1037万
--------------------------------------------------------------------------------------------
时间： 
$$$$$$$$$$$$$$$$$$$$$$$$$$$$$$$$$$$$$$$$$$$$$$$$$$$$$$$$$$$
600206 有研新材 涨幅10.00,市值58亿 
板块：稀土永磁
主买：31613万
主卖：-10695万
净买入：20918万
类型：游资
符合条件1，单位时间新增买入 2228万
$$$$$$$$$$$$$$$$$$$$$$$$$$$$$$$$$$$$$$$$$$$$$$$$$$$$$$$$$$$
601318 中国平安 涨幅0.85,市值5570亿 
板块：蓝筹股,保险
主买：38036万
主卖：-34303万
净买入：3733万
类型：基金
符合条件1，单位时间新增买入 767万
$$$$$$$$$$$$$$$$$$$$$$$$$$$$$$$$$$$$$$$$$$$$$$$$$$$$$$$$$$$
002109 兴化股份 涨幅8.11,市值20亿 
板块：乙醇汽油
主买：5085万
主卖：-1884万
净买入：3201万
类型：游资
符合条件1，单位时间新增买入 1123万
$$$$$$$$$$$$$$$$$$$$$$$$$$$$$$$$$$$$$$$$$$$$$$$$$$$$$$$$$$$
000970 中科三环 涨幅2.71,市值165亿 
板块：永磁材料
主买：7246万
主卖：-5402万
净买入：1844万
类型：游资
符合条件1，单位时间新增买入 1129万
--------------------------------------------------------------------------------------------
时间： 
$$$$$$$$$$$$$$$$$$$$$$$$$$$$$$$$$$$$$$$$$$$$$$$$$$$$$$$$$$$
000651 格力电器 涨幅1.63,市值1558亿 
板块：白色家电,白马股,蓝筹股
主买：37373万
主卖：-11852万
净买入：25521万
类型：
符合条件1，单位时间新增买入 919万
--------------------------------------------------------------------------------------------
时间： 
$$$$$$$$$$$$$$$$$$$$$$$$$$$$$$$$$$$$$$$$$$$$$$$$$$$$$$$$$$$
000651 格力电器 涨幅1.29,市值1553亿 
板块：白色家电,白马股,蓝筹股
主买：52434万
主卖：-19383万
净买入：33051万
类型：
符合条件1，单位时间新增买入 7530万
$$$$$$$$$$$$$$$$$$$$$$$$$$$$$$$$$$$$$$$$$$$$$$$$$$$$$$$$$$$
600206 有研新材 涨幅10.00,市值58亿 
板块：稀土永磁
主买：36809万
主卖：-11424万
净买入：25385万
类型：游资
符合条件1，单位时间新增买入 3776万
$$$$$$$$$$$$$$$$$$$$$$$$$$$$$$$$$$$$$$$$$$$$$$$$$$$$$$$$$$$
603183 建研院 涨幅10.00,市值15亿 
板块：开板次新
主买：19398万
主卖：-4400万
净买入：14997万
类型：
符合条件1，单位时间新增买入 894万
$$$$$$$$$$$$$$$$$$$$$$$$$$$$$$$$$$$$$$$$$$$$$$$$$$$$$$$$$$$
000970 中科三环 涨幅3.98,市值167亿 
板块：永磁材料
主买：21184万
主卖：-10191万
净买入：10993万
类型：游资
符合条件1，单位时间新增买入 9012万
$$$$$$$$$$$$$$$$$$$$$$$$$$$$$$$$$$$$$$$$$$$$$$$$$$$$$$$$$$$
300252 金信诺 涨幅9.58,市值44亿 
板块：复牌
主买：14362万
主卖：-3482万
净买入：10880万
类型：
符合条件1，单位时间新增买入 10880万
$$$$$$$$$$$$$$$$$$$$$$$$$$$$$$$$$$$$$$$$$$$$$$$$$$$$$$$$$$$
300496 中科创达 涨幅6.20,市值74亿 
板块：计算机软件,移动互联网,芯片
主买：13787万
主卖：-2933万
净买入：10854万
类型：
符合条件1，单位时间新增买入 10854万
$$$$$$$$$$$$$$$$$$$$$$$$$$$$$$$$$$$$$$$$$$$$$$$$$$$$$$$$$$$
300691 联合光电 涨幅10.00,市值19亿 
板块：次新股
主买：11977万
主卖：-2075万
净买入：9902万
类型：
符合条件1，单位时间新增买入 7506万
$$$$$$$$$$$$$$$$$$$$$$$$$$$$$$$$$$$$$$$$$$$$$$$$$$$$$$$$$$$
603978 深圳新星 涨幅10.00,市值14亿 
板块：次新股
主买：8807万
主卖：-216万
净买入：8591万
类型：
符合条件1，单位时间新增买入 8591万
$$$$$$$$$$$$$$$$$$$$$$$$$$$$$$$$$$$$$$$$$$$$$$$$$$$$$$$$$$$
600307 酒钢宏兴 涨幅2.66,市值98亿 
板块：钢铁
主买：12538万
主卖：-4406万
净买入：8132万
类型：
符合条件1，单位时间新增买入 8132万
$$$$$$$$$$$$$$$$$$$$$$$$$$$$$$$$$$$$$$$$$$$$$$$$$$$$$$$$$$$
002881 美格智能 涨幅10.00,市值10亿 
板块：次新股
主买：8796万
主卖：-904万
净买入：7892万
类型：游资
符合条件1，单位时间新增买入 7892万
$$$$$$$$$$$$$$$$$$$$$$$$$$$$$$$$$$$$$$$$$$$$$$$$$$$$$$$$$$$
603559 中通国脉 涨幅10.01,市值10亿 
板块：5G
主买：8764万
主卖：-1579万
净买入：7185万
类型：
符合条件1，单位时间新增买入 4660万
$$$$$$$$$$$$$$$$$$$$$$$$$$$$$$$$$$$$$$$$$$$$$$$$$$$$$$$$$$$
603602 纵横通信 涨幅9.12,市值13亿 
板块：次新股,5G
主买：9981万
主卖：-3337万
净买入：6644万
类型：游资
符合条件1，单位时间新增买入 6644万
$$$$$$$$$$$$$$$$$$$$$$$$$$$$$$$$$$$$$$$$$$$$$$$$$$$$$$$$$$$
002897 意华股份 涨幅4.83,市值16亿 
板块：次新股
主买：7076万
主卖：-1270万
净买入：5806万
类型：
符合条件1，单位时间新增买入 3679万
$$$$$$$$$$$$$$$$$$$$$$$$$$$$$$$$$$$$$$$$$$$$$$$$$$$$$$$$$$$
002869 金溢科技 涨幅5.41,市值12亿 
板块：次新股
主买：3491万
主卖：-311万
净买入：3179万
类型：
符合条件1，单位时间新增买入 3179万
$$$$$$$$$$$$$$$$$$$$$$$$$$$$$$$$$$$$$$$$$$$$$$$$$$$$$$$$$$$
300025 华星创业 涨幅9.99,市值29亿 
板块：
主买：8135万
主卖：-6171万
净买入：1965万
类型：
符合条件1，单位时间新增买入 1965万
$$$$$$$$$$$$$$$$$$$$$$$$$$$$$$$$$$$$$$$$$$$$$$$$$$$$$$$$$$$
300635 达安股份 涨幅2.44,市值10亿 
板块：高送转
主买：3167万
主卖：-1524万
净买入：1643万
类型：
符合条件1，单位时间新增买入 955万
$$$$$$$$$$$$$$$$$$$$$$$$$$$$$$$$$$$$$$$$$$$$$$$$$$$$$$$$$$$
603527 众源新材 涨幅6.48,市值15亿 
板块：开板次新
主买：3579万
主卖：-2374万
净买入：1204万
类型：
符合条件1，单位时间新增买入 1123万
$$$$$$$$$$$$$$$$$$$$$$$$$$$$$$$$$$$$$$$$$$$$$$$$$$$$$$$$$$$
603042 华脉科技 涨幅4.98,市值12亿 
板块：5G,次新股
主买：1590万
主卖：-508万
净买入：1082万
类型：游资
符合条件1，单位时间新增买入 1082万
$$$$$$$$$$$$$$$$$$$$$$$$$$$$$$$$$$$$$$$$$$$$$$$$$$$$$$$$$$$
300675 建科院 涨幅2.14,市值17亿 
板块：次新股,雄安新区
主买：1608万
主卖：-650万
净买入：958万
类型：游资
符合条件1，单位时间新增买入 958万
$$$$$$$$$$$$$$$$$$$$$$$$$$$$$$$$$$$$$$$$$$$$$$$$$$$$$$$$$$$
300666 江丰电子 涨幅9.99,市值25亿 
板块：次新股,OLED
主买：11262万
主卖：-13187万
净买入：-1925万
类型：游资
符合条件1，单位时间新增买入 926万
$$$$$$$$$$$$$$$$$$$$$$$$$$$$$$$$$$$$$$$$$$$$$$$$$$$$$$$$$$$
002194 武汉凡谷 涨幅9.98,市值19亿 
板块：5G
主买：4399万
主卖：-7425万
净买入：-3026万
类型：
符合条件1，单位时间新增买入 1371万
$$$$$$$$$$$$$$$$$$$$$$$$$$$$$$$$$$$$$$$$$$$$$$$$$$$$$$$$$$$
603612 索通发展 涨幅-1.10,市值44亿 
板块：次新股,预焙阳极
主买：3817万
主卖：-9477万
净买入：-5660万
类型：游资
符合条件1，单位时间新增买入 1273万
--------------------------------------------------------------------------------------------
时间： 
--------------------------------------------------------------------------------------------
时间： 
--------------------------------------------------------------------------------------------
时间： 
--------------------------------------------------------------------------------------------
时间： 
--------------------------------------------------------------------------------------------
时间： 
--------------------------------------------------------------------------------------------
时间： 
--------------------------------------------------------------------------------------------
时间： 
--------------------------------------------------------------------------------------------
时间： 
--------------------------------------------------------------------------------------------
时间： 
--------------------------------------------------------------------------------------------
时间： 
--------------------------------------------------------------------------------------------
时间： 
$$$$$$$$$$$$$$$$$$$$$$$$$$$$$$$$$$$$$$$$$$$$$$$$$$$$$$$$$$$
600289 亿阳信通 涨幅3.46,市值51亿 
板块：5G
主买：2906万
主卖：-945万
净买入：1961万
类型：
符合条件1，单位时间新增买入 1961万
$$$$$$$$$$$$$$$$$$$$$$$$$$$$$$$$$$$$$$$$$$$$$$$$$$$$$$$$$$$
600307 酒钢宏兴 涨幅5.92,市值101亿 
板块：钢铁
主买：14486万
主卖：-5118万
净买入：9368万
类型：
符合条件1，单位时间新增买入 870万
--------------------------------------------------------------------------------------------
时间： 
$$$$$$$$$$$$$$$$$$$$$$$$$$$$$$$$$$$$$$$$$$$$$$$$$$$$$$$$$$$
600307 酒钢宏兴 涨幅5.62,市值101亿 
板块：钢铁
主买：19221万
主卖：-5118万
净买入：14104万
类型：
符合条件1，单位时间新增买入 4736万
$$$$$$$$$$$$$$$$$$$$$$$$$$$$$$$$$$$$$$$$$$$$$$$$$$$$$$$$$$$
603602 纵横通信 涨幅9.99,市值13亿 
板块：次新股,5G
主买：15199万
主卖：-4400万
净买入：10799万
类型：游资
符合条件1，单位时间新增买入 3993万
--------------------------------------------------------------------------------------------
时间： 
$$$$$$$$$$$$$$$$$$$$$$$$$$$$$$$$$$$$$$$$$$$$$$$$$$$$$$$$$$$
600307 酒钢宏兴 涨幅5.33,市值101亿 
板块：钢铁
主买：20037万
主卖：-5118万
净买入：14920万
类型：
符合条件1，单位时间新增买入 816万
$$$$$$$$$$$$$$$$$$$$$$$$$$$$$$$$$$$$$$$$$$$$$$$$$$$$$$$$$$$
603602 纵横通信 涨幅9.99,市值13亿 
板块：次新股,5G
主买：16000万
主卖：-4400万
净买入：11600万
类型：游资
符合条件1，单位时间新增买入 801万
--------------------------------------------------------------------------------------------
时间： 
--------------------------------------------------------------------------------------------
时间： 
--------------------------------------------------------------------------------------------
时间： 
--------------------------------------------------------------------------------------------
时间： 
--------------------------------------------------------------------------------------------
时间： 
--------------------------------------------------------------------------------------------
时间： 
$$$$$$$$$$$$$$$$$$$$$$$$$$$$$$$$$$$$$$$$$$$$$$$$$$$$$$$$$$$
600307 酒钢宏兴 涨幅5.62,市值101亿 
板块：钢铁
主买：21597万
主卖：-5235万
净买入：16362万
类型：
符合条件1，单位时间新增买入 804万
--------------------------------------------------------------------------------------------
时间： 
--------------------------------------------------------------------------------------------
时间： 
$$$$$$$$$$$$$$$$$$$$$$$$$$$$$$$$$$$$$$$$$$$$$$$$$$$$$$$$$$$
600307 酒钢宏兴 涨幅7.40,市值103亿 
板块：钢铁
主买：26288万
主卖：-5763万
净买入：20525万
类型：
符合条件1，单位时间新增买入 3842万
--------------------------------------------------------------------------------------------
时间： 
--------------------------------------------------------------------------------------------
时间： 
--------------------------------------------------------------------------------------------
时间： 
$$$$$$$$$$$$$$$$$$$$$$$$$$$$$$$$$$$$$$$$$$$$$$$$$$$$$$$$$$$
600307 酒钢宏兴 涨幅9.47,市值105亿 
板块：钢铁
主买：29941万
主卖：-6160万
净买入：23781万
类型：
符合条件1，单位时间新增买入 2713万
--------------------------------------------------------------------------------------------
时间： 
--------------------------------------------------------------------------------------------
时间： 
--------------------------------------------------------------------------------------------
时间： 
$$$$$$$$$$$$$$$$$$$$$$$$$$$$$$$$$$$$$$$$$$$$$$$$$$$$$$$$$$$
300292 吴通控股 涨幅5.62,市值44亿 
板块：
主买：3122万
主卖：-605万
净买入：2518万
类型：
符合条件1，单位时间新增买入 2518万
--------------------------------------------------------------------------------------------
时间： 
--------------------------------------------------------------------------------------------
时间： 
$$$$$$$$$$$$$$$$$$$$$$$$$$$$$$$$$$$$$$$$$$$$$$$$$$$$$$$$$$$
000063 中兴通讯 涨幅2.48,市值878亿 
板块：5G,白马股
主买：21052万
主卖：-13853万
净买入：7200万
类型：基金
符合条件1，单位时间新增买入 1397万
$$$$$$$$$$$$$$$$$$$$$$$$$$$$$$$$$$$$$$$$$$$$$$$$$$$$$$$$$$$
300025 华星创业 涨幅9.99,市值29亿 
板块：5G
主买：21115万
主卖：-15291万
净买入：5823万
类型：
符合条件1，单位时间新增买入 1537万
$$$$$$$$$$$$$$$$$$$$$$$$$$$$$$$$$$$$$$$$$$$$$$$$$$$$$$$$$$$
603042 华脉科技 涨幅8.85,市值12亿 
板块：5G,次新股
主买：5104万
主卖：-1742万
净买入：3361万
类型：游资
符合条件1，单位时间新增买入 1544万
--------------------------------------------------------------------------------------------
时间： 
--------------------------------------------------------------------------------------------
时间： 
--------------------------------------------------------------------------------------------
时间： 
--------------------------------------------------------------------------------------------
时间： 
--------------------------------------------------------------------------------------------
时间： 
--------------------------------------------------------------------------------------------
时间： 
$$$$$$$$$$$$$$$$$$$$$$$$$$$$$$$$$$$$$$$$$$$$$$$$$$$$$$$$$$$
000063 中兴通讯 涨幅2.80,市值880亿 
板块：5G,白马股
主买：23316万
主卖：-13953万
净买入：9363万
类型：基金
符合条件1，单位时间新增买入 1257万
--------------------------------------------------------------------------------------------
时间： 
--------------------------------------------------------------------------------------------
时间： 
--------------------------------------------------------------------------------------------
时间： 
--------------------------------------------------------------------------------------------
时间： 
--------------------------------------------------------------------------------------------
时间： 
--------------------------------------------------------------------------------------------
时间： 
--------------------------------------------------------------------------------------------
时间： 
$$$$$$$$$$$$$$$$$$$$$$$$$$$$$$$$$$$$$$$$$$$$$$$$$$$$$$$$$$$
002699 美盛文化 涨幅0.21,市值22亿 
板块：庄股
主买：3224万
主卖：-670万
净买入：2554万
类型：庄股
符合条件1，单位时间新增买入 2554万
--------------------------------------------------------------------------------------------
时间： 
$$$$$$$$$$$$$$$$$$$$$$$$$$$$$$$$$$$$$$$$$$$$$$$$$$$$$$$$$$$
000063 中兴通讯 涨幅3.16,市值883亿 
板块：5G,白马股
主买：27895万
主卖：-14755万
净买入：13140万
类型：基金
符合条件1，单位时间新增买入 2263万
--------------------------------------------------------------------------------------------
时间： 
$$$$$$$$$$$$$$$$$$$$$$$$$$$$$$$$$$$$$$$$$$$$$$$$$$$$$$$$$$$
000063 中兴通讯 涨幅3.48,市值886亿 
板块：5G,白马股
主买：30324万
主卖：-15281万
净买入：15043万
类型：基金
符合条件1，单位时间新增买入 1903万
--------------------------------------------------------------------------------------------
时间： 
--------------------------------------------------------------------------------------------
时间： 
--------------------------------------------------------------------------------------------
时间： 
--------------------------------------------------------------------------------------------
时间： 
--------------------------------------------------------------------------------------------
时间： 
--------------------------------------------------------------------------------------------
时间： 
$$$$$$$$$$$$$$$$$$$$$$$$$$$$$$$$$$$$$$$$$$$$$$$$$$$$$$$$$$$
002156 通富微电 涨幅1.03,市值59亿 
板块：芯片
主买：26119万
主卖：-55133万
净买入：-29014万
类型：
符合条件1，单位时间新增买入 865万
--------------------------------------------------------------------------------------------
时间： 
$$$$$$$$$$$$$$$$$$$$$$$$$$$$$$$$$$$$$$$$$$$$$$$$$$$$$$$$$$$
000651 格力电器 涨幅1.47,市值1556亿 
板块：白色家电,白马股,蓝筹股
主买：56756万
主卖：-20656万
净买入：36101万
类型：
符合条件1，单位时间新增买入 706万
$$$$$$$$$$$$$$$$$$$$$$$$$$$$$$$$$$$$$$$$$$$$$$$$$$$$$$$$$$$
000063 中兴通讯 涨幅3.48,市值886亿 
板块：5G,白马股
主买：33773万
主卖：-15849万
净买入：17924万
类型：基金
符合条件1，单位时间新增买入 1135万
--------------------------------------------------------------------------------------------
时间： 
$$$$$$$$$$$$$$$$$$$$$$$$$$$$$$$$$$$$$$$$$$$$$$$$$$$$$$$$$$$
000651 格力电器 涨幅1.53,市值1557亿 
板块：白色家电,白马股,蓝筹股
主买：57482万
主卖：-20656万
净买入：36826万
类型：
符合条件1，单位时间新增买入 725万
$$$$$$$$$$$$$$$$$$$$$$$$$$$$$$$$$$$$$$$$$$$$$$$$$$$$$$$$$$$
000063 中兴通讯 涨幅3.72,市值888亿 
板块：5G,白马股
主买：35744万
主卖：-15973万
净买入：19771万
类型：基金
符合条件1，单位时间新增买入 1847万
--------------------------------------------------------------------------------------------
时间： 
--------------------------------------------------------------------------------------------
时间： 
--------------------------------------------------------------------------------------------
时间： 
$$$$$$$$$$$$$$$$$$$$$$$$$$$$$$$$$$$$$$$$$$$$$$$$$$$$$$$$$$$
603803 瑞斯康达 涨幅9.99,市值14亿 
板块：
主买：8363万
主卖：-872万
净买入：7491万
类型：游资
符合条件1，单位时间新增买入 7491万
--------------------------------------------------------------------------------------------
时间： 
--------------------------------------------------------------------------------------------
时间： 
--------------------------------------------------------------------------------------------
时间： 
--------------------------------------------------------------------------------------------
时间： 
$$$$$$$$$$$$$$$$$$$$$$$$$$$$$$$$$$$$$$$$$$$$$$$$$$$$$$$$$$$
300691 联合光电 涨幅10.00,市值19亿 
板块：次新股
主买：16325万
主卖：-4029万
净买入：12295万
类型：
符合条件1，单位时间新增买入 1058万
--------------------------------------------------------------------------------------------
时间： 
--------------------------------------------------------------------------------------------
时间： 
$$$$$$$$$$$$$$$$$$$$$$$$$$$$$$$$$$$$$$$$$$$$$$$$$$$$$$$$$$$
000651 格力电器 涨幅1.87,市值1562亿 
板块：白色家电,白马股,蓝筹股
主买：66922万
主卖：-22511万
净买入：44411万
类型：
符合条件1，单位时间新增买入 6043万
$$$$$$$$$$$$$$$$$$$$$$$$$$$$$$$$$$$$$$$$$$$$$$$$$$$$$$$$$$$
000063 中兴通讯 涨幅4.29,市值893亿 
板块：5G,白马股
主买：42236万
主卖：-18534万
净买入：23703万
类型：基金
符合条件1，单位时间新增买入 2115万
--------------------------------------------------------------------------------------------
时间： 
$$$$$$$$$$$$$$$$$$$$$$$$$$$$$$$$$$$$$$$$$$$$$$$$$$$$$$$$$$$
000651 格力电器 涨幅1.97,市值1564亿 
板块：白色家电,白马股,蓝筹股
主买：69343万
主卖：-22675万
净买入：46667万
类型：
符合条件1，单位时间新增买入 2256万
$$$$$$$$$$$$$$$$$$$$$$$$$$$$$$$$$$$$$$$$$$$$$$$$$$$$$$$$$$$
600289 亿阳信通 涨幅4.15,市值51亿 
板块：5G
主买：5156万
主卖：-1077万
净买入：4079万
类型：
符合条件1，单位时间新增买入 795万
--------------------------------------------------------------------------------------------
时间： 
$$$$$$$$$$$$$$$$$$$$$$$$$$$$$$$$$$$$$$$$$$$$$$$$$$$$$$$$$$$
000063 中兴通讯 涨幅4.65,市值896亿 
板块：5G,白马股
主买：45908万
主卖：-20234万
净买入：25674万
类型：基金
符合条件1，单位时间新增买入 1971万
--------------------------------------------------------------------------------------------
时间： 
--------------------------------------------------------------------------------------------
时间： 
--------------------------------------------------------------------------------------------
时间： 
$$$$$$$$$$$$$$$$$$$$$$$$$$$$$$$$$$$$$$$$$$$$$$$$$$$$$$$$$$$
000651 格力电器 涨幅2.13,市值1566亿 
板块：白色家电,白马股,蓝筹股
主买：74077万
主卖：-23424万
净买入：50653万
类型：
符合条件1，单位时间新增买入 3857万
--------------------------------------------------------------------------------------------
时间： 
--------------------------------------------------------------------------------------------
时间： 
$$$$$$$$$$$$$$$$$$$$$$$$$$$$$$$$$$$$$$$$$$$$$$$$$$$$$$$$$$$
000063 中兴通讯 涨幅4.57,市值895亿 
板块：5G,白马股
主买：48315万
主卖：-21413万
净买入：26902万
类型：基金
符合条件1，单位时间新增买入 908万
--------------------------------------------------------------------------------------------
时间： 
$$$$$$$$$$$$$$$$$$$$$$$$$$$$$$$$$$$$$$$$$$$$$$$$$$$$$$$$$$$
000063 中兴通讯 涨幅5.17,市值901亿 
板块：5G,白马股
主买：51587万
主卖：-22996万
净买入：28591万
类型：基金
符合条件1，单位时间新增买入 1689万
--------------------------------------------------------------------------------------------
时间： 
--------------------------------------------------------------------------------------------
时间： 
$$$$$$$$$$$$$$$$$$$$$$$$$$$$$$$$$$$$$$$$$$$$$$$$$$$$$$$$$$$
000063 中兴通讯 涨幅5.53,市值904亿 
板块：5G,白马股
主买：53854万
主卖：-24554万
净买入：29299万
类型：基金
符合条件1，单位时间新增买入 708万
$$$$$$$$$$$$$$$$$$$$$$$$$$$$$$$$$$$$$$$$$$$$$$$$$$$$$$$$$$$
300496 中科创达 涨幅8.03,市值76亿 
板块：计算机软件,移动互联网,芯片
主买：16588万
主卖：-4501万
净买入：12087万
类型：
符合条件1，单位时间新增买入 950万
--------------------------------------------------------------------------------------------
时间： 
$$$$$$$$$$$$$$$$$$$$$$$$$$$$$$$$$$$$$$$$$$$$$$$$$$$$$$$$$$$
000651 格力电器 涨幅2.40,市值1570亿 
板块：白色家电,白马股,蓝筹股
主买：86759万
主卖：-29408万
净买入：57351万
类型：
符合条件1，单位时间新增买入 5254万
--------------------------------------------------------------------------------------------
时间： 
--------------------------------------------------------------------------------------------
时间： 
--------------------------------------------------------------------------------------------
时间： 
--------------------------------------------------------------------------------------------
时间： 
$$$$$$$$$$$$$$$$$$$$$$$$$$$$$$$$$$$$$$$$$$$$$$$$$$$$$$$$$$$
000651 格力电器 涨幅2.47,市值1571亿 
板块：白色家电,白马股,蓝筹股
主买：90322万
主卖：-31781万
净买入：58541万
类型：
符合条件1，单位时间新增买入 746万
$$$$$$$$$$$$$$$$$$$$$$$$$$$$$$$$$$$$$$$$$$$$$$$$$$$$$$$$$$$
000063 中兴通讯 涨幅5.73,市值905亿 
板块：5G,白马股
主买：59301万
主卖：-27466万
净买入：31835万
类型：基金
符合条件1，单位时间新增买入 1309万
--------------------------------------------------------------------------------------------
时间： 
--------------------------------------------------------------------------------------------
时间： 
--------------------------------------------------------------------------------------------
时间： 
--------------------------------------------------------------------------------------------
时间： 
--------------------------------------------------------------------------------------------
时间： 
--------------------------------------------------------------------------------------------
时间： 
$$$$$$$$$$$$$$$$$$$$$$$$$$$$$$$$$$$$$$$$$$$$$$$$$$$$$$$$$$$
000651 格力电器 涨幅2.40,市值1570亿 
板块：白色家电,白马股,蓝筹股
主买：95220万
主卖：-33314万
净买入：61906万
类型：
符合条件1，单位时间新增买入 1375万
--------------------------------------------------------------------------------------------
时间： 
--------------------------------------------------------------------------------------------
时间： 
$$$$$$$$$$$$$$$$$$$$$$$$$$$$$$$$$$$$$$$$$$$$$$$$$$$$$$$$$$$
300496 中科创达 涨幅10.00,市值77亿 
板块：计算机软件,5G,芯片
主买：27272万
主卖：-11280万
净买入：15992万
类型：
符合条件1，单位时间新增买入 4032万
--------------------------------------------------------------------------------------------
时间： 
$$$$$$$$$$$$$$$$$$$$$$$$$$$$$$$$$$$$$$$$$$$$$$$$$$$$$$$$$$$
300496 中科创达 涨幅9.61,市值77亿 
板块：计算机软件,5G,芯片
主买：31425万
主卖：-11400万
净买入：20025万
类型：
符合条件1，单位时间新增买入 4034万
--------------------------------------------------------------------------------------------
时间： 
$$$$$$$$$$$$$$$$$$$$$$$$$$$$$$$$$$$$$$$$$$$$$$$$$$$$$$$$$$$
000651 格力电器 涨幅2.42,市值1570亿 
板块：白色家电,白马股,蓝筹股
主买：97418万
主卖：-33905万
净买入：63513万
类型：
符合条件1，单位时间新增买入 747万
--------------------------------------------------------------------------------------------
时间： 
--------------------------------------------------------------------------------------------
时间： 
$$$$$$$$$$$$$$$$$$$$$$$$$$$$$$$$$$$$$$$$$$$$$$$$$$$$$$$$$$$
000651 格力电器 涨幅2.82,市值1576亿 
板块：白色家电,白马股,蓝筹股
主买：109968万
主卖：-38310万
净买入：71658万
类型：
符合条件1，单位时间新增买入 7718万
--------------------------------------------------------------------------------------------
时间： 
$$$$$$$$$$$$$$$$$$$$$$$$$$$$$$$$$$$$$$$$$$$$$$$$$$$$$$$$$$$
000651 格力电器 涨幅3.03,市值1580亿 
板块：白色家电,白马股,蓝筹股
主买：114293万
主卖：-38597万
净买入：75696万
类型：
符合条件1，单位时间新增买入 4039万
$$$$$$$$$$$$$$$$$$$$$$$$$$$$$$$$$$$$$$$$$$$$$$$$$$$$$$$$$$$
002049 紫光国芯 涨幅2.58,市值127亿 
板块：芯片
主买：9872万
主卖：-10325万
净买入：-453万
类型：
符合条件1，单位时间新增买入 1095万
--------------------------------------------------------------------------------------------
时间： 
--------------------------------------------------------------------------------------------
时间： 
--------------------------------------------------------------------------------------------
时间： 
--------------------------------------------------------------------------------------------
时间： 
$$$$$$$$$$$$$$$$$$$$$$$$$$$$$$$$$$$$$$$$$$$$$$$$$$$$$$$$$$$
000651 格力电器 涨幅3.03,市值1580亿 
板块：白色家电,白马股,蓝筹股
主买：117654万
主卖：-40314万
净买入：77341万
类型：
符合条件1，单位时间新增买入 1189万
--------------------------------------------------------------------------------------------
时间： 
--------------------------------------------------------------------------------------------
时间： 
$$$$$$$$$$$$$$$$$$$$$$$$$$$$$$$$$$$$$$$$$$$$$$$$$$$$$$$$$$$
000063 中兴通讯 涨幅6.05,市值908亿 
板块：5G,白马股
主买：67653万
主卖：-32843万
净买入：34810万
类型：基金
符合条件1，单位时间新增买入 989万
$$$$$$$$$$$$$$$$$$$$$$$$$$$$$$$$$$$$$$$$$$$$$$$$$$$$$$$$$$$
300655 晶瑞股份 涨幅10.00,市值8亿 
板块：次新股
主买：4809万
主卖：-4928万
净买入：-119万
类型：游资
符合条件1，单位时间新增买入 1638万
--------------------------------------------------------------------------------------------
时间： 
--------------------------------------------------------------------------------------------
时间： 
$$$$$$$$$$$$$$$$$$$$$$$$$$$$$$$$$$$$$$$$$$$$$$$$$$$$$$$$$$$
000651 格力电器 涨幅3.19,市值1582亿 
板块：白色家电,白马股,蓝筹股
主买：122567万
主卖：-41235万
净买入：81332万
类型：
符合条件1，单位时间新增买入 2178万
--------------------------------------------------------------------------------------------
时间： 
$$$$$$$$$$$$$$$$$$$$$$$$$$$$$$$$$$$$$$$$$$$$$$$$$$$$$$$$$$$
002049 紫光国芯 涨幅4.14,市值129亿 
板块：芯片
主买：12236万
主卖：-10701万
净买入：1535万
类型：
符合条件1，单位时间新增买入 941万
--------------------------------------------------------------------------------------------
时间： 
--------------------------------------------------------------------------------------------
时间： 
$$$$$$$$$$$$$$$$$$$$$$$$$$$$$$$$$$$$$$$$$$$$$$$$$$$$$$$$$$$
600522 中天科技 涨幅5.48,市值223亿 
板块：
主买：33907万
主卖：-11999万
净买入：21909万
类型：
符合条件1，单位时间新增买入 21909万
$$$$$$$$$$$$$$$$$$$$$$$$$$$$$$$$$$$$$$$$$$$$$$$$$$$$$$$$$$$
000651 格力电器 涨幅3.69,市值1590亿 
板块：白色家电,白马股,蓝筹股
主买：127004万
主卖：-42854万
净买入：84150万
类型：
符合条件1，单位时间新增买入 1878万
--------------------------------------------------------------------------------------------
时间： 
$$$$$$$$$$$$$$$$$$$$$$$$$$$$$$$$$$$$$$$$$$$$$$$$$$$$$$$$$$$
000651 格力电器 涨幅4.00,市值1595亿 
板块：白色家电,白马股,蓝筹股
主买：128506万
主卖：-43490万
净买入：85016万
类型：
符合条件1，单位时间新增买入 866万
$$$$$$$$$$$$$$$$$$$$$$$$$$$$$$$$$$$$$$$$$$$$$$$$$$$$$$$$$$$
000063 中兴通讯 涨幅6.69,市值914亿 
板块：5G,白马股
主买：75378万
主卖：-35797万
净买入：39581万
类型：基金
符合条件1，单位时间新增买入 3559万
--------------------------------------------------------------------------------------------
时间： 
$$$$$$$$$$$$$$$$$$$$$$$$$$$$$$$$$$$$$$$$$$$$$$$$$$$$$$$$$$$
000651 格力电器 涨幅4.26,市值1599亿 
板块：白色家电,白马股,蓝筹股
主买：132261万
主卖：-44380万
净买入：87881万
类型：
符合条件1，单位时间新增买入 2865万
--------------------------------------------------------------------------------------------
时间： 
$$$$$$$$$$$$$$$$$$$$$$$$$$$$$$$$$$$$$$$$$$$$$$$$$$$$$$$$$$$
600522 中天科技 涨幅6.85,市值226亿 
板块：
主买：40479万
主卖：-14203万
净买入：26276万
类型：
符合条件1，单位时间新增买入 3726万
--------------------------------------------------------------------------------------------
时间： 
$$$$$$$$$$$$$$$$$$$$$$$$$$$$$$$$$$$$$$$$$$$$$$$$$$$$$$$$$$$
000651 格力电器 涨幅3.71,市值1590亿 
板块：白色家电,白马股,蓝筹股
主买：134951万
主卖：-45892万
净买入：89059万
类型：
符合条件1，单位时间新增买入 1141万
$$$$$$$$$$$$$$$$$$$$$$$$$$$$$$$$$$$$$$$$$$$$$$$$$$$$$$$$$$$
600522 中天科技 涨幅7.41,市值227亿 
板块：
主买：41274万
主卖：-14203万
净买入：27071万
类型：
符合条件1，单位时间新增买入 795万
--------------------------------------------------------------------------------------------
时间： 
--------------------------------------------------------------------------------------------
时间： 
$$$$$$$$$$$$$$$$$$$$$$$$$$$$$$$$$$$$$$$$$$$$$$$$$$$$$$$$$$$
000063 中兴通讯 涨幅7.01,市值916亿 
板块：5G,白马股
主买：79555万
主卖：-38219万
净买入：41336万
类型：基金
符合条件1，单位时间新增买入 853万
--------------------------------------------------------------------------------------------
时间： 
--------------------------------------------------------------------------------------------
时间： 
--------------------------------------------------------------------------------------------
时间： 
$$$$$$$$$$$$$$$$$$$$$$$$$$$$$$$$$$$$$$$$$$$$$$$$$$$$$$$$$$$
000719 大地传媒 涨幅4.84,市值26亿 
板块：
主买：1916万
主卖：-296万
净买入：1619万
类型：
符合条件1，单位时间新增买入 1619万
--------------------------------------------------------------------------------------------
时间： 
--------------------------------------------------------------------------------------------
时间： 
--------------------------------------------------------------------------------------------
时间： 
--------------------------------------------------------------------------------------------
时间： 
--------------------------------------------------------------------------------------------
时间： 
$$$$$$$$$$$$$$$$$$$$$$$$$$$$$$$$$$$$$$$$$$$$$$$$$$$$$$$$$$$
002249 大洋电机 涨幅7.58,市值101亿 
板块：新能源汽车,氢燃料电池
主买：16959万
主卖：-4145万
净买入：12814万
类型：
符合条件1，单位时间新增买入 12814万
--------------------------------------------------------------------------------------------
时间： 
--------------------------------------------------------------------------------------------
时间： 
$$$$$$$$$$$$$$$$$$$$$$$$$$$$$$$$$$$$$$$$$$$$$$$$$$$$$$$$$$$
600791 京能置业 涨幅5.15,市值30亿 
板块：中央政务区,房地产
主买：5898万
主卖：-1287万
净买入：4611万
类型：游资
符合条件1，单位时间新增买入 4611万
--------------------------------------------------------------------------------------------
时间： 
--------------------------------------------------------------------------------------------
时间： 
--------------------------------------------------------------------------------------------
时间： 
$$$$$$$$$$$$$$$$$$$$$$$$$$$$$$$$$$$$$$$$$$$$$$$$$$$$$$$$$$$
600522 中天科技 涨幅9.59,市值231亿 
板块：5G,锂电池,白马股
主买：47410万
主卖：-16043万
净买入：31367万
类型：
符合条件1，单位时间新增买入 4242万
$$$$$$$$$$$$$$$$$$$$$$$$$$$$$$$$$$$$$$$$$$$$$$$$$$$$$$$$$$$
300252 金信诺 涨幅9.95,市值44亿 
板块：5G
主买：18865万
主卖：-7556万
净买入：11310万
类型：
符合条件1，单位时间新增买入 1726万
$$$$$$$$$$$$$$$$$$$$$$$$$$$$$$$$$$$$$$$$$$$$$$$$$$$$$$$$$$$
300675 建科院 涨幅9.53,市值18亿 
板块：次新股,雄安新区
主买：5648万
主卖：-2078万
净买入：3570万
类型：游资
符合条件1，单位时间新增买入 714万
--------------------------------------------------------------------------------------------
时间： 
$$$$$$$$$$$$$$$$$$$$$$$$$$$$$$$$$$$$$$$$$$$$$$$$$$$$$$$$$$$
600522 中天科技 涨幅9.67,市值232亿 
板块：5G,锂电池,白马股
主买：49573万
主卖：-16475万
净买入：33098万
类型：
符合条件1，单位时间新增买入 1731万
--------------------------------------------------------------------------------------------
时间： 
$$$$$$$$$$$$$$$$$$$$$$$$$$$$$$$$$$$$$$$$$$$$$$$$$$$$$$$$$$$
000651 格力电器 涨幅2.95,市值1579亿 
板块：白色家电,白马股,蓝筹股
主买：141470万
主卖：-49457万
净买入：92012万
类型：
符合条件1，单位时间新增买入 715万
$$$$$$$$$$$$$$$$$$$$$$$$$$$$$$$$$$$$$$$$$$$$$$$$$$$$$$$$$$$
000063 中兴通讯 涨幅7.85,市值924亿 
板块：5G,白马股
主买：89532万
主卖：-42537万
净买入：46996万
类型：基金
符合条件1，单位时间新增买入 2881万
--------------------------------------------------------------------------------------------
时间： 
--------------------------------------------------------------------------------------------
时间： 
--------------------------------------------------------------------------------------------
时间： 
$$$$$$$$$$$$$$$$$$$$$$$$$$$$$$$$$$$$$$$$$$$$$$$$$$$$$$$$$$$
300675 建科院 涨幅9.66,市值18亿 
板块：次新股,雄安新区
主买：7304万
主卖：-2512万
净买入：4792万
类型：游资
符合条件1，单位时间新增买入 1034万
--------------------------------------------------------------------------------------------
时间： 
--------------------------------------------------------------------------------------------
时间： 
--------------------------------------------------------------------------------------------
时间： 
--------------------------------------------------------------------------------------------
时间： 
$$$$$$$$$$$$$$$$$$$$$$$$$$$$$$$$$$$$$$$$$$$$$$$$$$$$$$$$$$$
002249 大洋电机 涨幅9.10,市值102亿 
板块：新能源汽车,氢燃料电池
主买：20573万
主卖：-5028万
净买入：15545万
类型：
符合条件1，单位时间新增买入 1923万
--------------------------------------------------------------------------------------------
时间： 
$$$$$$$$$$$$$$$$$$$$$$$$$$$$$$$$$$$$$$$$$$$$$$$$$$$$$$$$$$$
600522 中天科技 涨幅9.83,市值232亿 
板块：5G,锂电池,白马股
主买：54078万
主卖：-18812万
净买入：35266万
类型：
符合条件1，单位时间新增买入 1562万
--------------------------------------------------------------------------------------------
时间： 
$$$$$$$$$$$$$$$$$$$$$$$$$$$$$$$$$$$$$$$$$$$$$$$$$$$$$$$$$$$
600522 中天科技 涨幅9.67,市值232亿 
板块：5G,锂电池,白马股
主买：61908万
主卖：-20896万
净买入：41012万
类型：
符合条件1，单位时间新增买入 5745万
--------------------------------------------------------------------------------------------
时间： 
--------------------------------------------------------------------------------------------
时间： 
--------------------------------------------------------------------------------------------
时间： 
$$$$$$$$$$$$$$$$$$$$$$$$$$$$$$$$$$$$$$$$$$$$$$$$$$$$$$$$$$$
000651 格力电器 涨幅3.16,市值1582亿 
板块：白色家电,白马股,蓝筹股
主买：144902万
主卖：-50586万
净买入：94316万
类型：
符合条件1，单位时间新增买入 853万
--------------------------------------------------------------------------------------------
时间： 
--------------------------------------------------------------------------------------------
时间： 
$$$$$$$$$$$$$$$$$$$$$$$$$$$$$$$$$$$$$$$$$$$$$$$$$$$$$$$$$$$
600522 中天科技 涨幅9.99,市值232亿 
板块：5G,锂电池,白马股
主买：77124万
主卖：-26054万
净买入：51070万
类型：
符合条件1，单位时间新增买入 9417万
$$$$$$$$$$$$$$$$$$$$$$$$$$$$$$$$$$$$$$$$$$$$$$$$$$$$$$$$$$$
002176 江特电机 涨幅-4.72,市值170亿 
板块：锂电池,电气设备,新能源汽车
主买：30982万
主卖：-30777万
净买入：204万
类型：
符合条件1，单位时间新增买入 713万
--------------------------------------------------------------------------------------------
时间： 
$$$$$$$$$$$$$$$$$$$$$$$$$$$$$$$$$$$$$$$$$$$$$$$$$$$$$$$$$$$
600050 中国联通 涨幅-0.94,市值585亿 
板块：混改,5G
主买：21799万
主卖：-40162万
净买入：-18362万
类型：
符合条件1，单位时间新增买入 1019万
--------------------------------------------------------------------------------------------
时间： 
$$$$$$$$$$$$$$$$$$$$$$$$$$$$$$$$$$$$$$$$$$$$$$$$$$$$$$$$$$$
000651 格力电器 涨幅3.13,市值1581亿 
板块：白色家电,白马股,蓝筹股
主买：147301万
主卖：-51255万
净买入：96046万
类型：
符合条件1，单位时间新增买入 730万
--------------------------------------------------------------------------------------------
时间： 
$$$$$$$$$$$$$$$$$$$$$$$$$$$$$$$$$$$$$$$$$$$$$$$$$$$$$$$$$$$
000651 格力电器 涨幅3.19,市值1582亿 
板块：白色家电,白马股,蓝筹股
主买：148288万
主卖：-51255万
净买入：97033万
类型：
符合条件1，单位时间新增买入 987万
--------------------------------------------------------------------------------------------
时间： 
$$$$$$$$$$$$$$$$$$$$$$$$$$$$$$$$$$$$$$$$$$$$$$$$$$$$$$$$$$$
000651 格力电器 涨幅3.34,市值1585亿 
板块：白色家电,白马股,蓝筹股
主买：150780万
主卖：-51412万
净买入：99368万
类型：
符合条件1，单位时间新增买入 2335万
--------------------------------------------------------------------------------------------
时间： 
$$$$$$$$$$$$$$$$$$$$$$$$$$$$$$$$$$$$$$$$$$$$$$$$$$$$$$$$$$$
000651 格力电器 涨幅3.55,市值1588亿 
板块：白色家电,白马股,蓝筹股
主买：153295万
主卖：-51919万
净买入：101376万
类型：
符合条件1，单位时间新增买入 2008万
--------------------------------------------------------------------------------------------
时间： 
--------------------------------------------------------------------------------------------
时间： 
$$$$$$$$$$$$$$$$$$$$$$$$$$$$$$$$$$$$$$$$$$$$$$$$$$$$$$$$$$$
000651 格力电器 涨幅3.32,市值1584亿 
板块：白色家电,白马股,蓝筹股
主买：156312万
主卖：-54224万
净买入：102088万
类型：
符合条件1，单位时间新增买入 712万
$$$$$$$$$$$$$$$$$$$$$$$$$$$$$$$$$$$$$$$$$$$$$$$$$$$$$$$$$$$
002176 江特电机 涨幅-4.46,市值171亿 
板块：锂电池,电气设备,新能源汽车
主买：32977万
主卖：-30941万
净买入：2036万
类型：
符合条件1，单位时间新增买入 730万
--------------------------------------------------------------------------------------------
时间： 
$$$$$$$$$$$$$$$$$$$$$$$$$$$$$$$$$$$$$$$$$$$$$$$$$$$$$$$$$$$
600645 中源协和 涨幅3.23,市值78亿 
板块：基因测序
主买：10861万
主卖：-7065万
净买入：3796万
类型：
符合条件1，单位时间新增买入 3796万
--------------------------------------------------------------------------------------------
时间： 
$$$$$$$$$$$$$$$$$$$$$$$$$$$$$$$$$$$$$$$$$$$$$$$$$$$$$$$$$$$
600237 铜峰电子 涨幅3.94,市值33亿 
板块：超跌
主买：4224万
主卖：-1057万
净买入：3167万
类型：
符合条件1，单位时间新增买入 3167万
--------------------------------------------------------------------------------------------
时间： 
