--------------------------------------------------------------------------------------------
时间： 
--------------------------------------------------------------------------------------------
时间： 
--------------------------------------------------------------------------------------------
时间： 
$$$$$$$$$$$$$$$$$$$$$$$$$$$$$$$$$$$$$$$$$$$$$$$$$$$$$$$$$$$
002607 亚夏汽车 涨幅9.92,市值29亿 
板块：汽车整车
主买：540万
主卖：-2609万
净买入：-2069万
类型：游资
符合条件1，单位时间新增买入 1327万
--------------------------------------------------------------------------------------------
时间： 
$$$$$$$$$$$$$$$$$$$$$$$$$$$$$$$$$$$$$$$$$$$$$$$$$$$$$$$$$$$
603055 台华新材 涨幅2.62,市值16亿 
板块：开板次新
主买：2323万
主卖：-560万
净买入：1763万
类型：
符合条件1，单位时间新增买入 1763万
--------------------------------------------------------------------------------------------
时间： 
--------------------------------------------------------------------------------------------
时间： 
$$$$$$$$$$$$$$$$$$$$$$$$$$$$$$$$$$$$$$$$$$$$$$$$$$$$$$$$$$$
603813 原尚股份 涨幅-3.58,市值8亿 
板块：
主买：3298万
主卖：0万
净买入：3298万
类型：
符合条件1，单位时间新增买入 3298万
--------------------------------------------------------------------------------------------
时间： 
$$$$$$$$$$$$$$$$$$$$$$$$$$$$$$$$$$$$$$$$$$$$$$$$$$$$$$$$$$$
300500 启迪设计 涨幅-1.39,市值17亿 
板块：雄安新区
主买：1337万
主卖：-123万
净买入：1214万
类型：游资
符合条件1，单位时间新增买入 1214万
$$$$$$$$$$$$$$$$$$$$$$$$$$$$$$$$$$$$$$$$$$$$$$$$$$$$$$$$$$$
300585 奥联电子 涨幅10.00,市值10亿 
板块：新能源汽车,次新股,汽车零部件
主买：1737万
主卖：-1713万
净买入：24万
类型：
符合条件1，单位时间新增买入 950万
--------------------------------------------------------------------------------------------
时间： 
$$$$$$$$$$$$$$$$$$$$$$$$$$$$$$$$$$$$$$$$$$$$$$$$$$$$$$$$$$$
002900 哈三联 涨幅2.64,市值21亿 
板块：开板次新
主买：1744万
主卖：-39万
净买入：1705万
类型：
符合条件1，单位时间新增买入 1705万
--------------------------------------------------------------------------------------------
时间： 
$$$$$$$$$$$$$$$$$$$$$$$$$$$$$$$$$$$$$$$$$$$$$$$$$$$$$$$$$$$
300701 森霸股份 涨幅5.51,市值10亿 
板块：开板次新
主买：836万
主卖：-62万
净买入：775万
类型：
符合条件1，单位时间新增买入 775万
--------------------------------------------------------------------------------------------
时间： 
--------------------------------------------------------------------------------------------
时间： 
$$$$$$$$$$$$$$$$$$$$$$$$$$$$$$$$$$$$$$$$$$$$$$$$$$$$$$$$$$$
002315 焦点科技 涨幅9.99,市值32亿 
板块：互联网保险
主买：5616万
主卖：-13004万
净买入：-7387万
类型：
符合条件1，单位时间新增买入 786万
--------------------------------------------------------------------------------------------
时间： 
--------------------------------------------------------------------------------------------
时间： 
--------------------------------------------------------------------------------------------
时间： 
--------------------------------------------------------------------------------------------
时间： 
$$$$$$$$$$$$$$$$$$$$$$$$$$$$$$$$$$$$$$$$$$$$$$$$$$$$$$$$$$$
603813 原尚股份 涨幅0.16,市值8亿 
板块：开板次新
主买：4661万
主卖：0万
净买入：4661万
类型：
符合条件1，单位时间新增买入 716万
$$$$$$$$$$$$$$$$$$$$$$$$$$$$$$$$$$$$$$$$$$$$$$$$$$$$$$$$$$$
603882 金域医学 涨幅3.75,市值28亿 
板块：开板次新
主买：2284万
主卖：-399万
净买入：1886万
类型：
符合条件1，单位时间新增买入 1445万
$$$$$$$$$$$$$$$$$$$$$$$$$$$$$$$$$$$$$$$$$$$$$$$$$$$$$$$$$$$
300678 中科信息 涨幅10.00,市值21亿 
板块：次新股,妖股
主买：1935万
主卖：-2519万
净买入：-585万
类型：游资
符合条件1，单位时间新增买入 914万
--------------------------------------------------------------------------------------------
时间： 
--------------------------------------------------------------------------------------------
时间： 
$$$$$$$$$$$$$$$$$$$$$$$$$$$$$$$$$$$$$$$$$$$$$$$$$$$$$$$$$$$
300678 中科信息 涨幅10.00,市值21亿 
板块：次新股,妖股
主买：2858万
主卖：-2519万
净买入：339万
类型：游资
符合条件1，单位时间新增买入 860万
--------------------------------------------------------------------------------------------
时间： 
$$$$$$$$$$$$$$$$$$$$$$$$$$$$$$$$$$$$$$$$$$$$$$$$$$$$$$$$$$$
600584 长电科技 涨幅6.57,市值171亿 
板块：复牌,芯片
主买：51842万
主卖：-43536万
净买入：8306万
类型：
符合条件1，单位时间新增买入 8306万
--------------------------------------------------------------------------------------------
时间： 
--------------------------------------------------------------------------------------------
时间： 
$$$$$$$$$$$$$$$$$$$$$$$$$$$$$$$$$$$$$$$$$$$$$$$$$$$$$$$$$$$
300020 银江股份 涨幅8.65,市值70亿 
板块：智慧城市
主买：7194万
主卖：-15488万
净买入：-8293万
类型：
符合条件1，单位时间新增买入 1962万
--------------------------------------------------------------------------------------------
时间： 
$$$$$$$$$$$$$$$$$$$$$$$$$$$$$$$$$$$$$$$$$$$$$$$$$$$$$$$$$$$
603882 金域医学 涨幅6.61,市值29亿 
板块：开板次新
主买：5590万
主卖：-1569万
净买入：4020万
类型：
符合条件1，单位时间新增买入 1152万
$$$$$$$$$$$$$$$$$$$$$$$$$$$$$$$$$$$$$$$$$$$$$$$$$$$$$$$$$$$
300020 银江股份 涨幅10.00,市值71亿 
板块：智慧城市
主买：11423万
主卖：-16350万
净买入：-4927万
类型：
符合条件1，单位时间新增买入 3366万
--------------------------------------------------------------------------------------------
时间： 
$$$$$$$$$$$$$$$$$$$$$$$$$$$$$$$$$$$$$$$$$$$$$$$$$$$$$$$$$$$
300020 银江股份 涨幅10.00,市值71亿 
板块：智慧城市
主买：12440万
主卖：-16588万
净买入：-4148万
类型：
符合条件1，单位时间新增买入 779万
--------------------------------------------------------------------------------------------
时间： 
--------------------------------------------------------------------------------------------
时间： 
$$$$$$$$$$$$$$$$$$$$$$$$$$$$$$$$$$$$$$$$$$$$$$$$$$$$$$$$$$$
000725 京东方Ａ 涨幅0.00,市值1164亿 
板块：OLED
主买：19188万
主卖：-23566万
净买入：-4378万
类型：
符合条件1，单位时间新增买入 953万
--------------------------------------------------------------------------------------------
时间： 
$$$$$$$$$$$$$$$$$$$$$$$$$$$$$$$$$$$$$$$$$$$$$$$$$$$$$$$$$$$
600584 长电科技 涨幅6.78,市值172亿 
板块：复牌,芯片
主买：54379万
主卖：-45798万
净买入：8581万
类型：
符合条件1，单位时间新增买入 744万
$$$$$$$$$$$$$$$$$$$$$$$$$$$$$$$$$$$$$$$$$$$$$$$$$$$$$$$$$$$
002024 苏宁云商 涨幅2.89,市值445亿 
板块：扭亏为盈,零售
主买：16818万
主卖：-9855万
净买入：6963万
类型：游资
符合条件1，单位时间新增买入 6963万
--------------------------------------------------------------------------------------------
时间： 
$$$$$$$$$$$$$$$$$$$$$$$$$$$$$$$$$$$$$$$$$$$$$$$$$$$$$$$$$$$
600570 恒生电子 涨幅4.29,市值269亿 
板块：互联网金融
主买：10266万
主卖：-3523万
净买入：6743万
类型：
符合条件1，单位时间新增买入 6743万
$$$$$$$$$$$$$$$$$$$$$$$$$$$$$$$$$$$$$$$$$$$$$$$$$$$$$$$$$$$
601326 秦港股份 涨幅4.94,市值47亿 
板块：次新股,港口
主买：1636万
主卖：-286万
净买入：1350万
类型：
符合条件1，单位时间新增买入 1350万
--------------------------------------------------------------------------------------------
时间： 
$$$$$$$$$$$$$$$$$$$$$$$$$$$$$$$$$$$$$$$$$$$$$$$$$$$$$$$$$$$
600584 长电科技 涨幅7.36,市值173亿 
板块：复牌,芯片
主买：56721万
主卖：-46559万
净买入：10162万
类型：
符合条件1，单位时间新增买入 1085万
$$$$$$$$$$$$$$$$$$$$$$$$$$$$$$$$$$$$$$$$$$$$$$$$$$$$$$$$$$$
603882 金域医学 涨幅6.02,市值29亿 
板块：开板次新,医疗器械
主买：6958万
主卖：-1679万
净买入：5279万
类型：
符合条件1，单位时间新增买入 1016万
--------------------------------------------------------------------------------------------
时间： 
--------------------------------------------------------------------------------------------
时间： 
$$$$$$$$$$$$$$$$$$$$$$$$$$$$$$$$$$$$$$$$$$$$$$$$$$$$$$$$$$$
300552 万集科技 涨幅9.84,市值11亿 
板块：次新股,航空wifi
主买：2053万
主卖：-1155万
净买入：898万
类型：
符合条件1，单位时间新增买入 795万
--------------------------------------------------------------------------------------------
时间： 
$$$$$$$$$$$$$$$$$$$$$$$$$$$$$$$$$$$$$$$$$$$$$$$$$$$$$$$$$$$
601326 秦港股份 涨幅7.54,市值49亿 
板块：次新股,港口
主买：2357万
主卖：-390万
净买入：1967万
类型：
符合条件1，单位时间新增买入 701万
--------------------------------------------------------------------------------------------
时间： 
$$$$$$$$$$$$$$$$$$$$$$$$$$$$$$$$$$$$$$$$$$$$$$$$$$$$$$$$$$$
603882 金域医学 涨幅6.56,市值29亿 
板块：开板次新,医疗器械
主买：8672万
主卖：-1800万
净买入：6872万
类型：
符合条件1，单位时间新增买入 1483万
--------------------------------------------------------------------------------------------
时间： 
--------------------------------------------------------------------------------------------
时间： 
--------------------------------------------------------------------------------------------
时间： 
$$$$$$$$$$$$$$$$$$$$$$$$$$$$$$$$$$$$$$$$$$$$$$$$$$$$$$$$$$$
603882 金域医学 涨幅8.53,市值29亿 
板块：开板次新,医疗器械
主买：10899万
主卖：-2033万
净买入：8867万
类型：
符合条件1，单位时间新增买入 1854万
$$$$$$$$$$$$$$$$$$$$$$$$$$$$$$$$$$$$$$$$$$$$$$$$$$$$$$$$$$$
000078 海王生物 涨幅5.63,市值98亿 
板块：生物制品,流感
主买：3991万
主卖：-1554万
净买入：2437万
类型：
符合条件1，单位时间新增买入 2437万
--------------------------------------------------------------------------------------------
时间： 
$$$$$$$$$$$$$$$$$$$$$$$$$$$$$$$$$$$$$$$$$$$$$$$$$$$$$$$$$$$
603882 金域医学 涨幅8.50,市值29亿 
板块：开板次新,医疗器械
主买：12050万
主卖：-2174万
净买入：9876万
类型：
符合条件1，单位时间新增买入 1009万
$$$$$$$$$$$$$$$$$$$$$$$$$$$$$$$$$$$$$$$$$$$$$$$$$$$$$$$$$$$
000078 海王生物 涨幅5.94,市值98亿 
板块：生物制品,流感
主买：4778万
主卖：-1554万
净买入：3224万
类型：
符合条件1，单位时间新增买入 787万
--------------------------------------------------------------------------------------------
时间： 
--------------------------------------------------------------------------------------------
时间： 
--------------------------------------------------------------------------------------------
时间： 
--------------------------------------------------------------------------------------------
时间： 
--------------------------------------------------------------------------------------------
时间： 
$$$$$$$$$$$$$$$$$$$$$$$$$$$$$$$$$$$$$$$$$$$$$$$$$$$$$$$$$$$
000078 海王生物 涨幅6.39,市值98亿 
板块：生物制品,流感
主买：6457万
主卖：-1655万
净买入：4802万
类型：
符合条件1，单位时间新增买入 1192万
$$$$$$$$$$$$$$$$$$$$$$$$$$$$$$$$$$$$$$$$$$$$$$$$$$$$$$$$$$$
000856 冀东装备 涨幅3.32,市值41亿 
板块：雄安基建
主买：1673万
主卖：-249万
净买入：1423万
类型：游资
符合条件1，单位时间新增买入 1423万
$$$$$$$$$$$$$$$$$$$$$$$$$$$$$$$$$$$$$$$$$$$$$$$$$$$$$$$$$$$
300020 银江股份 涨幅8.51,市值70亿 
板块：智慧城市
主买：19616万
主卖：-21228万
净买入：-1612万
类型：
符合条件1，单位时间新增买入 704万
--------------------------------------------------------------------------------------------
时间： 
$$$$$$$$$$$$$$$$$$$$$$$$$$$$$$$$$$$$$$$$$$$$$$$$$$$$$$$$$$$
000078 海王生物 涨幅7.31,市值99亿 
板块：生物制品,流感
主买：7249万
主卖：-1655万
净买入：5594万
类型：
符合条件1，单位时间新增买入 792万
$$$$$$$$$$$$$$$$$$$$$$$$$$$$$$$$$$$$$$$$$$$$$$$$$$$$$$$$$$$
000856 冀东装备 涨幅5.95,市值42亿 
板块：雄安基建
主买：2987万
主卖：-420万
净买入：2567万
类型：游资
符合条件1，单位时间新增买入 1144万
$$$$$$$$$$$$$$$$$$$$$$$$$$$$$$$$$$$$$$$$$$$$$$$$$$$$$$$$$$$
002881 美格智能 涨幅5.95,市值11亿 
板块：次新股,5G
主买：1800万
主卖：-496万
净买入：1304万
类型：游资
符合条件1，单位时间新增买入 1304万
$$$$$$$$$$$$$$$$$$$$$$$$$$$$$$$$$$$$$$$$$$$$$$$$$$$$$$$$$$$
603987 康德莱 涨幅9.97,市值13亿 
板块：
主买：1378万
主卖：-353万
净买入：1025万
类型：
符合条件1，单位时间新增买入 1025万
--------------------------------------------------------------------------------------------
时间： 
--------------------------------------------------------------------------------------------
时间： 
$$$$$$$$$$$$$$$$$$$$$$$$$$$$$$$$$$$$$$$$$$$$$$$$$$$$$$$$$$$
603882 金域医学 涨幅10.00,市值30亿 
板块：开板次新,医疗改革
主买：23014万
主卖：-3961万
净买入：19053万
类型：
符合条件1，单位时间新增买入 8571万
--------------------------------------------------------------------------------------------
时间： 
$$$$$$$$$$$$$$$$$$$$$$$$$$$$$$$$$$$$$$$$$$$$$$$$$$$$$$$$$$$
603882 金域医学 涨幅10.00,市值30亿 
板块：开板次新,医疗改革
主买：26697万
主卖：-4915万
净买入：21783万
类型：
符合条件1，单位时间新增买入 2730万
$$$$$$$$$$$$$$$$$$$$$$$$$$$$$$$$$$$$$$$$$$$$$$$$$$$$$$$$$$$
002881 美格智能 涨幅10.00,市值11亿 
板块：次新股,5G
主买：4846万
主卖：-638万
净买入：4207万
类型：游资
符合条件1，单位时间新增买入 2797万
--------------------------------------------------------------------------------------------
时间： 
$$$$$$$$$$$$$$$$$$$$$$$$$$$$$$$$$$$$$$$$$$$$$$$$$$$$$$$$$$$
002881 美格智能 涨幅10.00,市值11亿 
板块：次新股,5G
主买：5812万
主卖：-638万
净买入：5173万
类型：游资
符合条件1，单位时间新增买入 966万
--------------------------------------------------------------------------------------------
时间： 
$$$$$$$$$$$$$$$$$$$$$$$$$$$$$$$$$$$$$$$$$$$$$$$$$$$$$$$$$$$
603882 金域医学 涨幅10.00,市值30亿 
板块：开板次新,医疗改革
主买：33981万
主卖：-10534万
净买入：23447万
类型：
符合条件1，单位时间新增买入 1922万
--------------------------------------------------------------------------------------------
时间： 
$$$$$$$$$$$$$$$$$$$$$$$$$$$$$$$$$$$$$$$$$$$$$$$$$$$$$$$$$$$
603882 金域医学 涨幅10.00,市值30亿 
板块：开板次新,医疗改革
主买：35387万
主卖：-10664万
净买入：24723万
类型：
符合条件1，单位时间新增买入 1276万
$$$$$$$$$$$$$$$$$$$$$$$$$$$$$$$$$$$$$$$$$$$$$$$$$$$$$$$$$$$
002881 美格智能 涨幅8.95,市值11亿 
板块：次新股,5G
主买：9082万
主卖：-1298万
净买入：7784万
类型：游资
符合条件1，单位时间新增买入 2016万
$$$$$$$$$$$$$$$$$$$$$$$$$$$$$$$$$$$$$$$$$$$$$$$$$$$$$$$$$$$
603813 原尚股份 涨幅5.85,市值9亿 
板块：开板次新
主买：7265万
主卖：0万
净买入：7265万
类型：
符合条件1，单位时间新增买入 712万
--------------------------------------------------------------------------------------------
时间： 
$$$$$$$$$$$$$$$$$$$$$$$$$$$$$$$$$$$$$$$$$$$$$$$$$$$$$$$$$$$
603882 金域医学 涨幅10.00,市值30亿 
板块：开板次新,医疗改革
主买：36135万
主卖：-10664万
净买入：25471万
类型：
符合条件1，单位时间新增买入 748万
$$$$$$$$$$$$$$$$$$$$$$$$$$$$$$$$$$$$$$$$$$$$$$$$$$$$$$$$$$$
603055 台华新材 涨幅7.39,市值17亿 
板块：开板次新
主买：6314万
主卖：-2197万
净买入：4118万
类型：
符合条件1，单位时间新增买入 1301万
--------------------------------------------------------------------------------------------
时间： 
$$$$$$$$$$$$$$$$$$$$$$$$$$$$$$$$$$$$$$$$$$$$$$$$$$$$$$$$$$$
002024 苏宁云商 涨幅3.03,市值446亿 
板块：扭亏为盈,零售
主买：21719万
主卖：-13356万
净买入：8362万
类型：游资
符合条件1，单位时间新增买入 906万
$$$$$$$$$$$$$$$$$$$$$$$$$$$$$$$$$$$$$$$$$$$$$$$$$$$$$$$$$$$
002321 华英农业 涨幅0.60,市值41亿 
板块：庄股
主买：4163万
主卖：-164万
净买入：3999万
类型：浙江帮
符合条件1，单位时间新增买入 3999万
--------------------------------------------------------------------------------------------
时间： 
--------------------------------------------------------------------------------------------
时间： 
--------------------------------------------------------------------------------------------
时间： 
--------------------------------------------------------------------------------------------
时间： 
--------------------------------------------------------------------------------------------
时间： 
--------------------------------------------------------------------------------------------
时间： 
$$$$$$$$$$$$$$$$$$$$$$$$$$$$$$$$$$$$$$$$$$$$$$$$$$$$$$$$$$$
000725 京东方Ａ 涨幅-1.67,市值1145亿 
板块：OLED
主买：37714万
主卖：-58916万
净买入：-21202万
类型：
符合条件1，单位时间新增买入 1151万
--------------------------------------------------------------------------------------------
时间： 
$$$$$$$$$$$$$$$$$$$$$$$$$$$$$$$$$$$$$$$$$$$$$$$$$$$$$$$$$$$
600516 方大炭素 涨幅2.34,市值312亿 
板块：石墨电极
主买：18134万
主卖：-14300万
净买入：3834万
类型：游资
符合条件1，单位时间新增买入 3834万
--------------------------------------------------------------------------------------------
时间： 
--------------------------------------------------------------------------------------------
时间： 
$$$$$$$$$$$$$$$$$$$$$$$$$$$$$$$$$$$$$$$$$$$$$$$$$$$$$$$$$$$
600516 方大炭素 涨幅2.89,市值313亿 
板块：石墨电极
主买：20305万
主卖：-15223万
净买入：5083万
类型：游资
符合条件1，单位时间新增买入 1150万
--------------------------------------------------------------------------------------------
时间： 
--------------------------------------------------------------------------------------------
时间： 
--------------------------------------------------------------------------------------------
时间： 
$$$$$$$$$$$$$$$$$$$$$$$$$$$$$$$$$$$$$$$$$$$$$$$$$$$$$$$$$$$
002900 哈三联 涨幅10.00,市值22亿 
板块：开板次新
主买：17827万
主卖：-442万
净买入：17384万
类型：
符合条件1，单位时间新增买入 9766万
--------------------------------------------------------------------------------------------
时间： 
$$$$$$$$$$$$$$$$$$$$$$$$$$$$$$$$$$$$$$$$$$$$$$$$$$$$$$$$$$$
002900 哈三联 涨幅10.00,市值22亿 
板块：开板次新
主买：19416万
主卖：-442万
净买入：18974万
类型：
符合条件1，单位时间新增买入 1590万
--------------------------------------------------------------------------------------------
时间： 
--------------------------------------------------------------------------------------------
时间： 
--------------------------------------------------------------------------------------------
时间： 
--------------------------------------------------------------------------------------------
时间： 
--------------------------------------------------------------------------------------------
时间： 
--------------------------------------------------------------------------------------------
时间： 
--------------------------------------------------------------------------------------------
时间： 
--------------------------------------------------------------------------------------------
时间： 
--------------------------------------------------------------------------------------------
时间： 
--------------------------------------------------------------------------------------------
时间： 
$$$$$$$$$$$$$$$$$$$$$$$$$$$$$$$$$$$$$$$$$$$$$$$$$$$$$$$$$$$
300020 银江股份 涨幅9.79,市值71亿 
板块：智慧城市
主买：21485万
主卖：-23170万
净买入：-1685万
类型：
符合条件1，单位时间新增买入 1441万
--------------------------------------------------------------------------------------------
时间： 
$$$$$$$$$$$$$$$$$$$$$$$$$$$$$$$$$$$$$$$$$$$$$$$$$$$$$$$$$$$
300020 银江股份 涨幅9.29,市值71亿 
板块：智慧城市
主买：22362万
主卖：-23170万
净买入：-809万
类型：
符合条件1，单位时间新增买入 876万
--------------------------------------------------------------------------------------------
时间： 
$$$$$$$$$$$$$$$$$$$$$$$$$$$$$$$$$$$$$$$$$$$$$$$$$$$$$$$$$$$
603055 台华新材 涨幅10.01,市值17亿 
板块：开板次新
主买：11508万
主卖：-2372万
净买入：9136万
类型：
符合条件1，单位时间新增买入 4742万
$$$$$$$$$$$$$$$$$$$$$$$$$$$$$$$$$$$$$$$$$$$$$$$$$$$$$$$$$$$
000868 安凯客车 涨幅8.38,市值53亿 
板块：新能源汽车
主买：7158万
主卖：-44490万
净买入：-37332万
类型：游资
符合条件1，单位时间新增买入 816万
--------------------------------------------------------------------------------------------
时间： 
$$$$$$$$$$$$$$$$$$$$$$$$$$$$$$$$$$$$$$$$$$$$$$$$$$$$$$$$$$$
603055 台华新材 涨幅10.01,市值17亿 
板块：开板次新
主买：12695万
主卖：-2480万
净买入：10215万
类型：
符合条件1，单位时间新增买入 1079万
--------------------------------------------------------------------------------------------
时间： 
$$$$$$$$$$$$$$$$$$$$$$$$$$$$$$$$$$$$$$$$$$$$$$$$$$$$$$$$$$$
603055 台华新材 涨幅10.01,市值17亿 
板块：开板次新
主买：13944万
主卖：-2480万
净买入：11464万
类型：
符合条件1，单位时间新增买入 1249万
$$$$$$$$$$$$$$$$$$$$$$$$$$$$$$$$$$$$$$$$$$$$$$$$$$$$$$$$$$$
002024 苏宁云商 涨幅3.18,市值447亿 
板块：扭亏为盈,零售
主买：25227万
主卖：-15060万
净买入：10167万
类型：游资
符合条件1，单位时间新增买入 1524万
$$$$$$$$$$$$$$$$$$$$$$$$$$$$$$$$$$$$$$$$$$$$$$$$$$$$$$$$$$$
600516 方大炭素 涨幅3.73,市值316亿 
板块：石墨电极
主买：28387万
主卖：-18384万
净买入：10003万
类型：游资
符合条件1，单位时间新增买入 3065万
$$$$$$$$$$$$$$$$$$$$$$$$$$$$$$$$$$$$$$$$$$$$$$$$$$$$$$$$$$$
300677 英科医疗 涨幅10.01,市值12亿 
板块：次新股
主买：4677万
主卖：-1020万
净买入：3658万
类型：
符合条件1，单位时间新增买入 3658万
--------------------------------------------------------------------------------------------
时间： 
$$$$$$$$$$$$$$$$$$$$$$$$$$$$$$$$$$$$$$$$$$$$$$$$$$$$$$$$$$$
601011 宝泰隆 涨幅1.65,市值93亿 
板块：石墨烯,针状焦,负极材料,锂电池
主买：3439万
主卖：-2957万
净买入：482万
类型：游资
符合条件1，单位时间新增买入 729万
--------------------------------------------------------------------------------------------
时间： 
$$$$$$$$$$$$$$$$$$$$$$$$$$$$$$$$$$$$$$$$$$$$$$$$$$$$$$$$$$$
603559 中通国脉 涨幅10.01,市值15亿 
板块：5G
主买：5291万
主卖：-3283万
净买入：2007万
类型：游资
符合条件1，单位时间新增买入 2888万
--------------------------------------------------------------------------------------------
时间： 
--------------------------------------------------------------------------------------------
时间： 
--------------------------------------------------------------------------------------------
时间： 
$$$$$$$$$$$$$$$$$$$$$$$$$$$$$$$$$$$$$$$$$$$$$$$$$$$$$$$$$$$
002881 美格智能 涨幅10.00,市值11亿 
板块：次新股,5G
主买：11900万
主卖：-2080万
净买入：9821万
类型：游资
符合条件1，单位时间新增买入 2135万
--------------------------------------------------------------------------------------------
时间： 
--------------------------------------------------------------------------------------------
时间： 
$$$$$$$$$$$$$$$$$$$$$$$$$$$$$$$$$$$$$$$$$$$$$$$$$$$$$$$$$$$
300677 英科医疗 涨幅10.01,市值12亿 
板块：次新股
主买：7737万
主卖：-1726万
净买入：6010万
类型：
符合条件1，单位时间新增买入 838万
--------------------------------------------------------------------------------------------
时间： 
$$$$$$$$$$$$$$$$$$$$$$$$$$$$$$$$$$$$$$$$$$$$$$$$$$$$$$$$$$$
600516 方大炭素 涨幅3.93,市值317亿 
板块：石墨电极
主买：32841万
主卖：-21532万
净买入：11309万
类型：游资
符合条件1，单位时间新增买入 1017万
--------------------------------------------------------------------------------------------
时间： 
--------------------------------------------------------------------------------------------
时间： 
--------------------------------------------------------------------------------------------
时间： 
$$$$$$$$$$$$$$$$$$$$$$$$$$$$$$$$$$$$$$$$$$$$$$$$$$$$$$$$$$$
000977 浪潮信息 涨幅5.56,市值157亿 
板块：证金持股
主买：7151万
主卖：-3764万
净买入：3386万
类型：
符合条件1，单位时间新增买入 3386万
$$$$$$$$$$$$$$$$$$$$$$$$$$$$$$$$$$$$$$$$$$$$$$$$$$$$$$$$$$$
002467 二六三 涨幅7.59,市值72亿 
板块：5G,云通信
主买：13214万
主卖：-39486万
净买入：-26272万
类型：
符合条件1，单位时间新增买入 723万
--------------------------------------------------------------------------------------------
时间： 
--------------------------------------------------------------------------------------------
时间： 
--------------------------------------------------------------------------------------------
时间： 
--------------------------------------------------------------------------------------------
时间： 
$$$$$$$$$$$$$$$$$$$$$$$$$$$$$$$$$$$$$$$$$$$$$$$$$$$$$$$$$$$
601011 宝泰隆 涨幅2.43,市值94亿 
板块：石墨烯,针状焦,负极材料,锂电池
主买：5549万
主卖：-3227万
净买入：2322万
类型：游资
符合条件1，单位时间新增买入 1395万
--------------------------------------------------------------------------------------------
时间： 
--------------------------------------------------------------------------------------------
时间： 
--------------------------------------------------------------------------------------------
时间： 
--------------------------------------------------------------------------------------------
时间： 
--------------------------------------------------------------------------------------------
时间： 
--------------------------------------------------------------------------------------------
时间： 
$$$$$$$$$$$$$$$$$$$$$$$$$$$$$$$$$$$$$$$$$$$$$$$$$$$$$$$$$$$
600536 中国软件 涨幅4.96,市值50亿 
板块：
主买：1924万
主卖：-1009万
净买入：915万
类型：
符合条件1，单位时间新增买入 915万
--------------------------------------------------------------------------------------------
时间： 
--------------------------------------------------------------------------------------------
时间： 
--------------------------------------------------------------------------------------------
时间： 
--------------------------------------------------------------------------------------------
时间： 
$$$$$$$$$$$$$$$$$$$$$$$$$$$$$$$$$$$$$$$$$$$$$$$$$$$$$$$$$$$
300649 杭州园林 涨幅10.00,市值17亿 
板块：高送转,雄安新区
主买：6214万
主卖：-11921万
净买入：-5707万
类型：游资
符合条件1，单位时间新增买入 3533万
--------------------------------------------------------------------------------------------
时间： 
--------------------------------------------------------------------------------------------
时间： 
--------------------------------------------------------------------------------------------
时间： 
--------------------------------------------------------------------------------------------
时间： 
--------------------------------------------------------------------------------------------
时间： 
--------------------------------------------------------------------------------------------
时间： 
--------------------------------------------------------------------------------------------
时间： 
--------------------------------------------------------------------------------------------
时间： 
$$$$$$$$$$$$$$$$$$$$$$$$$$$$$$$$$$$$$$$$$$$$$$$$$$$$$$$$$$$
300672 国科微 涨幅6.66,市值18亿 
板块：芯片
主买：3588万
主卖：-856万
净买入：2732万
类型：
符合条件1，单位时间新增买入 2732万
$$$$$$$$$$$$$$$$$$$$$$$$$$$$$$$$$$$$$$$$$$$$$$$$$$$$$$$$$$$
300701 森霸股份 涨幅9.76,市值10亿 
板块：开板次新
主买：5390万
主卖：-442万
净买入：4947万
类型：
符合条件1，单位时间新增买入 1135万
--------------------------------------------------------------------------------------------
时间： 
$$$$$$$$$$$$$$$$$$$$$$$$$$$$$$$$$$$$$$$$$$$$$$$$$$$$$$$$$$$
300701 森霸股份 涨幅9.99,市值10亿 
板块：开板次新
主买：8310万
主卖：-558万
净买入：7752万
类型：
符合条件1，单位时间新增买入 2804万
--------------------------------------------------------------------------------------------
时间： 
$$$$$$$$$$$$$$$$$$$$$$$$$$$$$$$$$$$$$$$$$$$$$$$$$$$$$$$$$$$
601952 苏垦农发 涨幅5.70,市值41亿 
板块：次新股
主买：7533万
主卖：-1342万
净买入：6191万
类型：
符合条件1，单位时间新增买入 6191万
--------------------------------------------------------------------------------------------
时间： 
$$$$$$$$$$$$$$$$$$$$$$$$$$$$$$$$$$$$$$$$$$$$$$$$$$$$$$$$$$$
300675 建科院 涨幅7.98,市值19亿 
板块：次新股,雄安新区
主买：2263万
主卖：-10173万
净买入：-7910万
类型：游资
符合条件1，单位时间新增买入 701万
--------------------------------------------------------------------------------------------
时间： 
--------------------------------------------------------------------------------------------
时间： 
--------------------------------------------------------------------------------------------
时间： 
$$$$$$$$$$$$$$$$$$$$$$$$$$$$$$$$$$$$$$$$$$$$$$$$$$$$$$$$$$$
000916 华北高速 涨幅8.54,市值46亿 
板块：重组,雄安新区
主买：4013万
主卖：-20549万
净买入：-16535万
类型：游资
符合条件1，单位时间新增买入 726万
--------------------------------------------------------------------------------------------
时间： 
--------------------------------------------------------------------------------------------
时间： 
--------------------------------------------------------------------------------------------
时间： 
--------------------------------------------------------------------------------------------
时间： 
--------------------------------------------------------------------------------------------
时间： 
$$$$$$$$$$$$$$$$$$$$$$$$$$$$$$$$$$$$$$$$$$$$$$$$$$$$$$$$$$$
600570 恒生电子 涨幅5.05,市值271亿 
板块：互联网金融
主买：18057万
主卖：-7492万
净买入：10566万
类型：
符合条件1，单位时间新增买入 907万
--------------------------------------------------------------------------------------------
时间： 
--------------------------------------------------------------------------------------------
时间： 
$$$$$$$$$$$$$$$$$$$$$$$$$$$$$$$$$$$$$$$$$$$$$$$$$$$$$$$$$$$
002797 第一创业 涨幅3.62,市值224亿 
板块：证券
主买：18497万
主卖：-13916万
净买入：4581万
类型：游资
符合条件1，单位时间新增买入 4581万
--------------------------------------------------------------------------------------------
时间： 
--------------------------------------------------------------------------------------------
时间： 
--------------------------------------------------------------------------------------------
时间： 
$$$$$$$$$$$$$$$$$$$$$$$$$$$$$$$$$$$$$$$$$$$$$$$$$$$$$$$$$$$
300676 华大基因 涨幅3.97,市值71亿 
板块：次新股,创业板蓝筹,基因测序
主买：8549万
主卖：-5920万
净买入：2629万
类型：游资
符合条件1，单位时间新增买入 2629万
--------------------------------------------------------------------------------------------
时间： 
--------------------------------------------------------------------------------------------
时间： 
--------------------------------------------------------------------------------------------
时间： 
--------------------------------------------------------------------------------------------
时间： 
--------------------------------------------------------------------------------------------
时间： 
--------------------------------------------------------------------------------------------
时间： 
--------------------------------------------------------------------------------------------
时间： 
--------------------------------------------------------------------------------------------
时间： 
$$$$$$$$$$$$$$$$$$$$$$$$$$$$$$$$$$$$$$$$$$$$$$$$$$$$$$$$$$$
300701 森霸股份 涨幅9.99,市值10亿 
板块：开板次新
主买：12595万
主卖：-1256万
净买入：11339万
类型：
符合条件1，单位时间新增买入 953万
--------------------------------------------------------------------------------------------
时间： 
--------------------------------------------------------------------------------------------
时间： 
$$$$$$$$$$$$$$$$$$$$$$$$$$$$$$$$$$$$$$$$$$$$$$$$$$$$$$$$$$$
000063 中兴通讯 涨幅-1.00,市值1018亿 
板块：5G,白马股
主买：47580万
主卖：-76494万
净买入：-28914万
类型：基金
符合条件1，单位时间新增买入 825万
--------------------------------------------------------------------------------------------
时间： 
--------------------------------------------------------------------------------------------
时间： 
--------------------------------------------------------------------------------------------
时间： 
--------------------------------------------------------------------------------------------
时间： 
--------------------------------------------------------------------------------------------
时间： 
--------------------------------------------------------------------------------------------
时间： 
--------------------------------------------------------------------------------------------
时间： 
--------------------------------------------------------------------------------------------
时间： 
--------------------------------------------------------------------------------------------
时间： 
--------------------------------------------------------------------------------------------
时间： 
--------------------------------------------------------------------------------------------
时间： 
--------------------------------------------------------------------------------------------
时间： 
--------------------------------------------------------------------------------------------
时间： 
$$$$$$$$$$$$$$$$$$$$$$$$$$$$$$$$$$$$$$$$$$$$$$$$$$$$$$$$$$$
300359 全通教育 涨幅7.54,市值40亿 
板块：传媒,超跌
主买：5025万
主卖：-13064万
净买入：-8039万
类型：
符合条件1，单位时间新增买入 1006万
--------------------------------------------------------------------------------------------
时间： 
--------------------------------------------------------------------------------------------
时间： 
--------------------------------------------------------------------------------------------
时间： 
$$$$$$$$$$$$$$$$$$$$$$$$$$$$$$$$$$$$$$$$$$$$$$$$$$$$$$$$$$$
002024 苏宁云商 涨幅1.01,市值437亿 
板块：扭亏为盈,零售
主买：31409万
主卖：-26076万
净买入：5333万
类型：游资
符合条件1，单位时间新增买入 1113万
--------------------------------------------------------------------------------------------
时间： 
$$$$$$$$$$$$$$$$$$$$$$$$$$$$$$$$$$$$$$$$$$$$$$$$$$$$$$$$$$$
002797 第一创业 涨幅3.46,市值224亿 
板块：证券
主买：21939万
主卖：-18016万
净买入：3923万
类型：游资
符合条件1，单位时间新增买入 882万
--------------------------------------------------------------------------------------------
时间： 
$$$$$$$$$$$$$$$$$$$$$$$$$$$$$$$$$$$$$$$$$$$$$$$$$$$$$$$$$$$
000725 京东方Ａ 涨幅0.21,市值1167亿 
板块：OLED
主买：67901万
主卖：-106571万
净买入：-38670万
类型：
符合条件1，单位时间新增买入 3947万
--------------------------------------------------------------------------------------------
时间： 
$$$$$$$$$$$$$$$$$$$$$$$$$$$$$$$$$$$$$$$$$$$$$$$$$$$$$$$$$$$
300676 华大基因 涨幅5.79,市值73亿 
板块：次新股,创业板蓝筹,基因测序
主买：14965万
主卖：-8951万
净买入：6013万
类型：游资
符合条件1，单位时间新增买入 716万
$$$$$$$$$$$$$$$$$$$$$$$$$$$$$$$$$$$$$$$$$$$$$$$$$$$$$$$$$$$
600158 中体产业 涨幅5.19,市值97亿 
板块：房地产,足球体育
主买：7806万
主卖：-2183万
净买入：5623万
类型：
符合条件1，单位时间新增买入 5623万
--------------------------------------------------------------------------------------------
时间： 
--------------------------------------------------------------------------------------------
时间： 
$$$$$$$$$$$$$$$$$$$$$$$$$$$$$$$$$$$$$$$$$$$$$$$$$$$$$$$$$$$
002315 焦点科技 涨幅9.99,市值32亿 
板块：互联网保险
主买：9449万
主卖：-16173万
净买入：-6725万
类型：
符合条件1，单位时间新增买入 769万
$$$$$$$$$$$$$$$$$$$$$$$$$$$$$$$$$$$$$$$$$$$$$$$$$$$$$$$$$$$
000725 京东方Ａ 涨幅0.21,市值1167亿 
板块：OLED
主买：75914万
主卖：-111551万
净买入：-35637万
类型：
符合条件1，单位时间新增买入 2869万
--------------------------------------------------------------------------------------------
时间： 
--------------------------------------------------------------------------------------------
时间： 
--------------------------------------------------------------------------------------------
时间： 
$$$$$$$$$$$$$$$$$$$$$$$$$$$$$$$$$$$$$$$$$$$$$$$$$$$$$$$$$$$
300676 华大基因 涨幅6.78,市值73亿 
板块：次新股,创业板蓝筹,基因测序
主买：17656万
主卖：-10214万
净买入：7442万
类型：游资
符合条件1，单位时间新增买入 883万
--------------------------------------------------------------------------------------------
时间： 
--------------------------------------------------------------------------------------------
时间： 
--------------------------------------------------------------------------------------------
时间： 
$$$$$$$$$$$$$$$$$$$$$$$$$$$$$$$$$$$$$$$$$$$$$$$$$$$$$$$$$$$
002230 科大讯飞 涨幅0.81,市值557亿 
板块：人工智能,白马股
主买：25643万
主卖：-28918万
净买入：-3276万
类型：游资
符合条件1，单位时间新增买入 2149万
--------------------------------------------------------------------------------------------
时间： 
$$$$$$$$$$$$$$$$$$$$$$$$$$$$$$$$$$$$$$$$$$$$$$$$$$$$$$$$$$$
300676 华大基因 涨幅9.41,市值75亿 
板块：次新股,创业板蓝筹,基因测序
主买：19353万
主卖：-11222万
净买入：8131万
类型：游资
符合条件1，单位时间新增买入 849万
--------------------------------------------------------------------------------------------
时间： 
$$$$$$$$$$$$$$$$$$$$$$$$$$$$$$$$$$$$$$$$$$$$$$$$$$$$$$$$$$$
002230 科大讯飞 涨幅1.16,市值558亿 
板块：人工智能,白马股
主买：28340万
主卖：-29773万
净买入：-1433万
类型：游资
符合条件1，单位时间新增买入 1674万
--------------------------------------------------------------------------------------------
时间： 
$$$$$$$$$$$$$$$$$$$$$$$$$$$$$$$$$$$$$$$$$$$$$$$$$$$$$$$$$$$
002230 科大讯飞 涨幅0.94,市值557亿 
板块：人工智能,白马股
主买：30997万
主卖：-30699万
净买入：298万
类型：游资
符合条件1，单位时间新增买入 1731万
--------------------------------------------------------------------------------------------
时间： 
$$$$$$$$$$$$$$$$$$$$$$$$$$$$$$$$$$$$$$$$$$$$$$$$$$$$$$$$$$$
002830 名雕股份 涨幅9.55,市值10亿 
板块：庄股
主买：3193万
主卖：-522万
净买入：2670万
类型：浙江帮
符合条件1，单位时间新增买入 2670万
--------------------------------------------------------------------------------------------
时间： 
--------------------------------------------------------------------------------------------
时间： 
--------------------------------------------------------------------------------------------
时间： 
$$$$$$$$$$$$$$$$$$$$$$$$$$$$$$$$$$$$$$$$$$$$$$$$$$$$$$$$$$$
002230 科大讯飞 涨幅1.56,市值561亿 
板块：人工智能,白马股
主买：35835万
主卖：-33092万
净买入：2743万
类型：游资
符合条件1，单位时间新增买入 2035万
$$$$$$$$$$$$$$$$$$$$$$$$$$$$$$$$$$$$$$$$$$$$$$$$$$$$$$$$$$$
601318 中国平安 涨幅0.35,市值5639亿 
板块：蓝筹股,保险
主买：124122万
主卖：-157462万
净买入：-33340万
类型：基金
符合条件1，单位时间新增买入 2861万
--------------------------------------------------------------------------------------------
时间： 
--------------------------------------------------------------------------------------------
时间： 
--------------------------------------------------------------------------------------------
时间： 
--------------------------------------------------------------------------------------------
时间： 
$$$$$$$$$$$$$$$$$$$$$$$$$$$$$$$$$$$$$$$$$$$$$$$$$$$$$$$$$$$
603066 音飞储存 涨幅3.53,市值20亿 
板块：超跌
主买：3893万
主卖：-1729万
净买入：2164万
类型：游资
符合条件1，单位时间新增买入 2164万
--------------------------------------------------------------------------------------------
时间： 
$$$$$$$$$$$$$$$$$$$$$$$$$$$$$$$$$$$$$$$$$$$$$$$$$$$$$$$$$$$
002230 科大讯飞 涨幅1.74,市值562亿 
板块：人工智能,白马股
主买：40411万
主卖：-34662万
净买入：5748万
类型：游资
符合条件1，单位时间新增买入 818万
$$$$$$$$$$$$$$$$$$$$$$$$$$$$$$$$$$$$$$$$$$$$$$$$$$$$$$$$$$$
000725 京东方Ａ 涨幅0.42,市值1169亿 
板块：OLED
主买：91380万
主卖：-134778万
净买入：-43398万
类型：
符合条件1，单位时间新增买入 1211万
--------------------------------------------------------------------------------------------
时间： 
$$$$$$$$$$$$$$$$$$$$$$$$$$$$$$$$$$$$$$$$$$$$$$$$$$$$$$$$$$$
600584 长电科技 涨幅5.83,市值170亿 
板块：复牌,芯片
主买：69114万
主卖：-63517万
净买入：5597万
类型：
符合条件1，单位时间新增买入 882万
$$$$$$$$$$$$$$$$$$$$$$$$$$$$$$$$$$$$$$$$$$$$$$$$$$$$$$$$$$$
000725 京东方Ａ 涨幅0.42,市值1169亿 
板块：OLED
主买：94023万
主卖：-135865万
净买入：-41842万
类型：
符合条件1，单位时间新增买入 1556万
--------------------------------------------------------------------------------------------
时间： 
$$$$$$$$$$$$$$$$$$$$$$$$$$$$$$$$$$$$$$$$$$$$$$$$$$$$$$$$$$$
002797 第一创业 涨幅3.15,市值223亿 
板块：证券
主买：23362万
主卖：-20787万
净买入：2575万
类型：游资
符合条件1，单位时间新增买入 844万
$$$$$$$$$$$$$$$$$$$$$$$$$$$$$$$$$$$$$$$$$$$$$$$$$$$$$$$$$$$
601318 中国平安 涨幅0.29,市值5636亿 
板块：蓝筹股,保险
主买：132589万
主卖：-163860万
净买入：-31271万
类型：基金
符合条件1，单位时间新增买入 751万
--------------------------------------------------------------------------------------------
时间： 
$$$$$$$$$$$$$$$$$$$$$$$$$$$$$$$$$$$$$$$$$$$$$$$$$$$$$$$$$$$
603813 原尚股份 涨幅10.01,市值9亿 
板块：开板次新
主买：13853万
主卖：0万
净买入：13853万
类型：
符合条件1，单位时间新增买入 2460万
--------------------------------------------------------------------------------------------
时间： 
$$$$$$$$$$$$$$$$$$$$$$$$$$$$$$$$$$$$$$$$$$$$$$$$$$$$$$$$$$$
002005 德豪润达 涨幅5.84,市值51亿 
板块：
主买：5410万
主卖：-1174万
净买入：4236万
类型：
符合条件1，单位时间新增买入 4236万
--------------------------------------------------------------------------------------------
时间： 
$$$$$$$$$$$$$$$$$$$$$$$$$$$$$$$$$$$$$$$$$$$$$$$$$$$$$$$$$$$
002230 科大讯飞 涨幅1.70,市值561亿 
板块：人工智能,白马股
主买：41041万
主卖：-35963万
净买入：5078万
类型：游资
符合条件1，单位时间新增买入 728万
$$$$$$$$$$$$$$$$$$$$$$$$$$$$$$$$$$$$$$$$$$$$$$$$$$$$$$$$$$$
002797 第一创业 涨幅4.02,市值225亿 
板块：证券
主买：27005万
主卖：-22603万
净买入：4403万
类型：游资
符合条件1，单位时间新增买入 792万
--------------------------------------------------------------------------------------------
时间： 
$$$$$$$$$$$$$$$$$$$$$$$$$$$$$$$$$$$$$$$$$$$$$$$$$$$$$$$$$$$
002797 第一创业 涨幅4.33,市值226亿 
板块：证券
主买：30734万
主卖：-22804万
净买入：7929万
类型：游资
符合条件1，单位时间新增买入 3527万
$$$$$$$$$$$$$$$$$$$$$$$$$$$$$$$$$$$$$$$$$$$$$$$$$$$$$$$$$$$
002230 科大讯飞 涨幅1.72,市值561亿 
板块：人工智能,白马股
主买：41404万
主卖：-35177万
净买入：6227万
类型：游资
符合条件1，单位时间新增买入 1149万
--------------------------------------------------------------------------------------------
时间： 
--------------------------------------------------------------------------------------------
时间： 
