--------------------------------------------------------------------------------------------
时间： 
--------------------------------------------------------------------------------------------
时间： 
$$$$$$$$$$$$$$$$$$$$$$$$$$$$$$$$$$$$$$$$$$$$$$$$$$$$$$$$$$$
300698 万马科技 涨幅2.88,市值14亿 
板块：次新股,5G
主买：1102万
主卖：0万
净买入：1102万
类型：
符合条件1，单位时间新增买入 1102万
$$$$$$$$$$$$$$$$$$$$$$$$$$$$$$$$$$$$$$$$$$$$$$$$$$$$$$$$$$$
000868 安凯客车 涨幅-3.52,市值49亿 
板块：新能源汽车
主买：1316万
主卖：-236万
净买入：1081万
类型：游资
符合条件1，单位时间新增买入 1081万
$$$$$$$$$$$$$$$$$$$$$$$$$$$$$$$$$$$$$$$$$$$$$$$$$$$$$$$$$$$
300030 阳普医疗 涨幅10.00,市值29亿 
板块：医疗改革
主买：3857万
主卖：-4254万
净买入：-397万
类型：
符合条件1，单位时间新增买入 914万
--------------------------------------------------------------------------------------------
时间： 
--------------------------------------------------------------------------------------------
时间： 
$$$$$$$$$$$$$$$$$$$$$$$$$$$$$$$$$$$$$$$$$$$$$$$$$$$$$$$$$$$
603648 畅联股份 涨幅4.02,市值23亿 
板块：开板次新
主买：1549万
主卖：0万
净买入：1549万
类型：
符合条件1，单位时间新增买入 1549万
$$$$$$$$$$$$$$$$$$$$$$$$$$$$$$$$$$$$$$$$$$$$$$$$$$$$$$$$$$$
603813 原尚股份 涨幅2.73,市值9亿 
板块：开板次新
主买：826万
主卖：-103万
净买入：724万
类型：
符合条件1，单位时间新增买入 724万
--------------------------------------------------------------------------------------------
时间： 
$$$$$$$$$$$$$$$$$$$$$$$$$$$$$$$$$$$$$$$$$$$$$$$$$$$$$$$$$$$
002264 新 华 都 涨幅10.03,市值42亿 
板块：零售,阿里概念
主买：11245万
主卖：-14191万
净买入：-2945万
类型：
符合条件1，单位时间新增买入 2962万
--------------------------------------------------------------------------------------------
时间： 
$$$$$$$$$$$$$$$$$$$$$$$$$$$$$$$$$$$$$$$$$$$$$$$$$$$$$$$$$$$
603648 畅联股份 涨幅7.19,市值24亿 
板块：开板次新
主买：3872万
主卖：-626万
净买入：3246万
类型：
符合条件1，单位时间新增买入 1549万
$$$$$$$$$$$$$$$$$$$$$$$$$$$$$$$$$$$$$$$$$$$$$$$$$$$$$$$$$$$
300340 科恒股份 涨幅1.84,市值61亿 
板块：锂电池
主买：23203万
主卖：-30227万
净买入：-7023万
类型：
符合条件1，单位时间新增买入 817万
--------------------------------------------------------------------------------------------
时间： 
$$$$$$$$$$$$$$$$$$$$$$$$$$$$$$$$$$$$$$$$$$$$$$$$$$$$$$$$$$$
603559 中通国脉 涨幅-7.84,市值14亿 
板块：5G
主买：1538万
主卖：-3680万
净买入：-2141万
类型：游资
符合条件1，单位时间新增买入 1115万
--------------------------------------------------------------------------------------------
时间： 
$$$$$$$$$$$$$$$$$$$$$$$$$$$$$$$$$$$$$$$$$$$$$$$$$$$$$$$$$$$
002662 京威股份 涨幅8.26,市值41亿 
板块：互联网金融
主买：26691万
主卖：-23047万
净买入：3644万
类型：基金
符合条件1，单位时间新增买入 3644万
--------------------------------------------------------------------------------------------
时间： 
--------------------------------------------------------------------------------------------
时间： 
--------------------------------------------------------------------------------------------
时间： 
--------------------------------------------------------------------------------------------
时间： 
$$$$$$$$$$$$$$$$$$$$$$$$$$$$$$$$$$$$$$$$$$$$$$$$$$$$$$$$$$$
002766 索菱股份 涨幅3.75,市值32亿 
板块：无人驾驶,老高送转
主买：1634万
主卖：0万
净买入：1634万
类型：游资
符合条件1，单位时间新增买入 1634万
--------------------------------------------------------------------------------------------
时间： 
--------------------------------------------------------------------------------------------
时间： 
$$$$$$$$$$$$$$$$$$$$$$$$$$$$$$$$$$$$$$$$$$$$$$$$$$$$$$$$$$$
002467 二六三 涨幅-1.04,市值71亿 
板块：5G,云通信
主买：3300万
主卖：-1910万
净买入：1390万
类型：
符合条件1，单位时间新增买入 1390万
$$$$$$$$$$$$$$$$$$$$$$$$$$$$$$$$$$$$$$$$$$$$$$$$$$$$$$$$$$$
002900 哈三联 涨幅10.00,市值24亿 
板块：开板次新
主买：6929万
主卖：-13894万
净买入：-6965万
类型：
符合条件1，单位时间新增买入 929万
--------------------------------------------------------------------------------------------
时间： 
$$$$$$$$$$$$$$$$$$$$$$$$$$$$$$$$$$$$$$$$$$$$$$$$$$$$$$$$$$$
300666 江丰电子 涨幅4.37,市值29亿 
板块：次新股,半导体
主买：1741万
主卖：-676万
净买入：1065万
类型：游资
符合条件1，单位时间新增买入 1065万
$$$$$$$$$$$$$$$$$$$$$$$$$$$$$$$$$$$$$$$$$$$$$$$$$$$$$$$$$$$
002900 哈三联 涨幅10.00,市值24亿 
板块：开板次新
主买：8388万
主卖：-13894万
净买入：-5506万
类型：
符合条件1，单位时间新增买入 1459万
--------------------------------------------------------------------------------------------
时间： 
--------------------------------------------------------------------------------------------
时间： 
--------------------------------------------------------------------------------------------
时间： 
$$$$$$$$$$$$$$$$$$$$$$$$$$$$$$$$$$$$$$$$$$$$$$$$$$$$$$$$$$$
300383 光环新网 涨幅4.61,市值135亿 
板块：超跌,创业板蓝筹
主买：9687万
主卖：-2258万
净买入：7428万
类型：
符合条件1，单位时间新增买入 7428万
$$$$$$$$$$$$$$$$$$$$$$$$$$$$$$$$$$$$$$$$$$$$$$$$$$$$$$$$$$$
603929 亚翔集成 涨幅6.57,市值16亿 
板块：白马股,次新股
主买：4493万
主卖：-639万
净买入：3854万
类型：基金
符合条件1，单位时间新增买入 3854万
--------------------------------------------------------------------------------------------
时间： 
--------------------------------------------------------------------------------------------
时间： 
$$$$$$$$$$$$$$$$$$$$$$$$$$$$$$$$$$$$$$$$$$$$$$$$$$$$$$$$$$$
300383 光环新网 涨幅5.01,市值136亿 
板块：超跌,创业板蓝筹
主买：11292万
主卖：-2360万
净买入：8932万
类型：
符合条件1，单位时间新增买入 978万
$$$$$$$$$$$$$$$$$$$$$$$$$$$$$$$$$$$$$$$$$$$$$$$$$$$$$$$$$$$
002467 二六三 涨幅0.78,市值72亿 
板块：5G,云通信
主买：4078万
主卖：-2649万
净买入：1430万
类型：
符合条件1，单位时间新增买入 936万
--------------------------------------------------------------------------------------------
时间： 
--------------------------------------------------------------------------------------------
时间： 
--------------------------------------------------------------------------------------------
时间： 
$$$$$$$$$$$$$$$$$$$$$$$$$$$$$$$$$$$$$$$$$$$$$$$$$$$$$$$$$$$
002496 辉丰股份 涨幅4.95,市值45亿 
板块：草甘膦
主买：2508万
主卖：-297万
净买入：2211万
类型：基金
符合条件1，单位时间新增买入 2211万
$$$$$$$$$$$$$$$$$$$$$$$$$$$$$$$$$$$$$$$$$$$$$$$$$$$$$$$$$$$
002900 哈三联 涨幅10.00,市值24亿 
板块：开板次新
主买：11364万
主卖：-13894万
净买入：-2530万
类型：
符合条件1，单位时间新增买入 1003万
--------------------------------------------------------------------------------------------
时间： 
$$$$$$$$$$$$$$$$$$$$$$$$$$$$$$$$$$$$$$$$$$$$$$$$$$$$$$$$$$$
300702 天宇股份 涨幅3.51,市值18亿 
板块：开板次新
主买：1211万
主卖：-216万
净买入：994万
类型：
符合条件1，单位时间新增买入 994万
$$$$$$$$$$$$$$$$$$$$$$$$$$$$$$$$$$$$$$$$$$$$$$$$$$$$$$$$$$$
002467 二六三 涨幅5.30,市值75亿 
板块：5G,云通信
主买：7617万
主卖：-5438万
净买入：2179万
类型：
符合条件1，单位时间新增买入 719万
$$$$$$$$$$$$$$$$$$$$$$$$$$$$$$$$$$$$$$$$$$$$$$$$$$$$$$$$$$$
002900 哈三联 涨幅10.00,市值24亿 
板块：开板次新
主买：12851万
主卖：-13894万
净买入：-1043万
类型：
符合条件1，单位时间新增买入 1487万
$$$$$$$$$$$$$$$$$$$$$$$$$$$$$$$$$$$$$$$$$$$$$$$$$$$$$$$$$$$
000725 京东方Ａ 涨幅-1.04,市值1157亿 
板块：OLED
主买：16877万
主卖：-21435万
净买入：-4558万
类型：
符合条件1，单位时间新增买入 788万
--------------------------------------------------------------------------------------------
时间： 
--------------------------------------------------------------------------------------------
时间： 
$$$$$$$$$$$$$$$$$$$$$$$$$$$$$$$$$$$$$$$$$$$$$$$$$$$$$$$$$$$
000413 东旭光电 涨幅2.22,市值423亿 
板块：石墨烯
主买：7690万
主卖：-6503万
净买入：1187万
类型：基金
符合条件1，单位时间新增买入 1187万
$$$$$$$$$$$$$$$$$$$$$$$$$$$$$$$$$$$$$$$$$$$$$$$$$$$$$$$$$$$
300699 光威复材 涨幅4.20,市值70亿 
板块：开板次新
主买：7567万
主卖：-6725万
净买入：842万
类型：
符合条件1，单位时间新增买入 1648万
--------------------------------------------------------------------------------------------
时间： 
$$$$$$$$$$$$$$$$$$$$$$$$$$$$$$$$$$$$$$$$$$$$$$$$$$$$$$$$$$$
000413 东旭光电 涨幅1.87,市值421亿 
板块：石墨烯
主买：8858万
主卖：-6754万
净买入：2104万
类型：基金
符合条件1，单位时间新增买入 917万
$$$$$$$$$$$$$$$$$$$$$$$$$$$$$$$$$$$$$$$$$$$$$$$$$$$$$$$$$$$
002355 兴民智通 涨幅6.22,市值40亿 
板块：无人驾驶
主买：1773万
主卖：-292万
净买入：1480万
类型：
符合条件1，单位时间新增买入 993万
--------------------------------------------------------------------------------------------
时间： 
--------------------------------------------------------------------------------------------
时间： 
$$$$$$$$$$$$$$$$$$$$$$$$$$$$$$$$$$$$$$$$$$$$$$$$$$$$$$$$$$$
300699 光威复材 涨幅6.19,市值71亿 
板块：开板次新
主买：9171万
主卖：-6864万
净买入：2306万
类型：
符合条件1，单位时间新增买入 1254万
--------------------------------------------------------------------------------------------
时间： 
--------------------------------------------------------------------------------------------
时间： 
$$$$$$$$$$$$$$$$$$$$$$$$$$$$$$$$$$$$$$$$$$$$$$$$$$$$$$$$$$$
603648 畅联股份 涨幅7.02,市值24亿 
板块：开板次新
主买：6242万
主卖：-1603万
净买入：4639万
类型：
符合条件1，单位时间新增买入 775万
$$$$$$$$$$$$$$$$$$$$$$$$$$$$$$$$$$$$$$$$$$$$$$$$$$$$$$$$$$$
002467 二六三 涨幅4.09,市值74亿 
板块：5G,云通信
主买：10158万
主卖：-8577万
净买入：1581万
类型：
符合条件1，单位时间新增买入 900万
--------------------------------------------------------------------------------------------
时间： 
$$$$$$$$$$$$$$$$$$$$$$$$$$$$$$$$$$$$$$$$$$$$$$$$$$$$$$$$$$$
300585 奥联电子 涨幅10.00,市值11亿 
板块：新能源汽车,次新股,汽车零部件
主买：2768万
主卖：-2496万
净买入：272万
类型：
符合条件1，单位时间新增买入 796万
$$$$$$$$$$$$$$$$$$$$$$$$$$$$$$$$$$$$$$$$$$$$$$$$$$$$$$$$$$$
300273 和佳股份 涨幅9.85,市值62亿 
板块：医疗改革
主买：4742万
主卖：-12545万
净买入：-7802万
类型：
符合条件1，单位时间新增买入 1081万
--------------------------------------------------------------------------------------------
时间： 
--------------------------------------------------------------------------------------------
时间： 
$$$$$$$$$$$$$$$$$$$$$$$$$$$$$$$$$$$$$$$$$$$$$$$$$$$$$$$$$$$
600555 海航创新 涨幅9.43,市值39亿 
板块：房地产
主买：6661万
主卖：-2247万
净买入：4414万
类型：
符合条件1，单位时间新增买入 4414万
$$$$$$$$$$$$$$$$$$$$$$$$$$$$$$$$$$$$$$$$$$$$$$$$$$$$$$$$$$$
000413 东旭光电 涨幅2.40,市值423亿 
板块：石墨烯
主买：11476万
主卖：-8209万
净买入：3267万
类型：基金
符合条件1，单位时间新增买入 1747万
--------------------------------------------------------------------------------------------
时间： 
--------------------------------------------------------------------------------------------
时间： 
--------------------------------------------------------------------------------------------
时间： 
$$$$$$$$$$$$$$$$$$$$$$$$$$$$$$$$$$$$$$$$$$$$$$$$$$$$$$$$$$$
000025 特 力Ａ 涨幅9.26,市值34亿 
板块：妖股,深圳国改
主买：8999万
主卖：-739万
净买入：8259万
类型：游资
符合条件1，单位时间新增买入 8259万
$$$$$$$$$$$$$$$$$$$$$$$$$$$$$$$$$$$$$$$$$$$$$$$$$$$$$$$$$$$
000651 格力电器 涨幅0.77,市值1578亿 
板块：白色家电,白马股,蓝筹股
主买：19550万
主卖：-13476万
净买入：6074万
类型：
符合条件1，单位时间新增买入 6074万
--------------------------------------------------------------------------------------------
时间： 
$$$$$$$$$$$$$$$$$$$$$$$$$$$$$$$$$$$$$$$$$$$$$$$$$$$$$$$$$$$
000025 特 力Ａ 涨幅9.99,市值34亿 
板块：妖股,深圳国改
主买：11687万
主卖：-1008万
净买入：10679万
类型：游资
符合条件1，单位时间新增买入 2420万
$$$$$$$$$$$$$$$$$$$$$$$$$$$$$$$$$$$$$$$$$$$$$$$$$$$$$$$$$$$
300649 杭州园林 涨幅9.21,市值18亿 
板块：高送转,雄安新区
主买：9148万
主卖：-9604万
净买入：-457万
类型：游资
符合条件1，单位时间新增买入 2452万
--------------------------------------------------------------------------------------------
时间： 
$$$$$$$$$$$$$$$$$$$$$$$$$$$$$$$$$$$$$$$$$$$$$$$$$$$$$$$$$$$
000025 特 力Ａ 涨幅9.99,市值34亿 
板块：妖股,深圳国改
主买：13317万
主卖：-1415万
净买入：11901万
类型：游资
符合条件1，单位时间新增买入 1222万
$$$$$$$$$$$$$$$$$$$$$$$$$$$$$$$$$$$$$$$$$$$$$$$$$$$$$$$$$$$
000413 东旭光电 涨幅3.20,市值427亿 
板块：石墨烯
主买：15355万
主卖：-9771万
净买入：5584万
类型：基金
符合条件1，单位时间新增买入 2701万
--------------------------------------------------------------------------------------------
时间： 
$$$$$$$$$$$$$$$$$$$$$$$$$$$$$$$$$$$$$$$$$$$$$$$$$$$$$$$$$$$
000413 东旭光电 涨幅3.11,市值426亿 
板块：石墨烯
主买：18961万
主卖：-9945万
净买入：9016万
类型：基金
符合条件1，单位时间新增买入 3432万
$$$$$$$$$$$$$$$$$$$$$$$$$$$$$$$$$$$$$$$$$$$$$$$$$$$$$$$$$$$
002467 二六三 涨幅6.09,市值76亿 
板块：5G,云通信
主买：12444万
主卖：-8577万
净买入：3867万
类型：
符合条件1，单位时间新增买入 1873万
--------------------------------------------------------------------------------------------
时间： 
$$$$$$$$$$$$$$$$$$$$$$$$$$$$$$$$$$$$$$$$$$$$$$$$$$$$$$$$$$$
000413 东旭光电 涨幅3.11,市值426亿 
板块：石墨烯
主买：20066万
主卖：-10052万
净买入：10015万
类型：基金
符合条件1，单位时间新增买入 998万
$$$$$$$$$$$$$$$$$$$$$$$$$$$$$$$$$$$$$$$$$$$$$$$$$$$$$$$$$$$
002467 二六三 涨幅4.78,市值75亿 
板块：5G,云通信
主买：13644万
主卖：-8577万
净买入：5066万
类型：
符合条件1，单位时间新增买入 1200万
$$$$$$$$$$$$$$$$$$$$$$$$$$$$$$$$$$$$$$$$$$$$$$$$$$$$$$$$$$$
600876 洛阳玻璃 涨幅5.25,市值45亿 
板块：混改,建筑材料
主买：1692万
主卖：-424万
净买入：1268万
类型：游资
符合条件1，单位时间新增买入 1268万
--------------------------------------------------------------------------------------------
时间： 
$$$$$$$$$$$$$$$$$$$$$$$$$$$$$$$$$$$$$$$$$$$$$$$$$$$$$$$$$$$
000413 东旭光电 涨幅3.73,市值429亿 
板块：石墨烯
主买：23100万
主卖：-10748万
净买入：12352万
类型：基金
符合条件1，单位时间新增买入 2337万
$$$$$$$$$$$$$$$$$$$$$$$$$$$$$$$$$$$$$$$$$$$$$$$$$$$$$$$$$$$
002900 哈三联 涨幅9.45,市值24亿 
板块：开板次新
主买：15782万
主卖：-14068万
净买入：1714万
类型：
符合条件1，单位时间新增买入 748万
--------------------------------------------------------------------------------------------
时间： 
$$$$$$$$$$$$$$$$$$$$$$$$$$$$$$$$$$$$$$$$$$$$$$$$$$$$$$$$$$$
000025 特 力Ａ 涨幅9.99,市值34亿 
板块：妖股,深圳国改
主买：16877万
主卖：-1822万
净买入：15055万
类型：游资
符合条件1，单位时间新增买入 2755万
$$$$$$$$$$$$$$$$$$$$$$$$$$$$$$$$$$$$$$$$$$$$$$$$$$$$$$$$$$$
002467 二六三 涨幅6.52,市值76亿 
板块：5G,云通信
主买：16474万
主卖：-10194万
净买入：6281万
类型：
符合条件1，单位时间新增买入 2123万
$$$$$$$$$$$$$$$$$$$$$$$$$$$$$$$$$$$$$$$$$$$$$$$$$$$$$$$$$$$
600581 八一钢铁 涨幅6.81,市值61亿 
板块：钢铁,一带一路
主买：11747万
主卖：-6435万
净买入：5311万
类型：游资
符合条件1，单位时间新增买入 888万
$$$$$$$$$$$$$$$$$$$$$$$$$$$$$$$$$$$$$$$$$$$$$$$$$$$$$$$$$$$
000799 酒鬼酒 涨幅3.02,市值67亿 
板块：白酒
主买：5045万
主卖：-2531万
净买入：2514万
类型：游资
符合条件1，单位时间新增买入 2514万
--------------------------------------------------------------------------------------------
时间： 
$$$$$$$$$$$$$$$$$$$$$$$$$$$$$$$$$$$$$$$$$$$$$$$$$$$$$$$$$$$
000025 特 力Ａ 涨幅9.99,市值34亿 
板块：妖股,深圳国改
主买：17706万
主卖：-1822万
净买入：15885万
类型：游资
符合条件1，单位时间新增买入 830万
$$$$$$$$$$$$$$$$$$$$$$$$$$$$$$$$$$$$$$$$$$$$$$$$$$$$$$$$$$$
000799 酒鬼酒 涨幅4.73,市值69亿 
板块：白酒
主买：6604万
主卖：-3152万
净买入：3452万
类型：游资
符合条件1，单位时间新增买入 938万
--------------------------------------------------------------------------------------------
时间： 
$$$$$$$$$$$$$$$$$$$$$$$$$$$$$$$$$$$$$$$$$$$$$$$$$$$$$$$$$$$
300699 光威复材 涨幅7.15,市值72亿 
板块：开板次新
主买：14069万
主卖：-12334万
净买入：1735万
类型：
符合条件1，单位时间新增买入 889万
--------------------------------------------------------------------------------------------
时间： 
$$$$$$$$$$$$$$$$$$$$$$$$$$$$$$$$$$$$$$$$$$$$$$$$$$$$$$$$$$$
002556 辉隆股份 涨幅3.58,市值39亿 
板块：
主买：3798万
主卖：-1181万
净买入：2617万
类型：
符合条件1，单位时间新增买入 2617万
$$$$$$$$$$$$$$$$$$$$$$$$$$$$$$$$$$$$$$$$$$$$$$$$$$$$$$$$$$$
300699 光威复材 涨幅8.43,市值73亿 
板块：开板次新
主买：16434万
主卖：-12784万
净买入：3651万
类型：
符合条件1，单位时间新增买入 1915万
--------------------------------------------------------------------------------------------
时间： 
$$$$$$$$$$$$$$$$$$$$$$$$$$$$$$$$$$$$$$$$$$$$$$$$$$$$$$$$$$$
600392 盛和资源 涨幅1.70,市值108亿 
板块：稀土永磁
主买：8689万
主卖：-6230万
净买入：2458万
类型：游资
符合条件1，单位时间新增买入 2458万
--------------------------------------------------------------------------------------------
时间： 
$$$$$$$$$$$$$$$$$$$$$$$$$$$$$$$$$$$$$$$$$$$$$$$$$$$$$$$$$$$
000651 格力电器 涨幅1.16,市值1584亿 
板块：白色家电,白马股,蓝筹股
主买：22564万
主卖：-16340万
净买入：6224万
类型：
符合条件1，单位时间新增买入 1070万
--------------------------------------------------------------------------------------------
时间： 
$$$$$$$$$$$$$$$$$$$$$$$$$$$$$$$$$$$$$$$$$$$$$$$$$$$$$$$$$$$
603778 乾景园林 涨幅7.11,市值25亿 
板块：雄安新区
主买：1687万
主卖：-250万
净买入：1437万
类型：游资
符合条件1，单位时间新增买入 1437万
--------------------------------------------------------------------------------------------
时间： 1036
--------------------------------------------------------------------------------------------
时间： 1037
--------------------------------------------------------------------------------------------
时间： 1038
--------------------------------------------------------------------------------------------
时间： 
--------------------------------------------------------------------------------------------
时间： 
--------------------------------------------------------------------------------------------
时间： 
$$$$$$$$$$$$$$$$$$$$$$$$$$$$$$$$$$$$$$$$$$$$$$$$$$$$$$$$$$$
000651 格力电器 涨幅3.38,市值1618亿 
板块：白色家电,白马股,蓝筹股
主买：125658万
主卖：-58969万
净买入：66690万
类型：
符合条件1，单位时间新增买入 3002万
$$$$$$$$$$$$$$$$$$$$$$$$$$$$$$$$$$$$$$$$$$$$$$$$$$$$$$$$$$$
601318 中国平安 涨幅1.22,市值5705亿 
板块：蓝筹股,保险
主买：87143万
主卖：-66237万
净买入：20907万
类型：基金
符合条件1，单位时间新增买入 1435万
$$$$$$$$$$$$$$$$$$$$$$$$$$$$$$$$$$$$$$$$$$$$$$$$$$$$$$$$$$$
002900 哈三联 涨幅9.52,市值24亿 
板块：开板次新
主买：25289万
主卖：-14629万
净买入：10660万
类型：
符合条件1，单位时间新增买入 914万
$$$$$$$$$$$$$$$$$$$$$$$$$$$$$$$$$$$$$$$$$$$$$$$$$$$$$$$$$$$
002460 赣锋锂业 涨幅-0.56,市值397亿 
板块：锂电池
主买：21771万
主卖：-25039万
净买入：-3267万
类型：游资
符合条件1，单位时间新增买入 1493万
$$$$$$$$$$$$$$$$$$$$$$$$$$$$$$$$$$$$$$$$$$$$$$$$$$$$$$$$$$$
603106 恒银金融 涨幅1.92,市值26亿 
板块：开板次新
主买：28842万
主卖：-36767万
净买入：-7926万
类型：
符合条件1，单位时间新增买入 705万
--------------------------------------------------------------------------------------------
时间： 
--------------------------------------------------------------------------------------------
时间： 1036
--------------------------------------------------------------------------------------------
时间： 1037
--------------------------------------------------------------------------------------------
时间： 1038
--------------------------------------------------------------------------------------------
时间： 1039
--------------------------------------------------------------------------------------------
时间： 1040
--------------------------------------------------------------------------------------------
时间： 1041
--------------------------------------------------------------------------------------------
时间： 1042
$$$$$$$$$$$$$$$$$$$$$$$$$$$$$$$$$$$$$$$$$$$$$$$$$$$$$$$$$$$
600199 金种子酒 涨幅6.16,市值36亿 
板块：白酒
主买：4494万
主卖：-658万
净买入：3836万
类型：游资
符合条件1，单位时间新增买入 3836万
$$$$$$$$$$$$$$$$$$$$$$$$$$$$$$$$$$$$$$$$$$$$$$$$$$$$$$$$$$$
000651 格力电器 涨幅1.52,市值1589亿 
板块：白色家电,白马股,蓝筹股
主买：31372万
主卖：-20213万
净买入：11159万
类型：
符合条件1，单位时间新增买入 4882万
--------------------------------------------------------------------------------------------
时间： 1043
--------------------------------------------------------------------------------------------
时间： 1044
$$$$$$$$$$$$$$$$$$$$$$$$$$$$$$$$$$$$$$$$$$$$$$$$$$$$$$$$$$$
600199 金种子酒 涨幅7.26,市值37亿 
板块：白酒
主买：5558万
主卖：-851万
净买入：4707万
类型：游资
符合条件1，单位时间新增买入 866万
--------------------------------------------------------------------------------------------
时间： 1045
$$$$$$$$$$$$$$$$$$$$$$$$$$$$$$$$$$$$$$$$$$$$$$$$$$$$$$$$$$$
600199 金种子酒 涨幅10.01,市值38亿 
板块：白酒
主买：8428万
主卖：-1500万
净买入：6928万
类型：游资
符合条件1，单位时间新增买入 2221万
--------------------------------------------------------------------------------------------
时间： 1046
$$$$$$$$$$$$$$$$$$$$$$$$$$$$$$$$$$$$$$$$$$$$$$$$$$$$$$$$$$$
600199 金种子酒 涨幅10.01,市值38亿 
板块：白酒
主买：10214万
主卖：-1500万
净买入：8714万
类型：游资
符合条件1，单位时间新增买入 1786万
--------------------------------------------------------------------------------------------
时间： 1047
--------------------------------------------------------------------------------------------
时间： 1048
$$$$$$$$$$$$$$$$$$$$$$$$$$$$$$$$$$$$$$$$$$$$$$$$$$$$$$$$$$$
600199 金种子酒 涨幅10.01,市值38亿 
板块：白酒
主买：11137万
主卖：-1500万
净买入：9637万
类型：游资
符合条件1，单位时间新增买入 923万
--------------------------------------------------------------------------------------------
时间： 1049
--------------------------------------------------------------------------------------------
时间： 1050
$$$$$$$$$$$$$$$$$$$$$$$$$$$$$$$$$$$$$$$$$$$$$$$$$$$$$$$$$$$
002662 京威股份 涨幅10.04,市值42亿 
板块：互联网金融
主买：43078万
主卖：-37993万
净买入：5085万
类型：基金
符合条件1，单位时间新增买入 3051万
--------------------------------------------------------------------------------------------
时间： 1051
$$$$$$$$$$$$$$$$$$$$$$$$$$$$$$$$$$$$$$$$$$$$$$$$$$$$$$$$$$$
603919 金徽酒 涨幅10.00,市值21亿 
板块：
主买：1808万
主卖：-705万
净买入：1103万
类型：
符合条件1，单位时间新增买入 1103万
$$$$$$$$$$$$$$$$$$$$$$$$$$$$$$$$$$$$$$$$$$$$$$$$$$$$$$$$$$$
000651 格力电器 涨幅1.75,市值1593亿 
板块：白色家电,白马股,蓝筹股
主买：48107万
主卖：-26572万
净买入：21535万
类型：
符合条件1，单位时间新增买入 9216万
--------------------------------------------------------------------------------------------
时间： 1052
$$$$$$$$$$$$$$$$$$$$$$$$$$$$$$$$$$$$$$$$$$$$$$$$$$$$$$$$$$$
603198 迎驾贡酒 涨幅4.58,市值30亿 
板块：白酒
主买：1387万
主卖：-520万
净买入：867万
类型：基金
符合条件1，单位时间新增买入 867万
--------------------------------------------------------------------------------------------
时间： 1053
$$$$$$$$$$$$$$$$$$$$$$$$$$$$$$$$$$$$$$$$$$$$$$$$$$$$$$$$$$$
603919 金徽酒 涨幅10.00,市值21亿 
板块：
主买：4766万
主卖：-705万
净买入：4061万
类型：
符合条件1，单位时间新增买入 2580万
--------------------------------------------------------------------------------------------
时间： 1054
--------------------------------------------------------------------------------------------
时间： 1055
$$$$$$$$$$$$$$$$$$$$$$$$$$$$$$$$$$$$$$$$$$$$$$$$$$$$$$$$$$$
600059 古越龙山 涨幅3.95,市值49亿 
板块：
主买：1117万
主卖：-217万
净买入：900万
类型：
符合条件1，单位时间新增买入 900万
--------------------------------------------------------------------------------------------
时间： 1056
$$$$$$$$$$$$$$$$$$$$$$$$$$$$$$$$$$$$$$$$$$$$$$$$$$$$$$$$$$$
000651 格力电器 涨幅1.91,市值1595亿 
板块：白色家电,白马股,蓝筹股
主买：54346万
主卖：-29616万
净买入：24730万
类型：
符合条件1，单位时间新增买入 1976万
--------------------------------------------------------------------------------------------
时间： 1057
$$$$$$$$$$$$$$$$$$$$$$$$$$$$$$$$$$$$$$$$$$$$$$$$$$$$$$$$$$$
603106 恒银金融 涨幅3.37,市值26亿 
板块：开板次新
主买：27446万
主卖：-26100万
净买入：1347万
类型：
符合条件1，单位时间新增买入 1347万
--------------------------------------------------------------------------------------------
时间： 1058
$$$$$$$$$$$$$$$$$$$$$$$$$$$$$$$$$$$$$$$$$$$$$$$$$$$$$$$$$$$
603919 金徽酒 涨幅10.00,市值21亿 
板块：
主买：8227万
主卖：-1670万
净买入：6557万
类型：
符合条件1，单位时间新增买入 1495万
--------------------------------------------------------------------------------------------
时间： 1059
--------------------------------------------------------------------------------------------
时间： 1100
$$$$$$$$$$$$$$$$$$$$$$$$$$$$$$$$$$$$$$$$$$$$$$$$$$$$$$$$$$$
601318 中国平安 涨幅1.04,市值5694亿 
板块：蓝筹股,保险
主买：68400万
主卖：-53203万
净买入：15197万
类型：基金
符合条件1，单位时间新增买入 15197万
--------------------------------------------------------------------------------------------
时间： 1101
--------------------------------------------------------------------------------------------
时间： 1102
--------------------------------------------------------------------------------------------
时间： 1103
$$$$$$$$$$$$$$$$$$$$$$$$$$$$$$$$$$$$$$$$$$$$$$$$$$$$$$$$$$$
603919 金徽酒 涨幅10.00,市值21亿 
板块：
主买：10956万
主卖：-2525万
净买入：8430万
类型：
符合条件1，单位时间新增买入 703万
--------------------------------------------------------------------------------------------
时间： 1104
--------------------------------------------------------------------------------------------
时间： 1105
$$$$$$$$$$$$$$$$$$$$$$$$$$$$$$$$$$$$$$$$$$$$$$$$$$$$$$$$$$$
000791 甘肃电投 涨幅9.98,市值27亿 
板块：电力
主买：3616万
主卖：-301万
净买入：3315万
类型：
符合条件1，单位时间新增买入 3315万
--------------------------------------------------------------------------------------------
时间： 1106
$$$$$$$$$$$$$$$$$$$$$$$$$$$$$$$$$$$$$$$$$$$$$$$$$$$$$$$$$$$
002551 尚荣医疗 涨幅6.34,市值39亿 
板块：医疗改革
主买：12138万
主卖：-4517万
净买入：7621万
类型：
符合条件1，单位时间新增买入 7621万
$$$$$$$$$$$$$$$$$$$$$$$$$$$$$$$$$$$$$$$$$$$$$$$$$$$$$$$$$$$
000651 格力电器 涨幅1.83,市值1594亿 
板块：白色家电,白马股,蓝筹股
主买：60769万
主卖：-33383万
净买入：27385万
类型：
符合条件1，单位时间新增买入 795万
$$$$$$$$$$$$$$$$$$$$$$$$$$$$$$$$$$$$$$$$$$$$$$$$$$$$$$$$$$$
000791 甘肃电投 涨幅9.98,市值27亿 
板块：电力
主买：4324万
主卖：-301万
净买入：4023万
类型：
符合条件1，单位时间新增买入 708万
--------------------------------------------------------------------------------------------
时间： 1107
$$$$$$$$$$$$$$$$$$$$$$$$$$$$$$$$$$$$$$$$$$$$$$$$$$$$$$$$$$$
000791 甘肃电投 涨幅9.98,市值27亿 
板块：电力
主买：5980万
主卖：-301万
净买入：5679万
类型：
符合条件1，单位时间新增买入 1656万
--------------------------------------------------------------------------------------------
时间： 1108
$$$$$$$$$$$$$$$$$$$$$$$$$$$$$$$$$$$$$$$$$$$$$$$$$$$$$$$$$$$
000651 格力电器 涨幅1.88,市值1595亿 
板块：白色家电,白马股,蓝筹股
主买：63837万
主卖：-34951万
净买入：28886万
类型：
符合条件1，单位时间新增买入 827万
--------------------------------------------------------------------------------------------
时间： 1109
--------------------------------------------------------------------------------------------
时间： 1110
--------------------------------------------------------------------------------------------
时间： 1111
--------------------------------------------------------------------------------------------
时间： 1112
$$$$$$$$$$$$$$$$$$$$$$$$$$$$$$$$$$$$$$$$$$$$$$$$$$$$$$$$$$$
000651 格力电器 涨幅2.42,市值1604亿 
板块：白色家电,白马股,蓝筹股
主买：70852万
主卖：-38788万
净买入：32064万
类型：
符合条件1，单位时间新增买入 3095万
--------------------------------------------------------------------------------------------
时间： 1113
$$$$$$$$$$$$$$$$$$$$$$$$$$$$$$$$$$$$$$$$$$$$$$$$$$$$$$$$$$$
000651 格力电器 涨幅2.66,市值1607亿 
板块：白色家电,白马股,蓝筹股
主买：76569万
主卖：-39106万
净买入：37463万
类型：
符合条件1，单位时间新增买入 5399万
--------------------------------------------------------------------------------------------
时间： 1114
$$$$$$$$$$$$$$$$$$$$$$$$$$$$$$$$$$$$$$$$$$$$$$$$$$$$$$$$$$$
000651 格力电器 涨幅2.60,市值1606亿 
板块：白色家电,白马股,蓝筹股
主买：79421万
主卖：-40146万
净买入：39275万
类型：
符合条件1，单位时间新增买入 1812万
--------------------------------------------------------------------------------------------
时间： 1115
$$$$$$$$$$$$$$$$$$$$$$$$$$$$$$$$$$$$$$$$$$$$$$$$$$$$$$$$$$$
002321 华英农业 涨幅1.80,市值42亿 
板块：庄股
主买：8342万
主卖：-986万
净买入：7356万
类型：浙江帮
符合条件1，单位时间新增买入 7356万
$$$$$$$$$$$$$$$$$$$$$$$$$$$$$$$$$$$$$$$$$$$$$$$$$$$$$$$$$$$
000651 格力电器 涨幅2.60,市值1606亿 
板块：白色家电,白马股,蓝筹股
主买：80651万
主卖：-40298万
净买入：40353万
类型：
符合条件1，单位时间新增买入 1078万
--------------------------------------------------------------------------------------------
时间： 1116
$$$$$$$$$$$$$$$$$$$$$$$$$$$$$$$$$$$$$$$$$$$$$$$$$$$$$$$$$$$
002893 华通热力 涨幅9.00,市值10亿 
板块：次新股
主买：6427万
主卖：-3524万
净买入：2902万
类型：
符合条件1，单位时间新增买入 2902万
$$$$$$$$$$$$$$$$$$$$$$$$$$$$$$$$$$$$$$$$$$$$$$$$$$$$$$$$$$$
000651 格力电器 涨幅2.73,市值1608亿 
板块：白色家电,白马股,蓝筹股
主买：83026万
主卖：-41472万
净买入：41554万
类型：
符合条件1，单位时间新增买入 1200万
--------------------------------------------------------------------------------------------
时间： 1117
$$$$$$$$$$$$$$$$$$$$$$$$$$$$$$$$$$$$$$$$$$$$$$$$$$$$$$$$$$$
000651 格力电器 涨幅3.07,市值1614亿 
板块：白色家电,白马股,蓝筹股
主买：86773万
主卖：-42913万
净买入：43860万
类型：
符合条件1，单位时间新增买入 2306万
--------------------------------------------------------------------------------------------
时间： 1118
$$$$$$$$$$$$$$$$$$$$$$$$$$$$$$$$$$$$$$$$$$$$$$$$$$$$$$$$$$$
000651 格力电器 涨幅2.99,市值1612亿 
板块：白色家电,白马股,蓝筹股
主买：88819万
主卖：-43275万
净买入：45543万
类型：
符合条件1，单位时间新增买入 1684万
--------------------------------------------------------------------------------------------
时间： 1119
$$$$$$$$$$$$$$$$$$$$$$$$$$$$$$$$$$$$$$$$$$$$$$$$$$$$$$$$$$$
000651 格力电器 涨幅2.96,市值1612亿 
板块：白色家电,白马股,蓝筹股
主买：91201万
主卖：-44918万
净买入：46284万
类型：
符合条件1，单位时间新增买入 740万
$$$$$$$$$$$$$$$$$$$$$$$$$$$$$$$$$$$$$$$$$$$$$$$$$$$$$$$$$$$
601318 中国平安 涨幅1.38,市值5714亿 
板块：蓝筹股,保险
主买：79668万
主卖：-60245万
净买入：19423万
类型：基金
符合条件1，单位时间新增买入 1238万
--------------------------------------------------------------------------------------------
时间： 1120
$$$$$$$$$$$$$$$$$$$$$$$$$$$$$$$$$$$$$$$$$$$$$$$$$$$$$$$$$$$
300314 戴维医疗 涨幅7.00,市值18亿 
板块：医疗改革
主买：9099万
主卖：-3738万
净买入：5361万
类型：
符合条件1，单位时间新增买入 5361万
$$$$$$$$$$$$$$$$$$$$$$$$$$$$$$$$$$$$$$$$$$$$$$$$$$$$$$$$$$$
000651 格力电器 涨幅2.94,市值1612亿 
板块：白色家电,白马股,蓝筹股
主买：92480万
主卖：-45247万
净买入：47233万
类型：
符合条件1，单位时间新增买入 949万
--------------------------------------------------------------------------------------------
时间： 1121
$$$$$$$$$$$$$$$$$$$$$$$$$$$$$$$$$$$$$$$$$$$$$$$$$$$$$$$$$$$
000651 格力电器 涨幅2.84,市值1610亿 
板块：白色家电,白马股,蓝筹股
主买：94875万
主卖：-46888万
净买入：47987万
类型：
符合条件1，单位时间新增买入 754万
$$$$$$$$$$$$$$$$$$$$$$$$$$$$$$$$$$$$$$$$$$$$$$$$$$$$$$$$$$$
002900 哈三联 涨幅10.00,市值24亿 
板块：开板次新
主买：18019万
主卖：-14510万
净买入：3509万
类型：
符合条件1，单位时间新增买入 866万
--------------------------------------------------------------------------------------------
时间： 1122
$$$$$$$$$$$$$$$$$$$$$$$$$$$$$$$$$$$$$$$$$$$$$$$$$$$$$$$$$$$
000413 东旭光电 涨幅3.29,市值427亿 
板块：石墨烯
主买：31990万
主卖：-16414万
净买入：15576万
类型：基金
符合条件1，单位时间新增买入 1182万
$$$$$$$$$$$$$$$$$$$$$$$$$$$$$$$$$$$$$$$$$$$$$$$$$$$$$$$$$$$
002900 哈三联 涨幅10.00,市值24亿 
板块：开板次新
主买：21303万
主卖：-14510万
净买入：6792万
类型：
符合条件1，单位时间新增买入 3284万
--------------------------------------------------------------------------------------------
时间： 1123
$$$$$$$$$$$$$$$$$$$$$$$$$$$$$$$$$$$$$$$$$$$$$$$$$$$$$$$$$$$
000413 东旭光电 涨幅3.38,市值427亿 
板块：石墨烯
主买：33245万
主卖：-16414万
净买入：16832万
类型：基金
符合条件1，单位时间新增买入 1255万
--------------------------------------------------------------------------------------------
时间： 1124
$$$$$$$$$$$$$$$$$$$$$$$$$$$$$$$$$$$$$$$$$$$$$$$$$$$$$$$$$$$
002900 哈三联 涨幅9.66,市值24亿 
板块：开板次新
主买：22917万
主卖：-14629万
净买入：8288万
类型：
符合条件1，单位时间新增买入 990万
--------------------------------------------------------------------------------------------
时间： 1125
$$$$$$$$$$$$$$$$$$$$$$$$$$$$$$$$$$$$$$$$$$$$$$$$$$$$$$$$$$$
000651 格力电器 涨幅3.17,市值1615亿 
板块：白色家电,白马股,蓝筹股
主买：112941万
主卖：-54379万
净买入：58562万
类型：
符合条件1，单位时间新增买入 9692万
--------------------------------------------------------------------------------------------
时间： 1126
$$$$$$$$$$$$$$$$$$$$$$$$$$$$$$$$$$$$$$$$$$$$$$$$$$$$$$$$$$$
000651 格力电器 涨幅3.56,市值1621亿 
板块：白色家电,白马股,蓝筹股
主买：115339万
主卖：-55312万
净买入：60027万
类型：
符合条件1，单位时间新增买入 1465万
--------------------------------------------------------------------------------------------
时间： 1127
$$$$$$$$$$$$$$$$$$$$$$$$$$$$$$$$$$$$$$$$$$$$$$$$$$$$$$$$$$$
000651 格力电器 涨幅3.53,市值1621亿 
板块：白色家电,白马股,蓝筹股
主买：119156万
主卖：-56641万
净买入：62515万
类型：
符合条件1，单位时间新增买入 2488万
$$$$$$$$$$$$$$$$$$$$$$$$$$$$$$$$$$$$$$$$$$$$$$$$$$$$$$$$$$$
002900 哈三联 涨幅10.00,市值24亿 
板块：开板次新
主买：23748万
主卖：-14629万
净买入：9120万
类型：
符合条件1，单位时间新增买入 834万
--------------------------------------------------------------------------------------------
时间： 1128
$$$$$$$$$$$$$$$$$$$$$$$$$$$$$$$$$$$$$$$$$$$$$$$$$$$$$$$$$$$
000651 格力电器 涨幅3.40,市值1619亿 
板块：白色家电,白马股,蓝筹股
主买：120838万
主卖：-57189万
净买入：63650万
类型：
符合条件1，单位时间新增买入 1135万
--------------------------------------------------------------------------------------------
时间： 1129
--------------------------------------------------------------------------------------------
时间： 1130
--------------------------------------------------------------------------------------------
时间： 1301
--------------------------------------------------------------------------------------------
时间： 1302
$$$$$$$$$$$$$$$$$$$$$$$$$$$$$$$$$$$$$$$$$$$$$$$$$$$$$$$$$$$
000651 格力电器 涨幅3.35,市值1618亿 
板块：白色家电,白马股,蓝筹股
主买：125779万
主卖：-59089万
净买入：66690万
类型：
符合条件1，单位时间新增买入 849万
--------------------------------------------------------------------------------------------
时间： 1303
--------------------------------------------------------------------------------------------
时间： 1304
--------------------------------------------------------------------------------------------
时间： 1305
$$$$$$$$$$$$$$$$$$$$$$$$$$$$$$$$$$$$$$$$$$$$$$$$$$$$$$$$$$$
000651 格力电器 涨幅3.48,市值1620亿 
板块：白色家电,白马股,蓝筹股
主买：129041万
主卖：-60550万
净买入：68491万
类型：
符合条件1，单位时间新增买入 1178万
--------------------------------------------------------------------------------------------
时间： 1306
--------------------------------------------------------------------------------------------
时间： 1307
--------------------------------------------------------------------------------------------
时间： 1308
--------------------------------------------------------------------------------------------
时间： 1309
$$$$$$$$$$$$$$$$$$$$$$$$$$$$$$$$$$$$$$$$$$$$$$$$$$$$$$$$$$$
600490 鹏欣资源 涨幅4.43,市值125亿 
板块：钴
主买：10574万
主卖：-7354万
净买入：3220万
类型：游资
符合条件1，单位时间新增买入 3220万
--------------------------------------------------------------------------------------------
时间： 1310
--------------------------------------------------------------------------------------------
时间： 1311
--------------------------------------------------------------------------------------------
时间： 1312
--------------------------------------------------------------------------------------------
时间： 1313
--------------------------------------------------------------------------------------------
时间： 1314
--------------------------------------------------------------------------------------------
时间： 1315
$$$$$$$$$$$$$$$$$$$$$$$$$$$$$$$$$$$$$$$$$$$$$$$$$$$$$$$$$$$
000651 格力电器 涨幅3.12,市值1614亿 
板块：白色家电,白马股,蓝筹股
主买：134502万
主卖：-63310万
净买入：71192万
类型：
符合条件1，单位时间新增买入 710万
--------------------------------------------------------------------------------------------
时间： 1316
--------------------------------------------------------------------------------------------
时间： 1317
--------------------------------------------------------------------------------------------
时间： 1318
--------------------------------------------------------------------------------------------
时间： 1319
--------------------------------------------------------------------------------------------
时间： 1320
--------------------------------------------------------------------------------------------
时间： 1321
--------------------------------------------------------------------------------------------
时间： 1322
--------------------------------------------------------------------------------------------
时间： 1323
--------------------------------------------------------------------------------------------
时间： 1324
--------------------------------------------------------------------------------------------
时间： 1325
--------------------------------------------------------------------------------------------
时间： 1326
$$$$$$$$$$$$$$$$$$$$$$$$$$$$$$$$$$$$$$$$$$$$$$$$$$$$$$$$$$$
000651 格力电器 涨幅3.17,市值1615亿 
板块：白色家电,白马股,蓝筹股
主买：140259万
主卖：-65580万
净买入：74679万
类型：
符合条件1，单位时间新增买入 935万
--------------------------------------------------------------------------------------------
时间： 1327
--------------------------------------------------------------------------------------------
时间： 1328
--------------------------------------------------------------------------------------------
时间： 1329
--------------------------------------------------------------------------------------------
时间： 1330
$$$$$$$$$$$$$$$$$$$$$$$$$$$$$$$$$$$$$$$$$$$$$$$$$$$$$$$$$$$
000507 珠海港 涨幅6.62,市值63亿 
板块：粤港澳,港口
主买：5949万
主卖：-2031万
净买入：3919万
类型：游资
符合条件1，单位时间新增买入 3919万
--------------------------------------------------------------------------------------------
时间： 1331
$$$$$$$$$$$$$$$$$$$$$$$$$$$$$$$$$$$$$$$$$$$$$$$$$$$$$$$$$$$
000651 格力电器 涨幅3.12,市值1614亿 
板块：白色家电,白马股,蓝筹股
主买：143918万
主卖：-67130万
净买入：76787万
类型：
符合条件1，单位时间新增买入 1123万
$$$$$$$$$$$$$$$$$$$$$$$$$$$$$$$$$$$$$$$$$$$$$$$$$$$$$$$$$$$
600490 鹏欣资源 涨幅5.72,市值127亿 
板块：钴
主买：11840万
主卖：-7201万
净买入：4639万
类型：游资
符合条件1，单位时间新增买入 705万
--------------------------------------------------------------------------------------------
时间： 1332
$$$$$$$$$$$$$$$$$$$$$$$$$$$$$$$$$$$$$$$$$$$$$$$$$$$$$$$$$$$
000651 格力电器 涨幅3.17,市值1615亿 
板块：白色家电,白马股,蓝筹股
主买：144934万
主卖：-67431万
净买入：77503万
类型：
符合条件1，单位时间新增买入 716万
$$$$$$$$$$$$$$$$$$$$$$$$$$$$$$$$$$$$$$$$$$$$$$$$$$$$$$$$$$$
600490 鹏欣资源 涨幅5.26,市值126亿 
板块：钴
主买：12673万
主卖：-7201万
净买入：5472万
类型：游资
符合条件1，单位时间新增买入 833万
--------------------------------------------------------------------------------------------
时间： 1333
--------------------------------------------------------------------------------------------
时间： 1334
--------------------------------------------------------------------------------------------
时间： 1335
--------------------------------------------------------------------------------------------
时间： 1336
--------------------------------------------------------------------------------------------
时间： 1337
--------------------------------------------------------------------------------------------
时间： 1338
$$$$$$$$$$$$$$$$$$$$$$$$$$$$$$$$$$$$$$$$$$$$$$$$$$$$$$$$$$$
600490 鹏欣资源 涨幅7.48,市值129亿 
板块：钴
主买：15844万
主卖：-8420万
净买入：7423万
类型：游资
符合条件1，单位时间新增买入 1686万
--------------------------------------------------------------------------------------------
时间： 1339
$$$$$$$$$$$$$$$$$$$$$$$$$$$$$$$$$$$$$$$$$$$$$$$$$$$$$$$$$$$
600490 鹏欣资源 涨幅7.11,市值128亿 
板块：钴
主买：16866万
主卖：-8420万
净买入：8446万
类型：游资
符合条件1，单位时间新增买入 1022万
--------------------------------------------------------------------------------------------
时间： 1340
$$$$$$$$$$$$$$$$$$$$$$$$$$$$$$$$$$$$$$$$$$$$$$$$$$$$$$$$$$$
002460 赣锋锂业 涨幅2.73,市值411亿 
板块：锂电池
主买：30298万
主卖：-31820万
净买入：-1523万
类型：游资
符合条件1，单位时间新增买入 2457万
--------------------------------------------------------------------------------------------
时间： 1341
--------------------------------------------------------------------------------------------
时间： 1342
$$$$$$$$$$$$$$$$$$$$$$$$$$$$$$$$$$$$$$$$$$$$$$$$$$$$$$$$$$$
600490 鹏欣资源 涨幅8.77,市值130亿 
板块：钴
主买：18881万
主卖：-9002万
净买入：9879万
类型：游资
符合条件1，单位时间新增买入 982万
$$$$$$$$$$$$$$$$$$$$$$$$$$$$$$$$$$$$$$$$$$$$$$$$$$$$$$$$$$$
002460 赣锋锂业 涨幅3.44,市值413亿 
板块：锂电池
主买：32196万
主卖：-32380万
净买入：-184万
类型：游资
符合条件1，单位时间新增买入 1123万
--------------------------------------------------------------------------------------------
时间： 1343
$$$$$$$$$$$$$$$$$$$$$$$$$$$$$$$$$$$$$$$$$$$$$$$$$$$$$$$$$$$
600876 洛阳玻璃 涨幅7.39,市值46亿 
板块：混改,建筑材料
主买：6423万
主卖：-1087万
净买入：5336万
类型：游资
符合条件1，单位时间新增买入 716万
$$$$$$$$$$$$$$$$$$$$$$$$$$$$$$$$$$$$$$$$$$$$$$$$$$$$$$$$$$$
002460 赣锋锂业 涨幅3.02,市值412亿 
板块：锂电池
主买：32973万
主卖：-32380万
净买入：593万
类型：游资
符合条件1，单位时间新增买入 777万
--------------------------------------------------------------------------------------------
时间： 1344
--------------------------------------------------------------------------------------------
时间： 1345
$$$$$$$$$$$$$$$$$$$$$$$$$$$$$$$$$$$$$$$$$$$$$$$$$$$$$$$$$$$
600490 鹏欣资源 涨幅9.51,市值131亿 
板块：钴
主买：20337万
主卖：-9492万
净买入：10845万
类型：游资
符合条件1，单位时间新增买入 1229万
$$$$$$$$$$$$$$$$$$$$$$$$$$$$$$$$$$$$$$$$$$$$$$$$$$$$$$$$$$$
600392 盛和资源 涨幅2.00,市值108亿 
板块：稀土永磁
主买：11182万
主卖：-9142万
净买入：2040万
类型：游资
符合条件1，单位时间新增买入 732万
--------------------------------------------------------------------------------------------
时间： 1346
--------------------------------------------------------------------------------------------
时间： 1347
--------------------------------------------------------------------------------------------
时间： 1348
--------------------------------------------------------------------------------------------
时间： 1349
--------------------------------------------------------------------------------------------
时间： 1350
$$$$$$$$$$$$$$$$$$$$$$$$$$$$$$$$$$$$$$$$$$$$$$$$$$$$$$$$$$$
000725 京东方Ａ 涨幅-1.25,市值1154亿 
板块：OLED
主买：57262万
主卖：-92148万
净买入：-34887万
类型：基金
符合条件1，单位时间新增买入 1220万
--------------------------------------------------------------------------------------------
时间： 
--------------------------------------------------------------------------------------------
时间： 
$$$$$$$$$$$$$$$$$$$$$$$$$$$$$$$$$$$$$$$$$$$$$$$$$$$$$$$$$$$
000725 京东方Ａ 涨幅-0.62,市值1162亿 
板块：OLED
主买：62507万
主卖：-94591万
净买入：-32084万
类型：基金
符合条件1，单位时间新增买入 1399万
--------------------------------------------------------------------------------------------
时间： 
--------------------------------------------------------------------------------------------
时间： 
$$$$$$$$$$$$$$$$$$$$$$$$$$$$$$$$$$$$$$$$$$$$$$$$$$$$$$$$$$$
002460 赣锋锂业 涨幅3.33,市值413亿 
板块：锂电池
主买：35608万
主卖：-34264万
净买入：1344万
类型：游资
符合条件1，单位时间新增买入 844万
--------------------------------------------------------------------------------------------
时间： 
--------------------------------------------------------------------------------------------
时间： 
--------------------------------------------------------------------------------------------
时间： 
$$$$$$$$$$$$$$$$$$$$$$$$$$$$$$$$$$$$$$$$$$$$$$$$$$$$$$$$$$$
002460 赣锋锂业 涨幅4.25,市值417亿 
板块：锂电池
主买：39090万
主卖：-35108万
净买入：3982万
类型：游资
符合条件1，单位时间新增买入 2104万
--------------------------------------------------------------------------------------------
时间： 
$$$$$$$$$$$$$$$$$$$$$$$$$$$$$$$$$$$$$$$$$$$$$$$$$$$$$$$$$$$
002460 赣锋锂业 涨幅4.31,市值417亿 
板块：锂电池
主买：43515万
主卖：-36668万
净买入：6847万
类型：游资
符合条件1，单位时间新增买入 2865万
$$$$$$$$$$$$$$$$$$$$$$$$$$$$$$$$$$$$$$$$$$$$$$$$$$$$$$$$$$$
002466 天齐锂业 涨幅2.09,市值408亿 
板块：锂电池
主买：19171万
主卖：-32025万
净买入：-12854万
类型：游资
符合条件1，单位时间新增买入 1746万
--------------------------------------------------------------------------------------------
时间： 
--------------------------------------------------------------------------------------------
时间： 
$$$$$$$$$$$$$$$$$$$$$$$$$$$$$$$$$$$$$$$$$$$$$$$$$$$$$$$$$$$
002460 赣锋锂业 涨幅4.77,市值419亿 
板块：锂电池
主买：44906万
主卖：-37571万
净买入：7335万
类型：游资
符合条件1，单位时间新增买入 804万
--------------------------------------------------------------------------------------------
时间： 
--------------------------------------------------------------------------------------------
时间： 
--------------------------------------------------------------------------------------------
时间： 
--------------------------------------------------------------------------------------------
时间： 
--------------------------------------------------------------------------------------------
时间： 
--------------------------------------------------------------------------------------------
时间： 
--------------------------------------------------------------------------------------------
时间： 
--------------------------------------------------------------------------------------------
时间： 
--------------------------------------------------------------------------------------------
时间： 
--------------------------------------------------------------------------------------------
时间： 
--------------------------------------------------------------------------------------------
时间： 
$$$$$$$$$$$$$$$$$$$$$$$$$$$$$$$$$$$$$$$$$$$$$$$$$$$$$$$$$$$
000651 格力电器 涨幅2.63,市值1607亿 
板块：白色家电,白马股,蓝筹股
主买：157931万
主卖：-78893万
净买入：79038万
类型：基金
符合条件1，单位时间新增买入 1006万
--------------------------------------------------------------------------------------------
时间： 
--------------------------------------------------------------------------------------------
时间： 
--------------------------------------------------------------------------------------------
时间： 
--------------------------------------------------------------------------------------------
时间： 
--------------------------------------------------------------------------------------------
时间： 
$$$$$$$$$$$$$$$$$$$$$$$$$$$$$$$$$$$$$$$$$$$$$$$$$$$$$$$$$$$
002467 二六三 涨幅5.48,市值75亿 
板块：5G,云通信
主买：25004万
主卖：-17795万
净买入：7209万
类型：游资
符合条件1，单位时间新增买入 709万
--------------------------------------------------------------------------------------------
时间： 
$$$$$$$$$$$$$$$$$$$$$$$$$$$$$$$$$$$$$$$$$$$$$$$$$$$$$$$$$$$
600345 长江通信 涨幅1.76,市值33亿 
板块：5G
主买：5498万
主卖：-4260万
净买入：1238万
类型：
符合条件1，单位时间新增买入 1238万
--------------------------------------------------------------------------------------------
时间： 
--------------------------------------------------------------------------------------------
时间： 
--------------------------------------------------------------------------------------------
时间： 
$$$$$$$$$$$$$$$$$$$$$$$$$$$$$$$$$$$$$$$$$$$$$$$$$$$$$$$$$$$
002695 煌上煌 涨幅8.96,市值44亿 
板块：妖股
主买：7708万
主卖：-1768万
净买入：5940万
类型：游资
符合条件1，单位时间新增买入 781万
--------------------------------------------------------------------------------------------
时间： 
--------------------------------------------------------------------------------------------
时间： 
--------------------------------------------------------------------------------------------
时间： 
$$$$$$$$$$$$$$$$$$$$$$$$$$$$$$$$$$$$$$$$$$$$$$$$$$$$$$$$$$$
002695 煌上煌 涨幅9.99,市值44亿 
板块：妖股
主买：16386万
主卖：-8778万
净买入：7608万
类型：游资
符合条件1，单位时间新增买入 2010万
--------------------------------------------------------------------------------------------
时间： 
$$$$$$$$$$$$$$$$$$$$$$$$$$$$$$$$$$$$$$$$$$$$$$$$$$$$$$$$$$$
002695 煌上煌 涨幅9.99,市值44亿 
板块：妖股
主买：17887万
主卖：-8890万
净买入：8997万
类型：游资
符合条件1，单位时间新增买入 1389万
--------------------------------------------------------------------------------------------
时间： 
--------------------------------------------------------------------------------------------
时间： 
$$$$$$$$$$$$$$$$$$$$$$$$$$$$$$$$$$$$$$$$$$$$$$$$$$$$$$$$$$$
600624 复旦复华 涨幅5.94,市值46亿 
板块：
主买：4313万
主卖：-1312万
净买入：3001万
类型：
符合条件1，单位时间新增买入 3001万
$$$$$$$$$$$$$$$$$$$$$$$$$$$$$$$$$$$$$$$$$$$$$$$$$$$$$$$$$$$
300248 新开普 涨幅3.41,市值28亿 
板块：无人零售
主买：2615万
主卖：-1359万
净买入：1256万
类型：游资
符合条件1，单位时间新增买入 1256万
--------------------------------------------------------------------------------------------
时间： 
$$$$$$$$$$$$$$$$$$$$$$$$$$$$$$$$$$$$$$$$$$$$$$$$$$$$$$$$$$$
000651 格力电器 涨幅3.12,市值1614亿 
板块：白色家电,白马股,蓝筹股
主买：169575万
主卖：-86272万
净买入：83304万
类型：基金
符合条件1，单位时间新增买入 3388万
$$$$$$$$$$$$$$$$$$$$$$$$$$$$$$$$$$$$$$$$$$$$$$$$$$$$$$$$$$$
300248 新开普 涨幅3.01,市值28亿 
板块：无人零售
主买：3426万
主卖：-1359万
净买入：2067万
类型：游资
符合条件1，单位时间新增买入 811万
--------------------------------------------------------------------------------------------
时间： 
$$$$$$$$$$$$$$$$$$$$$$$$$$$$$$$$$$$$$$$$$$$$$$$$$$$$$$$$$$$
000651 格力电器 涨幅2.89,市值1611亿 
板块：白色家电,白马股,蓝筹股
主买：175895万
主卖：-88870万
净买入：87025万
类型：基金
符合条件1，单位时间新增买入 3721万
--------------------------------------------------------------------------------------------
时间： 
$$$$$$$$$$$$$$$$$$$$$$$$$$$$$$$$$$$$$$$$$$$$$$$$$$$$$$$$$$$
300585 奥联电子 涨幅10.00,市值11亿 
板块：新能源汽车,次新股,汽车零部件
主买：9837万
主卖：-4717万
净买入：5119万
类型：
符合条件1，单位时间新增买入 1756万
$$$$$$$$$$$$$$$$$$$$$$$$$$$$$$$$$$$$$$$$$$$$$$$$$$$$$$$$$$$
600516 方大炭素 涨幅-10.01,市值280亿 
板块：石墨电极
主买：44312万
主卖：-192223万
净买入：-147911万
类型：游资
符合条件1，单位时间新增买入 1110万
--------------------------------------------------------------------------------------------
时间： 
--------------------------------------------------------------------------------------------
时间： 
