--------------------------------------------------------------------------------------------
时间： 
--------------------------------------------------------------------------------------------
时间： 
--------------------------------------------------------------------------------------------
时间： 
$$$$$$$$$$$$$$$$$$$$$$$$$$$$$$$$$$$$$$$$$$$$$$$$$$$$$$$$$$$
002239 奥特佳 涨幅9.93,市值38亿 
板块：新能源汽车
主买：17625万
主卖：-10645万
净买入：6980万
类型：
符合条件1，单位时间新增买入 6980万
--------------------------------------------------------------------------------------------
时间： 
--------------------------------------------------------------------------------------------
时间： 
--------------------------------------------------------------------------------------------
时间： 
$$$$$$$$$$$$$$$$$$$$$$$$$$$$$$$$$$$$$$$$$$$$$$$$$$$$$$$$$$$
002109 兴化股份 涨幅10.05,市值20亿 
板块：乙醇汽油
主买：8329万
主卖：-6833万
净买入：1495万
类型：游资
符合条件1，单位时间新增买入 1495万
--------------------------------------------------------------------------------------------
时间： 
$$$$$$$$$$$$$$$$$$$$$$$$$$$$$$$$$$$$$$$$$$$$$$$$$$$$$$$$$$$
000930 中粮生化 涨幅8.74,市值115亿 
板块：混改,乙醇汽油
主买：30479万
主卖：-11424万
净买入：19055万
类型：
符合条件1，单位时间新增买入 19055万
--------------------------------------------------------------------------------------------
时间： 
$$$$$$$$$$$$$$$$$$$$$$$$$$$$$$$$$$$$$$$$$$$$$$$$$$$$$$$$$$$
300141 和顺电气 涨幅2.19,市值19亿 
板块：充电桩
主买：1332万
主卖：-303万
净买入：1029万
类型：
符合条件1，单位时间新增买入 1029万
--------------------------------------------------------------------------------------------
时间： 
$$$$$$$$$$$$$$$$$$$$$$$$$$$$$$$$$$$$$$$$$$$$$$$$$$$$$$$$$$$
600366 宁波韵升 涨幅2.06,市值80亿 
板块：稀土永磁,商品涨价
主买：3501万
主卖：-2522万
净买入：979万
类型：游资
符合条件1，单位时间新增买入 979万
$$$$$$$$$$$$$$$$$$$$$$$$$$$$$$$$$$$$$$$$$$$$$$$$$$$$$$$$$$$
300520 科大国创 涨幅2.29,市值42亿 
板块：芯片
主买：3632万
主卖：-338万
净买入：3294万
类型：游资
符合条件1，单位时间新增买入 3294万
--------------------------------------------------------------------------------------------
时间： 
--------------------------------------------------------------------------------------------
时间： 
$$$$$$$$$$$$$$$$$$$$$$$$$$$$$$$$$$$$$$$$$$$$$$$$$$$$$$$$$$$
000710 贝瑞基因 涨幅6.64,市值48亿 
板块：摘帽,基因测序
主买：1328万
主卖：-167万
净买入：1161万
类型：
符合条件1，单位时间新增买入 1161万
--------------------------------------------------------------------------------------------
时间： 
$$$$$$$$$$$$$$$$$$$$$$$$$$$$$$$$$$$$$$$$$$$$$$$$$$$$$$$$$$$
600801 华新水泥 涨幅4.44,市值63亿 
板块：水泥,商品涨价
主买：4011万
主卖：-1095万
净买入：2916万
类型：
符合条件1，单位时间新增买入 2916万
$$$$$$$$$$$$$$$$$$$$$$$$$$$$$$$$$$$$$$$$$$$$$$$$$$$$$$$$$$$
600846 同济科技 涨幅5.38,市值71亿 
板块：雄安设计
主买：5573万
主卖：-1518万
净买入：4054万
类型：游资
符合条件1，单位时间新增买入 4054万
$$$$$$$$$$$$$$$$$$$$$$$$$$$$$$$$$$$$$$$$$$$$$$$$$$$$$$$$$$$
000710 贝瑞基因 涨幅5.82,市值48亿 
板块：摘帽,基因测序
主买：2107万
主卖：-167万
净买入：1940万
类型：
符合条件1，单位时间新增买入 779万
$$$$$$$$$$$$$$$$$$$$$$$$$$$$$$$$$$$$$$$$$$$$$$$$$$$$$$$$$$$
600255 梦舟股份 涨幅6.56,市值83亿 
板块：复牌,锂电池
主买：5934万
主卖：-8258万
净买入：-2323万
类型：
符合条件1，单位时间新增买入 819万
--------------------------------------------------------------------------------------------
时间： 
$$$$$$$$$$$$$$$$$$$$$$$$$$$$$$$$$$$$$$$$$$$$$$$$$$$$$$$$$$$
002065 东华软件 涨幅4.88,市值201亿 
板块：计算机,参股保险,互联网金融,雄安新区
主买：6014万
主卖：-2927万
净买入：3087万
类型：
符合条件1，单位时间新增买入 3087万
$$$$$$$$$$$$$$$$$$$$$$$$$$$$$$$$$$$$$$$$$$$$$$$$$$$$$$$$$$$
600366 宁波韵升 涨幅3.39,市值81亿 
板块：稀土永磁,商品涨价
主买：6043万
主卖：-3875万
净买入：2168万
类型：游资
符合条件1，单位时间新增买入 738万
$$$$$$$$$$$$$$$$$$$$$$$$$$$$$$$$$$$$$$$$$$$$$$$$$$$$$$$$$$$
000761 本钢板材 涨幅4.37,市值43亿 
板块：商品涨价,钢铁
主买：3729万
主卖：-2098万
净买入：1631万
类型：游资
符合条件1，单位时间新增买入 969万
$$$$$$$$$$$$$$$$$$$$$$$$$$$$$$$$$$$$$$$$$$$$$$$$$$$$$$$$$$$
600255 梦舟股份 涨幅6.76,市值83亿 
板块：复牌,锂电池
主买：6764万
主卖：-8258万
净买入：-1494万
类型：
符合条件1，单位时间新增买入 829万
--------------------------------------------------------------------------------------------
时间： 
$$$$$$$$$$$$$$$$$$$$$$$$$$$$$$$$$$$$$$$$$$$$$$$$$$$$$$$$$$$
002218 拓日新能 涨幅4.30,市值36亿 
板块：光伏,新能源
主买：2250万
主卖：-245万
净买入：2005万
类型：
符合条件1，单位时间新增买入 2005万
$$$$$$$$$$$$$$$$$$$$$$$$$$$$$$$$$$$$$$$$$$$$$$$$$$$$$$$$$$$
002497 雅化集团 涨幅-0.50,市值177亿 
板块：锂电池,商品涨价
主买：11502万
主卖：-19504万
净买入：-8002万
类型：游资
符合条件1，单位时间新增买入 803万
--------------------------------------------------------------------------------------------
时间： 
$$$$$$$$$$$$$$$$$$$$$$$$$$$$$$$$$$$$$$$$$$$$$$$$$$$$$$$$$$$
600801 华新水泥 涨幅7.47,市值65亿 
板块：水泥,商品涨价
主买：5418万
主卖：-1095万
净买入：4323万
类型：
符合条件1，单位时间新增买入 1206万
$$$$$$$$$$$$$$$$$$$$$$$$$$$$$$$$$$$$$$$$$$$$$$$$$$$$$$$$$$$
600888 新疆众和 涨幅3.29,市值45亿 
板块：镁砂涨价,防火材料
主买：1932万
主卖：-315万
净买入：1617万
类型：游资
符合条件1，单位时间新增买入 1617万
$$$$$$$$$$$$$$$$$$$$$$$$$$$$$$$$$$$$$$$$$$$$$$$$$$$$$$$$$$$
002233 塔牌集团 涨幅2.92,市值45亿 
板块：水泥,商品涨价
主买：1946万
主卖：-798万
净买入：1148万
类型：游资
符合条件1，单位时间新增买入 1148万
--------------------------------------------------------------------------------------------
时间： 
$$$$$$$$$$$$$$$$$$$$$$$$$$$$$$$$$$$$$$$$$$$$$$$$$$$$$$$$$$$
000672 上峰水泥 涨幅3.91,市值33亿 
板块：水泥涨价,商品涨价
主买：734万
主卖：0万
净买入：734万
类型：游资
符合条件1，单位时间新增买入 734万
--------------------------------------------------------------------------------------------
时间： 
$$$$$$$$$$$$$$$$$$$$$$$$$$$$$$$$$$$$$$$$$$$$$$$$$$$$$$$$$$$
300153 科泰电源 涨幅-2.82,市值27亿 
板块：锂电池
主买：2987万
主卖：-1454万
净买入：1533万
类型：游资
符合条件1，单位时间新增买入 1533万
--------------------------------------------------------------------------------------------
时间： 
$$$$$$$$$$$$$$$$$$$$$$$$$$$$$$$$$$$$$$$$$$$$$$$$$$$$$$$$$$$
600801 华新水泥 涨幅9.91,市值67亿 
板块：水泥,商品涨价
主买：7532万
主卖：-1783万
净买入：5749万
类型：
符合条件1，单位时间新增买入 1281万
$$$$$$$$$$$$$$$$$$$$$$$$$$$$$$$$$$$$$$$$$$$$$$$$$$$$$$$$$$$
300035 中科电气 涨幅7.51,市值37亿 
板块：石墨烯,负极材料,商品涨价
主买：3226万
主卖：-397万
净买入：2829万
类型：游资
符合条件1，单位时间新增买入 1059万
$$$$$$$$$$$$$$$$$$$$$$$$$$$$$$$$$$$$$$$$$$$$$$$$$$$$$$$$$$$
600095 哈高科 涨幅8.31,市值26亿 
板块：庄股
主买：1236万
主卖：-28万
净买入：1208万
类型：庄股
符合条件1，单位时间新增买入 1208万
--------------------------------------------------------------------------------------------
时间： 
$$$$$$$$$$$$$$$$$$$$$$$$$$$$$$$$$$$$$$$$$$$$$$$$$$$$$$$$$$$
603799 华友钴业 涨幅4.12,市值248亿 
板块：钴,钴涨价
主买：18919万
主卖：-10453万
净买入：8466万
类型：
符合条件1，单位时间新增买入 8466万
$$$$$$$$$$$$$$$$$$$$$$$$$$$$$$$$$$$$$$$$$$$$$$$$$$$$$$$$$$$
600801 华新水泥 涨幅9.99,市值67亿 
板块：水泥,商品涨价
主买：12356万
主卖：-3561万
净买入：8795万
类型：
符合条件1，单位时间新增买入 3047万
$$$$$$$$$$$$$$$$$$$$$$$$$$$$$$$$$$$$$$$$$$$$$$$$$$$$$$$$$$$
000877 天山股份 涨幅3.75,市值75亿 
板块：商品涨价,一带一路
主买：3405万
主卖：0万
净买入：3405万
类型：游资
符合条件1，单位时间新增买入 3405万
$$$$$$$$$$$$$$$$$$$$$$$$$$$$$$$$$$$$$$$$$$$$$$$$$$$$$$$$$$$
600711 盛屯矿业 涨幅1.98,市值122亿 
板块：有色金属,商品涨价
主买：3942万
主卖：-1063万
净买入：2879万
类型：
符合条件1，单位时间新增买入 2879万
$$$$$$$$$$$$$$$$$$$$$$$$$$$$$$$$$$$$$$$$$$$$$$$$$$$$$$$$$$$
600720 祁连山 涨幅7.10,市值68亿 
板块：水泥,商品涨价
主买：3638万
主卖：-1495万
净买入：2143万
类型：游资
符合条件1，单位时间新增买入 2143万
$$$$$$$$$$$$$$$$$$$$$$$$$$$$$$$$$$$$$$$$$$$$$$$$$$$$$$$$$$$
000789 万年青 涨幅5.62,市值31亿 
板块：商品涨价
主买：1425万
主卖：-107万
净买入：1318万
类型：
符合条件1，单位时间新增买入 1318万
--------------------------------------------------------------------------------------------
时间： 
$$$$$$$$$$$$$$$$$$$$$$$$$$$$$$$$$$$$$$$$$$$$$$$$$$$$$$$$$$$
600585 海螺水泥 涨幅7.75,市值617亿 
板块：水泥,商品涨价
主买：22281万
主卖：-7990万
净买入：14291万
类型：
符合条件1，单位时间新增买入 14291万
$$$$$$$$$$$$$$$$$$$$$$$$$$$$$$$$$$$$$$$$$$$$$$$$$$$$$$$$$$$
600801 华新水泥 涨幅9.99,市值67亿 
板块：水泥,商品涨价
主买：16993万
主卖：-4627万
净买入：12367万
类型：
符合条件1，单位时间新增买入 3571万
$$$$$$$$$$$$$$$$$$$$$$$$$$$$$$$$$$$$$$$$$$$$$$$$$$$$$$$$$$$
603799 华友钴业 涨幅4.23,市值248亿 
板块：钴,钴涨价
主买：20319万
主卖：-10650万
净买入：9669万
类型：
符合条件1，单位时间新增买入 1203万
$$$$$$$$$$$$$$$$$$$$$$$$$$$$$$$$$$$$$$$$$$$$$$$$$$$$$$$$$$$
600802 福建水泥 涨幅3.87,市值25亿 
板块：商品涨价
主买：1323万
主卖：0万
净买入：1323万
类型：基金
符合条件1，单位时间新增买入 1323万
$$$$$$$$$$$$$$$$$$$$$$$$$$$$$$$$$$$$$$$$$$$$$$$$$$$$$$$$$$$
000401 冀东水泥 涨幅3.61,市值160亿 
板块：雄安新区,水泥
主买：2752万
主卖：-1444万
净买入：1309万
类型：游资
符合条件1，单位时间新增买入 1309万
--------------------------------------------------------------------------------------------
时间： 
$$$$$$$$$$$$$$$$$$$$$$$$$$$$$$$$$$$$$$$$$$$$$$$$$$$$$$$$$$$
600801 华新水泥 涨幅9.99,市值67亿 
板块：水泥,商品涨价
主买：18184万
主卖：-4839万
净买入：13345万
类型：
符合条件1，单位时间新增买入 978万
$$$$$$$$$$$$$$$$$$$$$$$$$$$$$$$$$$$$$$$$$$$$$$$$$$$$$$$$$$$
000761 本钢板材 涨幅8.89,市值45亿 
板块：商品涨价,钢铁
主买：15594万
主卖：-12173万
净买入：3422万
类型：游资
符合条件1，单位时间新增买入 1110万
--------------------------------------------------------------------------------------------
时间： 
$$$$$$$$$$$$$$$$$$$$$$$$$$$$$$$$$$$$$$$$$$$$$$$$$$$$$$$$$$$
600801 华新水泥 涨幅9.99,市值67亿 
板块：水泥,商品涨价
主买：20952万
主卖：-6813万
净买入：14139万
类型：
符合条件1，单位时间新增买入 794万
$$$$$$$$$$$$$$$$$$$$$$$$$$$$$$$$$$$$$$$$$$$$$$$$$$$$$$$$$$$
603799 华友钴业 涨幅5.27,市值251亿 
板块：钴,钴涨价
主买：23987万
主卖：-13080万
净买入：10906万
类型：
符合条件1，单位时间新增买入 1237万
$$$$$$$$$$$$$$$$$$$$$$$$$$$$$$$$$$$$$$$$$$$$$$$$$$$$$$$$$$$
000885 同力水泥 涨幅7.02,市值28亿 
板块：收购兼并
主买：2088万
主卖：-666万
净买入：1422万
类型：
符合条件1，单位时间新增买入 1160万
$$$$$$$$$$$$$$$$$$$$$$$$$$$$$$$$$$$$$$$$$$$$$$$$$$$$$$$$$$$
600516 方大炭素 涨幅-1.51,市值361亿 
板块：石墨烯,商品涨价
主买：11801万
主卖：-25685万
净买入：-13885万
类型：游资
符合条件1，单位时间新增买入 794万
--------------------------------------------------------------------------------------------
时间： 
$$$$$$$$$$$$$$$$$$$$$$$$$$$$$$$$$$$$$$$$$$$$$$$$$$$$$$$$$$$
002742 三圣股份 涨幅2.76,市值25亿 
板块：高送转
主买：1756万
主卖：-486万
净买入：1271万
类型：
符合条件1，单位时间新增买入 1271万
$$$$$$$$$$$$$$$$$$$$$$$$$$$$$$$$$$$$$$$$$$$$$$$$$$$$$$$$$$$
300618 寒锐钴业 涨幅3.57,市值52亿 
板块：钴涨价,次新股
主买：4302万
主卖：-3459万
净买入：844万
类型：游资
符合条件1，单位时间新增买入 844万
--------------------------------------------------------------------------------------------
时间： 
$$$$$$$$$$$$$$$$$$$$$$$$$$$$$$$$$$$$$$$$$$$$$$$$$$$$$$$$$$$
603799 华友钴业 涨幅6.32,市值253亿 
板块：钴,钴涨价
主买：27292万
主卖：-15365万
净买入：11926万
类型：
符合条件1，单位时间新增买入 1020万
$$$$$$$$$$$$$$$$$$$$$$$$$$$$$$$$$$$$$$$$$$$$$$$$$$$$$$$$$$$
300035 中科电气 涨幅9.98,市值38亿 
板块：石墨烯,负极材料,商品涨价
主买：8076万
主卖：-882万
净买入：7195万
类型：游资
符合条件1，单位时间新增买入 3917万
--------------------------------------------------------------------------------------------
时间： 
$$$$$$$$$$$$$$$$$$$$$$$$$$$$$$$$$$$$$$$$$$$$$$$$$$$$$$$$$$$
603799 华友钴业 涨幅5.94,市值253亿 
板块：钴,钴涨价
主买：29511万
主卖：-15724万
净买入：13787万
类型：
符合条件1，单位时间新增买入 1861万
$$$$$$$$$$$$$$$$$$$$$$$$$$$$$$$$$$$$$$$$$$$$$$$$$$$$$$$$$$$
300035 中科电气 涨幅9.98,市值38亿 
板块：石墨烯,负极材料,商品涨价
主买：11188万
主卖：-1202万
净买入：9985万
类型：游资
符合条件1，单位时间新增买入 2791万
$$$$$$$$$$$$$$$$$$$$$$$$$$$$$$$$$$$$$$$$$$$$$$$$$$$$$$$$$$$
002285 世联行 涨幅1.47,市值98亿 
板块：租购同权,房地产
主买：5478万
主卖：-880万
净买入：4598万
类型：游资
符合条件1，单位时间新增买入 4598万
$$$$$$$$$$$$$$$$$$$$$$$$$$$$$$$$$$$$$$$$$$$$$$$$$$$$$$$$$$$
600326 西藏天路 涨幅3.79,市值76亿 
板块：商品涨价,西藏板块
主买：3784万
主卖：-3124万
净买入：660万
类型：游资
符合条件1，单位时间新增买入 1530万
--------------------------------------------------------------------------------------------
时间： 
$$$$$$$$$$$$$$$$$$$$$$$$$$$$$$$$$$$$$$$$$$$$$$$$$$$$$$$$$$$
603799 华友钴业 涨幅5.83,市值252亿 
板块：钴,钴涨价
主买：30522万
主卖：-15724万
净买入：14799万
类型：
符合条件1，单位时间新增买入 1011万
$$$$$$$$$$$$$$$$$$$$$$$$$$$$$$$$$$$$$$$$$$$$$$$$$$$$$$$$$$$
300035 中科电气 涨幅9.98,市值38亿 
板块：石墨烯,负极材料,商品涨价
主买：12206万
主卖：-1309万
净买入：10897万
类型：游资
符合条件1，单位时间新增买入 912万
$$$$$$$$$$$$$$$$$$$$$$$$$$$$$$$$$$$$$$$$$$$$$$$$$$$$$$$$$$$
300458 全志科技 涨幅6.28,市值50亿 
板块：芯片
主买：2562万
主卖：0万
净买入：2562万
类型：游资
符合条件1，单位时间新增买入 2562万
--------------------------------------------------------------------------------------------
时间： 
$$$$$$$$$$$$$$$$$$$$$$$$$$$$$$$$$$$$$$$$$$$$$$$$$$$$$$$$$$$
603799 华友钴业 涨幅5.54,市值252亿 
板块：钴,钴涨价
主买：31962万
主卖：-16023万
净买入：15939万
类型：
符合条件1，单位时间新增买入 1141万
$$$$$$$$$$$$$$$$$$$$$$$$$$$$$$$$$$$$$$$$$$$$$$$$$$$$$$$$$$$
002709 天赐材料 涨幅5.95,市值91亿 
板块：锂电池
主买：4904万
主卖：-1159万
净买入：3745万
类型：基金
符合条件1，单位时间新增买入 3745万
$$$$$$$$$$$$$$$$$$$$$$$$$$$$$$$$$$$$$$$$$$$$$$$$$$$$$$$$$$$
601992 金隅股份 涨幅1.91,市值317亿 
板块：雄安新区,水泥涨价
主买：6462万
主卖：-4018万
净买入：2444万
类型：基金
符合条件1，单位时间新增买入 2444万
--------------------------------------------------------------------------------------------
时间： 
$$$$$$$$$$$$$$$$$$$$$$$$$$$$$$$$$$$$$$$$$$$$$$$$$$$$$$$$$$$
002240 威华股份 涨幅5.41,市值66亿 
板块：锂电池,土地流转,商品涨价
主买：4072万
主卖：-1925万
净买入：2148万
类型：
符合条件1，单位时间新增买入 2148万
--------------------------------------------------------------------------------------------
时间： 
$$$$$$$$$$$$$$$$$$$$$$$$$$$$$$$$$$$$$$$$$$$$$$$$$$$$$$$$$$$
600846 同济科技 涨幅7.22,市值72亿 
板块：雄安设计
主买：11069万
主卖：-2932万
净买入：8137万
类型：游资
符合条件1，单位时间新增买入 1160万
$$$$$$$$$$$$$$$$$$$$$$$$$$$$$$$$$$$$$$$$$$$$$$$$$$$$$$$$$$$
002797 第一创业 涨幅2.67,市值196亿 
板块：证券
主买：2033万
主卖：-1442万
净买入：591万
类型：游资
符合条件1，单位时间新增买入 878万
$$$$$$$$$$$$$$$$$$$$$$$$$$$$$$$$$$$$$$$$$$$$$$$$$$$$$$$$$$$
002407 多氟多 涨幅0.28,市值156亿 
板块：锂电池,商品涨价
主买：3399万
主卖：-7631万
净买入：-4232万
类型：基金
符合条件1，单位时间新增买入 908万
--------------------------------------------------------------------------------------------
时间： 
--------------------------------------------------------------------------------------------
时间： 
$$$$$$$$$$$$$$$$$$$$$$$$$$$$$$$$$$$$$$$$$$$$$$$$$$$$$$$$$$$
600846 同济科技 涨幅7.72,市值73亿 
板块：雄安设计
主买：13844万
主卖：-3767万
净买入：10076万
类型：游资
符合条件1，单位时间新增买入 2156万
--------------------------------------------------------------------------------------------
时间： 
$$$$$$$$$$$$$$$$$$$$$$$$$$$$$$$$$$$$$$$$$$$$$$$$$$$$$$$$$$$
600846 同济科技 涨幅7.93,市值73亿 
板块：雄安设计
主买：15023万
主卖：-3991万
净买入：11032万
类型：游资
符合条件1，单位时间新增买入 955万
$$$$$$$$$$$$$$$$$$$$$$$$$$$$$$$$$$$$$$$$$$$$$$$$$$$$$$$$$$$
601881 中国银河 涨幅2.12,市值92亿 
板块：证券,次新股
主买：3745万
主卖：-3002万
净买入：744万
类型：游资
符合条件1，单位时间新增买入 1201万
--------------------------------------------------------------------------------------------
时间： 
--------------------------------------------------------------------------------------------
时间： 
--------------------------------------------------------------------------------------------
时间： 
--------------------------------------------------------------------------------------------
时间： 
$$$$$$$$$$$$$$$$$$$$$$$$$$$$$$$$$$$$$$$$$$$$$$$$$$$$$$$$$$$
601949 中国出版 涨幅2.70,市值46亿 
板块：开板次新
主买：1794万
主卖：-182万
净买入：1613万
类型：
符合条件1，单位时间新增买入 806万
--------------------------------------------------------------------------------------------
时间： 
--------------------------------------------------------------------------------------------
时间： 
$$$$$$$$$$$$$$$$$$$$$$$$$$$$$$$$$$$$$$$$$$$$$$$$$$$$$$$$$$$
600801 华新水泥 涨幅9.76,市值66亿 
板块：水泥,商品涨价
主买：31107万
主卖：-11261万
净买入：19846万
类型：
符合条件1，单位时间新增买入 1729万
$$$$$$$$$$$$$$$$$$$$$$$$$$$$$$$$$$$$$$$$$$$$$$$$$$$$$$$$$$$
002497 雅化集团 涨幅-2.56,市值174亿 
板块：锂电池,商品涨价
主买：15405万
主卖：-25869万
净买入：-10464万
类型：游资
符合条件1，单位时间新增买入 850万
--------------------------------------------------------------------------------------------
时间： 
$$$$$$$$$$$$$$$$$$$$$$$$$$$$$$$$$$$$$$$$$$$$$$$$$$$$$$$$$$$
000002 万 科Ａ 涨幅4.04,市值1716亿 
板块：房地产,蓝筹股
主买：27768万
主卖：-13535万
净买入：14232万
类型：游资
符合条件1，单位时间新增买入 14232万
--------------------------------------------------------------------------------------------
时间： 
$$$$$$$$$$$$$$$$$$$$$$$$$$$$$$$$$$$$$$$$$$$$$$$$$$$$$$$$$$$
002249 大洋电机 涨幅7.47,市值97亿 
板块：新能源汽车
主买：21752万
主卖：-13466万
净买入：8286万
类型：
符合条件1，单位时间新增买入 8286万
$$$$$$$$$$$$$$$$$$$$$$$$$$$$$$$$$$$$$$$$$$$$$$$$$$$$$$$$$$$
002742 三圣股份 涨幅5.29,市值26亿 
板块：高送转
主买：3948万
主卖：-1253万
净买入：2695万
类型：
符合条件1，单位时间新增买入 753万
$$$$$$$$$$$$$$$$$$$$$$$$$$$$$$$$$$$$$$$$$$$$$$$$$$$$$$$$$$$
601949 中国出版 涨幅3.36,市值46亿 
板块：开板次新
主买：2757万
主卖：-182万
净买入：2575万
类型：
符合条件1，单位时间新增买入 824万
--------------------------------------------------------------------------------------------
时间： 
$$$$$$$$$$$$$$$$$$$$$$$$$$$$$$$$$$$$$$$$$$$$$$$$$$$$$$$$$$$
002249 大洋电机 涨幅7.35,市值97亿 
板块：新能源汽车
主买：22681万
主卖：-13689万
净买入：8993万
类型：
符合条件1，单位时间新增买入 707万
$$$$$$$$$$$$$$$$$$$$$$$$$$$$$$$$$$$$$$$$$$$$$$$$$$$$$$$$$$$
600255 梦舟股份 涨幅6.97,市值83亿 
板块：复牌,锂电池
主买：15778万
主卖：-11629万
净买入：4149万
类型：
符合条件1，单位时间新增买入 1911万
$$$$$$$$$$$$$$$$$$$$$$$$$$$$$$$$$$$$$$$$$$$$$$$$$$$$$$$$$$$
601881 中国银河 涨幅2.92,市值93亿 
板块：证券,次新股
主买：5399万
主卖：-3768万
净买入：1630万
类型：游资
符合条件1，单位时间新增买入 892万
--------------------------------------------------------------------------------------------
时间： 
$$$$$$$$$$$$$$$$$$$$$$$$$$$$$$$$$$$$$$$$$$$$$$$$$$$$$$$$$$$
002249 大洋电机 涨幅6.99,市值97亿 
板块：新能源汽车
主买：23636万
主卖：-13689万
净买入：9948万
类型：
符合条件1，单位时间新增买入 955万
--------------------------------------------------------------------------------------------
时间： 
--------------------------------------------------------------------------------------------
时间： 
--------------------------------------------------------------------------------------------
时间： 
--------------------------------------------------------------------------------------------
时间： 
--------------------------------------------------------------------------------------------
时间： 
$$$$$$$$$$$$$$$$$$$$$$$$$$$$$$$$$$$$$$$$$$$$$$$$$$$$$$$$$$$
000710 贝瑞基因 涨幅10.00,市值49亿 
板块：摘帽,基因测序
主买：18449万
主卖：-10828万
净买入：7622万
类型：
符合条件1，单位时间新增买入 4530万
--------------------------------------------------------------------------------------------
时间： 
$$$$$$$$$$$$$$$$$$$$$$$$$$$$$$$$$$$$$$$$$$$$$$$$$$$$$$$$$$$
000710 贝瑞基因 涨幅10.00,市值49亿 
板块：摘帽,基因测序
主买：19564万
主卖：-10987万
净买入：8577万
类型：
符合条件1，单位时间新增买入 955万
--------------------------------------------------------------------------------------------
时间： 
--------------------------------------------------------------------------------------------
时间： 
$$$$$$$$$$$$$$$$$$$$$$$$$$$$$$$$$$$$$$$$$$$$$$$$$$$$$$$$$$$
002809 红墙股份 涨幅5.41,市值26亿 
板块：雄安新区,水泥
主买：1401万
主卖：-256万
净买入：1145万
类型：游资
符合条件1，单位时间新增买入 1145万
$$$$$$$$$$$$$$$$$$$$$$$$$$$$$$$$$$$$$$$$$$$$$$$$$$$$$$$$$$$
000002 万 科Ａ 涨幅4.77,市值1728亿 
板块：房地产,蓝筹股
主买：30637万
主卖：-14220万
净买入：16417万
类型：游资
符合条件1，单位时间新增买入 919万
--------------------------------------------------------------------------------------------
时间： 
--------------------------------------------------------------------------------------------
时间： 
--------------------------------------------------------------------------------------------
时间： 
$$$$$$$$$$$$$$$$$$$$$$$$$$$$$$$$$$$$$$$$$$$$$$$$$$$$$$$$$$$
600801 华新水泥 涨幅9.99,市值67亿 
板块：水泥,商品涨价
主买：37568万
主卖：-12245万
净买入：25322万
类型：
符合条件1，单位时间新增买入 2297万
--------------------------------------------------------------------------------------------
时间： 
--------------------------------------------------------------------------------------------
时间： 
--------------------------------------------------------------------------------------------
时间： 
$$$$$$$$$$$$$$$$$$$$$$$$$$$$$$$$$$$$$$$$$$$$$$$$$$$$$$$$$$$
000958 东方能源 涨幅5.16,市值56亿 
板块：雄安新区
主买：8127万
主卖：-4657万
净买入：3470万
类型：游资
符合条件1，单位时间新增买入 3470万
--------------------------------------------------------------------------------------------
时间： 
--------------------------------------------------------------------------------------------
时间： 
$$$$$$$$$$$$$$$$$$$$$$$$$$$$$$$$$$$$$$$$$$$$$$$$$$$$$$$$$$$
002742 三圣股份 涨幅8.06,市值26亿 
板块：高送转
主买：7119万
主卖：-1414万
净买入：5704万
类型：
符合条件1，单位时间新增买入 1158万
$$$$$$$$$$$$$$$$$$$$$$$$$$$$$$$$$$$$$$$$$$$$$$$$$$$$$$$$$$$
603707 健友股份 涨幅9.99,市值16亿 
板块：次新股
主买：2834万
主卖：-6827万
净买入：-3993万
类型：
符合条件1，单位时间新增买入 1358万
--------------------------------------------------------------------------------------------
时间： 
$$$$$$$$$$$$$$$$$$$$$$$$$$$$$$$$$$$$$$$$$$$$$$$$$$$$$$$$$$$
000002 万 科Ａ 涨幅5.12,市值1733亿 
板块：房地产,蓝筹股
主买：33441万
主卖：-15004万
净买入：18438万
类型：游资
符合条件1，单位时间新增买入 1567万
--------------------------------------------------------------------------------------------
时间： 
--------------------------------------------------------------------------------------------
时间： 
$$$$$$$$$$$$$$$$$$$$$$$$$$$$$$$$$$$$$$$$$$$$$$$$$$$$$$$$$$$
000930 中粮生化 涨幅8.28,市值115亿 
板块：混改,乙醇汽油
主买：36014万
主卖：-17476万
净买入：18538万
类型：
符合条件1，单位时间新增买入 973万
$$$$$$$$$$$$$$$$$$$$$$$$$$$$$$$$$$$$$$$$$$$$$$$$$$$$$$$$$$$
600326 西藏天路 涨幅4.21,市值77亿 
板块：商品涨价,西藏板块
主买：7385万
主卖：-4947万
净买入：2439万
类型：游资
符合条件1，单位时间新增买入 730万
--------------------------------------------------------------------------------------------
时间： 
$$$$$$$$$$$$$$$$$$$$$$$$$$$$$$$$$$$$$$$$$$$$$$$$$$$$$$$$$$$
603019 中科曙光 涨幅2.81,市值127亿 
板块：人工智能
主买：9387万
主卖：-4927万
净买入：4459万
类型：游资
符合条件1，单位时间新增买入 4459万
--------------------------------------------------------------------------------------------
时间： 
$$$$$$$$$$$$$$$$$$$$$$$$$$$$$$$$$$$$$$$$$$$$$$$$$$$$$$$$$$$
000002 万 科Ａ 涨幅5.63,市值1742亿 
板块：房地产,蓝筹股
主买：37249万
主卖：-16425万
净买入：20824万
类型：游资
符合条件1，单位时间新增买入 1552万
--------------------------------------------------------------------------------------------
时间： 
$$$$$$$$$$$$$$$$$$$$$$$$$$$$$$$$$$$$$$$$$$$$$$$$$$$$$$$$$$$
603387 基蛋生物 涨幅3.62,市值20亿 
板块：次新股
主买：1610万
主卖：-492万
净买入：1118万
类型：
符合条件1，单位时间新增买入 1118万
--------------------------------------------------------------------------------------------
时间： 
--------------------------------------------------------------------------------------------
时间： 
$$$$$$$$$$$$$$$$$$$$$$$$$$$$$$$$$$$$$$$$$$$$$$$$$$$$$$$$$$$
603019 中科曙光 涨幅4.44,市值129亿 
板块：人工智能
主买：12110万
主卖：-5186万
净买入：6924万
类型：游资
符合条件1，单位时间新增买入 1534万
--------------------------------------------------------------------------------------------
时间： 
--------------------------------------------------------------------------------------------
时间： 
$$$$$$$$$$$$$$$$$$$$$$$$$$$$$$$$$$$$$$$$$$$$$$$$$$$$$$$$$$$
600119 长江投资 涨幅5.97,市值31亿 
板块：超跌
主买：1815万
主卖：-281万
净买入：1533万
类型：
符合条件1，单位时间新增买入 1533万
--------------------------------------------------------------------------------------------
时间： 
--------------------------------------------------------------------------------------------
时间： 
--------------------------------------------------------------------------------------------
时间： 
$$$$$$$$$$$$$$$$$$$$$$$$$$$$$$$$$$$$$$$$$$$$$$$$$$$$$$$$$$$
300685 艾德生物 涨幅9.01,市值22亿 
板块：开板次新,生物制品
主买：4766万
主卖：-1413万
净买入：3353万
类型：
符合条件1，单位时间新增买入 2620万
$$$$$$$$$$$$$$$$$$$$$$$$$$$$$$$$$$$$$$$$$$$$$$$$$$$$$$$$$$$
300401 花园生物 涨幅9.77,市值41亿 
板块：维生素涨价
主买：5193万
主卖：-5223万
净买入：-30万
类型：庄股
符合条件1，单位时间新增买入 800万
--------------------------------------------------------------------------------------------
时间： 
$$$$$$$$$$$$$$$$$$$$$$$$$$$$$$$$$$$$$$$$$$$$$$$$$$$$$$$$$$$
600592 龙溪股份 涨幅4.34,市值29亿 
板块：
主买：3754万
主卖：-484万
净买入：3270万
类型：
符合条件1，单位时间新增买入 3270万
--------------------------------------------------------------------------------------------
时间： 
--------------------------------------------------------------------------------------------
时间： 
$$$$$$$$$$$$$$$$$$$$$$$$$$$$$$$$$$$$$$$$$$$$$$$$$$$$$$$$$$$
600487 亨通光电 涨幅3.06,市值254亿 
板块：
主买：23683万
主卖：-8806万
净买入：14876万
类型：
符合条件1，单位时间新增买入 14876万
$$$$$$$$$$$$$$$$$$$$$$$$$$$$$$$$$$$$$$$$$$$$$$$$$$$$$$$$$$$
603019 中科曙光 涨幅5.40,市值131亿 
板块：人工智能
主买：16319万
主卖：-6612万
净买入：9707万
类型：游资
符合条件1，单位时间新增买入 945万
--------------------------------------------------------------------------------------------
时间： 
--------------------------------------------------------------------------------------------
时间： 
$$$$$$$$$$$$$$$$$$$$$$$$$$$$$$$$$$$$$$$$$$$$$$$$$$$$$$$$$$$
603079 圣达生物 涨幅6.53,市值14亿 
板块：开板次新,生物制品
主买：2811万
主卖：-1888万
净买入：923万
类型：
符合条件1，单位时间新增买入 923万
--------------------------------------------------------------------------------------------
时间： 
$$$$$$$$$$$$$$$$$$$$$$$$$$$$$$$$$$$$$$$$$$$$$$$$$$$$$$$$$$$
002239 奥特佳 涨幅8.43,市值38亿 
板块：新能源汽车
主买：29907万
主卖：-29522万
净买入：385万
类型：
符合条件1，单位时间新增买入 780万
--------------------------------------------------------------------------------------------
时间： 
--------------------------------------------------------------------------------------------
时间： 
--------------------------------------------------------------------------------------------
时间： 
--------------------------------------------------------------------------------------------
时间： 
$$$$$$$$$$$$$$$$$$$$$$$$$$$$$$$$$$$$$$$$$$$$$$$$$$$$$$$$$$$
600326 西藏天路 涨幅7.58,市值79亿 
板块：商品涨价,西藏板块
主买：18280万
主卖：-9720万
净买入：8560万
类型：游资
符合条件1，单位时间新增买入 836万
--------------------------------------------------------------------------------------------
时间： 
--------------------------------------------------------------------------------------------
时间： 
--------------------------------------------------------------------------------------------
时间： 
$$$$$$$$$$$$$$$$$$$$$$$$$$$$$$$$$$$$$$$$$$$$$$$$$$$$$$$$$$$
000977 浪潮信息 涨幅4.10,市值154亿 
板块：证金持股
主买：28933万
主卖：-31951万
净买入：-3018万
类型：
符合条件1，单位时间新增买入 1031万
--------------------------------------------------------------------------------------------
时间： 
--------------------------------------------------------------------------------------------
时间： 
--------------------------------------------------------------------------------------------
时间： 
$$$$$$$$$$$$$$$$$$$$$$$$$$$$$$$$$$$$$$$$$$$$$$$$$$$$$$$$$$$
600487 亨通光电 涨幅6.47,市值262亿 
板块：白马股
主买：45131万
主卖：-12313万
净买入：32818万
类型：
符合条件1，单位时间新增买入 1243万
--------------------------------------------------------------------------------------------
时间： 
$$$$$$$$$$$$$$$$$$$$$$$$$$$$$$$$$$$$$$$$$$$$$$$$$$$$$$$$$$$
300696 爱乐达 涨幅10.00,市值16亿 
板块：次新股
主买：6651万
主卖：-9934万
净买入：-3283万
类型：
符合条件1，单位时间新增买入 2865万
--------------------------------------------------------------------------------------------
时间： 
--------------------------------------------------------------------------------------------
时间： 
$$$$$$$$$$$$$$$$$$$$$$$$$$$$$$$$$$$$$$$$$$$$$$$$$$$$$$$$$$$
600558 大西洋 涨幅8.34,市值50亿 
板块：新材料,庄股
主买：8085万
主卖：-2428万
净买入：5657万
类型：
符合条件1，单位时间新增买入 890万
--------------------------------------------------------------------------------------------
时间： 
--------------------------------------------------------------------------------------------
时间： 
--------------------------------------------------------------------------------------------
时间： 
--------------------------------------------------------------------------------------------
时间： 
--------------------------------------------------------------------------------------------
时间： 
--------------------------------------------------------------------------------------------
时间： 
--------------------------------------------------------------------------------------------
时间： 
--------------------------------------------------------------------------------------------
时间： 
--------------------------------------------------------------------------------------------
时间： 
--------------------------------------------------------------------------------------------
时间： 
--------------------------------------------------------------------------------------------
时间： 
$$$$$$$$$$$$$$$$$$$$$$$$$$$$$$$$$$$$$$$$$$$$$$$$$$$$$$$$$$$
002742 三圣股份 涨幅10.00,市值27亿 
板块：高送转
主买：16678万
主卖：-4757万
净买入：11921万
类型：
符合条件1，单位时间新增买入 5249万
--------------------------------------------------------------------------------------------
时间： 
$$$$$$$$$$$$$$$$$$$$$$$$$$$$$$$$$$$$$$$$$$$$$$$$$$$$$$$$$$$
002742 三圣股份 涨幅10.00,市值27亿 
板块：高送转
主买：17455万
主卖：-4757万
净买入：12698万
类型：
符合条件1，单位时间新增买入 777万
--------------------------------------------------------------------------------------------
时间： 
$$$$$$$$$$$$$$$$$$$$$$$$$$$$$$$$$$$$$$$$$$$$$$$$$$$$$$$$$$$
600516 方大炭素 涨幅-0.75,市值364亿 
板块：石墨烯,商品涨价
主买：35113万
主卖：-59243万
净买入：-24131万
类型：游资
符合条件1，单位时间新增买入 808万
--------------------------------------------------------------------------------------------
时间： 
$$$$$$$$$$$$$$$$$$$$$$$$$$$$$$$$$$$$$$$$$$$$$$$$$$$$$$$$$$$
300682 朗新科技 涨幅4.74,市值13亿 
板块：次新股
主买：3411万
主卖：-2190万
净买入：1221万
类型：游资
符合条件1，单位时间新增买入 1221万
--------------------------------------------------------------------------------------------
时间： 
--------------------------------------------------------------------------------------------
时间： 
--------------------------------------------------------------------------------------------
时间： 
--------------------------------------------------------------------------------------------
时间： 
--------------------------------------------------------------------------------------------
时间： 
--------------------------------------------------------------------------------------------
时间： 
$$$$$$$$$$$$$$$$$$$$$$$$$$$$$$$$$$$$$$$$$$$$$$$$$$$$$$$$$$$
000413 东旭光电 涨幅4.50,市值419亿 
板块：石墨烯,商品涨价
主买：37078万
主卖：-28399万
净买入：8679万
类型：基金
符合条件1，单位时间新增买入 8679万
$$$$$$$$$$$$$$$$$$$$$$$$$$$$$$$$$$$$$$$$$$$$$$$$$$$$$$$$$$$
603707 健友股份 涨幅9.39,市值16亿 
板块：次新股,生物制品
主买：10459万
主卖：-10969万
净买入：-510万
类型：
符合条件1，单位时间新增买入 1199万
--------------------------------------------------------------------------------------------
时间： 
--------------------------------------------------------------------------------------------
时间： 
$$$$$$$$$$$$$$$$$$$$$$$$$$$$$$$$$$$$$$$$$$$$$$$$$$$$$$$$$$$
000807 云铝股份 涨幅4.61,市值154亿 
板块：有色金属,电解铝,商品涨价
主买：23383万
主卖：-12936万
净买入：10447万
类型：游资
符合条件1，单位时间新增买入 1112万
--------------------------------------------------------------------------------------------
时间： 
--------------------------------------------------------------------------------------------
时间： 
$$$$$$$$$$$$$$$$$$$$$$$$$$$$$$$$$$$$$$$$$$$$$$$$$$$$$$$$$$$
002742 三圣股份 涨幅9.82,市值27亿 
板块：高送转
主买：24613万
主卖：-9229万
净买入：15384万
类型：
符合条件1，单位时间新增买入 1372万
--------------------------------------------------------------------------------------------
时间： 
$$$$$$$$$$$$$$$$$$$$$$$$$$$$$$$$$$$$$$$$$$$$$$$$$$$$$$$$$$$
002742 三圣股份 涨幅10.00,市值27亿 
板块：高送转
主买：25678万
主卖：-9416万
净买入：16263万
类型：
符合条件1，单位时间新增买入 879万
--------------------------------------------------------------------------------------------
时间： 
$$$$$$$$$$$$$$$$$$$$$$$$$$$$$$$$$$$$$$$$$$$$$$$$$$$$$$$$$$$
002742 三圣股份 涨幅9.82,市值27亿 
板块：高送转
主买：26925万
主卖：-9416万
净买入：17509万
类型：
符合条件1，单位时间新增买入 1247万
--------------------------------------------------------------------------------------------
时间： 
--------------------------------------------------------------------------------------------
时间： 
--------------------------------------------------------------------------------------------
时间： 
--------------------------------------------------------------------------------------------
时间： 
--------------------------------------------------------------------------------------------
时间： 
--------------------------------------------------------------------------------------------
时间： 
--------------------------------------------------------------------------------------------
时间： 
--------------------------------------------------------------------------------------------
时间： 
--------------------------------------------------------------------------------------------
时间： 
$$$$$$$$$$$$$$$$$$$$$$$$$$$$$$$$$$$$$$$$$$$$$$$$$$$$$$$$$$$
300355 蒙草生态 涨幅1.37,市值118亿 
板块：内蒙古,美丽中国
主买：5895万
主卖：-19646万
净买入：-13751万
类型：
符合条件1，单位时间新增买入 712万
--------------------------------------------------------------------------------------------
时间： 
--------------------------------------------------------------------------------------------
时间： 
$$$$$$$$$$$$$$$$$$$$$$$$$$$$$$$$$$$$$$$$$$$$$$$$$$$$$$$$$$$
000852 石化机械 涨幅2.82,市值36亿 
板块：雄安地热
主买：2106万
主卖：-1310万
净买入：796万
类型：游资
符合条件1，单位时间新增买入 796万
--------------------------------------------------------------------------------------------
时间： 
$$$$$$$$$$$$$$$$$$$$$$$$$$$$$$$$$$$$$$$$$$$$$$$$$$$$$$$$$$$
300198 纳川股份 涨幅1.74,市值46亿 
板块：锂电池
主买：8678万
主卖：-10822万
净买入：-2144万
类型：
符合条件1，单位时间新增买入 748万
--------------------------------------------------------------------------------------------
时间： 
--------------------------------------------------------------------------------------------
时间： 
$$$$$$$$$$$$$$$$$$$$$$$$$$$$$$$$$$$$$$$$$$$$$$$$$$$$$$$$$$$
000002 万 科Ａ 涨幅5.71,市值1743亿 
板块：房地产,蓝筹股
主买：61852万
主卖：-27689万
净买入：34162万
类型：游资
符合条件1，单位时间新增买入 711万
$$$$$$$$$$$$$$$$$$$$$$$$$$$$$$$$$$$$$$$$$$$$$$$$$$$$$$$$$$$
300198 纳川股份 涨幅2.66,市值47亿 
板块：锂电池
主买：10445万
主卖：-11098万
净买入：-653万
类型：
符合条件1，单位时间新增买入 1628万
--------------------------------------------------------------------------------------------
时间： 
$$$$$$$$$$$$$$$$$$$$$$$$$$$$$$$$$$$$$$$$$$$$$$$$$$$$$$$$$$$
000002 万 科Ａ 涨幅5.94,市值1747亿 
板块：房地产,蓝筹股
主买：64384万
主卖：-27689万
净买入：36695万
类型：游资
符合条件1，单位时间新增买入 2532万
--------------------------------------------------------------------------------------------
时间： 
--------------------------------------------------------------------------------------------
时间： 
$$$$$$$$$$$$$$$$$$$$$$$$$$$$$$$$$$$$$$$$$$$$$$$$$$$$$$$$$$$
000792 盐湖股份 涨幅3.12,市值182亿 
板块：锂电池
主买：19527万
主卖：-23075万
净买入：-3548万
类型：
符合条件1，单位时间新增买入 993万
--------------------------------------------------------------------------------------------
时间： 
--------------------------------------------------------------------------------------------
时间： 
--------------------------------------------------------------------------------------------
时间： 
--------------------------------------------------------------------------------------------
时间： 
--------------------------------------------------------------------------------------------
时间： 
$$$$$$$$$$$$$$$$$$$$$$$$$$$$$$$$$$$$$$$$$$$$$$$$$$$$$$$$$$$
000002 万 科Ａ 涨幅6.99,市值1764亿 
板块：房地产,蓝筹股
主买：69678万
主卖：-30400万
净买入：39278万
类型：游资
符合条件1，单位时间新增买入 1786万
$$$$$$$$$$$$$$$$$$$$$$$$$$$$$$$$$$$$$$$$$$$$$$$$$$$$$$$$$$$
002742 三圣股份 涨幅9.18,市值26亿 
板块：高送转
主买：29091万
主卖：-9700万
净买入：19391万
类型：
符合条件1，单位时间新增买入 1856万
$$$$$$$$$$$$$$$$$$$$$$$$$$$$$$$$$$$$$$$$$$$$$$$$$$$$$$$$$$$
000413 东旭光电 涨幅3.76,市值416亿 
板块：石墨烯,商品涨价
主买：40302万
主卖：-32218万
净买入：8084万
类型：基金
符合条件1，单位时间新增买入 1375万
$$$$$$$$$$$$$$$$$$$$$$$$$$$$$$$$$$$$$$$$$$$$$$$$$$$$$$$$$$$
600516 方大炭素 涨幅-0.92,市值363亿 
板块：石墨烯,商品涨价
主买：37330万
主卖：-60901万
净买入：-23571万
类型：游资
符合条件1，单位时间新增买入 808万
--------------------------------------------------------------------------------------------
时间： 
--------------------------------------------------------------------------------------------
时间： 
$$$$$$$$$$$$$$$$$$$$$$$$$$$$$$$$$$$$$$$$$$$$$$$$$$$$$$$$$$$
000002 万 科Ａ 涨幅6.91,市值1763亿 
板块：房地产,蓝筹股
主买：72934万
主卖：-30797万
净买入：42137万
类型：游资
符合条件1，单位时间新增买入 2859万
$$$$$$$$$$$$$$$$$$$$$$$$$$$$$$$$$$$$$$$$$$$$$$$$$$$$$$$$$$$
600516 方大炭素 涨幅-0.05,市值366亿 
板块：石墨烯,商品涨价
主买：38878万
主卖：-61040万
净买入：-22163万
类型：游资
符合条件1，单位时间新增买入 1408万
--------------------------------------------------------------------------------------------
时间： 
--------------------------------------------------------------------------------------------
时间： 
--------------------------------------------------------------------------------------------
时间： 
--------------------------------------------------------------------------------------------
时间： 
$$$$$$$$$$$$$$$$$$$$$$$$$$$$$$$$$$$$$$$$$$$$$$$$$$$$$$$$$$$
002392 北京利尔 涨幅1.84,市值47亿 
板块：防火材料,雄安新区
主买：4067万
主卖：-4673万
净买入：-606万
类型：游资
符合条件1，单位时间新增买入 739万
--------------------------------------------------------------------------------------------
时间： 
--------------------------------------------------------------------------------------------
时间： 
--------------------------------------------------------------------------------------------
时间： 
$$$$$$$$$$$$$$$$$$$$$$$$$$$$$$$$$$$$$$$$$$$$$$$$$$$$$$$$$$$
002392 北京利尔 涨幅4.96,市值49亿 
板块：防火材料,雄安新区
主买：5344万
主卖：-4673万
净买入：671万
类型：游资
符合条件1，单位时间新增买入 1088万
--------------------------------------------------------------------------------------------
时间： 
$$$$$$$$$$$$$$$$$$$$$$$$$$$$$$$$$$$$$$$$$$$$$$$$$$$$$$$$$$$
002340 格林美 涨幅-1.65,市值220亿 
板块：钴涨价,锂电池
主买：16809万
主卖：-61761万
净买入：-44953万
类型：游资
符合条件1，单位时间新增买入 1083万
--------------------------------------------------------------------------------------------
时间： 
--------------------------------------------------------------------------------------------
时间： 
--------------------------------------------------------------------------------------------
时间： 
$$$$$$$$$$$$$$$$$$$$$$$$$$$$$$$$$$$$$$$$$$$$$$$$$$$$$$$$$$$
000002 万 科Ａ 涨幅8.81,市值1794亿 
板块：房地产,蓝筹股
主买：82789万
主卖：-35054万
净买入：47734万
类型：游资
符合条件1，单位时间新增买入 1853万
--------------------------------------------------------------------------------------------
时间： 
$$$$$$$$$$$$$$$$$$$$$$$$$$$$$$$$$$$$$$$$$$$$$$$$$$$$$$$$$$$
000002 万 科Ａ 涨幅8.89,市值1796亿 
板块：房地产,蓝筹股
主买：84756万
主卖：-35054万
净买入：49702万
类型：游资
符合条件1，单位时间新增买入 1968万
--------------------------------------------------------------------------------------------
时间： 
$$$$$$$$$$$$$$$$$$$$$$$$$$$$$$$$$$$$$$$$$$$$$$$$$$$$$$$$$$$
600711 盛屯矿业 涨幅1.25,市值121亿 
板块：有色金属,商品涨价
主买：8671万
主卖：-14240万
净买入：-5569万
类型：
符合条件1，单位时间新增买入 808万
--------------------------------------------------------------------------------------------
时间： 
--------------------------------------------------------------------------------------------
时间： 
$$$$$$$$$$$$$$$$$$$$$$$$$$$$$$$$$$$$$$$$$$$$$$$$$$$$$$$$$$$
600711 盛屯矿业 涨幅1.46,市值121亿 
板块：有色金属,商品涨价
主买：11006万
主卖：-14441万
净买入：-3434万
类型：
符合条件1，单位时间新增买入 1594万
--------------------------------------------------------------------------------------------
时间： 
$$$$$$$$$$$$$$$$$$$$$$$$$$$$$$$$$$$$$$$$$$$$$$$$$$$$$$$$$$$
002340 格林美 涨幅-1.06,市值221亿 
板块：钴涨价,锂电池
主买：18250万
主卖：-62230万
净买入：-43980万
类型：游资
符合条件1，单位时间新增买入 772万
--------------------------------------------------------------------------------------------
时间： 
$$$$$$$$$$$$$$$$$$$$$$$$$$$$$$$$$$$$$$$$$$$$$$$$$$$$$$$$$$$
002392 北京利尔 涨幅6.10,市值49亿 
板块：防火材料,雄安新区
主买：7564万
主卖：-4791万
净买入：2773万
类型：游资
符合条件1，单位时间新增买入 1002万
$$$$$$$$$$$$$$$$$$$$$$$$$$$$$$$$$$$$$$$$$$$$$$$$$$$$$$$$$$$
600711 盛屯矿业 涨幅1.77,市值121亿 
板块：有色金属,商品涨价
主买：12670万
主卖：-14680万
净买入：-2010万
类型：
符合条件1，单位时间新增买入 802万
--------------------------------------------------------------------------------------------
时间： 
--------------------------------------------------------------------------------------------
时间： 
$$$$$$$$$$$$$$$$$$$$$$$$$$$$$$$$$$$$$$$$$$$$$$$$$$$$$$$$$$$
600801 华新水泥 涨幅9.99,市值67亿 
板块：水泥,商品涨价
主买：51356万
主卖：-20235万
净买入：31121万
类型：
符合条件1，单位时间新增买入 974万
$$$$$$$$$$$$$$$$$$$$$$$$$$$$$$$$$$$$$$$$$$$$$$$$$$$$$$$$$$$
000930 中粮生化 涨幅8.74,市值115亿 
板块：混改,乙醇汽油
主买：45955万
主卖：-21169万
净买入：24786万
类型：
符合条件1，单位时间新增买入 980万
$$$$$$$$$$$$$$$$$$$$$$$$$$$$$$$$$$$$$$$$$$$$$$$$$$$$$$$$$$$
002340 格林美 涨幅-0.71,市值222亿 
板块：钴涨价,锂电池
主买：19146万
主卖：-62320万
净买入：-43174万
类型：游资
符合条件1，单位时间新增买入 805万
--------------------------------------------------------------------------------------------
时间： 
--------------------------------------------------------------------------------------------
时间： 
$$$$$$$$$$$$$$$$$$$$$$$$$$$$$$$$$$$$$$$$$$$$$$$$$$$$$$$$$$$
000930 中粮生化 涨幅9.66,市值116亿 
板块：混改,乙醇汽油
主买：47178万
主卖：-21309万
净买入：25869万
类型：
符合条件1，单位时间新增买入 1065万
$$$$$$$$$$$$$$$$$$$$$$$$$$$$$$$$$$$$$$$$$$$$$$$$$$$$$$$$$$$
000807 云铝股份 涨幅4.41,市值153亿 
板块：有色金属,电解铝,商品涨价
主买：26928万
主卖：-18437万
净买入：8491万
类型：游资
符合条件1，单位时间新增买入 974万
$$$$$$$$$$$$$$$$$$$$$$$$$$$$$$$$$$$$$$$$$$$$$$$$$$$$$$$$$$$
002392 北京利尔 涨幅7.23,市值50亿 
板块：防火材料,雄安新区
主买：8456万
主卖：-4791万
净买入：3665万
类型：游资
符合条件1，单位时间新增买入 702万
--------------------------------------------------------------------------------------------
时间： 
$$$$$$$$$$$$$$$$$$$$$$$$$$$$$$$$$$$$$$$$$$$$$$$$$$$$$$$$$$$
000930 中粮生化 涨幅9.96,市值117亿 
板块：混改,乙醇汽油
主买：48022万
主卖：-21309万
净买入：26713万
类型：
符合条件1，单位时间新增买入 844万
$$$$$$$$$$$$$$$$$$$$$$$$$$$$$$$$$$$$$$$$$$$$$$$$$$$$$$$$$$$
000807 云铝股份 涨幅3.95,市值153亿 
板块：有色金属,电解铝,商品涨价
主买：28093万
主卖：-18437万
净买入：9656万
类型：游资
符合条件1，单位时间新增买入 1165万
--------------------------------------------------------------------------------------------
时间： 
--------------------------------------------------------------------------------------------
时间： 
--------------------------------------------------------------------------------------------
时间： 
--------------------------------------------------------------------------------------------
时间： 
$$$$$$$$$$$$$$$$$$$$$$$$$$$$$$$$$$$$$$$$$$$$$$$$$$$$$$$$$$$
000807 云铝股份 涨幅4.67,市值154亿 
板块：有色金属,电解铝,商品涨价
主买：30554万
主卖：-19248万
净买入：11306万
类型：游资
符合条件1，单位时间新增买入 955万
--------------------------------------------------------------------------------------------
时间： 
--------------------------------------------------------------------------------------------
时间： 
--------------------------------------------------------------------------------------------
时间： 
$$$$$$$$$$$$$$$$$$$$$$$$$$$$$$$$$$$$$$$$$$$$$$$$$$$$$$$$$$$
603616 韩建河山 涨幅3.49,市值38亿 
板块：雄安新区
主买：4075万
主卖：-2211万
净买入：1864万
类型：游资
符合条件1，单位时间新增买入 1864万
--------------------------------------------------------------------------------------------
时间： 
$$$$$$$$$$$$$$$$$$$$$$$$$$$$$$$$$$$$$$$$$$$$$$$$$$$$$$$$$$$
000930 中粮生化 涨幅9.96,市值117亿 
板块：混改,乙醇汽油
主买：51746万
主卖：-21950万
净买入：29796万
类型：
符合条件1，单位时间新增买入 2216万
$$$$$$$$$$$$$$$$$$$$$$$$$$$$$$$$$$$$$$$$$$$$$$$$$$$$$$$$$$$
300035 中科电气 涨幅9.98,市值38亿 
板块：石墨烯,负极材料,商品涨价
主买：22529万
主卖：-3469万
净买入：19060万
类型：游资
符合条件1，单位时间新增买入 1204万
--------------------------------------------------------------------------------------------
时间： 
--------------------------------------------------------------------------------------------
时间： 
$$$$$$$$$$$$$$$$$$$$$$$$$$$$$$$$$$$$$$$$$$$$$$$$$$$$$$$$$$$
300035 中科电气 涨幅9.16,市值37亿 
板块：石墨烯,负极材料,商品涨价
主买：23630万
主卖：-3795万
净买入：19834万
类型：游资
符合条件1，单位时间新增买入 774万
$$$$$$$$$$$$$$$$$$$$$$$$$$$$$$$$$$$$$$$$$$$$$$$$$$$$$$$$$$$
300317 珈伟股份 涨幅5.18,市值48亿 
板块：石墨烯
主买：6116万
主卖：-4413万
净买入：1703万
类型：
符合条件1，单位时间新增买入 1703万
--------------------------------------------------------------------------------------------
时间： 
$$$$$$$$$$$$$$$$$$$$$$$$$$$$$$$$$$$$$$$$$$$$$$$$$$$$$$$$$$$
000930 中粮生化 涨幅10.04,市值117亿 
板块：混改,乙醇汽油
主买：52890万
主卖：-22995万
净买入：29895万
类型：
符合条件1，单位时间新增买入 936万
--------------------------------------------------------------------------------------------
时间： 
$$$$$$$$$$$$$$$$$$$$$$$$$$$$$$$$$$$$$$$$$$$$$$$$$$$$$$$$$$$
000930 中粮生化 涨幅10.04,市值117亿 
板块：混改,乙醇汽油
主买：60095万
主卖：-24858万
净买入：35237万
类型：
符合条件1，单位时间新增买入 5342万
--------------------------------------------------------------------------------------------
时间： 
$$$$$$$$$$$$$$$$$$$$$$$$$$$$$$$$$$$$$$$$$$$$$$$$$$$$$$$$$$$
000930 中粮生化 涨幅10.04,市值117亿 
板块：混改,乙醇汽油
主买：60813万
主卖：-24858万
净买入：35956万
类型：
符合条件1，单位时间新增买入 718万
$$$$$$$$$$$$$$$$$$$$$$$$$$$$$$$$$$$$$$$$$$$$$$$$$$$$$$$$$$$
000413 东旭光电 涨幅3.49,市值414亿 
板块：石墨烯,商品涨价
主买：44456万
主卖：-33977万
净买入：10479万
类型：基金
符合条件1，单位时间新增买入 895万
$$$$$$$$$$$$$$$$$$$$$$$$$$$$$$$$$$$$$$$$$$$$$$$$$$$$$$$$$$$
600158 中体产业 涨幅2.86,市值95亿 
板块：
主买：9388万
主卖：-3197万
净买入：6191万
类型：
符合条件1，单位时间新增买入 6191万
--------------------------------------------------------------------------------------------
时间： 
--------------------------------------------------------------------------------------------
时间： 
$$$$$$$$$$$$$$$$$$$$$$$$$$$$$$$$$$$$$$$$$$$$$$$$$$$$$$$$$$$
300198 纳川股份 涨幅5.56,市值48亿 
板块：锂电池
主买：17758万
主卖：-15215万
净买入：2543万
类型：
符合条件1，单位时间新增买入 1885万
--------------------------------------------------------------------------------------------
时间： 
--------------------------------------------------------------------------------------------
时间： 
$$$$$$$$$$$$$$$$$$$$$$$$$$$$$$$$$$$$$$$$$$$$$$$$$$$$$$$$$$$
002125 湘潭电化 涨幅2.30,市值20亿 
板块：锰涨价
主买：3959万
主卖：-3100万
净买入：859万
类型：游资
符合条件1，单位时间新增买入 859万
$$$$$$$$$$$$$$$$$$$$$$$$$$$$$$$$$$$$$$$$$$$$$$$$$$$$$$$$$$$
000002 万 科Ａ 涨幅6.95,市值1764亿 
板块：房地产,蓝筹股
主买：95401万
主卖：-43630万
净买入：51771万
类型：游资
符合条件1，单位时间新增买入 744万
--------------------------------------------------------------------------------------------
时间： 
$$$$$$$$$$$$$$$$$$$$$$$$$$$$$$$$$$$$$$$$$$$$$$$$$$$$$$$$$$$
000977 浪潮信息 涨幅2.15,市值151亿 
板块：证金持股
主买：36070万
主卖：-36851万
净买入：-781万
类型：
符合条件1，单位时间新增买入 907万
--------------------------------------------------------------------------------------------
时间： 
$$$$$$$$$$$$$$$$$$$$$$$$$$$$$$$$$$$$$$$$$$$$$$$$$$$$$$$$$$$
300035 中科电气 涨幅9.98,市值38亿 
板块：石墨烯,负极材料,商品涨价
主买：25824万
主卖：-4019万
净买入：21805万
类型：游资
符合条件1，单位时间新增买入 923万
$$$$$$$$$$$$$$$$$$$$$$$$$$$$$$$$$$$$$$$$$$$$$$$$$$$$$$$$$$$
600095 哈高科 涨幅10.05,市值27亿 
板块：庄股
主买：7508万
主卖：-2076万
净买入：5432万
类型：庄股
符合条件1，单位时间新增买入 1810万
$$$$$$$$$$$$$$$$$$$$$$$$$$$$$$$$$$$$$$$$$$$$$$$$$$$$$$$$$$$
600516 方大炭素 涨幅-0.73,市值364亿 
板块：石墨烯,商品涨价
主买：50457万
主卖：-74253万
净买入：-23796万
类型：游资
符合条件1，单位时间新增买入 1127万
--------------------------------------------------------------------------------------------
时间： 
--------------------------------------------------------------------------------------------
时间： 
$$$$$$$$$$$$$$$$$$$$$$$$$$$$$$$$$$$$$$$$$$$$$$$$$$$$$$$$$$$
300263 隆华节能 涨幅0.56,市值33亿 
板块：庄股
主买：6656万
主卖：-2805万
净买入：3851万
类型：浙江帮
符合条件1，单位时间新增买入 1239万
$$$$$$$$$$$$$$$$$$$$$$$$$$$$$$$$$$$$$$$$$$$$$$$$$$$$$$$$$$$
002182 云海金属 涨幅1.85,市值53亿 
板块：镁砂,防火材料
主买：12296万
主卖：-11863万
净买入：433万
类型：游资
符合条件1，单位时间新增买入 936万
--------------------------------------------------------------------------------------------
时间： 
$$$$$$$$$$$$$$$$$$$$$$$$$$$$$$$$$$$$$$$$$$$$$$$$$$$$$$$$$$$
000002 万 科Ａ 涨幅6.99,市值1764亿 
板块：房地产,蓝筹股
主买：98469万
主卖：-44953万
净买入：53516万
类型：游资
符合条件1，单位时间新增买入 1394万
$$$$$$$$$$$$$$$$$$$$$$$$$$$$$$$$$$$$$$$$$$$$$$$$$$$$$$$$$$$
000930 中粮生化 涨幅10.04,市值117亿 
板块：混改,乙醇汽油
主买：63668万
主卖：-25748万
净买入：37921万
类型：
符合条件1，单位时间新增买入 714万
$$$$$$$$$$$$$$$$$$$$$$$$$$$$$$$$$$$$$$$$$$$$$$$$$$$$$$$$$$$
600888 新疆众和 涨幅3.41,市值45亿 
板块：镁砂涨价,防火材料
主买：6657万
主卖：-2467万
净买入：4190万
类型：游资
符合条件1，单位时间新增买入 947万
$$$$$$$$$$$$$$$$$$$$$$$$$$$$$$$$$$$$$$$$$$$$$$$$$$$$$$$$$$$
603359 东珠景观 涨幅-7.68,市值29亿 
板块：次新股
主买：4433万
主卖：-4982万
净买入：-549万
类型：
符合条件1，单位时间新增买入 955万
--------------------------------------------------------------------------------------------
时间： 
