--------------------------------------------------------------------------------------------
时间： 
--------------------------------------------------------------------------------------------
时间： 
--------------------------------------------------------------------------------------------
时间： 
--------------------------------------------------------------------------------------------
时间： 
--------------------------------------------------------------------------------------------
时间： 
$$$$$$$$$$$$$$$$$$$$$$$$$$$$$$$$$$$$$$$$$$$$$$$$$$$$$$$$$$$
300334 津膜科技 涨幅2.26,市值30亿 
板块：雄安环保
主买：1419万
主卖：-105万
净买入：1314万
类型：游资
符合条件1，单位时间新增买入 1314万
--------------------------------------------------------------------------------------------
时间： 
$$$$$$$$$$$$$$$$$$$$$$$$$$$$$$$$$$$$$$$$$$$$$$$$$$$$$$$$$$$
300334 津膜科技 涨幅3.25,市值30亿 
板块：雄安环保
主买：2684万
主卖：-105万
净买入：2579万
类型：游资
符合条件1，单位时间新增买入 1265万
--------------------------------------------------------------------------------------------
时间： 
$$$$$$$$$$$$$$$$$$$$$$$$$$$$$$$$$$$$$$$$$$$$$$$$$$$$$$$$$$$
000762 西藏矿业 涨幅1.91,市值92亿 
板块：盐湖提锂,西藏板块,锂电池
主买：1406万
主卖：-620万
净买入：786万
类型：游资
符合条件1，单位时间新增买入 786万
$$$$$$$$$$$$$$$$$$$$$$$$$$$$$$$$$$$$$$$$$$$$$$$$$$$$$$$$$$$
603527 众源新材 涨幅10.01,市值14亿 
板块：开板次新
主买：3200万
主卖：-7033万
净买入：-3833万
类型：
符合条件1，单位时间新增买入 2058万
--------------------------------------------------------------------------------------------
时间： 
--------------------------------------------------------------------------------------------
时间： 
$$$$$$$$$$$$$$$$$$$$$$$$$$$$$$$$$$$$$$$$$$$$$$$$$$$$$$$$$$$
300334 津膜科技 涨幅5.23,市值31亿 
板块：雄安环保
主买：4297万
主卖：-375万
净买入：3922万
类型：游资
符合条件1，单位时间新增买入 1243万
$$$$$$$$$$$$$$$$$$$$$$$$$$$$$$$$$$$$$$$$$$$$$$$$$$$$$$$$$$$
603527 众源新材 涨幅10.01,市值14亿 
板块：开板次新
主买：4427万
主卖：-8901万
净买入：-4474万
类型：
符合条件1，单位时间新增买入 1116万
--------------------------------------------------------------------------------------------
时间： 
--------------------------------------------------------------------------------------------
时间： 
$$$$$$$$$$$$$$$$$$$$$$$$$$$$$$$$$$$$$$$$$$$$$$$$$$$$$$$$$$$
603527 众源新材 涨幅10.01,市值14亿 
板块：开板次新
主买：5096万
主卖：-8260万
净买入：-3163万
类型：
符合条件1，单位时间新增买入 831万
--------------------------------------------------------------------------------------------
时间： 
--------------------------------------------------------------------------------------------
时间： 
$$$$$$$$$$$$$$$$$$$$$$$$$$$$$$$$$$$$$$$$$$$$$$$$$$$$$$$$$$$
603725 天安新材 涨幅9.96,市值13亿 
板块：开板次新
主买：4494万
主卖：-9658万
净买入：-5164万
类型：
符合条件1，单位时间新增买入 3551万
--------------------------------------------------------------------------------------------
时间： 
$$$$$$$$$$$$$$$$$$$$$$$$$$$$$$$$$$$$$$$$$$$$$$$$$$$$$$$$$$$
000762 西藏矿业 涨幅3.99,市值94亿 
板块：盐湖提锂,西藏板块,锂电池
主买：5009万
主卖：-2617万
净买入：2392万
类型：游资
符合条件1，单位时间新增买入 1459万
--------------------------------------------------------------------------------------------
时间： 
$$$$$$$$$$$$$$$$$$$$$$$$$$$$$$$$$$$$$$$$$$$$$$$$$$$$$$$$$$$
002733 雄韬股份 涨幅-4.05,市值28亿 
板块：锂电池,新能源汽车
主买：2810万
主卖：-1363万
净买入：1447万
类型：
符合条件1，单位时间新增买入 1447万
--------------------------------------------------------------------------------------------
时间： 
$$$$$$$$$$$$$$$$$$$$$$$$$$$$$$$$$$$$$$$$$$$$$$$$$$$$$$$$$$$
000762 西藏矿业 涨幅6.16,市值96亿 
板块：盐湖提锂,西藏板块,锂电池
主买：5557万
主卖：-2912万
净买入：2645万
类型：游资
符合条件1，单位时间新增买入 778万
--------------------------------------------------------------------------------------------
时间： 
$$$$$$$$$$$$$$$$$$$$$$$$$$$$$$$$$$$$$$$$$$$$$$$$$$$$$$$$$$$
603559 中通国脉 涨幅10.02,市值8亿 
板块：5G
主买：2084万
主卖：-3947万
净买入：-1863万
类型：
符合条件1，单位时间新增买入 1340万
$$$$$$$$$$$$$$$$$$$$$$$$$$$$$$$$$$$$$$$$$$$$$$$$$$$$$$$$$$$
603725 天安新材 涨幅9.51,市值13亿 
板块：开板次新
主买：6963万
主卖：-10113万
净买入：-3149万
类型：
符合条件1，单位时间新增买入 1625万
--------------------------------------------------------------------------------------------
时间： 
--------------------------------------------------------------------------------------------
时间： 
$$$$$$$$$$$$$$$$$$$$$$$$$$$$$$$$$$$$$$$$$$$$$$$$$$$$$$$$$$$
000537 广宇发展 涨幅1.40,市值47亿 
板块：房地产
主买：2537万
主卖：-1491万
净买入：1046万
类型：
符合条件1，单位时间新增买入 1046万
$$$$$$$$$$$$$$$$$$$$$$$$$$$$$$$$$$$$$$$$$$$$$$$$$$$$$$$$$$$
603725 天安新材 涨幅9.96,市值13亿 
板块：开板次新
主买：7811万
主卖：-10113万
净买入：-2302万
类型：
符合条件1，单位时间新增买入 813万
--------------------------------------------------------------------------------------------
时间： 
--------------------------------------------------------------------------------------------
时间： 
$$$$$$$$$$$$$$$$$$$$$$$$$$$$$$$$$$$$$$$$$$$$$$$$$$$$$$$$$$$
601116 三江购物 涨幅2.89,市值54亿 
板块：零售
主买：2361万
主卖：-696万
净买入：1665万
类型：游资
符合条件1，单位时间新增买入 1665万
--------------------------------------------------------------------------------------------
时间： 
$$$$$$$$$$$$$$$$$$$$$$$$$$$$$$$$$$$$$$$$$$$$$$$$$$$$$$$$$$$
300474 景嘉微 涨幅5.32,市值34亿 
板块：次新股
主买：1256万
主卖：-10万
净买入：1246万
类型：
符合条件1，单位时间新增买入 1246万
--------------------------------------------------------------------------------------------
时间： 
$$$$$$$$$$$$$$$$$$$$$$$$$$$$$$$$$$$$$$$$$$$$$$$$$$$$$$$$$$$
600266 北京城建 涨幅4.21,市值148亿 
板块：
主买：4990万
主卖：-3775万
净买入：1215万
类型：
符合条件1，单位时间新增买入 1215万
$$$$$$$$$$$$$$$$$$$$$$$$$$$$$$$$$$$$$$$$$$$$$$$$$$$$$$$$$$$
002049 紫光国芯 涨幅9.40,市值120亿 
板块：芯片
主买：3255万
主卖：-1599万
净买入：1656万
类型：
符合条件1，单位时间新增买入 977万
--------------------------------------------------------------------------------------------
时间： 
$$$$$$$$$$$$$$$$$$$$$$$$$$$$$$$$$$$$$$$$$$$$$$$$$$$$$$$$$$$
000792 盐湖股份 涨幅5.00,市值223亿 
板块：锂电池,盐湖提锂
主买：17433万
主卖：-27739万
净买入：-10306万
类型：
符合条件1，单位时间新增买入 704万
--------------------------------------------------------------------------------------------
时间： 
--------------------------------------------------------------------------------------------
时间： 
$$$$$$$$$$$$$$$$$$$$$$$$$$$$$$$$$$$$$$$$$$$$$$$$$$$$$$$$$$$
002176 江特电机 涨幅0.06,市值194亿 
板块：锂电池,电气设备,新能源汽车
主买：6678万
主卖：-5021万
净买入：1658万
类型：
符合条件1，单位时间新增买入 1658万
--------------------------------------------------------------------------------------------
时间： 
$$$$$$$$$$$$$$$$$$$$$$$$$$$$$$$$$$$$$$$$$$$$$$$$$$$$$$$$$$$
600460 士兰微 涨幅5.01,市值63亿 
板块：芯片,OLED
主买：2918万
主卖：-951万
净买入：1967万
类型：
符合条件1，单位时间新增买入 1967万
--------------------------------------------------------------------------------------------
时间： 
$$$$$$$$$$$$$$$$$$$$$$$$$$$$$$$$$$$$$$$$$$$$$$$$$$$$$$$$$$$
300613 富瀚微 涨幅4.51,市值23亿 
板块：芯片
主买：3189万
主卖：-462万
净买入：2726万
类型：游资
符合条件1，单位时间新增买入 2726万
$$$$$$$$$$$$$$$$$$$$$$$$$$$$$$$$$$$$$$$$$$$$$$$$$$$$$$$$$$$
300666 江丰电子 涨幅6.71,市值20亿 
板块：次新股,OLED
主买：1768万
主卖：-15万
净买入：1753万
类型：游资
符合条件1，单位时间新增买入 1753万
--------------------------------------------------------------------------------------------
时间： 
$$$$$$$$$$$$$$$$$$$$$$$$$$$$$$$$$$$$$$$$$$$$$$$$$$$$$$$$$$$
300334 津膜科技 涨幅6.60,市值31亿 
板块：雄安环保
主买：7451万
主卖：-1206万
净买入：6245万
类型：游资
符合条件1，单位时间新增买入 1236万
$$$$$$$$$$$$$$$$$$$$$$$$$$$$$$$$$$$$$$$$$$$$$$$$$$$$$$$$$$$
000792 盐湖股份 涨幅6.88,市值227亿 
板块：锂电池,盐湖提锂
主买：24014万
主卖：-34631万
净买入：-10617万
类型：
符合条件1，单位时间新增买入 1201万
--------------------------------------------------------------------------------------------
时间： 
--------------------------------------------------------------------------------------------
时间： 
$$$$$$$$$$$$$$$$$$$$$$$$$$$$$$$$$$$$$$$$$$$$$$$$$$$$$$$$$$$
300327 中颖电子 涨幅5.69,市值44亿 
板块：
主买：2093万
主卖：-110万
净买入：1983万
类型：
符合条件1，单位时间新增买入 1983万
$$$$$$$$$$$$$$$$$$$$$$$$$$$$$$$$$$$$$$$$$$$$$$$$$$$$$$$$$$$
002340 格林美 涨幅1.80,市值224亿 
板块：钴,锂电池
主买：4812万
主卖：-10978万
净买入：-6166万
类型：游资
符合条件1，单位时间新增买入 1690万
--------------------------------------------------------------------------------------------
时间： 
$$$$$$$$$$$$$$$$$$$$$$$$$$$$$$$$$$$$$$$$$$$$$$$$$$$$$$$$$$$
300334 津膜科技 涨幅7.49,市值32亿 
板块：雄安环保
主买：8496万
主卖：-1206万
净买入：7290万
类型：游资
符合条件1，单位时间新增买入 827万
$$$$$$$$$$$$$$$$$$$$$$$$$$$$$$$$$$$$$$$$$$$$$$$$$$$$$$$$$$$
002797 第一创业 涨幅3.51,市值221亿 
板块：证券
主买：7356万
主卖：-28684万
净买入：-21328万
类型：游资
符合条件1，单位时间新增买入 2746万
--------------------------------------------------------------------------------------------
时间： 
--------------------------------------------------------------------------------------------
时间： 
--------------------------------------------------------------------------------------------
时间： 
$$$$$$$$$$$$$$$$$$$$$$$$$$$$$$$$$$$$$$$$$$$$$$$$$$$$$$$$$$$
002340 格林美 涨幅2.28,市值225亿 
板块：钴,锂电池
主买：5763万
主卖：-11106万
净买入：-5343万
类型：游资
符合条件1，单位时间新增买入 745万
--------------------------------------------------------------------------------------------
时间： 
$$$$$$$$$$$$$$$$$$$$$$$$$$$$$$$$$$$$$$$$$$$$$$$$$$$$$$$$$$$
002797 第一创业 涨幅4.87,市值224亿 
板块：证券
主买：8451万
主卖：-34257万
净买入：-25806万
类型：游资
符合条件1，单位时间新增买入 1153万
--------------------------------------------------------------------------------------------
时间： 
--------------------------------------------------------------------------------------------
时间： 
--------------------------------------------------------------------------------------------
时间： 
--------------------------------------------------------------------------------------------
时间： 
$$$$$$$$$$$$$$$$$$$$$$$$$$$$$$$$$$$$$$$$$$$$$$$$$$$$$$$$$$$
002340 格林美 涨幅3.72,市值228亿 
板块：钴,锂电池
主买：10319万
主卖：-11543万
净买入：-1224万
类型：游资
符合条件1，单位时间新增买入 4661万
--------------------------------------------------------------------------------------------
时间： 
--------------------------------------------------------------------------------------------
时间： 
$$$$$$$$$$$$$$$$$$$$$$$$$$$$$$$$$$$$$$$$$$$$$$$$$$$$$$$$$$$
002340 格林美 涨幅4.44,市值230亿 
板块：钴,锂电池
主买：10396万
主卖：-11653万
净买入：-1257万
类型：游资
符合条件1，单位时间新增买入 769万
$$$$$$$$$$$$$$$$$$$$$$$$$$$$$$$$$$$$$$$$$$$$$$$$$$$$$$$$$$$
300678 中科信息 涨幅10.00,市值22亿 
板块：次新股
主买：4323万
主卖：-11298万
净买入：-6975万
类型：游资
符合条件1，单位时间新增买入 1563万
--------------------------------------------------------------------------------------------
时间： 
$$$$$$$$$$$$$$$$$$$$$$$$$$$$$$$$$$$$$$$$$$$$$$$$$$$$$$$$$$$
603799 华友钴业 涨幅2.37,市值246亿 
板块：钴
主买：12060万
主卖：-3601万
净买入：8460万
类型：
符合条件1，单位时间新增买入 8460万
$$$$$$$$$$$$$$$$$$$$$$$$$$$$$$$$$$$$$$$$$$$$$$$$$$$$$$$$$$$
603993 洛阳钼业 涨幅2.80,市值405亿 
板块：鉬
主买：11539万
主卖：-5017万
净买入：6522万
类型：游资
符合条件1，单位时间新增买入 6522万
--------------------------------------------------------------------------------------------
时间： 
$$$$$$$$$$$$$$$$$$$$$$$$$$$$$$$$$$$$$$$$$$$$$$$$$$$$$$$$$$$
300008 天海防务 涨幅3.54,市值42亿 
板块：军工
主买：2845万
主卖：-375万
净买入：2470万
类型：
符合条件1，单位时间新增买入 2470万
--------------------------------------------------------------------------------------------
时间： 
$$$$$$$$$$$$$$$$$$$$$$$$$$$$$$$$$$$$$$$$$$$$$$$$$$$$$$$$$$$
600460 士兰微 涨幅8.19,市值65亿 
板块：芯片,OLED
主买：4532万
主卖：-2139万
净买入：2394万
类型：
符合条件1，单位时间新增买入 1102万
--------------------------------------------------------------------------------------------
时间： 
--------------------------------------------------------------------------------------------
时间： 
--------------------------------------------------------------------------------------------
时间： 
$$$$$$$$$$$$$$$$$$$$$$$$$$$$$$$$$$$$$$$$$$$$$$$$$$$$$$$$$$$
002842 翔鹭钨业 涨幅4.70,市值14亿 
板块：钨,次新股
主买：1992万
主卖：-63万
净买入：1929万
类型：游资
符合条件1，单位时间新增买入 1929万
$$$$$$$$$$$$$$$$$$$$$$$$$$$$$$$$$$$$$$$$$$$$$$$$$$$$$$$$$$$
002079 苏州固锝 涨幅6.40,市值37亿 
板块：
主买：2049万
主卖：-1137万
净买入：912万
类型：
符合条件1，单位时间新增买入 912万
--------------------------------------------------------------------------------------------
时间： 
$$$$$$$$$$$$$$$$$$$$$$$$$$$$$$$$$$$$$$$$$$$$$$$$$$$$$$$$$$$
002185 华天科技 涨幅8.13,市值121亿 
板块：
主买：11648万
主卖：-4034万
净买入：7614万
类型：
符合条件1，单位时间新增买入 7614万
$$$$$$$$$$$$$$$$$$$$$$$$$$$$$$$$$$$$$$$$$$$$$$$$$$$$$$$$$$$
000807 云铝股份 涨幅2.38,市值145亿 
板块：有色金属,沪铝
主买：5944万
主卖：-4108万
净买入：1837万
类型：游资
符合条件1，单位时间新增买入 1837万
$$$$$$$$$$$$$$$$$$$$$$$$$$$$$$$$$$$$$$$$$$$$$$$$$$$$$$$$$$$
002049 紫光国芯 涨幅8.47,市值119亿 
板块：芯片
主买：6764万
主卖：-1924万
净买入：4840万
类型：
符合条件1，单位时间新增买入 1157万
$$$$$$$$$$$$$$$$$$$$$$$$$$$$$$$$$$$$$$$$$$$$$$$$$$$$$$$$$$$
300053 欧比特 涨幅4.98,市值72亿 
板块：芯片,人脸识别
主买：5475万
主卖：-902万
净买入：4573万
类型：
符合条件1，单位时间新增买入 4573万
$$$$$$$$$$$$$$$$$$$$$$$$$$$$$$$$$$$$$$$$$$$$$$$$$$$$$$$$$$$
000792 盐湖股份 涨幅7.94,市值230亿 
板块：锂电池,盐湖提锂
主买：38824万
主卖：-50232万
净买入：-11408万
类型：
符合条件1，单位时间新增买入 778万
--------------------------------------------------------------------------------------------
时间： 
$$$$$$$$$$$$$$$$$$$$$$$$$$$$$$$$$$$$$$$$$$$$$$$$$$$$$$$$$$$
300053 欧比特 涨幅5.36,市值73亿 
板块：芯片,人脸识别
主买：6596万
主卖：-902万
净买入：5694万
类型：
符合条件1，单位时间新增买入 1121万
--------------------------------------------------------------------------------------------
时间： 
$$$$$$$$$$$$$$$$$$$$$$$$$$$$$$$$$$$$$$$$$$$$$$$$$$$$$$$$$$$
002149 西部材料 涨幅9.80,市值31亿 
板块：钛
主买：3755万
主卖：-438万
净买入：3317万
类型：
符合条件1，单位时间新增买入 3317万
$$$$$$$$$$$$$$$$$$$$$$$$$$$$$$$$$$$$$$$$$$$$$$$$$$$$$$$$$$$
000792 盐湖股份 涨幅8.71,市值231亿 
板块：锂电池,盐湖提锂
主买：42123万
主卖：-50684万
净买入：-8561万
类型：
符合条件1，单位时间新增买入 2189万
--------------------------------------------------------------------------------------------
时间： 
$$$$$$$$$$$$$$$$$$$$$$$$$$$$$$$$$$$$$$$$$$$$$$$$$$$$$$$$$$$
002149 西部材料 涨幅10.02,市值31亿 
板块：钛
主买：6556万
主卖：-818万
净买入：5738万
类型：
符合条件1，单位时间新增买入 2421万
$$$$$$$$$$$$$$$$$$$$$$$$$$$$$$$$$$$$$$$$$$$$$$$$$$$$$$$$$$$
000792 盐湖股份 涨幅8.12,市值230亿 
板块：锂电池,盐湖提锂
主买：44752万
主卖：-52322万
净买入：-7569万
类型：
符合条件1，单位时间新增买入 991万
--------------------------------------------------------------------------------------------
时间： 
$$$$$$$$$$$$$$$$$$$$$$$$$$$$$$$$$$$$$$$$$$$$$$$$$$$$$$$$$$$
002149 西部材料 涨幅10.02,市值31亿 
板块：钛
主买：7818万
主卖：-1340万
净买入：6477万
类型：
符合条件1，单位时间新增买入 739万
$$$$$$$$$$$$$$$$$$$$$$$$$$$$$$$$$$$$$$$$$$$$$$$$$$$$$$$$$$$
600456 宝钛股份 涨幅6.05,市值48亿 
板块：钛
主买：2103万
主卖：-1197万
净买入：906万
类型：
符合条件1，单位时间新增买入 906万
--------------------------------------------------------------------------------------------
时间： 
--------------------------------------------------------------------------------------------
时间： 
--------------------------------------------------------------------------------------------
时间： 
--------------------------------------------------------------------------------------------
时间： 
$$$$$$$$$$$$$$$$$$$$$$$$$$$$$$$$$$$$$$$$$$$$$$$$$$$$$$$$$$$
002049 紫光国芯 涨幅10.01,市值121亿 
板块：芯片
主买：13039万
主卖：-5242万
净买入：7797万
类型：
符合条件1，单位时间新增买入 2092万
$$$$$$$$$$$$$$$$$$$$$$$$$$$$$$$$$$$$$$$$$$$$$$$$$$$$$$$$$$$
000792 盐湖股份 涨幅9.12,市值232亿 
板块：锂电池,盐湖提锂
主买：67340万
主卖：-63486万
净买入：3855万
类型：
符合条件1，单位时间新增买入 12023万
--------------------------------------------------------------------------------------------
时间： 
$$$$$$$$$$$$$$$$$$$$$$$$$$$$$$$$$$$$$$$$$$$$$$$$$$$$$$$$$$$
002049 紫光国芯 涨幅9.75,市值120亿 
板块：芯片
主买：19792万
主卖：-5725万
净买入：14067万
类型：
符合条件1，单位时间新增买入 6270万
$$$$$$$$$$$$$$$$$$$$$$$$$$$$$$$$$$$$$$$$$$$$$$$$$$$$$$$$$$$
603993 洛阳钼业 涨幅3.18,市值406亿 
板块：鉬
主买：15888万
主卖：-5292万
净买入：10596万
类型：游资
符合条件1，单位时间新增买入 1405万
$$$$$$$$$$$$$$$$$$$$$$$$$$$$$$$$$$$$$$$$$$$$$$$$$$$$$$$$$$$
000792 盐湖股份 涨幅10.00,市值234亿 
板块：锂电池,盐湖提锂
主买：72816万
主卖：-65005万
净买入：7811万
类型：
符合条件1，单位时间新增买入 3956万
$$$$$$$$$$$$$$$$$$$$$$$$$$$$$$$$$$$$$$$$$$$$$$$$$$$$$$$$$$$
600773 西藏城投 涨幅2.64,市值72亿 
板块：锂电池,西藏板块,新能源汽车
主买：6907万
主卖：-16360万
净买入：-9453万
类型：游资
符合条件1，单位时间新增买入 723万
--------------------------------------------------------------------------------------------
时间： 
$$$$$$$$$$$$$$$$$$$$$$$$$$$$$$$$$$$$$$$$$$$$$$$$$$$$$$$$$$$
603993 洛阳钼业 涨幅3.44,市值407亿 
板块：鉬
主买：18384万
主卖：-5421万
净买入：12963万
类型：游资
符合条件1，单位时间新增买入 2367万
$$$$$$$$$$$$$$$$$$$$$$$$$$$$$$$$$$$$$$$$$$$$$$$$$$$$$$$$$$$
000792 盐湖股份 涨幅10.00,市值234亿 
板块：锂电池,盐湖提锂
主买：74231万
主卖：-65135万
净买入：9096万
类型：
符合条件1，单位时间新增买入 1285万
--------------------------------------------------------------------------------------------
时间： 
$$$$$$$$$$$$$$$$$$$$$$$$$$$$$$$$$$$$$$$$$$$$$$$$$$$$$$$$$$$
300077 国民技术 涨幅5.98,市值85亿 
板块：半导体,5G
主买：8621万
主卖：-2418万
净买入：6203万
类型：
符合条件1，单位时间新增买入 6203万
--------------------------------------------------------------------------------------------
时间： 
--------------------------------------------------------------------------------------------
时间： 
$$$$$$$$$$$$$$$$$$$$$$$$$$$$$$$$$$$$$$$$$$$$$$$$$$$$$$$$$$$
002594 比亚迪 涨幅5.54,市值574亿 
板块：新能源汽车,锂电池,特斯拉,充电桩
主买：13288万
主卖：-13825万
净买入：-538万
类型：基金
符合条件1，单位时间新增买入 712万
--------------------------------------------------------------------------------------------
时间： 
$$$$$$$$$$$$$$$$$$$$$$$$$$$$$$$$$$$$$$$$$$$$$$$$$$$$$$$$$$$
002149 西部材料 涨幅9.42,市值31亿 
板块：钛
主买：18002万
主卖：-5849万
净买入：12153万
类型：
符合条件1，单位时间新增买入 2336万
$$$$$$$$$$$$$$$$$$$$$$$$$$$$$$$$$$$$$$$$$$$$$$$$$$$$$$$$$$$
002594 比亚迪 涨幅6.15,市值578亿 
板块：新能源汽车,锂电池,特斯拉,充电桩
主买：14203万
主卖：-13953万
净买入：250万
类型：基金
符合条件1，单位时间新增买入 788万
--------------------------------------------------------------------------------------------
时间： 
$$$$$$$$$$$$$$$$$$$$$$$$$$$$$$$$$$$$$$$$$$$$$$$$$$$$$$$$$$$
002378 章源钨业 涨幅1.05,市值39亿 
板块：钨
主买：3248万
主卖：-2523万
净买入：725万
类型：游资
符合条件1，单位时间新增买入 725万
--------------------------------------------------------------------------------------------
时间： 
--------------------------------------------------------------------------------------------
时间： 
--------------------------------------------------------------------------------------------
时间： 
--------------------------------------------------------------------------------------------
时间： 
$$$$$$$$$$$$$$$$$$$$$$$$$$$$$$$$$$$$$$$$$$$$$$$$$$$$$$$$$$$
601168 西部矿业 涨幅6.32,市值170亿 
板块：有色金属
主买：12307万
主卖：-4593万
净买入：7713万
类型：
符合条件1，单位时间新增买入 7713万
--------------------------------------------------------------------------------------------
时间： 
--------------------------------------------------------------------------------------------
时间： 
$$$$$$$$$$$$$$$$$$$$$$$$$$$$$$$$$$$$$$$$$$$$$$$$$$$$$$$$$$$
601168 西部矿业 涨幅6.00,市值169亿 
板块：有色金属
主买：13437万
主卖：-4757万
净买入：8681万
类型：
符合条件1，单位时间新增买入 810万
$$$$$$$$$$$$$$$$$$$$$$$$$$$$$$$$$$$$$$$$$$$$$$$$$$$$$$$$$$$
300053 欧比特 涨幅5.30,市值73亿 
板块：芯片,人脸识别
主买：8708万
主卖：-1172万
净买入：7535万
类型：
符合条件1，单位时间新增买入 1026万
--------------------------------------------------------------------------------------------
时间： 
$$$$$$$$$$$$$$$$$$$$$$$$$$$$$$$$$$$$$$$$$$$$$$$$$$$$$$$$$$$
300053 欧比特 涨幅6.60,市值73亿 
板块：芯片,人脸识别
主买：12329万
主卖：-2330万
净买入：9999万
类型：
符合条件1，单位时间新增买入 2464万
--------------------------------------------------------------------------------------------
时间： 
$$$$$$$$$$$$$$$$$$$$$$$$$$$$$$$$$$$$$$$$$$$$$$$$$$$$$$$$$$$
601168 西部矿业 涨幅5.89,市值169亿 
板块：有色金属
主买：14589万
主卖：-5007万
净买入：9583万
类型：
符合条件1，单位时间新增买入 902万
--------------------------------------------------------------------------------------------
时间： 
$$$$$$$$$$$$$$$$$$$$$$$$$$$$$$$$$$$$$$$$$$$$$$$$$$$$$$$$$$$
601168 西部矿业 涨幅8.14,市值173亿 
板块：有色金属
主买：17714万
主卖：-5116万
净买入：12598万
类型：
符合条件1，单位时间新增买入 3015万
--------------------------------------------------------------------------------------------
时间： 
$$$$$$$$$$$$$$$$$$$$$$$$$$$$$$$$$$$$$$$$$$$$$$$$$$$$$$$$$$$
002149 西部材料 涨幅10.02,市值31亿 
板块：钛
主买：20706万
主卖：-6768万
净买入：13938万
类型：
符合条件1，单位时间新增买入 2204万
$$$$$$$$$$$$$$$$$$$$$$$$$$$$$$$$$$$$$$$$$$$$$$$$$$$$$$$$$$$
601168 西部矿业 涨幅7.71,市值172亿 
板块：有色金属
主买：18663万
主卖：-5116万
净买入：13547万
类型：
符合条件1，单位时间新增买入 949万
--------------------------------------------------------------------------------------------
时间： 
$$$$$$$$$$$$$$$$$$$$$$$$$$$$$$$$$$$$$$$$$$$$$$$$$$$$$$$$$$$
601168 西部矿业 涨幅7.49,市值172亿 
板块：有色金属
主买：20176万
主卖：-5810万
净买入：14366万
类型：
符合条件1，单位时间新增买入 820万
--------------------------------------------------------------------------------------------
时间： 
--------------------------------------------------------------------------------------------
时间： 
--------------------------------------------------------------------------------------------
时间： 
$$$$$$$$$$$$$$$$$$$$$$$$$$$$$$$$$$$$$$$$$$$$$$$$$$$$$$$$$$$
600499 科达洁能 涨幅6.95,市值150亿 
板块：锂电池
主买：20449万
主卖：-28931万
净买入：-8481万
类型：
符合条件1，单位时间新增买入 1377万
--------------------------------------------------------------------------------------------
时间： 
$$$$$$$$$$$$$$$$$$$$$$$$$$$$$$$$$$$$$$$$$$$$$$$$$$$$$$$$$$$
002049 紫光国芯 涨幅10.01,市值121亿 
板块：芯片
主买：25997万
主卖：-6657万
净买入：19339万
类型：
符合条件1，单位时间新增买入 3405万
$$$$$$$$$$$$$$$$$$$$$$$$$$$$$$$$$$$$$$$$$$$$$$$$$$$$$$$$$$$
002340 格林美 涨幅3.48,市值228亿 
板块：钴,锂电池
主买：13079万
主卖：-16489万
净买入：-3409万
类型：游资
符合条件1，单位时间新增买入 714万
--------------------------------------------------------------------------------------------
时间： 
--------------------------------------------------------------------------------------------
时间： 
--------------------------------------------------------------------------------------------
时间： 
$$$$$$$$$$$$$$$$$$$$$$$$$$$$$$$$$$$$$$$$$$$$$$$$$$$$$$$$$$$
300053 欧比特 涨幅7.54,市值74亿 
板块：芯片,人脸识别
主买：15121万
主卖：-3276万
净买入：11845万
类型：
符合条件1，单位时间新增买入 1498万
--------------------------------------------------------------------------------------------
时间： 
$$$$$$$$$$$$$$$$$$$$$$$$$$$$$$$$$$$$$$$$$$$$$$$$$$$$$$$$$$$
000762 西藏矿业 涨幅5.90,市值96亿 
板块：盐湖提锂,西藏板块,锂电池
主买：19786万
主卖：-33580万
净买入：-13794万
类型：游资
符合条件1，单位时间新增买入 938万
--------------------------------------------------------------------------------------------
时间： 
--------------------------------------------------------------------------------------------
时间： 
$$$$$$$$$$$$$$$$$$$$$$$$$$$$$$$$$$$$$$$$$$$$$$$$$$$$$$$$$$$
600251 冠农股份 涨幅7.23,市值51亿 
板块：盐湖提锂
主买：7086万
主卖：-4050万
净买入：3037万
类型：
符合条件1，单位时间新增买入 908万
--------------------------------------------------------------------------------------------
时间： 
--------------------------------------------------------------------------------------------
时间： 
$$$$$$$$$$$$$$$$$$$$$$$$$$$$$$$$$$$$$$$$$$$$$$$$$$$$$$$$$$$
002340 格林美 涨幅4.68,市值230亿 
板块：钴,锂电池
主买：21724万
主卖：-18156万
净买入：3568万
类型：游资
符合条件1，单位时间新增买入 5456万
--------------------------------------------------------------------------------------------
时间： 
$$$$$$$$$$$$$$$$$$$$$$$$$$$$$$$$$$$$$$$$$$$$$$$$$$$$$$$$$$$
002149 西部材料 涨幅10.02,市值31亿 
板块：钛
主买：23936万
主卖：-7178万
净买入：16758万
类型：
符合条件1，单位时间新增买入 2098万
$$$$$$$$$$$$$$$$$$$$$$$$$$$$$$$$$$$$$$$$$$$$$$$$$$$$$$$$$$$
603993 洛阳钼业 涨幅3.82,市值409亿 
板块：鉬
主买：22391万
主卖：-7326万
净买入：15065万
类型：游资
符合条件1，单位时间新增买入 2640万
--------------------------------------------------------------------------------------------
时间： 
$$$$$$$$$$$$$$$$$$$$$$$$$$$$$$$$$$$$$$$$$$$$$$$$$$$$$$$$$$$
002842 翔鹭钨业 涨幅10.00,市值15亿 
板块：钨,次新股
主买：9265万
主卖：-1176万
净买入：8089万
类型：游资
符合条件1，单位时间新增买入 3493万
--------------------------------------------------------------------------------------------
时间： 
$$$$$$$$$$$$$$$$$$$$$$$$$$$$$$$$$$$$$$$$$$$$$$$$$$$$$$$$$$$
600139 西部资源 涨幅5.36,市值40亿 
板块：锂电池
主买：4302万
主卖：-1732万
净买入：2570万
类型：游资
符合条件1，单位时间新增买入 2570万
$$$$$$$$$$$$$$$$$$$$$$$$$$$$$$$$$$$$$$$$$$$$$$$$$$$$$$$$$$$
603993 洛阳钼业 涨幅4.20,市值410亿 
板块：鉬
主买：23528万
主卖：-7612万
净买入：15916万
类型：游资
符合条件1，单位时间新增买入 727万
$$$$$$$$$$$$$$$$$$$$$$$$$$$$$$$$$$$$$$$$$$$$$$$$$$$$$$$$$$$
002842 翔鹭钨业 涨幅10.00,市值15亿 
板块：钨,次新股
主买：9991万
主卖：-1176万
净买入：8815万
类型：游资
符合条件1，单位时间新增买入 726万
--------------------------------------------------------------------------------------------
时间： 
$$$$$$$$$$$$$$$$$$$$$$$$$$$$$$$$$$$$$$$$$$$$$$$$$$$$$$$$$$$
600549 厦门钨业 涨幅2.91,市值149亿 
板块：钨
主买：7891万
主卖：-3690万
净买入：4202万
类型：游资
符合条件1，单位时间新增买入 4202万
$$$$$$$$$$$$$$$$$$$$$$$$$$$$$$$$$$$$$$$$$$$$$$$$$$$$$$$$$$$
603993 洛阳钼业 涨幅4.20,市值410亿 
板块：鉬
主买：24669万
主卖：-7612万
净买入：17057万
类型：游资
符合条件1，单位时间新增买入 1141万
--------------------------------------------------------------------------------------------
时间： 
$$$$$$$$$$$$$$$$$$$$$$$$$$$$$$$$$$$$$$$$$$$$$$$$$$$$$$$$$$$
603799 华友钴业 涨幅2.02,市值245亿 
板块：钴
主买：16546万
主卖：-5559万
净买入：10987万
类型：
符合条件1，单位时间新增买入 962万
--------------------------------------------------------------------------------------------
时间： 
$$$$$$$$$$$$$$$$$$$$$$$$$$$$$$$$$$$$$$$$$$$$$$$$$$$$$$$$$$$
601168 西部矿业 涨幅8.99,市值174亿 
板块：有色金属
主买：25999万
主卖：-6840万
净买入：19160万
类型：
符合条件1，单位时间新增买入 2762万
$$$$$$$$$$$$$$$$$$$$$$$$$$$$$$$$$$$$$$$$$$$$$$$$$$$$$$$$$$$
002895 川恒股份 涨幅10.00,市值13亿 
板块：开板次新
主买：8330万
主卖：-2814万
净买入：5516万
类型：
符合条件1，单位时间新增买入 3760万
--------------------------------------------------------------------------------------------
时间： 
$$$$$$$$$$$$$$$$$$$$$$$$$$$$$$$$$$$$$$$$$$$$$$$$$$$$$$$$$$$
601168 西部矿业 涨幅8.78,市值174亿 
板块：有色金属
主买：26968万
主卖：-6946万
净买入：20022万
类型：
符合条件1，单位时间新增买入 863万
$$$$$$$$$$$$$$$$$$$$$$$$$$$$$$$$$$$$$$$$$$$$$$$$$$$$$$$$$$$
002594 比亚迪 涨幅7.07,市值583亿 
板块：新能源汽车,锂电池,特斯拉,充电桩
主买：23543万
主卖：-18891万
净买入：4652万
类型：基金
符合条件1，单位时间新增买入 1839万
--------------------------------------------------------------------------------------------
时间： 
$$$$$$$$$$$$$$$$$$$$$$$$$$$$$$$$$$$$$$$$$$$$$$$$$$$$$$$$$$$
600111 北方稀土 涨幅1.65,市值337亿 
板块：稀土永磁
主买：10983万
主卖：-7291万
净买入：3692万
类型：游资
符合条件1，单位时间新增买入 3692万
--------------------------------------------------------------------------------------------
时间： 
$$$$$$$$$$$$$$$$$$$$$$$$$$$$$$$$$$$$$$$$$$$$$$$$$$$$$$$$$$$
603505 金石资源 涨幅3.68,市值17亿 
板块：次新股,萤石
主买：2695万
主卖：-1693万
净买入：1002万
类型：游资
符合条件1，单位时间新增买入 1002万
$$$$$$$$$$$$$$$$$$$$$$$$$$$$$$$$$$$$$$$$$$$$$$$$$$$$$$$$$$$
300666 江丰电子 涨幅7.61,市值20亿 
板块：次新股,OLED
主买：3744万
主卖：-557万
净买入：3187万
类型：游资
符合条件1，单位时间新增买入 716万
--------------------------------------------------------------------------------------------
时间： 
--------------------------------------------------------------------------------------------
时间： 
$$$$$$$$$$$$$$$$$$$$$$$$$$$$$$$$$$$$$$$$$$$$$$$$$$$$$$$$$$$
603993 洛阳钼业 涨幅4.71,市值412亿 
板块：鉬
主买：26340万
主卖：-7869万
净买入：18471万
类型：游资
符合条件1，单位时间新增买入 1125万
--------------------------------------------------------------------------------------------
时间： 
$$$$$$$$$$$$$$$$$$$$$$$$$$$$$$$$$$$$$$$$$$$$$$$$$$$$$$$$$$$
603993 洛阳钼业 涨幅4.71,市值412亿 
板块：鉬
主买：27474万
主卖：-8162万
净买入：19312万
类型：游资
符合条件1，单位时间新增买入 841万
$$$$$$$$$$$$$$$$$$$$$$$$$$$$$$$$$$$$$$$$$$$$$$$$$$$$$$$$$$$
603799 华友钴业 涨幅2.86,市值247亿 
板块：钴
主买：21396万
主卖：-5933万
净买入：15463万
类型：
符合条件1，单位时间新增买入 3425万
--------------------------------------------------------------------------------------------
时间： 
$$$$$$$$$$$$$$$$$$$$$$$$$$$$$$$$$$$$$$$$$$$$$$$$$$$$$$$$$$$
603799 华友钴业 涨幅3.00,市值248亿 
板块：钴
主买：22511万
主卖：-5933万
净买入：16579万
类型：
符合条件1，单位时间新增买入 1115万
--------------------------------------------------------------------------------------------
时间： 
--------------------------------------------------------------------------------------------
时间： 
$$$$$$$$$$$$$$$$$$$$$$$$$$$$$$$$$$$$$$$$$$$$$$$$$$$$$$$$$$$
002594 比亚迪 涨幅9.43,市值596亿 
板块：新能源汽车,锂电池,特斯拉,充电桩
主买：29318万
主卖：-20848万
净买入：8470万
类型：基金
符合条件1，单位时间新增买入 2353万
--------------------------------------------------------------------------------------------
时间： 
--------------------------------------------------------------------------------------------
时间： 
--------------------------------------------------------------------------------------------
时间： 
$$$$$$$$$$$$$$$$$$$$$$$$$$$$$$$$$$$$$$$$$$$$$$$$$$$$$$$$$$$
002797 第一创业 涨幅4.55,市值223亿 
板块：证券
主买：14962万
主卖：-55015万
净买入：-40052万
类型：游资
符合条件1，单位时间新增买入 1572万
--------------------------------------------------------------------------------------------
时间： 
$$$$$$$$$$$$$$$$$$$$$$$$$$$$$$$$$$$$$$$$$$$$$$$$$$$$$$$$$$$
000856 冀东装备 涨幅5.76,市值42亿 
板块：雄安基建
主买：2114万
主卖：-1208万
净买入：906万
类型：游资
符合条件1，单位时间新增买入 906万
$$$$$$$$$$$$$$$$$$$$$$$$$$$$$$$$$$$$$$$$$$$$$$$$$$$$$$$$$$$
002797 第一创业 涨幅3.75,市值222亿 
板块：证券
主买：16058万
主卖：-55015万
净买入：-38957万
类型：游资
符合条件1，单位时间新增买入 1096万
--------------------------------------------------------------------------------------------
时间： 
$$$$$$$$$$$$$$$$$$$$$$$$$$$$$$$$$$$$$$$$$$$$$$$$$$$$$$$$$$$
000856 冀东装备 涨幅8.24,市值43亿 
板块：雄安基建
主买：5875万
主卖：-2138万
净买入：3737万
类型：游资
符合条件1，单位时间新增买入 2831万
--------------------------------------------------------------------------------------------
时间： 
$$$$$$$$$$$$$$$$$$$$$$$$$$$$$$$$$$$$$$$$$$$$$$$$$$$$$$$$$$$
603799 华友钴业 涨幅3.63,市值249亿 
板块：钴
主买：25635万
主卖：-6414万
净买入：19221万
类型：
符合条件1，单位时间新增买入 852万
$$$$$$$$$$$$$$$$$$$$$$$$$$$$$$$$$$$$$$$$$$$$$$$$$$$$$$$$$$$
002594 比亚迪 涨幅9.17,市值594亿 
板块：新能源汽车,锂电池,特斯拉,充电桩
主买：34925万
主卖：-24541万
净买入：10384万
类型：基金
符合条件1，单位时间新增买入 975万
--------------------------------------------------------------------------------------------
时间： 
$$$$$$$$$$$$$$$$$$$$$$$$$$$$$$$$$$$$$$$$$$$$$$$$$$$$$$$$$$$
603799 华友钴业 涨幅3.26,市值248亿 
板块：钴
主买：26602万
主卖：-6414万
净买入：20187万
类型：
符合条件1，单位时间新增买入 967万
--------------------------------------------------------------------------------------------
时间： 
$$$$$$$$$$$$$$$$$$$$$$$$$$$$$$$$$$$$$$$$$$$$$$$$$$$$$$$$$$$
000856 冀东装备 涨幅9.56,市值43亿 
板块：雄安基建
主买：15494万
主卖：-3828万
净买入：11666万
类型：游资
符合条件1，单位时间新增买入 7598万
--------------------------------------------------------------------------------------------
时间： 
$$$$$$$$$$$$$$$$$$$$$$$$$$$$$$$$$$$$$$$$$$$$$$$$$$$$$$$$$$$
603799 华友钴业 涨幅3.99,市值250亿 
板块：钴
主买：28507万
主卖：-6712万
净买入：21795万
类型：
符合条件1，单位时间新增买入 940万
--------------------------------------------------------------------------------------------
时间： 
$$$$$$$$$$$$$$$$$$$$$$$$$$$$$$$$$$$$$$$$$$$$$$$$$$$$$$$$$$$
000856 冀东装备 涨幅9.99,市值43亿 
板块：雄安基建
主买：18196万
主卖：-4957万
净买入：13239万
类型：游资
符合条件1，单位时间新增买入 983万
$$$$$$$$$$$$$$$$$$$$$$$$$$$$$$$$$$$$$$$$$$$$$$$$$$$$$$$$$$$
002594 比亚迪 涨幅10.01,市值599亿 
板块：新能源汽车,锂电池,特斯拉,充电桩
主买：41041万
主卖：-29004万
净买入：12037万
类型：基金
符合条件1，单位时间新增买入 1269万
$$$$$$$$$$$$$$$$$$$$$$$$$$$$$$$$$$$$$$$$$$$$$$$$$$$$$$$$$$$
600266 北京城建 涨幅5.57,市值150亿 
板块：房地产
主买：13851万
主卖：-9372万
净买入：4478万
类型：
符合条件1，单位时间新增买入 1202万
--------------------------------------------------------------------------------------------
时间： 
$$$$$$$$$$$$$$$$$$$$$$$$$$$$$$$$$$$$$$$$$$$$$$$$$$$$$$$$$$$
002457 青龙管业 涨幅4.10,市值37亿 
板块：雄安新区
主买：2565万
主卖：-981万
净买入：1584万
类型：游资
符合条件1，单位时间新增买入 1584万
$$$$$$$$$$$$$$$$$$$$$$$$$$$$$$$$$$$$$$$$$$$$$$$$$$$$$$$$$$$
002594 比亚迪 涨幅10.01,市值599亿 
板块：新能源汽车,锂电池,特斯拉,充电桩
主买：58171万
主卖：-33090万
净买入：25081万
类型：基金
符合条件1，单位时间新增买入 13044万
$$$$$$$$$$$$$$$$$$$$$$$$$$$$$$$$$$$$$$$$$$$$$$$$$$$$$$$$$$$
000856 冀东装备 涨幅9.99,市值43亿 
板块：雄安基建
主买：23047万
主卖：-4957万
净买入：18090万
类型：游资
符合条件1，单位时间新增买入 4851万
$$$$$$$$$$$$$$$$$$$$$$$$$$$$$$$$$$$$$$$$$$$$$$$$$$$$$$$$$$$
600711 盛屯矿业 涨幅3.57,市值129亿 
板块：有色金属
主买：10114万
主卖：-18405万
净买入：-8291万
类型：
符合条件1，单位时间新增买入 922万
--------------------------------------------------------------------------------------------
时间： 
$$$$$$$$$$$$$$$$$$$$$$$$$$$$$$$$$$$$$$$$$$$$$$$$$$$$$$$$$$$
002594 比亚迪 涨幅10.01,市值599亿 
板块：新能源汽车,锂电池,特斯拉,充电桩
主买：61089万
主卖：-33995万
净买入：27094万
类型：基金
符合条件1，单位时间新增买入 2012万
$$$$$$$$$$$$$$$$$$$$$$$$$$$$$$$$$$$$$$$$$$$$$$$$$$$$$$$$$$$
000856 冀东装备 涨幅9.99,市值43亿 
板块：雄安基建
主买：24163万
主卖：-4957万
净买入：19206万
类型：游资
符合条件1，单位时间新增买入 1115万
$$$$$$$$$$$$$$$$$$$$$$$$$$$$$$$$$$$$$$$$$$$$$$$$$$$$$$$$$$$
600874 创业环保 涨幅3.00,市值97亿 
板块：雄安环保
主买：6332万
主卖：-3217万
净买入：3115万
类型：游资
符合条件1，单位时间新增买入 3115万
--------------------------------------------------------------------------------------------
时间： 
$$$$$$$$$$$$$$$$$$$$$$$$$$$$$$$$$$$$$$$$$$$$$$$$$$$$$$$$$$$
002594 比亚迪 涨幅10.01,市值599亿 
板块：新能源汽车,锂电池,特斯拉,充电桩
主买：63034万
主卖：-34877万
净买入：28157万
类型：基金
符合条件1，单位时间新增买入 1063万
$$$$$$$$$$$$$$$$$$$$$$$$$$$$$$$$$$$$$$$$$$$$$$$$$$$$$$$$$$$
000856 冀东装备 涨幅9.99,市值43亿 
板块：雄安基建
主买：24915万
主卖：-4957万
净买入：19958万
类型：游资
符合条件1，单位时间新增买入 752万
--------------------------------------------------------------------------------------------
时间： 
$$$$$$$$$$$$$$$$$$$$$$$$$$$$$$$$$$$$$$$$$$$$$$$$$$$$$$$$$$$
601168 西部矿业 涨幅9.96,市值176亿 
板块：有色金属
主买：31523万
主卖：-9611万
净买入：21913万
类型：
符合条件1，单位时间新增买入 964万
--------------------------------------------------------------------------------------------
时间： 
$$$$$$$$$$$$$$$$$$$$$$$$$$$$$$$$$$$$$$$$$$$$$$$$$$$$$$$$$$$
601168 西部矿业 涨幅9.96,市值176亿 
板块：有色金属
主买：49703万
主卖：-13405万
净买入：36297万
类型：
符合条件1，单位时间新增买入 14384万
--------------------------------------------------------------------------------------------
时间： 
$$$$$$$$$$$$$$$$$$$$$$$$$$$$$$$$$$$$$$$$$$$$$$$$$$$$$$$$$$$
601168 西部矿业 涨幅9.96,市值176亿 
板块：有色金属
主买：51449万
主卖：-14214万
净买入：37235万
类型：
符合条件1，单位时间新增买入 938万
$$$$$$$$$$$$$$$$$$$$$$$$$$$$$$$$$$$$$$$$$$$$$$$$$$$$$$$$$$$
600139 西部资源 涨幅6.39,市值41亿 
板块：锂电池
主买：6628万
主卖：-2460万
净买入：4168万
类型：游资
符合条件1，单位时间新增买入 870万
--------------------------------------------------------------------------------------------
时间： 
$$$$$$$$$$$$$$$$$$$$$$$$$$$$$$$$$$$$$$$$$$$$$$$$$$$$$$$$$$$
601168 西部矿业 涨幅9.96,市值176亿 
板块：有色金属
主买：53314万
主卖：-15297万
净买入：38017万
类型：
符合条件1，单位时间新增买入 782万
$$$$$$$$$$$$$$$$$$$$$$$$$$$$$$$$$$$$$$$$$$$$$$$$$$$$$$$$$$$
603993 洛阳钼业 涨幅4.83,市值413亿 
板块：鉬
主买：28908万
主卖：-10316万
净买入：18592万
类型：游资
符合条件1，单位时间新增买入 725万
$$$$$$$$$$$$$$$$$$$$$$$$$$$$$$$$$$$$$$$$$$$$$$$$$$$$$$$$$$$
002340 格林美 涨幅5.16,市值231亿 
板块：钴,锂电池
主买：30187万
主卖：-20475万
净买入：9712万
类型：游资
符合条件1，单位时间新增买入 2607万
--------------------------------------------------------------------------------------------
时间： 
$$$$$$$$$$$$$$$$$$$$$$$$$$$$$$$$$$$$$$$$$$$$$$$$$$$$$$$$$$$
601168 西部矿业 涨幅9.96,市值176亿 
板块：有色金属,盐湖提锂
主买：55642万
主卖：-16585万
净买入：39057万
类型：
符合条件1，单位时间新增买入 1040万
$$$$$$$$$$$$$$$$$$$$$$$$$$$$$$$$$$$$$$$$$$$$$$$$$$$$$$$$$$$
603993 洛阳钼业 涨幅4.71,市值412亿 
板块：鉬
主买：29765万
主卖：-10316万
净买入：19449万
类型：游资
符合条件1，单位时间新增买入 857万
$$$$$$$$$$$$$$$$$$$$$$$$$$$$$$$$$$$$$$$$$$$$$$$$$$$$$$$$$$$
300334 津膜科技 涨幅9.99,市值32亿 
板块：雄安环保
主买：15355万
主卖：-3289万
净买入：12067万
类型：游资
符合条件1，单位时间新增买入 1484万
$$$$$$$$$$$$$$$$$$$$$$$$$$$$$$$$$$$$$$$$$$$$$$$$$$$$$$$$$$$
000970 中科三环 涨幅3.08,市值164亿 
板块：永磁材料
主买：20909万
主卖：-21753万
净买入：-844万
类型：游资
符合条件1，单位时间新增买入 1181万
--------------------------------------------------------------------------------------------
时间： 
$$$$$$$$$$$$$$$$$$$$$$$$$$$$$$$$$$$$$$$$$$$$$$$$$$$$$$$$$$$
002594 比亚迪 涨幅10.01,市值599亿 
板块：新能源汽车,锂电池,特斯拉,充电桩
主买：71421万
主卖：-39100万
净买入：32322万
类型：基金
符合条件1，单位时间新增买入 2319万
$$$$$$$$$$$$$$$$$$$$$$$$$$$$$$$$$$$$$$$$$$$$$$$$$$$$$$$$$$$
000856 冀东装备 涨幅9.77,市值43亿 
板块：雄安基建
主买：30291万
主卖：-6009万
净买入：24282万
类型：游资
符合条件1，单位时间新增买入 1494万
$$$$$$$$$$$$$$$$$$$$$$$$$$$$$$$$$$$$$$$$$$$$$$$$$$$$$$$$$$$
603993 洛阳钼业 涨幅4.96,市值413亿 
板块：鉬
主买：31077万
主卖：-10420万
净买入：20657万
类型：游资
符合条件1，单位时间新增买入 1208万
$$$$$$$$$$$$$$$$$$$$$$$$$$$$$$$$$$$$$$$$$$$$$$$$$$$$$$$$$$$
300334 津膜科技 涨幅9.99,市值32亿 
板块：雄安环保,盐湖提锂
主买：20689万
主卖：-3405万
净买入：17283万
类型：游资
符合条件1，单位时间新增买入 5217万
$$$$$$$$$$$$$$$$$$$$$$$$$$$$$$$$$$$$$$$$$$$$$$$$$$$$$$$$$$$
002340 格林美 涨幅5.04,市值231亿 
板块：钴,锂电池
主买：32802万
主卖：-21627万
净买入：11175万
类型：游资
符合条件1，单位时间新增买入 1392万
--------------------------------------------------------------------------------------------
时间： 
$$$$$$$$$$$$$$$$$$$$$$$$$$$$$$$$$$$$$$$$$$$$$$$$$$$$$$$$$$$
601168 西部矿业 涨幅9.96,市值176亿 
板块：有色金属,盐湖提锂
主买：61955万
主卖：-17855万
净买入：44099万
类型：
符合条件1，单位时间新增买入 5014万
$$$$$$$$$$$$$$$$$$$$$$$$$$$$$$$$$$$$$$$$$$$$$$$$$$$$$$$$$$$
603799 华友钴业 涨幅4.88,市值252亿 
板块：钴
主买：32007万
主卖：-8004万
净买入：24003万
类型：
符合条件1，单位时间新增买入 942万
$$$$$$$$$$$$$$$$$$$$$$$$$$$$$$$$$$$$$$$$$$$$$$$$$$$$$$$$$$$
600531 豫光金铅 涨幅5.31,市值40亿 
板块：有色金属,黄金
主买：6645万
主卖：-243万
净买入：6402万
类型：游资
符合条件1，单位时间新增买入 6402万
$$$$$$$$$$$$$$$$$$$$$$$$$$$$$$$$$$$$$$$$$$$$$$$$$$$$$$$$$$$
600499 科达洁能 涨幅6.71,市值150亿 
板块：锂电池
主买：27685万
主卖：-36796万
净买入：-9112万
类型：
符合条件1，单位时间新增买入 749万
--------------------------------------------------------------------------------------------
时间： 
--------------------------------------------------------------------------------------------
时间： 
$$$$$$$$$$$$$$$$$$$$$$$$$$$$$$$$$$$$$$$$$$$$$$$$$$$$$$$$$$$
000970 中科三环 涨幅3.49,市值165亿 
板块：永磁材料
主买：22282万
主卖：-21970万
净买入：311万
类型：游资
符合条件1，单位时间新增买入 790万
--------------------------------------------------------------------------------------------
时间： 
$$$$$$$$$$$$$$$$$$$$$$$$$$$$$$$$$$$$$$$$$$$$$$$$$$$$$$$$$$$
600499 科达洁能 涨幅7.74,市值152亿 
板块：锂电池
主买：29307万
主卖：-37329万
净买入：-8022万
类型：
符合条件1，单位时间新增买入 788万
$$$$$$$$$$$$$$$$$$$$$$$$$$$$$$$$$$$$$$$$$$$$$$$$$$$$$$$$$$$
000762 西藏矿业 涨幅7.54,市值97亿 
板块：盐湖提锂,西藏板块,锂电池
主买：26832万
主卖：-37877万
净买入：-11045万
类型：游资
符合条件1，单位时间新增买入 1126万
--------------------------------------------------------------------------------------------
时间： 
$$$$$$$$$$$$$$$$$$$$$$$$$$$$$$$$$$$$$$$$$$$$$$$$$$$$$$$$$$$
002497 雅化集团 涨幅1.56,市值165亿 
板块：锂电池
主买：11407万
主卖：-19738万
净买入：-8330万
类型：游资
符合条件1，单位时间新增买入 810万
$$$$$$$$$$$$$$$$$$$$$$$$$$$$$$$$$$$$$$$$$$$$$$$$$$$$$$$$$$$
000762 西藏矿业 涨幅7.59,市值97亿 
板块：盐湖提锂,西藏板块,锂电池
主买：28273万
主卖：-38390万
净买入：-10117万
类型：游资
符合条件1，单位时间新增买入 928万
--------------------------------------------------------------------------------------------
时间： 
--------------------------------------------------------------------------------------------
时间： 
$$$$$$$$$$$$$$$$$$$$$$$$$$$$$$$$$$$$$$$$$$$$$$$$$$$$$$$$$$$
300077 国民技术 涨幅6.52,市值85亿 
板块：半导体,5G
主买：12723万
主卖：-3284万
净买入：9439万
类型：
符合条件1，单位时间新增买入 822万
$$$$$$$$$$$$$$$$$$$$$$$$$$$$$$$$$$$$$$$$$$$$$$$$$$$$$$$$$$$
000807 云铝股份 涨幅6.53,市值151亿 
板块：有色金属,沪铝
主买：16148万
主卖：-8430万
净买入：7718万
类型：游资
符合条件1，单位时间新增买入 959万
$$$$$$$$$$$$$$$$$$$$$$$$$$$$$$$$$$$$$$$$$$$$$$$$$$$$$$$$$$$
000762 西藏矿业 涨幅8.50,市值98亿 
板块：盐湖提锂,西藏板块,锂电池
主买：31222万
主卖：-40183万
净买入：-8961万
类型：游资
符合条件1，单位时间新增买入 1614万
--------------------------------------------------------------------------------------------
时间： 
$$$$$$$$$$$$$$$$$$$$$$$$$$$$$$$$$$$$$$$$$$$$$$$$$$$$$$$$$$$
000970 中科三环 涨幅3.59,市值165亿 
板块：永磁材料
主买：25542万
主卖：-22997万
净买入：2545万
类型：游资
符合条件1，单位时间新增买入 824万
$$$$$$$$$$$$$$$$$$$$$$$$$$$$$$$$$$$$$$$$$$$$$$$$$$$$$$$$$$$
002797 第一创业 涨幅5.11,市值225亿 
板块：证券
主买：20041万
主卖：-55783万
净买入：-35741万
类型：游资
符合条件1，单位时间新增买入 2118万
--------------------------------------------------------------------------------------------
时间： 
$$$$$$$$$$$$$$$$$$$$$$$$$$$$$$$$$$$$$$$$$$$$$$$$$$$$$$$$$$$
002699 美盛文化 涨幅0.77,市值22亿 
板块：
主买：1682万
主卖：-81万
净买入：1601万
类型：庄股
符合条件1，单位时间新增买入 1601万
$$$$$$$$$$$$$$$$$$$$$$$$$$$$$$$$$$$$$$$$$$$$$$$$$$$$$$$$$$$
600711 盛屯矿业 涨幅5.76,市值132亿 
板块：有色金属
主买：12695万
主卖：-19907万
净买入：-7212万
类型：
符合条件1，单位时间新增买入 1470万
--------------------------------------------------------------------------------------------
时间： 
$$$$$$$$$$$$$$$$$$$$$$$$$$$$$$$$$$$$$$$$$$$$$$$$$$$$$$$$$$$
600549 厦门钨业 涨幅3.94,市值150亿 
板块：钨
主买：15870万
主卖：-6847万
净买入：9023万
类型：游资
符合条件1，单位时间新增买入 1435万
--------------------------------------------------------------------------------------------
时间： 
--------------------------------------------------------------------------------------------
时间： 
$$$$$$$$$$$$$$$$$$$$$$$$$$$$$$$$$$$$$$$$$$$$$$$$$$$$$$$$$$$
002176 江特电机 涨幅1.12,市值196亿 
板块：锂电池,电气设备,新能源汽车
主买：25651万
主卖：-32973万
净买入：-7322万
类型：
符合条件1，单位时间新增买入 799万
--------------------------------------------------------------------------------------------
时间： 
$$$$$$$$$$$$$$$$$$$$$$$$$$$$$$$$$$$$$$$$$$$$$$$$$$$$$$$$$$$
600456 宝钛股份 涨幅10.01,市值50亿 
板块：钛
主买：9407万
主卖：-3903万
净买入：5503万
类型：
符合条件1，单位时间新增买入 2280万
$$$$$$$$$$$$$$$$$$$$$$$$$$$$$$$$$$$$$$$$$$$$$$$$$$$$$$$$$$$
600460 士兰微 涨幅9.66,市值66亿 
板块：芯片,OLED
主买：9131万
主卖：-3672万
净买入：5459万
类型：
符合条件1，单位时间新增买入 992万
$$$$$$$$$$$$$$$$$$$$$$$$$$$$$$$$$$$$$$$$$$$$$$$$$$$$$$$$$$$
603725 天安新材 涨幅9.99,市值13亿 
板块：开板次新
主买：10315万
主卖：-12381万
净买入：-2066万
类型：
符合条件1，单位时间新增买入 732万
$$$$$$$$$$$$$$$$$$$$$$$$$$$$$$$$$$$$$$$$$$$$$$$$$$$$$$$$$$$
002176 江特电机 涨幅1.12,市值196亿 
板块：锂电池,电气设备,新能源汽车
主买：26684万
主卖：-33257万
净买入：-6573万
类型：
符合条件1，单位时间新增买入 749万
--------------------------------------------------------------------------------------------
时间： 
--------------------------------------------------------------------------------------------
时间： 
$$$$$$$$$$$$$$$$$$$$$$$$$$$$$$$$$$$$$$$$$$$$$$$$$$$$$$$$$$$
002176 江特电机 涨幅1.70,市值197亿 
板块：锂电池,电气设备,新能源汽车
主买：28696万
主卖：-34377万
净买入：-5681万
类型：
符合条件1，单位时间新增买入 1280万
--------------------------------------------------------------------------------------------
时间： 
--------------------------------------------------------------------------------------------
时间： 
$$$$$$$$$$$$$$$$$$$$$$$$$$$$$$$$$$$$$$$$$$$$$$$$$$$$$$$$$$$
002340 格林美 涨幅6.12,市值233亿 
板块：钴,锂电池
主买：36853万
主卖：-22294万
净买入：14558万
类型：游资
符合条件1，单位时间新增买入 1723万
$$$$$$$$$$$$$$$$$$$$$$$$$$$$$$$$$$$$$$$$$$$$$$$$$$$$$$$$$$$
600460 士兰微 涨幅10.02,市值66亿 
板块：芯片,OLED
主买：17511万
主卖：-4140万
净买入：13372万
类型：
符合条件1，单位时间新增买入 6638万
--------------------------------------------------------------------------------------------
时间： 
--------------------------------------------------------------------------------------------
时间： 
--------------------------------------------------------------------------------------------
时间： 
$$$$$$$$$$$$$$$$$$$$$$$$$$$$$$$$$$$$$$$$$$$$$$$$$$$$$$$$$$$
600139 西部资源 涨幅7.31,市值41亿 
板块：锂电池
主买：8486万
主卖：-2993万
净买入：5493万
类型：游资
符合条件1，单位时间新增买入 783万
$$$$$$$$$$$$$$$$$$$$$$$$$$$$$$$$$$$$$$$$$$$$$$$$$$$$$$$$$$$
600499 科达洁能 涨幅9.79,市值154亿 
板块：锂电池
主买：45476万
主卖：-46996万
净买入：-1521万
类型：
符合条件1，单位时间新增买入 5829万
--------------------------------------------------------------------------------------------
时间： 
--------------------------------------------------------------------------------------------
时间： 
$$$$$$$$$$$$$$$$$$$$$$$$$$$$$$$$$$$$$$$$$$$$$$$$$$$$$$$$$$$
300053 欧比特 涨幅7.48,市值74亿 
板块：芯片,人脸识别
主买：17231万
主卖：-4644万
净买入：12587万
类型：
符合条件1，单位时间新增买入 1278万
$$$$$$$$$$$$$$$$$$$$$$$$$$$$$$$$$$$$$$$$$$$$$$$$$$$$$$$$$$$
002185 华天科技 涨幅9.92,市值123亿 
板块：芯片
主买：18614万
主卖：-11631万
净买入：6983万
类型：
符合条件1，单位时间新增买入 2745万
--------------------------------------------------------------------------------------------
时间： 
$$$$$$$$$$$$$$$$$$$$$$$$$$$$$$$$$$$$$$$$$$$$$$$$$$$$$$$$$$$
002185 华天科技 涨幅9.92,市值123亿 
板块：芯片
主买：26334万
主卖：-14501万
净买入：11833万
类型：
符合条件1，单位时间新增买入 4850万
$$$$$$$$$$$$$$$$$$$$$$$$$$$$$$$$$$$$$$$$$$$$$$$$$$$$$$$$$$$
300327 中颖电子 涨幅10.01,市值46亿 
板块：芯片,OLED
主买：7707万
主卖：-1597万
净买入：6110万
类型：
符合条件1，单位时间新增买入 773万
--------------------------------------------------------------------------------------------
时间： 
$$$$$$$$$$$$$$$$$$$$$$$$$$$$$$$$$$$$$$$$$$$$$$$$$$$$$$$$$$$
300327 中颖电子 涨幅10.01,市值46亿 
板块：芯片,OLED
主买：8958万
主卖：-1701万
净买入：7257万
类型：
符合条件1，单位时间新增买入 1147万
$$$$$$$$$$$$$$$$$$$$$$$$$$$$$$$$$$$$$$$$$$$$$$$$$$$$$$$$$$$
000762 西藏矿业 涨幅9.23,市值99亿 
板块：盐湖提锂,西藏板块,锂电池
主买：34182万
主卖：-42519万
净买入：-8337万
类型：游资
符合条件1，单位时间新增买入 1161万
--------------------------------------------------------------------------------------------
时间： 
$$$$$$$$$$$$$$$$$$$$$$$$$$$$$$$$$$$$$$$$$$$$$$$$$$$$$$$$$$$
002185 华天科技 涨幅10.06,市值123亿 
板块：芯片
主买：31025万
主卖：-17508万
净买入：13517万
类型：
符合条件1，单位时间新增买入 1762万
$$$$$$$$$$$$$$$$$$$$$$$$$$$$$$$$$$$$$$$$$$$$$$$$$$$$$$$$$$$
002176 江特电机 涨幅2.47,市值199亿 
板块：锂电池,电气设备,新能源汽车
主买：32071万
主卖：-36645万
净买入：-4575万
类型：
符合条件1，单位时间新增买入 707万
--------------------------------------------------------------------------------------------
时间： 
--------------------------------------------------------------------------------------------
时间： 
$$$$$$$$$$$$$$$$$$$$$$$$$$$$$$$$$$$$$$$$$$$$$$$$$$$$$$$$$$$
002185 华天科技 涨幅10.06,市值123亿 
板块：芯片
主买：33429万
主卖：-17998万
净买入：15432万
类型：
符合条件1，单位时间新增买入 1487万
--------------------------------------------------------------------------------------------
时间： 
$$$$$$$$$$$$$$$$$$$$$$$$$$$$$$$$$$$$$$$$$$$$$$$$$$$$$$$$$$$
002362 汉王科技 涨幅2.44,市值44亿 
板块：人脸识别
主买：5706万
主卖：-3541万
净买入：2165万
类型：基金
符合条件1，单位时间新增买入 2165万
$$$$$$$$$$$$$$$$$$$$$$$$$$$$$$$$$$$$$$$$$$$$$$$$$$$$$$$$$$$
002176 江特电机 涨幅2.94,市值200亿 
板块：锂电池,电气设备,新能源汽车
主买：34583万
主卖：-38109万
净买入：-3527万
类型：
符合条件1，单位时间新增买入 860万
--------------------------------------------------------------------------------------------
时间： 
$$$$$$$$$$$$$$$$$$$$$$$$$$$$$$$$$$$$$$$$$$$$$$$$$$$$$$$$$$$
002497 雅化集团 涨幅1.66,市值165亿 
板块：锂电池
主买：13783万
主卖：-21872万
净买入：-8089万
类型：游资
符合条件1，单位时间新增买入 736万
--------------------------------------------------------------------------------------------
时间： 
--------------------------------------------------------------------------------------------
时间： 
--------------------------------------------------------------------------------------------
时间： 
$$$$$$$$$$$$$$$$$$$$$$$$$$$$$$$$$$$$$$$$$$$$$$$$$$$$$$$$$$$
300666 江丰电子 涨幅10.01,市值21亿 
板块：次新股,OLED
主买：9544万
主卖：-1716万
净买入：7829万
类型：游资
符合条件1，单位时间新增买入 3570万
--------------------------------------------------------------------------------------------
时间： 
--------------------------------------------------------------------------------------------
时间： 
$$$$$$$$$$$$$$$$$$$$$$$$$$$$$$$$$$$$$$$$$$$$$$$$$$$$$$$$$$$
603277 银都股份 涨幅10.00,市值21亿 
板块：开板次新
主买：10271万
主卖：-2441万
净买入：7830万
类型：
符合条件1，单位时间新增买入 5344万
--------------------------------------------------------------------------------------------
时间： 
--------------------------------------------------------------------------------------------
时间： 
--------------------------------------------------------------------------------------------
时间： 
--------------------------------------------------------------------------------------------
时间： 
--------------------------------------------------------------------------------------------
时间： 
$$$$$$$$$$$$$$$$$$$$$$$$$$$$$$$$$$$$$$$$$$$$$$$$$$$$$$$$$$$
002024 苏宁云商 涨幅6.21,市值395亿 
板块：扭亏为盈,零售
主买：32725万
主卖：-11246万
净买入：21479万
类型：游资
符合条件1，单位时间新增买入 21479万
--------------------------------------------------------------------------------------------
时间： 
$$$$$$$$$$$$$$$$$$$$$$$$$$$$$$$$$$$$$$$$$$$$$$$$$$$$$$$$$$$
002024 苏宁云商 涨幅5.63,市值393亿 
板块：扭亏为盈,零售
主买：34654万
主卖：-12215万
净买入：22439万
类型：游资
符合条件1，单位时间新增买入 960万
--------------------------------------------------------------------------------------------
时间： 
--------------------------------------------------------------------------------------------
时间： 
--------------------------------------------------------------------------------------------
时间： 
--------------------------------------------------------------------------------------------
时间： 
--------------------------------------------------------------------------------------------
时间： 
$$$$$$$$$$$$$$$$$$$$$$$$$$$$$$$$$$$$$$$$$$$$$$$$$$$$$$$$$$$
000807 云铝股份 涨幅8.16,市值154亿 
板块：有色金属,沪铝
主买：23875万
主卖：-11444万
净买入：12430万
类型：游资
符合条件1，单位时间新增买入 4092万
--------------------------------------------------------------------------------------------
时间： 
--------------------------------------------------------------------------------------------
时间： 
$$$$$$$$$$$$$$$$$$$$$$$$$$$$$$$$$$$$$$$$$$$$$$$$$$$$$$$$$$$
600360 华微电子 涨幅7.98,市值52亿 
板块：
主买：6136万
主卖：-317万
净买入：5819万
类型：
符合条件1，单位时间新增买入 5819万
--------------------------------------------------------------------------------------------
时间： 
$$$$$$$$$$$$$$$$$$$$$$$$$$$$$$$$$$$$$$$$$$$$$$$$$$$$$$$$$$$
603826 坤彩科技 涨幅7.31,市值19亿 
板块：次新股,建筑材料
主买：3740万
主卖：-1666万
净买入：2074万
类型：游资
符合条件1，单位时间新增买入 2074万
$$$$$$$$$$$$$$$$$$$$$$$$$$$$$$$$$$$$$$$$$$$$$$$$$$$$$$$$$$$
002024 苏宁云商 涨幅6.13,市值395亿 
板块：扭亏为盈,零售
主买：37618万
主卖：-12424万
净买入：25195万
类型：游资
符合条件1，单位时间新增买入 1266万
--------------------------------------------------------------------------------------------
时间： 
$$$$$$$$$$$$$$$$$$$$$$$$$$$$$$$$$$$$$$$$$$$$$$$$$$$$$$$$$$$
000807 云铝股份 涨幅8.50,市值154亿 
板块：有色金属,沪铝
主买：26810万
主卖：-12023万
净买入：14787万
类型：游资
符合条件1，单位时间新增买入 2077万
$$$$$$$$$$$$$$$$$$$$$$$$$$$$$$$$$$$$$$$$$$$$$$$$$$$$$$$$$$$
603826 坤彩科技 涨幅9.90,市值19亿 
板块：次新股,建筑材料
主买：5658万
主卖：-1666万
净买入：3992万
类型：游资
符合条件1，单位时间新增买入 1918万
--------------------------------------------------------------------------------------------
时间： 
$$$$$$$$$$$$$$$$$$$$$$$$$$$$$$$$$$$$$$$$$$$$$$$$$$$$$$$$$$$
300496 中科创达 涨幅5.93,市值73亿 
板块：计算机软件,移动互联网,芯片
主买：5549万
主卖：-3568万
净买入：1981万
类型：
符合条件1，单位时间新增买入 1981万
--------------------------------------------------------------------------------------------
时间： 
$$$$$$$$$$$$$$$$$$$$$$$$$$$$$$$$$$$$$$$$$$$$$$$$$$$$$$$$$$$
002024 苏宁云商 涨幅8.14,市值403亿 
板块：扭亏为盈,零售
主买：40456万
主卖：-13661万
净买入：26795万
类型：游资
符合条件1，单位时间新增买入 737万
--------------------------------------------------------------------------------------------
时间： 
$$$$$$$$$$$$$$$$$$$$$$$$$$$$$$$$$$$$$$$$$$$$$$$$$$$$$$$$$$$
002594 比亚迪 涨幅9.96,市值598亿 
板块：新能源汽车,锂电池,特斯拉,充电桩
主买：97111万
主卖：-55945万
净买入：41166万
类型：基金
符合条件1，单位时间新增买入 1700万
$$$$$$$$$$$$$$$$$$$$$$$$$$$$$$$$$$$$$$$$$$$$$$$$$$$$$$$$$$$
002024 苏宁云商 涨幅7.98,市值402亿 
板块：扭亏为盈,零售
主买：47632万
主卖：-14518万
净买入：33113万
类型：游资
符合条件1，单位时间新增买入 6318万
--------------------------------------------------------------------------------------------
时间： 
$$$$$$$$$$$$$$$$$$$$$$$$$$$$$$$$$$$$$$$$$$$$$$$$$$$$$$$$$$$
002594 比亚迪 涨幅9.34,市值595亿 
板块：新能源汽车,锂电池,特斯拉,充电桩
主买：99088万
主卖：-56947万
净买入：42141万
类型：基金
符合条件1，单位时间新增买入 976万
$$$$$$$$$$$$$$$$$$$$$$$$$$$$$$$$$$$$$$$$$$$$$$$$$$$$$$$$$$$
000807 云铝股份 涨幅8.71,市值154亿 
板块：有色金属,沪铝
主买：28003万
主卖：-12367万
净买入：15637万
类型：游资
符合条件1，单位时间新增买入 815万
--------------------------------------------------------------------------------------------
时间： 
$$$$$$$$$$$$$$$$$$$$$$$$$$$$$$$$$$$$$$$$$$$$$$$$$$$$$$$$$$$
000807 云铝股份 涨幅8.84,市值154亿 
板块：有色金属,沪铝
主买：29671万
主卖：-12855万
净买入：16816万
类型：游资
符合条件1，单位时间新增买入 1180万
$$$$$$$$$$$$$$$$$$$$$$$$$$$$$$$$$$$$$$$$$$$$$$$$$$$$$$$$$$$
600233 圆通速递 涨幅5.39,市值43亿 
板块：快递
主买：5167万
主卖：-9168万
净买入：-4000万
类型：
符合条件1，单位时间新增买入 797万
--------------------------------------------------------------------------------------------
时间： 
$$$$$$$$$$$$$$$$$$$$$$$$$$$$$$$$$$$$$$$$$$$$$$$$$$$$$$$$$$$
600531 豫光金铅 涨幅7.25,市值40亿 
板块：有色金属,黄金
主买：12275万
主卖：-915万
净买入：11360万
类型：游资
符合条件1，单位时间新增买入 1211万
--------------------------------------------------------------------------------------------
时间： 
--------------------------------------------------------------------------------------------
时间： 
$$$$$$$$$$$$$$$$$$$$$$$$$$$$$$$$$$$$$$$$$$$$$$$$$$$$$$$$$$$
300077 国民技术 涨幅8.22,市值86亿 
板块：半导体,5G
主买：15192万
主卖：-4342万
净买入：10850万
类型：
符合条件1，单位时间新增买入 897万
--------------------------------------------------------------------------------------------
时间： 
$$$$$$$$$$$$$$$$$$$$$$$$$$$$$$$$$$$$$$$$$$$$$$$$$$$$$$$$$$$
603602 纵横通信 涨幅9.99,市值12亿 
板块：次新股,5G
主买：2914万
主卖：-1088万
净买入：1826万
类型：游资
符合条件1，单位时间新增买入 1826万
$$$$$$$$$$$$$$$$$$$$$$$$$$$$$$$$$$$$$$$$$$$$$$$$$$$$$$$$$$$
000807 云铝股份 涨幅9.93,市值156亿 
板块：有色金属,沪铝
主买：36841万
主卖：-14933万
净买入：21909万
类型：游资
符合条件1，单位时间新增买入 5414万
--------------------------------------------------------------------------------------------
时间： 
$$$$$$$$$$$$$$$$$$$$$$$$$$$$$$$$$$$$$$$$$$$$$$$$$$$$$$$$$$$
603602 纵横通信 涨幅9.99,市值12亿 
板块：次新股,5G
主买：5733万
主卖：-1088万
净买入：4646万
类型：游资
符合条件1，单位时间新增买入 2820万
--------------------------------------------------------------------------------------------
时间： 
$$$$$$$$$$$$$$$$$$$$$$$$$$$$$$$$$$$$$$$$$$$$$$$$$$$$$$$$$$$
000807 云铝股份 涨幅9.86,市值156亿 
板块：有色金属,沪铝
主买：42828万
主卖：-16056万
净买入：26772万
类型：游资
符合条件1，单位时间新增买入 4863万
$$$$$$$$$$$$$$$$$$$$$$$$$$$$$$$$$$$$$$$$$$$$$$$$$$$$$$$$$$$
600531 豫光金铅 涨幅7.85,市值41亿 
板块：有色金属,黄金
主买：13790万
主卖：-1245万
净买入：12545万
类型：游资
符合条件1，单位时间新增买入 865万
$$$$$$$$$$$$$$$$$$$$$$$$$$$$$$$$$$$$$$$$$$$$$$$$$$$$$$$$$$$
603602 纵横通信 涨幅9.99,市值12亿 
板块：次新股,5G
主买：6673万
主卖：-1088万
净买入：5585万
类型：游资
符合条件1，单位时间新增买入 939万
--------------------------------------------------------------------------------------------
时间： 
--------------------------------------------------------------------------------------------
时间： 
--------------------------------------------------------------------------------------------
时间： 
--------------------------------------------------------------------------------------------
时间： 
$$$$$$$$$$$$$$$$$$$$$$$$$$$$$$$$$$$$$$$$$$$$$$$$$$$$$$$$$$$
000933 神火股份 涨幅4.99,市值161亿 
板块：煤炭,沪铝
主买：16333万
主卖：-7919万
净买入：8415万
类型：游资
符合条件1，单位时间新增买入 8415万
--------------------------------------------------------------------------------------------
时间： 
$$$$$$$$$$$$$$$$$$$$$$$$$$$$$$$$$$$$$$$$$$$$$$$$$$$$$$$$$$$
002362 汉王科技 涨幅4.39,市值45亿 
板块：人脸识别
主买：9272万
主卖：-6671万
净买入：2601万
类型：基金
符合条件1，单位时间新增买入 1637万
--------------------------------------------------------------------------------------------
时间： 
$$$$$$$$$$$$$$$$$$$$$$$$$$$$$$$$$$$$$$$$$$$$$$$$$$$$$$$$$$$
600219 南山铝业 涨幅3.91,市值211亿 
板块：沪铝
主买：27182万
主卖：-10739万
净买入：16443万
类型：基金
符合条件1，单位时间新增买入 16443万
--------------------------------------------------------------------------------------------
时间： 
--------------------------------------------------------------------------------------------
时间： 
$$$$$$$$$$$$$$$$$$$$$$$$$$$$$$$$$$$$$$$$$$$$$$$$$$$$$$$$$$$
002024 苏宁云商 涨幅7.30,市值399亿 
板块：扭亏为盈,零售
主买：51225万
主卖：-15429万
净买入：35796万
类型：游资
符合条件1，单位时间新增买入 891万
--------------------------------------------------------------------------------------------
时间： 
--------------------------------------------------------------------------------------------
时间： 
$$$$$$$$$$$$$$$$$$$$$$$$$$$$$$$$$$$$$$$$$$$$$$$$$$$$$$$$$$$
000970 中科三环 涨幅3.85,市值166亿 
板块：永磁材料
主买：33535万
主卖：-26645万
净买入：6890万
类型：游资
符合条件1，单位时间新增买入 1829万
--------------------------------------------------------------------------------------------
时间： 
--------------------------------------------------------------------------------------------
时间： 
--------------------------------------------------------------------------------------------
时间： 
$$$$$$$$$$$$$$$$$$$$$$$$$$$$$$$$$$$$$$$$$$$$$$$$$$$$$$$$$$$
000970 中科三环 涨幅3.75,市值165亿 
板块：永磁材料
主买：34875万
主卖：-26746万
净买入：8129万
类型：游资
符合条件1，单位时间新增买入 941万
--------------------------------------------------------------------------------------------
时间： 
--------------------------------------------------------------------------------------------
时间： 
--------------------------------------------------------------------------------------------
时间： 
$$$$$$$$$$$$$$$$$$$$$$$$$$$$$$$$$$$$$$$$$$$$$$$$$$$$$$$$$$$
000970 中科三环 涨幅3.70,市值165亿 
板块：永磁材料
主买：35694万
主卖：-26847万
净买入：8846万
类型：游资
符合条件1，单位时间新增买入 749万
$$$$$$$$$$$$$$$$$$$$$$$$$$$$$$$$$$$$$$$$$$$$$$$$$$$$$$$$$$$
002497 雅化集团 涨幅3.06,市值167亿 
板块：锂电池
主买：23690万
主卖：-27761万
净买入：-4072万
类型：游资
符合条件1，单位时间新增买入 1651万
--------------------------------------------------------------------------------------------
时间： 
$$$$$$$$$$$$$$$$$$$$$$$$$$$$$$$$$$$$$$$$$$$$$$$$$$$$$$$$$$$
000970 中科三环 涨幅4.21,市值166亿 
板块：永磁材料
主买：36710万
主卖：-26948万
净买入：9762万
类型：游资
符合条件1，单位时间新增买入 916万
--------------------------------------------------------------------------------------------
时间： 
--------------------------------------------------------------------------------------------
时间： 
$$$$$$$$$$$$$$$$$$$$$$$$$$$$$$$$$$$$$$$$$$$$$$$$$$$$$$$$$$$
000807 云铝股份 涨幅9.86,市值156亿 
板块：有色金属,沪铝
主买：46113万
主卖：-17404万
净买入：28709万
类型：游资
符合条件1，单位时间新增买入 1028万
$$$$$$$$$$$$$$$$$$$$$$$$$$$$$$$$$$$$$$$$$$$$$$$$$$$$$$$$$$$
002185 华天科技 涨幅10.06,市值123亿 
板块：芯片
主买：50012万
主卖：-27871万
净买入：22141万
类型：
符合条件1，单位时间新增买入 1593万
$$$$$$$$$$$$$$$$$$$$$$$$$$$$$$$$$$$$$$$$$$$$$$$$$$$$$$$$$$$
600219 南山铝业 涨幅4.40,市值212亿 
板块：沪铝
主买：29517万
主卖：-12326万
净买入：17190万
类型：基金
符合条件1，单位时间新增买入 889万
--------------------------------------------------------------------------------------------
时间： 
$$$$$$$$$$$$$$$$$$$$$$$$$$$$$$$$$$$$$$$$$$$$$$$$$$$$$$$$$$$
000807 云铝股份 涨幅10.00,市值156亿 
板块：有色金属,沪铝
主买：49033万
主卖：-19058万
净买入：29975万
类型：游资
符合条件1，单位时间新增买入 1266万
$$$$$$$$$$$$$$$$$$$$$$$$$$$$$$$$$$$$$$$$$$$$$$$$$$$$$$$$$$$
000933 神火股份 涨幅6.06,市值163亿 
板块：煤炭,沪铝
主买：19393万
主卖：-8298万
净买入：11095万
类型：游资
符合条件1，单位时间新增买入 858万
--------------------------------------------------------------------------------------------
时间： 
$$$$$$$$$$$$$$$$$$$$$$$$$$$$$$$$$$$$$$$$$$$$$$$$$$$$$$$$$$$
000807 云铝股份 涨幅10.00,市值156亿 
板块：有色金属,沪铝
主买：54845万
主卖：-20762万
净买入：34082万
类型：游资
符合条件1，单位时间新增买入 4108万
$$$$$$$$$$$$$$$$$$$$$$$$$$$$$$$$$$$$$$$$$$$$$$$$$$$$$$$$$$$
000933 神火股份 涨幅6.98,市值165亿 
板块：煤炭,沪铝
主买：22051万
主卖：-9181万
净买入：12870万
类型：游资
符合条件1，单位时间新增买入 1775万
$$$$$$$$$$$$$$$$$$$$$$$$$$$$$$$$$$$$$$$$$$$$$$$$$$$$$$$$$$$
600139 西部资源 涨幅7.42,市值41亿 
板块：锂电池
主买：10417万
主卖：-3424万
净买入：6993万
类型：游资
符合条件1，单位时间新增买入 822万
--------------------------------------------------------------------------------------------
时间： 
$$$$$$$$$$$$$$$$$$$$$$$$$$$$$$$$$$$$$$$$$$$$$$$$$$$$$$$$$$$
000807 云铝股份 涨幅10.00,市值156亿 
板块：有色金属,沪铝
主买：56932万
主卖：-21690万
净买入：35242万
类型：游资
符合条件1，单位时间新增买入 1159万
--------------------------------------------------------------------------------------------
时间： 
$$$$$$$$$$$$$$$$$$$$$$$$$$$$$$$$$$$$$$$$$$$$$$$$$$$$$$$$$$$
000933 神火股份 涨幅7.14,市值165亿 
板块：煤炭,沪铝
主买：23293万
主卖：-9556万
净买入：13737万
类型：游资
符合条件1，单位时间新增买入 860万
$$$$$$$$$$$$$$$$$$$$$$$$$$$$$$$$$$$$$$$$$$$$$$$$$$$$$$$$$$$
002497 雅化集团 涨幅3.87,市值169亿 
板块：锂电池
主买：25528万
主卖：-30848万
净买入：-5319万
类型：游资
符合条件1，单位时间新增买入 775万
--------------------------------------------------------------------------------------------
时间： 
--------------------------------------------------------------------------------------------
时间： 
--------------------------------------------------------------------------------------------
时间： 
--------------------------------------------------------------------------------------------
时间： 
$$$$$$$$$$$$$$$$$$$$$$$$$$$$$$$$$$$$$$$$$$$$$$$$$$$$$$$$$$$
000933 神火股份 涨幅8.06,市值166亿 
板块：煤炭,沪铝
主买：26822万
主卖：-10529万
净买入：16293万
类型：游资
符合条件1，单位时间新增买入 1980万
--------------------------------------------------------------------------------------------
时间： 
$$$$$$$$$$$$$$$$$$$$$$$$$$$$$$$$$$$$$$$$$$$$$$$$$$$$$$$$$$$
600219 南山铝业 涨幅4.89,市值213亿 
板块：沪铝
主买：32534万
主卖：-12671万
净买入：19862万
类型：基金
符合条件1，单位时间新增买入 921万
--------------------------------------------------------------------------------------------
时间： 
$$$$$$$$$$$$$$$$$$$$$$$$$$$$$$$$$$$$$$$$$$$$$$$$$$$$$$$$$$$
600219 南山铝业 涨幅5.38,市值214亿 
板块：沪铝
主买：37151万
主卖：-14496万
净买入：22654万
类型：基金
符合条件1，单位时间新增买入 2792万
$$$$$$$$$$$$$$$$$$$$$$$$$$$$$$$$$$$$$$$$$$$$$$$$$$$$$$$$$$$
002497 雅化集团 涨幅4.42,市值169亿 
板块：锂电池
主买：29373万
主卖：-35306万
净买入：-5934万
类型：游资
符合条件1，单位时间新增买入 801万
--------------------------------------------------------------------------------------------
时间： 
$$$$$$$$$$$$$$$$$$$$$$$$$$$$$$$$$$$$$$$$$$$$$$$$$$$$$$$$$$$
002114 罗平锌电 涨幅3.53,市值27亿 
板块：锌
主买：7553万
主卖：-2621万
净买入：4932万
类型：游资
符合条件1，单位时间新增买入 4932万
--------------------------------------------------------------------------------------------
时间： 
--------------------------------------------------------------------------------------------
时间： 
--------------------------------------------------------------------------------------------
时间： 
--------------------------------------------------------------------------------------------
时间： 
$$$$$$$$$$$$$$$$$$$$$$$$$$$$$$$$$$$$$$$$$$$$$$$$$$$$$$$$$$$
002024 苏宁云商 涨幅6.72,市值397亿 
板块：扭亏为盈,零售
主买：53708万
主卖：-15674万
净买入：38034万
类型：游资
符合条件1，单位时间新增买入 736万
$$$$$$$$$$$$$$$$$$$$$$$$$$$$$$$$$$$$$$$$$$$$$$$$$$$$$$$$$$$
600531 豫光金铅 涨幅8.09,市值41亿 
板块：有色金属,黄金
主买：18193万
主卖：-2155万
净买入：16038万
类型：游资
符合条件1，单位时间新增买入 1133万
--------------------------------------------------------------------------------------------
时间： 
--------------------------------------------------------------------------------------------
时间： 
$$$$$$$$$$$$$$$$$$$$$$$$$$$$$$$$$$$$$$$$$$$$$$$$$$$$$$$$$$$
300635 达安股份 涨幅5.11,市值10亿 
板块：高送转
主买：5334万
主卖：-1736万
净买入：3598万
类型：
符合条件1，单位时间新增买入 3598万
--------------------------------------------------------------------------------------------
时间： 
$$$$$$$$$$$$$$$$$$$$$$$$$$$$$$$$$$$$$$$$$$$$$$$$$$$$$$$$$$$
600219 南山铝业 涨幅4.89,市值213亿 
板块：沪铝
主买：39059万
主卖：-14978万
净买入：24081万
类型：基金
符合条件1，单位时间新增买入 765万
--------------------------------------------------------------------------------------------
时间： 
--------------------------------------------------------------------------------------------
时间： 
--------------------------------------------------------------------------------------------
时间： 
$$$$$$$$$$$$$$$$$$$$$$$$$$$$$$$$$$$$$$$$$$$$$$$$$$$$$$$$$$$
600392 盛和资源 涨幅3.50,市值125亿 
板块：稀土永磁
主买：16013万
主卖：-12873万
净买入：3141万
类型：游资
符合条件1，单位时间新增买入 878万
--------------------------------------------------------------------------------------------
时间： 
--------------------------------------------------------------------------------------------
时间： 
$$$$$$$$$$$$$$$$$$$$$$$$$$$$$$$$$$$$$$$$$$$$$$$$$$$$$$$$$$$
002497 雅化集团 涨幅4.82,市值170亿 
板块：锂电池
主买：32008万
主卖：-37374万
净买入：-5367万
类型：游资
符合条件1，单位时间新增买入 719万
--------------------------------------------------------------------------------------------
时间： 
--------------------------------------------------------------------------------------------
时间： 
$$$$$$$$$$$$$$$$$$$$$$$$$$$$$$$$$$$$$$$$$$$$$$$$$$$$$$$$$$$
000856 冀东装备 涨幅9.99,市值43亿 
板块：雄安基建
主买：40532万
主卖：-7874万
净买入：32658万
类型：游资
符合条件1，单位时间新增买入 5469万
--------------------------------------------------------------------------------------------
时间： 
--------------------------------------------------------------------------------------------
时间： 
--------------------------------------------------------------------------------------------
时间： 
$$$$$$$$$$$$$$$$$$$$$$$$$$$$$$$$$$$$$$$$$$$$$$$$$$$$$$$$$$$
600392 盛和资源 涨幅3.80,市值126亿 
板块：稀土永磁
主买：18177万
主卖：-13107万
净买入：5070万
类型：游资
符合条件1，单位时间新增买入 1130万
$$$$$$$$$$$$$$$$$$$$$$$$$$$$$$$$$$$$$$$$$$$$$$$$$$$$$$$$$$$
300044 赛为智能 涨幅3.26,市值49亿 
板块：人工智能
主买：7422万
主卖：-6296万
净买入：1125万
类型：
符合条件1，单位时间新增买入 1125万
--------------------------------------------------------------------------------------------
时间： 
--------------------------------------------------------------------------------------------
时间： 
$$$$$$$$$$$$$$$$$$$$$$$$$$$$$$$$$$$$$$$$$$$$$$$$$$$$$$$$$$$
000933 神火股份 涨幅7.67,市值166亿 
板块：煤炭,沪铝
主买：31753万
主卖：-13096万
净买入：18656万
类型：游资
符合条件1，单位时间新增买入 796万
--------------------------------------------------------------------------------------------
时间： 
$$$$$$$$$$$$$$$$$$$$$$$$$$$$$$$$$$$$$$$$$$$$$$$$$$$$$$$$$$$
002742 三圣股份 涨幅3.06,市值28亿 
板块：高送转
主买：7121万
主卖：-10166万
净买入：-3045万
类型：
符合条件1，单位时间新增买入 1102万
--------------------------------------------------------------------------------------------
时间： 
$$$$$$$$$$$$$$$$$$$$$$$$$$$$$$$$$$$$$$$$$$$$$$$$$$$$$$$$$$$
600791 京能置业 涨幅3.13,市值29亿 
板块：中央政务区,房地产
主买：4727万
主卖：-2521万
净买入：2206万
类型：游资
符合条件1，单位时间新增买入 2206万
--------------------------------------------------------------------------------------------
时间： 
--------------------------------------------------------------------------------------------
时间： 
--------------------------------------------------------------------------------------------
时间： 
$$$$$$$$$$$$$$$$$$$$$$$$$$$$$$$$$$$$$$$$$$$$$$$$$$$$$$$$$$$
601015 陕西黑猫 涨幅3.81,市值30亿 
板块：煤炭
主买：5952万
主卖：-4411万
净买入：1541万
类型：
符合条件1，单位时间新增买入 1541万
$$$$$$$$$$$$$$$$$$$$$$$$$$$$$$$$$$$$$$$$$$$$$$$$$$$$$$$$$$$
002197 证通电子 涨幅4.46,市值43亿 
板块：
主买：2965万
主卖：-732万
净买入：2233万
类型：
符合条件1，单位时间新增买入 2233万
$$$$$$$$$$$$$$$$$$$$$$$$$$$$$$$$$$$$$$$$$$$$$$$$$$$$$$$$$$$
002497 雅化集团 涨幅5.17,市值171亿 
板块：锂电池
主买：33573万
主卖：-39862万
净买入：-6289万
类型：游资
符合条件1，单位时间新增买入 1237万
--------------------------------------------------------------------------------------------
时间： 
$$$$$$$$$$$$$$$$$$$$$$$$$$$$$$$$$$$$$$$$$$$$$$$$$$$$$$$$$$$
002024 苏宁云商 涨幅6.21,市值395亿 
板块：扭亏为盈,零售
主买：55807万
主卖：-16342万
净买入：39464万
类型：游资
符合条件1，单位时间新增买入 715万
$$$$$$$$$$$$$$$$$$$$$$$$$$$$$$$$$$$$$$$$$$$$$$$$$$$$$$$$$$$
002362 汉王科技 涨幅4.27,市值45亿 
板块：人脸识别
主买：12786万
主卖：-7255万
净买入：5530万
类型：基金
符合条件1，单位时间新增买入 813万
--------------------------------------------------------------------------------------------
时间： 
--------------------------------------------------------------------------------------------
时间： 
--------------------------------------------------------------------------------------------
时间： 
$$$$$$$$$$$$$$$$$$$$$$$$$$$$$$$$$$$$$$$$$$$$$$$$$$$$$$$$$$$
000933 神火股份 涨幅7.75,市值166亿 
板块：煤炭,沪铝
主买：33590万
主卖：-13288万
净买入：20302万
类型：游资
符合条件1，单位时间新增买入 1046万
