--------------------------------------------------------------------------------------------
时间： 
--------------------------------------------------------------------------------------------
时间： 
--------------------------------------------------------------------------------------------
时间： 
--------------------------------------------------------------------------------------------
时间： 
--------------------------------------------------------------------------------------------
时间： 
$$$$$$$$$$$$$$$$$$$$$$$$$$$$$$$$$$$$$$$$$$$$$$$$$$$$$$$$$$$
000725 京东方Ａ 涨幅4.76,市值1016亿 
板块：OLED
主买：206173万
主卖：-102309万
净买入：103864万
类型：
符合条件1，单位时间新增买入 767万
--------------------------------------------------------------------------------------------
时间： 
--------------------------------------------------------------------------------------------
时间： 
$$$$$$$$$$$$$$$$$$$$$$$$$$$$$$$$$$$$$$$$$$$$$$$$$$$$$$$$$$$
601011 宝泰隆 涨幅9.93,市值94亿 
板块：石墨烯,针状焦,负极材料,锂电池
主买：29491万
主卖：-21930万
净买入：7561万
类型：游资
符合条件1，单位时间新增买入 713万
--------------------------------------------------------------------------------------------
时间： 
--------------------------------------------------------------------------------------------
时间： 
$$$$$$$$$$$$$$$$$$$$$$$$$$$$$$$$$$$$$$$$$$$$$$$$$$$$$$$$$$$
000725 京东方Ａ 涨幅4.76,市值1016亿 
板块：OLED
主买：210450万
主卖：-104831万
净买入：105619万
类型：
符合条件1，单位时间新增买入 1106万
$$$$$$$$$$$$$$$$$$$$$$$$$$$$$$$$$$$$$$$$$$$$$$$$$$$$$$$$$$$
002594 比亚迪 涨幅7.15,市值614亿 
板块：新能源汽车,锂电池,特斯拉,充电桩
主买：36526万
主卖：-22296万
净买入：14230万
类型：基金
符合条件1，单位时间新增买入 1012万
--------------------------------------------------------------------------------------------
时间： 
$$$$$$$$$$$$$$$$$$$$$$$$$$$$$$$$$$$$$$$$$$$$$$$$$$$$$$$$$$$
000725 京东方Ａ 涨幅5.01,市值1018亿 
板块：OLED
主买：211308万
主卖：-104831万
净买入：106477万
类型：
符合条件1，单位时间新增买入 858万
--------------------------------------------------------------------------------------------
时间： 
$$$$$$$$$$$$$$$$$$$$$$$$$$$$$$$$$$$$$$$$$$$$$$$$$$$$$$$$$$$
600619 海立股份 涨幅9.40,市值63亿 
板块：举牌
主买：3440万
主卖：-18932万
净买入：-15492万
类型：游资
符合条件1，单位时间新增买入 999万
--------------------------------------------------------------------------------------------
时间： 
--------------------------------------------------------------------------------------------
时间： 
--------------------------------------------------------------------------------------------
时间： 
--------------------------------------------------------------------------------------------
时间： 
--------------------------------------------------------------------------------------------
时间： 
--------------------------------------------------------------------------------------------
时间： 
--------------------------------------------------------------------------------------------
时间： 
--------------------------------------------------------------------------------------------
时间： 
--------------------------------------------------------------------------------------------
时间： 
--------------------------------------------------------------------------------------------
时间： 
--------------------------------------------------------------------------------------------
时间： 
$$$$$$$$$$$$$$$$$$$$$$$$$$$$$$$$$$$$$$$$$$$$$$$$$$$$$$$$$$$
000725 京东方Ａ 涨幅4.51,市值1014亿 
板块：OLED
主买：216949万
主卖：-105870万
净买入：111079万
类型：
符合条件1，单位时间新增买入 1159万
--------------------------------------------------------------------------------------------
时间： 
$$$$$$$$$$$$$$$$$$$$$$$$$$$$$$$$$$$$$$$$$$$$$$$$$$$$$$$$$$$
000725 京东方Ａ 涨幅4.76,市值1016亿 
板块：OLED
主买：218036万
主卖：-106094万
净买入：111942万
类型：
符合条件1，单位时间新增买入 863万
--------------------------------------------------------------------------------------------
时间： 
--------------------------------------------------------------------------------------------
时间： 
--------------------------------------------------------------------------------------------
时间： 
--------------------------------------------------------------------------------------------
时间： 
--------------------------------------------------------------------------------------------
时间： 
--------------------------------------------------------------------------------------------
时间： 
--------------------------------------------------------------------------------------------
时间： 
$$$$$$$$$$$$$$$$$$$$$$$$$$$$$$$$$$$$$$$$$$$$$$$$$$$$$$$$$$$
000725 京东方Ａ 涨幅4.76,市值1016亿 
板块：OLED
主买：225007万
主卖：-110781万
净买入：114225万
类型：
符合条件1，单位时间新增买入 835万
--------------------------------------------------------------------------------------------
时间： 
--------------------------------------------------------------------------------------------
时间： 
$$$$$$$$$$$$$$$$$$$$$$$$$$$$$$$$$$$$$$$$$$$$$$$$$$$$$$$$$$$
000413 东旭光电 涨幅3.51,市值412亿 
板块：石墨烯
主买：56427万
主卖：-25705万
净买入：30723万
类型：基金
符合条件1，单位时间新增买入 1119万
--------------------------------------------------------------------------------------------
时间： 
$$$$$$$$$$$$$$$$$$$$$$$$$$$$$$$$$$$$$$$$$$$$$$$$$$$$$$$$$$$
000725 京东方Ａ 涨幅5.01,市值1018亿 
板块：OLED
主买：227192万
主卖：-111577万
净买入：115615万
类型：
符合条件1，单位时间新增买入 903万
--------------------------------------------------------------------------------------------
时间： 
--------------------------------------------------------------------------------------------
时间： 
--------------------------------------------------------------------------------------------
时间： 
--------------------------------------------------------------------------------------------
时间： 
$$$$$$$$$$$$$$$$$$$$$$$$$$$$$$$$$$$$$$$$$$$$$$$$$$$$$$$$$$$
000725 京东方Ａ 涨幅5.01,市值1018亿 
板块：OLED
主买：230130万
主卖：-112470万
净买入：117659万
类型：
符合条件1，单位时间新增买入 1118万
--------------------------------------------------------------------------------------------
时间： 
$$$$$$$$$$$$$$$$$$$$$$$$$$$$$$$$$$$$$$$$$$$$$$$$$$$$$$$$$$$
601011 宝泰隆 涨幅10.02,市值94亿 
板块：石墨烯,针状焦,负极材料,锂电池
主买：31920万
主卖：-22828万
净买入：9092万
类型：游资
符合条件1，单位时间新增买入 1762万
--------------------------------------------------------------------------------------------
时间： 
--------------------------------------------------------------------------------------------
时间： 
--------------------------------------------------------------------------------------------
时间： 
--------------------------------------------------------------------------------------------
时间： 
--------------------------------------------------------------------------------------------
时间： 
$$$$$$$$$$$$$$$$$$$$$$$$$$$$$$$$$$$$$$$$$$$$$$$$$$$$$$$$$$$
000792 盐湖股份 涨幅9.45,市值249亿 
板块：锂电池,盐湖提锂
主买：85092万
主卖：-47410万
净买入：37682万
类型：
符合条件1，单位时间新增买入 1829万
--------------------------------------------------------------------------------------------
时间： 
$$$$$$$$$$$$$$$$$$$$$$$$$$$$$$$$$$$$$$$$$$$$$$$$$$$$$$$$$$$
000792 盐湖股份 涨幅9.23,市值249亿 
板块：锂电池,盐湖提锂
主买：89441万
主卖：-48090万
净买入：41351万
类型：
符合条件1，单位时间新增买入 3669万
--------------------------------------------------------------------------------------------
时间： 
--------------------------------------------------------------------------------------------
时间： 
--------------------------------------------------------------------------------------------
时间： 
--------------------------------------------------------------------------------------------
时间： 
--------------------------------------------------------------------------------------------
时间： 
$$$$$$$$$$$$$$$$$$$$$$$$$$$$$$$$$$$$$$$$$$$$$$$$$$$$$$$$$$$
000725 京东方Ａ 涨幅4.26,市值1011亿 
板块：OLED
主买：235010万
主卖：-114888万
净买入：120121万
类型：
符合条件1，单位时间新增买入 781万
--------------------------------------------------------------------------------------------
时间： 
--------------------------------------------------------------------------------------------
时间： 
--------------------------------------------------------------------------------------------
时间： 
--------------------------------------------------------------------------------------------
时间： 
--------------------------------------------------------------------------------------------
时间： 
--------------------------------------------------------------------------------------------
时间： 
--------------------------------------------------------------------------------------------
时间： 
$$$$$$$$$$$$$$$$$$$$$$$$$$$$$$$$$$$$$$$$$$$$$$$$$$$$$$$$$$$
000725 京东方Ａ 涨幅4.51,市值1014亿 
板块：OLED
主买：237522万
主卖：-115097万
净买入：122425万
类型：
符合条件1，单位时间新增买入 949万
$$$$$$$$$$$$$$$$$$$$$$$$$$$$$$$$$$$$$$$$$$$$$$$$$$$$$$$$$$$
000413 东旭光电 涨幅4.24,市值415亿 
板块：石墨烯
主买：62898万
主卖：-27053万
净买入：35845万
类型：基金
符合条件1，单位时间新增买入 2686万
--------------------------------------------------------------------------------------------
时间： 
$$$$$$$$$$$$$$$$$$$$$$$$$$$$$$$$$$$$$$$$$$$$$$$$$$$$$$$$$$$
000413 东旭光电 涨幅4.61,市值417亿 
板块：石墨烯
主买：65444万
主卖：-27551万
净买入：37893万
类型：基金
符合条件1，单位时间新增买入 2048万
--------------------------------------------------------------------------------------------
时间： 
$$$$$$$$$$$$$$$$$$$$$$$$$$$$$$$$$$$$$$$$$$$$$$$$$$$$$$$$$$$
000413 东旭光电 涨幅4.06,市值414亿 
板块：石墨烯
主买：68016万
主卖：-28149万
净买入：39866万
类型：基金
符合条件1，单位时间新增买入 1973万
--------------------------------------------------------------------------------------------
时间： 
--------------------------------------------------------------------------------------------
时间： 
--------------------------------------------------------------------------------------------
时间： 
$$$$$$$$$$$$$$$$$$$$$$$$$$$$$$$$$$$$$$$$$$$$$$$$$$$$$$$$$$$
000725 京东方Ａ 涨幅4.51,市值1014亿 
板块：OLED
主买：240574万
主卖：-115648万
净买入：124926万
类型：
符合条件1，单位时间新增买入 1226万
--------------------------------------------------------------------------------------------
时间： 
$$$$$$$$$$$$$$$$$$$$$$$$$$$$$$$$$$$$$$$$$$$$$$$$$$$$$$$$$$$
000413 东旭光电 涨幅4.43,市值416亿 
板块：石墨烯
主买：70747万
主卖：-29004万
净买入：41743万
类型：基金
符合条件1，单位时间新增买入 1534万
$$$$$$$$$$$$$$$$$$$$$$$$$$$$$$$$$$$$$$$$$$$$$$$$$$$$$$$$$$$
002622 融钰集团 涨幅9.76,市值86亿 
板块：
主买：29973万
主卖：-18851万
净买入：11122万
类型：庄股
符合条件1，单位时间新增买入 11122万
--------------------------------------------------------------------------------------------
时间： 
$$$$$$$$$$$$$$$$$$$$$$$$$$$$$$$$$$$$$$$$$$$$$$$$$$$$$$$$$$$
000413 东旭光电 涨幅4.34,市值416亿 
板块：石墨烯
主买：71613万
主卖：-29004万
净买入：42609万
类型：基金
符合条件1，单位时间新增买入 866万
$$$$$$$$$$$$$$$$$$$$$$$$$$$$$$$$$$$$$$$$$$$$$$$$$$$$$$$$$$$
002622 融钰集团 涨幅9.19,市值86亿 
板块：
主买：31240万
主卖：-19386万
净买入：11854万
类型：庄股
符合条件1，单位时间新增买入 732万
--------------------------------------------------------------------------------------------
时间： 
--------------------------------------------------------------------------------------------
时间： 
$$$$$$$$$$$$$$$$$$$$$$$$$$$$$$$$$$$$$$$$$$$$$$$$$$$$$$$$$$$
300699 光威复材 涨幅-5.72,市值65亿 
板块：开板次新
主买：120666万
主卖：-30926万
净买入：89740万
类型：
符合条件1，单位时间新增买入 1200万
--------------------------------------------------------------------------------------------
时间： 
$$$$$$$$$$$$$$$$$$$$$$$$$$$$$$$$$$$$$$$$$$$$$$$$$$$$$$$$$$$
000868 安凯客车 涨幅2.20,市值37亿 
板块：新能源汽车
主买：6016万
主卖：-16487万
净买入：-10471万
类型：
符合条件1，单位时间新增买入 1420万
--------------------------------------------------------------------------------------------
时间： 
--------------------------------------------------------------------------------------------
时间： 
$$$$$$$$$$$$$$$$$$$$$$$$$$$$$$$$$$$$$$$$$$$$$$$$$$$$$$$$$$$
002622 融钰集团 涨幅9.11,市值86亿 
板块：
主买：36225万
主卖：-22155万
净买入：14070万
类型：庄股
符合条件1，单位时间新增买入 911万
$$$$$$$$$$$$$$$$$$$$$$$$$$$$$$$$$$$$$$$$$$$$$$$$$$$$$$$$$$$
300672 国科微 涨幅-8.94,市值15亿 
板块：芯片
主买：3976万
主卖：-8081万
净买入：-4105万
类型：
符合条件1，单位时间新增买入 785万
--------------------------------------------------------------------------------------------
时间： 
$$$$$$$$$$$$$$$$$$$$$$$$$$$$$$$$$$$$$$$$$$$$$$$$$$$$$$$$$$$
002622 融钰集团 涨幅9.76,市值86亿 
板块：
主买：40183万
主卖：-23984万
净买入：16199万
类型：庄股
符合条件1，单位时间新增买入 2128万
--------------------------------------------------------------------------------------------
时间： 
$$$$$$$$$$$$$$$$$$$$$$$$$$$$$$$$$$$$$$$$$$$$$$$$$$$$$$$$$$$
000792 盐湖股份 涨幅10.00,市值251亿 
板块：锂电池,盐湖提锂
主买：115145万
主卖：-62027万
净买入：53118万
类型：
符合条件1，单位时间新增买入 11764万
$$$$$$$$$$$$$$$$$$$$$$$$$$$$$$$$$$$$$$$$$$$$$$$$$$$$$$$$$$$
002622 融钰集团 涨幅10.00,市值87亿 
板块：
主买：42476万
主卖：-25271万
净买入：17205万
类型：庄股
符合条件1，单位时间新增买入 1006万
--------------------------------------------------------------------------------------------
时间： 
$$$$$$$$$$$$$$$$$$$$$$$$$$$$$$$$$$$$$$$$$$$$$$$$$$$$$$$$$$$
000725 京东方Ａ 涨幅4.26,市值1011亿 
板块：OLED
主买：244330万
主卖：-118364万
净买入：125966万
类型：
符合条件1，单位时间新增买入 788万
$$$$$$$$$$$$$$$$$$$$$$$$$$$$$$$$$$$$$$$$$$$$$$$$$$$$$$$$$$$
000792 盐湖股份 涨幅10.00,市值251亿 
板块：锂电池,盐湖提锂
主买：116810万
主卖：-62496万
净买入：54315万
类型：
符合条件1，单位时间新增买入 1197万
$$$$$$$$$$$$$$$$$$$$$$$$$$$$$$$$$$$$$$$$$$$$$$$$$$$$$$$$$$$
002622 融钰集团 涨幅10.00,市值87亿 
板块：
主买：43571万
主卖：-25271万
净买入：18300万
类型：庄股
符合条件1，单位时间新增买入 1095万
$$$$$$$$$$$$$$$$$$$$$$$$$$$$$$$$$$$$$$$$$$$$$$$$$$$$$$$$$$$
000762 西藏矿业 涨幅2.33,市值82亿 
板块：盐湖提锂,西藏板块,锂电池
主买：9253万
主卖：-23806万
净买入：-14554万
类型：游资
符合条件1，单位时间新增买入 1114万
--------------------------------------------------------------------------------------------
时间： 
--------------------------------------------------------------------------------------------
时间： 
--------------------------------------------------------------------------------------------
时间： 
$$$$$$$$$$$$$$$$$$$$$$$$$$$$$$$$$$$$$$$$$$$$$$$$$$$$$$$$$$$
600460 士兰微 涨幅2.40,市值69亿 
板块：芯片,OLED
主买：8739万
主卖：-9384万
净买入：-644万
类型：
符合条件1，单位时间新增买入 713万
--------------------------------------------------------------------------------------------
时间： 
$$$$$$$$$$$$$$$$$$$$$$$$$$$$$$$$$$$$$$$$$$$$$$$$$$$$$$$$$$$
000725 京东方Ａ 涨幅4.51,市值1014亿 
板块：OLED
主买：247967万
主卖：-118968万
净买入：128998万
类型：
符合条件1，单位时间新增买入 2422万
$$$$$$$$$$$$$$$$$$$$$$$$$$$$$$$$$$$$$$$$$$$$$$$$$$$$$$$$$$$
000413 东旭光电 涨幅4.15,市值415亿 
板块：石墨烯
主买：74716万
主卖：-31290万
净买入：43426万
类型：基金
符合条件1，单位时间新增买入 836万
--------------------------------------------------------------------------------------------
时间： 
$$$$$$$$$$$$$$$$$$$$$$$$$$$$$$$$$$$$$$$$$$$$$$$$$$$$$$$$$$$
300699 光威复材 涨幅-6.00,市值64亿 
板块：开板次新
主买：123958万
主卖：-30926万
净买入：93032万
类型：
符合条件1，单位时间新增买入 705万
$$$$$$$$$$$$$$$$$$$$$$$$$$$$$$$$$$$$$$$$$$$$$$$$$$$$$$$$$$$
000413 东旭光电 涨幅4.34,市值416亿 
板块：石墨烯
主买：77436万
主卖：-31290万
净买入：46146万
类型：基金
符合条件1，单位时间新增买入 2720万
$$$$$$$$$$$$$$$$$$$$$$$$$$$$$$$$$$$$$$$$$$$$$$$$$$$$$$$$$$$
002594 比亚迪 涨幅7.65,市值617亿 
板块：新能源汽车,锂电池,特斯拉,充电桩
主买：48311万
主卖：-28856万
净买入：19455万
类型：基金
符合条件1，单位时间新增买入 1705万
$$$$$$$$$$$$$$$$$$$$$$$$$$$$$$$$$$$$$$$$$$$$$$$$$$$$$$$$$$$
600516 方大炭素 涨幅1.97,市值301亿 
板块：石墨电极
主买：23515万
主卖：-50564万
净买入：-27049万
类型：游资
符合条件1，单位时间新增买入 807万
--------------------------------------------------------------------------------------------
时间： 
$$$$$$$$$$$$$$$$$$$$$$$$$$$$$$$$$$$$$$$$$$$$$$$$$$$$$$$$$$$
000413 东旭光电 涨幅4.34,市值416亿 
板块：石墨烯
主买：78462万
主卖：-31290万
净买入：47172万
类型：基金
符合条件1，单位时间新增买入 1026万
--------------------------------------------------------------------------------------------
时间： 
$$$$$$$$$$$$$$$$$$$$$$$$$$$$$$$$$$$$$$$$$$$$$$$$$$$$$$$$$$$
600456 宝钛股份 涨幅7.18,市值49亿 
板块：钛
主买：3714万
主卖：-2650万
净买入：1064万
类型：
符合条件1，单位时间新增买入 1064万
$$$$$$$$$$$$$$$$$$$$$$$$$$$$$$$$$$$$$$$$$$$$$$$$$$$$$$$$$$$
600307 酒钢宏兴 涨幅7.23,市值105亿 
板块：钢铁
主买：38447万
主卖：-19981万
净买入：18466万
类型：
符合条件1，单位时间新增买入 1403万
