--------------------------------------------------------------------------------------------
时间： 
--------------------------------------------------------------------------------------------
时间： 
$$$$$$$$$$$$$$$$$$$$$$$$$$$$$$$$$$$$$$$$$$$$$$$$$$$$$$$$$$$
000935 四川双马 涨幅6.68,市值50亿 
板块：
主买：4736万
主卖：-2695万
净买入：2041万
类型：
符合条件1，单位时间新增买入 2041万
--------------------------------------------------------------------------------------------
时间： 
--------------------------------------------------------------------------------------------
时间： 
--------------------------------------------------------------------------------------------
时间： 
$$$$$$$$$$$$$$$$$$$$$$$$$$$$$$$$$$$$$$$$$$$$$$$$$$$$$$$$$$$
600569 安阳钢铁 涨幅4.84,市值54亿 
板块：钢铁
主买：15487万
主卖：-16124万
净买入：-637万
类型：游资
符合条件1，单位时间新增买入 705万
$$$$$$$$$$$$$$$$$$$$$$$$$$$$$$$$$$$$$$$$$$$$$$$$$$$$$$$$$$$
002782 可立克 涨幅3.50,市值23亿 
板块：充电桩
主买：0万
主卖：-803万
净买入：-803万
类型：
符合条件1，单位时间新增买入 770万
$$$$$$$$$$$$$$$$$$$$$$$$$$$$$$$$$$$$$$$$$$$$$$$$$$$$$$$$$$$
600405 动力源 涨幅5.32,市值46亿 
板块：锂电池,充电桩
主买：279万
主卖：-1490万
净买入：-1211万
类型：
符合条件1，单位时间新增买入 913万
$$$$$$$$$$$$$$$$$$$$$$$$$$$$$$$$$$$$$$$$$$$$$$$$$$$$$$$$$$$
000762 西藏矿业 涨幅4.76,市值84亿 
板块：商品涨价,西藏板块
主买：3621万
主卖：-6280万
净买入：-2659万
类型：游资
符合条件1，单位时间新增买入 763万
--------------------------------------------------------------------------------------------
时间： 
$$$$$$$$$$$$$$$$$$$$$$$$$$$$$$$$$$$$$$$$$$$$$$$$$$$$$$$$$$$
002056 横店东磁 涨幅-1.71,市值88亿 
板块：稀土永磁,商品涨价,苹果概念,特斯拉
主买：3762万
主卖：-3054万
净买入：708万
类型：游资
符合条件1，单位时间新增买入 708万
--------------------------------------------------------------------------------------------
时间： 
$$$$$$$$$$$$$$$$$$$$$$$$$$$$$$$$$$$$$$$$$$$$$$$$$$$$$$$$$$$
600219 南山铝业 涨幅3.43,市值210亿 
板块：电解铝涨价
主买：2906万
主卖：-2026万
净买入：879万
类型：基金
符合条件1，单位时间新增买入 879万
--------------------------------------------------------------------------------------------
时间： 
$$$$$$$$$$$$$$$$$$$$$$$$$$$$$$$$$$$$$$$$$$$$$$$$$$$$$$$$$$$
600219 南山铝业 涨幅2.94,市值209亿 
板块：电解铝涨价
主买：4668万
主卖：-2026万
净买入：2642万
类型：基金
符合条件1，单位时间新增买入 1762万
$$$$$$$$$$$$$$$$$$$$$$$$$$$$$$$$$$$$$$$$$$$$$$$$$$$$$$$$$$$
300153 科泰电源 涨幅9.98,市值28亿 
板块：锂电池
主买：2885万
主卖：-1149万
净买入：1735万
类型：游资
符合条件1，单位时间新增买入 2085万
$$$$$$$$$$$$$$$$$$$$$$$$$$$$$$$$$$$$$$$$$$$$$$$$$$$$$$$$$$$
002128 露天煤业 涨幅4.31,市值80亿 
板块：混改,煤炭
主买：5290万
主卖：-3589万
净买入：1701万
类型：游资
符合条件1，单位时间新增买入 1209万
$$$$$$$$$$$$$$$$$$$$$$$$$$$$$$$$$$$$$$$$$$$$$$$$$$$$$$$$$$$
601969 海南矿业 涨幅7.17,市值27亿 
板块：铁矿石涨价
主买：2397万
主卖：-713万
净买入：1684万
类型：基金
符合条件1，单位时间新增买入 1296万
$$$$$$$$$$$$$$$$$$$$$$$$$$$$$$$$$$$$$$$$$$$$$$$$$$$$$$$$$$$
002056 横店东磁 涨幅-1.95,市值88亿 
板块：稀土永磁,商品涨价,苹果概念,特斯拉
主买：4747万
主卖：-3163万
净买入：1584万
类型：游资
符合条件1，单位时间新增买入 876万
$$$$$$$$$$$$$$$$$$$$$$$$$$$$$$$$$$$$$$$$$$$$$$$$$$$$$$$$$$$
002850 科达利 涨幅6.50,市值34亿 
板块：次新股,锂电池,特斯拉
主买：3576万
主卖：-2218万
净买入：1357万
类型：
符合条件1，单位时间新增买入 1114万
$$$$$$$$$$$$$$$$$$$$$$$$$$$$$$$$$$$$$$$$$$$$$$$$$$$$$$$$$$$
600569 安阳钢铁 涨幅5.77,市值54亿 
板块：钢铁
主买：20278万
主卖：-18987万
净买入：1291万
类型：游资
符合条件1，单位时间新增买入 2633万
--------------------------------------------------------------------------------------------
时间： 
$$$$$$$$$$$$$$$$$$$$$$$$$$$$$$$$$$$$$$$$$$$$$$$$$$$$$$$$$$$
300242 明家联合 涨幅1.81,市值53亿 
板块：
主买：2007万
主卖：-3874万
净买入：-1867万
类型：
符合条件1，单位时间新增买入 801万
--------------------------------------------------------------------------------------------
时间： 
$$$$$$$$$$$$$$$$$$$$$$$$$$$$$$$$$$$$$$$$$$$$$$$$$$$$$$$$$$$
002056 横店东磁 涨幅-2.36,市值87亿 
板块：稀土永磁,商品涨价,苹果概念,特斯拉
主买：6460万
主卖：-3492万
净买入：2968万
类型：游资
符合条件1，单位时间新增买入 1384万
$$$$$$$$$$$$$$$$$$$$$$$$$$$$$$$$$$$$$$$$$$$$$$$$$$$$$$$$$$$
002128 露天煤业 涨幅3.65,市值80亿 
板块：混改,煤炭
主买：6823万
主卖：-4116万
净买入：2707万
类型：游资
符合条件1，单位时间新增买入 1006万
$$$$$$$$$$$$$$$$$$$$$$$$$$$$$$$$$$$$$$$$$$$$$$$$$$$$$$$$$$$
600569 安阳钢铁 涨幅4.28,市值53亿 
板块：钢铁
主买：21113万
主卖：-18987万
净买入：2126万
类型：游资
符合条件1，单位时间新增买入 835万
--------------------------------------------------------------------------------------------
时间： 
$$$$$$$$$$$$$$$$$$$$$$$$$$$$$$$$$$$$$$$$$$$$$$$$$$$$$$$$$$$
600499 科达洁能 涨幅6.22,市值131亿 
板块：商品涨价
主买：9081万
主卖：-6743万
净买入：2339万
类型：
符合条件1，单位时间新增买入 2339万
--------------------------------------------------------------------------------------------
时间： 
$$$$$$$$$$$$$$$$$$$$$$$$$$$$$$$$$$$$$$$$$$$$$$$$$$$$$$$$$$$
600219 南山铝业 涨幅2.94,市值209亿 
板块：电解铝涨价
主买：9005万
主卖：-2026万
净买入：6978万
类型：基金
符合条件1，单位时间新增买入 3859万
$$$$$$$$$$$$$$$$$$$$$$$$$$$$$$$$$$$$$$$$$$$$$$$$$$$$$$$$$$$
600569 安阳钢铁 涨幅4.10,市值53亿 
板块：钢铁
主买：25058万
主卖：-19728万
净买入：5330万
类型：游资
符合条件1，单位时间新增买入 3205万
$$$$$$$$$$$$$$$$$$$$$$$$$$$$$$$$$$$$$$$$$$$$$$$$$$$$$$$$$$$
000933 神火股份 涨幅3.07,市值170亿 
板块：煤炭,商品涨价,电解铝
主买：11277万
主卖：-6034万
净买入：5244万
类型：游资
符合条件1，单位时间新增买入 5244万
$$$$$$$$$$$$$$$$$$$$$$$$$$$$$$$$$$$$$$$$$$$$$$$$$$$$$$$$$$$
002056 横店东磁 涨幅-1.79,市值88亿 
板块：稀土永磁,商品涨价,苹果概念,特斯拉
主买：8578万
主卖：-3492万
净买入：5086万
类型：游资
符合条件1，单位时间新增买入 2118万
$$$$$$$$$$$$$$$$$$$$$$$$$$$$$$$$$$$$$$$$$$$$$$$$$$$$$$$$$$$
002128 露天煤业 涨幅4.09,市值80亿 
板块：混改,煤炭
主买：8858万
主卖：-4116万
净买入：4742万
类型：游资
符合条件1，单位时间新增买入 2034万
$$$$$$$$$$$$$$$$$$$$$$$$$$$$$$$$$$$$$$$$$$$$$$$$$$$$$$$$$$$
600499 科达洁能 涨幅5.41,市值130亿 
板块：商品涨价
主买：11561万
主卖：-6996万
净买入：4565万
类型：
符合条件1，单位时间新增买入 2227万
$$$$$$$$$$$$$$$$$$$$$$$$$$$$$$$$$$$$$$$$$$$$$$$$$$$$$$$$$$$
601969 海南矿业 涨幅5.07,市值27亿 
板块：铁矿石涨价
主买：4562万
主卖：-713万
净买入：3849万
类型：基金
符合条件1，单位时间新增买入 1844万
$$$$$$$$$$$$$$$$$$$$$$$$$$$$$$$$$$$$$$$$$$$$$$$$$$$$$$$$$$$
300153 科泰电源 涨幅9.98,市值28亿 
板块：锂电池
主买：4978万
主卖：-1149万
净买入：3828万
类型：游资
符合条件1，单位时间新增买入 2089万
$$$$$$$$$$$$$$$$$$$$$$$$$$$$$$$$$$$$$$$$$$$$$$$$$$$$$$$$$$$
002850 科达利 涨幅6.14,市值34亿 
板块：次新股,锂电池,特斯拉
主买：4227万
主卖：-2218万
净买入：2009万
类型：
符合条件1，单位时间新增买入 883万
$$$$$$$$$$$$$$$$$$$$$$$$$$$$$$$$$$$$$$$$$$$$$$$$$$$$$$$$$$$
600558 大西洋 涨幅5.35,市值47亿 
板块：新材料
主买：2456万
主卖：-1410万
净买入：1047万
类型：
符合条件1，单位时间新增买入 792万
--------------------------------------------------------------------------------------------
时间： 
$$$$$$$$$$$$$$$$$$$$$$$$$$$$$$$$$$$$$$$$$$$$$$$$$$$$$$$$$$$
600219 南山铝业 涨幅2.94,市值209亿 
板块：电解铝涨价
主买：10137万
主卖：-2026万
净买入：8111万
类型：基金
符合条件1，单位时间新增买入 1133万
$$$$$$$$$$$$$$$$$$$$$$$$$$$$$$$$$$$$$$$$$$$$$$$$$$$$$$$$$$$
600558 大西洋 涨幅5.76,市值47亿 
板块：新材料
主买：3306万
主卖：-1410万
净买入：1897万
类型：
符合条件1，单位时间新增买入 850万
--------------------------------------------------------------------------------------------
时间： 
$$$$$$$$$$$$$$$$$$$$$$$$$$$$$$$$$$$$$$$$$$$$$$$$$$$$$$$$$$$
601699 潞安环能 涨幅4.27,市值140亿 
板块：商品涨价,煤炭
主买：5890万
主卖：-3927万
净买入：1963万
类型：游资
符合条件1，单位时间新增买入 1963万
--------------------------------------------------------------------------------------------
时间： 
--------------------------------------------------------------------------------------------
时间： 
$$$$$$$$$$$$$$$$$$$$$$$$$$$$$$$$$$$$$$$$$$$$$$$$$$$$$$$$$$$
002056 横店东磁 涨幅0.49,市值90亿 
板块：稀土永磁,商品涨价,苹果概念,特斯拉
主买：10433万
主卖：-4389万
净买入：6044万
类型：游资
符合条件1，单位时间新增买入 713万
--------------------------------------------------------------------------------------------
时间： 
$$$$$$$$$$$$$$$$$$$$$$$$$$$$$$$$$$$$$$$$$$$$$$$$$$$$$$$$$$$
600219 南山铝业 涨幅3.43,市值210亿 
板块：电解铝涨价
主买：16575万
主卖：-2416万
净买入：14159万
类型：基金
符合条件1，单位时间新增买入 5520万
$$$$$$$$$$$$$$$$$$$$$$$$$$$$$$$$$$$$$$$$$$$$$$$$$$$$$$$$$$$
002056 横店东磁 涨幅0.49,市值90亿 
板块：稀土永磁,商品涨价,苹果概念,特斯拉
主买：13509万
主卖：-4389万
净买入：9120万
类型：游资
符合条件1，单位时间新增买入 3076万
$$$$$$$$$$$$$$$$$$$$$$$$$$$$$$$$$$$$$$$$$$$$$$$$$$$$$$$$$$$
002128 露天煤业 涨幅4.38,市值80亿 
板块：混改,煤炭
主买：13930万
主卖：-5173万
净买入：8757万
类型：游资
符合条件1，单位时间新增买入 3553万
$$$$$$$$$$$$$$$$$$$$$$$$$$$$$$$$$$$$$$$$$$$$$$$$$$$$$$$$$$$
000933 神火股份 涨幅3.79,市值171亿 
板块：煤炭,商品涨价,电解铝
主买：15586万
主卖：-6905万
净买入：8681万
类型：游资
符合条件1，单位时间新增买入 2892万
$$$$$$$$$$$$$$$$$$$$$$$$$$$$$$$$$$$$$$$$$$$$$$$$$$$$$$$$$$$
600499 科达洁能 涨幅5.05,市值130亿 
板块：商品涨价
主买：15588万
主卖：-7877万
净买入：7711万
类型：
符合条件1，单位时间新增买入 2686万
$$$$$$$$$$$$$$$$$$$$$$$$$$$$$$$$$$$$$$$$$$$$$$$$$$$$$$$$$$$
300153 科泰电源 涨幅9.98,市值28亿 
板块：锂电池
主买：8424万
主卖：-1149万
净买入：7275万
类型：游资
符合条件1，单位时间新增买入 2768万
$$$$$$$$$$$$$$$$$$$$$$$$$$$$$$$$$$$$$$$$$$$$$$$$$$$$$$$$$$$
601969 海南矿业 涨幅6.36,市值27亿 
板块：铁矿石涨价
主买：6558万
主卖：-975万
净买入：5583万
类型：基金
符合条件1，单位时间新增买入 1789万
$$$$$$$$$$$$$$$$$$$$$$$$$$$$$$$$$$$$$$$$$$$$$$$$$$$$$$$$$$$
600558 大西洋 涨幅7.36,市值48亿 
板块：新材料
主买：5534万
主卖：-1410万
净买入：4125万
类型：
符合条件1，单位时间新增买入 1935万
$$$$$$$$$$$$$$$$$$$$$$$$$$$$$$$$$$$$$$$$$$$$$$$$$$$$$$$$$$$
002276 万马股份 涨幅5.16,市值77亿 
板块：光伏,充电桩
主买：1946万
主卖：-485万
净买入：1461万
类型：游资
符合条件1，单位时间新增买入 803万
--------------------------------------------------------------------------------------------
时间： 
--------------------------------------------------------------------------------------------
时间： 
$$$$$$$$$$$$$$$$$$$$$$$$$$$$$$$$$$$$$$$$$$$$$$$$$$$$$$$$$$$
000933 神火股份 涨幅4.36,市值172亿 
板块：煤炭,商品涨价,电解铝
主买：16581万
主卖：-7016万
净买入：9565万
类型：游资
符合条件1，单位时间新增买入 885万
$$$$$$$$$$$$$$$$$$$$$$$$$$$$$$$$$$$$$$$$$$$$$$$$$$$$$$$$$$$
600740 山西焦化 涨幅7.21,市值64亿 
板块：商品涨价,煤炭
主买：9548万
主卖：-6739万
净买入：2808万
类型：游资
符合条件1，单位时间新增买入 1002万
$$$$$$$$$$$$$$$$$$$$$$$$$$$$$$$$$$$$$$$$$$$$$$$$$$$$$$$$$$$
600366 宁波韵升 涨幅4.36,市值79亿 
板块：稀土永磁,商品涨价
主买：1040万
主卖：-0万
净买入：1039万
类型：庄股
符合条件1，单位时间新增买入 1039万
$$$$$$$$$$$$$$$$$$$$$$$$$$$$$$$$$$$$$$$$$$$$$$$$$$$$$$$$$$$
000935 四川双马 涨幅10.02,市值51亿 
板块：复牌,股权转让,妖股
主买：10220万
主卖：-25689万
净买入：-15469万
类型：
符合条件1，单位时间新增买入 2668万
--------------------------------------------------------------------------------------------
时间： 
--------------------------------------------------------------------------------------------
时间： 
$$$$$$$$$$$$$$$$$$$$$$$$$$$$$$$$$$$$$$$$$$$$$$$$$$$$$$$$$$$
601699 潞安环能 涨幅3.48,市值139亿 
板块：商品涨价,煤炭
主买：8285万
主卖：-4773万
净买入：3511万
类型：游资
符合条件1，单位时间新增买入 775万
$$$$$$$$$$$$$$$$$$$$$$$$$$$$$$$$$$$$$$$$$$$$$$$$$$$$$$$$$$$
000935 四川双马 涨幅10.02,市值51亿 
板块：复牌,股权转让,妖股
主买：10220万
主卖：-24638万
净买入：-14417万
类型：
符合条件1，单位时间新增买入 1051万
$$$$$$$$$$$$$$$$$$$$$$$$$$$$$$$$$$$$$$$$$$$$$$$$$$$$$$$$$$$
600516 方大炭素 涨幅0.81,市值358亿 
板块：石墨烯,商品涨价
主买：30114万
主卖：-57666万
净买入：-27552万
类型：游资
符合条件1，单位时间新增买入 898万
--------------------------------------------------------------------------------------------
时间： 
$$$$$$$$$$$$$$$$$$$$$$$$$$$$$$$$$$$$$$$$$$$$$$$$$$$$$$$$$$$
002227 奥 特 迅 涨幅10.00,市值23亿 
板块：充电桩
主买：3548万
主卖：-1514万
净买入：2034万
类型：
符合条件1，单位时间新增买入 1547万
$$$$$$$$$$$$$$$$$$$$$$$$$$$$$$$$$$$$$$$$$$$$$$$$$$$$$$$$$$$
601012 隆基股份 涨幅4.95,市值333亿 
板块：光伏,新能源
主买：9585万
主卖：-8712万
净买入：874万
类型：
符合条件1，单位时间新增买入 874万
--------------------------------------------------------------------------------------------
时间： 
$$$$$$$$$$$$$$$$$$$$$$$$$$$$$$$$$$$$$$$$$$$$$$$$$$$$$$$$$$$
600219 南山铝业 涨幅3.68,市值210亿 
板块：电解铝涨价
主买：21164万
主卖：-2988万
净买入：18176万
类型：基金
符合条件1，单位时间新增买入 4768万
$$$$$$$$$$$$$$$$$$$$$$$$$$$$$$$$$$$$$$$$$$$$$$$$$$$$$$$$$$$
000933 神火股份 涨幅4.07,市值172亿 
板块：煤炭,商品涨价,电解铝
主买：20695万
主卖：-7016万
净买入：13679万
类型：游资
符合条件1，单位时间新增买入 3945万
$$$$$$$$$$$$$$$$$$$$$$$$$$$$$$$$$$$$$$$$$$$$$$$$$$$$$$$$$$$
600499 科达洁能 涨幅5.32,市值130亿 
板块：商品涨价
主买：22941万
主卖：-9493万
净买入：13448万
类型：
符合条件1，单位时间新增买入 4212万
$$$$$$$$$$$$$$$$$$$$$$$$$$$$$$$$$$$$$$$$$$$$$$$$$$$$$$$$$$$
002056 横店东磁 涨幅1.30,市值90亿 
板块：稀土永磁,商品涨价,苹果概念,特斯拉
主买：16271万
主卖：-5256万
净买入：11015万
类型：游资
符合条件1，单位时间新增买入 2486万
$$$$$$$$$$$$$$$$$$$$$$$$$$$$$$$$$$$$$$$$$$$$$$$$$$$$$$$$$$$
300153 科泰电源 涨幅9.98,市值28亿 
板块：锂电池
主买：11832万
主卖：-1149万
净买入：10683万
类型：游资
符合条件1，单位时间新增买入 3088万
$$$$$$$$$$$$$$$$$$$$$$$$$$$$$$$$$$$$$$$$$$$$$$$$$$$$$$$$$$$
002128 露天煤业 涨幅4.09,市值80亿 
板块：混改,煤炭
主买：15613万
主卖：-5316万
净买入：10297万
类型：游资
符合条件1，单位时间新增买入 2245万
$$$$$$$$$$$$$$$$$$$$$$$$$$$$$$$$$$$$$$$$$$$$$$$$$$$$$$$$$$$
600569 安阳钢铁 涨幅3.35,市值53亿 
板块：钢铁
主买：28061万
主卖：-21032万
净买入：7028万
类型：游资
符合条件1，单位时间新增买入 1587万
$$$$$$$$$$$$$$$$$$$$$$$$$$$$$$$$$$$$$$$$$$$$$$$$$$$$$$$$$$$
601969 海南矿业 涨幅5.48,市值27亿 
板块：铁矿石涨价
主买：7723万
主卖：-975万
净买入：6748万
类型：基金
符合条件1，单位时间新增买入 1477万
$$$$$$$$$$$$$$$$$$$$$$$$$$$$$$$$$$$$$$$$$$$$$$$$$$$$$$$$$$$
600558 大西洋 涨幅7.23,市值48亿 
板块：新材料
主买：7710万
主卖：-1695万
净买入：6015万
类型：
符合条件1，单位时间新增买入 1913万
$$$$$$$$$$$$$$$$$$$$$$$$$$$$$$$$$$$$$$$$$$$$$$$$$$$$$$$$$$$
601699 潞安环能 涨幅2.96,市值138亿 
板块：商品涨价,煤炭
主买：9631万
主卖：-4898万
净买入：4733万
类型：游资
符合条件1，单位时间新增买入 1490万
$$$$$$$$$$$$$$$$$$$$$$$$$$$$$$$$$$$$$$$$$$$$$$$$$$$$$$$$$$$
002227 奥 特 迅 涨幅10.00,市值23亿 
板块：充电桩
主买：5715万
主卖：-1514万
净买入：4201万
类型：
符合条件1，单位时间新增买入 2167万
$$$$$$$$$$$$$$$$$$$$$$$$$$$$$$$$$$$$$$$$$$$$$$$$$$$$$$$$$$$
600740 山西焦化 涨幅6.45,市值63亿 
板块：商品涨价,煤炭
主买：11014万
主卖：-7342万
净买入：3672万
类型：游资
符合条件1，单位时间新增买入 953万
$$$$$$$$$$$$$$$$$$$$$$$$$$$$$$$$$$$$$$$$$$$$$$$$$$$$$$$$$$$
002273 水晶光电 涨幅3.93,市值137亿 
板块：虚拟现实,苹果概念
主买：7465万
主卖：-4857万
净买入：2608万
类型：
符合条件1，单位时间新增买入 1473万
$$$$$$$$$$$$$$$$$$$$$$$$$$$$$$$$$$$$$$$$$$$$$$$$$$$$$$$$$$$
002074 国轩高科 涨幅0.67,市值153亿 
板块：锂电池
主买：2678万
主卖：-649万
净买入：2029万
类型：
符合条件1，单位时间新增买入 2029万
$$$$$$$$$$$$$$$$$$$$$$$$$$$$$$$$$$$$$$$$$$$$$$$$$$$$$$$$$$$
601012 隆基股份 涨幅4.87,市值333亿 
板块：光伏,新能源
主买：10566万
主卖：-8712万
净买入：1854万
类型：
符合条件1，单位时间新增买入 981万
$$$$$$$$$$$$$$$$$$$$$$$$$$$$$$$$$$$$$$$$$$$$$$$$$$$$$$$$$$$
600595 中孚实业 涨幅0.27,市值65亿 
板块：有色金属
主买：2298万
主卖：-867万
净买入：1432万
类型：游资
符合条件1，单位时间新增买入 1432万
--------------------------------------------------------------------------------------------
时间： 
--------------------------------------------------------------------------------------------
时间： 
--------------------------------------------------------------------------------------------
时间： 
$$$$$$$$$$$$$$$$$$$$$$$$$$$$$$$$$$$$$$$$$$$$$$$$$$$$$$$$$$$
600797 浙大网新 涨幅3.45,市值118亿 
板块：人工智能
主买：8686万
主卖：-10633万
净买入：-1947万
类型：基金
符合条件1，单位时间新增买入 1033万
$$$$$$$$$$$$$$$$$$$$$$$$$$$$$$$$$$$$$$$$$$$$$$$$$$$$$$$$$$$
000762 西藏矿业 涨幅9.87,市值89亿 
板块：商品涨价,西藏板块
主买：78871万
主卖：-84935万
净买入：-6064万
类型：游资
符合条件1，单位时间新增买入 1986万
--------------------------------------------------------------------------------------------
时间： 
$$$$$$$$$$$$$$$$$$$$$$$$$$$$$$$$$$$$$$$$$$$$$$$$$$$$$$$$$$$
600291 西水股份 涨幅7.92,市值149亿 
板块：msci概念,保险,蓝筹股,低市盈率
主买：49731万
主卖：-8541万
净买入：41189万
类型：基金
符合条件1，单位时间新增买入 4247万
--------------------------------------------------------------------------------------------
时间： 
$$$$$$$$$$$$$$$$$$$$$$$$$$$$$$$$$$$$$$$$$$$$$$$$$$$$$$$$$$$
000970 中科三环 涨幅8.71,市值172亿 
板块：稀土永磁,商品涨价
主买：162327万
主卖：-96845万
净买入：65482万
类型：游资
符合条件1，单位时间新增买入 1539万
--------------------------------------------------------------------------------------------
时间： 
--------------------------------------------------------------------------------------------
时间： 
--------------------------------------------------------------------------------------------
时间： 
--------------------------------------------------------------------------------------------
时间： 
$$$$$$$$$$$$$$$$$$$$$$$$$$$$$$$$$$$$$$$$$$$$$$$$$$$$$$$$$$$
000980 众泰汽车 涨幅8.38,市值54亿 
板块：新能源汽车
主买：26006万
主卖：-11241万
净买入：14765万
类型：游资
符合条件1，单位时间新增买入 1489万
$$$$$$$$$$$$$$$$$$$$$$$$$$$$$$$$$$$$$$$$$$$$$$$$$$$$$$$$$$$
600230 沧州大化 涨幅5.90,市值102亿 
板块：商品涨价,化工
主买：18003万
主卖：-29638万
净买入：-11635万
类型：游资
符合条件1，单位时间新增买入 752万
--------------------------------------------------------------------------------------------
时间： 
--------------------------------------------------------------------------------------------
时间： 
--------------------------------------------------------------------------------------------
时间： 
$$$$$$$$$$$$$$$$$$$$$$$$$$$$$$$$$$$$$$$$$$$$$$$$$$$$$$$$$$$
000762 西藏矿业 涨幅7.63,市值87亿 
板块：商品涨价,西藏板块
主买：81386万
主卖：-85898万
净买入：-4513万
类型：游资
符合条件1，单位时间新增买入 1071万
--------------------------------------------------------------------------------------------
时间： 
$$$$$$$$$$$$$$$$$$$$$$$$$$$$$$$$$$$$$$$$$$$$$$$$$$$$$$$$$$$
000977 浪潮信息 涨幅10.00,市值151亿 
板块：证金持股
主买：107700万
主卖：-54662万
净买入：53038万
类型：
符合条件1，单位时间新增买入 1123万
--------------------------------------------------------------------------------------------
时间： 
--------------------------------------------------------------------------------------------
时间： 
$$$$$$$$$$$$$$$$$$$$$$$$$$$$$$$$$$$$$$$$$$$$$$$$$$$$$$$$$$$
000977 浪潮信息 涨幅10.00,市值151亿 
板块：证金持股
主买：110099万
主卖：-55313万
净买入：54786万
类型：
符合条件1，单位时间新增买入 1749万
--------------------------------------------------------------------------------------------
时间： 
--------------------------------------------------------------------------------------------
时间： 
$$$$$$$$$$$$$$$$$$$$$$$$$$$$$$$$$$$$$$$$$$$$$$$$$$$$$$$$$$$
000977 浪潮信息 涨幅10.00,市值151亿 
板块：证金持股
主买：113940万
主卖：-57412万
净买入：56529万
类型：
符合条件1，单位时间新增买入 1742万
$$$$$$$$$$$$$$$$$$$$$$$$$$$$$$$$$$$$$$$$$$$$$$$$$$$$$$$$$$$
000762 西藏矿业 涨幅7.78,市值87亿 
板块：商品涨价,西藏板块
主买：87507万
主卖：-89981万
净买入：-2474万
类型：游资
符合条件1，单位时间新增买入 1532万
$$$$$$$$$$$$$$$$$$$$$$$$$$$$$$$$$$$$$$$$$$$$$$$$$$$$$$$$$$$
600516 方大炭素 涨幅6.07,市值377亿 
板块：石墨烯,商品涨价
主买：136637万
主卖：-154916万
净买入：-18279万
类型：游资
符合条件1，单位时间新增买入 947万
--------------------------------------------------------------------------------------------
时间： 
$$$$$$$$$$$$$$$$$$$$$$$$$$$$$$$$$$$$$$$$$$$$$$$$$$$$$$$$$$$
600125 铁龙物流 涨幅2.40,市值129亿 
板块：物流,混改
主买：17444万
主卖：-12971万
净买入：4473万
类型：游资
符合条件1，单位时间新增买入 3364万
--------------------------------------------------------------------------------------------
时间： 
$$$$$$$$$$$$$$$$$$$$$$$$$$$$$$$$$$$$$$$$$$$$$$$$$$$$$$$$$$$
000977 浪潮信息 涨幅10.00,市值151亿 
板块：证金持股
主买：115084万
主卖：-57712万
净买入：57372万
类型：
符合条件1，单位时间新增买入 843万
--------------------------------------------------------------------------------------------
时间： 
$$$$$$$$$$$$$$$$$$$$$$$$$$$$$$$$$$$$$$$$$$$$$$$$$$$$$$$$$$$
000762 西藏矿业 涨幅7.78,市值87亿 
板块：商品涨价,西藏板块
主买：88303万
主卖：-89981万
净买入：-1678万
类型：游资
符合条件1，单位时间新增买入 1125万
--------------------------------------------------------------------------------------------
时间： 
--------------------------------------------------------------------------------------------
时间： 
--------------------------------------------------------------------------------------------
时间： 
$$$$$$$$$$$$$$$$$$$$$$$$$$$$$$$$$$$$$$$$$$$$$$$$$$$$$$$$$$$
000762 西藏矿业 涨幅6.95,市值86亿 
板块：商品涨价,西藏板块
主买：90201万
主卖：-90568万
净买入：-367万
类型：游资
符合条件1，单位时间新增买入 1369万
--------------------------------------------------------------------------------------------
时间： 
--------------------------------------------------------------------------------------------
时间： 
--------------------------------------------------------------------------------------------
时间： 
$$$$$$$$$$$$$$$$$$$$$$$$$$$$$$$$$$$$$$$$$$$$$$$$$$$$$$$$$$$
000970 中科三环 涨幅6.64,市值168亿 
板块：稀土永磁,商品涨价
主买：171104万
主卖：-108302万
净买入：62802万
类型：游资
符合条件1，单位时间新增买入 1964万
--------------------------------------------------------------------------------------------
时间： 
$$$$$$$$$$$$$$$$$$$$$$$$$$$$$$$$$$$$$$$$$$$$$$$$$$$$$$$$$$$
000977 浪潮信息 涨幅10.00,市值151亿 
板块：证金持股
主买：119233万
主卖：-59261万
净买入：59972万
类型：
符合条件1，单位时间新增买入 1808万
$$$$$$$$$$$$$$$$$$$$$$$$$$$$$$$$$$$$$$$$$$$$$$$$$$$$$$$$$$$
600110 诺德股份 涨幅-0.82,市值153亿 
板块：覆铜板,商品涨价
主买：31750万
主卖：-19747万
净买入：12003万
类型：
符合条件1，单位时间新增买入 861万
$$$$$$$$$$$$$$$$$$$$$$$$$$$$$$$$$$$$$$$$$$$$$$$$$$$$$$$$$$$
300014 亿纬锂能 涨幅-3.34,市值125亿 
板块：锂电池,商品涨价
主买：11645万
主卖：-44797万
净买入：-33152万
类型：游资
符合条件1，单位时间新增买入 794万
--------------------------------------------------------------------------------------------
时间： 
$$$$$$$$$$$$$$$$$$$$$$$$$$$$$$$$$$$$$$$$$$$$$$$$$$$$$$$$$$$
000799 酒鬼酒 涨幅9.31,市值62亿 
板块：白酒
主买：8456万
主卖：-3889万
净买入：4567万
类型：游资
符合条件1，单位时间新增买入 4567万
$$$$$$$$$$$$$$$$$$$$$$$$$$$$$$$$$$$$$$$$$$$$$$$$$$$$$$$$$$$
300153 科泰电源 涨幅7.16,市值27亿 
板块：锂电池
主买：13944万
主卖：-6500万
净买入：7444万
类型：游资
符合条件1，单位时间新增买入 904万
$$$$$$$$$$$$$$$$$$$$$$$$$$$$$$$$$$$$$$$$$$$$$$$$$$$$$$$$$$$
600846 同济科技 涨幅5.66,市值68亿 
板块：雄安设计
主买：11025万
主卖：-9849万
净买入：1176万
类型：游资
符合条件1，单位时间新增买入 1176万
--------------------------------------------------------------------------------------------
时间： 
$$$$$$$$$$$$$$$$$$$$$$$$$$$$$$$$$$$$$$$$$$$$$$$$$$$$$$$$$$$
000970 中科三环 涨幅7.98,市值170亿 
板块：稀土永磁,商品涨价
主买：173775万
主卖：-109830万
净买入：63945万
类型：游资
符合条件1，单位时间新增买入 1143万
$$$$$$$$$$$$$$$$$$$$$$$$$$$$$$$$$$$$$$$$$$$$$$$$$$$$$$$$$$$
000670 盈方微 涨幅8.73,市值37亿 
板块：股权转让,芯片
主买：12183万
主卖：-6261万
净买入：5922万
类型：
符合条件1，单位时间新增买入 1653万
$$$$$$$$$$$$$$$$$$$$$$$$$$$$$$$$$$$$$$$$$$$$$$$$$$$$$$$$$$$
600846 同济科技 涨幅5.81,市值68亿 
板块：雄安设计
主买：13134万
主卖：-10130万
净买入：3004万
类型：游资
符合条件1，单位时间新增买入 1829万
$$$$$$$$$$$$$$$$$$$$$$$$$$$$$$$$$$$$$$$$$$$$$$$$$$$$$$$$$$$
600516 方大炭素 涨幅3.42,市值367亿 
板块：石墨烯,商品涨价
主买：151699万
主卖：-170444万
净买入：-18745万
类型：游资
符合条件1，单位时间新增买入 987万
$$$$$$$$$$$$$$$$$$$$$$$$$$$$$$$$$$$$$$$$$$$$$$$$$$$$$$$$$$$
002407 多氟多 涨幅1.94,市值153亿 
板块：锂电池,商品涨价
主买：38234万
主卖：-68413万
净买入：-30179万
类型：基金
符合条件1，单位时间新增买入 832万
--------------------------------------------------------------------------------------------
时间： 
--------------------------------------------------------------------------------------------
时间： 
--------------------------------------------------------------------------------------------
时间： 
$$$$$$$$$$$$$$$$$$$$$$$$$$$$$$$$$$$$$$$$$$$$$$$$$$$$$$$$$$$
300681 英搏尔 涨幅5.81,市值13亿 
板块：次新股,新能源汽车
主买：10053万
主卖：-6316万
净买入：3737万
类型：
符合条件1，单位时间新增买入 3737万
$$$$$$$$$$$$$$$$$$$$$$$$$$$$$$$$$$$$$$$$$$$$$$$$$$$$$$$$$$$
300675 建科院 涨幅6.25,市值15亿 
板块：次新股,雄安新区
主买：3403万
主卖：-1836万
净买入：1567万
类型：游资
符合条件1，单位时间新增买入 1567万
$$$$$$$$$$$$$$$$$$$$$$$$$$$$$$$$$$$$$$$$$$$$$$$$$$$$$$$$$$$
000670 盈方微 涨幅9.19,市值37亿 
板块：股权转让,芯片
主买：13957万
主卖：-6261万
净买入：7696万
类型：
符合条件1，单位时间新增买入 1774万
$$$$$$$$$$$$$$$$$$$$$$$$$$$$$$$$$$$$$$$$$$$$$$$$$$$$$$$$$$$
600846 同济科技 涨幅4.62,市值67亿 
板块：雄安设计
主买：15557万
主卖：-10130万
净买入：5427万
类型：游资
符合条件1，单位时间新增买入 2423万
$$$$$$$$$$$$$$$$$$$$$$$$$$$$$$$$$$$$$$$$$$$$$$$$$$$$$$$$$$$
600125 铁龙物流 涨幅2.98,市值129亿 
板块：物流,混改
主买：17700万
主卖：-13455万
净买入：4245万
类型：游资
符合条件1，单位时间新增买入 717万
$$$$$$$$$$$$$$$$$$$$$$$$$$$$$$$$$$$$$$$$$$$$$$$$$$$$$$$$$$$
002497 雅化集团 涨幅1.81,市值160亿 
板块：锂电池,商品涨价
主买：64487万
主卖：-81229万
净买入：-16742万
类型：游资
符合条件1，单位时间新增买入 734万
--------------------------------------------------------------------------------------------
时间： 
$$$$$$$$$$$$$$$$$$$$$$$$$$$$$$$$$$$$$$$$$$$$$$$$$$$$$$$$$$$
000762 西藏矿业 涨幅7.29,市值86亿 
板块：商品涨价,西藏板块
主买：93699万
主卖：-91970万
净买入：1729万
类型：游资
符合条件1，单位时间新增买入 1081万
--------------------------------------------------------------------------------------------
时间： 
$$$$$$$$$$$$$$$$$$$$$$$$$$$$$$$$$$$$$$$$$$$$$$$$$$$$$$$$$$$
600125 铁龙物流 涨幅3.20,市值130亿 
板块：物流,混改
主买：18785万
主卖：-13639万
净买入：5146万
类型：游资
符合条件1，单位时间新增买入 901万
--------------------------------------------------------------------------------------------
时间： 
$$$$$$$$$$$$$$$$$$$$$$$$$$$$$$$$$$$$$$$$$$$$$$$$$$$$$$$$$$$
000970 中科三环 涨幅8.09,市值171亿 
板块：稀土永磁,商品涨价
主买：175680万
主卖：-110385万
净买入：65295万
类型：游资
符合条件1，单位时间新增买入 1202万
$$$$$$$$$$$$$$$$$$$$$$$$$$$$$$$$$$$$$$$$$$$$$$$$$$$$$$$$$$$
000977 浪潮信息 涨幅10.00,市值151亿 
板块：证金持股
主买：120894万
主卖：-59261万
净买入：61634万
类型：
符合条件1，单位时间新增买入 809万
--------------------------------------------------------------------------------------------
时间： 
$$$$$$$$$$$$$$$$$$$$$$$$$$$$$$$$$$$$$$$$$$$$$$$$$$$$$$$$$$$
600291 西水股份 涨幅7.16,市值148亿 
板块：msci概念,保险,蓝筹股,低市盈率
主买：52333万
主卖：-11650万
净买入：40684万
类型：基金
符合条件1，单位时间新增买入 1536万
$$$$$$$$$$$$$$$$$$$$$$$$$$$$$$$$$$$$$$$$$$$$$$$$$$$$$$$$$$$
600567 山鹰纸业 涨幅5.44,市值169亿 
板块：纸业涨价,商品涨价
主买：28615万
主卖：-9293万
净买入：19322万
类型：游资
符合条件1，单位时间新增买入 879万
--------------------------------------------------------------------------------------------
时间： 
$$$$$$$$$$$$$$$$$$$$$$$$$$$$$$$$$$$$$$$$$$$$$$$$$$$$$$$$$$$
600846 同济科技 涨幅4.69,市值67亿 
板块：雄安设计
主买：16241万
主卖：-10130万
净买入：6111万
类型：游资
符合条件1，单位时间新增买入 725万
$$$$$$$$$$$$$$$$$$$$$$$$$$$$$$$$$$$$$$$$$$$$$$$$$$$$$$$$$$$
300675 建科院 涨幅6.72,市值15亿 
板块：次新股,雄安新区
主买：5159万
主卖：-2109万
净买入：3050万
类型：游资
符合条件1，单位时间新增买入 788万
--------------------------------------------------------------------------------------------
时间： 
$$$$$$$$$$$$$$$$$$$$$$$$$$$$$$$$$$$$$$$$$$$$$$$$$$$$$$$$$$$
000977 浪潮信息 涨幅9.78,市值151亿 
板块：证金持股
主买：123599万
主卖：-59676万
净买入：63923万
类型：
符合条件1，单位时间新增买入 2290万
$$$$$$$$$$$$$$$$$$$$$$$$$$$$$$$$$$$$$$$$$$$$$$$$$$$$$$$$$$$
002340 格林美 涨幅4.60,市值216亿 
板块：钴涨价,锂电池
主买：151035万
主卖：-125608万
净买入：25428万
类型：游资
符合条件1，单位时间新增买入 738万
$$$$$$$$$$$$$$$$$$$$$$$$$$$$$$$$$$$$$$$$$$$$$$$$$$$$$$$$$$$
300078 思创医惠 涨幅1.33,市值79亿 
板块：创业板蓝筹,人工智能
主买：5693万
主卖：-8620万
净买入：-2927万
类型：游资
符合条件1，单位时间新增买入 1081万
--------------------------------------------------------------------------------------------
时间： 
$$$$$$$$$$$$$$$$$$$$$$$$$$$$$$$$$$$$$$$$$$$$$$$$$$$$$$$$$$$
000970 中科三环 涨幅8.50,市值171亿 
板块：稀土永磁,商品涨价
主买：177319万
主卖：-110966万
净买入：66353万
类型：游资
符合条件1，单位时间新增买入 754万
$$$$$$$$$$$$$$$$$$$$$$$$$$$$$$$$$$$$$$$$$$$$$$$$$$$$$$$$$$$
000670 盈方微 涨幅9.95,市值37亿 
板块：股权转让,芯片
主买：16629万
主卖：-6380万
净买入：10249万
类型：
符合条件1，单位时间新增买入 2117万
$$$$$$$$$$$$$$$$$$$$$$$$$$$$$$$$$$$$$$$$$$$$$$$$$$$$$$$$$$$
000762 西藏矿业 涨幅7.10,市值86亿 
板块：商品涨价,西藏板块
主买：95983万
主卖：-92457万
净买入：3526万
类型：游资
符合条件1，单位时间新增买入 806万
$$$$$$$$$$$$$$$$$$$$$$$$$$$$$$$$$$$$$$$$$$$$$$$$$$$$$$$$$$$
300064 豫金刚石 涨幅4.17,市值50亿 
板块：
主买：4425万
主卖：-1123万
净买入：3302万
类型：
符合条件1，单位时间新增买入 3302万
--------------------------------------------------------------------------------------------
时间： 
--------------------------------------------------------------------------------------------
时间： 
$$$$$$$$$$$$$$$$$$$$$$$$$$$$$$$$$$$$$$$$$$$$$$$$$$$$$$$$$$$
000762 西藏矿业 涨幅7.19,市值86亿 
板块：商品涨价,西藏板块
主买：97476万
主卖：-92911万
净买入：4565万
类型：游资
符合条件1，单位时间新增买入 1039万
--------------------------------------------------------------------------------------------
时间： 
$$$$$$$$$$$$$$$$$$$$$$$$$$$$$$$$$$$$$$$$$$$$$$$$$$$$$$$$$$$
300263 隆华节能 涨幅3.20,市值32亿 
板块：庄股
主买：3539万
主卖：-1922万
净买入：1618万
类型：浙江帮
符合条件1，单位时间新增买入 1618万
--------------------------------------------------------------------------------------------
时间： 
$$$$$$$$$$$$$$$$$$$$$$$$$$$$$$$$$$$$$$$$$$$$$$$$$$$$$$$$$$$
600111 北方稀土 涨幅3.27,市值364亿 
板块：稀土永磁,商品涨价
主买：121154万
主卖：-88852万
净买入：32302万
类型：游资
符合条件1，单位时间新增买入 1059万
$$$$$$$$$$$$$$$$$$$$$$$$$$$$$$$$$$$$$$$$$$$$$$$$$$$$$$$$$$$
300263 隆华节能 涨幅3.20,市值32亿 
板块：庄股
主买：4568万
主卖：-1922万
净买入：2646万
类型：浙江帮
符合条件1，单位时间新增买入 1028万
$$$$$$$$$$$$$$$$$$$$$$$$$$$$$$$$$$$$$$$$$$$$$$$$$$$$$$$$$$$
600595 中孚实业 涨幅3.72,市值67亿 
板块：有色金属
主买：10206万
主卖：-7766万
净买入：2440万
类型：游资
符合条件1，单位时间新增买入 764万
--------------------------------------------------------------------------------------------
时间： 
$$$$$$$$$$$$$$$$$$$$$$$$$$$$$$$$$$$$$$$$$$$$$$$$$$$$$$$$$$$
600846 同济科技 涨幅8.05,市值69亿 
板块：雄安设计
主买：17994万
主卖：-11063万
净买入：6931万
类型：游资
符合条件1，单位时间新增买入 700万
$$$$$$$$$$$$$$$$$$$$$$$$$$$$$$$$$$$$$$$$$$$$$$$$$$$$$$$$$$$
300064 豫金刚石 涨幅6.33,市值51亿 
板块：
主买：6138万
主卖：-1695万
净买入：4442万
类型：
符合条件1，单位时间新增买入 826万
$$$$$$$$$$$$$$$$$$$$$$$$$$$$$$$$$$$$$$$$$$$$$$$$$$$$$$$$$$$
002407 多氟多 涨幅3.91,市值156亿 
板块：锂电池,商品涨价
主买：41328万
主卖：-69876万
净买入：-28547万
类型：基金
符合条件1，单位时间新增买入 870万
--------------------------------------------------------------------------------------------
时间： 
$$$$$$$$$$$$$$$$$$$$$$$$$$$$$$$$$$$$$$$$$$$$$$$$$$$$$$$$$$$
600111 北方稀土 涨幅3.27,市值364亿 
板块：稀土永磁,商品涨价
主买：122262万
主卖：-88852万
净买入：33410万
类型：游资
符合条件1，单位时间新增买入 1108万
$$$$$$$$$$$$$$$$$$$$$$$$$$$$$$$$$$$$$$$$$$$$$$$$$$$$$$$$$$$
000799 酒鬼酒 涨幅9.98,市值62亿 
板块：白酒
主买：12726万
主卖：-3995万
净买入：8731万
类型：游资
符合条件1，单位时间新增买入 2905万
$$$$$$$$$$$$$$$$$$$$$$$$$$$$$$$$$$$$$$$$$$$$$$$$$$$$$$$$$$$
000762 西藏矿业 涨幅9.38,市值88亿 
板块：商品涨价,西藏板块
主买：98606万
主卖：-93130万
净买入：5477万
类型：游资
符合条件1，单位时间新增买入 912万
$$$$$$$$$$$$$$$$$$$$$$$$$$$$$$$$$$$$$$$$$$$$$$$$$$$$$$$$$$$
300078 思创医惠 涨幅1.77,市值79亿 
板块：创业板蓝筹,人工智能
主买：7489万
主卖：-8749万
净买入：-1259万
类型：游资
符合条件1，单位时间新增买入 763万
$$$$$$$$$$$$$$$$$$$$$$$$$$$$$$$$$$$$$$$$$$$$$$$$$$$$$$$$$$$
000807 云铝股份 涨幅4.65,市值143亿 
板块：有色金属,电解铝,商品涨价
主买：46243万
主卖：-59576万
净买入：-13333万
类型：游资
符合条件1，单位时间新增买入 901万
$$$$$$$$$$$$$$$$$$$$$$$$$$$$$$$$$$$$$$$$$$$$$$$$$$$$$$$$$$$
300073 当升科技 涨幅-5.75,市值78亿 
板块：锂电池
主买：13662万
主卖：-56448万
净买入：-42786万
类型：游资
符合条件1，单位时间新增买入 701万
--------------------------------------------------------------------------------------------
时间： 
$$$$$$$$$$$$$$$$$$$$$$$$$$$$$$$$$$$$$$$$$$$$$$$$$$$$$$$$$$$
600008 首创股份 涨幅2.20,市值153亿 
板块：雄安环保
主买：49781万
主卖：-13268万
净买入：36514万
类型：
符合条件1，单位时间新增买入 1514万
$$$$$$$$$$$$$$$$$$$$$$$$$$$$$$$$$$$$$$$$$$$$$$$$$$$$$$$$$$$
600846 同济科技 涨幅8.94,市值70亿 
板块：雄安设计
主买：20789万
主卖：-11426万
净买入：9363万
类型：游资
符合条件1，单位时间新增买入 2432万
