--------------------------------------------------------------------------------------------
时间： 
--------------------------------------------------------------------------------------------
时间： 
$$$$$$$$$$$$$$$$$$$$$$$$$$$$$$$$$$$$$$$$$$$$$$$$$$$$$$$$$$$
603127 昭衍新药 涨幅-1.95,市值14亿 
板块：开板次新
主买：11946万
主卖：-420万
净买入：11526万
类型：
符合条件1，单位时间新增买入 11526万
--------------------------------------------------------------------------------------------
时间： 
--------------------------------------------------------------------------------------------
时间： 
--------------------------------------------------------------------------------------------
时间： 
$$$$$$$$$$$$$$$$$$$$$$$$$$$$$$$$$$$$$$$$$$$$$$$$$$$$$$$$$$$
002742 三圣股份 涨幅4.40,市值27亿 
板块：高送转
主买：1444万
主卖：0万
净买入：1444万
类型：
符合条件1，单位时间新增买入 1444万
--------------------------------------------------------------------------------------------
时间： 
--------------------------------------------------------------------------------------------
时间： 
--------------------------------------------------------------------------------------------
时间： 
$$$$$$$$$$$$$$$$$$$$$$$$$$$$$$$$$$$$$$$$$$$$$$$$$$$$$$$$$$$
603725 天安新材 涨幅9.97,市值11亿 
板块：开板次新
主买：6161万
主卖：-149万
净买入：6011万
类型：
符合条件1，单位时间新增买入 3970万
$$$$$$$$$$$$$$$$$$$$$$$$$$$$$$$$$$$$$$$$$$$$$$$$$$$$$$$$$$$
300635 达安股份 涨幅-7.98,市值9亿 
板块：高送转
主买：1601万
主卖：-848万
净买入：753万
类型：
符合条件1，单位时间新增买入 753万
--------------------------------------------------------------------------------------------
时间： 
$$$$$$$$$$$$$$$$$$$$$$$$$$$$$$$$$$$$$$$$$$$$$$$$$$$$$$$$$$$
002895 川恒股份 涨幅4.68,市值12亿 
板块：开板次新
主买：1464万
主卖：-131万
净买入：1333万
类型：
符合条件1，单位时间新增买入 1333万
$$$$$$$$$$$$$$$$$$$$$$$$$$$$$$$$$$$$$$$$$$$$$$$$$$$$$$$$$$$
603725 天安新材 涨幅10.01,市值11亿 
板块：开板次新
主买：9213万
主卖：-458万
净买入：8755万
类型：
符合条件1，单位时间新增买入 2744万
--------------------------------------------------------------------------------------------
时间： 
$$$$$$$$$$$$$$$$$$$$$$$$$$$$$$$$$$$$$$$$$$$$$$$$$$$$$$$$$$$
603725 天安新材 涨幅10.01,市值11亿 
板块：开板次新
主买：9927万
主卖：-458万
净买入：9469万
类型：
符合条件1，单位时间新增买入 714万
$$$$$$$$$$$$$$$$$$$$$$$$$$$$$$$$$$$$$$$$$$$$$$$$$$$$$$$$$$$
002895 川恒股份 涨幅4.16,市值12亿 
板块：开板次新
主买：2171万
主卖：-131万
净买入：2040万
类型：
符合条件1，单位时间新增买入 707万
--------------------------------------------------------------------------------------------
时间： 
$$$$$$$$$$$$$$$$$$$$$$$$$$$$$$$$$$$$$$$$$$$$$$$$$$$$$$$$$$$
000537 广宇发展 涨幅7.32,市值46亿 
板块：复牌
主买：3605万
主卖：-775万
净买入：2830万
类型：
符合条件1，单位时间新增买入 2830万
$$$$$$$$$$$$$$$$$$$$$$$$$$$$$$$$$$$$$$$$$$$$$$$$$$$$$$$$$$$
603500 祥和实业 涨幅-3.55,市值12亿 
板块：开板次新
主买：2041万
主卖：0万
净买入：2041万
类型：
符合条件1，单位时间新增买入 2041万
$$$$$$$$$$$$$$$$$$$$$$$$$$$$$$$$$$$$$$$$$$$$$$$$$$$$$$$$$$$
000736 中房地产 涨幅10.01,市值17亿 
板块：房地产,改名
主买：2530万
主卖：-785万
净买入：1745万
类型：
符合条件1，单位时间新增买入 1609万
$$$$$$$$$$$$$$$$$$$$$$$$$$$$$$$$$$$$$$$$$$$$$$$$$$$$$$$$$$$
300672 国科微 涨幅10.00,市值15亿 
板块：芯片
主买：3467万
主卖：-1873万
净买入：1594万
类型：
符合条件1，单位时间新增买入 1210万
--------------------------------------------------------------------------------------------
时间： 
$$$$$$$$$$$$$$$$$$$$$$$$$$$$$$$$$$$$$$$$$$$$$$$$$$$$$$$$$$$
600773 西藏城投 涨幅3.97,市值68亿 
板块：锂电池,西藏板块,新能源汽车
主买：3240万
主卖：-961万
净买入：2279万
类型：游资
符合条件1，单位时间新增买入 2279万
--------------------------------------------------------------------------------------------
时间： 
--------------------------------------------------------------------------------------------
时间： 
--------------------------------------------------------------------------------------------
时间： 
$$$$$$$$$$$$$$$$$$$$$$$$$$$$$$$$$$$$$$$$$$$$$$$$$$$$$$$$$$$
002176 江特电机 涨幅7.40,市值205亿 
板块：锂电池,电气设备,新能源汽车
主买：21143万
主卖：-33990万
净买入：-12847万
类型：
符合条件1，单位时间新增买入 2851万
--------------------------------------------------------------------------------------------
时间： 
--------------------------------------------------------------------------------------------
时间： 
$$$$$$$$$$$$$$$$$$$$$$$$$$$$$$$$$$$$$$$$$$$$$$$$$$$$$$$$$$$
601128 常熟银行 涨幅2.83,市值24亿 
板块：次新股,银行
主买：3327万
主卖：-801万
净买入：2526万
类型：
符合条件1，单位时间新增买入 2526万
$$$$$$$$$$$$$$$$$$$$$$$$$$$$$$$$$$$$$$$$$$$$$$$$$$$$$$$$$$$
600791 京能置业 涨幅4.93,市值29亿 
板块：中央政务区,房地产
主买：1880万
主卖：-295万
净买入：1585万
类型：游资
符合条件1，单位时间新增买入 1585万
--------------------------------------------------------------------------------------------
时间： 
--------------------------------------------------------------------------------------------
时间： 
$$$$$$$$$$$$$$$$$$$$$$$$$$$$$$$$$$$$$$$$$$$$$$$$$$$$$$$$$$$
600606 绿地控股 涨幅2.38,市值166亿 
板块：房地产
主买：7597万
主卖：-3923万
净买入：3674万
类型：
符合条件1，单位时间新增买入 3674万
--------------------------------------------------------------------------------------------
时间： 
$$$$$$$$$$$$$$$$$$$$$$$$$$$$$$$$$$$$$$$$$$$$$$$$$$$$$$$$$$$
300418 昆仑万维 涨幅5.36,市值113亿 
板块：证金持股,创业板蓝筹
主买：6162万
主卖：-246万
净买入：5916万
类型：游资
符合条件1，单位时间新增买入 5916万
$$$$$$$$$$$$$$$$$$$$$$$$$$$$$$$$$$$$$$$$$$$$$$$$$$$$$$$$$$$
600606 绿地控股 涨幅3.00,市值167亿 
板块：房地产
主买：9097万
主卖：-4032万
净买入：5064万
类型：
符合条件1，单位时间新增买入 1390万
$$$$$$$$$$$$$$$$$$$$$$$$$$$$$$$$$$$$$$$$$$$$$$$$$$$$$$$$$$$
300223 北京君正 涨幅5.95,市值32亿 
板块：庄股,芯片
主买：1503万
主卖：-71万
净买入：1432万
类型：庄股
符合条件1，单位时间新增买入 1432万
--------------------------------------------------------------------------------------------
时间： 
$$$$$$$$$$$$$$$$$$$$$$$$$$$$$$$$$$$$$$$$$$$$$$$$$$$$$$$$$$$
300661 圣邦股份 涨幅7.13,市值11亿 
板块：
主买：2747万
主卖：-466万
净买入：2282万
类型：游资
符合条件1，单位时间新增买入 2282万
$$$$$$$$$$$$$$$$$$$$$$$$$$$$$$$$$$$$$$$$$$$$$$$$$$$$$$$$$$$
600606 绿地控股 涨幅3.13,市值167亿 
板块：房地产
主买：11234万
主卖：-4476万
净买入：6758万
类型：
符合条件1，单位时间新增买入 1694万
$$$$$$$$$$$$$$$$$$$$$$$$$$$$$$$$$$$$$$$$$$$$$$$$$$$$$$$$$$$
300035 中科电气 涨幅4.76,市值37亿 
板块：石墨烯,负极材料
主买：3056万
主卖：-476万
净买入：2580万
类型：游资
符合条件1，单位时间新增买入 759万
$$$$$$$$$$$$$$$$$$$$$$$$$$$$$$$$$$$$$$$$$$$$$$$$$$$$$$$$$$$
300223 北京君正 涨幅7.59,市值32亿 
板块：庄股,芯片
主买：2584万
主卖：-71万
净买入：2513万
类型：庄股
符合条件1，单位时间新增买入 1081万
$$$$$$$$$$$$$$$$$$$$$$$$$$$$$$$$$$$$$$$$$$$$$$$$$$$$$$$$$$$
600255 梦舟股份 涨幅5.84,市值87亿 
板块：复牌,锂电池
主买：2891万
主卖：-1585万
净买入：1306万
类型：
符合条件1，单位时间新增买入 1374万
--------------------------------------------------------------------------------------------
时间： 
$$$$$$$$$$$$$$$$$$$$$$$$$$$$$$$$$$$$$$$$$$$$$$$$$$$$$$$$$$$
002895 川恒股份 涨幅6.22,市值12亿 
板块：开板次新
主买：5910万
主卖：-131万
净买入：5778万
类型：
符合条件1，单位时间新增买入 1516万
--------------------------------------------------------------------------------------------
时间： 
$$$$$$$$$$$$$$$$$$$$$$$$$$$$$$$$$$$$$$$$$$$$$$$$$$$$$$$$$$$
600684 珠江实业 涨幅2.62,市值44亿 
板块：
主买：1678万
主卖：0万
净买入：1678万
类型：
符合条件1，单位时间新增买入 1678万
$$$$$$$$$$$$$$$$$$$$$$$$$$$$$$$$$$$$$$$$$$$$$$$$$$$$$$$$$$$
002230 科大讯飞 涨幅2.80,市值554亿 
板块：人工智能,白马股
主买：12825万
主卖：-11297万
净买入：1528万
类型：游资
符合条件1，单位时间新增买入 1182万
--------------------------------------------------------------------------------------------
时间： 
$$$$$$$$$$$$$$$$$$$$$$$$$$$$$$$$$$$$$$$$$$$$$$$$$$$$$$$$$$$
000402 金 融 街 涨幅6.83,市值159亿 
板块：
主买：9909万
主卖：-2844万
净买入：7065万
类型：
符合条件1，单位时间新增买入 7065万
$$$$$$$$$$$$$$$$$$$$$$$$$$$$$$$$$$$$$$$$$$$$$$$$$$$$$$$$$$$
002230 科大讯飞 涨幅3.19,市值556亿 
板块：人工智能,白马股
主买：15754万
主卖：-12250万
净买入：3504万
类型：游资
符合条件1，单位时间新增买入 1976万
--------------------------------------------------------------------------------------------
时间： 
$$$$$$$$$$$$$$$$$$$$$$$$$$$$$$$$$$$$$$$$$$$$$$$$$$$$$$$$$$$
002742 三圣股份 涨幅6.65,市值28亿 
板块：高送转
主买：6541万
主卖：-775万
净买入：5767万
类型：
符合条件1，单位时间新增买入 2587万
$$$$$$$$$$$$$$$$$$$$$$$$$$$$$$$$$$$$$$$$$$$$$$$$$$$$$$$$$$$
000537 广宇发展 涨幅9.98,市值47亿 
板块：复牌
主买：7470万
主卖：-1849万
净买入：5621万
类型：
符合条件1，单位时间新增买入 1009万
$$$$$$$$$$$$$$$$$$$$$$$$$$$$$$$$$$$$$$$$$$$$$$$$$$$$$$$$$$$
002230 科大讯飞 涨幅3.30,市值556亿 
板块：人工智能,白马股
主买：17429万
主卖：-12741万
净买入：4688万
类型：游资
符合条件1，单位时间新增买入 1185万
--------------------------------------------------------------------------------------------
时间： 
$$$$$$$$$$$$$$$$$$$$$$$$$$$$$$$$$$$$$$$$$$$$$$$$$$$$$$$$$$$
000537 广宇发展 涨幅9.98,市值47亿 
板块：复牌
主买：11355万
主卖：-1849万
净买入：9505万
类型：
符合条件1，单位时间新增买入 3885万
$$$$$$$$$$$$$$$$$$$$$$$$$$$$$$$$$$$$$$$$$$$$$$$$$$$$$$$$$$$
002742 三圣股份 涨幅6.38,市值28亿 
板块：高送转
主买：7280万
主卖：-775万
净买入：6505万
类型：
符合条件1，单位时间新增买入 738万
--------------------------------------------------------------------------------------------
时间： 
$$$$$$$$$$$$$$$$$$$$$$$$$$$$$$$$$$$$$$$$$$$$$$$$$$$$$$$$$$$
002230 科大讯飞 涨幅3.87,市值559亿 
板块：人工智能,白马股
主买：18972万
主卖：-13712万
净买入：5260万
类型：游资
符合条件1，单位时间新增买入 1694万
$$$$$$$$$$$$$$$$$$$$$$$$$$$$$$$$$$$$$$$$$$$$$$$$$$$$$$$$$$$
300035 中科电气 涨幅7.84,市值38亿 
板块：石墨烯,负极材料
主买：5761万
主卖：-791万
净买入：4970万
类型：游资
符合条件1，单位时间新增买入 2045万
--------------------------------------------------------------------------------------------
时间： 
$$$$$$$$$$$$$$$$$$$$$$$$$$$$$$$$$$$$$$$$$$$$$$$$$$$$$$$$$$$
002230 科大讯飞 涨幅4.23,市值561亿 
板块：人工智能,白马股
主买：21137万
主卖：-14118万
净买入：7019万
类型：游资
符合条件1，单位时间新增买入 1759万
$$$$$$$$$$$$$$$$$$$$$$$$$$$$$$$$$$$$$$$$$$$$$$$$$$$$$$$$$$$
300623 捷捷微电 涨幅4.69,市值17亿 
板块：
主买：1531万
主卖：-715万
净买入：816万
类型：
符合条件1，单位时间新增买入 816万
$$$$$$$$$$$$$$$$$$$$$$$$$$$$$$$$$$$$$$$$$$$$$$$$$$$$$$$$$$$
000002 万 科Ａ 涨幅5.53,市值1894亿 
板块：房地产,蓝筹股
主买：33880万
主卖：-40662万
净买入：-6782万
类型：游资
符合条件1，单位时间新增买入 2273万
--------------------------------------------------------------------------------------------
时间： 
$$$$$$$$$$$$$$$$$$$$$$$$$$$$$$$$$$$$$$$$$$$$$$$$$$$$$$$$$$$
600606 绿地控股 涨幅3.63,市值168亿 
板块：房地产
主买：13869万
主卖：-5166万
净买入：8703万
类型：
符合条件1，单位时间新增买入 1461万
--------------------------------------------------------------------------------------------
时间： 
$$$$$$$$$$$$$$$$$$$$$$$$$$$$$$$$$$$$$$$$$$$$$$$$$$$$$$$$$$$
600340 华夏幸福 涨幅2.80,市值423亿 
板块：房地产,雄安新区
主买：19271万
主卖：-7829万
净买入：11442万
类型：
符合条件1，单位时间新增买入 11442万
$$$$$$$$$$$$$$$$$$$$$$$$$$$$$$$$$$$$$$$$$$$$$$$$$$$$$$$$$$$
600606 绿地控股 涨幅3.88,市值168亿 
板块：房地产
主买：16535万
主卖：-7104万
净买入：9431万
类型：
符合条件1，单位时间新增买入 728万
$$$$$$$$$$$$$$$$$$$$$$$$$$$$$$$$$$$$$$$$$$$$$$$$$$$$$$$$$$$
002230 科大讯飞 涨幅4.02,市值560亿 
板块：人工智能,白马股
主买：21415万
主卖：-14503万
净买入：6912万
类型：游资
符合条件1，单位时间新增买入 857万
--------------------------------------------------------------------------------------------
时间： 
$$$$$$$$$$$$$$$$$$$$$$$$$$$$$$$$$$$$$$$$$$$$$$$$$$$$$$$$$$$
000036 华联控股 涨幅4.55,市值93亿 
板块：租购同权,低市盈率
主买：4841万
主卖：0万
净买入：4841万
类型：
符合条件1，单位时间新增买入 4841万
$$$$$$$$$$$$$$$$$$$$$$$$$$$$$$$$$$$$$$$$$$$$$$$$$$$$$$$$$$$
002230 科大讯飞 涨幅4.28,市值562亿 
板块：人工智能,白马股
主买：22839万
主卖：-14813万
净买入：8025万
类型：游资
符合条件1，单位时间新增买入 1114万
--------------------------------------------------------------------------------------------
时间： 
$$$$$$$$$$$$$$$$$$$$$$$$$$$$$$$$$$$$$$$$$$$$$$$$$$$$$$$$$$$
600162 香江控股 涨幅3.24,市值45亿 
板块：
主买：1949万
主卖：-84万
净买入：1865万
类型：
符合条件1，单位时间新增买入 1865万
--------------------------------------------------------------------------------------------
时间： 
--------------------------------------------------------------------------------------------
时间： 
--------------------------------------------------------------------------------------------
时间： 
--------------------------------------------------------------------------------------------
时间： 
--------------------------------------------------------------------------------------------
时间： 
$$$$$$$$$$$$$$$$$$$$$$$$$$$$$$$$$$$$$$$$$$$$$$$$$$$$$$$$$$$
000002 万 科Ａ 涨幅7.17,市值1924亿 
板块：房地产,蓝筹股
主买：38853万
主卖：-45032万
净买入：-6179万
类型：游资
符合条件1，单位时间新增买入 1077万
--------------------------------------------------------------------------------------------
时间： 
$$$$$$$$$$$$$$$$$$$$$$$$$$$$$$$$$$$$$$$$$$$$$$$$$$$$$$$$$$$
600606 绿地控股 涨幅4.26,市值169亿 
板块：房地产
主买：20003万
主卖：-8248万
净买入：11754万
类型：
符合条件1，单位时间新增买入 1595万
$$$$$$$$$$$$$$$$$$$$$$$$$$$$$$$$$$$$$$$$$$$$$$$$$$$$$$$$$$$
000011 深物业A 涨幅5.24,市值34亿 
板块：深圳国改,深汕新区,房地产
主买：2424万
主卖：-432万
净买入：1992万
类型：游资
符合条件1，单位时间新增买入 784万
$$$$$$$$$$$$$$$$$$$$$$$$$$$$$$$$$$$$$$$$$$$$$$$$$$$$$$$$$$$
000002 万 科Ａ 涨幅6.42,市值1910亿 
板块：房地产,蓝筹股
主买：41740万
主卖：-45859万
净买入：-4119万
类型：游资
符合条件1，单位时间新增买入 2060万
--------------------------------------------------------------------------------------------
时间： 
--------------------------------------------------------------------------------------------
时间： 
--------------------------------------------------------------------------------------------
时间： 
$$$$$$$$$$$$$$$$$$$$$$$$$$$$$$$$$$$$$$$$$$$$$$$$$$$$$$$$$$$
600743 华远地产 涨幅10.02,市值36亿 
板块：房地产
主买：8530万
主卖：-6148万
净买入：2382万
类型：
符合条件1，单位时间新增买入 2013万
--------------------------------------------------------------------------------------------
时间： 
$$$$$$$$$$$$$$$$$$$$$$$$$$$$$$$$$$$$$$$$$$$$$$$$$$$$$$$$$$$
600743 华远地产 涨幅10.02,市值36亿 
板块：房地产
主买：10836万
主卖：-6671万
净买入：4165万
类型：
符合条件1，单位时间新增买入 1783万
--------------------------------------------------------------------------------------------
时间： 
--------------------------------------------------------------------------------------------
时间： 
$$$$$$$$$$$$$$$$$$$$$$$$$$$$$$$$$$$$$$$$$$$$$$$$$$$$$$$$$$$
300035 中科电气 涨幅9.82,市值39亿 
板块：石墨烯,负极材料
主买：14575万
主卖：-3281万
净买入：11294万
类型：游资
符合条件1，单位时间新增买入 4783万
$$$$$$$$$$$$$$$$$$$$$$$$$$$$$$$$$$$$$$$$$$$$$$$$$$$$$$$$$$$
600711 盛屯矿业 涨幅3.28,市值121亿 
板块：有色金属
主买：8356万
主卖：-1732万
净买入：6624万
类型：
符合条件1，单位时间新增买入 6624万
--------------------------------------------------------------------------------------------
时间： 
$$$$$$$$$$$$$$$$$$$$$$$$$$$$$$$$$$$$$$$$$$$$$$$$$$$$$$$$$$$
300035 中科电气 涨幅8.33,市值38亿 
板块：石墨烯,负极材料
主买：15567万
主卖：-3281万
净买入：12286万
类型：游资
符合条件1，单位时间新增买入 992万
--------------------------------------------------------------------------------------------
时间： 
--------------------------------------------------------------------------------------------
时间： 
--------------------------------------------------------------------------------------------
时间： 
$$$$$$$$$$$$$$$$$$$$$$$$$$$$$$$$$$$$$$$$$$$$$$$$$$$$$$$$$$$
600711 盛屯矿业 涨幅3.92,市值122亿 
板块：有色金属
主买：10090万
主卖：-1920万
净买入：8170万
类型：
符合条件1，单位时间新增买入 942万
--------------------------------------------------------------------------------------------
时间： 
$$$$$$$$$$$$$$$$$$$$$$$$$$$$$$$$$$$$$$$$$$$$$$$$$$$$$$$$$$$
002230 科大讯飞 涨幅4.49,市值563亿 
板块：人工智能,白马股
主买：29931万
主卖：-18909万
净买入：11023万
类型：游资
符合条件1，单位时间新增买入 1004万
--------------------------------------------------------------------------------------------
时间： 
$$$$$$$$$$$$$$$$$$$$$$$$$$$$$$$$$$$$$$$$$$$$$$$$$$$$$$$$$$$
002230 科大讯飞 涨幅4.93,市值565亿 
板块：人工智能,白马股
主买：35083万
主卖：-20318万
净买入：14765万
类型：游资
符合条件1，单位时间新增买入 3743万
--------------------------------------------------------------------------------------------
时间： 
$$$$$$$$$$$$$$$$$$$$$$$$$$$$$$$$$$$$$$$$$$$$$$$$$$$$$$$$$$$
002230 科大讯飞 涨幅4.86,市值565亿 
板块：人工智能,白马股
主买：38035万
主卖：-20767万
净买入：17267万
类型：游资
符合条件1，单位时间新增买入 2502万
--------------------------------------------------------------------------------------------
时间： 
--------------------------------------------------------------------------------------------
时间： 
--------------------------------------------------------------------------------------------
时间： 
--------------------------------------------------------------------------------------------
时间： 
--------------------------------------------------------------------------------------------
时间： 
--------------------------------------------------------------------------------------------
时间： 
--------------------------------------------------------------------------------------------
时间： 
--------------------------------------------------------------------------------------------
时间： 
--------------------------------------------------------------------------------------------
时间： 
$$$$$$$$$$$$$$$$$$$$$$$$$$$$$$$$$$$$$$$$$$$$$$$$$$$$$$$$$$$
600711 盛屯矿业 涨幅5.40,市值124亿 
板块：有色金属
主买：14105万
主卖：-2263万
净买入：11841万
类型：
符合条件1，单位时间新增买入 2544万
--------------------------------------------------------------------------------------------
时间： 
$$$$$$$$$$$$$$$$$$$$$$$$$$$$$$$$$$$$$$$$$$$$$$$$$$$$$$$$$$$
600711 盛屯矿业 涨幅6.35,市值125亿 
板块：有色金属
主买：17850万
主卖：-2827万
净买入：15023万
类型：
符合条件1，单位时间新增买入 3182万
--------------------------------------------------------------------------------------------
时间： 
$$$$$$$$$$$$$$$$$$$$$$$$$$$$$$$$$$$$$$$$$$$$$$$$$$$$$$$$$$$
300035 中科电气 涨幅10.02,市值39亿 
板块：石墨烯,负极材料
主买：23082万
主卖：-4588万
净买入：18494万
类型：游资
符合条件1，单位时间新增买入 5177万
--------------------------------------------------------------------------------------------
时间： 
$$$$$$$$$$$$$$$$$$$$$$$$$$$$$$$$$$$$$$$$$$$$$$$$$$$$$$$$$$$
300035 中科电气 涨幅10.02,市值39亿 
板块：石墨烯,负极材料
主买：23960万
主卖：-4588万
净买入：19372万
类型：游资
符合条件1，单位时间新增买入 878万
--------------------------------------------------------------------------------------------
时间： 
--------------------------------------------------------------------------------------------
时间： 
--------------------------------------------------------------------------------------------
时间： 
$$$$$$$$$$$$$$$$$$$$$$$$$$$$$$$$$$$$$$$$$$$$$$$$$$$$$$$$$$$
300035 中科电气 涨幅9.13,市值39亿 
板块：石墨烯,负极材料
主买：26017万
主卖：-4588万
净买入：21429万
类型：游资
符合条件1，单位时间新增买入 981万
$$$$$$$$$$$$$$$$$$$$$$$$$$$$$$$$$$$$$$$$$$$$$$$$$$$$$$$$$$$
000002 万 科Ａ 涨幅6.99,市值1920亿 
板块：房地产,蓝筹股
主买：50954万
主卖：-50737万
净买入：217万
类型：游资
符合条件1，单位时间新增买入 2216万
$$$$$$$$$$$$$$$$$$$$$$$$$$$$$$$$$$$$$$$$$$$$$$$$$$$$$$$$$$$
600460 士兰微 涨幅9.99,市值61亿 
板块：芯片,OLED
主买：5518万
主卖：-11190万
净买入：-5673万
类型：
符合条件1，单位时间新增买入 886万
--------------------------------------------------------------------------------------------
时间： 
$$$$$$$$$$$$$$$$$$$$$$$$$$$$$$$$$$$$$$$$$$$$$$$$$$$$$$$$$$$
300035 中科电气 涨幅10.02,市值39亿 
板块：石墨烯,负极材料
主买：27937万
主卖：-4915万
净买入：23021万
类型：游资
符合条件1，单位时间新增买入 1593万
$$$$$$$$$$$$$$$$$$$$$$$$$$$$$$$$$$$$$$$$$$$$$$$$$$$$$$$$$$$
600743 华远地产 涨幅10.02,市值36亿 
板块：房地产
主买：17330万
主卖：-9404万
净买入：7926万
类型：
符合条件1，单位时间新增买入 1700万
--------------------------------------------------------------------------------------------
时间： 
$$$$$$$$$$$$$$$$$$$$$$$$$$$$$$$$$$$$$$$$$$$$$$$$$$$$$$$$$$$
300035 中科电气 涨幅10.02,市值39亿 
板块：石墨烯,负极材料
主买：29614万
主卖：-5063万
净买入：24552万
类型：游资
符合条件1，单位时间新增买入 1530万
$$$$$$$$$$$$$$$$$$$$$$$$$$$$$$$$$$$$$$$$$$$$$$$$$$$$$$$$$$$
600711 盛屯矿业 涨幅7.83,市值126亿 
板块：有色金属
主买：21327万
主卖：-4577万
净买入：16750万
类型：
符合条件1，单位时间新增买入 1083万
$$$$$$$$$$$$$$$$$$$$$$$$$$$$$$$$$$$$$$$$$$$$$$$$$$$$$$$$$$$
000002 万 科Ａ 涨幅7.31,市值1926亿 
板块：房地产,蓝筹股
主买：53616万
主卖：-52509万
净买入：1107万
类型：游资
符合条件1，单位时间新增买入 747万
--------------------------------------------------------------------------------------------
时间： 
$$$$$$$$$$$$$$$$$$$$$$$$$$$$$$$$$$$$$$$$$$$$$$$$$$$$$$$$$$$
600711 盛屯矿业 涨幅6.35,市值125亿 
板块：有色金属
主买：22244万
主卖：-4791万
净买入：17453万
类型：
符合条件1，单位时间新增买入 703万
--------------------------------------------------------------------------------------------
时间： 
--------------------------------------------------------------------------------------------
时间： 
$$$$$$$$$$$$$$$$$$$$$$$$$$$$$$$$$$$$$$$$$$$$$$$$$$$$$$$$$$$
300035 中科电气 涨幅10.02,市值39亿 
板块：石墨烯,负极材料
主买：31728万
主卖：-5645万
净买入：26084万
类型：游资
符合条件1，单位时间新增买入 942万
--------------------------------------------------------------------------------------------
时间： 
--------------------------------------------------------------------------------------------
时间： 
--------------------------------------------------------------------------------------------
时间： 
--------------------------------------------------------------------------------------------
时间： 
--------------------------------------------------------------------------------------------
时间： 
--------------------------------------------------------------------------------------------
时间： 
$$$$$$$$$$$$$$$$$$$$$$$$$$$$$$$$$$$$$$$$$$$$$$$$$$$$$$$$$$$
000402 金 融 街 涨幅6.10,市值158亿 
板块：房地产
主买：14370万
主卖：-6415万
净买入：7955万
类型：
符合条件1，单位时间新增买入 764万
--------------------------------------------------------------------------------------------
时间： 
--------------------------------------------------------------------------------------------
时间： 
--------------------------------------------------------------------------------------------
时间： 
--------------------------------------------------------------------------------------------
时间： 
--------------------------------------------------------------------------------------------
时间： 
$$$$$$$$$$$$$$$$$$$$$$$$$$$$$$$$$$$$$$$$$$$$$$$$$$$$$$$$$$$
002321 华英农业 涨幅0.38,市值41亿 
板块：庄股
主买：4278万
主卖：-1275万
净买入：3003万
类型：浙江帮
符合条件1，单位时间新增买入 3003万
--------------------------------------------------------------------------------------------
时间： 
--------------------------------------------------------------------------------------------
时间： 
$$$$$$$$$$$$$$$$$$$$$$$$$$$$$$$$$$$$$$$$$$$$$$$$$$$$$$$$$$$
002321 华英农业 涨幅0.99,市值41亿 
板块：庄股
主买：5960万
主卖：-1386万
净买入：4574万
类型：浙江帮
符合条件1，单位时间新增买入 882万
--------------------------------------------------------------------------------------------
时间： 
--------------------------------------------------------------------------------------------
时间： 
--------------------------------------------------------------------------------------------
时间： 
--------------------------------------------------------------------------------------------
时间： 
--------------------------------------------------------------------------------------------
时间： 
--------------------------------------------------------------------------------------------
时间： 
--------------------------------------------------------------------------------------------
时间： 
$$$$$$$$$$$$$$$$$$$$$$$$$$$$$$$$$$$$$$$$$$$$$$$$$$$$$$$$$$$
300035 中科电气 涨幅10.02,市值39亿 
板块：石墨烯,负极材料
主买：36699万
主卖：-6967万
净买入：29732万
类型：游资
符合条件1，单位时间新增买入 839万
--------------------------------------------------------------------------------------------
时间： 
--------------------------------------------------------------------------------------------
时间： 
--------------------------------------------------------------------------------------------
时间： 
--------------------------------------------------------------------------------------------
时间： 
$$$$$$$$$$$$$$$$$$$$$$$$$$$$$$$$$$$$$$$$$$$$$$$$$$$$$$$$$$$
000792 盐湖股份 涨幅1.94,市值203亿 
板块：锂电池,盐湖提锂
主买：12176万
主卖：-14543万
净买入：-2367万
类型：
符合条件1，单位时间新增买入 1246万
--------------------------------------------------------------------------------------------
时间： 
--------------------------------------------------------------------------------------------
时间： 
$$$$$$$$$$$$$$$$$$$$$$$$$$$$$$$$$$$$$$$$$$$$$$$$$$$$$$$$$$$
000792 盐湖股份 涨幅2.76,市值205亿 
板块：锂电池,盐湖提锂
主买：14902万
主卖：-16467万
净买入：-1565万
类型：
符合条件1，单位时间新增买入 995万
--------------------------------------------------------------------------------------------
时间： 
$$$$$$$$$$$$$$$$$$$$$$$$$$$$$$$$$$$$$$$$$$$$$$$$$$$$$$$$$$$
600773 西藏城投 涨幅4.53,市值68亿 
板块：锂电池,西藏板块,新能源汽车
主买：8952万
主卖：-6532万
净买入：2420万
类型：游资
符合条件1，单位时间新增买入 1679万
--------------------------------------------------------------------------------------------
时间： 
$$$$$$$$$$$$$$$$$$$$$$$$$$$$$$$$$$$$$$$$$$$$$$$$$$$$$$$$$$$
600773 西藏城投 涨幅4.41,市值68亿 
板块：锂电池,西藏板块,新能源汽车
主买：9766万
主卖：-6641万
净买入：3125万
类型：游资
符合条件1，单位时间新增买入 705万
--------------------------------------------------------------------------------------------
时间： 
$$$$$$$$$$$$$$$$$$$$$$$$$$$$$$$$$$$$$$$$$$$$$$$$$$$$$$$$$$$
600773 西藏城投 涨幅5.48,市值69亿 
板块：锂电池,西藏板块,新能源汽车
主买：10815万
主卖：-6778万
净买入：4037万
类型：游资
符合条件1，单位时间新增买入 912万
--------------------------------------------------------------------------------------------
时间： 
--------------------------------------------------------------------------------------------
时间： 
--------------------------------------------------------------------------------------------
时间： 
--------------------------------------------------------------------------------------------
时间： 
--------------------------------------------------------------------------------------------
时间： 
--------------------------------------------------------------------------------------------
时间： 
--------------------------------------------------------------------------------------------
时间： 
--------------------------------------------------------------------------------------------
时间： 
--------------------------------------------------------------------------------------------
时间： 
$$$$$$$$$$$$$$$$$$$$$$$$$$$$$$$$$$$$$$$$$$$$$$$$$$$$$$$$$$$
600711 盛屯矿业 涨幅7.30,市值126亿 
板块：有色金属
主买：27195万
主卖：-7330万
净买入：19865万
类型：
符合条件1，单位时间新增买入 1035万
--------------------------------------------------------------------------------------------
时间： 
--------------------------------------------------------------------------------------------
时间： 
--------------------------------------------------------------------------------------------
时间： 
--------------------------------------------------------------------------------------------
时间： 
--------------------------------------------------------------------------------------------
时间： 
--------------------------------------------------------------------------------------------
时间： 
--------------------------------------------------------------------------------------------
时间： 
--------------------------------------------------------------------------------------------
时间： 
--------------------------------------------------------------------------------------------
时间： 
--------------------------------------------------------------------------------------------
时间： 
--------------------------------------------------------------------------------------------
时间： 
--------------------------------------------------------------------------------------------
时间： 
--------------------------------------------------------------------------------------------
时间： 
$$$$$$$$$$$$$$$$$$$$$$$$$$$$$$$$$$$$$$$$$$$$$$$$$$$$$$$$$$$
600255 梦舟股份 涨幅8.95,市值89亿 
板块：复牌,锂电池
主买：8221万
主卖：-2597万
净买入：5624万
类型：
符合条件1，单位时间新增买入 1935万
--------------------------------------------------------------------------------------------
时间： 
--------------------------------------------------------------------------------------------
时间： 
--------------------------------------------------------------------------------------------
时间： 
$$$$$$$$$$$$$$$$$$$$$$$$$$$$$$$$$$$$$$$$$$$$$$$$$$$$$$$$$$$
600773 西藏城投 涨幅10.01,市值72亿 
板块：锂电池,西藏板块,新能源汽车
主买：21748万
主卖：-11289万
净买入：10458万
类型：游资
符合条件1，单位时间新增买入 3918万
--------------------------------------------------------------------------------------------
时间： 
$$$$$$$$$$$$$$$$$$$$$$$$$$$$$$$$$$$$$$$$$$$$$$$$$$$$$$$$$$$
600499 科达洁能 涨幅4.98,市值141亿 
板块：锂电池
主买：15325万
主卖：-8739万
净买入：6586万
类型：
符合条件1，单位时间新增买入 6586万
--------------------------------------------------------------------------------------------
时间： 
--------------------------------------------------------------------------------------------
时间： 
--------------------------------------------------------------------------------------------
时间： 
--------------------------------------------------------------------------------------------
时间： 
--------------------------------------------------------------------------------------------
时间： 
--------------------------------------------------------------------------------------------
时间： 
--------------------------------------------------------------------------------------------
时间： 
--------------------------------------------------------------------------------------------
时间： 
--------------------------------------------------------------------------------------------
时间： 
--------------------------------------------------------------------------------------------
时间： 
$$$$$$$$$$$$$$$$$$$$$$$$$$$$$$$$$$$$$$$$$$$$$$$$$$$$$$$$$$$
300631 久吾高科 涨幅7.23,市值8亿 
板块：
主买：3527万
主卖：-454万
净买入：3073万
类型：
符合条件1，单位时间新增买入 3073万
--------------------------------------------------------------------------------------------
时间： 
$$$$$$$$$$$$$$$$$$$$$$$$$$$$$$$$$$$$$$$$$$$$$$$$$$$$$$$$$$$
002742 三圣股份 涨幅7.92,市值28亿 
板块：高送转
主买：12893万
主卖：-4358万
净买入：8535万
类型：
符合条件1，单位时间新增买入 2108万
--------------------------------------------------------------------------------------------
时间： 
--------------------------------------------------------------------------------------------
时间： 
$$$$$$$$$$$$$$$$$$$$$$$$$$$$$$$$$$$$$$$$$$$$$$$$$$$$$$$$$$$
000792 盐湖股份 涨幅7.65,市值215亿 
板块：锂电池,盐湖提锂
主买：21374万
主卖：-24826万
净买入：-3452万
类型：
符合条件1，单位时间新增买入 998万
$$$$$$$$$$$$$$$$$$$$$$$$$$$$$$$$$$$$$$$$$$$$$$$$$$$$$$$$$$$
002056 横店东磁 涨幅4.02,市值88亿 
板块：稀土永磁,苹果概念,特斯拉
主买：11739万
主卖：-19865万
净买入：-8126万
类型：游资
符合条件1，单位时间新增买入 985万
--------------------------------------------------------------------------------------------
时间： 
$$$$$$$$$$$$$$$$$$$$$$$$$$$$$$$$$$$$$$$$$$$$$$$$$$$$$$$$$$$
002056 横店东磁 涨幅4.71,市值89亿 
板块：稀土永磁,苹果概念,特斯拉
主买：13842万
主卖：-21147万
净买入：-7305万
类型：游资
符合条件1，单位时间新增买入 821万
--------------------------------------------------------------------------------------------
时间： 
$$$$$$$$$$$$$$$$$$$$$$$$$$$$$$$$$$$$$$$$$$$$$$$$$$$$$$$$$$$
600516 方大炭素 涨幅1.47,市值334亿 
板块：石墨电极
主买：32092万
主卖：-39557万
净买入：-7465万
类型：游资
符合条件1，单位时间新增买入 2023万
--------------------------------------------------------------------------------------------
时间： 
--------------------------------------------------------------------------------------------
时间： 
--------------------------------------------------------------------------------------------
时间： 
--------------------------------------------------------------------------------------------
时间： 
$$$$$$$$$$$$$$$$$$$$$$$$$$$$$$$$$$$$$$$$$$$$$$$$$$$$$$$$$$$
600773 西藏城投 涨幅10.01,市值72亿 
板块：锂电池,西藏板块,新能源汽车
主买：32199万
主卖：-17536万
净买入：14663万
类型：游资
符合条件1，单位时间新增买入 3263万
--------------------------------------------------------------------------------------------
时间： 
$$$$$$$$$$$$$$$$$$$$$$$$$$$$$$$$$$$$$$$$$$$$$$$$$$$$$$$$$$$
000839 中信国安 涨幅2.79,市值303亿 
板块：360概念,锂电池,新能源汽车
主买：25353万
主卖：-30265万
净买入：-4911万
类型：基金
符合条件1，单位时间新增买入 804万
$$$$$$$$$$$$$$$$$$$$$$$$$$$$$$$$$$$$$$$$$$$$$$$$$$$$$$$$$$$
000762 西藏矿业 涨幅2.15,市值93亿 
板块：盐湖提锂,西藏板块,锂电池
主买：15309万
主卖：-21515万
净买入：-6205万
类型：游资
符合条件1，单位时间新增买入 738万
--------------------------------------------------------------------------------------------
时间： 
--------------------------------------------------------------------------------------------
时间： 
$$$$$$$$$$$$$$$$$$$$$$$$$$$$$$$$$$$$$$$$$$$$$$$$$$$$$$$$$$$
600711 盛屯矿业 涨幅8.68,市值127亿 
板块：有色金属
主买：34018万
主卖：-9538万
净买入：24480万
类型：
符合条件1，单位时间新增买入 3553万
--------------------------------------------------------------------------------------------
时间： 
--------------------------------------------------------------------------------------------
时间： 
--------------------------------------------------------------------------------------------
时间： 
--------------------------------------------------------------------------------------------
时间： 
--------------------------------------------------------------------------------------------
时间： 
--------------------------------------------------------------------------------------------
时间： 
$$$$$$$$$$$$$$$$$$$$$$$$$$$$$$$$$$$$$$$$$$$$$$$$$$$$$$$$$$$
600711 盛屯矿业 涨幅8.99,市值128亿 
板块：有色金属
主买：35355万
主卖：-9935万
净买入：25420万
类型：
符合条件1，单位时间新增买入 711万
--------------------------------------------------------------------------------------------
时间： 
--------------------------------------------------------------------------------------------
时间： 
$$$$$$$$$$$$$$$$$$$$$$$$$$$$$$$$$$$$$$$$$$$$$$$$$$$$$$$$$$$
600711 盛屯矿业 涨幅8.89,市值128亿 
板块：有色金属
主买：37387万
主卖：-10332万
净买入：27055万
类型：
符合条件1，单位时间新增买入 1635万
--------------------------------------------------------------------------------------------
时间： 
$$$$$$$$$$$$$$$$$$$$$$$$$$$$$$$$$$$$$$$$$$$$$$$$$$$$$$$$$$$
002230 科大讯飞 涨幅4.04,市值560亿 
板块：人工智能,白马股
主买：48790万
主卖：-39418万
净买入：9373万
类型：游资
符合条件1，单位时间新增买入 994万
--------------------------------------------------------------------------------------------
时间： 
--------------------------------------------------------------------------------------------
时间： 
--------------------------------------------------------------------------------------------
时间： 
--------------------------------------------------------------------------------------------
时间： 
$$$$$$$$$$$$$$$$$$$$$$$$$$$$$$$$$$$$$$$$$$$$$$$$$$$$$$$$$$$
002742 三圣股份 涨幅8.47,市值28亿 
板块：高送转
主买：14785万
主卖：-4731万
净买入：10053万
类型：
符合条件1，单位时间新增买入 1088万
--------------------------------------------------------------------------------------------
时间： 
--------------------------------------------------------------------------------------------
时间： 
$$$$$$$$$$$$$$$$$$$$$$$$$$$$$$$$$$$$$$$$$$$$$$$$$$$$$$$$$$$
002056 横店东磁 涨幅6.42,市值90亿 
板块：稀土永磁,苹果概念,特斯拉
主买：18076万
主卖：-24900万
净买入：-6824万
类型：游资
符合条件1，单位时间新增买入 1088万
--------------------------------------------------------------------------------------------
时间： 
$$$$$$$$$$$$$$$$$$$$$$$$$$$$$$$$$$$$$$$$$$$$$$$$$$$$$$$$$$$
000792 盐湖股份 涨幅6.71,市值213亿 
板块：锂电池,盐湖提锂
主买：28175万
主卖：-32193万
净买入：-4019万
类型：
符合条件1，单位时间新增买入 718万
--------------------------------------------------------------------------------------------
时间： 
--------------------------------------------------------------------------------------------
时间： 
--------------------------------------------------------------------------------------------
时间： 
--------------------------------------------------------------------------------------------
时间： 
--------------------------------------------------------------------------------------------
时间： 
$$$$$$$$$$$$$$$$$$$$$$$$$$$$$$$$$$$$$$$$$$$$$$$$$$$$$$$$$$$
600499 科达洁能 涨幅6.22,市值142亿 
板块：锂电池
主买：18748万
主卖：-11565万
净买入：7183万
类型：
符合条件1，单位时间新增买入 908万
--------------------------------------------------------------------------------------------
时间： 
--------------------------------------------------------------------------------------------
时间： 
--------------------------------------------------------------------------------------------
时间： 
--------------------------------------------------------------------------------------------
时间： 
$$$$$$$$$$$$$$$$$$$$$$$$$$$$$$$$$$$$$$$$$$$$$$$$$$$$$$$$$$$
300334 津膜科技 涨幅5.14,市值30亿 
板块：雄安环保
主买：3138万
主卖：-1039万
净买入：2099万
类型：游资
符合条件1，单位时间新增买入 2099万
$$$$$$$$$$$$$$$$$$$$$$$$$$$$$$$$$$$$$$$$$$$$$$$$$$$$$$$$$$$
603938 三孚股份 涨幅4.49,市值12亿 
板块：次新股
主买：2614万
主卖：-1308万
净买入：1307万
类型：游资
符合条件1，单位时间新增买入 1307万
--------------------------------------------------------------------------------------------
时间： 
--------------------------------------------------------------------------------------------
时间： 
--------------------------------------------------------------------------------------------
时间： 
$$$$$$$$$$$$$$$$$$$$$$$$$$$$$$$$$$$$$$$$$$$$$$$$$$$$$$$$$$$
600499 科达洁能 涨幅7.05,市值143亿 
板块：锂电池
主买：22317万
主卖：-13148万
净买入：9169万
类型：
符合条件1，单位时间新增买入 854万
--------------------------------------------------------------------------------------------
时间： 
$$$$$$$$$$$$$$$$$$$$$$$$$$$$$$$$$$$$$$$$$$$$$$$$$$$$$$$$$$$
300035 中科电气 涨幅10.02,市值39亿 
板块：石墨烯,负极材料
主买：41350万
主卖：-8130万
净买入：33220万
类型：游资
符合条件1，单位时间新增买入 2003万
$$$$$$$$$$$$$$$$$$$$$$$$$$$$$$$$$$$$$$$$$$$$$$$$$$$$$$$$$$$
000537 广宇发展 涨幅9.98,市值47亿 
板块：房地产
主买：22370万
主卖：-8614万
净买入：13757万
类型：
符合条件1，单位时间新增买入 2580万
$$$$$$$$$$$$$$$$$$$$$$$$$$$$$$$$$$$$$$$$$$$$$$$$$$$$$$$$$$$
002230 科大讯飞 涨幅4.71,市值564亿 
板块：人工智能,白马股
主买：54513万
主卖：-41837万
净买入：12675万
类型：游资
符合条件1，单位时间新增买入 1681万
--------------------------------------------------------------------------------------------
时间： 
$$$$$$$$$$$$$$$$$$$$$$$$$$$$$$$$$$$$$$$$$$$$$$$$$$$$$$$$$$$
002230 科大讯飞 涨幅4.52,市值563亿 
板块：人工智能,白马股
主买：56520万
主卖：-42348万
净买入：14172万
类型：游资
符合条件1，单位时间新增买入 1497万
--------------------------------------------------------------------------------------------
时间： 
--------------------------------------------------------------------------------------------
时间： 
--------------------------------------------------------------------------------------------
时间： 
--------------------------------------------------------------------------------------------
时间： 
$$$$$$$$$$$$$$$$$$$$$$$$$$$$$$$$$$$$$$$$$$$$$$$$$$$$$$$$$$$
600558 大西洋 涨幅6.11,市值49亿 
板块：新材料,庄股
主买：5438万
主卖：-3505万
净买入：1933万
类型：
符合条件1，单位时间新增买入 1933万
$$$$$$$$$$$$$$$$$$$$$$$$$$$$$$$$$$$$$$$$$$$$$$$$$$$$$$$$$$$
002230 科大讯飞 涨幅4.38,市值562亿 
板块：人工智能,白马股
主买：59080万
主卖：-43337万
净买入：15743万
类型：游资
符合条件1，单位时间新增买入 968万
--------------------------------------------------------------------------------------------
时间： 
--------------------------------------------------------------------------------------------
时间： 
--------------------------------------------------------------------------------------------
时间： 
$$$$$$$$$$$$$$$$$$$$$$$$$$$$$$$$$$$$$$$$$$$$$$$$$$$$$$$$$$$
300418 昆仑万维 涨幅6.39,市值114亿 
板块：证金持股,创业板蓝筹
主买：12888万
主卖：-1210万
净买入：11677万
类型：游资
符合条件1，单位时间新增买入 861万
--------------------------------------------------------------------------------------------
时间： 
$$$$$$$$$$$$$$$$$$$$$$$$$$$$$$$$$$$$$$$$$$$$$$$$$$$$$$$$$$$
300418 昆仑万维 涨幅6.82,市值114亿 
板块：证金持股,创业板蓝筹
主买：13982万
主卖：-1210万
净买入：12772万
类型：游资
符合条件1，单位时间新增买入 1095万
--------------------------------------------------------------------------------------------
时间： 
--------------------------------------------------------------------------------------------
时间： 
--------------------------------------------------------------------------------------------
时间： 
--------------------------------------------------------------------------------------------
时间： 
--------------------------------------------------------------------------------------------
时间： 
$$$$$$$$$$$$$$$$$$$$$$$$$$$$$$$$$$$$$$$$$$$$$$$$$$$$$$$$$$$
300502 新易盛 涨幅10.01,市值26亿 
板块：5G
主买：7466万
主卖：-10143万
净买入：-2678万
类型：游资
符合条件1，单位时间新增买入 2120万
--------------------------------------------------------------------------------------------
时间： 
--------------------------------------------------------------------------------------------
时间： 
--------------------------------------------------------------------------------------------
时间： 
--------------------------------------------------------------------------------------------
时间： 
--------------------------------------------------------------------------------------------
时间： 
--------------------------------------------------------------------------------------------
时间： 
--------------------------------------------------------------------------------------------
时间： 
--------------------------------------------------------------------------------------------
时间： 
--------------------------------------------------------------------------------------------
时间： 
--------------------------------------------------------------------------------------------
时间： 
--------------------------------------------------------------------------------------------
时间： 
$$$$$$$$$$$$$$$$$$$$$$$$$$$$$$$$$$$$$$$$$$$$$$$$$$$$$$$$$$$
002797 第一创业 涨幅-3.25,市值213亿 
板块：证券
主买：18263万
主卖：-98397万
净买入：-80134万
类型：游资
符合条件1，单位时间新增买入 800万
--------------------------------------------------------------------------------------------
时间： 
--------------------------------------------------------------------------------------------
时间： 
--------------------------------------------------------------------------------------------
时间： 
--------------------------------------------------------------------------------------------
时间： 
--------------------------------------------------------------------------------------------
时间： 
--------------------------------------------------------------------------------------------
时间： 
--------------------------------------------------------------------------------------------
时间： 
--------------------------------------------------------------------------------------------
时间： 
--------------------------------------------------------------------------------------------
时间： 
--------------------------------------------------------------------------------------------
时间： 
--------------------------------------------------------------------------------------------
时间： 
--------------------------------------------------------------------------------------------
时间： 
--------------------------------------------------------------------------------------------
时间： 
$$$$$$$$$$$$$$$$$$$$$$$$$$$$$$$$$$$$$$$$$$$$$$$$$$$$$$$$$$$
600367 红星发展 涨幅6.16,市值30亿 
板块：锂电池
主买：6970万
主卖：-4385万
净买入：2586万
类型：
符合条件1，单位时间新增买入 779万
--------------------------------------------------------------------------------------------
时间： 
--------------------------------------------------------------------------------------------
时间： 
--------------------------------------------------------------------------------------------
时间： 
$$$$$$$$$$$$$$$$$$$$$$$$$$$$$$$$$$$$$$$$$$$$$$$$$$$$$$$$$$$
002230 科大讯飞 涨幅3.91,市值560亿 
板块：人工智能,白马股
主买：65837万
主卖：-46126万
净买入：19711万
类型：游资
符合条件1，单位时间新增买入 839万
--------------------------------------------------------------------------------------------
时间： 
$$$$$$$$$$$$$$$$$$$$$$$$$$$$$$$$$$$$$$$$$$$$$$$$$$$$$$$$$$$
000792 盐湖股份 涨幅7.97,市值215亿 
板块：锂电池,盐湖提锂
主买：32961万
主卖：-39322万
净买入：-6361万
类型：
符合条件1，单位时间新增买入 1205万
--------------------------------------------------------------------------------------------
时间： 
$$$$$$$$$$$$$$$$$$$$$$$$$$$$$$$$$$$$$$$$$$$$$$$$$$$$$$$$$$$
300141 和顺电气 涨幅3.35,市值19亿 
板块：充电桩
主买：3189万
主卖：-2338万
净买入：850万
类型：
符合条件1，单位时间新增买入 850万
--------------------------------------------------------------------------------------------
时间： 
--------------------------------------------------------------------------------------------
时间： 
--------------------------------------------------------------------------------------------
时间： 
--------------------------------------------------------------------------------------------
时间： 
$$$$$$$$$$$$$$$$$$$$$$$$$$$$$$$$$$$$$$$$$$$$$$$$$$$$$$$$$$$
000792 盐湖股份 涨幅8.91,市值217亿 
板块：锂电池,盐湖提锂
主买：36766万
主卖：-41616万
净买入：-4849万
类型：
符合条件1，单位时间新增买入 1395万
--------------------------------------------------------------------------------------------
时间： 
--------------------------------------------------------------------------------------------
时间： 
--------------------------------------------------------------------------------------------
时间： 
--------------------------------------------------------------------------------------------
时间： 
--------------------------------------------------------------------------------------------
时间： 
--------------------------------------------------------------------------------------------
时间： 
--------------------------------------------------------------------------------------------
时间： 
$$$$$$$$$$$$$$$$$$$$$$$$$$$$$$$$$$$$$$$$$$$$$$$$$$$$$$$$$$$
002056 横店东磁 涨幅5.14,市值89亿 
板块：稀土永磁,苹果概念,特斯拉
主买：22252万
主卖：-30239万
净买入：-7987万
类型：游资
符合条件1，单位时间新增买入 889万
--------------------------------------------------------------------------------------------
时间： 
$$$$$$$$$$$$$$$$$$$$$$$$$$$$$$$$$$$$$$$$$$$$$$$$$$$$$$$$$$$
600516 方大炭素 涨幅0.99,市值333亿 
板块：石墨电极
主买：42513万
主卖：-52006万
净买入：-9492万
类型：游资
符合条件1，单位时间新增买入 904万
--------------------------------------------------------------------------------------------
时间： 
--------------------------------------------------------------------------------------------
时间： 
--------------------------------------------------------------------------------------------
时间： 
$$$$$$$$$$$$$$$$$$$$$$$$$$$$$$$$$$$$$$$$$$$$$$$$$$$$$$$$$$$
000792 盐湖股份 涨幅6.65,市值213亿 
板块：锂电池,盐湖提锂
主买：40759万
主卖：-46910万
净买入：-6151万
类型：
符合条件1，单位时间新增买入 1123万
$$$$$$$$$$$$$$$$$$$$$$$$$$$$$$$$$$$$$$$$$$$$$$$$$$$$$$$$$$$
000762 西藏矿业 涨幅-0.77,市值90亿 
板块：盐湖提锂,西藏板块,锂电池
主买：23260万
主卖：-29597万
净买入：-6337万
类型：游资
符合条件1，单位时间新增买入 877万
$$$$$$$$$$$$$$$$$$$$$$$$$$$$$$$$$$$$$$$$$$$$$$$$$$$$$$$$$$$
600516 方大炭素 涨幅1.11,市值333亿 
板块：石墨电极
主买：44303万
主卖：-52652万
净买入：-8349万
类型：游资
符合条件1，单位时间新增买入 959万
