--------------------------------------------------------------------------------------------
时间： 
--------------------------------------------------------------------------------------------
时间： 
$$$$$$$$$$$$$$$$$$$$$$$$$$$$$$$$$$$$$$$$$$$$$$$$$$$$$$$$$$$
300699 光威复材 涨幅4.03,市值69亿 
板块：开板次新
主买：7430万
主卖：-4812万
净买入：2618万
类型：
符合条件1，单位时间新增买入 1303万
$$$$$$$$$$$$$$$$$$$$$$$$$$$$$$$$$$$$$$$$$$$$$$$$$$$$$$$$$$$
600490 鹏欣资源 涨幅3.21,市值117亿 
板块：钴
主买：6968万
主卖：-11204万
净买入：-4237万
类型：游资
符合条件1，单位时间新增买入 1021万
--------------------------------------------------------------------------------------------
时间： 
$$$$$$$$$$$$$$$$$$$$$$$$$$$$$$$$$$$$$$$$$$$$$$$$$$$$$$$$$$$
000868 安凯客车 涨幅10.01,市值40亿 
板块：新能源汽车
主买：33543万
主卖：-15068万
净买入：18475万
类型：
符合条件1，单位时间新增买入 7399万
$$$$$$$$$$$$$$$$$$$$$$$$$$$$$$$$$$$$$$$$$$$$$$$$$$$$$$$$$$$
603019 中科曙光 涨幅9.49,市值137亿 
板块：人工智能
主买：24215万
主卖：-15864万
净买入：8351万
类型：游资
符合条件1，单位时间新增买入 7939万
--------------------------------------------------------------------------------------------
时间： 
$$$$$$$$$$$$$$$$$$$$$$$$$$$$$$$$$$$$$$$$$$$$$$$$$$$$$$$$$$$
000868 安凯客车 涨幅10.01,市值40亿 
板块：新能源汽车
主买：40195万
主卖：-16625万
净买入：23570万
类型：
符合条件1，单位时间新增买入 5095万
--------------------------------------------------------------------------------------------
时间： 
$$$$$$$$$$$$$$$$$$$$$$$$$$$$$$$$$$$$$$$$$$$$$$$$$$$$$$$$$$$
603799 华友钴业 涨幅3.48,市值250亿 
板块：钴
主买：4446万
主卖：-1986万
净买入：2460万
类型：
符合条件1，单位时间新增买入 2460万
$$$$$$$$$$$$$$$$$$$$$$$$$$$$$$$$$$$$$$$$$$$$$$$$$$$$$$$$$$$
000868 安凯客车 涨幅10.01,市值40亿 
板块：新能源汽车
主买：41905万
主卖：-16741万
净买入：25164万
类型：
符合条件1，单位时间新增买入 1593万
--------------------------------------------------------------------------------------------
时间： 
--------------------------------------------------------------------------------------------
时间： 
$$$$$$$$$$$$$$$$$$$$$$$$$$$$$$$$$$$$$$$$$$$$$$$$$$$$$$$$$$$
000786 北新建材 涨幅4.03,市值130亿 
板块：雄安新区
主买：11741万
主卖：-253万
净买入：11488万
类型：基金
符合条件1，单位时间新增买入 11488万
--------------------------------------------------------------------------------------------
时间： 
$$$$$$$$$$$$$$$$$$$$$$$$$$$$$$$$$$$$$$$$$$$$$$$$$$$$$$$$$$$
600686 金龙汽车 涨幅8.75,市值51亿 
板块：新能源汽车,整车
主买：14154万
主卖：-11590万
净买入：2564万
类型：
符合条件1，单位时间新增买入 2564万
$$$$$$$$$$$$$$$$$$$$$$$$$$$$$$$$$$$$$$$$$$$$$$$$$$$$$$$$$$$
300618 寒锐钴业 涨幅6.39,市值59亿 
板块：钴,次新股
主买：3150万
主卖：-983万
净买入：2167万
类型：游资
符合条件1，单位时间新增买入 2167万
--------------------------------------------------------------------------------------------
时间： 
--------------------------------------------------------------------------------------------
时间： 
$$$$$$$$$$$$$$$$$$$$$$$$$$$$$$$$$$$$$$$$$$$$$$$$$$$$$$$$$$$
600206 有研新材 涨幅4.65,市值59亿 
板块：稀土永磁
主买：3316万
主卖：-236万
净买入：3080万
类型：游资
符合条件1，单位时间新增买入 3080万
$$$$$$$$$$$$$$$$$$$$$$$$$$$$$$$$$$$$$$$$$$$$$$$$$$$$$$$$$$$
002049 紫光国芯 涨幅5.23,市值125亿 
板块：芯片
主买：2927万
主卖：-1210万
净买入：1716万
类型：
符合条件1，单位时间新增买入 1716万
--------------------------------------------------------------------------------------------
时间： 
$$$$$$$$$$$$$$$$$$$$$$$$$$$$$$$$$$$$$$$$$$$$$$$$$$$$$$$$$$$
000839 中信国安 涨幅4.26,市值286亿 
板块：360概念,锂电池,新能源汽车
主买：12463万
主卖：-5622万
净买入：6841万
类型：基金
符合条件1，单位时间新增买入 6841万
--------------------------------------------------------------------------------------------
时间： 
$$$$$$$$$$$$$$$$$$$$$$$$$$$$$$$$$$$$$$$$$$$$$$$$$$$$$$$$$$$
002049 紫光国芯 涨幅6.94,市值127亿 
板块：芯片
主买：4599万
主卖：-1618万
净买入：2981万
类型：
符合条件1，单位时间新增买入 1048万
--------------------------------------------------------------------------------------------
时间： 
$$$$$$$$$$$$$$$$$$$$$$$$$$$$$$$$$$$$$$$$$$$$$$$$$$$$$$$$$$$
603799 华友钴业 涨幅3.00,市值249亿 
板块：钴
主买：9702万
主卖：-4334万
净买入：5367万
类型：
符合条件1，单位时间新增买入 711万
$$$$$$$$$$$$$$$$$$$$$$$$$$$$$$$$$$$$$$$$$$$$$$$$$$$$$$$$$$$
300699 光威复材 涨幅3.92,市值69亿 
板块：开板次新
主买：11001万
主卖：-6417万
净买入：4584万
类型：
符合条件1，单位时间新增买入 728万
--------------------------------------------------------------------------------------------
时间： 
$$$$$$$$$$$$$$$$$$$$$$$$$$$$$$$$$$$$$$$$$$$$$$$$$$$$$$$$$$$
300699 光威复材 涨幅5.31,市值70亿 
板块：开板次新
主买：13687万
主卖：-6417万
净买入：7270万
类型：
符合条件1，单位时间新增买入 2686万
$$$$$$$$$$$$$$$$$$$$$$$$$$$$$$$$$$$$$$$$$$$$$$$$$$$$$$$$$$$
600206 有研新材 涨幅6.23,市值59亿 
板块：稀土永磁
主买：4529万
主卖：-823万
净买入：3706万
类型：游资
符合条件1，单位时间新增买入 1160万
--------------------------------------------------------------------------------------------
时间： 
--------------------------------------------------------------------------------------------
时间： 
$$$$$$$$$$$$$$$$$$$$$$$$$$$$$$$$$$$$$$$$$$$$$$$$$$$$$$$$$$$
300527 华舟应急 涨幅5.78,市值31亿 
板块：军工
主买：1801万
主卖：0万
净买入：1801万
类型：
符合条件1，单位时间新增买入 1801万
--------------------------------------------------------------------------------------------
时间： 
$$$$$$$$$$$$$$$$$$$$$$$$$$$$$$$$$$$$$$$$$$$$$$$$$$$$$$$$$$$
300699 光威复材 涨幅7.55,市值71亿 
板块：开板次新
主买：17464万
主卖：-7797万
净买入：9667万
类型：
符合条件1，单位时间新增买入 2613万
$$$$$$$$$$$$$$$$$$$$$$$$$$$$$$$$$$$$$$$$$$$$$$$$$$$$$$$$$$$
603728 鸣志电器 涨幅5.41,市值21亿 
板块：次新股,电气设备
主买：956万
主卖：-162万
净买入：794万
类型：
符合条件1，单位时间新增买入 794万
--------------------------------------------------------------------------------------------
时间： 
$$$$$$$$$$$$$$$$$$$$$$$$$$$$$$$$$$$$$$$$$$$$$$$$$$$$$$$$$$$
000868 安凯客车 涨幅9.44,市值40亿 
板块：新能源汽车
主买：49473万
主卖：-20663万
净买入：28811万
类型：
符合条件1，单位时间新增买入 1594万
$$$$$$$$$$$$$$$$$$$$$$$$$$$$$$$$$$$$$$$$$$$$$$$$$$$$$$$$$$$
300699 光威复材 涨幅10.00,市值73亿 
板块：开板次新
主买：30980万
主卖：-10974万
净买入：20006万
类型：
符合条件1，单位时间新增买入 10339万
--------------------------------------------------------------------------------------------
时间： 
$$$$$$$$$$$$$$$$$$$$$$$$$$$$$$$$$$$$$$$$$$$$$$$$$$$$$$$$$$$
300699 光威复材 涨幅10.00,市值73亿 
板块：开板次新
主买：43142万
主卖：-17462万
净买入：25681万
类型：
符合条件1，单位时间新增买入 5675万
$$$$$$$$$$$$$$$$$$$$$$$$$$$$$$$$$$$$$$$$$$$$$$$$$$$$$$$$$$$
600309 万华化学 涨幅3.74,市值545亿 
板块：msci概念
主买：7608万
主卖：-5553万
净买入：2055万
类型：
符合条件1，单位时间新增买入 1537万
--------------------------------------------------------------------------------------------
时间： 
$$$$$$$$$$$$$$$$$$$$$$$$$$$$$$$$$$$$$$$$$$$$$$$$$$$$$$$$$$$
300699 光威复材 涨幅10.00,市值73亿 
板块：开板次新
主买：50936万
主卖：-18515万
净买入：32421万
类型：
符合条件1，单位时间新增买入 6740万
$$$$$$$$$$$$$$$$$$$$$$$$$$$$$$$$$$$$$$$$$$$$$$$$$$$$$$$$$$$
600309 万华化学 涨幅3.54,市值544亿 
板块：msci概念
主买：8451万
主卖：-5553万
净买入：2898万
类型：
符合条件1，单位时间新增买入 843万
--------------------------------------------------------------------------------------------
时间： 
$$$$$$$$$$$$$$$$$$$$$$$$$$$$$$$$$$$$$$$$$$$$$$$$$$$$$$$$$$$
300699 光威复材 涨幅10.00,市值73亿 
板块：开板次新
主买：54033万
主卖：-18638万
净买入：35395万
类型：
符合条件1，单位时间新增买入 2974万
$$$$$$$$$$$$$$$$$$$$$$$$$$$$$$$$$$$$$$$$$$$$$$$$$$$$$$$$$$$
603019 中科曙光 涨幅8.08,市值135亿 
板块：人工智能
主买：26450万
主卖：-17771万
净买入：8679万
类型：游资
符合条件1，单位时间新增买入 879万
$$$$$$$$$$$$$$$$$$$$$$$$$$$$$$$$$$$$$$$$$$$$$$$$$$$$$$$$$$$
600206 有研新材 涨幅10.01,市值62亿 
板块：稀土永磁
主买：6661万
主卖：-1463万
净买入：5198万
类型：游资
符合条件1，单位时间新增买入 1206万
--------------------------------------------------------------------------------------------
时间： 
$$$$$$$$$$$$$$$$$$$$$$$$$$$$$$$$$$$$$$$$$$$$$$$$$$$$$$$$$$$
002230 科大讯飞 涨幅2.04,市值540亿 
板块：人工智能,白马股
主买：12017万
主卖：-5901万
净买入：6116万
类型：游资
符合条件1，单位时间新增买入 6116万
$$$$$$$$$$$$$$$$$$$$$$$$$$$$$$$$$$$$$$$$$$$$$$$$$$$$$$$$$$$
300699 光威复材 涨幅9.60,市值72亿 
板块：开板次新
主买：61918万
主卖：-24011万
净买入：37907万
类型：
符合条件1，单位时间新增买入 2512万
$$$$$$$$$$$$$$$$$$$$$$$$$$$$$$$$$$$$$$$$$$$$$$$$$$$$$$$$$$$
600206 有研新材 涨幅9.92,市值62亿 
板块：稀土永磁
主买：17277万
主卖：-4661万
净买入：12616万
类型：游资
符合条件1，单位时间新增买入 7418万
$$$$$$$$$$$$$$$$$$$$$$$$$$$$$$$$$$$$$$$$$$$$$$$$$$$$$$$$$$$
000725 京东方Ａ 涨幅1.90,市值1040亿 
板块：OLED
主买：24766万
主卖：-28451万
净买入：-3686万
类型：
符合条件1，单位时间新增买入 2128万
--------------------------------------------------------------------------------------------
时间： 
$$$$$$$$$$$$$$$$$$$$$$$$$$$$$$$$$$$$$$$$$$$$$$$$$$$$$$$$$$$
300699 光威复材 涨幅9.32,市值72亿 
板块：开板次新
主买：62822万
主卖：-24123万
净买入：38699万
类型：
符合条件1，单位时间新增买入 792万
$$$$$$$$$$$$$$$$$$$$$$$$$$$$$$$$$$$$$$$$$$$$$$$$$$$$$$$$$$$
000725 京东方Ａ 涨幅1.90,市值1040亿 
板块：OLED
主买：26288万
主卖：-29121万
净买入：-2833万
类型：
符合条件1，单位时间新增买入 853万
--------------------------------------------------------------------------------------------
时间： 
$$$$$$$$$$$$$$$$$$$$$$$$$$$$$$$$$$$$$$$$$$$$$$$$$$$$$$$$$$$
002049 紫光国芯 涨幅10.01,市值131亿 
板块：芯片
主买：8858万
主卖：-3521万
净买入：5337万
类型：
符合条件1，单位时间新增买入 767万
$$$$$$$$$$$$$$$$$$$$$$$$$$$$$$$$$$$$$$$$$$$$$$$$$$$$$$$$$$$
600309 万华化学 涨幅4.54,市值550亿 
板块：msci概念
主买：11981万
主卖：-6895万
净买入：5086万
类型：
符合条件1，单位时间新增买入 947万
--------------------------------------------------------------------------------------------
时间： 
$$$$$$$$$$$$$$$$$$$$$$$$$$$$$$$$$$$$$$$$$$$$$$$$$$$$$$$$$$$
000868 安凯客车 涨幅9.55,市值40亿 
板块：新能源汽车
主买：50849万
主卖：-20781万
净买入：30068万
类型：
符合条件1，单位时间新增买入 875万
$$$$$$$$$$$$$$$$$$$$$$$$$$$$$$$$$$$$$$$$$$$$$$$$$$$$$$$$$$$
000786 北新建材 涨幅4.46,市值131亿 
板块：雄安新区
主买：14949万
主卖：-392万
净买入：14558万
类型：基金
符合条件1，单位时间新增买入 726万
$$$$$$$$$$$$$$$$$$$$$$$$$$$$$$$$$$$$$$$$$$$$$$$$$$$$$$$$$$$
002049 紫光国芯 涨幅9.01,市值130亿 
板块：芯片
主买：19503万
主卖：-5374万
净买入：14129万
类型：
符合条件1，单位时间新增买入 8791万
$$$$$$$$$$$$$$$$$$$$$$$$$$$$$$$$$$$$$$$$$$$$$$$$$$$$$$$$$$$
002230 科大讯飞 涨幅2.42,市值542亿 
板块：人工智能,白马股
主买：15080万
主卖：-6711万
净买入：8369万
类型：游资
符合条件1，单位时间新增买入 2354万
$$$$$$$$$$$$$$$$$$$$$$$$$$$$$$$$$$$$$$$$$$$$$$$$$$$$$$$$$$$
600309 万华化学 涨幅4.47,市值549亿 
板块：msci概念
主买：13744万
主卖：-7628万
净买入：6116万
类型：
符合条件1，单位时间新增买入 1030万
$$$$$$$$$$$$$$$$$$$$$$$$$$$$$$$$$$$$$$$$$$$$$$$$$$$$$$$$$$$
300698 万马科技 涨幅3.51,市值16亿 
板块：次新股,5G
主买：3380万
主卖：-3018万
净买入：362万
类型：
符合条件1，单位时间新增买入 765万
$$$$$$$$$$$$$$$$$$$$$$$$$$$$$$$$$$$$$$$$$$$$$$$$$$$$$$$$$$$
000725 京东方Ａ 涨幅2.38,市值1045亿 
板块：OLED
主买：27673万
主卖：-30044万
净买入：-2371万
类型：
符合条件1，单位时间新增买入 1503万
--------------------------------------------------------------------------------------------
时间： 
$$$$$$$$$$$$$$$$$$$$$$$$$$$$$$$$$$$$$$$$$$$$$$$$$$$$$$$$$$$
000786 北新建材 涨幅5.02,市值131亿 
板块：雄安新区
主买：15920万
主卖：-392万
净买入：15528万
类型：基金
符合条件1，单位时间新增买入 971万
$$$$$$$$$$$$$$$$$$$$$$$$$$$$$$$$$$$$$$$$$$$$$$$$$$$$$$$$$$$
000725 京东方Ａ 涨幅2.38,市值1045亿 
板块：OLED
主买：35327万
主卖：-32640万
净买入：2686万
类型：
符合条件1，单位时间新增买入 5057万
--------------------------------------------------------------------------------------------
时间： 
--------------------------------------------------------------------------------------------
时间： 
$$$$$$$$$$$$$$$$$$$$$$$$$$$$$$$$$$$$$$$$$$$$$$$$$$$$$$$$$$$
000786 北新建材 涨幅5.21,市值132亿 
板块：雄安新区
主买：17469万
主卖：-614万
净买入：16854万
类型：基金
符合条件1，单位时间新增买入 1048万
$$$$$$$$$$$$$$$$$$$$$$$$$$$$$$$$$$$$$$$$$$$$$$$$$$$$$$$$$$$
300077 国民技术 涨幅3.91,市值86亿 
板块：5G
主买：5764万
主卖：-284万
净买入：5480万
类型：
符合条件1，单位时间新增买入 5480万
--------------------------------------------------------------------------------------------
时间： 
$$$$$$$$$$$$$$$$$$$$$$$$$$$$$$$$$$$$$$$$$$$$$$$$$$$$$$$$$$$
000868 安凯客车 涨幅10.01,市值40亿 
板块：新能源汽车
主买：52263万
主卖：-21150万
净买入：31114万
类型：
符合条件1，单位时间新增买入 813万
--------------------------------------------------------------------------------------------
时间： 
$$$$$$$$$$$$$$$$$$$$$$$$$$$$$$$$$$$$$$$$$$$$$$$$$$$$$$$$$$$
300334 津膜科技 涨幅5.63,市值30亿 
板块：雄安环保,盐湖提锂
主买：2522万
主卖：-272万
净买入：2250万
类型：游资
符合条件1，单位时间新增买入 2250万
$$$$$$$$$$$$$$$$$$$$$$$$$$$$$$$$$$$$$$$$$$$$$$$$$$$$$$$$$$$
002460 赣锋锂业 涨幅-1.46,市值433亿 
板块：锂电池
主买：13550万
主卖：-26859万
净买入：-13309万
类型：游资
符合条件1，单位时间新增买入 1467万
--------------------------------------------------------------------------------------------
时间： 
$$$$$$$$$$$$$$$$$$$$$$$$$$$$$$$$$$$$$$$$$$$$$$$$$$$$$$$$$$$
300699 光威复材 涨幅9.85,市值73亿 
板块：开板次新
主买：71987万
主卖：-29458万
净买入：42529万
类型：
符合条件1，单位时间新增买入 3883万
$$$$$$$$$$$$$$$$$$$$$$$$$$$$$$$$$$$$$$$$$$$$$$$$$$$$$$$$$$$
603019 中科曙光 涨幅9.19,市值137亿 
板块：人工智能
主买：28459万
主卖：-18640万
净买入：9819万
类型：游资
符合条件1，单位时间新增买入 718万
--------------------------------------------------------------------------------------------
时间： 
$$$$$$$$$$$$$$$$$$$$$$$$$$$$$$$$$$$$$$$$$$$$$$$$$$$$$$$$$$$
300699 光威复材 涨幅9.05,市值72亿 
板块：开板次新
主买：73739万
主卖：-29458万
净买入：44281万
类型：
符合条件1，单位时间新增买入 1752万
--------------------------------------------------------------------------------------------
时间： 
$$$$$$$$$$$$$$$$$$$$$$$$$$$$$$$$$$$$$$$$$$$$$$$$$$$$$$$$$$$
300699 光威复材 涨幅9.87,市值73亿 
板块：开板次新
主买：74928万
主卖：-29573万
净买入：45356万
类型：
符合条件1，单位时间新增买入 1075万
$$$$$$$$$$$$$$$$$$$$$$$$$$$$$$$$$$$$$$$$$$$$$$$$$$$$$$$$$$$
603019 中科曙光 涨幅9.04,市值137亿 
板块：人工智能
主买：29870万
主卖：-18815万
净买入：11055万
类型：游资
符合条件1，单位时间新增买入 735万
$$$$$$$$$$$$$$$$$$$$$$$$$$$$$$$$$$$$$$$$$$$$$$$$$$$$$$$$$$$
000725 京东方Ａ 涨幅2.38,市值1045亿 
板块：OLED
主买：39848万
主卖：-36980万
净买入：2869万
类型：
符合条件1，单位时间新增买入 724万
--------------------------------------------------------------------------------------------
时间： 
$$$$$$$$$$$$$$$$$$$$$$$$$$$$$$$$$$$$$$$$$$$$$$$$$$$$$$$$$$$
300699 光威复材 涨幅9.87,市值73亿 
板块：开板次新
主买：77688万
主卖：-29946万
净买入：47742万
类型：
符合条件1，单位时间新增买入 2387万
$$$$$$$$$$$$$$$$$$$$$$$$$$$$$$$$$$$$$$$$$$$$$$$$$$$$$$$$$$$
603019 中科曙光 涨幅9.61,市值137亿 
板块：人工智能
主买：30934万
主卖：-19109万
净买入：11825万
类型：游资
符合条件1，单位时间新增买入 770万
$$$$$$$$$$$$$$$$$$$$$$$$$$$$$$$$$$$$$$$$$$$$$$$$$$$$$$$$$$$
300077 国民技术 涨幅5.14,市值88亿 
板块：5G
主买：8145万
主卖：-284万
净买入：7861万
类型：
符合条件1，单位时间新增买入 1502万
$$$$$$$$$$$$$$$$$$$$$$$$$$$$$$$$$$$$$$$$$$$$$$$$$$$$$$$$$$$
000839 中信国安 涨幅4.54,市值287亿 
板块：360概念,锂电池,新能源汽车
主买：16926万
主卖：-9906万
净买入：7020万
类型：基金
符合条件1，单位时间新增买入 1827万
--------------------------------------------------------------------------------------------
时间： 
--------------------------------------------------------------------------------------------
时间： 
$$$$$$$$$$$$$$$$$$$$$$$$$$$$$$$$$$$$$$$$$$$$$$$$$$$$$$$$$$$
000725 京东方Ａ 涨幅2.86,市值1050亿 
板块：OLED
主买：41711万
主卖：-36980万
净买入：4731万
类型：
符合条件1，单位时间新增买入 2150万
--------------------------------------------------------------------------------------------
时间： 
--------------------------------------------------------------------------------------------
时间： 
$$$$$$$$$$$$$$$$$$$$$$$$$$$$$$$$$$$$$$$$$$$$$$$$$$$$$$$$$$$
000786 北新建材 涨幅5.70,市值132亿 
板块：雄安新区
主买：19055万
主卖：-740万
净买入：18315万
类型：基金
符合条件1，单位时间新增买入 711万
--------------------------------------------------------------------------------------------
时间： 
--------------------------------------------------------------------------------------------
时间： 
$$$$$$$$$$$$$$$$$$$$$$$$$$$$$$$$$$$$$$$$$$$$$$$$$$$$$$$$$$$
300077 国民技术 涨幅6.25,市值88亿 
板块：5G
主买：10387万
主卖：-284万
净买入：10102万
类型：
符合条件1，单位时间新增买入 1083万
$$$$$$$$$$$$$$$$$$$$$$$$$$$$$$$$$$$$$$$$$$$$$$$$$$$$$$$$$$$
000725 京东方Ａ 涨幅3.10,市值1052亿 
板块：OLED
主买：47443万
主卖：-38396万
净买入：9047万
类型：
符合条件1，单位时间新增买入 4790万
$$$$$$$$$$$$$$$$$$$$$$$$$$$$$$$$$$$$$$$$$$$$$$$$$$$$$$$$$$$
002230 科大讯飞 涨幅2.45,市值542亿 
板块：人工智能,白马股
主买：19856万
主卖：-12596万
净买入：7261万
类型：游资
符合条件1，单位时间新增买入 2069万
--------------------------------------------------------------------------------------------
时间： 
$$$$$$$$$$$$$$$$$$$$$$$$$$$$$$$$$$$$$$$$$$$$$$$$$$$$$$$$$$$
300687 赛意信息 涨幅5.59,市值12亿 
板块：次新股
主买：3758万
主卖：-631万
净买入：3127万
类型：
符合条件1，单位时间新增买入 3127万
$$$$$$$$$$$$$$$$$$$$$$$$$$$$$$$$$$$$$$$$$$$$$$$$$$$$$$$$$$$
000725 京东方Ａ 涨幅3.57,市值1057亿 
板块：OLED
主买：51395万
主卖：-39762万
净买入：11633万
类型：
符合条件1，单位时间新增买入 2586万
--------------------------------------------------------------------------------------------
时间： 
$$$$$$$$$$$$$$$$$$$$$$$$$$$$$$$$$$$$$$$$$$$$$$$$$$$$$$$$$$$
000725 京东方Ａ 涨幅3.33,市值1055亿 
板块：OLED
主买：57372万
主卖：-40618万
净买入：16753万
类型：
符合条件1，单位时间新增买入 5120万
$$$$$$$$$$$$$$$$$$$$$$$$$$$$$$$$$$$$$$$$$$$$$$$$$$$$$$$$$$$
000848 承德露露 涨幅3.83,市值50亿 
板块：饮料制造
主买：5999万
主卖：-847万
净买入：5152万
类型：
符合条件1，单位时间新增买入 5152万
--------------------------------------------------------------------------------------------
时间： 
--------------------------------------------------------------------------------------------
时间： 
--------------------------------------------------------------------------------------------
时间： 
$$$$$$$$$$$$$$$$$$$$$$$$$$$$$$$$$$$$$$$$$$$$$$$$$$$$$$$$$$$
002230 科大讯飞 涨幅2.60,市值543亿 
板块：人工智能,白马股
主买：21937万
主卖：-13517万
净买入：8420万
类型：游资
符合条件1，单位时间新增买入 1372万
--------------------------------------------------------------------------------------------
时间： 
--------------------------------------------------------------------------------------------
时间： 
$$$$$$$$$$$$$$$$$$$$$$$$$$$$$$$$$$$$$$$$$$$$$$$$$$$$$$$$$$$
002230 科大讯飞 涨幅2.72,市值544亿 
板块：人工智能,白马股
主买：22992万
主卖：-13740万
净买入：9252万
类型：游资
符合条件1，单位时间新增买入 945万
--------------------------------------------------------------------------------------------
时间： 
--------------------------------------------------------------------------------------------
时间： 
--------------------------------------------------------------------------------------------
时间： 
$$$$$$$$$$$$$$$$$$$$$$$$$$$$$$$$$$$$$$$$$$$$$$$$$$$$$$$$$$$
002510 天汽模 涨幅3.76,市值63亿 
板块：特斯拉
主买：5507万
主卖：-6488万
净买入：-981万
类型：游资
符合条件1，单位时间新增买入 1683万
--------------------------------------------------------------------------------------------
时间： 
$$$$$$$$$$$$$$$$$$$$$$$$$$$$$$$$$$$$$$$$$$$$$$$$$$$$$$$$$$$
603019 中科曙光 涨幅9.04,市值137亿 
板块：人工智能
主买：34566万
主卖：-19883万
净买入：14684万
类型：游资
符合条件1，单位时间新增买入 967万
$$$$$$$$$$$$$$$$$$$$$$$$$$$$$$$$$$$$$$$$$$$$$$$$$$$$$$$$$$$
002230 科大讯飞 涨幅2.91,市值545亿 
板块：人工智能,白马股
主买：27805万
主卖：-15117万
净买入：12688万
类型：游资
符合条件1，单位时间新增买入 3248万
$$$$$$$$$$$$$$$$$$$$$$$$$$$$$$$$$$$$$$$$$$$$$$$$$$$$$$$$$$$
002510 天汽模 涨幅2.82,市值63亿 
板块：特斯拉
主买：6927万
主卖：-6889万
净买入：38万
类型：游资
符合条件1，单位时间新增买入 1019万
$$$$$$$$$$$$$$$$$$$$$$$$$$$$$$$$$$$$$$$$$$$$$$$$$$$$$$$$$$$
002194 武汉凡谷 涨幅8.73,市值27亿 
板块：5G
主买：1920万
主卖：-12836万
净买入：-10915万
类型：
符合条件1，单位时间新增买入 718万
--------------------------------------------------------------------------------------------
时间： 
$$$$$$$$$$$$$$$$$$$$$$$$$$$$$$$$$$$$$$$$$$$$$$$$$$$$$$$$$$$
002194 武汉凡谷 涨幅8.97,市值27亿 
板块：5G
主买：5957万
主卖：-13434万
净买入：-7477万
类型：
符合条件1，单位时间新增买入 3438万
--------------------------------------------------------------------------------------------
时间： 
$$$$$$$$$$$$$$$$$$$$$$$$$$$$$$$$$$$$$$$$$$$$$$$$$$$$$$$$$$$
300638 广和通 涨幅9.74,市值8亿 
板块：5G,次新股
主买：5995万
主卖：-4711万
净买入：1283万
类型：
符合条件1，单位时间新增买入 1040万
--------------------------------------------------------------------------------------------
时间： 
--------------------------------------------------------------------------------------------
时间： 
$$$$$$$$$$$$$$$$$$$$$$$$$$$$$$$$$$$$$$$$$$$$$$$$$$$$$$$$$$$
603019 中科曙光 涨幅9.99,市值138亿 
板块：人工智能
主买：41428万
主卖：-25046万
净买入：16382万
类型：游资
符合条件1，单位时间新增买入 1092万
$$$$$$$$$$$$$$$$$$$$$$$$$$$$$$$$$$$$$$$$$$$$$$$$$$$$$$$$$$$
600345 长江通信 涨幅9.97,市值30亿 
板块：5G
主买：8624万
主卖：-7738万
净买入：886万
类型：
符合条件1，单位时间新增买入 1380万
--------------------------------------------------------------------------------------------
时间： 
$$$$$$$$$$$$$$$$$$$$$$$$$$$$$$$$$$$$$$$$$$$$$$$$$$$$$$$$$$$
603019 中科曙光 涨幅9.90,市值138亿 
板块：人工智能
主买：54446万
主卖：-25839万
净买入：28607万
类型：游资
符合条件1，单位时间新增买入 12224万
$$$$$$$$$$$$$$$$$$$$$$$$$$$$$$$$$$$$$$$$$$$$$$$$$$$$$$$$$$$
000786 北新建材 涨幅5.15,市值131亿 
板块：雄安新区
主买：20949万
主卖：-959万
净买入：19989万
类型：基金
符合条件1，单位时间新增买入 711万
--------------------------------------------------------------------------------------------
时间： 
$$$$$$$$$$$$$$$$$$$$$$$$$$$$$$$$$$$$$$$$$$$$$$$$$$$$$$$$$$$
000725 京东方Ａ 涨幅3.57,市值1057亿 
板块：OLED
主买：64217万
主卖：-48288万
净买入：15929万
类型：
符合条件1，单位时间新增买入 1940万
--------------------------------------------------------------------------------------------
时间： 
$$$$$$$$$$$$$$$$$$$$$$$$$$$$$$$$$$$$$$$$$$$$$$$$$$$$$$$$$$$
603019 中科曙光 涨幅9.99,市值138亿 
板块：人工智能
主买：58105万
主卖：-27149万
净买入：30956万
类型：游资
符合条件1，单位时间新增买入 2157万
--------------------------------------------------------------------------------------------
时间： 
--------------------------------------------------------------------------------------------
时间： 
--------------------------------------------------------------------------------------------
时间： 
$$$$$$$$$$$$$$$$$$$$$$$$$$$$$$$$$$$$$$$$$$$$$$$$$$$$$$$$$$$
601011 宝泰隆 涨幅-6.09,市值96亿 
板块：石墨烯,针状焦,负极材料,锂电池
主买：5328万
主卖：-23450万
净买入：-18122万
类型：游资
符合条件1，单位时间新增买入 720万
--------------------------------------------------------------------------------------------
时间： 
--------------------------------------------------------------------------------------------
时间： 
--------------------------------------------------------------------------------------------
时间： 
$$$$$$$$$$$$$$$$$$$$$$$$$$$$$$$$$$$$$$$$$$$$$$$$$$$$$$$$$$$
000786 北新建材 涨幅6.14,市值133亿 
板块：雄安新区
主买：23546万
主卖：-959万
净买入：22587万
类型：基金
符合条件1，单位时间新增买入 1074万
--------------------------------------------------------------------------------------------
时间： 
--------------------------------------------------------------------------------------------
时间： 
--------------------------------------------------------------------------------------------
时间： 
--------------------------------------------------------------------------------------------
时间： 
--------------------------------------------------------------------------------------------
时间： 
--------------------------------------------------------------------------------------------
时间： 
--------------------------------------------------------------------------------------------
时间： 
$$$$$$$$$$$$$$$$$$$$$$$$$$$$$$$$$$$$$$$$$$$$$$$$$$$$$$$$$$$
300565 科信技术 涨幅9.71,市值12亿 
板块：次新股,5G
主买：2536万
主卖：-3554万
净买入：-1017万
类型：
符合条件1，单位时间新增买入 877万
--------------------------------------------------------------------------------------------
时间： 
--------------------------------------------------------------------------------------------
时间： 
$$$$$$$$$$$$$$$$$$$$$$$$$$$$$$$$$$$$$$$$$$$$$$$$$$$$$$$$$$$
300055 万邦达 涨幅3.26,市值105亿 
板块：雄安环保
主买：7341万
主卖：-4587万
净买入：2755万
类型：游资
符合条件1，单位时间新增买入 2755万
--------------------------------------------------------------------------------------------
时间： 
--------------------------------------------------------------------------------------------
时间： 
$$$$$$$$$$$$$$$$$$$$$$$$$$$$$$$$$$$$$$$$$$$$$$$$$$$$$$$$$$$
000725 京东方Ａ 涨幅3.57,市值1057亿 
板块：OLED
主买：74632万
主卖：-56068万
净买入：18565万
类型：
符合条件1，单位时间新增买入 2089万
--------------------------------------------------------------------------------------------
时间： 
--------------------------------------------------------------------------------------------
时间： 
--------------------------------------------------------------------------------------------
时间： 
$$$$$$$$$$$$$$$$$$$$$$$$$$$$$$$$$$$$$$$$$$$$$$$$$$$$$$$$$$$
000725 京东方Ａ 涨幅4.05,市值1062亿 
板块：OLED
主买：79269万
主卖：-57469万
净买入：21800万
类型：
符合条件1，单位时间新增买入 2513万
--------------------------------------------------------------------------------------------
时间： 
$$$$$$$$$$$$$$$$$$$$$$$$$$$$$$$$$$$$$$$$$$$$$$$$$$$$$$$$$$$
300344 太空板业 涨幅3.79,市值25亿 
板块：绿色建筑
主买：2829万
主卖：-820万
净买入：2010万
类型：游资
符合条件1，单位时间新增买入 2010万
--------------------------------------------------------------------------------------------
时间： 
$$$$$$$$$$$$$$$$$$$$$$$$$$$$$$$$$$$$$$$$$$$$$$$$$$$$$$$$$$$
603019 中科曙光 涨幅9.96,市值138亿 
板块：人工智能
主买：63007万
主卖：-28643万
净买入：34363万
类型：游资
符合条件1，单位时间新增买入 882万
--------------------------------------------------------------------------------------------
时间： 
--------------------------------------------------------------------------------------------
时间： 
$$$$$$$$$$$$$$$$$$$$$$$$$$$$$$$$$$$$$$$$$$$$$$$$$$$$$$$$$$$
603019 中科曙光 涨幅9.87,市值138亿 
板块：人工智能
主买：64880万
主卖：-28809万
净买入：36071万
类型：游资
符合条件1，单位时间新增买入 1410万
--------------------------------------------------------------------------------------------
时间： 
--------------------------------------------------------------------------------------------
时间： 
$$$$$$$$$$$$$$$$$$$$$$$$$$$$$$$$$$$$$$$$$$$$$$$$$$$$$$$$$$$
300699 光威复材 涨幅8.21,市值72亿 
板块：开板次新
主买：85215万
主卖：-34217万
净买入：50997万
类型：
符合条件1，单位时间新增买入 2653万
$$$$$$$$$$$$$$$$$$$$$$$$$$$$$$$$$$$$$$$$$$$$$$$$$$$$$$$$$$$
603019 中科曙光 涨幅9.01,市值137亿 
板块：人工智能
主买：68202万
主卖：-30082万
净买入：38120万
类型：游资
符合条件1，单位时间新增买入 1801万
$$$$$$$$$$$$$$$$$$$$$$$$$$$$$$$$$$$$$$$$$$$$$$$$$$$$$$$$$$$
000725 京东方Ａ 涨幅3.57,市值1057亿 
板块：OLED
主买：93107万
主卖：-66665万
净买入：26443万
类型：
符合条件1，单位时间新增买入 4885万
$$$$$$$$$$$$$$$$$$$$$$$$$$$$$$$$$$$$$$$$$$$$$$$$$$$$$$$$$$$
000786 北新建材 涨幅5.21,市值132亿 
板块：雄安新区
主买：25610万
主卖：-1004万
净买入：24606万
类型：基金
符合条件1，单位时间新增买入 1699万
$$$$$$$$$$$$$$$$$$$$$$$$$$$$$$$$$$$$$$$$$$$$$$$$$$$$$$$$$$$
603799 华友钴业 涨幅3.98,市值251亿 
板块：钴
主买：18087万
主卖：-9975万
净买入：8112万
类型：
符合条件1，单位时间新增买入 2681万
$$$$$$$$$$$$$$$$$$$$$$$$$$$$$$$$$$$$$$$$$$$$$$$$$$$$$$$$$$$
300618 寒锐钴业 涨幅8.01,市值60亿 
板块：钴,次新股
主买：11072万
主卖：-5338万
净买入：5734万
类型：游资
符合条件1，单位时间新增买入 3307万
$$$$$$$$$$$$$$$$$$$$$$$$$$$$$$$$$$$$$$$$$$$$$$$$$$$$$$$$$$$
300055 万邦达 涨幅2.90,市值105亿 
板块：雄安环保
主买：10675万
主卖：-7850万
净买入：2824万
类型：游资
符合条件1，单位时间新增买入 1201万
$$$$$$$$$$$$$$$$$$$$$$$$$$$$$$$$$$$$$$$$$$$$$$$$$$$$$$$$$$$
600345 长江通信 涨幅9.25,市值30亿 
板块：5G
主买：11655万
主卖：-8864万
净买入：2790万
类型：
符合条件1，单位时间新增买入 912万
$$$$$$$$$$$$$$$$$$$$$$$$$$$$$$$$$$$$$$$$$$$$$$$$$$$$$$$$$$$
300666 江丰电子 涨幅7.10,市值27亿 
板块：次新股,半导体
主买：4284万
主卖：-2538万
净买入：1746万
类型：游资
符合条件1，单位时间新增买入 807万
$$$$$$$$$$$$$$$$$$$$$$$$$$$$$$$$$$$$$$$$$$$$$$$$$$$$$$$$$$$
002340 格林美 涨幅0.24,市值224亿 
板块：钴,锂电池
主买：12956万
主卖：-24642万
净买入：-11687万
类型：游资
符合条件1，单位时间新增买入 1499万
$$$$$$$$$$$$$$$$$$$$$$$$$$$$$$$$$$$$$$$$$$$$$$$$$$$$$$$$$$$
002460 赣锋锂业 涨幅-0.29,市值438亿 
板块：锂电池
主买：24303万
主卖：-37223万
净买入：-12921万
类型：游资
符合条件1，单位时间新增买入 1653万
--------------------------------------------------------------------------------------------
时间： 
--------------------------------------------------------------------------------------------
时间： 
--------------------------------------------------------------------------------------------
时间： 
--------------------------------------------------------------------------------------------
时间： 
--------------------------------------------------------------------------------------------
时间： 
--------------------------------------------------------------------------------------------
时间： 
$$$$$$$$$$$$$$$$$$$$$$$$$$$$$$$$$$$$$$$$$$$$$$$$$$$$$$$$$$$
600490 鹏欣资源 涨幅4.09,市值118亿 
板块：钴
主买：15688万
主卖：-25675万
净买入：-9987万
类型：游资
符合条件1，单位时间新增买入 1565万
--------------------------------------------------------------------------------------------
时间： 
--------------------------------------------------------------------------------------------
时间： 
$$$$$$$$$$$$$$$$$$$$$$$$$$$$$$$$$$$$$$$$$$$$$$$$$$$$$$$$$$$
000801 四川九洲 涨幅5.03,市值47亿 
板块：军民融合
主买：2043万
主卖：-599万
净买入：1444万
类型：游资
符合条件1，单位时间新增买入 1444万
--------------------------------------------------------------------------------------------
时间： 
$$$$$$$$$$$$$$$$$$$$$$$$$$$$$$$$$$$$$$$$$$$$$$$$$$$$$$$$$$$
600160 巨化股份 涨幅5.89,市值108亿 
板块：化工
主买：10365万
主卖：-5607万
净买入：4758万
类型：
符合条件1，单位时间新增买入 4758万
--------------------------------------------------------------------------------------------
时间： 
$$$$$$$$$$$$$$$$$$$$$$$$$$$$$$$$$$$$$$$$$$$$$$$$$$$$$$$$$$$
300697 电工合金 涨幅5.60,市值15亿 
板块：开板次新
主买：4386万
主卖：-1648万
净买入：2737万
类型：
符合条件1，单位时间新增买入 2737万
--------------------------------------------------------------------------------------------
时间： 
$$$$$$$$$$$$$$$$$$$$$$$$$$$$$$$$$$$$$$$$$$$$$$$$$$$$$$$$$$$
002194 武汉凡谷 涨幅9.37,市值27亿 
板块：5G
主买：8765万
主卖：-14122万
净买入：-5357万
类型：
符合条件1，单位时间新增买入 778万
--------------------------------------------------------------------------------------------
时间： 
--------------------------------------------------------------------------------------------
时间： 
--------------------------------------------------------------------------------------------
时间： 
--------------------------------------------------------------------------------------------
时间： 
--------------------------------------------------------------------------------------------
时间： 
--------------------------------------------------------------------------------------------
时间： 
--------------------------------------------------------------------------------------------
时间： 
$$$$$$$$$$$$$$$$$$$$$$$$$$$$$$$$$$$$$$$$$$$$$$$$$$$$$$$$$$$
000413 东旭光电 涨幅1.24,市值421亿 
板块：石墨烯
主买：27213万
主卖：-29853万
净买入：-2640万
类型：基金
符合条件1，单位时间新增买入 936万
--------------------------------------------------------------------------------------------
时间： 
--------------------------------------------------------------------------------------------
时间： 
--------------------------------------------------------------------------------------------
时间： 
$$$$$$$$$$$$$$$$$$$$$$$$$$$$$$$$$$$$$$$$$$$$$$$$$$$$$$$$$$$
603019 中科曙光 涨幅9.99,市值138亿 
板块：人工智能
主买：71745万
主卖：-30817万
净买入：40928万
类型：游资
符合条件1，单位时间新增买入 2436万
--------------------------------------------------------------------------------------------
时间： 
$$$$$$$$$$$$$$$$$$$$$$$$$$$$$$$$$$$$$$$$$$$$$$$$$$$$$$$$$$$
000725 京东方Ａ 涨幅4.29,市值1065亿 
板块：OLED
主买：99824万
主卖：-68202万
净买入：31622万
类型：
符合条件1，单位时间新增买入 1895万
--------------------------------------------------------------------------------------------
时间： 
$$$$$$$$$$$$$$$$$$$$$$$$$$$$$$$$$$$$$$$$$$$$$$$$$$$$$$$$$$$
000725 京东方Ａ 涨幅4.76,市值1069亿 
板块：OLED
主买：108851万
主卖：-69070万
净买入：39781万
类型：
符合条件1，单位时间新增买入 8159万
--------------------------------------------------------------------------------------------
时间： 
$$$$$$$$$$$$$$$$$$$$$$$$$$$$$$$$$$$$$$$$$$$$$$$$$$$$$$$$$$$
000725 京东方Ａ 涨幅4.52,市值1067亿 
板块：OLED
主买：110823万
主卖：-69418万
净买入：41405万
类型：
符合条件1，单位时间新增买入 1624万
$$$$$$$$$$$$$$$$$$$$$$$$$$$$$$$$$$$$$$$$$$$$$$$$$$$$$$$$$$$
300619 金银河 涨幅7.82,市值11亿 
板块：锂电池,次新股
主买：3598万
主卖：-2678万
净买入：920万
类型：
符合条件1，单位时间新增买入 724万
--------------------------------------------------------------------------------------------
时间： 
--------------------------------------------------------------------------------------------
时间： 
$$$$$$$$$$$$$$$$$$$$$$$$$$$$$$$$$$$$$$$$$$$$$$$$$$$$$$$$$$$
000725 京东方Ａ 涨幅5.00,市值1072亿 
板块：OLED
主买：115170万
主卖：-69967万
净买入：45203万
类型：
符合条件1，单位时间新增买入 4304万
--------------------------------------------------------------------------------------------
时间： 
$$$$$$$$$$$$$$$$$$$$$$$$$$$$$$$$$$$$$$$$$$$$$$$$$$$$$$$$$$$
000725 京东方Ａ 涨幅5.24,市值1074亿 
板块：OLED
主买：116790万
主卖：-70342万
净买入：46448万
类型：
符合条件1，单位时间新增买入 1245万
--------------------------------------------------------------------------------------------
时间： 
--------------------------------------------------------------------------------------------
时间： 
$$$$$$$$$$$$$$$$$$$$$$$$$$$$$$$$$$$$$$$$$$$$$$$$$$$$$$$$$$$
002811 亚泰国际 涨幅2.00,市值14亿 
板块：次新股,超跌
主买：5113万
主卖：-436万
净买入：4677万
类型：庄股
符合条件1，单位时间新增买入 4677万
--------------------------------------------------------------------------------------------
时间： 
--------------------------------------------------------------------------------------------
时间： 
--------------------------------------------------------------------------------------------
时间： 
--------------------------------------------------------------------------------------------
时间： 
$$$$$$$$$$$$$$$$$$$$$$$$$$$$$$$$$$$$$$$$$$$$$$$$$$$$$$$$$$$
600691 阳煤化工 涨幅4.83,市值47亿 
板块：
主买：6713万
主卖：-2823万
净买入：3889万
类型：
符合条件1，单位时间新增买入 3889万
--------------------------------------------------------------------------------------------
时间： 
--------------------------------------------------------------------------------------------
时间： 
--------------------------------------------------------------------------------------------
时间： 
--------------------------------------------------------------------------------------------
时间： 
$$$$$$$$$$$$$$$$$$$$$$$$$$$$$$$$$$$$$$$$$$$$$$$$$$$$$$$$$$$
000725 京东方Ａ 涨幅5.71,市值1079亿 
板块：OLED
主买：126006万
主卖：-74171万
净买入：51835万
类型：
符合条件1，单位时间新增买入 5525万
--------------------------------------------------------------------------------------------
时间： 
$$$$$$$$$$$$$$$$$$$$$$$$$$$$$$$$$$$$$$$$$$$$$$$$$$$$$$$$$$$
000725 京东方Ａ 涨幅6.90,市值1091亿 
板块：OLED
主买：133615万
主卖：-75305万
净买入：58310万
类型：
符合条件1，单位时间新增买入 6475万
--------------------------------------------------------------------------------------------
时间： 
--------------------------------------------------------------------------------------------
时间： 
$$$$$$$$$$$$$$$$$$$$$$$$$$$$$$$$$$$$$$$$$$$$$$$$$$$$$$$$$$$
000725 京东方Ａ 涨幅7.62,市值1099亿 
板块：OLED
主买：142105万
主卖：-79526万
净买入：62579万
类型：
符合条件1，单位时间新增买入 4778万
--------------------------------------------------------------------------------------------
时间： 
$$$$$$$$$$$$$$$$$$$$$$$$$$$$$$$$$$$$$$$$$$$$$$$$$$$$$$$$$$$
300527 华舟应急 涨幅10.02,市值33亿 
板块：军工
主买：11391万
主卖：-1088万
净买入：10303万
类型：
符合条件1，单位时间新增买入 5212万
--------------------------------------------------------------------------------------------
时间： 
$$$$$$$$$$$$$$$$$$$$$$$$$$$$$$$$$$$$$$$$$$$$$$$$$$$$$$$$$$$
300527 华舟应急 涨幅10.02,市值33亿 
板块：军工
主买：12401万
主卖：-1088万
净买入：11313万
类型：
符合条件1，单位时间新增买入 1010万
--------------------------------------------------------------------------------------------
时间： 
$$$$$$$$$$$$$$$$$$$$$$$$$$$$$$$$$$$$$$$$$$$$$$$$$$$$$$$$$$$
000725 京东方Ａ 涨幅8.33,市值1106亿 
板块：OLED
主买：143124万
主卖：-83066万
净买入：60058万
类型：
符合条件1，单位时间新增买入 925万
--------------------------------------------------------------------------------------------
时间： 
--------------------------------------------------------------------------------------------
时间： 
--------------------------------------------------------------------------------------------
时间： 
--------------------------------------------------------------------------------------------
时间： 
--------------------------------------------------------------------------------------------
时间： 
$$$$$$$$$$$$$$$$$$$$$$$$$$$$$$$$$$$$$$$$$$$$$$$$$$$$$$$$$$$
300697 电工合金 涨幅9.76,市值16亿 
板块：开板次新
主买：7058万
主卖：-1764万
净买入：5294万
类型：
符合条件1，单位时间新增买入 943万
--------------------------------------------------------------------------------------------
时间： 
$$$$$$$$$$$$$$$$$$$$$$$$$$$$$$$$$$$$$$$$$$$$$$$$$$$$$$$$$$$
300697 电工合金 涨幅10.01,市值16亿 
板块：开板次新
主买：9065万
主卖：-1883万
净买入：7182万
类型：
符合条件1，单位时间新增买入 1888万
--------------------------------------------------------------------------------------------
时间： 
$$$$$$$$$$$$$$$$$$$$$$$$$$$$$$$$$$$$$$$$$$$$$$$$$$$$$$$$$$$
300697 电工合金 涨幅10.01,市值16亿 
板块：开板次新
主买：10459万
主卖：-1883万
净买入：8577万
类型：
符合条件1，单位时间新增买入 1394万
--------------------------------------------------------------------------------------------
时间： 
--------------------------------------------------------------------------------------------
时间： 
$$$$$$$$$$$$$$$$$$$$$$$$$$$$$$$$$$$$$$$$$$$$$$$$$$$$$$$$$$$
000725 京东方Ａ 涨幅7.14,市值1094亿 
板块：OLED
主买：151993万
主卖：-92848万
净买入：59146万
类型：
符合条件1，单位时间新增买入 1085万
$$$$$$$$$$$$$$$$$$$$$$$$$$$$$$$$$$$$$$$$$$$$$$$$$$$$$$$$$$$
300697 电工合金 涨幅9.73,市值16亿 
板块：开板次新
主买：12511万
主卖：-1883万
净买入：10628万
类型：
符合条件1，单位时间新增买入 1393万
--------------------------------------------------------------------------------------------
时间： 
--------------------------------------------------------------------------------------------
时间： 
--------------------------------------------------------------------------------------------
时间： 
$$$$$$$$$$$$$$$$$$$$$$$$$$$$$$$$$$$$$$$$$$$$$$$$$$$$$$$$$$$
000725 京东方Ａ 涨幅7.86,市值1101亿 
板块：OLED
主买：157956万
主卖：-94757万
净买入：63199万
类型：
符合条件1，单位时间新增买入 4190万
$$$$$$$$$$$$$$$$$$$$$$$$$$$$$$$$$$$$$$$$$$$$$$$$$$$$$$$$$$$
300697 电工合金 涨幅10.01,市值16亿 
板块：开板次新
主买：13258万
主卖：-1883万
净买入：11375万
类型：
符合条件1，单位时间新增买入 871万
--------------------------------------------------------------------------------------------
时间： 
$$$$$$$$$$$$$$$$$$$$$$$$$$$$$$$$$$$$$$$$$$$$$$$$$$$$$$$$$$$
000725 京东方Ａ 涨幅8.33,市值1106亿 
板块：OLED
主买：162479万
主卖：-95986万
净买入：66493万
类型：
符合条件1，单位时间新增买入 3294万
$$$$$$$$$$$$$$$$$$$$$$$$$$$$$$$$$$$$$$$$$$$$$$$$$$$$$$$$$$$
000413 东旭光电 涨幅0.88,市值420亿 
板块：石墨烯
主买：34123万
主卖：-41683万
净买入：-7560万
类型：基金
符合条件1，单位时间新增买入 1253万
--------------------------------------------------------------------------------------------
时间： 
$$$$$$$$$$$$$$$$$$$$$$$$$$$$$$$$$$$$$$$$$$$$$$$$$$$$$$$$$$$
000725 京东方Ａ 涨幅8.33,市值1106亿 
板块：OLED
主买：166245万
主卖：-97255万
净买入：68990万
类型：
符合条件1，单位时间新增买入 2497万
$$$$$$$$$$$$$$$$$$$$$$$$$$$$$$$$$$$$$$$$$$$$$$$$$$$$$$$$$$$
603320 迪贝电气 涨幅0.00,市值11亿 
板块：庄股
主买：7970万
主卖：-6285万
净买入：1685万
类型：温州帮
符合条件1，单位时间新增买入 1685万
--------------------------------------------------------------------------------------------
时间： 
$$$$$$$$$$$$$$$$$$$$$$$$$$$$$$$$$$$$$$$$$$$$$$$$$$$$$$$$$$$
000725 京东方Ａ 涨幅8.10,市值1103亿 
板块：OLED
主买：168355万
主卖：-98430万
净买入：69925万
类型：
符合条件1，单位时间新增买入 935万
--------------------------------------------------------------------------------------------
时间： 
$$$$$$$$$$$$$$$$$$$$$$$$$$$$$$$$$$$$$$$$$$$$$$$$$$$$$$$$$$$
000413 东旭光电 涨幅0.88,市值420亿 
板块：石墨烯
主买：35914万
主卖：-41683万
净买入：-5768万
类型：基金
符合条件1，单位时间新增买入 1082万
--------------------------------------------------------------------------------------------
时间： 
$$$$$$$$$$$$$$$$$$$$$$$$$$$$$$$$$$$$$$$$$$$$$$$$$$$$$$$$$$$
000725 京东方Ａ 涨幅7.38,市值1096亿 
板块：OLED
主买：169913万
主卖：-99371万
净买入：70542万
类型：
符合条件1，单位时间新增买入 954万
$$$$$$$$$$$$$$$$$$$$$$$$$$$$$$$$$$$$$$$$$$$$$$$$$$$$$$$$$$$
000413 东旭光电 涨幅1.32,市值422亿 
板块：石墨烯
主买：39686万
主卖：-42543万
净买入：-2857万
类型：基金
符合条件1，单位时间新增买入 2911万
--------------------------------------------------------------------------------------------
时间： 
$$$$$$$$$$$$$$$$$$$$$$$$$$$$$$$$$$$$$$$$$$$$$$$$$$$$$$$$$$$
603079 圣达生物 涨幅8.97,市值14亿 
板块：开板次新,生物制品
主买：5546万
主卖：-2422万
净买入：3124万
类型：
符合条件1，单位时间新增买入 3124万
$$$$$$$$$$$$$$$$$$$$$$$$$$$$$$$$$$$$$$$$$$$$$$$$$$$$$$$$$$$
000413 东旭光电 涨幅0.88,市值420亿 
板块：石墨烯
主买：40717万
主卖：-42849万
净买入：-2132万
类型：基金
符合条件1，单位时间新增买入 725万
--------------------------------------------------------------------------------------------
时间： 
--------------------------------------------------------------------------------------------
时间： 
$$$$$$$$$$$$$$$$$$$$$$$$$$$$$$$$$$$$$$$$$$$$$$$$$$$$$$$$$$$
002194 武汉凡谷 涨幅10.01,市值27亿 
板块：5G
主买：10916万
主卖：-15085万
净买入：-4170万
类型：
符合条件1，单位时间新增买入 1294万
--------------------------------------------------------------------------------------------
时间： 
--------------------------------------------------------------------------------------------
时间： 
$$$$$$$$$$$$$$$$$$$$$$$$$$$$$$$$$$$$$$$$$$$$$$$$$$$$$$$$$$$
000413 东旭光电 涨幅0.88,市值420亿 
板块：石墨烯
主买：42706万
主卖：-43195万
净买入：-489万
类型：基金
符合条件1，单位时间新增买入 826万
--------------------------------------------------------------------------------------------
时间： 
$$$$$$$$$$$$$$$$$$$$$$$$$$$$$$$$$$$$$$$$$$$$$$$$$$$$$$$$$$$
600516 方大炭素 涨幅-4.25,市值298亿 
板块：石墨电极
主买：28447万
主卖：-83048万
净买入：-54601万
类型：游资
符合条件1，单位时间新增买入 723万
--------------------------------------------------------------------------------------------
时间： 
$$$$$$$$$$$$$$$$$$$$$$$$$$$$$$$$$$$$$$$$$$$$$$$$$$$$$$$$$$$
000792 盐湖股份 涨幅0.10,市值244亿 
板块：锂电池,盐湖提锂
主买：28681万
主卖：-39119万
净买入：-10438万
类型：
符合条件1，单位时间新增买入 1806万
