--------------------------------------------------------------------------------------------
时间： 
--------------------------------------------------------------------------------------------
时间： 
--------------------------------------------------------------------------------------------
时间： 
$$$$$$$$$$$$$$$$$$$$$$$$$$$$$$$$$$$$$$$$$$$$$$$$$$$$$$$$$$$
603882 金域医学 涨幅-2.06,市值28亿 
板块：
主买：10863万
主卖：-5290万
净买入：5574万
类型：
符合条件1，单位时间新增买入 5574万
$$$$$$$$$$$$$$$$$$$$$$$$$$$$$$$$$$$$$$$$$$$$$$$$$$$$$$$$$$$
000868 安凯客车 涨幅5.99,市值47亿 
板块：新能源汽车
主买：5559万
主卖：-2073万
净买入：3485万
类型：
符合条件1，单位时间新增买入 3485万
--------------------------------------------------------------------------------------------
时间： 
$$$$$$$$$$$$$$$$$$$$$$$$$$$$$$$$$$$$$$$$$$$$$$$$$$$$$$$$$$$
603882 金域医学 涨幅-4.29,市值27亿 
板块：
主买：11901万
主卖：-5342万
净买入：6560万
类型：
符合条件1，单位时间新增买入 986万
--------------------------------------------------------------------------------------------
时间： 
$$$$$$$$$$$$$$$$$$$$$$$$$$$$$$$$$$$$$$$$$$$$$$$$$$$$$$$$$$$
603882 金域医学 涨幅-5.73,市值27亿 
板块：
主买：13098万
主卖：-5342万
净买入：7757万
类型：
符合条件1，单位时间新增买入 1197万
$$$$$$$$$$$$$$$$$$$$$$$$$$$$$$$$$$$$$$$$$$$$$$$$$$$$$$$$$$$
300570 太辰光 涨幅9.99,市值16亿 
板块：次新股,5G
主买：1097万
主卖：-454万
净买入：644万
类型：
符合条件1，单位时间新增买入 1367万
--------------------------------------------------------------------------------------------
时间： 
$$$$$$$$$$$$$$$$$$$$$$$$$$$$$$$$$$$$$$$$$$$$$$$$$$$$$$$$$$$
603882 金域医学 涨幅-5.34,市值27亿 
板块：
主买：15059万
主卖：-5342万
净买入：9717万
类型：
符合条件1，单位时间新增买入 1961万
--------------------------------------------------------------------------------------------
时间： 
$$$$$$$$$$$$$$$$$$$$$$$$$$$$$$$$$$$$$$$$$$$$$$$$$$$$$$$$$$$
002839 张家港行 涨幅6.53,市值26亿 
板块：次新股,银行
主买：2512万
主卖：-123万
净买入：2388万
类型：
符合条件1，单位时间新增买入 2388万
$$$$$$$$$$$$$$$$$$$$$$$$$$$$$$$$$$$$$$$$$$$$$$$$$$$$$$$$$$$
603882 金域医学 涨幅-4.46,市值27亿 
板块：
主买：16040万
主卖：-5342万
净买入：10699万
类型：
符合条件1，单位时间新增买入 982万
--------------------------------------------------------------------------------------------
时间： 
$$$$$$$$$$$$$$$$$$$$$$$$$$$$$$$$$$$$$$$$$$$$$$$$$$$$$$$$$$$
000868 安凯客车 涨幅9.98,市值49亿 
板块：新能源汽车
主买：15187万
主卖：-8019万
净买入：7167万
类型：
符合条件1，单位时间新增买入 5865万
--------------------------------------------------------------------------------------------
时间： 
$$$$$$$$$$$$$$$$$$$$$$$$$$$$$$$$$$$$$$$$$$$$$$$$$$$$$$$$$$$
603882 金域医学 涨幅-3.19,市值28亿 
板块：
主买：17591万
主卖：-5342万
净买入：12249万
类型：
符合条件1，单位时间新增买入 1064万
$$$$$$$$$$$$$$$$$$$$$$$$$$$$$$$$$$$$$$$$$$$$$$$$$$$$$$$$$$$
000868 安凯客车 涨幅9.41,市值48亿 
板块：新能源汽车
主买：18350万
主卖：-8708万
净买入：9641万
类型：
符合条件1，单位时间新增买入 2474万
--------------------------------------------------------------------------------------------
时间： 
$$$$$$$$$$$$$$$$$$$$$$$$$$$$$$$$$$$$$$$$$$$$$$$$$$$$$$$$$$$
000868 安凯客车 涨幅9.98,市值49亿 
板块：新能源汽车
主买：20493万
主卖：-9279万
净买入：11213万
类型：
符合条件1，单位时间新增买入 1572万
--------------------------------------------------------------------------------------------
时间： 
$$$$$$$$$$$$$$$$$$$$$$$$$$$$$$$$$$$$$$$$$$$$$$$$$$$$$$$$$$$
603882 金域医学 涨幅-4.36,市值27亿 
板块：
主买：19210万
主卖：-5466万
净买入：13745万
类型：
符合条件1，单位时间新增买入 804万
$$$$$$$$$$$$$$$$$$$$$$$$$$$$$$$$$$$$$$$$$$$$$$$$$$$$$$$$$$$
000868 安凯客车 涨幅9.98,市值49亿 
板块：新能源汽车
主买：22040万
主卖：-9509万
净买入：12531万
类型：
符合条件1，单位时间新增买入 1318万
--------------------------------------------------------------------------------------------
时间： 
$$$$$$$$$$$$$$$$$$$$$$$$$$$$$$$$$$$$$$$$$$$$$$$$$$$$$$$$$$$
603042 华脉科技 涨幅7.04,市值13亿 
板块：5G,次新股
主买：926万
主卖：-148万
净买入：778万
类型：游资
符合条件1，单位时间新增买入 778万
$$$$$$$$$$$$$$$$$$$$$$$$$$$$$$$$$$$$$$$$$$$$$$$$$$$$$$$$$$$
603882 金域医学 涨幅-4.22,市值27亿 
板块：
主买：20040万
主卖：-5466万
净买入：14574万
类型：
符合条件1，单位时间新增买入 830万
$$$$$$$$$$$$$$$$$$$$$$$$$$$$$$$$$$$$$$$$$$$$$$$$$$$$$$$$$$$
000717 韶钢松山 涨幅3.40,市值96亿 
板块：钢铁
主买：3388万
主卖：-969万
净买入：2418万
类型：游资
符合条件1，单位时间新增买入 2418万
--------------------------------------------------------------------------------------------
时间： 
$$$$$$$$$$$$$$$$$$$$$$$$$$$$$$$$$$$$$$$$$$$$$$$$$$$$$$$$$$$
603882 金域医学 涨幅-4.58,市值27亿 
板块：
主买：20853万
主卖：-5466万
净买入：15387万
类型：
符合条件1，单位时间新增买入 813万
$$$$$$$$$$$$$$$$$$$$$$$$$$$$$$$$$$$$$$$$$$$$$$$$$$$$$$$$$$$
000063 中兴通讯 涨幅7.88,市值1047亿 
板块：5G,白马股
主买：84289万
主卖：-74987万
净买入：9302万
类型：基金
符合条件1，单位时间新增买入 9302万
$$$$$$$$$$$$$$$$$$$$$$$$$$$$$$$$$$$$$$$$$$$$$$$$$$$$$$$$$$$
000725 京东方Ａ 涨幅2.27,市值1094亿 
板块：OLED
主买：36159万
主卖：-35704万
净买入：455万
类型：
符合条件1，单位时间新增买入 2086万
--------------------------------------------------------------------------------------------
时间： 
$$$$$$$$$$$$$$$$$$$$$$$$$$$$$$$$$$$$$$$$$$$$$$$$$$$$$$$$$$$
603882 金域医学 涨幅-4.67,市值27亿 
板块：
主买：22162万
主卖：-5466万
净买入：16697万
类型：
符合条件1，单位时间新增买入 1309万
$$$$$$$$$$$$$$$$$$$$$$$$$$$$$$$$$$$$$$$$$$$$$$$$$$$$$$$$$$$
300649 杭州园林 涨幅10.01,市值15亿 
板块：高送转,雄安新区
主买：4575万
主卖：-982万
净买入：3593万
类型：游资
符合条件1，单位时间新增买入 2510万
$$$$$$$$$$$$$$$$$$$$$$$$$$$$$$$$$$$$$$$$$$$$$$$$$$$$$$$$$$$
000725 京东方Ａ 涨幅2.50,市值1096亿 
板块：OLED
主买：37487万
主卖：-36078万
净买入：1409万
类型：
符合条件1，单位时间新增买入 955万
--------------------------------------------------------------------------------------------
时间： 
$$$$$$$$$$$$$$$$$$$$$$$$$$$$$$$$$$$$$$$$$$$$$$$$$$$$$$$$$$$
300649 杭州园林 涨幅10.01,市值15亿 
板块：高送转,雄安新区
主买：6242万
主卖：-982万
净买入：5260万
类型：游资
符合条件1，单位时间新增买入 1666万
$$$$$$$$$$$$$$$$$$$$$$$$$$$$$$$$$$$$$$$$$$$$$$$$$$$$$$$$$$$
300635 达安股份 涨幅4.71,市值9亿 
板块：高送转
主买：1159万
主卖：-101万
净买入：1058万
类型：
符合条件1，单位时间新增买入 1058万
$$$$$$$$$$$$$$$$$$$$$$$$$$$$$$$$$$$$$$$$$$$$$$$$$$$$$$$$$$$
002853 皮阿诺 涨幅7.43,市值19亿 
板块：高送转,次新股
主买：987万
主卖：-128万
净买入：859万
类型：游资
符合条件1，单位时间新增买入 859万
$$$$$$$$$$$$$$$$$$$$$$$$$$$$$$$$$$$$$$$$$$$$$$$$$$$$$$$$$$$
002340 格林美 涨幅3.93,市值238亿 
板块：钴,锂电池
主买：16251万
主卖：-20018万
净买入：-3766万
类型：游资
符合条件1，单位时间新增买入 1720万
--------------------------------------------------------------------------------------------
时间： 
$$$$$$$$$$$$$$$$$$$$$$$$$$$$$$$$$$$$$$$$$$$$$$$$$$$$$$$$$$$
601318 中国平安 涨幅2.97,市值5723亿 
板块：蓝筹股,保险
主买：61433万
主卖：-42229万
净买入：19204万
类型：基金
符合条件1，单位时间新增买入 19204万
--------------------------------------------------------------------------------------------
时间： 
$$$$$$$$$$$$$$$$$$$$$$$$$$$$$$$$$$$$$$$$$$$$$$$$$$$$$$$$$$$
601318 中国平安 涨幅2.82,市值5715亿 
板块：蓝筹股,保险
主买：63251万
主卖：-43186万
净买入：20065万
类型：基金
符合条件1，单位时间新增买入 861万
$$$$$$$$$$$$$$$$$$$$$$$$$$$$$$$$$$$$$$$$$$$$$$$$$$$$$$$$$$$
603882 金域医学 涨幅-5.70,市值27亿 
板块：
主买：23701万
主卖：-5466万
净买入：18236万
类型：
符合条件1，单位时间新增买入 808万
$$$$$$$$$$$$$$$$$$$$$$$$$$$$$$$$$$$$$$$$$$$$$$$$$$$$$$$$$$$
000725 京东方Ａ 涨幅3.18,市值1103亿 
板块：OLED
主买：41744万
主卖：-39061万
净买入：2683万
类型：
符合条件1，单位时间新增买入 950万
$$$$$$$$$$$$$$$$$$$$$$$$$$$$$$$$$$$$$$$$$$$$$$$$$$$$$$$$$$$
002230 科大讯飞 涨幅3.19,市值553亿 
板块：人工智能,白马股
主买：9562万
主卖：-7133万
净买入：2429万
类型：游资
符合条件1，单位时间新增买入 2429万
--------------------------------------------------------------------------------------------
时间： 
$$$$$$$$$$$$$$$$$$$$$$$$$$$$$$$$$$$$$$$$$$$$$$$$$$$$$$$$$$$
603106 恒银金融 涨幅3.58,市值22亿 
板块：
主买：6574万
主卖：0万
净买入：6574万
类型：
符合条件1，单位时间新增买入 6574万
--------------------------------------------------------------------------------------------
时间： 
$$$$$$$$$$$$$$$$$$$$$$$$$$$$$$$$$$$$$$$$$$$$$$$$$$$$$$$$$$$
600498 烽火通信 涨幅4.91,市值179亿 
板块：5G
主买：6832万
主卖：-3122万
净买入：3710万
类型：
符合条件1，单位时间新增买入 3710万
$$$$$$$$$$$$$$$$$$$$$$$$$$$$$$$$$$$$$$$$$$$$$$$$$$$$$$$$$$$
002281 光迅科技 涨幅5.35,市值80亿 
板块：
主买：6933万
主卖：-5417万
净买入：1516万
类型：
符合条件1，单位时间新增买入 1516万
$$$$$$$$$$$$$$$$$$$$$$$$$$$$$$$$$$$$$$$$$$$$$$$$$$$$$$$$$$$
603882 金域医学 涨幅-5.20,市值27亿 
板块：
主买：24827万
主卖：-5466万
净买入：19361万
类型：
符合条件1，单位时间新增买入 839万
$$$$$$$$$$$$$$$$$$$$$$$$$$$$$$$$$$$$$$$$$$$$$$$$$$$$$$$$$$$
000725 京东方Ａ 涨幅4.09,市值1113亿 
板块：OLED
主买：51683万
主卖：-45954万
净买入：5729万
类型：
符合条件1，单位时间新增买入 3516万
--------------------------------------------------------------------------------------------
时间： 
$$$$$$$$$$$$$$$$$$$$$$$$$$$$$$$$$$$$$$$$$$$$$$$$$$$$$$$$$$$
603882 金域医学 涨幅-4.51,市值27亿 
板块：
主买：25906万
主卖：-5466万
净买入：20440万
类型：
符合条件1，单位时间新增买入 1079万
$$$$$$$$$$$$$$$$$$$$$$$$$$$$$$$$$$$$$$$$$$$$$$$$$$$$$$$$$$$
000725 京东方Ａ 涨幅4.09,市值1113亿 
板块：OLED
主买：55805万
主卖：-47012万
净买入：8794万
类型：
符合条件1，单位时间新增买入 3064万
$$$$$$$$$$$$$$$$$$$$$$$$$$$$$$$$$$$$$$$$$$$$$$$$$$$$$$$$$$$
603106 恒银金融 涨幅3.81,市值22亿 
板块：
主买：8027万
主卖：0万
净买入：8027万
类型：
符合条件1，单位时间新增买入 956万
$$$$$$$$$$$$$$$$$$$$$$$$$$$$$$$$$$$$$$$$$$$$$$$$$$$$$$$$$$$
600418 江淮汽车 涨幅9.41,市值155亿 
板块：新能源汽车,锂电池
主买：7451万
主卖：-1711万
净买入：5739万
类型：
符合条件1，单位时间新增买入 5739万
$$$$$$$$$$$$$$$$$$$$$$$$$$$$$$$$$$$$$$$$$$$$$$$$$$$$$$$$$$$
002115 三维通信 涨幅8.45,市值34亿 
板块：
主买：1810万
主卖：-119万
净买入：1691万
类型：
符合条件1，单位时间新增买入 1691万
$$$$$$$$$$$$$$$$$$$$$$$$$$$$$$$$$$$$$$$$$$$$$$$$$$$$$$$$$$$
002594 比亚迪 涨幅6.15,市值689亿 
板块：新能源汽车,锂电池,特斯拉,充电桩
主买：17270万
主卖：-17089万
净买入：180万
类型：基金
符合条件1，单位时间新增买入 715万
--------------------------------------------------------------------------------------------
时间： 
$$$$$$$$$$$$$$$$$$$$$$$$$$$$$$$$$$$$$$$$$$$$$$$$$$$$$$$$$$$
000792 盐湖股份 涨幅-0.85,市值235亿 
板块：锂电池,盐湖提锂
主买：7784万
主卖：-5041万
净买入：2743万
类型：
符合条件1，单位时间新增买入 2743万
$$$$$$$$$$$$$$$$$$$$$$$$$$$$$$$$$$$$$$$$$$$$$$$$$$$$$$$$$$$
600036 招商银行 涨幅3.01,市值3801亿 
板块：
主买：29934万
主卖：-27206万
净买入：2728万
类型：
符合条件1，单位时间新增买入 2728万
$$$$$$$$$$$$$$$$$$$$$$$$$$$$$$$$$$$$$$$$$$$$$$$$$$$$$$$$$$$
603882 金域医学 涨幅-3.76,市值28亿 
板块：
主买：27255万
主卖：-5877万
净买入：21378万
类型：
符合条件1，单位时间新增买入 937万
$$$$$$$$$$$$$$$$$$$$$$$$$$$$$$$$$$$$$$$$$$$$$$$$$$$$$$$$$$$
000725 京东方Ａ 涨幅4.09,市值1113亿 
板块：OLED
主买：57439万
主卖：-47895万
净买入：9544万
类型：
符合条件1，单位时间新增买入 750万
$$$$$$$$$$$$$$$$$$$$$$$$$$$$$$$$$$$$$$$$$$$$$$$$$$$$$$$$$$$
603106 恒银金融 涨幅3.38,市值22亿 
板块：
主买：9484万
主卖：0万
净买入：9484万
类型：
符合条件1，单位时间新增买入 1457万
$$$$$$$$$$$$$$$$$$$$$$$$$$$$$$$$$$$$$$$$$$$$$$$$$$$$$$$$$$$
002115 三维通信 涨幅9.97,市值35亿 
板块：
主买：5456万
主卖：-357万
净买入：5099万
类型：
符合条件1，单位时间新增买入 3409万
$$$$$$$$$$$$$$$$$$$$$$$$$$$$$$$$$$$$$$$$$$$$$$$$$$$$$$$$$$$
002594 比亚迪 涨幅7.32,市值697亿 
板块：新能源汽车,锂电池,特斯拉,充电桩
主买：19963万
主卖：-17674万
净买入：2289万
类型：基金
符合条件1，单位时间新增买入 2109万
--------------------------------------------------------------------------------------------
时间： 
$$$$$$$$$$$$$$$$$$$$$$$$$$$$$$$$$$$$$$$$$$$$$$$$$$$$$$$$$$$
000725 京东方Ａ 涨幅5.23,市值1125亿 
板块：OLED
主买：62573万
主卖：-49429万
净买入：13144万
类型：
符合条件1，单位时间新增买入 3600万
$$$$$$$$$$$$$$$$$$$$$$$$$$$$$$$$$$$$$$$$$$$$$$$$$$$$$$$$$$$
603055 台华新材 涨幅-0.51,市值16亿 
板块：
主买：6378万
主卖：0万
净买入：6378万
类型：
符合条件1，单位时间新增买入 6378万
$$$$$$$$$$$$$$$$$$$$$$$$$$$$$$$$$$$$$$$$$$$$$$$$$$$$$$$$$$$
000717 韶钢松山 涨幅2.92,市值96亿 
板块：钢铁
主买：6499万
主卖：-1667万
净买入：4831万
类型：游资
符合条件1，单位时间新增买入 855万
$$$$$$$$$$$$$$$$$$$$$$$$$$$$$$$$$$$$$$$$$$$$$$$$$$$$$$$$$$$
300699 光威复材 涨幅4.76,市值69亿 
板块：开板次新
主买：4096万
主卖：-4536万
净买入：-440万
类型：
符合条件1，单位时间新增买入 792万
--------------------------------------------------------------------------------------------
时间： 
$$$$$$$$$$$$$$$$$$$$$$$$$$$$$$$$$$$$$$$$$$$$$$$$$$$$$$$$$$$
000786 北新建材 涨幅6.57,市值142亿 
板块：雄安新区
主买：15929万
主卖：-4243万
净买入：11686万
类型：基金
符合条件1，单位时间新增买入 11686万
$$$$$$$$$$$$$$$$$$$$$$$$$$$$$$$$$$$$$$$$$$$$$$$$$$$$$$$$$$$
000725 京东方Ａ 涨幅4.77,市值1120亿 
板块：OLED
主买：66759万
主卖：-52779万
净买入：13980万
类型：
符合条件1，单位时间新增买入 836万
--------------------------------------------------------------------------------------------
时间： 
$$$$$$$$$$$$$$$$$$$$$$$$$$$$$$$$$$$$$$$$$$$$$$$$$$$$$$$$$$$
603882 金域医学 涨幅-4.79,市值27亿 
板块：
主买：28682万
主卖：-5877万
净买入：22804万
类型：
符合条件1，单位时间新增买入 771万
$$$$$$$$$$$$$$$$$$$$$$$$$$$$$$$$$$$$$$$$$$$$$$$$$$$$$$$$$$$
000786 北新建材 涨幅6.92,市值142亿 
板块：雄安新区
主买：17607万
主卖：-4375万
净买入：13232万
类型：基金
符合条件1，单位时间新增买入 1546万
$$$$$$$$$$$$$$$$$$$$$$$$$$$$$$$$$$$$$$$$$$$$$$$$$$$$$$$$$$$
603106 恒银金融 涨幅2.62,市值22亿 
板块：
主买：11330万
主卖：0万
净买入：11330万
类型：
符合条件1，单位时间新增买入 997万
--------------------------------------------------------------------------------------------
时间： 
$$$$$$$$$$$$$$$$$$$$$$$$$$$$$$$$$$$$$$$$$$$$$$$$$$$$$$$$$$$
601318 中国平安 涨幅2.79,市值5713亿 
板块：蓝筹股,保险
主买：74111万
主卖：-50385万
净买入：23726万
类型：基金
符合条件1，单位时间新增买入 1053万
$$$$$$$$$$$$$$$$$$$$$$$$$$$$$$$$$$$$$$$$$$$$$$$$$$$$$$$$$$$
600418 江淮汽车 涨幅10.03,市值156亿 
板块：新能源汽车,锂电池
主买：21196万
主卖：-5706万
净买入：15490万
类型：
符合条件1，单位时间新增买入 8741万
$$$$$$$$$$$$$$$$$$$$$$$$$$$$$$$$$$$$$$$$$$$$$$$$$$$$$$$$$$$
000725 京东方Ａ 涨幅4.55,市值1118亿 
板块：OLED
主买：70341万
主卖：-56177万
净买入：14164万
类型：
符合条件1，单位时间新增买入 861万
$$$$$$$$$$$$$$$$$$$$$$$$$$$$$$$$$$$$$$$$$$$$$$$$$$$$$$$$$$$
000980 众泰汽车 涨幅6.13,市值61亿 
板块：新能源汽车
主买：3822万
主卖：-1802万
净买入：2020万
类型：游资
符合条件1，单位时间新增买入 2020万
--------------------------------------------------------------------------------------------
时间： 
$$$$$$$$$$$$$$$$$$$$$$$$$$$$$$$$$$$$$$$$$$$$$$$$$$$$$$$$$$$
600418 江淮汽车 涨幅10.03,市值156亿 
板块：新能源汽车,锂电池
主买：22035万
主卖：-5706万
净买入：16329万
类型：
符合条件1，单位时间新增买入 839万
$$$$$$$$$$$$$$$$$$$$$$$$$$$$$$$$$$$$$$$$$$$$$$$$$$$$$$$$$$$
000725 京东方Ａ 涨幅4.77,市值1120亿 
板块：OLED
主买：71947万
主卖：-56596万
净买入：15351万
类型：
符合条件1，单位时间新增买入 1187万
$$$$$$$$$$$$$$$$$$$$$$$$$$$$$$$$$$$$$$$$$$$$$$$$$$$$$$$$$$$
000651 格力电器 涨幅2.27,市值1564亿 
板块：白色家电,白马股,蓝筹股
主买：14261万
主卖：-9819万
净买入：4443万
类型：
符合条件1，单位时间新增买入 4443万
--------------------------------------------------------------------------------------------
时间： 
$$$$$$$$$$$$$$$$$$$$$$$$$$$$$$$$$$$$$$$$$$$$$$$$$$$$$$$$$$$
603882 金域医学 涨幅-4.31,市值27亿 
板块：
主买：30150万
主卖：-5877万
净买入：24273万
类型：
符合条件1，单位时间新增买入 784万
$$$$$$$$$$$$$$$$$$$$$$$$$$$$$$$$$$$$$$$$$$$$$$$$$$$$$$$$$$$
000651 格力电器 涨幅2.40,市值1566亿 
板块：白色家电,白马股,蓝筹股
主买：16408万
主卖：-10390万
净买入：6017万
类型：
符合条件1，单位时间新增买入 1575万
$$$$$$$$$$$$$$$$$$$$$$$$$$$$$$$$$$$$$$$$$$$$$$$$$$$$$$$$$$$
600303 曙光股份 涨幅4.75,市值58亿 
板块：锂电池,低市盈率
主买：3453万
主卖：-1290万
净买入：2163万
类型：
符合条件1，单位时间新增买入 2163万
--------------------------------------------------------------------------------------------
时间： 
$$$$$$$$$$$$$$$$$$$$$$$$$$$$$$$$$$$$$$$$$$$$$$$$$$$$$$$$$$$
000725 京东方Ａ 涨幅4.55,市值1118亿 
板块：OLED
主买：76423万
主卖：-58922万
净买入：17501万
类型：
符合条件1，单位时间新增买入 1634万
$$$$$$$$$$$$$$$$$$$$$$$$$$$$$$$$$$$$$$$$$$$$$$$$$$$$$$$$$$$
000651 格力电器 涨幅2.40,市值1566亿 
板块：白色家电,白马股,蓝筹股
主买：18105万
主卖：-10928万
净买入：7176万
类型：
符合条件1，单位时间新增买入 1159万
$$$$$$$$$$$$$$$$$$$$$$$$$$$$$$$$$$$$$$$$$$$$$$$$$$$$$$$$$$$
000957 中通客车 涨幅6.34,市值57亿 
板块：新能源汽车,白马股
主买：3416万
主卖：-1975万
净买入：1441万
类型：基金
符合条件1，单位时间新增买入 860万
--------------------------------------------------------------------------------------------
时间： 
$$$$$$$$$$$$$$$$$$$$$$$$$$$$$$$$$$$$$$$$$$$$$$$$$$$$$$$$$$$
600166 福田汽车 涨幅7.10,市值162亿 
板块：
主买：7655万
主卖：-5116万
净买入：2539万
类型：
符合条件1，单位时间新增买入 2539万
$$$$$$$$$$$$$$$$$$$$$$$$$$$$$$$$$$$$$$$$$$$$$$$$$$$$$$$$$$$
603882 金域医学 涨幅-3.98,市值28亿 
板块：
主买：31303万
主卖：-5877万
净买入：25426万
类型：
符合条件1，单位时间新增买入 713万
$$$$$$$$$$$$$$$$$$$$$$$$$$$$$$$$$$$$$$$$$$$$$$$$$$$$$$$$$$$
000725 京东方Ａ 涨幅4.55,市值1118亿 
板块：OLED
主买：77748万
主卖：-59458万
净买入：18289万
类型：
符合条件1，单位时间新增买入 789万
--------------------------------------------------------------------------------------------
时间： 
$$$$$$$$$$$$$$$$$$$$$$$$$$$$$$$$$$$$$$$$$$$$$$$$$$$$$$$$$$$
000063 中兴通讯 涨幅10.00,市值1068亿 
板块：5G,白马股
主买：132471万
主卖：-122782万
净买入：9689万
类型：基金
符合条件1，单位时间新增买入 1447万
$$$$$$$$$$$$$$$$$$$$$$$$$$$$$$$$$$$$$$$$$$$$$$$$$$$$$$$$$$$
000651 格力电器 涨幅2.64,市值1570亿 
板块：白色家电,白马股,蓝筹股
主买：20750万
主卖：-12571万
净买入：8179万
类型：
符合条件1，单位时间新增买入 925万
$$$$$$$$$$$$$$$$$$$$$$$$$$$$$$$$$$$$$$$$$$$$$$$$$$$$$$$$$$$
000792 盐湖股份 涨幅1.59,市值241亿 
板块：锂电池,盐湖提锂
主买：11883万
主卖：-6984万
净买入：4899万
类型：
符合条件1，单位时间新增买入 1533万
$$$$$$$$$$$$$$$$$$$$$$$$$$$$$$$$$$$$$$$$$$$$$$$$$$$$$$$$$$$
000625 长安汽车 涨幅3.25,市值335亿 
板块：
主买：8205万
主卖：-5791万
净买入：2414万
类型：
符合条件1，单位时间新增买入 2414万
--------------------------------------------------------------------------------------------
时间： 
$$$$$$$$$$$$$$$$$$$$$$$$$$$$$$$$$$$$$$$$$$$$$$$$$$$$$$$$$$$
601318 中国平安 涨幅3.03,市值5726亿 
板块：蓝筹股,保险
主买：82244万
主卖：-56471万
净买入：25773万
类型：基金
符合条件1，单位时间新增买入 737万
$$$$$$$$$$$$$$$$$$$$$$$$$$$$$$$$$$$$$$$$$$$$$$$$$$$$$$$$$$$
000063 中兴通讯 涨幅9.43,市值1062亿 
板块：5G,白马股
主买：167314万
主卖：-145078万
净买入：22237万
类型：基金
符合条件1，单位时间新增买入 12548万
$$$$$$$$$$$$$$$$$$$$$$$$$$$$$$$$$$$$$$$$$$$$$$$$$$$$$$$$$$$
000725 京东方Ａ 涨幅4.55,市值1118亿 
板块：OLED
主买：80252万
主卖：-60767万
净买入：19485万
类型：
符合条件1，单位时间新增买入 735万
$$$$$$$$$$$$$$$$$$$$$$$$$$$$$$$$$$$$$$$$$$$$$$$$$$$$$$$$$$$
000651 格力电器 涨幅2.77,市值1572亿 
板块：白色家电,白马股,蓝筹股
主买：23855万
主卖：-14151万
净买入：9703万
类型：
符合条件1，单位时间新增买入 1524万
$$$$$$$$$$$$$$$$$$$$$$$$$$$$$$$$$$$$$$$$$$$$$$$$$$$$$$$$$$$
000792 盐湖股份 涨幅1.74,市值241亿 
板块：锂电池,盐湖提锂
主买：12752万
主卖：-7149万
净买入：5602万
类型：
符合条件1，单位时间新增买入 703万
--------------------------------------------------------------------------------------------
时间： 
$$$$$$$$$$$$$$$$$$$$$$$$$$$$$$$$$$$$$$$$$$$$$$$$$$$$$$$$$$$
601318 中国平安 涨幅3.34,市值5744亿 
板块：蓝筹股,保险
主买：85697万
主卖：-58025万
净买入：27672万
类型：基金
符合条件1，单位时间新增买入 1899万
$$$$$$$$$$$$$$$$$$$$$$$$$$$$$$$$$$$$$$$$$$$$$$$$$$$$$$$$$$$
000725 京东方Ａ 涨幅5.68,市值1130亿 
板块：OLED
主买：84876万
主卖：-62172万
净买入：22703万
类型：
符合条件1，单位时间新增买入 3218万
$$$$$$$$$$$$$$$$$$$$$$$$$$$$$$$$$$$$$$$$$$$$$$$$$$$$$$$$$$$
000651 格力电器 涨幅2.82,市值1573亿 
板块：白色家电,白马股,蓝筹股
主买：24908万
主卖：-14136万
净买入：10772万
类型：
符合条件1，单位时间新增买入 1069万
--------------------------------------------------------------------------------------------
时间： 
$$$$$$$$$$$$$$$$$$$$$$$$$$$$$$$$$$$$$$$$$$$$$$$$$$$$$$$$$$$
000725 京东方Ａ 涨幅5.68,市值1130亿 
板块：OLED
主买：96563万
主卖：-65524万
净买入：31038万
类型：
符合条件1，单位时间新增买入 8335万
$$$$$$$$$$$$$$$$$$$$$$$$$$$$$$$$$$$$$$$$$$$$$$$$$$$$$$$$$$$
601318 中国平安 涨幅3.36,市值5745亿 
板块：蓝筹股,保险
主买：91502万
主卖：-60487万
净买入：31015万
类型：基金
符合条件1，单位时间新增买入 3343万
$$$$$$$$$$$$$$$$$$$$$$$$$$$$$$$$$$$$$$$$$$$$$$$$$$$$$$$$$$$
000651 格力电器 涨幅3.32,市值1581亿 
板块：白色家电,白马股,蓝筹股
主买：27113万
主卖：-15452万
净买入：11661万
类型：
符合条件1，单位时间新增买入 889万
--------------------------------------------------------------------------------------------
时间： 
$$$$$$$$$$$$$$$$$$$$$$$$$$$$$$$$$$$$$$$$$$$$$$$$$$$$$$$$$$$
000550 江铃汽车 涨幅6.19,市值31亿 
板块：
主买：1290万
主卖：-327万
净买入：963万
类型：
符合条件1，单位时间新增买入 963万
$$$$$$$$$$$$$$$$$$$$$$$$$$$$$$$$$$$$$$$$$$$$$$$$$$$$$$$$$$$
000725 京东方Ａ 涨幅6.36,市值1137亿 
板块：OLED
主买：102051万
主卖：-68380万
净买入：33671万
类型：
符合条件1，单位时间新增买入 2633万
$$$$$$$$$$$$$$$$$$$$$$$$$$$$$$$$$$$$$$$$$$$$$$$$$$$$$$$$$$$
000651 格力电器 涨幅3.51,市值1583亿 
板块：白色家电,白马股,蓝筹股
主买：32046万
主卖：-17079万
净买入：14967万
类型：
符合条件1，单位时间新增买入 3305万
$$$$$$$$$$$$$$$$$$$$$$$$$$$$$$$$$$$$$$$$$$$$$$$$$$$$$$$$$$$
000559 万向钱潮 涨幅3.97,市值160亿 
板块：锂电池,新能源汽车
主买：6654万
主卖：-3391万
净买入：3263万
类型：
符合条件1，单位时间新增买入 3263万
--------------------------------------------------------------------------------------------
时间： 
$$$$$$$$$$$$$$$$$$$$$$$$$$$$$$$$$$$$$$$$$$$$$$$$$$$$$$$$$$$
000063 中兴通讯 涨幅9.89,市值1067亿 
板块：5G,白马股
主买：178172万
主卖：-153106万
净买入：25067万
类型：基金
符合条件1，单位时间新增买入 2237万
$$$$$$$$$$$$$$$$$$$$$$$$$$$$$$$$$$$$$$$$$$$$$$$$$$$$$$$$$$$
000651 格力电器 涨幅3.09,市值1576亿 
板块：白色家电,白马股,蓝筹股
主买：34890万
主卖：-18901万
净买入：15990万
类型：
符合条件1，单位时间新增买入 1023万
$$$$$$$$$$$$$$$$$$$$$$$$$$$$$$$$$$$$$$$$$$$$$$$$$$$$$$$$$$$
603042 华脉科技 涨幅10.01,市值14亿 
板块：5G,次新股
主买：5154万
主卖：-148万
净买入：5006万
类型：游资
符合条件1，单位时间新增买入 2592万
--------------------------------------------------------------------------------------------
时间： 
$$$$$$$$$$$$$$$$$$$$$$$$$$$$$$$$$$$$$$$$$$$$$$$$$$$$$$$$$$$
000063 中兴通讯 涨幅9.51,市值1063亿 
板块：5G,白马股
主买：181700万
主卖：-153106万
净买入：28594万
类型：基金
符合条件1，单位时间新增买入 3528万
$$$$$$$$$$$$$$$$$$$$$$$$$$$$$$$$$$$$$$$$$$$$$$$$$$$$$$$$$$$
000651 格力电器 涨幅3.11,市值1577亿 
板块：白色家电,白马股,蓝筹股
主买：36710万
主卖：-19728万
净买入：16982万
类型：
符合条件1，单位时间新增买入 993万
$$$$$$$$$$$$$$$$$$$$$$$$$$$$$$$$$$$$$$$$$$$$$$$$$$$$$$$$$$$
603042 华脉科技 涨幅10.01,市值14亿 
板块：5G,次新股
主买：5926万
主卖：-148万
净买入：5778万
类型：游资
符合条件1，单位时间新增买入 772万
--------------------------------------------------------------------------------------------
时间： 
$$$$$$$$$$$$$$$$$$$$$$$$$$$$$$$$$$$$$$$$$$$$$$$$$$$$$$$$$$$
000725 京东方Ａ 涨幅5.68,市值1130亿 
板块：OLED
主买：106926万
主卖：-71595万
净买入：35330万
类型：
符合条件1，单位时间新增买入 1080万
--------------------------------------------------------------------------------------------
时间： 
$$$$$$$$$$$$$$$$$$$$$$$$$$$$$$$$$$$$$$$$$$$$$$$$$$$$$$$$$$$
000725 京东方Ａ 涨幅5.68,市值1130亿 
板块：OLED
主买：108284万
主卖：-71858万
净买入：36426万
类型：
符合条件1，单位时间新增买入 1095万
$$$$$$$$$$$$$$$$$$$$$$$$$$$$$$$$$$$$$$$$$$$$$$$$$$$$$$$$$$$
002156 通富微电 涨幅3.17,市值60亿 
板块：芯片
主买：1020万
主卖：-2104万
净买入：-1084万
类型：
符合条件1，单位时间新增买入 904万
--------------------------------------------------------------------------------------------
时间： 
$$$$$$$$$$$$$$$$$$$$$$$$$$$$$$$$$$$$$$$$$$$$$$$$$$$$$$$$$$$
000725 京东方Ａ 涨幅5.68,市值1130亿 
板块：OLED
主买：110404万
主卖：-72783万
净买入：37620万
类型：
符合条件1，单位时间新增买入 1195万
$$$$$$$$$$$$$$$$$$$$$$$$$$$$$$$$$$$$$$$$$$$$$$$$$$$$$$$$$$$
000651 格力电器 涨幅2.96,市值1575亿 
板块：白色家电,白马股,蓝筹股
主买：40502万
主卖：-22459万
净买入：18043万
类型：
符合条件1，单位时间新增买入 944万
$$$$$$$$$$$$$$$$$$$$$$$$$$$$$$$$$$$$$$$$$$$$$$$$$$$$$$$$$$$
002156 通富微电 涨幅3.65,市值60亿 
板块：芯片
主买：1828万
主卖：-2104万
净买入：-276万
类型：
符合条件1，单位时间新增买入 808万
--------------------------------------------------------------------------------------------
时间： 
$$$$$$$$$$$$$$$$$$$$$$$$$$$$$$$$$$$$$$$$$$$$$$$$$$$$$$$$$$$
000725 京东方Ａ 涨幅6.36,市值1137亿 
板块：OLED
主买：115985万
主卖：-75199万
净买入：40786万
类型：
符合条件1，单位时间新增买入 3166万
--------------------------------------------------------------------------------------------
时间： 
$$$$$$$$$$$$$$$$$$$$$$$$$$$$$$$$$$$$$$$$$$$$$$$$$$$$$$$$$$$
603106 恒银金融 涨幅7.36,市值23亿 
板块：开板次新
主买：18814万
主卖：0万
净买入：18814万
类型：
符合条件1，单位时间新增买入 4629万
$$$$$$$$$$$$$$$$$$$$$$$$$$$$$$$$$$$$$$$$$$$$$$$$$$$$$$$$$$$
600460 士兰微 涨幅9.98,市值84亿 
板块：芯片,OLED
主买：11681万
主卖：-30607万
净买入：-18926万
类型：
符合条件1，单位时间新增买入 4755万
--------------------------------------------------------------------------------------------
时间： 
$$$$$$$$$$$$$$$$$$$$$$$$$$$$$$$$$$$$$$$$$$$$$$$$$$$$$$$$$$$
600460 士兰微 涨幅9.98,市值84亿 
板块：芯片,OLED
主买：13421万
主卖：-30708万
净买入：-17287万
类型：
符合条件1，单位时间新增买入 1639万
--------------------------------------------------------------------------------------------
时间： 
$$$$$$$$$$$$$$$$$$$$$$$$$$$$$$$$$$$$$$$$$$$$$$$$$$$$$$$$$$$
000725 京东方Ａ 涨幅7.73,市值1152亿 
板块：OLED
主买：134592万
主卖：-84901万
净买入：49691万
类型：
符合条件1，单位时间新增买入 8125万
$$$$$$$$$$$$$$$$$$$$$$$$$$$$$$$$$$$$$$$$$$$$$$$$$$$$$$$$$$$
600418 江淮汽车 涨幅9.76,市值155亿 
板块：新能源汽车,锂电池
主买：35571万
主卖：-12144万
净买入：23427万
类型：
符合条件1，单位时间新增买入 2573万
$$$$$$$$$$$$$$$$$$$$$$$$$$$$$$$$$$$$$$$$$$$$$$$$$$$$$$$$$$$
603106 恒银金融 涨幅7.66,市值23亿 
板块：开板次新
主买：20683万
主卖：0万
净买入：20683万
类型：
符合条件1，单位时间新增买入 1183万
$$$$$$$$$$$$$$$$$$$$$$$$$$$$$$$$$$$$$$$$$$$$$$$$$$$$$$$$$$$
600460 士兰微 涨幅9.98,市值84亿 
板块：芯片,OLED
主买：14174万
主卖：-30708万
净买入：-16535万
类型：
符合条件1，单位时间新增买入 753万
--------------------------------------------------------------------------------------------
时间： 
$$$$$$$$$$$$$$$$$$$$$$$$$$$$$$$$$$$$$$$$$$$$$$$$$$$$$$$$$$$
600418 江淮汽车 涨幅10.03,市值156亿 
板块：新能源汽车,锂电池
主买：40326万
主卖：-13335万
净买入：26991万
类型：
符合条件1，单位时间新增买入 3564万
$$$$$$$$$$$$$$$$$$$$$$$$$$$$$$$$$$$$$$$$$$$$$$$$$$$$$$$$$$$
603106 恒银金融 涨幅7.03,市值23亿 
板块：开板次新
主买：22988万
主卖：0万
净买入：22988万
类型：
符合条件1，单位时间新增买入 2305万
$$$$$$$$$$$$$$$$$$$$$$$$$$$$$$$$$$$$$$$$$$$$$$$$$$$$$$$$$$$
600460 士兰微 涨幅9.98,市值84亿 
板块：芯片,OLED
主买：14885万
主卖：-30708万
净买入：-15824万
类型：
符合条件1，单位时间新增买入 711万
--------------------------------------------------------------------------------------------
时间： 
$$$$$$$$$$$$$$$$$$$$$$$$$$$$$$$$$$$$$$$$$$$$$$$$$$$$$$$$$$$
600418 江淮汽车 涨幅10.03,市值156亿 
板块：新能源汽车,锂电池
主买：41577万
主卖：-13707万
净买入：27870万
类型：
符合条件1，单位时间新增买入 879万
--------------------------------------------------------------------------------------------
时间： 
$$$$$$$$$$$$$$$$$$$$$$$$$$$$$$$$$$$$$$$$$$$$$$$$$$$$$$$$$$$
000725 京东方Ａ 涨幅7.50,市值1150亿 
板块：OLED
主买：137979万
主卖：-87303万
净买入：50676万
类型：
符合条件1，单位时间新增买入 1886万
--------------------------------------------------------------------------------------------
时间： 
$$$$$$$$$$$$$$$$$$$$$$$$$$$$$$$$$$$$$$$$$$$$$$$$$$$$$$$$$$$
600418 江淮汽车 涨幅9.23,市值155亿 
板块：新能源汽车,锂电池
主买：44422万
主卖：-15196万
净买入：29227万
类型：
符合条件1，单位时间新增买入 1101万
$$$$$$$$$$$$$$$$$$$$$$$$$$$$$$$$$$$$$$$$$$$$$$$$$$$$$$$$$$$
603106 恒银金融 涨幅6.76,市值23亿 
板块：开板次新
主买：24091万
主卖：0万
净买入：24091万
类型：
符合条件1，单位时间新增买入 773万
--------------------------------------------------------------------------------------------
时间： 
$$$$$$$$$$$$$$$$$$$$$$$$$$$$$$$$$$$$$$$$$$$$$$$$$$$$$$$$$$$
002745 木林森 涨幅3.69,市值46亿 
板块：
主买：3157万
主卖：-2126万
净买入：1032万
类型：庄股
符合条件1，单位时间新增买入 1032万
$$$$$$$$$$$$$$$$$$$$$$$$$$$$$$$$$$$$$$$$$$$$$$$$$$$$$$$$$$$
000725 京东方Ａ 涨幅8.64,市值1162亿 
板块：OLED
主买：144446万
主卖：-90648万
净买入：53799万
类型：
符合条件1，单位时间新增买入 3026万
$$$$$$$$$$$$$$$$$$$$$$$$$$$$$$$$$$$$$$$$$$$$$$$$$$$$$$$$$$$
002281 光迅科技 涨幅8.22,市值82亿 
板块：5G
主买：11472万
主卖：-7310万
净买入：4161万
类型：
符合条件1，单位时间新增买入 750万
--------------------------------------------------------------------------------------------
时间： 
$$$$$$$$$$$$$$$$$$$$$$$$$$$$$$$$$$$$$$$$$$$$$$$$$$$$$$$$$$$
600460 士兰微 涨幅9.98,市值84亿 
板块：芯片,OLED
主买：20875万
主卖：-33670万
净买入：-12795万
类型：
符合条件1，单位时间新增买入 1877万
--------------------------------------------------------------------------------------------
时间： 
$$$$$$$$$$$$$$$$$$$$$$$$$$$$$$$$$$$$$$$$$$$$$$$$$$$$$$$$$$$
603602 纵横通信 涨幅10.00,市值14亿 
板块：次新股,5G
主买：7348万
主卖：-2172万
净买入：5177万
类型：游资
符合条件1，单位时间新增买入 4297万
$$$$$$$$$$$$$$$$$$$$$$$$$$$$$$$$$$$$$$$$$$$$$$$$$$$$$$$$$$$
600460 士兰微 涨幅9.98,市值84亿 
板块：芯片,OLED
主买：22739万
主卖：-34828万
净买入：-12089万
类型：
符合条件1，单位时间新增买入 706万
--------------------------------------------------------------------------------------------
时间： 
$$$$$$$$$$$$$$$$$$$$$$$$$$$$$$$$$$$$$$$$$$$$$$$$$$$$$$$$$$$
000725 京东方Ａ 涨幅8.41,市值1159亿 
板块：OLED
主买：147413万
主卖：-92370万
净买入：55043万
类型：
符合条件1，单位时间新增买入 747万
--------------------------------------------------------------------------------------------
时间： 
$$$$$$$$$$$$$$$$$$$$$$$$$$$$$$$$$$$$$$$$$$$$$$$$$$$$$$$$$$$
000725 京东方Ａ 涨幅8.64,市值1162亿 
板块：OLED
主买：150926万
主卖：-93307万
净买入：57619万
类型：
符合条件1，单位时间新增买入 2575万
--------------------------------------------------------------------------------------------
时间： 
--------------------------------------------------------------------------------------------
时间： 
--------------------------------------------------------------------------------------------
时间： 
--------------------------------------------------------------------------------------------
时间： 
$$$$$$$$$$$$$$$$$$$$$$$$$$$$$$$$$$$$$$$$$$$$$$$$$$$$$$$$$$$
603882 金域医学 涨幅2.92,市值29亿 
板块：开板次新
主买：39153万
主卖：-5877万
净买入：33276万
类型：
符合条件1，单位时间新增买入 1032万
--------------------------------------------------------------------------------------------
时间： 
$$$$$$$$$$$$$$$$$$$$$$$$$$$$$$$$$$$$$$$$$$$$$$$$$$$$$$$$$$$
000725 京东方Ａ 涨幅7.27,市值1147亿 
板块：OLED
主买：155359万
主卖：-97223万
净买入：58136万
类型：
符合条件1，单位时间新增买入 1071万
--------------------------------------------------------------------------------------------
时间： 
$$$$$$$$$$$$$$$$$$$$$$$$$$$$$$$$$$$$$$$$$$$$$$$$$$$$$$$$$$$
603882 金域医学 涨幅0.26,市值29亿 
板块：开板次新
主买：39552万
主卖：-5877万
净买入：33675万
类型：
符合条件1，单位时间新增买入 788万
--------------------------------------------------------------------------------------------
时间： 
$$$$$$$$$$$$$$$$$$$$$$$$$$$$$$$$$$$$$$$$$$$$$$$$$$$$$$$$$$$
000725 京东方Ａ 涨幅7.50,市值1150亿 
板块：OLED
主买：158530万
主卖：-98458万
净买入：60072万
类型：
符合条件1，单位时间新增买入 1707万
$$$$$$$$$$$$$$$$$$$$$$$$$$$$$$$$$$$$$$$$$$$$$$$$$$$$$$$$$$$
000651 格力电器 涨幅2.93,市值1574亿 
板块：白色家电,白马股,蓝筹股
主买：44770万
主卖：-25993万
净买入：18776万
类型：
符合条件1，单位时间新增买入 838万
$$$$$$$$$$$$$$$$$$$$$$$$$$$$$$$$$$$$$$$$$$$$$$$$$$$$$$$$$$$
600460 士兰微 涨幅9.98,市值84亿 
板块：芯片,OLED
主买：26816万
主卖：-36106万
净买入：-9290万
类型：
符合条件1，单位时间新增买入 968万
--------------------------------------------------------------------------------------------
时间： 
--------------------------------------------------------------------------------------------
时间： 
$$$$$$$$$$$$$$$$$$$$$$$$$$$$$$$$$$$$$$$$$$$$$$$$$$$$$$$$$$$
603106 恒银金融 涨幅8.92,市值23亿 
板块：开板次新
主买：27870万
主卖：0万
净买入：27870万
类型：
符合条件1，单位时间新增买入 1092万
--------------------------------------------------------------------------------------------
时间： 
$$$$$$$$$$$$$$$$$$$$$$$$$$$$$$$$$$$$$$$$$$$$$$$$$$$$$$$$$$$
000725 京东方Ａ 涨幅7.95,市值1154亿 
板块：OLED
主买：161867万
主卖：-99238万
净买入：62629万
类型：
符合条件1，单位时间新增买入 1652万
$$$$$$$$$$$$$$$$$$$$$$$$$$$$$$$$$$$$$$$$$$$$$$$$$$$$$$$$$$$
603106 恒银金融 涨幅8.42,市值23亿 
板块：开板次新
主买：29917万
主卖：0万
净买入：29917万
类型：
符合条件1，单位时间新增买入 2048万
$$$$$$$$$$$$$$$$$$$$$$$$$$$$$$$$$$$$$$$$$$$$$$$$$$$$$$$$$$$
300613 富瀚微 涨幅6.56,市值22亿 
板块：芯片
主买：2961万
主卖：-854万
净买入：2106万
类型：游资
符合条件1，单位时间新增买入 2106万
--------------------------------------------------------------------------------------------
时间： 
--------------------------------------------------------------------------------------------
时间： 
--------------------------------------------------------------------------------------------
时间： 
$$$$$$$$$$$$$$$$$$$$$$$$$$$$$$$$$$$$$$$$$$$$$$$$$$$$$$$$$$$
000725 京东方Ａ 涨幅7.50,市值1150亿 
板块：OLED
主买：163579万
主卖：-99480万
净买入：64099万
类型：
符合条件1，单位时间新增买入 786万
$$$$$$$$$$$$$$$$$$$$$$$$$$$$$$$$$$$$$$$$$$$$$$$$$$$$$$$$$$$
603106 恒银金融 涨幅10.01,市值23亿 
板块：开板次新
主买：49336万
主卖：-14453万
净买入：34883万
类型：
符合条件1，单位时间新增买入 4578万
$$$$$$$$$$$$$$$$$$$$$$$$$$$$$$$$$$$$$$$$$$$$$$$$$$$$$$$$$$$
002594 比亚迪 涨幅7.39,市值697亿 
板块：新能源汽车,锂电池,特斯拉,充电桩
主买：27512万
主卖：-26138万
净买入：1374万
类型：基金
符合条件1，单位时间新增买入 846万
--------------------------------------------------------------------------------------------
时间： 
$$$$$$$$$$$$$$$$$$$$$$$$$$$$$$$$$$$$$$$$$$$$$$$$$$$$$$$$$$$
603106 恒银金融 涨幅10.01,市值23亿 
板块：开板次新
主买：50366万
主卖：-14453万
净买入：35914万
类型：
符合条件1，单位时间新增买入 1031万
--------------------------------------------------------------------------------------------
时间： 
$$$$$$$$$$$$$$$$$$$$$$$$$$$$$$$$$$$$$$$$$$$$$$$$$$$$$$$$$$$
000792 盐湖股份 涨幅2.11,市值242亿 
板块：锂电池,盐湖提锂
主买：18684万
主卖：-10585万
净买入：8099万
类型：
符合条件1，单位时间新增买入 1178万
--------------------------------------------------------------------------------------------
时间： 
$$$$$$$$$$$$$$$$$$$$$$$$$$$$$$$$$$$$$$$$$$$$$$$$$$$$$$$$$$$
603106 恒银金融 涨幅10.01,市值23亿 
板块：开板次新
主买：51894万
主卖：-14453万
净买入：37441万
类型：
符合条件1，单位时间新增买入 874万
--------------------------------------------------------------------------------------------
时间： 
--------------------------------------------------------------------------------------------
时间： 
--------------------------------------------------------------------------------------------
时间： 
$$$$$$$$$$$$$$$$$$$$$$$$$$$$$$$$$$$$$$$$$$$$$$$$$$$$$$$$$$$
000725 京东方Ａ 涨幅7.05,市值1145亿 
板块：OLED
主买：167650万
主卖：-102251万
净买入：65399万
类型：
符合条件1，单位时间新增买入 936万
$$$$$$$$$$$$$$$$$$$$$$$$$$$$$$$$$$$$$$$$$$$$$$$$$$$$$$$$$$$
000651 格力电器 涨幅3.27,市值1580亿 
板块：白色家电,白马股,蓝筹股
主买：51477万
主卖：-29585万
净买入：21892万
类型：
符合条件1，单位时间新增买入 1486万
--------------------------------------------------------------------------------------------
时间： 
--------------------------------------------------------------------------------------------
时间： 
$$$$$$$$$$$$$$$$$$$$$$$$$$$$$$$$$$$$$$$$$$$$$$$$$$$$$$$$$$$
000725 京东方Ａ 涨幅7.50,市值1150亿 
板块：OLED
主买：170081万
主卖：-102494万
净买入：67587万
类型：
符合条件1，单位时间新增买入 1904万
--------------------------------------------------------------------------------------------
时间： 
$$$$$$$$$$$$$$$$$$$$$$$$$$$$$$$$$$$$$$$$$$$$$$$$$$$$$$$$$$$
002148 北纬科技 涨幅10.00,市值54亿 
板块：5G
主买：27426万
主卖：-5865万
净买入：21561万
类型：
符合条件1，单位时间新增买入 21561万
--------------------------------------------------------------------------------------------
时间： 
$$$$$$$$$$$$$$$$$$$$$$$$$$$$$$$$$$$$$$$$$$$$$$$$$$$$$$$$$$$
000651 格力电器 涨幅3.43,市值1582亿 
板块：白色家电,白马股,蓝筹股
主买：56893万
主卖：-32051万
净买入：24842万
类型：
符合条件1，单位时间新增买入 2188万
$$$$$$$$$$$$$$$$$$$$$$$$$$$$$$$$$$$$$$$$$$$$$$$$$$$$$$$$$$$
002148 北纬科技 涨幅10.00,市值54亿 
板块：5G
主买：28355万
主卖：-5984万
净买入：22371万
类型：
符合条件1，单位时间新增买入 810万
$$$$$$$$$$$$$$$$$$$$$$$$$$$$$$$$$$$$$$$$$$$$$$$$$$$$$$$$$$$
000792 盐湖股份 涨幅2.43,市值243亿 
板块：锂电池,盐湖提锂
主买：21621万
主卖：-12837万
净买入：8784万
类型：
符合条件1，单位时间新增买入 841万
--------------------------------------------------------------------------------------------
时间： 
$$$$$$$$$$$$$$$$$$$$$$$$$$$$$$$$$$$$$$$$$$$$$$$$$$$$$$$$$$$
000651 格力电器 涨幅3.59,市值1585亿 
板块：白色家电,白马股,蓝筹股
主买：58675万
主卖：-33124万
净买入：25551万
类型：
符合条件1，单位时间新增买入 709万
--------------------------------------------------------------------------------------------
时间： 
$$$$$$$$$$$$$$$$$$$$$$$$$$$$$$$$$$$$$$$$$$$$$$$$$$$$$$$$$$$
000651 格力电器 涨幅3.83,市值1588亿 
板块：白色家电,白马股,蓝筹股
主买：65580万
主卖：-33860万
净买入：31720万
类型：
符合条件1，单位时间新增买入 6168万
$$$$$$$$$$$$$$$$$$$$$$$$$$$$$$$$$$$$$$$$$$$$$$$$$$$$$$$$$$$
002148 北纬科技 涨幅10.00,市值54亿 
板块：5G
主买：29016万
主卖：-6100万
净买入：22917万
类型：
符合条件1，单位时间新增买入 826万
$$$$$$$$$$$$$$$$$$$$$$$$$$$$$$$$$$$$$$$$$$$$$$$$$$$$$$$$$$$
002230 科大讯飞 涨幅2.74,市值550亿 
板块：人工智能,白马股
主买：17406万
主卖：-22816万
净买入：-5411万
类型：游资
符合条件1，单位时间新增买入 1435万
--------------------------------------------------------------------------------------------
时间： 
$$$$$$$$$$$$$$$$$$$$$$$$$$$$$$$$$$$$$$$$$$$$$$$$$$$$$$$$$$$
000651 格力电器 涨幅4.14,市值1593亿 
板块：白色家电,白马股,蓝筹股
主买：70543万
主卖：-35782万
净买入：34761万
类型：
符合条件1，单位时间新增买入 3041万
--------------------------------------------------------------------------------------------
时间： 
$$$$$$$$$$$$$$$$$$$$$$$$$$$$$$$$$$$$$$$$$$$$$$$$$$$$$$$$$$$
000651 格力电器 涨幅3.88,市值1589亿 
板块：白色家电,白马股,蓝筹股
主买：79471万
主卖：-40179万
净买入：39292万
类型：
符合条件1，单位时间新增买入 4531万
--------------------------------------------------------------------------------------------
时间： 
$$$$$$$$$$$$$$$$$$$$$$$$$$$$$$$$$$$$$$$$$$$$$$$$$$$$$$$$$$$
000916 华北高速 涨幅10.03,市值42亿 
板块：重组,雄安新区
主买：9408万
主卖：-2987万
净买入：6421万
类型：游资
符合条件1，单位时间新增买入 6421万
--------------------------------------------------------------------------------------------
时间： 
--------------------------------------------------------------------------------------------
时间： 
--------------------------------------------------------------------------------------------
时间： 
$$$$$$$$$$$$$$$$$$$$$$$$$$$$$$$$$$$$$$$$$$$$$$$$$$$$$$$$$$$
000717 韶钢松山 涨幅3.28,市值96亿 
板块：钢铁
主买：11409万
主卖：-4439万
净买入：6970万
类型：游资
符合条件1，单位时间新增买入 790万
--------------------------------------------------------------------------------------------
时间： 
--------------------------------------------------------------------------------------------
时间： 
$$$$$$$$$$$$$$$$$$$$$$$$$$$$$$$$$$$$$$$$$$$$$$$$$$$$$$$$$$$
002115 三维通信 涨幅9.97,市值35亿 
板块：5G
主买：11981万
主卖：-915万
净买入：11066万
类型：
符合条件1，单位时间新增买入 889万
--------------------------------------------------------------------------------------------
时间： 
$$$$$$$$$$$$$$$$$$$$$$$$$$$$$$$$$$$$$$$$$$$$$$$$$$$$$$$$$$$
000625 长安汽车 涨幅3.25,市值335亿 
板块：汽车整车
主买：19197万
主卖：-10409万
净买入：8788万
类型：
符合条件1，单位时间新增买入 819万
--------------------------------------------------------------------------------------------
时间： 
--------------------------------------------------------------------------------------------
时间： 
$$$$$$$$$$$$$$$$$$$$$$$$$$$$$$$$$$$$$$$$$$$$$$$$$$$$$$$$$$$
002115 三维通信 涨幅9.97,市值35亿 
板块：5G
主买：14087万
主卖：-1485万
净买入：12603万
类型：
符合条件1，单位时间新增买入 1265万
--------------------------------------------------------------------------------------------
时间： 
$$$$$$$$$$$$$$$$$$$$$$$$$$$$$$$$$$$$$$$$$$$$$$$$$$$$$$$$$$$
002405 四维图新 涨幅6.56,市值212亿 
板块：卫星导航,人工智能
主买：25825万
主卖：-15461万
净买入：10363万
类型：基金
符合条件1，单位时间新增买入 10363万
$$$$$$$$$$$$$$$$$$$$$$$$$$$$$$$$$$$$$$$$$$$$$$$$$$$$$$$$$$$
002230 科大讯飞 涨幅2.96,市值552亿 
板块：人工智能,白马股
主买：22061万
主卖：-24569万
净买入：-2508万
类型：游资
符合条件1，单位时间新增买入 1562万
--------------------------------------------------------------------------------------------
时间： 
--------------------------------------------------------------------------------------------
时间： 
$$$$$$$$$$$$$$$$$$$$$$$$$$$$$$$$$$$$$$$$$$$$$$$$$$$$$$$$$$$
002405 四维图新 涨幅7.26,市值214亿 
板块：卫星导航,人工智能
主买：30153万
主卖：-18646万
净买入：11507万
类型：基金
符合条件1，单位时间新增买入 962万
--------------------------------------------------------------------------------------------
时间： 
$$$$$$$$$$$$$$$$$$$$$$$$$$$$$$$$$$$$$$$$$$$$$$$$$$$$$$$$$$$
000725 京东方Ａ 涨幅8.41,市值1159亿 
板块：OLED
主买：175567万
主卖：-104276万
净买入：71291万
类型：
符合条件1，单位时间新增买入 1456万
--------------------------------------------------------------------------------------------
时间： 
$$$$$$$$$$$$$$$$$$$$$$$$$$$$$$$$$$$$$$$$$$$$$$$$$$$$$$$$$$$
002321 华英农业 涨幅0.30,市值41亿 
板块：庄股
主买：8539万
主卖：-1038万
净买入：7501万
类型：浙江帮
符合条件1，单位时间新增买入 7501万
$$$$$$$$$$$$$$$$$$$$$$$$$$$$$$$$$$$$$$$$$$$$$$$$$$$$$$$$$$$
000725 京东方Ａ 涨幅8.18,市值1157亿 
板块：OLED
主买：177063万
主卖：-104582万
净买入：72480万
类型：
符合条件1，单位时间新增买入 1189万
$$$$$$$$$$$$$$$$$$$$$$$$$$$$$$$$$$$$$$$$$$$$$$$$$$$$$$$$$$$
000651 格力电器 涨幅3.93,市值1590亿 
板块：白色家电,白马股,蓝筹股
主买：84523万
主卖：-42791万
净买入：41732万
类型：
符合条件1，单位时间新增买入 1484万
$$$$$$$$$$$$$$$$$$$$$$$$$$$$$$$$$$$$$$$$$$$$$$$$$$$$$$$$$$$
600460 士兰微 涨幅9.98,市值84亿 
板块：芯片,OLED
主买：35746万
主卖：-37975万
净买入：-2229万
类型：
符合条件1，单位时间新增买入 3347万
--------------------------------------------------------------------------------------------
时间： 
$$$$$$$$$$$$$$$$$$$$$$$$$$$$$$$$$$$$$$$$$$$$$$$$$$$$$$$$$$$
603106 恒银金融 涨幅10.01,市值23亿 
板块：开板次新
主买：58904万
主卖：-14453万
净买入：44452万
类型：
符合条件1，单位时间新增买入 983万
$$$$$$$$$$$$$$$$$$$$$$$$$$$$$$$$$$$$$$$$$$$$$$$$$$$$$$$$$$$
000916 华北高速 涨幅10.03,市值42亿 
板块：重组,雄安新区
主买：13374万
主卖：-3138万
净买入：10236万
类型：游资
符合条件1，单位时间新增买入 849万
$$$$$$$$$$$$$$$$$$$$$$$$$$$$$$$$$$$$$$$$$$$$$$$$$$$$$$$$$$$
600460 士兰微 涨幅9.98,市值84亿 
板块：芯片,OLED
主买：38004万
主卖：-39406万
净买入：-1402万
类型：
符合条件1，单位时间新增买入 827万
--------------------------------------------------------------------------------------------
时间： 
--------------------------------------------------------------------------------------------
时间： 
$$$$$$$$$$$$$$$$$$$$$$$$$$$$$$$$$$$$$$$$$$$$$$$$$$$$$$$$$$$
000725 京东方Ａ 涨幅8.41,市值1159亿 
板块：OLED
主买：180056万
主卖：-106341万
净买入：73715万
类型：
符合条件1，单位时间新增买入 1201万
--------------------------------------------------------------------------------------------
时间： 
$$$$$$$$$$$$$$$$$$$$$$$$$$$$$$$$$$$$$$$$$$$$$$$$$$$$$$$$$$$
000725 京东方Ａ 涨幅8.41,市值1159亿 
板块：OLED
主买：181881万
主卖：-107147万
净买入：74734万
类型：
符合条件1，单位时间新增买入 1019万
--------------------------------------------------------------------------------------------
时间： 
$$$$$$$$$$$$$$$$$$$$$$$$$$$$$$$$$$$$$$$$$$$$$$$$$$$$$$$$$$$
000725 京东方Ａ 涨幅8.41,市值1159亿 
板块：OLED
主买：183897万
主卖：-108140万
净买入：75757万
类型：
符合条件1，单位时间新增买入 1023万
--------------------------------------------------------------------------------------------
时间： 
$$$$$$$$$$$$$$$$$$$$$$$$$$$$$$$$$$$$$$$$$$$$$$$$$$$$$$$$$$$
600460 士兰微 涨幅9.98,市值84亿 
板块：芯片,OLED
主买：40965万
主卖：-40513万
净买入：452万
类型：
符合条件1，单位时间新增买入 1093万
--------------------------------------------------------------------------------------------
时间： 
--------------------------------------------------------------------------------------------
时间： 
--------------------------------------------------------------------------------------------
时间： 
$$$$$$$$$$$$$$$$$$$$$$$$$$$$$$$$$$$$$$$$$$$$$$$$$$$$$$$$$$$
600418 江淮汽车 涨幅10.03,市值156亿 
板块：新能源汽车,锂电池
主买：52807万
主卖：-19925万
净买入：32882万
类型：
符合条件1，单位时间新增买入 5208万
--------------------------------------------------------------------------------------------
时间： 
$$$$$$$$$$$$$$$$$$$$$$$$$$$$$$$$$$$$$$$$$$$$$$$$$$$$$$$$$$$
000725 京东方Ａ 涨幅8.18,市值1157亿 
板块：OLED
主买：188197万
主卖：-110569万
净买入：77627万
类型：
符合条件1，单位时间新增买入 1088万
$$$$$$$$$$$$$$$$$$$$$$$$$$$$$$$$$$$$$$$$$$$$$$$$$$$$$$$$$$$
000625 长安汽车 涨幅3.39,市值335亿 
板块：汽车整车
主买：22950万
主卖：-11227万
净买入：11723万
类型：
符合条件1，单位时间新增买入 989万
--------------------------------------------------------------------------------------------
时间： 
--------------------------------------------------------------------------------------------
时间： 
$$$$$$$$$$$$$$$$$$$$$$$$$$$$$$$$$$$$$$$$$$$$$$$$$$$$$$$$$$$
000725 京东方Ａ 涨幅9.77,市值1174亿 
板块：OLED
主买：215260万
主卖：-120449万
净买入：94811万
类型：
符合条件1，单位时间新增买入 17114万
$$$$$$$$$$$$$$$$$$$$$$$$$$$$$$$$$$$$$$$$$$$$$$$$$$$$$$$$$$$
000625 长安汽车 涨幅4.09,市值338亿 
板块：汽车整车
主买：26938万
主卖：-12311万
净买入：14627万
类型：
符合条件1，单位时间新增买入 3051万
$$$$$$$$$$$$$$$$$$$$$$$$$$$$$$$$$$$$$$$$$$$$$$$$$$$$$$$$$$$
000800 一汽轿车 涨幅8.72,市值114亿 
板块：汽车整车,新能源汽车
主买：8543万
主卖：-8244万
净买入：298万
类型：
符合条件1，单位时间新增买入 1650万
--------------------------------------------------------------------------------------------
时间： 
$$$$$$$$$$$$$$$$$$$$$$$$$$$$$$$$$$$$$$$$$$$$$$$$$$$$$$$$$$$
000725 京东方Ａ 涨幅9.55,市值1172亿 
板块：OLED
主买：224025万
主卖：-121557万
净买入：102468万
类型：
符合条件1，单位时间新增买入 7656万
$$$$$$$$$$$$$$$$$$$$$$$$$$$$$$$$$$$$$$$$$$$$$$$$$$$$$$$$$$$
000625 长安汽车 涨幅4.09,市值338亿 
板块：汽车整车
主买：27818万
主卖：-12429万
净买入：15389万
类型：
符合条件1，单位时间新增买入 762万
--------------------------------------------------------------------------------------------
时间： 
$$$$$$$$$$$$$$$$$$$$$$$$$$$$$$$$$$$$$$$$$$$$$$$$$$$$$$$$$$$
000725 京东方Ａ 涨幅9.55,市值1172亿 
板块：OLED
主买：226872万
主卖：-122343万
净买入：104529万
类型：
符合条件1，单位时间新增买入 2062万
--------------------------------------------------------------------------------------------
时间： 
--------------------------------------------------------------------------------------------
时间： 
$$$$$$$$$$$$$$$$$$$$$$$$$$$$$$$$$$$$$$$$$$$$$$$$$$$$$$$$$$$
000786 北新建材 涨幅6.34,市值145亿 
板块：雄安新区
主买：25316万
主卖：-7209万
净买入：18107万
类型：基金
符合条件1，单位时间新增买入 924万
--------------------------------------------------------------------------------------------
时间： 
$$$$$$$$$$$$$$$$$$$$$$$$$$$$$$$$$$$$$$$$$$$$$$$$$$$$$$$$$$$
000786 北新建材 涨幅7.45,市值147亿 
板块：雄安新区
主买：28009万
主卖：-7503万
净买入：20506万
类型：基金
符合条件1，单位时间新增买入 2399万
$$$$$$$$$$$$$$$$$$$$$$$$$$$$$$$$$$$$$$$$$$$$$$$$$$$$$$$$$$$
600460 士兰微 涨幅9.88,市值84亿 
板块：芯片,OLED
主买：44794万
主卖：-41965万
净买入：2829万
类型：
符合条件1，单位时间新增买入 907万
$$$$$$$$$$$$$$$$$$$$$$$$$$$$$$$$$$$$$$$$$$$$$$$$$$$$$$$$$$$
300500 启迪设计 涨幅10.01,市值17亿 
板块：雄安新区
主买：3236万
主卖：-16505万
净买入：-13269万
类型：游资
符合条件1，单位时间新增买入 1149万
--------------------------------------------------------------------------------------------
时间： 
$$$$$$$$$$$$$$$$$$$$$$$$$$$$$$$$$$$$$$$$$$$$$$$$$$$$$$$$$$$
000786 北新建材 涨幅7.21,市值147亿 
板块：雄安新区
主买：30358万
主卖：-8222万
净买入：22136万
类型：基金
符合条件1，单位时间新增买入 1630万
--------------------------------------------------------------------------------------------
时间： 
--------------------------------------------------------------------------------------------
时间： 
$$$$$$$$$$$$$$$$$$$$$$$$$$$$$$$$$$$$$$$$$$$$$$$$$$$$$$$$$$$
000651 格力电器 涨幅3.64,市值1585亿 
板块：白色家电,白马股,蓝筹股
主买：90662万
主卖：-46778万
净买入：43884万
类型：
符合条件1，单位时间新增买入 946万
--------------------------------------------------------------------------------------------
时间： 
--------------------------------------------------------------------------------------------
时间： 
--------------------------------------------------------------------------------------------
时间： 
$$$$$$$$$$$$$$$$$$$$$$$$$$$$$$$$$$$$$$$$$$$$$$$$$$$$$$$$$$$
603106 恒银金融 涨幅10.01,市值23亿 
板块：开板次新
主买：62832万
主卖：-14578万
净买入：48255万
类型：
符合条件1，单位时间新增买入 1372万
--------------------------------------------------------------------------------------------
时间： 
$$$$$$$$$$$$$$$$$$$$$$$$$$$$$$$$$$$$$$$$$$$$$$$$$$$$$$$$$$$
000651 格力电器 涨幅3.80,市值1588亿 
板块：白色家电,白马股,蓝筹股
主买：94137万
主卖：-48555万
净买入：45582万
类型：
符合条件1，单位时间新增买入 1531万
--------------------------------------------------------------------------------------------
时间： 
$$$$$$$$$$$$$$$$$$$$$$$$$$$$$$$$$$$$$$$$$$$$$$$$$$$$$$$$$$$
002148 北纬科技 涨幅10.00,市值54亿 
板块：5G
主买：36021万
主卖：-8472万
净买入：27549万
类型：
符合条件1，单位时间新增买入 749万
$$$$$$$$$$$$$$$$$$$$$$$$$$$$$$$$$$$$$$$$$$$$$$$$$$$$$$$$$$$
002405 四维图新 涨幅6.91,市值213亿 
板块：卫星导航,人工智能
主买：36926万
主卖：-23722万
净买入：13204万
类型：基金
符合条件1，单位时间新增买入 1791万
--------------------------------------------------------------------------------------------
时间： 
--------------------------------------------------------------------------------------------
时间： 
$$$$$$$$$$$$$$$$$$$$$$$$$$$$$$$$$$$$$$$$$$$$$$$$$$$$$$$$$$$
000725 京东方Ａ 涨幅9.32,市值1169亿 
板块：OLED
主买：233401万
主卖：-125614万
净买入：107787万
类型：
符合条件1，单位时间新增买入 1019万
$$$$$$$$$$$$$$$$$$$$$$$$$$$$$$$$$$$$$$$$$$$$$$$$$$$$$$$$$$$
603106 恒银金融 涨幅10.01,市值23亿 
板块：开板次新
主买：64178万
主卖：-14578万
净买入：49600万
类型：
符合条件1，单位时间新增买入 934万
$$$$$$$$$$$$$$$$$$$$$$$$$$$$$$$$$$$$$$$$$$$$$$$$$$$$$$$$$$$
000786 北新建材 涨幅7.97,市值148亿 
板块：雄安新区
主买：32481万
主卖：-8371万
净买入：24110万
类型：基金
符合条件1，单位时间新增买入 1285万
$$$$$$$$$$$$$$$$$$$$$$$$$$$$$$$$$$$$$$$$$$$$$$$$$$$$$$$$$$$
600303 曙光股份 涨幅4.40,市值58亿 
板块：锂电池,低市盈率
主买：7165万
主卖：-4899万
净买入：2266万
类型：
符合条件1，单位时间新增买入 1231万
--------------------------------------------------------------------------------------------
时间： 
$$$$$$$$$$$$$$$$$$$$$$$$$$$$$$$$$$$$$$$$$$$$$$$$$$$$$$$$$$$
000725 京东方Ａ 涨幅9.32,市值1169亿 
板块：OLED
主买：234787万
主卖：-125896万
净买入：108891万
类型：
符合条件1，单位时间新增买入 1104万
--------------------------------------------------------------------------------------------
时间： 
--------------------------------------------------------------------------------------------
时间： 
--------------------------------------------------------------------------------------------
时间： 
--------------------------------------------------------------------------------------------
时间： 
--------------------------------------------------------------------------------------------
时间： 
$$$$$$$$$$$$$$$$$$$$$$$$$$$$$$$$$$$$$$$$$$$$$$$$$$$$$$$$$$$
000651 格力电器 涨幅3.83,市值1588亿 
板块：白色家电,白马股,蓝筹股
主买：98338万
主卖：-51327万
净买入：47011万
类型：
符合条件1，单位时间新增买入 771万
--------------------------------------------------------------------------------------------
时间： 
$$$$$$$$$$$$$$$$$$$$$$$$$$$$$$$$$$$$$$$$$$$$$$$$$$$$$$$$$$$
000651 格力电器 涨幅4.01,市值1591亿 
板块：白色家电,白马股,蓝筹股
主买：101452万
主卖：-52074万
净买入：49378万
类型：
符合条件1，单位时间新增买入 2367万
--------------------------------------------------------------------------------------------
时间： 
$$$$$$$$$$$$$$$$$$$$$$$$$$$$$$$$$$$$$$$$$$$$$$$$$$$$$$$$$$$
000651 格力电器 涨幅4.12,市值1593亿 
板块：白色家电,白马股,蓝筹股
主买：111460万
主卖：-54330万
净买入：57130万
类型：
符合条件1，单位时间新增买入 7752万
$$$$$$$$$$$$$$$$$$$$$$$$$$$$$$$$$$$$$$$$$$$$$$$$$$$$$$$$$$$
300635 达安股份 涨幅10.00,市值10亿 
板块：高送转
主买：6023万
主卖：-1654万
净买入：4369万
类型：
符合条件1，单位时间新增买入 1749万
--------------------------------------------------------------------------------------------
时间： 
$$$$$$$$$$$$$$$$$$$$$$$$$$$$$$$$$$$$$$$$$$$$$$$$$$$$$$$$$$$
600418 江淮汽车 涨幅10.03,市值156亿 
板块：新能源汽车,锂电池
主买：60656万
主卖：-22271万
净买入：38386万
类型：
符合条件1，单位时间新增买入 1129万
--------------------------------------------------------------------------------------------
时间： 
$$$$$$$$$$$$$$$$$$$$$$$$$$$$$$$$$$$$$$$$$$$$$$$$$$$$$$$$$$$
000651 格力电器 涨幅4.30,市值1595亿 
板块：白色家电,白马股,蓝筹股
主买：117393万
主卖：-58927万
净买入：58466万
类型：
符合条件1，单位时间新增买入 1423万
$$$$$$$$$$$$$$$$$$$$$$$$$$$$$$$$$$$$$$$$$$$$$$$$$$$$$$$$$$$
600418 江淮汽车 涨幅9.94,市值156亿 
板块：新能源汽车,锂电池
主买：61990万
主卖：-22758万
净买入：39232万
类型：
符合条件1，单位时间新增买入 847万
$$$$$$$$$$$$$$$$$$$$$$$$$$$$$$$$$$$$$$$$$$$$$$$$$$$$$$$$$$$
002405 四维图新 涨幅8.51,市值216亿 
板块：卫星导航,人工智能
主买：43322万
主卖：-25606万
净买入：17716万
类型：基金
符合条件1，单位时间新增买入 3938万
--------------------------------------------------------------------------------------------
时间： 
$$$$$$$$$$$$$$$$$$$$$$$$$$$$$$$$$$$$$$$$$$$$$$$$$$$$$$$$$$$
002405 四维图新 涨幅7.92,市值215亿 
板块：卫星导航,人工智能
主买：44318万
主卖：-25707万
净买入：18611万
类型：基金
符合条件1，单位时间新增买入 896万
$$$$$$$$$$$$$$$$$$$$$$$$$$$$$$$$$$$$$$$$$$$$$$$$$$$$$$$$$$$
002230 科大讯飞 涨幅2.87,市值551亿 
板块：人工智能,白马股
主买：28754万
主卖：-31237万
净买入：-2483万
类型：游资
符合条件1，单位时间新增买入 1563万
--------------------------------------------------------------------------------------------
时间： 
--------------------------------------------------------------------------------------------
时间： 
$$$$$$$$$$$$$$$$$$$$$$$$$$$$$$$$$$$$$$$$$$$$$$$$$$$$$$$$$$$
000651 格力电器 涨幅4.41,市值1597亿 
板块：白色家电,白马股,蓝筹股
主买：122056万
主卖：-61496万
净买入：60560万
类型：
符合条件1，单位时间新增买入 1928万
$$$$$$$$$$$$$$$$$$$$$$$$$$$$$$$$$$$$$$$$$$$$$$$$$$$$$$$$$$$
002340 格林美 涨幅1.04,市值231亿 
板块：钴,锂电池
主买：27633万
主卖：-46321万
净买入：-18687万
类型：游资
符合条件1，单位时间新增买入 841万
--------------------------------------------------------------------------------------------
时间： 
--------------------------------------------------------------------------------------------
时间： 
--------------------------------------------------------------------------------------------
时间： 
--------------------------------------------------------------------------------------------
时间： 
--------------------------------------------------------------------------------------------
时间： 
--------------------------------------------------------------------------------------------
时间： 
$$$$$$$$$$$$$$$$$$$$$$$$$$$$$$$$$$$$$$$$$$$$$$$$$$$$$$$$$$$
000725 京东方Ａ 涨幅9.09,市值1167亿 
板块：OLED
主买：241393万
主卖：-128873万
净买入：112519万
类型：
符合条件1，单位时间新增买入 1712万
$$$$$$$$$$$$$$$$$$$$$$$$$$$$$$$$$$$$$$$$$$$$$$$$$$$$$$$$$$$
000651 格力电器 涨幅4.22,市值1594亿 
板块：白色家电,白马股,蓝筹股
主买：125419万
主卖：-63101万
净买入：62318万
类型：
符合条件1，单位时间新增买入 839万
--------------------------------------------------------------------------------------------
时间： 
$$$$$$$$$$$$$$$$$$$$$$$$$$$$$$$$$$$$$$$$$$$$$$$$$$$$$$$$$$$
000725 京东方Ａ 涨幅9.55,市值1172亿 
板块：OLED
主买：244032万
主卖：-129157万
净买入：114875万
类型：
符合条件1，单位时间新增买入 2356万
--------------------------------------------------------------------------------------------
时间： 
--------------------------------------------------------------------------------------------
时间： 
--------------------------------------------------------------------------------------------
时间： 
--------------------------------------------------------------------------------------------
时间： 
--------------------------------------------------------------------------------------------
时间： 
$$$$$$$$$$$$$$$$$$$$$$$$$$$$$$$$$$$$$$$$$$$$$$$$$$$$$$$$$$$
002405 四维图新 涨幅7.61,市值214亿 
板块：卫星导航,人工智能
主买：46615万
主卖：-26819万
净买入：19796万
类型：基金
符合条件1，单位时间新增买入 813万
$$$$$$$$$$$$$$$$$$$$$$$$$$$$$$$$$$$$$$$$$$$$$$$$$$$$$$$$$$$
000792 盐湖股份 涨幅3.65,市值245亿 
板块：锂电池,盐湖提锂
主买：32512万
主卖：-28969万
净买入：3543万
类型：
符合条件1，单位时间新增买入 3302万
--------------------------------------------------------------------------------------------
时间： 
--------------------------------------------------------------------------------------------
时间： 
--------------------------------------------------------------------------------------------
时间： 
--------------------------------------------------------------------------------------------
时间： 
--------------------------------------------------------------------------------------------
时间： 
$$$$$$$$$$$$$$$$$$$$$$$$$$$$$$$$$$$$$$$$$$$$$$$$$$$$$$$$$$$
000670 盈方微 涨幅6.40,市值42亿 
板块：股权转让,芯片
主买：4453万
主卖：-3102万
净买入：1352万
类型：
符合条件1，单位时间新增买入 1352万
$$$$$$$$$$$$$$$$$$$$$$$$$$$$$$$$$$$$$$$$$$$$$$$$$$$$$$$$$$$
002405 四维图新 涨幅8.12,市值215亿 
板块：卫星导航,人工智能
主买：49438万
主卖：-27288万
净买入：22151万
类型：基金
符合条件1，单位时间新增买入 1968万
--------------------------------------------------------------------------------------------
时间： 
$$$$$$$$$$$$$$$$$$$$$$$$$$$$$$$$$$$$$$$$$$$$$$$$$$$$$$$$$$$
600490 鹏欣资源 涨幅4.89,市值128亿 
板块：钴
主买：11562万
主卖：-17178万
净买入：-5616万
类型：游资
符合条件1，单位时间新增买入 752万
--------------------------------------------------------------------------------------------
时间： 
$$$$$$$$$$$$$$$$$$$$$$$$$$$$$$$$$$$$$$$$$$$$$$$$$$$$$$$$$$$
600460 士兰微 涨幅9.98,市值84亿 
板块：芯片,OLED
主买：46030万
主卖：-43519万
净买入：2511万
类型：
符合条件1，单位时间新增买入 856万
--------------------------------------------------------------------------------------------
时间： 
--------------------------------------------------------------------------------------------
时间： 
$$$$$$$$$$$$$$$$$$$$$$$$$$$$$$$$$$$$$$$$$$$$$$$$$$$$$$$$$$$
000725 京东方Ａ 涨幅7.95,市值1154亿 
板块：OLED
主买：248798万
主卖：-134281万
净买入：114517万
类型：
符合条件1，单位时间新增买入 1034万
$$$$$$$$$$$$$$$$$$$$$$$$$$$$$$$$$$$$$$$$$$$$$$$$$$$$$$$$$$$
002405 四维图新 涨幅8.00,市值215亿 
板块：卫星导航,人工智能
主买：51326万
主卖：-27288万
净买入：24038万
类型：基金
符合条件1，单位时间新增买入 712万
$$$$$$$$$$$$$$$$$$$$$$$$$$$$$$$$$$$$$$$$$$$$$$$$$$$$$$$$$$$
603559 中通国脉 涨幅10.01,市值14亿 
板块：5G
主买：6883万
主卖：-22965万
净买入：-16082万
类型：游资
符合条件1，单位时间新增买入 1864万
--------------------------------------------------------------------------------------------
时间： 
--------------------------------------------------------------------------------------------
时间： 
--------------------------------------------------------------------------------------------
时间： 
--------------------------------------------------------------------------------------------
时间： 
$$$$$$$$$$$$$$$$$$$$$$$$$$$$$$$$$$$$$$$$$$$$$$$$$$$$$$$$$$$
002405 四维图新 涨幅8.63,市值216亿 
板块：卫星导航,人工智能
主买：54462万
主卖：-27420万
净买入：27042万
类型：基金
符合条件1，单位时间新增买入 2500万
--------------------------------------------------------------------------------------------
时间： 
$$$$$$$$$$$$$$$$$$$$$$$$$$$$$$$$$$$$$$$$$$$$$$$$$$$$$$$$$$$
002405 四维图新 涨幅9.21,市值217亿 
板块：卫星导航,人工智能
主买：56964万
主卖：-28045万
净买入：28919万
类型：基金
符合条件1，单位时间新增买入 1877万
$$$$$$$$$$$$$$$$$$$$$$$$$$$$$$$$$$$$$$$$$$$$$$$$$$$$$$$$$$$
603602 纵横通信 涨幅10.00,市值14亿 
板块：次新股,5G
主买：13036万
主卖：-3670万
净买入：9366万
类型：游资
符合条件1，单位时间新增买入 943万
$$$$$$$$$$$$$$$$$$$$$$$$$$$$$$$$$$$$$$$$$$$$$$$$$$$$$$$$$$$
002230 科大讯飞 涨幅2.96,市值552亿 
板块：人工智能,白马股
主买：31506万
主卖：-33260万
净买入：-1754万
类型：游资
符合条件1，单位时间新增买入 1062万
--------------------------------------------------------------------------------------------
时间： 
$$$$$$$$$$$$$$$$$$$$$$$$$$$$$$$$$$$$$$$$$$$$$$$$$$$$$$$$$$$
002405 四维图新 涨幅9.33,市值218亿 
板块：卫星导航,人工智能
主买：60298万
主卖：-28546万
净买入：31751万
类型：基金
符合条件1，单位时间新增买入 2833万
$$$$$$$$$$$$$$$$$$$$$$$$$$$$$$$$$$$$$$$$$$$$$$$$$$$$$$$$$$$
002230 科大讯飞 涨幅2.83,市值551亿 
板块：人工智能,白马股
主买：32493万
主卖：-33394万
净买入：-901万
类型：游资
符合条件1，单位时间新增买入 853万
--------------------------------------------------------------------------------------------
时间： 
--------------------------------------------------------------------------------------------
时间： 
--------------------------------------------------------------------------------------------
时间： 
$$$$$$$$$$$$$$$$$$$$$$$$$$$$$$$$$$$$$$$$$$$$$$$$$$$$$$$$$$$
000725 京东方Ａ 涨幅8.18,市值1157亿 
板块：OLED
主买：252133万
主卖：-138193万
净买入：113940万
类型：
符合条件1，单位时间新增买入 1089万
$$$$$$$$$$$$$$$$$$$$$$$$$$$$$$$$$$$$$$$$$$$$$$$$$$$$$$$$$$$
000792 盐湖股份 涨幅3.28,市值245亿 
板块：锂电池,盐湖提锂
主买：39086万
主卖：-36454万
净买入：2632万
类型：
符合条件1，单位时间新增买入 991万
--------------------------------------------------------------------------------------------
时间： 
$$$$$$$$$$$$$$$$$$$$$$$$$$$$$$$$$$$$$$$$$$$$$$$$$$$$$$$$$$$
000792 盐湖股份 涨幅4.12,市值247亿 
板块：锂电池,盐湖提锂
主买：41581万
主卖：-37213万
净买入：4368万
类型：
符合条件1，单位时间新增买入 1736万
--------------------------------------------------------------------------------------------
时间： 
--------------------------------------------------------------------------------------------
时间： 
--------------------------------------------------------------------------------------------
时间： 
--------------------------------------------------------------------------------------------
时间： 
--------------------------------------------------------------------------------------------
时间： 
--------------------------------------------------------------------------------------------
时间： 
--------------------------------------------------------------------------------------------
时间： 
--------------------------------------------------------------------------------------------
时间： 
$$$$$$$$$$$$$$$$$$$$$$$$$$$$$$$$$$$$$$$$$$$$$$$$$$$$$$$$$$$
002148 北纬科技 涨幅10.00,市值54亿 
板块：5G
主买：41709万
主卖：-11925万
净买入：29785万
类型：
符合条件1，单位时间新增买入 780万
--------------------------------------------------------------------------------------------
时间： 
--------------------------------------------------------------------------------------------
时间： 
$$$$$$$$$$$$$$$$$$$$$$$$$$$$$$$$$$$$$$$$$$$$$$$$$$$$$$$$$$$
002405 四维图新 涨幅8.59,市值216亿 
板块：卫星导航,人工智能
主买：66510万
主卖：-32355万
净买入：34156万
类型：基金
符合条件1，单位时间新增买入 706万
--------------------------------------------------------------------------------------------
时间： 
$$$$$$$$$$$$$$$$$$$$$$$$$$$$$$$$$$$$$$$$$$$$$$$$$$$$$$$$$$$
002362 汉王科技 涨幅6.17,市值42亿 
板块：人脸识别
主买：5749万
主卖：-3285万
净买入：2464万
类型：基金
符合条件1，单位时间新增买入 2464万
$$$$$$$$$$$$$$$$$$$$$$$$$$$$$$$$$$$$$$$$$$$$$$$$$$$$$$$$$$$
000625 长安汽车 涨幅3.25,市值335亿 
板块：汽车整车
主买：32468万
主卖：-16370万
净买入：16098万
类型：
符合条件1，单位时间新增买入 871万
$$$$$$$$$$$$$$$$$$$$$$$$$$$$$$$$$$$$$$$$$$$$$$$$$$$$$$$$$$$
002230 科大讯飞 涨幅3.11,市值552亿 
板块：人工智能,白马股
主买：38758万
主卖：-36441万
净买入：2318万
类型：游资
符合条件1，单位时间新增买入 2097万
--------------------------------------------------------------------------------------------
时间： 
$$$$$$$$$$$$$$$$$$$$$$$$$$$$$$$$$$$$$$$$$$$$$$$$$$$$$$$$$$$
002405 四维图新 涨幅8.90,市值217亿 
板块：卫星导航,人工智能
主买：68932万
主卖：-33029万
净买入：35903万
类型：基金
符合条件1，单位时间新增买入 1068万
$$$$$$$$$$$$$$$$$$$$$$$$$$$$$$$$$$$$$$$$$$$$$$$$$$$$$$$$$$$
002230 科大讯飞 涨幅3.08,市值552亿 
板块：人工智能,白马股
主买：41103万
主卖：-37204万
净买入：3899万
类型：游资
符合条件1，单位时间新增买入 1581万
--------------------------------------------------------------------------------------------
时间： 
$$$$$$$$$$$$$$$$$$$$$$$$$$$$$$$$$$$$$$$$$$$$$$$$$$$$$$$$$$$
000725 京东方Ａ 涨幅8.41,市值1159亿 
板块：OLED
主买：257712万
主卖：-144189万
净买入：113523万
类型：
符合条件1，单位时间新增买入 1085万
--------------------------------------------------------------------------------------------
时间： 
--------------------------------------------------------------------------------------------
时间： 
$$$$$$$$$$$$$$$$$$$$$$$$$$$$$$$$$$$$$$$$$$$$$$$$$$$$$$$$$$$
000725 京东方Ａ 涨幅8.86,市值1164亿 
板块：OLED
主买：263922万
主卖：-147515万
净买入：116406万
类型：
符合条件1，单位时间新增买入 2883万
