--------------------------------------------------------------------------------------------
时间： 
--------------------------------------------------------------------------------------------
时间： 
$$$$$$$$$$$$$$$$$$$$$$$$$$$$$$$$$$$$$$$$$$$$$$$$$$$$$$$$$$$
603648 畅联股份 涨幅6.52,市值25亿 
板块：
主买：4695万
主卖：-3902万
净买入：793万
类型：
符合条件1，单位时间新增买入 793万
--------------------------------------------------------------------------------------------
时间： 
$$$$$$$$$$$$$$$$$$$$$$$$$$$$$$$$$$$$$$$$$$$$$$$$$$$$$$$$$$$
603648 畅联股份 涨幅6.56,市值25亿 
板块：
主买：7279万
主卖：-4034万
净买入：3246万
类型：
符合条件1，单位时间新增买入 2453万
$$$$$$$$$$$$$$$$$$$$$$$$$$$$$$$$$$$$$$$$$$$$$$$$$$$$$$$$$$$
300697 电工合金 涨幅-4.98,市值14亿 
板块：
主买：2212万
主卖：-1217万
净买入：995万
类型：
符合条件1，单位时间新增买入 995万
--------------------------------------------------------------------------------------------
时间： 
$$$$$$$$$$$$$$$$$$$$$$$$$$$$$$$$$$$$$$$$$$$$$$$$$$$$$$$$$$$
002898 赛隆药业 涨幅5.96,市值13亿 
板块：
主买：6446万
主卖：-272万
净买入：6173万
类型：
符合条件1，单位时间新增买入 6173万
$$$$$$$$$$$$$$$$$$$$$$$$$$$$$$$$$$$$$$$$$$$$$$$$$$$$$$$$$$$
603648 畅联股份 涨幅5.96,市值24亿 
板块：
主买：8249万
主卖：-4034万
净买入：4216万
类型：
符合条件1，单位时间新增买入 970万
--------------------------------------------------------------------------------------------
时间： 
$$$$$$$$$$$$$$$$$$$$$$$$$$$$$$$$$$$$$$$$$$$$$$$$$$$$$$$$$$$
603183 建研院 涨幅-9.91,市值15亿 
板块：次新股
主买：1462万
主卖：-450万
净买入：1012万
类型：
符合条件1，单位时间新增买入 1012万
$$$$$$$$$$$$$$$$$$$$$$$$$$$$$$$$$$$$$$$$$$$$$$$$$$$$$$$$$$$
603648 畅联股份 涨幅4.00,市值24亿 
板块：
主买：9177万
主卖：-4034万
净买入：5144万
类型：
符合条件1，单位时间新增买入 928万
$$$$$$$$$$$$$$$$$$$$$$$$$$$$$$$$$$$$$$$$$$$$$$$$$$$$$$$$$$$
300593 新雷能 涨幅9.81,市值9亿 
板块：次新股,军工
主买：1787万
主卖：-1703万
净买入：85万
类型：
符合条件1，单位时间新增买入 741万
--------------------------------------------------------------------------------------------
时间： 
$$$$$$$$$$$$$$$$$$$$$$$$$$$$$$$$$$$$$$$$$$$$$$$$$$$$$$$$$$$
300699 光威复材 涨幅-2.11,市值63亿 
板块：开板次新
主买：5808万
主卖：-3407万
净买入：2401万
类型：
符合条件1，单位时间新增买入 2401万
--------------------------------------------------------------------------------------------
时间： 
$$$$$$$$$$$$$$$$$$$$$$$$$$$$$$$$$$$$$$$$$$$$$$$$$$$$$$$$$$$
300678 中科信息 涨幅-7.56,市值19亿 
板块：次新股,妖股
主买：3324万
主卖：-1786万
净买入：1538万
类型：游资
符合条件1，单位时间新增买入 1538万
$$$$$$$$$$$$$$$$$$$$$$$$$$$$$$$$$$$$$$$$$$$$$$$$$$$$$$$$$$$
002895 川恒股份 涨幅-6.70,市值14亿 
板块：开板次新
主买：1504万
主卖：-598万
净买入：906万
类型：
符合条件1，单位时间新增买入 906万
$$$$$$$$$$$$$$$$$$$$$$$$$$$$$$$$$$$$$$$$$$$$$$$$$$$$$$$$$$$
603648 畅联股份 涨幅6.36,市值25亿 
板块：
主买：11136万
主卖：-4034万
净买入：7103万
类型：
符合条件1，单位时间新增买入 1652万
$$$$$$$$$$$$$$$$$$$$$$$$$$$$$$$$$$$$$$$$$$$$$$$$$$$$$$$$$$$
300699 光威复材 涨幅-0.46,市值64亿 
板块：开板次新
主买：7131万
主卖：-3407万
净买入：3724万
类型：
符合条件1，单位时间新增买入 1323万
--------------------------------------------------------------------------------------------
时间： 
$$$$$$$$$$$$$$$$$$$$$$$$$$$$$$$$$$$$$$$$$$$$$$$$$$$$$$$$$$$
002510 天汽模 涨幅3.54,市值61亿 
板块：特斯拉
主买：2384万
主卖：-369万
净买入：2015万
类型：游资
符合条件1，单位时间新增买入 2015万
--------------------------------------------------------------------------------------------
时间： 
$$$$$$$$$$$$$$$$$$$$$$$$$$$$$$$$$$$$$$$$$$$$$$$$$$$$$$$$$$$
601011 宝泰隆 涨幅6.16,市值100亿 
板块：石墨烯,针状焦,负极材料,锂电池
主买：1234万
主卖：-9913万
净买入：-8679万
类型：游资
符合条件1，单位时间新增买入 734万
--------------------------------------------------------------------------------------------
时间： 
$$$$$$$$$$$$$$$$$$$$$$$$$$$$$$$$$$$$$$$$$$$$$$$$$$$$$$$$$$$
300699 光威复材 涨幅1.89,市值66亿 
板块：开板次新
主买：8490万
主卖：-3659万
净买入：4831万
类型：
符合条件1，单位时间新增买入 732万
$$$$$$$$$$$$$$$$$$$$$$$$$$$$$$$$$$$$$$$$$$$$$$$$$$$$$$$$$$$
601011 宝泰隆 涨幅5.31,市值99亿 
板块：石墨烯,针状焦,负极材料,锂电池
主买：2838万
主卖：-10809万
净买入：-7971万
类型：游资
符合条件1，单位时间新增买入 708万
--------------------------------------------------------------------------------------------
时间： 
$$$$$$$$$$$$$$$$$$$$$$$$$$$$$$$$$$$$$$$$$$$$$$$$$$$$$$$$$$$
300699 光威复材 涨幅1.31,市值65亿 
板块：开板次新
主买：9631万
主卖：-3778万
净买入：5853万
类型：
符合条件1，单位时间新增买入 1022万
--------------------------------------------------------------------------------------------
时间： 
$$$$$$$$$$$$$$$$$$$$$$$$$$$$$$$$$$$$$$$$$$$$$$$$$$$$$$$$$$$
002898 赛隆药业 涨幅6.60,市值13亿 
板块：开板次新
主买：8883万
主卖：-272万
净买入：8611万
类型：
符合条件1，单位时间新增买入 993万
$$$$$$$$$$$$$$$$$$$$$$$$$$$$$$$$$$$$$$$$$$$$$$$$$$$$$$$$$$$
300699 光威复材 涨幅1.89,市值66亿 
板块：开板次新
主买：11652万
主卖：-3778万
净买入：7874万
类型：
符合条件1，单位时间新增买入 2021万
$$$$$$$$$$$$$$$$$$$$$$$$$$$$$$$$$$$$$$$$$$$$$$$$$$$$$$$$$$$
600569 安阳钢铁 涨幅9.09,市值52亿 
板块：钢铁
主买：6086万
主卖：-3078万
净买入：3008万
类型：游资
符合条件1，单位时间新增买入 1929万
--------------------------------------------------------------------------------------------
时间： 
$$$$$$$$$$$$$$$$$$$$$$$$$$$$$$$$$$$$$$$$$$$$$$$$$$$$$$$$$$$
300597 吉大通信 涨幅3.81,市值12亿 
板块：次新股,5G
主买：1686万
主卖：0万
净买入：1686万
类型：
符合条件1，单位时间新增买入 1686万
$$$$$$$$$$$$$$$$$$$$$$$$$$$$$$$$$$$$$$$$$$$$$$$$$$$$$$$$$$$
300699 光威复材 涨幅3.74,市值67亿 
板块：开板次新
主买：15006万
主卖：-4934万
净买入：10071万
类型：
符合条件1，单位时间新增买入 2198万
--------------------------------------------------------------------------------------------
时间： 
$$$$$$$$$$$$$$$$$$$$$$$$$$$$$$$$$$$$$$$$$$$$$$$$$$$$$$$$$$$
600231 凌钢股份 涨幅5.45,市值43亿 
板块：钢铁
主买：2868万
主卖：0万
净买入：2868万
类型：基金
符合条件1，单位时间新增买入 2868万
$$$$$$$$$$$$$$$$$$$$$$$$$$$$$$$$$$$$$$$$$$$$$$$$$$$$$$$$$$$
300698 万马科技 涨幅-9.24,市值15亿 
板块：次新股,5G
主买：1454万
主卖：-5727万
净买入：-4273万
类型：
符合条件1，单位时间新增买入 1579万
$$$$$$$$$$$$$$$$$$$$$$$$$$$$$$$$$$$$$$$$$$$$$$$$$$$$$$$$$$$
601011 宝泰隆 涨幅7.08,市值101亿 
板块：石墨烯,针状焦,负极材料,锂电池
主买：4824万
主卖：-14466万
净买入：-9642万
类型：游资
符合条件1，单位时间新增买入 2082万
--------------------------------------------------------------------------------------------
时间： 
$$$$$$$$$$$$$$$$$$$$$$$$$$$$$$$$$$$$$$$$$$$$$$$$$$$$$$$$$$$
300699 光威复材 涨幅3.60,市值67亿 
板块：开板次新
主买：14824万
主卖：-5553万
净买入：9271万
类型：
符合条件1，单位时间新增买入 936万
--------------------------------------------------------------------------------------------
时间： 
$$$$$$$$$$$$$$$$$$$$$$$$$$$$$$$$$$$$$$$$$$$$$$$$$$$$$$$$$$$
600569 安阳钢铁 涨幅10.10,市值52亿 
板块：钢铁
主买：32826万
主卖：-28748万
净买入：4079万
类型：游资
符合条件1，单位时间新增买入 708万
--------------------------------------------------------------------------------------------
时间： 
--------------------------------------------------------------------------------------------
时间： 
$$$$$$$$$$$$$$$$$$$$$$$$$$$$$$$$$$$$$$$$$$$$$$$$$$$$$$$$$$$
600848 上海临港 涨幅5.20,市值69亿 
板块：特斯拉
主买：5919万
主卖：-951万
净买入：4968万
类型：游资
符合条件1，单位时间新增买入 4968万
$$$$$$$$$$$$$$$$$$$$$$$$$$$$$$$$$$$$$$$$$$$$$$$$$$$$$$$$$$$
300597 吉大通信 涨幅10.03,市值13亿 
板块：次新股,5G
主买：5179万
主卖：-738万
净买入：4441万
类型：
符合条件1，单位时间新增买入 1794万
$$$$$$$$$$$$$$$$$$$$$$$$$$$$$$$$$$$$$$$$$$$$$$$$$$$$$$$$$$$
600507 方大特钢 涨幅4.48,市值65亿 
板块：钢铁
主买：3277万
主卖：-250万
净买入：3027万
类型：游资
符合条件1，单位时间新增买入 3027万
--------------------------------------------------------------------------------------------
时间： 
$$$$$$$$$$$$$$$$$$$$$$$$$$$$$$$$$$$$$$$$$$$$$$$$$$$$$$$$$$$
300597 吉大通信 涨幅9.27,市值13亿 
板块：次新股,5G
主买：9662万
主卖：-3457万
净买入：6205万
类型：
符合条件1，单位时间新增买入 1764万
--------------------------------------------------------------------------------------------
时间： 
$$$$$$$$$$$$$$$$$$$$$$$$$$$$$$$$$$$$$$$$$$$$$$$$$$$$$$$$$$$
002594 比亚迪 涨幅5.02,市值649亿 
板块：新能源汽车,锂电池,特斯拉,充电桩
主买：15677万
主卖：-17452万
净买入：-1774万
类型：基金
符合条件1，单位时间新增买入 2023万
--------------------------------------------------------------------------------------------
时间： 
--------------------------------------------------------------------------------------------
时间： 
$$$$$$$$$$$$$$$$$$$$$$$$$$$$$$$$$$$$$$$$$$$$$$$$$$$$$$$$$$$
600848 上海临港 涨幅7.47,市值71亿 
板块：特斯拉
主买：7645万
主卖：-896万
净买入：6749万
类型：游资
符合条件1，单位时间新增买入 984万
--------------------------------------------------------------------------------------------
时间： 
$$$$$$$$$$$$$$$$$$$$$$$$$$$$$$$$$$$$$$$$$$$$$$$$$$$$$$$$$$$
600848 上海临港 涨幅6.45,市值70亿 
板块：特斯拉
主买：9142万
主卖：-999万
净买入：8142万
类型：游资
符合条件1，单位时间新增买入 1394万
$$$$$$$$$$$$$$$$$$$$$$$$$$$$$$$$$$$$$$$$$$$$$$$$$$$$$$$$$$$
300635 达安股份 涨幅3.26,市值10亿 
板块：高送转
主买：2365万
主卖：-543万
净买入：1823万
类型：
符合条件1，单位时间新增买入 1823万
$$$$$$$$$$$$$$$$$$$$$$$$$$$$$$$$$$$$$$$$$$$$$$$$$$$$$$$$$$$
002510 天汽模 涨幅3.29,市值60亿 
板块：特斯拉
主买：3185万
主卖：-1755万
净买入：1430万
类型：游资
符合条件1，单位时间新增买入 948万
--------------------------------------------------------------------------------------------
时间： 
$$$$$$$$$$$$$$$$$$$$$$$$$$$$$$$$$$$$$$$$$$$$$$$$$$$$$$$$$$$
600490 鹏欣资源 涨幅4.93,市值108亿 
板块：钴
主买：3695万
主卖：-672万
净买入：3023万
类型：游资
符合条件1，单位时间新增买入 3023万
$$$$$$$$$$$$$$$$$$$$$$$$$$$$$$$$$$$$$$$$$$$$$$$$$$$$$$$$$$$
002460 赣锋锂业 涨幅4.47,市值426亿 
板块：锂电池
主买：19280万
主卖：-19462万
净买入：-182万
类型：游资
符合条件1，单位时间新增买入 1908万
--------------------------------------------------------------------------------------------
时间： 
$$$$$$$$$$$$$$$$$$$$$$$$$$$$$$$$$$$$$$$$$$$$$$$$$$$$$$$$$$$
600516 方大炭素 涨幅1.18,市值305亿 
板块：石墨电极
主买：5059万
主卖：-3806万
净买入：1253万
类型：游资
符合条件1，单位时间新增买入 1253万
$$$$$$$$$$$$$$$$$$$$$$$$$$$$$$$$$$$$$$$$$$$$$$$$$$$$$$$$$$$
002460 赣锋锂业 涨幅4.61,市值427亿 
板块：锂电池
主买：20800万
主卖：-19827万
净买入：973万
类型：游资
符合条件1，单位时间新增买入 1155万
$$$$$$$$$$$$$$$$$$$$$$$$$$$$$$$$$$$$$$$$$$$$$$$$$$$$$$$$$$$
601011 宝泰隆 涨幅7.67,市值102亿 
板块：石墨烯,针状焦,负极材料,锂电池
主买：8863万
主卖：-16094万
净买入：-7231万
类型：游资
符合条件1，单位时间新增买入 2350万
--------------------------------------------------------------------------------------------
时间： 
$$$$$$$$$$$$$$$$$$$$$$$$$$$$$$$$$$$$$$$$$$$$$$$$$$$$$$$$$$$
002466 天齐锂业 涨幅3.48,市值418亿 
板块：锂电池
主买：9239万
主卖：-3154万
净买入：6085万
类型：游资
符合条件1，单位时间新增买入 6085万
$$$$$$$$$$$$$$$$$$$$$$$$$$$$$$$$$$$$$$$$$$$$$$$$$$$$$$$$$$$
002622 融钰集团 涨幅2.44,市值89亿 
板块：庄股
主买：9921万
主卖：-3894万
净买入：6027万
类型：
符合条件1，单位时间新增买入 6027万
--------------------------------------------------------------------------------------------
时间： 
$$$$$$$$$$$$$$$$$$$$$$$$$$$$$$$$$$$$$$$$$$$$$$$$$$$$$$$$$$$
002460 赣锋锂业 涨幅5.48,市值430亿 
板块：锂电池
主买：23411万
主卖：-21153万
净买入：2258万
类型：游资
符合条件1，单位时间新增买入 1224万
--------------------------------------------------------------------------------------------
时间： 
$$$$$$$$$$$$$$$$$$$$$$$$$$$$$$$$$$$$$$$$$$$$$$$$$$$$$$$$$$$
002466 天齐锂业 涨幅4.15,市值421亿 
板块：锂电池
主买：11217万
主卖：-3573万
净买入：7644万
类型：游资
符合条件1，单位时间新增买入 1438万
$$$$$$$$$$$$$$$$$$$$$$$$$$$$$$$$$$$$$$$$$$$$$$$$$$$$$$$$$$$
002497 雅化集团 涨幅3.98,市值160亿 
板块：锂电池
主买：3964万
主卖：-2601万
净买入：1362万
类型：游资
符合条件1，单位时间新增买入 1027万
--------------------------------------------------------------------------------------------
时间： 
$$$$$$$$$$$$$$$$$$$$$$$$$$$$$$$$$$$$$$$$$$$$$$$$$$$$$$$$$$$
300699 光威复材 涨幅3.17,市值66亿 
板块：开板次新
主买：17009万
主卖：-7115万
净买入：9894万
类型：
符合条件1，单位时间新增买入 1216万
$$$$$$$$$$$$$$$$$$$$$$$$$$$$$$$$$$$$$$$$$$$$$$$$$$$$$$$$$$$
002466 天齐锂业 涨幅4.15,市值421亿 
板块：锂电池
主买：13493万
主卖：-3916万
净买入：9577万
类型：游资
符合条件1，单位时间新增买入 1933万
$$$$$$$$$$$$$$$$$$$$$$$$$$$$$$$$$$$$$$$$$$$$$$$$$$$$$$$$$$$
300681 英搏尔 涨幅9.31,市值15亿 
板块：次新股,新能源汽车
主买：4184万
主卖：-1182万
净买入：3002万
类型：
符合条件1，单位时间新增买入 3002万
$$$$$$$$$$$$$$$$$$$$$$$$$$$$$$$$$$$$$$$$$$$$$$$$$$$$$$$$$$$
600516 方大炭素 涨幅1.51,市值306亿 
板块：石墨电极
主买：6397万
主卖：-4939万
净买入：1458万
类型：游资
符合条件1，单位时间新增买入 748万
--------------------------------------------------------------------------------------------
时间： 
$$$$$$$$$$$$$$$$$$$$$$$$$$$$$$$$$$$$$$$$$$$$$$$$$$$$$$$$$$$
002466 天齐锂业 涨幅4.77,市值423亿 
板块：锂电池
主买：16315万
主卖：-4828万
净买入：11488万
类型：游资
符合条件1，单位时间新增买入 1911万
$$$$$$$$$$$$$$$$$$$$$$$$$$$$$$$$$$$$$$$$$$$$$$$$$$$$$$$$$$$
300699 光威复材 涨幅2.82,市值66亿 
板块：开板次新
主买：18231万
主卖：-7115万
净买入：11116万
类型：
符合条件1，单位时间新增买入 1222万
$$$$$$$$$$$$$$$$$$$$$$$$$$$$$$$$$$$$$$$$$$$$$$$$$$$$$$$$$$$
002510 天汽模 涨幅5.85,市值62亿 
板块：特斯拉
主买：6673万
主卖：-3169万
净买入：3505万
类型：游资
符合条件1，单位时间新增买入 1369万
$$$$$$$$$$$$$$$$$$$$$$$$$$$$$$$$$$$$$$$$$$$$$$$$$$$$$$$$$$$
002460 赣锋锂业 涨幅6.06,市值433亿 
板块：锂电池
主买：26535万
主卖：-23898万
净买入：2637万
类型：游资
符合条件1，单位时间新增买入 1125万
$$$$$$$$$$$$$$$$$$$$$$$$$$$$$$$$$$$$$$$$$$$$$$$$$$$$$$$$$$$
002350 北京科锐 涨幅3.00,市值28亿 
板块：雄安新区,电气设备
主买：2548万
主卖：-1471万
净买入：1077万
类型：游资
符合条件1，单位时间新增买入 1340万
$$$$$$$$$$$$$$$$$$$$$$$$$$$$$$$$$$$$$$$$$$$$$$$$$$$$$$$$$$$
002594 比亚迪 涨幅6.08,市值656亿 
板块：新能源汽车,锂电池,特斯拉,充电桩
主买：20005万
主卖：-21782万
净买入：-1777万
类型：基金
符合条件1，单位时间新增买入 1199万
--------------------------------------------------------------------------------------------
时间： 
--------------------------------------------------------------------------------------------
时间： 
$$$$$$$$$$$$$$$$$$$$$$$$$$$$$$$$$$$$$$$$$$$$$$$$$$$$$$$$$$$
300699 光威复材 涨幅3.64,市值67亿 
板块：开板次新
主买：20929万
主卖：-7115万
净买入：13814万
类型：
符合条件1，单位时间新增买入 2243万
$$$$$$$$$$$$$$$$$$$$$$$$$$$$$$$$$$$$$$$$$$$$$$$$$$$$$$$$$$$
600516 方大炭素 涨幅1.97,市值307亿 
板块：石墨电极
主买：7814万
主卖：-5448万
净买入：2366万
类型：游资
符合条件1，单位时间新增买入 1126万
--------------------------------------------------------------------------------------------
时间： 
--------------------------------------------------------------------------------------------
时间： 
$$$$$$$$$$$$$$$$$$$$$$$$$$$$$$$$$$$$$$$$$$$$$$$$$$$$$$$$$$$
002176 江特电机 涨幅2.49,市值178亿 
板块：锂电池,电气设备,新能源汽车
主买：11470万
主卖：-6674万
净买入：4796万
类型：
符合条件1，单位时间新增买入 4796万
$$$$$$$$$$$$$$$$$$$$$$$$$$$$$$$$$$$$$$$$$$$$$$$$$$$$$$$$$$$
603799 华友钴业 涨幅3.11,市值236亿 
板块：钴
主买：10436万
主卖：-6359万
净买入：4077万
类型：
符合条件1，单位时间新增买入 4077万
$$$$$$$$$$$$$$$$$$$$$$$$$$$$$$$$$$$$$$$$$$$$$$$$$$$$$$$$$$$
300457 赢合科技 涨幅3.32,市值45亿 
板块：高送转,锂电池
主买：1601万
主卖：-352万
净买入：1249万
类型：
符合条件1，单位时间新增买入 1249万
$$$$$$$$$$$$$$$$$$$$$$$$$$$$$$$$$$$$$$$$$$$$$$$$$$$$$$$$$$$
002460 赣锋锂业 涨幅5.92,市值432亿 
板块：锂电池
主买：30263万
主卖：-27037万
净买入：3227万
类型：游资
符合条件1，单位时间新增买入 1108万
--------------------------------------------------------------------------------------------
时间： 
$$$$$$$$$$$$$$$$$$$$$$$$$$$$$$$$$$$$$$$$$$$$$$$$$$$$$$$$$$$
002460 赣锋锂业 涨幅6.26,市值433亿 
板块：锂电池
主买：31914万
主卖：-27584万
净买入：4330万
类型：游资
符合条件1，单位时间新增买入 1104万
--------------------------------------------------------------------------------------------
时间： 
$$$$$$$$$$$$$$$$$$$$$$$$$$$$$$$$$$$$$$$$$$$$$$$$$$$$$$$$$$$
600490 鹏欣资源 涨幅6.64,市值110亿 
板块：钴
主买：10261万
主卖：-1380万
净买入：8881万
类型：游资
符合条件1，单位时间新增买入 3776万
--------------------------------------------------------------------------------------------
时间： 
$$$$$$$$$$$$$$$$$$$$$$$$$$$$$$$$$$$$$$$$$$$$$$$$$$$$$$$$$$$
002460 赣锋锂业 涨幅6.30,市值434亿 
板块：锂电池
主买：33577万
主卖：-28093万
净买入：5484万
类型：游资
符合条件1，单位时间新增买入 948万
--------------------------------------------------------------------------------------------
时间： 
$$$$$$$$$$$$$$$$$$$$$$$$$$$$$$$$$$$$$$$$$$$$$$$$$$$$$$$$$$$
002340 格林美 涨幅1.72,市值219亿 
板块：钴,锂电池
主买：9594万
主卖：-4087万
净买入：5506万
类型：游资
符合条件1，单位时间新增买入 5506万
$$$$$$$$$$$$$$$$$$$$$$$$$$$$$$$$$$$$$$$$$$$$$$$$$$$$$$$$$$$
002460 赣锋锂业 涨幅6.12,市值433亿 
板块：锂电池
主买：34914万
主卖：-28462万
净买入：6452万
类型：游资
符合条件1，单位时间新增买入 968万
$$$$$$$$$$$$$$$$$$$$$$$$$$$$$$$$$$$$$$$$$$$$$$$$$$$$$$$$$$$
601003 柳钢股份 涨幅5.71,市值33亿 
板块：钢铁
主买：1916万
主卖：-1354万
净买入：562万
类型：游资
符合条件1，单位时间新增买入 917万
$$$$$$$$$$$$$$$$$$$$$$$$$$$$$$$$$$$$$$$$$$$$$$$$$$$$$$$$$$$
000868 安凯客车 涨幅3.51,市值38亿 
板块：新能源汽车
主买：4271万
主卖：-5760万
净买入：-1488万
类型：
符合条件1，单位时间新增买入 926万
--------------------------------------------------------------------------------------------
时间： 
$$$$$$$$$$$$$$$$$$$$$$$$$$$$$$$$$$$$$$$$$$$$$$$$$$$$$$$$$$$
600490 鹏欣资源 涨幅8.14,市值112亿 
板块：钴
主买：11964万
主卖：-1380万
净买入：10584万
类型：游资
符合条件1，单位时间新增买入 1365万
$$$$$$$$$$$$$$$$$$$$$$$$$$$$$$$$$$$$$$$$$$$$$$$$$$$$$$$$$$$
600022 山东钢铁 涨幅2.03,市值95亿 
板块：钢铁
主买：4385万
主卖：-5845万
净买入：-1460万
类型：
符合条件1，单位时间新增买入 1261万
--------------------------------------------------------------------------------------------
时间： 
$$$$$$$$$$$$$$$$$$$$$$$$$$$$$$$$$$$$$$$$$$$$$$$$$$$$$$$$$$$
600490 鹏欣资源 涨幅8.46,市值112亿 
板块：钴
主买：14054万
主卖：-1380万
净买入：12674万
类型：游资
符合条件1，单位时间新增买入 2090万
$$$$$$$$$$$$$$$$$$$$$$$$$$$$$$$$$$$$$$$$$$$$$$$$$$$$$$$$$$$
603799 华友钴业 涨幅4.56,市值239亿 
板块：钴
主买：14557万
主卖：-6732万
净买入：7825万
类型：
符合条件1，单位时间新增买入 1727万
$$$$$$$$$$$$$$$$$$$$$$$$$$$$$$$$$$$$$$$$$$$$$$$$$$$$$$$$$$$
002594 比亚迪 涨幅7.91,市值667亿 
板块：新能源汽车,锂电池,特斯拉,充电桩
主买：26344万
主卖：-28171万
净买入：-1827万
类型：基金
符合条件1，单位时间新增买入 1023万
--------------------------------------------------------------------------------------------
时间： 
$$$$$$$$$$$$$$$$$$$$$$$$$$$$$$$$$$$$$$$$$$$$$$$$$$$$$$$$$$$
000957 中通客车 涨幅5.86,市值51亿 
板块：新能源汽车,白马股
主买：2403万
主卖：-1183万
净买入：1220万
类型：基金
符合条件1，单位时间新增买入 1220万
$$$$$$$$$$$$$$$$$$$$$$$$$$$$$$$$$$$$$$$$$$$$$$$$$$$$$$$$$$$
603799 华友钴业 涨幅4.23,市值238亿 
板块：钴
主买：16158万
主卖：-6976万
净买入：9182万
类型：
符合条件1，单位时间新增买入 1357万
--------------------------------------------------------------------------------------------
时间： 
$$$$$$$$$$$$$$$$$$$$$$$$$$$$$$$$$$$$$$$$$$$$$$$$$$$$$$$$$$$
600490 鹏欣资源 涨幅8.67,市值112亿 
板块：钴
主买：15044万
主卖：-1735万
净买入：13309万
类型：游资
符合条件1，单位时间新增买入 924万
$$$$$$$$$$$$$$$$$$$$$$$$$$$$$$$$$$$$$$$$$$$$$$$$$$$$$$$$$$$
600231 凌钢股份 涨幅9.82,市值45亿 
板块：钢铁
主买：12422万
主卖：-2051万
净买入：10370万
类型：基金
符合条件1，单位时间新增买入 4280万
$$$$$$$$$$$$$$$$$$$$$$$$$$$$$$$$$$$$$$$$$$$$$$$$$$$$$$$$$$$
603799 华友钴业 涨幅4.94,市值240亿 
板块：钴
主买：17681万
主卖：-7317万
净买入：10364万
类型：
符合条件1，单位时间新增买入 1182万
$$$$$$$$$$$$$$$$$$$$$$$$$$$$$$$$$$$$$$$$$$$$$$$$$$$$$$$$$$$
000957 中通客车 涨幅6.95,市值52亿 
板块：新能源汽车,白马股
主买：3506万
主卖：-1449万
净买入：2057万
类型：基金
符合条件1，单位时间新增买入 838万
$$$$$$$$$$$$$$$$$$$$$$$$$$$$$$$$$$$$$$$$$$$$$$$$$$$$$$$$$$$
000717 韶钢松山 涨幅5.46,市值94亿 
板块：钢铁
主买：6088万
主卖：-9395万
净买入：-3307万
类型：游资
符合条件1，单位时间新增买入 1271万
--------------------------------------------------------------------------------------------
时间： 
--------------------------------------------------------------------------------------------
时间： 
$$$$$$$$$$$$$$$$$$$$$$$$$$$$$$$$$$$$$$$$$$$$$$$$$$$$$$$$$$$
600490 鹏欣资源 涨幅9.31,市值113亿 
板块：钴
主买：18024万
主卖：-3470万
净买入：14554万
类型：游资
符合条件1，单位时间新增买入 1057万
--------------------------------------------------------------------------------------------
时间： 
$$$$$$$$$$$$$$$$$$$$$$$$$$$$$$$$$$$$$$$$$$$$$$$$$$$$$$$$$$$
600490 鹏欣资源 涨幅9.74,市值113亿 
板块：钴
主买：25183万
主卖：-4385万
净买入：20798万
类型：游资
符合条件1，单位时间新增买入 6244万
$$$$$$$$$$$$$$$$$$$$$$$$$$$$$$$$$$$$$$$$$$$$$$$$$$$$$$$$$$$
600516 方大炭素 涨幅1.77,市值307亿 
板块：石墨电极
主买：9470万
主卖：-7976万
净买入：1494万
类型：游资
符合条件1，单位时间新增买入 879万
--------------------------------------------------------------------------------------------
时间： 
$$$$$$$$$$$$$$$$$$$$$$$$$$$$$$$$$$$$$$$$$$$$$$$$$$$$$$$$$$$
603799 华友钴业 涨幅4.20,市值238亿 
板块：钴
主买：19747万
主卖：-7726万
净买入：12020万
类型：
符合条件1，单位时间新增买入 837万
$$$$$$$$$$$$$$$$$$$$$$$$$$$$$$$$$$$$$$$$$$$$$$$$$$$$$$$$$$$
601011 宝泰隆 涨幅8.77,市值103亿 
板块：石墨烯,针状焦,负极材料,锂电池
主买：16829万
主卖：-20388万
净买入：-3559万
类型：游资
符合条件1，单位时间新增买入 3752万
--------------------------------------------------------------------------------------------
时间： 
--------------------------------------------------------------------------------------------
时间： 
$$$$$$$$$$$$$$$$$$$$$$$$$$$$$$$$$$$$$$$$$$$$$$$$$$$$$$$$$$$
600490 鹏欣资源 涨幅9.64,市值113亿 
板块：钴
主买：29171万
主卖：-5076万
净买入：24096万
类型：游资
符合条件1，单位时间新增买入 2705万
$$$$$$$$$$$$$$$$$$$$$$$$$$$$$$$$$$$$$$$$$$$$$$$$$$$$$$$$$$$
300699 光威复材 涨幅3.73,市值67亿 
板块：开板次新
主买：24572万
主卖：-7637万
净买入：16935万
类型：
符合条件1，单位时间新增买入 1695万
--------------------------------------------------------------------------------------------
时间： 
$$$$$$$$$$$$$$$$$$$$$$$$$$$$$$$$$$$$$$$$$$$$$$$$$$$$$$$$$$$
600490 鹏欣资源 涨幅9.96,市值114亿 
板块：钴
主买：35153万
主卖：-5990万
净买入：29163万
类型：游资
符合条件1，单位时间新增买入 5067万
$$$$$$$$$$$$$$$$$$$$$$$$$$$$$$$$$$$$$$$$$$$$$$$$$$$$$$$$$$$
300699 光威复材 涨幅3.67,市值67亿 
板块：开板次新
主买：25491万
主卖：-7637万
净买入：17854万
类型：
符合条件1，单位时间新增买入 920万
$$$$$$$$$$$$$$$$$$$$$$$$$$$$$$$$$$$$$$$$$$$$$$$$$$$$$$$$$$$
603799 华友钴业 涨幅4.64,市值239亿 
板块：钴
主买：20960万
主卖：-7858万
净买入：13102万
类型：
符合条件1，单位时间新增买入 703万
--------------------------------------------------------------------------------------------
时间： 
$$$$$$$$$$$$$$$$$$$$$$$$$$$$$$$$$$$$$$$$$$$$$$$$$$$$$$$$$$$
300699 光威复材 涨幅4.26,市值67亿 
板块：开板次新
主买：27818万
主卖：-7782万
净买入：20036万
类型：
符合条件1，单位时间新增买入 2182万
$$$$$$$$$$$$$$$$$$$$$$$$$$$$$$$$$$$$$$$$$$$$$$$$$$$$$$$$$$$
600231 凌钢股份 涨幅10.00,市值45亿 
板块：钢铁
主买：14986万
主卖：-2277万
净买入：12709万
类型：基金
符合条件1，单位时间新增买入 835万
$$$$$$$$$$$$$$$$$$$$$$$$$$$$$$$$$$$$$$$$$$$$$$$$$$$$$$$$$$$
002510 天汽模 涨幅7.68,市值63亿 
板块：特斯拉
主买：10638万
主卖：-4534万
净买入：6105万
类型：游资
符合条件1，单位时间新增买入 1545万
--------------------------------------------------------------------------------------------
时间： 
$$$$$$$$$$$$$$$$$$$$$$$$$$$$$$$$$$$$$$$$$$$$$$$$$$$$$$$$$$$
300699 光威复材 涨幅4.57,市值67亿 
板块：开板次新
主买：30282万
主卖：-8971万
净买入：21310万
类型：
符合条件1，单位时间新增买入 1274万
$$$$$$$$$$$$$$$$$$$$$$$$$$$$$$$$$$$$$$$$$$$$$$$$$$$$$$$$$$$
603799 华友钴业 涨幅4.94,市值240亿 
板块：钴
主买：22835万
主卖：-8451万
净买入：14384万
类型：
符合条件1，单位时间新增买入 790万
$$$$$$$$$$$$$$$$$$$$$$$$$$$$$$$$$$$$$$$$$$$$$$$$$$$$$$$$$$$
002466 天齐锂业 涨幅4.77,市值423亿 
板块：锂电池
主买：21581万
主卖：-7409万
净买入：14172万
类型：游资
符合条件1，单位时间新增买入 1427万
$$$$$$$$$$$$$$$$$$$$$$$$$$$$$$$$$$$$$$$$$$$$$$$$$$$$$$$$$$$
002460 赣锋锂业 涨幅6.96,市值436亿 
板块：锂电池
主买：42518万
主卖：-30811万
净买入：11707万
类型：游资
符合条件1，单位时间新增买入 3589万
$$$$$$$$$$$$$$$$$$$$$$$$$$$$$$$$$$$$$$$$$$$$$$$$$$$$$$$$$$$
002176 江特电机 涨幅3.27,市值180亿 
板块：锂电池,电气设备,新能源汽车
主买：16465万
主卖：-9272万
净买入：7192万
类型：
符合条件1，单位时间新增买入 1954万
$$$$$$$$$$$$$$$$$$$$$$$$$$$$$$$$$$$$$$$$$$$$$$$$$$$$$$$$$$$
601011 宝泰隆 涨幅10.03,市值104亿 
板块：石墨烯,针状焦,负极材料,锂电池
主买：39624万
主卖：-35054万
净买入：4570万
类型：游资
符合条件1，单位时间新增买入 7371万
$$$$$$$$$$$$$$$$$$$$$$$$$$$$$$$$$$$$$$$$$$$$$$$$$$$$$$$$$$$
600516 方大炭素 涨幅2.20,市值308亿 
板块：石墨电极
主买：10196万
主卖：-8089万
净买入：2107万
类型：游资
符合条件1，单位时间新增买入 1171万
$$$$$$$$$$$$$$$$$$$$$$$$$$$$$$$$$$$$$$$$$$$$$$$$$$$$$$$$$$$
000413 东旭光电 涨幅0.18,市值417亿 
板块：石墨烯
主买：10997万
主卖：-24983万
净买入：-13987万
类型：基金
符合条件1，单位时间新增买入 856万
--------------------------------------------------------------------------------------------
时间： 
$$$$$$$$$$$$$$$$$$$$$$$$$$$$$$$$$$$$$$$$$$$$$$$$$$$$$$$$$$$
002340 格林美 涨幅2.46,市值220亿 
板块：钴,锂电池
主买：12395万
主卖：-5638万
净买入：6757万
类型：游资
符合条件1，单位时间新增买入 807万
$$$$$$$$$$$$$$$$$$$$$$$$$$$$$$$$$$$$$$$$$$$$$$$$$$$$$$$$$$$
601011 宝泰隆 涨幅10.03,市值104亿 
板块：石墨烯,针状焦,负极材料,锂电池
主买：42692万
主卖：-36034万
净买入：6658万
类型：游资
符合条件1，单位时间新增买入 2088万
$$$$$$$$$$$$$$$$$$$$$$$$$$$$$$$$$$$$$$$$$$$$$$$$$$$$$$$$$$$
000970 中科三环 涨幅2.67,市值151亿 
板块：永磁材料
主买：9213万
主卖：-5540万
净买入：3673万
类型：游资
符合条件1，单位时间新增买入 3673万
--------------------------------------------------------------------------------------------
时间： 
$$$$$$$$$$$$$$$$$$$$$$$$$$$$$$$$$$$$$$$$$$$$$$$$$$$$$$$$$$$
300699 光威复材 涨幅4.50,市值67亿 
板块：开板次新
主买：31124万
主卖：-9106万
净买入：22018万
类型：
符合条件1，单位时间新增买入 819万
$$$$$$$$$$$$$$$$$$$$$$$$$$$$$$$$$$$$$$$$$$$$$$$$$$$$$$$$$$$
002466 天齐锂业 涨幅4.83,市值423亿 
板块：锂电池
主买：22488万
主卖：-7522万
净买入：14966万
类型：游资
符合条件1，单位时间新增买入 745万
$$$$$$$$$$$$$$$$$$$$$$$$$$$$$$$$$$$$$$$$$$$$$$$$$$$$$$$$$$$
002460 赣锋锂业 涨幅7.43,市值438亿 
板块：锂电池
主买：45571万
主卖：-31683万
净买入：13888万
类型：游资
符合条件1，单位时间新增买入 2104万
$$$$$$$$$$$$$$$$$$$$$$$$$$$$$$$$$$$$$$$$$$$$$$$$$$$$$$$$$$$
601011 宝泰隆 涨幅10.03,市值104亿 
板块：石墨烯,针状焦,负极材料,锂电池
主买：44087万
主卖：-36135万
净买入：7953万
类型：游资
符合条件1，单位时间新增买入 1294万
$$$$$$$$$$$$$$$$$$$$$$$$$$$$$$$$$$$$$$$$$$$$$$$$$$$$$$$$$$$
002340 格林美 涨幅2.21,市值220亿 
板块：钴,锂电池
主买：13555万
主卖：-5638万
净买入：7917万
类型：游资
符合条件1，单位时间新增买入 1160万
$$$$$$$$$$$$$$$$$$$$$$$$$$$$$$$$$$$$$$$$$$$$$$$$$$$$$$$$$$$
002510 天汽模 涨幅6.95,市值63亿 
板块：特斯拉
主买：12172万
主卖：-4905万
净买入：7267万
类型：游资
符合条件1，单位时间新增买入 710万
--------------------------------------------------------------------------------------------
时间： 
$$$$$$$$$$$$$$$$$$$$$$$$$$$$$$$$$$$$$$$$$$$$$$$$$$$$$$$$$$$
601011 宝泰隆 涨幅10.03,市值104亿 
板块：石墨烯,针状焦,负极材料,锂电池
主买：45160万
主卖：-36135万
净买入：9025万
类型：游资
符合条件1，单位时间新增买入 1072万
--------------------------------------------------------------------------------------------
时间： 
$$$$$$$$$$$$$$$$$$$$$$$$$$$$$$$$$$$$$$$$$$$$$$$$$$$$$$$$$$$
300597 吉大通信 涨幅10.03,市值13亿 
板块：次新股,5G
主买：12628万
主卖：-4134万
净买入：8494万
类型：
符合条件1，单位时间新增买入 1768万
$$$$$$$$$$$$$$$$$$$$$$$$$$$$$$$$$$$$$$$$$$$$$$$$$$$$$$$$$$$
600307 酒钢宏兴 涨幅2.15,市值108亿 
板块：钢铁
主买：8418万
主卖：-20465万
净买入：-12047万
类型：
符合条件1，单位时间新增买入 1800万
--------------------------------------------------------------------------------------------
时间： 
$$$$$$$$$$$$$$$$$$$$$$$$$$$$$$$$$$$$$$$$$$$$$$$$$$$$$$$$$$$
600516 方大炭素 涨幅2.72,市值309亿 
板块：石墨电极
主买：11847万
主卖：-9766万
净买入：2081万
类型：游资
符合条件1，单位时间新增买入 887万
--------------------------------------------------------------------------------------------
时间： 
$$$$$$$$$$$$$$$$$$$$$$$$$$$$$$$$$$$$$$$$$$$$$$$$$$$$$$$$$$$
601011 宝泰隆 涨幅10.03,市值104亿 
板块：石墨烯,针状焦,负极材料,锂电池
主买：49226万
主卖：-37526万
净买入：11699万
类型：游资
符合条件1，单位时间新增买入 1864万
--------------------------------------------------------------------------------------------
时间： 
$$$$$$$$$$$$$$$$$$$$$$$$$$$$$$$$$$$$$$$$$$$$$$$$$$$$$$$$$$$
002594 比亚迪 涨幅8.86,市值673亿 
板块：新能源汽车,锂电池,特斯拉,充电桩
主买：34091万
主卖：-31516万
净买入：2576万
类型：基金
符合条件1，单位时间新增买入 2902万
--------------------------------------------------------------------------------------------
时间： 
$$$$$$$$$$$$$$$$$$$$$$$$$$$$$$$$$$$$$$$$$$$$$$$$$$$$$$$$$$$
002510 天汽模 涨幅9.15,市值64亿 
板块：特斯拉
主买：17097万
主卖：-6169万
净买入：10928万
类型：游资
符合条件1，单位时间新增买入 2552万
--------------------------------------------------------------------------------------------
时间： 
$$$$$$$$$$$$$$$$$$$$$$$$$$$$$$$$$$$$$$$$$$$$$$$$$$$$$$$$$$$
002460 赣锋锂业 涨幅7.13,市值437亿 
板块：锂电池
主买：47530万
主卖：-32905万
净买入：14625万
类型：游资
符合条件1，单位时间新增买入 743万
$$$$$$$$$$$$$$$$$$$$$$$$$$$$$$$$$$$$$$$$$$$$$$$$$$$$$$$$$$$
002340 格林美 涨幅2.95,市值221亿 
板块：钴,锂电池
主买：17069万
主卖：-6021万
净买入：11048万
类型：游资
符合条件1，单位时间新增买入 2310万
$$$$$$$$$$$$$$$$$$$$$$$$$$$$$$$$$$$$$$$$$$$$$$$$$$$$$$$$$$$
300681 英搏尔 涨幅10.00,市值15亿 
板块：次新股,新能源汽车
主买：7135万
主卖：-2286万
净买入：4849万
类型：
符合条件1，单位时间新增买入 1385万
--------------------------------------------------------------------------------------------
时间： 
--------------------------------------------------------------------------------------------
时间： 
$$$$$$$$$$$$$$$$$$$$$$$$$$$$$$$$$$$$$$$$$$$$$$$$$$$$$$$$$$$
600522 中天科技 涨幅4.18,市值238亿 
板块：5G,锂电池,白马股
主买：16946万
主卖：-11176万
净买入：5770万
类型：
符合条件1，单位时间新增买入 5770万
--------------------------------------------------------------------------------------------
时间： 
--------------------------------------------------------------------------------------------
时间： 
$$$$$$$$$$$$$$$$$$$$$$$$$$$$$$$$$$$$$$$$$$$$$$$$$$$$$$$$$$$
002340 格林美 涨幅3.56,市值223亿 
板块：钴,锂电池
主买：20445万
主卖：-6272万
净买入：14172万
类型：游资
符合条件1，单位时间新增买入 2830万
--------------------------------------------------------------------------------------------
时间： 
--------------------------------------------------------------------------------------------
时间： 
$$$$$$$$$$$$$$$$$$$$$$$$$$$$$$$$$$$$$$$$$$$$$$$$$$$$$$$$$$$
002466 天齐锂业 涨幅5.14,市值425亿 
板块：锂电池
主买：27103万
主卖：-9043万
净买入：18060万
类型：游资
符合条件1，单位时间新增买入 867万
$$$$$$$$$$$$$$$$$$$$$$$$$$$$$$$$$$$$$$$$$$$$$$$$$$$$$$$$$$$
600522 中天科技 涨幅5.75,市值241亿 
板块：5G,锂电池,白马股
主买：23560万
主卖：-12680万
净买入：10880万
类型：
符合条件1，单位时间新增买入 3612万
--------------------------------------------------------------------------------------------
时间： 
$$$$$$$$$$$$$$$$$$$$$$$$$$$$$$$$$$$$$$$$$$$$$$$$$$$$$$$$$$$
002466 天齐锂业 涨幅5.24,市值425亿 
板块：锂电池
主买：29169万
主卖：-9043万
净买入：20126万
类型：游资
符合条件1，单位时间新增买入 2066万
$$$$$$$$$$$$$$$$$$$$$$$$$$$$$$$$$$$$$$$$$$$$$$$$$$$$$$$$$$$
002460 赣锋锂业 涨幅7.26,市值437亿 
板块：锂电池
主买：50356万
主卖：-33884万
净买入：16473万
类型：游资
符合条件1，单位时间新增买入 921万
--------------------------------------------------------------------------------------------
时间： 
--------------------------------------------------------------------------------------------
时间： 
$$$$$$$$$$$$$$$$$$$$$$$$$$$$$$$$$$$$$$$$$$$$$$$$$$$$$$$$$$$
002847 盐津铺子 涨幅1.33,市值13亿 
板块：庄股
主买：12573万
主卖：-1168万
净买入：11405万
类型：浙江帮
符合条件1，单位时间新增买入 11405万
--------------------------------------------------------------------------------------------
时间： 
$$$$$$$$$$$$$$$$$$$$$$$$$$$$$$$$$$$$$$$$$$$$$$$$$$$$$$$$$$$
002847 盐津铺子 涨幅1.72,市值13亿 
板块：庄股
主买：13766万
主卖：-1393万
净买入：12374万
类型：浙江帮
符合条件1，单位时间新增买入 969万
--------------------------------------------------------------------------------------------
时间： 
$$$$$$$$$$$$$$$$$$$$$$$$$$$$$$$$$$$$$$$$$$$$$$$$$$$$$$$$$$$
002460 赣锋锂业 涨幅7.59,市值439亿 
板块：锂电池
主买：53479万
主卖：-36103万
净买入：17376万
类型：游资
符合条件1，单位时间新增买入 821万
$$$$$$$$$$$$$$$$$$$$$$$$$$$$$$$$$$$$$$$$$$$$$$$$$$$$$$$$$$$
002847 盐津铺子 涨幅1.53,市值13亿 
板块：庄股
主买：15135万
主卖：-1393万
净买入：13742万
类型：浙江帮
符合条件1，单位时间新增买入 1369万
$$$$$$$$$$$$$$$$$$$$$$$$$$$$$$$$$$$$$$$$$$$$$$$$$$$$$$$$$$$
000413 东旭光电 涨幅0.53,市值419亿 
板块：石墨烯
主买：16394万
主卖：-32772万
净买入：-16378万
类型：基金
符合条件1，单位时间新增买入 1428万
--------------------------------------------------------------------------------------------
时间： 
$$$$$$$$$$$$$$$$$$$$$$$$$$$$$$$$$$$$$$$$$$$$$$$$$$$$$$$$$$$
603799 华友钴业 涨幅5.02,市值240亿 
板块：钴
主买：29357万
主卖：-11318万
净买入：18039万
类型：
符合条件1，单位时间新增买入 908万
--------------------------------------------------------------------------------------------
时间： 
$$$$$$$$$$$$$$$$$$$$$$$$$$$$$$$$$$$$$$$$$$$$$$$$$$$$$$$$$$$
000762 西藏矿业 涨幅2.48,市值84亿 
板块：盐湖提锂,西藏板块,锂电池
主买：6989万
主卖：-7822万
净买入：-833万
类型：游资
符合条件1，单位时间新增买入 779万
--------------------------------------------------------------------------------------------
时间： 
$$$$$$$$$$$$$$$$$$$$$$$$$$$$$$$$$$$$$$$$$$$$$$$$$$$$$$$$$$$
603799 华友钴业 涨幅5.77,市值242亿 
板块：钴
主买：30160万
主卖：-11318万
净买入：18841万
类型：
符合条件1，单位时间新增买入 846万
--------------------------------------------------------------------------------------------
时间： 
$$$$$$$$$$$$$$$$$$$$$$$$$$$$$$$$$$$$$$$$$$$$$$$$$$$$$$$$$$$
603799 华友钴业 涨幅5.92,市值242亿 
板块：钴
主买：33034万
主卖：-11419万
净买入：21615万
类型：
符合条件1，单位时间新增买入 2774万
$$$$$$$$$$$$$$$$$$$$$$$$$$$$$$$$$$$$$$$$$$$$$$$$$$$$$$$$$$$
600848 上海临港 涨幅8.14,市值71亿 
板块：特斯拉
主买：15508万
主卖：-3188万
净买入：12320万
类型：游资
符合条件1，单位时间新增买入 1930万
$$$$$$$$$$$$$$$$$$$$$$$$$$$$$$$$$$$$$$$$$$$$$$$$$$$$$$$$$$$
002497 雅化集团 涨幅5.14,市值162亿 
板块：锂电池
主买：11118万
主卖：-9061万
净买入：2056万
类型：游资
符合条件1，单位时间新增买入 2098万
--------------------------------------------------------------------------------------------
时间： 
--------------------------------------------------------------------------------------------
时间： 
--------------------------------------------------------------------------------------------
时间： 
--------------------------------------------------------------------------------------------
时间： 
--------------------------------------------------------------------------------------------
时间： 
--------------------------------------------------------------------------------------------
时间： 
$$$$$$$$$$$$$$$$$$$$$$$$$$$$$$$$$$$$$$$$$$$$$$$$$$$$$$$$$$$
002460 赣锋锂业 涨幅7.31,市值438亿 
板块：锂电池
主买：58469万
主卖：-38049万
净买入：20421万
类型：游资
符合条件1，单位时间新增买入 1087万
--------------------------------------------------------------------------------------------
时间： 
$$$$$$$$$$$$$$$$$$$$$$$$$$$$$$$$$$$$$$$$$$$$$$$$$$$$$$$$$$$
002497 雅化集团 涨幅5.94,市值163亿 
板块：锂电池
主买：13394万
主卖：-9702万
净买入：3692万
类型：游资
符合条件1，单位时间新增买入 871万
--------------------------------------------------------------------------------------------
时间： 
--------------------------------------------------------------------------------------------
时间： 
--------------------------------------------------------------------------------------------
时间： 
--------------------------------------------------------------------------------------------
时间： 
--------------------------------------------------------------------------------------------
时间： 
--------------------------------------------------------------------------------------------
时间： 
$$$$$$$$$$$$$$$$$$$$$$$$$$$$$$$$$$$$$$$$$$$$$$$$$$$$$$$$$$$
600522 中天科技 涨幅6.64,市值243亿 
板块：5G,锂电池,白马股
主买：30246万
主卖：-16136万
净买入：14110万
类型：
符合条件1，单位时间新增买入 3311万
--------------------------------------------------------------------------------------------
时间： 
$$$$$$$$$$$$$$$$$$$$$$$$$$$$$$$$$$$$$$$$$$$$$$$$$$$$$$$$$$$
600522 中天科技 涨幅6.72,市值243亿 
板块：5G,锂电池,白马股
主买：31397万
主卖：-16136万
净买入：15261万
类型：
符合条件1，单位时间新增买入 1151万
--------------------------------------------------------------------------------------------
时间： 
--------------------------------------------------------------------------------------------
时间： 
$$$$$$$$$$$$$$$$$$$$$$$$$$$$$$$$$$$$$$$$$$$$$$$$$$$$$$$$$$$
000063 中兴通讯 涨幅5.00,市值957亿 
板块：5G,白马股
主买：45386万
主卖：-29260万
净买入：16125万
类型：基金
符合条件1，单位时间新增买入 16125万
$$$$$$$$$$$$$$$$$$$$$$$$$$$$$$$$$$$$$$$$$$$$$$$$$$$$$$$$$$$
000725 京东方Ａ 涨幅-0.24,市值1011亿 
板块：OLED
主买：34516万
主卖：-64350万
净买入：-29834万
类型：
符合条件1，单位时间新增买入 859万
--------------------------------------------------------------------------------------------
时间： 
--------------------------------------------------------------------------------------------
时间： 
$$$$$$$$$$$$$$$$$$$$$$$$$$$$$$$$$$$$$$$$$$$$$$$$$$$$$$$$$$$
600522 中天科技 涨幅7.01,市值244亿 
板块：5G,锂电池,白马股
主买：32824万
主卖：-16136万
净买入：16688万
类型：
符合条件1，单位时间新增买入 1125万
--------------------------------------------------------------------------------------------
时间： 
--------------------------------------------------------------------------------------------
时间： 
$$$$$$$$$$$$$$$$$$$$$$$$$$$$$$$$$$$$$$$$$$$$$$$$$$$$$$$$$$$
600522 中天科技 涨幅8.21,市值247亿 
板块：5G,锂电池,白马股
主买：36074万
主卖：-17394万
净买入：18681万
类型：
符合条件1，单位时间新增买入 2234万
--------------------------------------------------------------------------------------------
时间： 
$$$$$$$$$$$$$$$$$$$$$$$$$$$$$$$$$$$$$$$$$$$$$$$$$$$$$$$$$$$
000063 中兴通讯 涨幅5.49,市值962亿 
板块：5G,白马股
主买：48570万
主卖：-30420万
净买入：18150万
类型：基金
符合条件1，单位时间新增买入 975万
--------------------------------------------------------------------------------------------
时间： 
--------------------------------------------------------------------------------------------
时间： 
$$$$$$$$$$$$$$$$$$$$$$$$$$$$$$$$$$$$$$$$$$$$$$$$$$$$$$$$$$$
601011 宝泰隆 涨幅8.85,市值103亿 
板块：石墨烯,针状焦,负极材料,锂电池
主买：62970万
主卖：-44978万
净买入：17992万
类型：游资
符合条件1，单位时间新增买入 2345万
--------------------------------------------------------------------------------------------
时间： 
--------------------------------------------------------------------------------------------
时间： 
--------------------------------------------------------------------------------------------
时间： 
$$$$$$$$$$$$$$$$$$$$$$$$$$$$$$$$$$$$$$$$$$$$$$$$$$$$$$$$$$$
000725 京东方Ａ 涨幅0.24,市值1016亿 
板块：OLED
主买：37863万
主卖：-67275万
净买入：-29411万
类型：
符合条件1，单位时间新增买入 1307万
--------------------------------------------------------------------------------------------
时间： 
--------------------------------------------------------------------------------------------
时间： 
$$$$$$$$$$$$$$$$$$$$$$$$$$$$$$$$$$$$$$$$$$$$$$$$$$$$$$$$$$$
000725 京东方Ａ 涨幅0.48,市值1018亿 
板块：OLED
主买：40100万
主卖：-67860万
净买入：-27760万
类型：
符合条件1，单位时间新增买入 1384万
--------------------------------------------------------------------------------------------
时间： 
$$$$$$$$$$$$$$$$$$$$$$$$$$$$$$$$$$$$$$$$$$$$$$$$$$$$$$$$$$$
000725 京东方Ａ 涨幅0.72,市值1021亿 
板块：OLED
主买：43994万
主卖：-70565万
净买入：-26570万
类型：
符合条件1，单位时间新增买入 1189万
--------------------------------------------------------------------------------------------
时间： 
--------------------------------------------------------------------------------------------
时间： 
--------------------------------------------------------------------------------------------
时间： 
$$$$$$$$$$$$$$$$$$$$$$$$$$$$$$$$$$$$$$$$$$$$$$$$$$$$$$$$$$$
600848 上海临港 涨幅9.35,市值72亿 
板块：特斯拉
主买：17452万
主卖：-4484万
净买入：12968万
类型：游资
符合条件1，单位时间新增买入 901万
--------------------------------------------------------------------------------------------
时间： 
$$$$$$$$$$$$$$$$$$$$$$$$$$$$$$$$$$$$$$$$$$$$$$$$$$$$$$$$$$$
600848 上海临港 涨幅9.05,市值72亿 
板块：特斯拉
主买：20090万
主卖：-5479万
净买入：14611万
类型：游资
符合条件1，单位时间新增买入 1643万
--------------------------------------------------------------------------------------------
时间： 
--------------------------------------------------------------------------------------------
时间： 
--------------------------------------------------------------------------------------------
时间： 
--------------------------------------------------------------------------------------------
时间： 
$$$$$$$$$$$$$$$$$$$$$$$$$$$$$$$$$$$$$$$$$$$$$$$$$$$$$$$$$$$
000725 京东方Ａ 涨幅0.48,市值1018亿 
板块：OLED
主买：49628万
主卖：-76503万
净买入：-26875万
类型：
符合条件1，单位时间新增买入 797万
--------------------------------------------------------------------------------------------
时间： 
--------------------------------------------------------------------------------------------
时间： 
--------------------------------------------------------------------------------------------
时间： 
--------------------------------------------------------------------------------------------
时间： 
--------------------------------------------------------------------------------------------
时间： 
--------------------------------------------------------------------------------------------
时间： 
--------------------------------------------------------------------------------------------
时间： 
--------------------------------------------------------------------------------------------
时间： 
--------------------------------------------------------------------------------------------
时间： 
--------------------------------------------------------------------------------------------
时间： 
--------------------------------------------------------------------------------------------
时间： 
$$$$$$$$$$$$$$$$$$$$$$$$$$$$$$$$$$$$$$$$$$$$$$$$$$$$$$$$$$$
000725 京东方Ａ 涨幅0.48,市值1018亿 
板块：OLED
主买：50700万
主卖：-77070万
净买入：-26370万
类型：
符合条件1，单位时间新增买入 1046万
--------------------------------------------------------------------------------------------
时间： 
$$$$$$$$$$$$$$$$$$$$$$$$$$$$$$$$$$$$$$$$$$$$$$$$$$$$$$$$$$$
000725 京东方Ａ 涨幅0.72,市值1021亿 
板块：OLED
主买：53413万
主卖：-77559万
净买入：-24145万
类型：
符合条件1，单位时间新增买入 2225万
--------------------------------------------------------------------------------------------
时间： 
--------------------------------------------------------------------------------------------
时间： 
$$$$$$$$$$$$$$$$$$$$$$$$$$$$$$$$$$$$$$$$$$$$$$$$$$$$$$$$$$$
002340 格林美 涨幅3.32,市值222亿 
板块：钴,锂电池
主买：27072万
主卖：-13584万
净买入：13488万
类型：游资
符合条件1，单位时间新增买入 2396万
$$$$$$$$$$$$$$$$$$$$$$$$$$$$$$$$$$$$$$$$$$$$$$$$$$$$$$$$$$$
002861 瀛通通讯 涨幅10.01,市值11亿 
板块：开板次新
主买：6582万
主卖：-1076万
净买入：5506万
类型：
符合条件1，单位时间新增买入 5506万
$$$$$$$$$$$$$$$$$$$$$$$$$$$$$$$$$$$$$$$$$$$$$$$$$$$$$$$$$$$
002194 武汉凡谷 涨幅7.58,市值24亿 
板块：5G
主买：5148万
主卖：-2288万
净买入：2860万
类型：
符合条件1，单位时间新增买入 797万
$$$$$$$$$$$$$$$$$$$$$$$$$$$$$$$$$$$$$$$$$$$$$$$$$$$$$$$$$$$
000725 京东方Ａ 涨幅1.20,市值1026亿 
板块：OLED
主买：56150万
主卖：-78018万
净买入：-21868万
类型：
符合条件1，单位时间新增买入 2207万
--------------------------------------------------------------------------------------------
时间： 
$$$$$$$$$$$$$$$$$$$$$$$$$$$$$$$$$$$$$$$$$$$$$$$$$$$$$$$$$$$
002340 格林美 涨幅3.19,市值222亿 
板块：钴,锂电池
主买：29005万
主卖：-13697万
净买入：15307万
类型：游资
符合条件1，单位时间新增买入 1820万
$$$$$$$$$$$$$$$$$$$$$$$$$$$$$$$$$$$$$$$$$$$$$$$$$$$$$$$$$$$
000725 京东方Ａ 涨幅0.72,市值1021亿 
板块：OLED
主买：59524万
主卖：-80408万
净买入：-20884万
类型：
符合条件1，单位时间新增买入 984万
--------------------------------------------------------------------------------------------
时间： 
--------------------------------------------------------------------------------------------
时间： 
$$$$$$$$$$$$$$$$$$$$$$$$$$$$$$$$$$$$$$$$$$$$$$$$$$$$$$$$$$$
000537 广宇发展 涨幅5.48,市值49亿 
板块：房地产
主买：4153万
主卖：-2211万
净买入：1943万
类型：
符合条件1，单位时间新增买入 1943万
--------------------------------------------------------------------------------------------
时间： 
$$$$$$$$$$$$$$$$$$$$$$$$$$$$$$$$$$$$$$$$$$$$$$$$$$$$$$$$$$$
002340 格林美 涨幅3.69,市值223亿 
板块：钴,锂电池
主买：34514万
主卖：-14509万
净买入：20004万
类型：游资
符合条件1，单位时间新增买入 4298万
$$$$$$$$$$$$$$$$$$$$$$$$$$$$$$$$$$$$$$$$$$$$$$$$$$$$$$$$$$$
601011 宝泰隆 涨幅9.78,市值104亿 
板块：石墨烯,针状焦,负极材料,锂电池
主买：64163万
主卖：-47831万
净买入：16332万
类型：游资
符合条件1，单位时间新增买入 979万
--------------------------------------------------------------------------------------------
时间： 
$$$$$$$$$$$$$$$$$$$$$$$$$$$$$$$$$$$$$$$$$$$$$$$$$$$$$$$$$$$
603799 华友钴业 涨幅6.07,市值242亿 
板块：钴
主买：42510万
主卖：-17049万
净买入：25462万
类型：
符合条件1，单位时间新增买入 749万
$$$$$$$$$$$$$$$$$$$$$$$$$$$$$$$$$$$$$$$$$$$$$$$$$$$$$$$$$$$
000725 京东方Ａ 涨幅0.96,市值1023亿 
板块：OLED
主买：61587万
主卖：-81549万
净买入：-19962万
类型：
符合条件1，单位时间新增买入 1056万
--------------------------------------------------------------------------------------------
时间： 
$$$$$$$$$$$$$$$$$$$$$$$$$$$$$$$$$$$$$$$$$$$$$$$$$$$$$$$$$$$
002340 格林美 涨幅4.18,市值224亿 
板块：钴,锂电池
主买：36302万
主卖：-15378万
净买入：20924万
类型：游资
符合条件1，单位时间新增买入 944万
--------------------------------------------------------------------------------------------
时间： 
$$$$$$$$$$$$$$$$$$$$$$$$$$$$$$$$$$$$$$$$$$$$$$$$$$$$$$$$$$$
002340 格林美 涨幅4.42,市值224亿 
板块：钴,锂电池
主买：41388万
主卖：-15378万
净买入：26009万
类型：游资
符合条件1，单位时间新增买入 5086万
$$$$$$$$$$$$$$$$$$$$$$$$$$$$$$$$$$$$$$$$$$$$$$$$$$$$$$$$$$$
000725 京东方Ａ 涨幅1.68,市值1031亿 
板块：OLED
主买：66630万
主卖：-84226万
净买入：-17596万
类型：
符合条件1，单位时间新增买入 2184万
--------------------------------------------------------------------------------------------
时间： 
$$$$$$$$$$$$$$$$$$$$$$$$$$$$$$$$$$$$$$$$$$$$$$$$$$$$$$$$$$$
002340 格林美 涨幅3.81,市值223亿 
板块：钴,锂电池
主买：42176万
主卖：-15378万
净买入：26797万
类型：游资
符合条件1，单位时间新增买入 788万
$$$$$$$$$$$$$$$$$$$$$$$$$$$$$$$$$$$$$$$$$$$$$$$$$$$$$$$$$$$
000725 京东方Ａ 涨幅1.68,市值1031亿 
板块：OLED
主买：72117万
主卖：-85037万
净买入：-12921万
类型：
符合条件1，单位时间新增买入 4675万
--------------------------------------------------------------------------------------------
时间： 
$$$$$$$$$$$$$$$$$$$$$$$$$$$$$$$$$$$$$$$$$$$$$$$$$$$$$$$$$$$
000063 中兴通讯 涨幅5.91,市值965亿 
板块：5G,白马股
主买：68045万
主卖：-41007万
净买入：27038万
类型：基金
符合条件1，单位时间新增买入 4331万
$$$$$$$$$$$$$$$$$$$$$$$$$$$$$$$$$$$$$$$$$$$$$$$$$$$$$$$$$$$
000725 京东方Ａ 涨幅2.40,市值1038亿 
板块：OLED
主买：88259万
主卖：-89830万
净买入：-1571万
类型：
符合条件1，单位时间新增买入 11350万
--------------------------------------------------------------------------------------------
时间： 
$$$$$$$$$$$$$$$$$$$$$$$$$$$$$$$$$$$$$$$$$$$$$$$$$$$$$$$$$$$
603799 华友钴业 涨幅6.37,市值243亿 
板块：钴
主买：45168万
主卖：-17283万
净买入：27885万
类型：
符合条件1，单位时间新增买入 1085万
$$$$$$$$$$$$$$$$$$$$$$$$$$$$$$$$$$$$$$$$$$$$$$$$$$$$$$$$$$$
002460 赣锋锂业 涨幅7.22,市值437亿 
板块：锂电池
主买：65100万
主卖：-46485万
净买入：18616万
类型：游资
符合条件1，单位时间新增买入 1103万
--------------------------------------------------------------------------------------------
时间： 
$$$$$$$$$$$$$$$$$$$$$$$$$$$$$$$$$$$$$$$$$$$$$$$$$$$$$$$$$$$
002340 格林美 涨幅3.93,市值223亿 
板块：钴,锂电池
主买：43230万
主卖：-15378万
净买入：27852万
类型：游资
符合条件1，单位时间新增买入 757万
$$$$$$$$$$$$$$$$$$$$$$$$$$$$$$$$$$$$$$$$$$$$$$$$$$$$$$$$$$$
002466 天齐锂业 涨幅5.16,市值425亿 
板块：锂电池
主买：34546万
主卖：-12787万
净买入：21759万
类型：游资
符合条件1，单位时间新增买入 985万
--------------------------------------------------------------------------------------------
时间： 
$$$$$$$$$$$$$$$$$$$$$$$$$$$$$$$$$$$$$$$$$$$$$$$$$$$$$$$$$$$
002340 格林美 涨幅4.05,市值224亿 
板块：钴,锂电池
主买：44203万
主卖：-15378万
净买入：28824万
类型：游资
符合条件1，单位时间新增买入 972万
$$$$$$$$$$$$$$$$$$$$$$$$$$$$$$$$$$$$$$$$$$$$$$$$$$$$$$$$$$$
300681 英搏尔 涨幅10.00,市值15亿 
板块：次新股,新能源汽车
主买：9410万
主卖：-3385万
净买入：6026万
类型：
符合条件1，单位时间新增买入 1031万
--------------------------------------------------------------------------------------------
时间： 
--------------------------------------------------------------------------------------------
时间： 
$$$$$$$$$$$$$$$$$$$$$$$$$$$$$$$$$$$$$$$$$$$$$$$$$$$$$$$$$$$
000063 中兴通讯 涨幅6.73,市值973亿 
板块：5G,白马股
主买：71501万
主卖：-42400万
净买入：29101万
类型：基金
符合条件1，单位时间新增买入 1182万
--------------------------------------------------------------------------------------------
时间： 
$$$$$$$$$$$$$$$$$$$$$$$$$$$$$$$$$$$$$$$$$$$$$$$$$$$$$$$$$$$
002340 格林美 涨幅4.05,市值224亿 
板块：钴,锂电池
主买：46094万
主卖：-15588万
净买入：30506万
类型：游资
符合条件1，单位时间新增买入 1343万
$$$$$$$$$$$$$$$$$$$$$$$$$$$$$$$$$$$$$$$$$$$$$$$$$$$$$$$$$$$
002466 天齐锂业 涨幅5.33,市值425亿 
板块：锂电池
主买：37058万
主卖：-13036万
净买入：24022万
类型：游资
符合条件1，单位时间新增买入 1125万
$$$$$$$$$$$$$$$$$$$$$$$$$$$$$$$$$$$$$$$$$$$$$$$$$$$$$$$$$$$
600522 中天科技 涨幅7.84,市值246亿 
板块：5G,锂电池,白马股
主买：41480万
主卖：-21506万
净买入：19974万
类型：
符合条件1，单位时间新增买入 989万
$$$$$$$$$$$$$$$$$$$$$$$$$$$$$$$$$$$$$$$$$$$$$$$$$$$$$$$$$$$
002460 赣锋锂业 涨幅7.62,市值439亿 
板块：锂电池
主买：67872万
主卖：-48195万
净买入：19677万
类型：游资
符合条件1，单位时间新增买入 837万
$$$$$$$$$$$$$$$$$$$$$$$$$$$$$$$$$$$$$$$$$$$$$$$$$$$$$$$$$$$
002194 武汉凡谷 涨幅10.04,市值25亿 
板块：5G
主买：10954万
主卖：-3036万
净买入：7919万
类型：
符合条件1，单位时间新增买入 4824万
--------------------------------------------------------------------------------------------
时间： 
$$$$$$$$$$$$$$$$$$$$$$$$$$$$$$$$$$$$$$$$$$$$$$$$$$$$$$$$$$$
000063 中兴通讯 涨幅7.19,市值977亿 
板块：5G,白马股
主买：73070万
主卖：-42808万
净买入：30263万
类型：基金
符合条件1，单位时间新增买入 702万
$$$$$$$$$$$$$$$$$$$$$$$$$$$$$$$$$$$$$$$$$$$$$$$$$$$$$$$$$$$
002466 天齐锂业 涨幅5.27,市值425亿 
板块：锂电池
主买：39554万
主卖：-13710万
净买入：25844万
类型：游资
符合条件1，单位时间新增买入 1823万
--------------------------------------------------------------------------------------------
时间： 
$$$$$$$$$$$$$$$$$$$$$$$$$$$$$$$$$$$$$$$$$$$$$$$$$$$$$$$$$$$
000063 中兴通讯 涨幅7.00,市值975亿 
板块：5G,白马股
主买：78130万
主卖：-45544万
净买入：32586万
类型：基金
符合条件1，单位时间新增买入 2324万
$$$$$$$$$$$$$$$$$$$$$$$$$$$$$$$$$$$$$$$$$$$$$$$$$$$$$$$$$$$
600522 中天科技 涨幅8.73,市值248亿 
板块：5G,锂电池,白马股
主买：43883万
主卖：-21933万
净买入：21950万
类型：
符合条件1，单位时间新增买入 1955万
$$$$$$$$$$$$$$$$$$$$$$$$$$$$$$$$$$$$$$$$$$$$$$$$$$$$$$$$$$$
000725 京东方Ａ 涨幅2.88,市值1043亿 
板块：OLED
主买：102776万
主卖：-102474万
净买入：301万
类型：
符合条件1，单位时间新增买入 3078万
--------------------------------------------------------------------------------------------
时间： 
$$$$$$$$$$$$$$$$$$$$$$$$$$$$$$$$$$$$$$$$$$$$$$$$$$$$$$$$$$$
600522 中天科技 涨幅8.51,市值247亿 
板块：5G,锂电池,白马股
主买：44624万
主卖：-21933万
净买入：22692万
类型：
符合条件1，单位时间新增买入 742万
$$$$$$$$$$$$$$$$$$$$$$$$$$$$$$$$$$$$$$$$$$$$$$$$$$$$$$$$$$$
000725 京东方Ａ 涨幅3.12,市值1045亿 
板块：OLED
主买：105735万
主卖：-102799万
净买入：2936万
类型：
符合条件1，单位时间新增买入 2634万
--------------------------------------------------------------------------------------------
时间： 
$$$$$$$$$$$$$$$$$$$$$$$$$$$$$$$$$$$$$$$$$$$$$$$$$$$$$$$$$$$
000063 中兴通讯 涨幅7.19,市值977亿 
板块：5G,白马股
主买：80427万
主卖：-46017万
净买入：34409万
类型：基金
符合条件1，单位时间新增买入 1815万
--------------------------------------------------------------------------------------------
时间： 
$$$$$$$$$$$$$$$$$$$$$$$$$$$$$$$$$$$$$$$$$$$$$$$$$$$$$$$$$$$
000063 中兴通讯 涨幅6.77,市值973亿 
板块：5G,白马股
主买：81277万
主卖：-46129万
净买入：35149万
类型：基金
符合条件1，单位时间新增买入 740万
--------------------------------------------------------------------------------------------
时间： 
$$$$$$$$$$$$$$$$$$$$$$$$$$$$$$$$$$$$$$$$$$$$$$$$$$$$$$$$$$$
000725 京东方Ａ 涨幅3.12,市值1045亿 
板块：OLED
主买：110656万
主卖：-106650万
净买入：4005万
类型：
符合条件1，单位时间新增买入 1272万
$$$$$$$$$$$$$$$$$$$$$$$$$$$$$$$$$$$$$$$$$$$$$$$$$$$$$$$$$$$
603183 建研院 涨幅-6.05,市值16亿 
板块：次新股
主买：5394万
主卖：-5953万
净买入：-559万
类型：
符合条件1，单位时间新增买入 2580万
--------------------------------------------------------------------------------------------
时间： 
$$$$$$$$$$$$$$$$$$$$$$$$$$$$$$$$$$$$$$$$$$$$$$$$$$$$$$$$$$$
000725 京东方Ａ 涨幅2.88,市值1043亿 
板块：OLED
主买：111495万
主卖：-106650万
净买入：4845万
类型：
符合条件1，单位时间新增买入 840万
$$$$$$$$$$$$$$$$$$$$$$$$$$$$$$$$$$$$$$$$$$$$$$$$$$$$$$$$$$$
000830 鲁西化工 涨幅4.40,市值111亿 
板块：化工
主买：13140万
主卖：-22478万
净买入：-9339万
类型：游资
符合条件1，单位时间新增买入 1124万
--------------------------------------------------------------------------------------------
时间： 
$$$$$$$$$$$$$$$$$$$$$$$$$$$$$$$$$$$$$$$$$$$$$$$$$$$$$$$$$$$
000063 中兴通讯 涨幅7.07,市值976亿 
板块：5G,白马股
主买：83180万
主卖：-46413万
净买入：36767万
类型：基金
符合条件1，单位时间新增买入 939万
$$$$$$$$$$$$$$$$$$$$$$$$$$$$$$$$$$$$$$$$$$$$$$$$$$$$$$$$$$$
000725 京东方Ａ 涨幅2.88,市值1043亿 
板块：OLED
主买：113535万
主卖：-107373万
净买入：6163万
类型：
符合条件1，单位时间新增买入 1317万
$$$$$$$$$$$$$$$$$$$$$$$$$$$$$$$$$$$$$$$$$$$$$$$$$$$$$$$$$$$
300292 吴通控股 涨幅9.98,市值46亿 
板块：庄股
主买：7521万
主卖：-1648万
净买入：5874万
类型：
符合条件1，单位时间新增买入 5874万
--------------------------------------------------------------------------------------------
时间： 
$$$$$$$$$$$$$$$$$$$$$$$$$$$$$$$$$$$$$$$$$$$$$$$$$$$$$$$$$$$
300292 吴通控股 涨幅9.98,市值46亿 
板块：庄股
主买：10153万
主卖：-1648万
净买入：8505万
类型：
符合条件1，单位时间新增买入 2632万
$$$$$$$$$$$$$$$$$$$$$$$$$$$$$$$$$$$$$$$$$$$$$$$$$$$$$$$$$$$
300672 国科微 涨幅10.01,市值17亿 
板块：芯片
主买：4709万
主卖：-5392万
净买入：-683万
类型：
符合条件1，单位时间新增买入 1421万
--------------------------------------------------------------------------------------------
时间： 
$$$$$$$$$$$$$$$$$$$$$$$$$$$$$$$$$$$$$$$$$$$$$$$$$$$$$$$$$$$
002340 格林美 涨幅5.04,市值226亿 
板块：钴,锂电池
主买：57000万
主卖：-16374万
净买入：40626万
类型：游资
符合条件1，单位时间新增买入 7598万
--------------------------------------------------------------------------------------------
时间： 
--------------------------------------------------------------------------------------------
时间： 
$$$$$$$$$$$$$$$$$$$$$$$$$$$$$$$$$$$$$$$$$$$$$$$$$$$$$$$$$$$
603421 鼎信通讯 涨幅9.36,市值15亿 
板块：5G
主买：5817万
主卖：-1383万
净买入：4434万
类型：
符合条件1，单位时间新增买入 4434万
--------------------------------------------------------------------------------------------
时间： 
$$$$$$$$$$$$$$$$$$$$$$$$$$$$$$$$$$$$$$$$$$$$$$$$$$$$$$$$$$$
600022 山东钢铁 涨幅2.44,市值95亿 
板块：钢铁
主买：12782万
主卖：-11171万
净买入：1612万
类型：
符合条件1，单位时间新增买入 727万
$$$$$$$$$$$$$$$$$$$$$$$$$$$$$$$$$$$$$$$$$$$$$$$$$$$$$$$$$$$
600516 方大炭素 涨幅2.30,市值308亿 
板块：石墨电极
主买：20560万
主卖：-28556万
净买入：-7996万
类型：游资
符合条件1，单位时间新增买入 1085万
--------------------------------------------------------------------------------------------
时间： 
--------------------------------------------------------------------------------------------
时间： 
$$$$$$$$$$$$$$$$$$$$$$$$$$$$$$$$$$$$$$$$$$$$$$$$$$$$$$$$$$$
600677 航天通信 涨幅2.81,市值51亿 
板块：军工
主买：4151万
主卖：-1189万
净买入：2962万
类型：
符合条件1，单位时间新增买入 2962万
--------------------------------------------------------------------------------------------
时间： 
$$$$$$$$$$$$$$$$$$$$$$$$$$$$$$$$$$$$$$$$$$$$$$$$$$$$$$$$$$$
600516 方大炭素 涨幅2.40,市值308亿 
板块：石墨电极
主买：23340万
主卖：-29163万
净买入：-5822万
类型：游资
符合条件1，单位时间新增买入 1490万
--------------------------------------------------------------------------------------------
时间： 
--------------------------------------------------------------------------------------------
时间： 
--------------------------------------------------------------------------------------------
时间： 
--------------------------------------------------------------------------------------------
时间： 
--------------------------------------------------------------------------------------------
时间： 
$$$$$$$$$$$$$$$$$$$$$$$$$$$$$$$$$$$$$$$$$$$$$$$$$$$$$$$$$$$
600821 津劝业 涨幅8.06,市值32亿 
板块：
主买：3596万
主卖：-1190万
净买入：2406万
类型：
符合条件1，单位时间新增买入 2406万
$$$$$$$$$$$$$$$$$$$$$$$$$$$$$$$$$$$$$$$$$$$$$$$$$$$$$$$$$$$
300699 光威复材 涨幅3.34,市值67亿 
板块：开板次新
主买：38676万
主卖：-13870万
净买入：24806万
类型：
符合条件1，单位时间新增买入 730万
$$$$$$$$$$$$$$$$$$$$$$$$$$$$$$$$$$$$$$$$$$$$$$$$$$$$$$$$$$$
300635 达安股份 涨幅9.99,市值10亿 
板块：高送转
主买：8775万
主卖：-2546万
净买入：6229万
类型：
符合条件1，单位时间新增买入 2577万
--------------------------------------------------------------------------------------------
时间： 
--------------------------------------------------------------------------------------------
时间： 
$$$$$$$$$$$$$$$$$$$$$$$$$$$$$$$$$$$$$$$$$$$$$$$$$$$$$$$$$$$
000537 广宇发展 涨幅9.91,市值51亿 
板块：房地产
主买：9380万
主卖：-3996万
净买入：5384万
类型：
符合条件1，单位时间新增买入 1989万
--------------------------------------------------------------------------------------------
时间： 
--------------------------------------------------------------------------------------------
时间： 
$$$$$$$$$$$$$$$$$$$$$$$$$$$$$$$$$$$$$$$$$$$$$$$$$$$$$$$$$$$
600522 中天科技 涨幅9.33,市值249亿 
板块：5G,锂电池,白马股
主买：51442万
主卖：-22822万
净买入：28621万
类型：
符合条件1，单位时间新增买入 3096万
--------------------------------------------------------------------------------------------
时间： 
$$$$$$$$$$$$$$$$$$$$$$$$$$$$$$$$$$$$$$$$$$$$$$$$$$$$$$$$$$$
600522 中天科技 涨幅9.25,市值249亿 
板块：5G,锂电池,白马股
主买：52617万
主卖：-22931万
净买入：29686万
类型：
符合条件1，单位时间新增买入 1066万
--------------------------------------------------------------------------------------------
时间： 
$$$$$$$$$$$$$$$$$$$$$$$$$$$$$$$$$$$$$$$$$$$$$$$$$$$$$$$$$$$
002460 赣锋锂业 涨幅7.38,市值438亿 
板块：锂电池
主买：75405万
主卖：-53848万
净买入：21557万
类型：游资
符合条件1，单位时间新增买入 2234万
$$$$$$$$$$$$$$$$$$$$$$$$$$$$$$$$$$$$$$$$$$$$$$$$$$$$$$$$$$$
600516 方大炭素 涨幅2.76,市值310亿 
板块：石墨电极
主买：27209万
主卖：-29745万
净买入：-2536万
类型：游资
符合条件1，单位时间新增买入 1796万
--------------------------------------------------------------------------------------------
时间： 
--------------------------------------------------------------------------------------------
时间： 
--------------------------------------------------------------------------------------------
时间： 
$$$$$$$$$$$$$$$$$$$$$$$$$$$$$$$$$$$$$$$$$$$$$$$$$$$$$$$$$$$
002466 天齐锂业 涨幅5.33,市值425亿 
板块：锂电池
主买：45087万
主卖：-15504万
净买入：29584万
类型：游资
符合条件1，单位时间新增买入 1693万
$$$$$$$$$$$$$$$$$$$$$$$$$$$$$$$$$$$$$$$$$$$$$$$$$$$$$$$$$$$
002460 赣锋锂业 涨幅8.21,市值441亿 
板块：锂电池
主买：81997万
主卖：-55450万
净买入：26548万
类型：游资
符合条件1，单位时间新增买入 4408万
--------------------------------------------------------------------------------------------
时间： 
--------------------------------------------------------------------------------------------
时间： 
--------------------------------------------------------------------------------------------
时间： 
$$$$$$$$$$$$$$$$$$$$$$$$$$$$$$$$$$$$$$$$$$$$$$$$$$$$$$$$$$$
300699 光威复材 涨幅2.84,市值66亿 
板块：开板次新
主买：41750万
主卖：-14022万
净买入：27728万
类型：
符合条件1，单位时间新增买入 714万
--------------------------------------------------------------------------------------------
时间： 
$$$$$$$$$$$$$$$$$$$$$$$$$$$$$$$$$$$$$$$$$$$$$$$$$$$$$$$$$$$
002460 赣锋锂业 涨幅8.64,市值443亿 
板块：锂电池
主买：85056万
主卖：-56150万
净买入：28907万
类型：游资
符合条件1，单位时间新增买入 1723万
$$$$$$$$$$$$$$$$$$$$$$$$$$$$$$$$$$$$$$$$$$$$$$$$$$$$$$$$$$$
002176 江特电机 涨幅3.08,市值180亿 
板块：锂电池,电气设备,新能源汽车
主买：26923万
主卖：-19884万
净买入：7039万
类型：
符合条件1，单位时间新增买入 985万
--------------------------------------------------------------------------------------------
时间： 
$$$$$$$$$$$$$$$$$$$$$$$$$$$$$$$$$$$$$$$$$$$$$$$$$$$$$$$$$$$
600516 方大炭素 涨幅3.15,市值311亿 
板块：石墨电极
主买：33260万
主卖：-31190万
净买入：2071万
类型：游资
符合条件1，单位时间新增买入 3529万
--------------------------------------------------------------------------------------------
时间： 
$$$$$$$$$$$$$$$$$$$$$$$$$$$$$$$$$$$$$$$$$$$$$$$$$$$$$$$$$$$
300292 吴通控股 涨幅9.82,市值46亿 
板块：庄股
主买：18071万
主卖：-8624万
净买入：9447万
类型：
符合条件1，单位时间新增买入 1218万
--------------------------------------------------------------------------------------------
时间： 
$$$$$$$$$$$$$$$$$$$$$$$$$$$$$$$$$$$$$$$$$$$$$$$$$$$$$$$$$$$
000413 东旭光电 涨幅-0.18,市值416亿 
板块：石墨烯
主买：26476万
主卖：-50660万
净买入：-24183万
类型：基金
符合条件1，单位时间新增买入 807万
--------------------------------------------------------------------------------------------
时间： 
$$$$$$$$$$$$$$$$$$$$$$$$$$$$$$$$$$$$$$$$$$$$$$$$$$$$$$$$$$$
000413 东旭光电 涨幅0.00,市值416亿 
板块：石墨烯
主买：27387万
主卖：-50660万
净买入：-23273万
类型：基金
符合条件1，单位时间新增买入 911万
--------------------------------------------------------------------------------------------
时间： 
$$$$$$$$$$$$$$$$$$$$$$$$$$$$$$$$$$$$$$$$$$$$$$$$$$$$$$$$$$$
000830 鲁西化工 涨幅5.31,市值112亿 
板块：化工
主买：14995万
主卖：-24489万
净买入：-9495万
类型：游资
符合条件1，单位时间新增买入 734万
--------------------------------------------------------------------------------------------
时间： 
$$$$$$$$$$$$$$$$$$$$$$$$$$$$$$$$$$$$$$$$$$$$$$$$$$$$$$$$$$$
300312 邦讯技术 涨幅10.03,市值18亿 
板块：重组,5G
主买：7299万
主卖：-1008万
净买入：6291万
类型：游资
符合条件1，单位时间新增买入 6291万
$$$$$$$$$$$$$$$$$$$$$$$$$$$$$$$$$$$$$$$$$$$$$$$$$$$$$$$$$$$
600022 山东钢铁 涨幅2.44,市值95亿 
板块：钢铁
主买：18326万
主卖：-13204万
净买入：5123万
类型：
符合条件1，单位时间新增买入 791万
--------------------------------------------------------------------------------------------
时间： 
$$$$$$$$$$$$$$$$$$$$$$$$$$$$$$$$$$$$$$$$$$$$$$$$$$$$$$$$$$$
600022 山东钢铁 涨幅2.85,市值95亿 
板块：钢铁
主买：19467万
主卖：-13374万
净买入：6092万
类型：
符合条件1，单位时间新增买入 970万
$$$$$$$$$$$$$$$$$$$$$$$$$$$$$$$$$$$$$$$$$$$$$$$$$$$$$$$$$$$
600516 方大炭素 涨幅3.44,市值312亿 
板块：石墨电极
主买：36119万
主卖：-34154万
净买入：1965万
类型：游资
符合条件1，单位时间新增买入 1298万
--------------------------------------------------------------------------------------------
时间： 
