--------------------------------------------------------------------------------------------
时间： 1049
--------------------------------------------------------------------------------------------
时间： 1050
$$$$$$$$$$$$$$$$$$$$$$$$$$$$$$$$$$$$$$$$$$$$$$$$$$$$$$$$$$$
300520 科大国创 涨幅9.36,市值45亿 
板块：芯片
主买：7631万
主卖：-2242万
净买入：5389万
类型：游资
符合条件1，单位时间新增买入 842万
--------------------------------------------------------------------------------------------
时间： 1051
--------------------------------------------------------------------------------------------
时间： 1052
$$$$$$$$$$$$$$$$$$$$$$$$$$$$$$$$$$$$$$$$$$$$$$$$$$$$$$$$$$$
601881 中国银河 涨幅3.12,市值93亿 
板块：证券,次新股
主买：6711万
主卖：-7957万
净买入：-1246万
类型：游资
符合条件1，单位时间新增买入 921万
--------------------------------------------------------------------------------------------
时间： 1053
$$$$$$$$$$$$$$$$$$$$$$$$$$$$$$$$$$$$$$$$$$$$$$$$$$$$$$$$$$$
002249 大洋电机 涨幅9.40,市值99亿 
板块：新能源汽车
主买：25845万
主卖：-14355万
净买入：11490万
类型：
符合条件1，单位时间新增买入 920万
--------------------------------------------------------------------------------------------
时间： 1054
$$$$$$$$$$$$$$$$$$$$$$$$$$$$$$$$$$$$$$$$$$$$$$$$$$$$$$$$$$$
002249 大洋电机 涨幅8.67,市值98亿 
板块：新能源汽车
主买：26568万
主卖：-14355万
净买入：12213万
类型：
符合条件1，单位时间新增买入 723万
--------------------------------------------------------------------------------------------
时间： 1055
$$$$$$$$$$$$$$$$$$$$$$$$$$$$$$$$$$$$$$$$$$$$$$$$$$$$$$$$$$$
601878 浙商证券 涨幅2.41,市值77亿 
板块：次新股,证券
主买：5579万
主卖：-3198万
净买入：2381万
类型：游资
符合条件1，单位时间新增买入 1216万
--------------------------------------------------------------------------------------------
时间： 1056
--------------------------------------------------------------------------------------------
时间： 1057
--------------------------------------------------------------------------------------------
时间： 1058
--------------------------------------------------------------------------------------------
时间： 1059
--------------------------------------------------------------------------------------------
时间： 1100
--------------------------------------------------------------------------------------------
时间： 1101
--------------------------------------------------------------------------------------------
时间： 1102
$$$$$$$$$$$$$$$$$$$$$$$$$$$$$$$$$$$$$$$$$$$$$$$$$$$$$$$$$$$
600487 亨通光电 涨幅3.58,市值255亿 
板块：
主买：28671万
主卖：-9648万
净买入：19023万
类型：
符合条件1，单位时间新增买入 1238万
--------------------------------------------------------------------------------------------
时间： 1103
--------------------------------------------------------------------------------------------
时间： 1104
$$$$$$$$$$$$$$$$$$$$$$$$$$$$$$$$$$$$$$$$$$$$$$$$$$$$$$$$$$$
600487 亨通光电 涨幅3.83,市值256亿 
板块：
主买：29714万
主卖：-9648万
净买入：20067万
类型：
符合条件1，单位时间新增买入 1043万
--------------------------------------------------------------------------------------------
时间： 1105
--------------------------------------------------------------------------------------------
时间： 1106
$$$$$$$$$$$$$$$$$$$$$$$$$$$$$$$$$$$$$$$$$$$$$$$$$$$$$$$$$$$
000977 浪潮信息 涨幅2.97,市值152亿 
板块：证金持股
主买：19040万
主卖：-27744万
净买入：-8704万
类型：
符合条件1，单位时间新增买入 937万
--------------------------------------------------------------------------------------------
时间： 1107
--------------------------------------------------------------------------------------------
时间： 1108
$$$$$$$$$$$$$$$$$$$$$$$$$$$$$$$$$$$$$$$$$$$$$$$$$$$$$$$$$$$
600558 大西洋 涨幅6.26,市值49亿 
板块：新材料,庄股
主买：5602万
主卖：-2018万
净买入：3584万
类型：
符合条件1，单位时间新增买入 3584万
--------------------------------------------------------------------------------------------
时间： 1109
$$$$$$$$$$$$$$$$$$$$$$$$$$$$$$$$$$$$$$$$$$$$$$$$$$$$$$$$$$$
600487 亨通光电 涨幅3.90,市值256亿 
板块：白马股
主买：31260万
主卖：-9770万
净买入：21490万
类型：
符合条件1，单位时间新增买入 723万
--------------------------------------------------------------------------------------------
时间： 1110
--------------------------------------------------------------------------------------------
时间： 1111
--------------------------------------------------------------------------------------------
时间： 1112
$$$$$$$$$$$$$$$$$$$$$$$$$$$$$$$$$$$$$$$$$$$$$$$$$$$$$$$$$$$
600487 亨通光电 涨幅4.21,市值257亿 
板块：白马股
主买：32938万
主卖：-10074万
净买入：22864万
类型：
符合条件1，单位时间新增买入 981万
--------------------------------------------------------------------------------------------
时间： 1113
--------------------------------------------------------------------------------------------
时间： 1114
--------------------------------------------------------------------------------------------
时间： 1115
--------------------------------------------------------------------------------------------
时间： 1116
--------------------------------------------------------------------------------------------
时间： 1117
--------------------------------------------------------------------------------------------
时间： 1118
$$$$$$$$$$$$$$$$$$$$$$$$$$$$$$$$$$$$$$$$$$$$$$$$$$$$$$$$$$$
600798 宁波海运 涨幅7.71,市值43亿 
板块：杭州湾区
主买：11266万
主卖：-1905万
净买入：9361万
类型：
符合条件1，单位时间新增买入 9361万
--------------------------------------------------------------------------------------------
时间： 1119
$$$$$$$$$$$$$$$$$$$$$$$$$$$$$$$$$$$$$$$$$$$$$$$$$$$$$$$$$$$
600487 亨通光电 涨幅3.51,市值255亿 
板块：白马股
主买：35369万
主卖：-10192万
净买入：25177万
类型：
符合条件1，单位时间新增买入 728万
--------------------------------------------------------------------------------------------
时间： 1120
$$$$$$$$$$$$$$$$$$$$$$$$$$$$$$$$$$$$$$$$$$$$$$$$$$$$$$$$$$$
601018 宁波港 涨幅3.58,市值190亿 
板块：杭州湾区
主买：5316万
主卖：-1545万
净买入：3771万
类型：
符合条件1，单位时间新增买入 3771万
--------------------------------------------------------------------------------------------
时间： 1121
--------------------------------------------------------------------------------------------
时间： 1122
--------------------------------------------------------------------------------------------
时间： 1123
--------------------------------------------------------------------------------------------
时间： 1124
--------------------------------------------------------------------------------------------
时间： 1125
$$$$$$$$$$$$$$$$$$$$$$$$$$$$$$$$$$$$$$$$$$$$$$$$$$$$$$$$$$$
000807 云铝股份 涨幅3.42,市值152亿 
板块：有色金属,电解铝,商品涨价
主买：19639万
主卖：-9294万
净买入：10345万
类型：游资
符合条件1，单位时间新增买入 10345万
--------------------------------------------------------------------------------------------
时间： 1126
--------------------------------------------------------------------------------------------
时间： 1127
--------------------------------------------------------------------------------------------
时间： 1128
--------------------------------------------------------------------------------------------
时间： 1129
$$$$$$$$$$$$$$$$$$$$$$$$$$$$$$$$$$$$$$$$$$$$$$$$$$$$$$$$$$$
600801 华新水泥 涨幅9.99,市值67亿 
板块：水泥,商品涨价
主买：45787万
主卖：-17049万
净买入：28739万
类型：
符合条件1，单位时间新增买入 1508万
$$$$$$$$$$$$$$$$$$$$$$$$$$$$$$$$$$$$$$$$$$$$$$$$$$$$$$$$$$$
600326 西藏天路 涨幅5.13,市值77亿 
板块：商品涨价,西藏板块
主买：14425万
主卖：-7714万
净买入：6711万
类型：游资
符合条件1，单位时间新增买入 1516万
--------------------------------------------------------------------------------------------
时间： 1130
$$$$$$$$$$$$$$$$$$$$$$$$$$$$$$$$$$$$$$$$$$$$$$$$$$$$$$$$$$$
600801 华新水泥 涨幅9.99,市值67亿 
板块：水泥,商品涨价
主买：46627万
主卖：-17049万
净买入：29578万
类型：
符合条件1，单位时间新增买入 840万
