--------------------------------------------------------------------------------------------
时间： 
--------------------------------------------------------------------------------------------
时间： 
--------------------------------------------------------------------------------------------
时间： 
$$$$$$$$$$$$$$$$$$$$$$$$$$$$$$$$$$$$$$$$$$$$$$$$$$$$$$$$$$$
300695 兆丰股份 涨幅8.23,市值24亿 
板块：
主买：3792万
主卖：-693万
净买入：3099万
类型：
符合条件1，单位时间新增买入 3099万
--------------------------------------------------------------------------------------------
时间： 
$$$$$$$$$$$$$$$$$$$$$$$$$$$$$$$$$$$$$$$$$$$$$$$$$$$$$$$$$$$
300695 兆丰股份 涨幅10.00,市值24亿 
板块：
主买：7074万
主卖：-693万
净买入：6380万
类型：
符合条件1，单位时间新增买入 3282万
--------------------------------------------------------------------------------------------
时间： 
$$$$$$$$$$$$$$$$$$$$$$$$$$$$$$$$$$$$$$$$$$$$$$$$$$$$$$$$$$$
300695 兆丰股份 涨幅10.00,市值24亿 
板块：
主买：13262万
主卖：-693万
净买入：12569万
类型：
符合条件1，单位时间新增买入 6188万
--------------------------------------------------------------------------------------------
时间： 
$$$$$$$$$$$$$$$$$$$$$$$$$$$$$$$$$$$$$$$$$$$$$$$$$$$$$$$$$$$
300695 兆丰股份 涨幅10.00,市值24亿 
板块：
主买：15325万
主卖：-693万
净买入：14631万
类型：
符合条件1，单位时间新增买入 2063万
$$$$$$$$$$$$$$$$$$$$$$$$$$$$$$$$$$$$$$$$$$$$$$$$$$$$$$$$$$$
000868 安凯客车 涨幅9.51,市值35亿 
板块：新能源汽车
主买：22904万
主卖：-24324万
净买入：-1420万
类型：
符合条件1，单位时间新增买入 3934万
--------------------------------------------------------------------------------------------
时间： 
$$$$$$$$$$$$$$$$$$$$$$$$$$$$$$$$$$$$$$$$$$$$$$$$$$$$$$$$$$$
300695 兆丰股份 涨幅10.00,市值24亿 
板块：次新股,汽车零部件
主买：16179万
主卖：-693万
净买入：15486万
类型：
符合条件1，单位时间新增买入 855万
--------------------------------------------------------------------------------------------
时间： 
--------------------------------------------------------------------------------------------
时间： 
--------------------------------------------------------------------------------------------
时间： 
$$$$$$$$$$$$$$$$$$$$$$$$$$$$$$$$$$$$$$$$$$$$$$$$$$$$$$$$$$$
000868 安凯客车 涨幅8.85,市值35亿 
板块：新能源汽车
主买：26047万
主卖：-25533万
净买入：514万
类型：
符合条件1，单位时间新增买入 831万
--------------------------------------------------------------------------------------------
时间： 
$$$$$$$$$$$$$$$$$$$$$$$$$$$$$$$$$$$$$$$$$$$$$$$$$$$$$$$$$$$
002225 濮耐股份 涨幅6.58,市值39亿 
板块：防火材料
主买：1279万
主卖：-4804万
净买入：-3526万
类型：游资
符合条件1，单位时间新增买入 753万
--------------------------------------------------------------------------------------------
时间： 
$$$$$$$$$$$$$$$$$$$$$$$$$$$$$$$$$$$$$$$$$$$$$$$$$$$$$$$$$$$
000762 西藏矿业 涨幅3.59,市值90亿 
板块：商品涨价,西藏板块,锂电池
主买：4723万
主卖：-4375万
净买入：347万
类型：游资
符合条件1，单位时间新增买入 911万
--------------------------------------------------------------------------------------------
时间： 
$$$$$$$$$$$$$$$$$$$$$$$$$$$$$$$$$$$$$$$$$$$$$$$$$$$$$$$$$$$
000762 西藏矿业 涨幅3.81,市值91亿 
板块：商品涨价,西藏板块,锂电池
主买：7427万
主卖：-5761万
净买入：1666万
类型：游资
符合条件1，单位时间新增买入 1319万
--------------------------------------------------------------------------------------------
时间： 
$$$$$$$$$$$$$$$$$$$$$$$$$$$$$$$$$$$$$$$$$$$$$$$$$$$$$$$$$$$
000762 西藏矿业 涨幅4.30,市值91亿 
板块：商品涨价,西藏板块,锂电池
主买：8508万
主卖：-6117万
净买入：2391万
类型：游资
符合条件1，单位时间新增买入 725万
$$$$$$$$$$$$$$$$$$$$$$$$$$$$$$$$$$$$$$$$$$$$$$$$$$$$$$$$$$$
600846 同济科技 涨幅3.71,市值72亿 
板块：雄安设计
主买：2510万
主卖：-423万
净买入：2088万
类型：游资
符合条件1，单位时间新增买入 2088万
--------------------------------------------------------------------------------------------
时间： 
$$$$$$$$$$$$$$$$$$$$$$$$$$$$$$$$$$$$$$$$$$$$$$$$$$$$$$$$$$$
300008 天海防务 涨幅5.13,市值41亿 
板块：军工
主买：2248万
主卖：0万
净买入：2248万
类型：
符合条件1，单位时间新增买入 2248万
$$$$$$$$$$$$$$$$$$$$$$$$$$$$$$$$$$$$$$$$$$$$$$$$$$$$$$$$$$$
002457 青龙管业 涨幅3.32,市值39亿 
板块：雄安新区
主买：1042万
主卖：0万
净买入：1042万
类型：游资
符合条件1，单位时间新增买入 1042万
$$$$$$$$$$$$$$$$$$$$$$$$$$$$$$$$$$$$$$$$$$$$$$$$$$$$$$$$$$$
600487 亨通光电 涨幅1.78,市值264亿 
板块：白马股,量子通信,5G
主买：11927万
主卖：-7844万
净买入：4082万
类型：
符合条件1，单位时间新增买入 4082万
--------------------------------------------------------------------------------------------
时间： 
--------------------------------------------------------------------------------------------
时间： 
$$$$$$$$$$$$$$$$$$$$$$$$$$$$$$$$$$$$$$$$$$$$$$$$$$$$$$$$$$$
000868 安凯客车 涨幅8.32,市值34亿 
板块：新能源汽车
主买：27078万
主卖：-25931万
净买入：1147万
类型：
符合条件1，单位时间新增买入 836万
$$$$$$$$$$$$$$$$$$$$$$$$$$$$$$$$$$$$$$$$$$$$$$$$$$$$$$$$$$$
300317 珈伟股份 涨幅7.57,市值52亿 
板块：石墨烯
主买：6181万
主卖：-8229万
净买入：-2048万
类型：
符合条件1，单位时间新增买入 796万
--------------------------------------------------------------------------------------------
时间： 
$$$$$$$$$$$$$$$$$$$$$$$$$$$$$$$$$$$$$$$$$$$$$$$$$$$$$$$$$$$
603019 中科曙光 涨幅3.16,市值132亿 
板块：人工智能
主买：3107万
主卖：-2292万
净买入：815万
类型：游资
符合条件1，单位时间新增买入 815万
--------------------------------------------------------------------------------------------
时间： 
$$$$$$$$$$$$$$$$$$$$$$$$$$$$$$$$$$$$$$$$$$$$$$$$$$$$$$$$$$$
600606 绿地控股 涨幅3.22,市值163亿 
板块：房地产
主买：8851万
主卖：-2284万
净买入：6567万
类型：
符合条件1，单位时间新增买入 6567万
$$$$$$$$$$$$$$$$$$$$$$$$$$$$$$$$$$$$$$$$$$$$$$$$$$$$$$$$$$$
000868 安凯客车 涨幅10.04,市值35亿 
板块：新能源汽车
主买：37211万
主卖：-32862万
净买入：4349万
类型：
符合条件1，单位时间新增买入 5779万
$$$$$$$$$$$$$$$$$$$$$$$$$$$$$$$$$$$$$$$$$$$$$$$$$$$$$$$$$$$
000002 万 科Ａ 涨幅4.54,市值1844亿 
板块：房地产,蓝筹股
主买：9532万
主卖：-7176万
净买入：2356万
类型：游资
符合条件1，单位时间新增买入 2356万
$$$$$$$$$$$$$$$$$$$$$$$$$$$$$$$$$$$$$$$$$$$$$$$$$$$$$$$$$$$
300317 珈伟股份 涨幅10.00,市值53亿 
板块：石墨烯
主买：9713万
主卖：-9069万
净买入：644万
类型：
符合条件1，单位时间新增买入 2147万
--------------------------------------------------------------------------------------------
时间： 
$$$$$$$$$$$$$$$$$$$$$$$$$$$$$$$$$$$$$$$$$$$$$$$$$$$$$$$$$$$
600606 绿地控股 涨幅2.70,市值162亿 
板块：房地产
主买：9682万
主卖：-2395万
净买入：7287万
类型：
符合条件1，单位时间新增买入 720万
$$$$$$$$$$$$$$$$$$$$$$$$$$$$$$$$$$$$$$$$$$$$$$$$$$$$$$$$$$$
300317 珈伟股份 涨幅10.00,市值53亿 
板块：石墨烯
主买：12356万
主卖：-9924万
净买入：2432万
类型：
符合条件1，单位时间新增买入 1788万
$$$$$$$$$$$$$$$$$$$$$$$$$$$$$$$$$$$$$$$$$$$$$$$$$$$$$$$$$$$
002604 龙力生物 涨幅6.41,市值47亿 
板块：乙醇汽油
主买：5989万
主卖：-15562万
净买入：-9573万
类型：基金
符合条件1，单位时间新增买入 1208万
--------------------------------------------------------------------------------------------
时间： 
$$$$$$$$$$$$$$$$$$$$$$$$$$$$$$$$$$$$$$$$$$$$$$$$$$$$$$$$$$$
000868 安凯客车 涨幅10.04,市值35亿 
板块：新能源汽车
主买：38730万
主卖：-32862万
净买入：5868万
类型：
符合条件1，单位时间新增买入 1042万
$$$$$$$$$$$$$$$$$$$$$$$$$$$$$$$$$$$$$$$$$$$$$$$$$$$$$$$$$$$
600846 同济科技 涨幅4.88,市值73亿 
板块：雄安设计
主买：4685万
主卖：-423万
净买入：4262万
类型：游资
符合条件1，单位时间新增买入 920万
--------------------------------------------------------------------------------------------
时间： 
$$$$$$$$$$$$$$$$$$$$$$$$$$$$$$$$$$$$$$$$$$$$$$$$$$$$$$$$$$$
300317 珈伟股份 涨幅9.31,市值53亿 
板块：石墨烯
主买：15162万
主卖：-11486万
净买入：3676万
类型：
符合条件1，单位时间新增买入 753万
$$$$$$$$$$$$$$$$$$$$$$$$$$$$$$$$$$$$$$$$$$$$$$$$$$$$$$$$$$$
600516 方大炭素 涨幅-2.80,市值354亿 
板块：石墨烯,商品涨价
主买：12537万
主卖：-14996万
净买入：-2459万
类型：游资
符合条件1，单位时间新增买入 1284万
--------------------------------------------------------------------------------------------
时间： 
$$$$$$$$$$$$$$$$$$$$$$$$$$$$$$$$$$$$$$$$$$$$$$$$$$$$$$$$$$$
600048 保利地产 涨幅3.80,市值849亿 
板块：房地产,蓝筹股
主买：28857万
主卖：-19958万
净买入：8899万
类型：
符合条件1，单位时间新增买入 8899万
$$$$$$$$$$$$$$$$$$$$$$$$$$$$$$$$$$$$$$$$$$$$$$$$$$$$$$$$$$$
600366 宁波韵升 涨幅3.01,市值80亿 
板块：稀土永磁,商品涨价
主买：5236万
主卖：-944万
净买入：4291万
类型：游资
符合条件1，单位时间新增买入 4291万
--------------------------------------------------------------------------------------------
时间： 
$$$$$$$$$$$$$$$$$$$$$$$$$$$$$$$$$$$$$$$$$$$$$$$$$$$$$$$$$$$
600048 保利地产 涨幅3.89,市值850亿 
板块：房地产,蓝筹股
主买：32589万
主卖：-22133万
净买入：10456万
类型：
符合条件1，单位时间新增买入 1557万
--------------------------------------------------------------------------------------------
时间： 
$$$$$$$$$$$$$$$$$$$$$$$$$$$$$$$$$$$$$$$$$$$$$$$$$$$$$$$$$$$
600846 同济科技 涨幅6.12,市值74亿 
板块：雄安设计,氢燃料电池
主买：6134万
主卖：-423万
净买入：5711万
类型：游资
符合条件1，单位时间新增买入 1088万
$$$$$$$$$$$$$$$$$$$$$$$$$$$$$$$$$$$$$$$$$$$$$$$$$$$$$$$$$$$
600366 宁波韵升 涨幅2.68,市值80亿 
板块：稀土永磁,商品涨价
主买：6537万
主卖：-1167万
净买入：5370万
类型：游资
符合条件1，单位时间新增买入 730万
$$$$$$$$$$$$$$$$$$$$$$$$$$$$$$$$$$$$$$$$$$$$$$$$$$$$$$$$$$$
002742 三圣股份 涨幅4.81,市值28亿 
板块：高送转
主买：4525万
主卖：-9574万
净买入：-5048万
类型：
符合条件1，单位时间新增买入 1661万
--------------------------------------------------------------------------------------------
时间： 
--------------------------------------------------------------------------------------------
时间： 
--------------------------------------------------------------------------------------------
时间： 
$$$$$$$$$$$$$$$$$$$$$$$$$$$$$$$$$$$$$$$$$$$$$$$$$$$$$$$$$$$
600039 四川路桥 涨幅3.67,市值81亿 
板块：基建,川藏公路
主买：2026万
主卖：-950万
净买入：1076万
类型：游资
符合条件1，单位时间新增买入 1076万
--------------------------------------------------------------------------------------------
时间： 
$$$$$$$$$$$$$$$$$$$$$$$$$$$$$$$$$$$$$$$$$$$$$$$$$$$$$$$$$$$
002457 青龙管业 涨幅5.51,市值40亿 
板块：雄安新区
主买：4303万
主卖：-1441万
净买入：2862万
类型：游资
符合条件1，单位时间新增买入 1476万
--------------------------------------------------------------------------------------------
时间： 
$$$$$$$$$$$$$$$$$$$$$$$$$$$$$$$$$$$$$$$$$$$$$$$$$$$$$$$$$$$
002095 生 意 宝 涨幅4.44,市值51亿 
板块：电子商务
主买：1786万
主卖：-100万
净买入：1686万
类型：
符合条件1，单位时间新增买入 1686万
--------------------------------------------------------------------------------------------
时间： 
$$$$$$$$$$$$$$$$$$$$$$$$$$$$$$$$$$$$$$$$$$$$$$$$$$$$$$$$$$$
601668 中国建筑 涨幅1.13,市值966亿 
板块：蓝筹股,一带一路
主买：44943万
主卖：-18664万
净买入：26279万
类型：基金
符合条件1，单位时间新增买入 26279万
$$$$$$$$$$$$$$$$$$$$$$$$$$$$$$$$$$$$$$$$$$$$$$$$$$$$$$$$$$$
002411 必康股份 涨幅1.59,市值50亿 
板块：
主买：2525万
主卖：-739万
净买入：1785万
类型：庄股
符合条件1，单位时间新增买入 1785万
$$$$$$$$$$$$$$$$$$$$$$$$$$$$$$$$$$$$$$$$$$$$$$$$$$$$$$$$$$$
600846 同济科技 涨幅6.46,市值74亿 
板块：雄安设计,氢燃料电池
主买：9253万
主卖：-756万
净买入：8497万
类型：游资
符合条件1，单位时间新增买入 1368万
--------------------------------------------------------------------------------------------
时间： 
$$$$$$$$$$$$$$$$$$$$$$$$$$$$$$$$$$$$$$$$$$$$$$$$$$$$$$$$$$$
601668 中国建筑 涨幅1.13,市值966亿 
板块：蓝筹股,一带一路
主买：46257万
主卖：-18979万
净买入：27279万
类型：基金
符合条件1，单位时间新增买入 999万
--------------------------------------------------------------------------------------------
时间： 
--------------------------------------------------------------------------------------------
时间： 
--------------------------------------------------------------------------------------------
时间： 
$$$$$$$$$$$$$$$$$$$$$$$$$$$$$$$$$$$$$$$$$$$$$$$$$$$$$$$$$$$
601668 中国建筑 涨幅1.23,市值967亿 
板块：蓝筹股,一带一路
主买：47656万
主卖：-19109万
净买入：28547万
类型：基金
符合条件1，单位时间新增买入 1062万
--------------------------------------------------------------------------------------------
时间： 
$$$$$$$$$$$$$$$$$$$$$$$$$$$$$$$$$$$$$$$$$$$$$$$$$$$$$$$$$$$
601878 浙商证券 涨幅1.87,市值76亿 
板块：次新股,证券
主买：5236万
主卖：-2452万
净买入：2784万
类型：游资
符合条件1，单位时间新增买入 2784万
$$$$$$$$$$$$$$$$$$$$$$$$$$$$$$$$$$$$$$$$$$$$$$$$$$$$$$$$$$$
600846 同济科技 涨幅7.70,市值75亿 
板块：雄安设计,氢燃料电池
主买：11880万
主卖：-864万
净买入：11016万
类型：游资
符合条件1，单位时间新增买入 1760万
--------------------------------------------------------------------------------------------
时间： 
$$$$$$$$$$$$$$$$$$$$$$$$$$$$$$$$$$$$$$$$$$$$$$$$$$$$$$$$$$$
002285 世联行 涨幅2.82,市值98亿 
板块：租购同权,房地产
主买：1908万
主卖：-1135万
净买入：773万
类型：游资
符合条件1，单位时间新增买入 773万
$$$$$$$$$$$$$$$$$$$$$$$$$$$$$$$$$$$$$$$$$$$$$$$$$$$$$$$$$$$
601668 中国建筑 涨幅1.54,市值970亿 
板块：蓝筹股,一带一路
主买：51448万
主卖：-19218万
净买入：32230万
类型：基金
符合条件1，单位时间新增买入 3271万
--------------------------------------------------------------------------------------------
时间： 
$$$$$$$$$$$$$$$$$$$$$$$$$$$$$$$$$$$$$$$$$$$$$$$$$$$$$$$$$$$
601668 中国建筑 涨幅1.64,市值971亿 
板块：蓝筹股,一带一路
主买：56740万
主卖：-20629万
净买入：36111万
类型：基金
符合条件1，单位时间新增买入 3881万
--------------------------------------------------------------------------------------------
时间： 
$$$$$$$$$$$$$$$$$$$$$$$$$$$$$$$$$$$$$$$$$$$$$$$$$$$$$$$$$$$
600606 绿地控股 涨幅2.83,市值162亿 
板块：房地产
主买：12800万
主卖：-3791万
净买入：9009万
类型：
符合条件1，单位时间新增买入 880万
--------------------------------------------------------------------------------------------
时间： 
--------------------------------------------------------------------------------------------
时间： 
$$$$$$$$$$$$$$$$$$$$$$$$$$$$$$$$$$$$$$$$$$$$$$$$$$$$$$$$$$$
600390 五矿资本 涨幅6.04,市值49亿 
板块：
主买：2115万
主卖：-934万
净买入：1181万
类型：
符合条件1，单位时间新增买入 1181万
$$$$$$$$$$$$$$$$$$$$$$$$$$$$$$$$$$$$$$$$$$$$$$$$$$$$$$$$$$$
600760 中航黑豹 涨幅7.98,市值98亿 
板块：军工
主买：4070万
主卖：-3588万
净买入：482万
类型：游资
符合条件1，单位时间新增买入 821万
--------------------------------------------------------------------------------------------
时间： 
$$$$$$$$$$$$$$$$$$$$$$$$$$$$$$$$$$$$$$$$$$$$$$$$$$$$$$$$$$$
601668 中国建筑 涨幅1.75,市值972亿 
板块：蓝筹股,一带一路
主买：58621万
主卖：-21318万
净买入：37303万
类型：基金
符合条件1，单位时间新增买入 722万
--------------------------------------------------------------------------------------------
时间： 
$$$$$$$$$$$$$$$$$$$$$$$$$$$$$$$$$$$$$$$$$$$$$$$$$$$$$$$$$$$
601668 中国建筑 涨幅1.64,市值971亿 
板块：蓝筹股,一带一路
主买：61913万
主卖：-22237万
净买入：39676万
类型：基金
符合条件1，单位时间新增买入 2373万
$$$$$$$$$$$$$$$$$$$$$$$$$$$$$$$$$$$$$$$$$$$$$$$$$$$$$$$$$$$
000002 万 科Ａ 涨幅6.60,市值1881亿 
板块：房地产,蓝筹股
主买：25562万
主卖：-16783万
净买入：8779万
类型：游资
符合条件1，单位时间新增买入 4134万
--------------------------------------------------------------------------------------------
时间： 
--------------------------------------------------------------------------------------------
时间： 
$$$$$$$$$$$$$$$$$$$$$$$$$$$$$$$$$$$$$$$$$$$$$$$$$$$$$$$$$$$
002305 南国置业 涨幅4.57,市值33亿 
板块：特色小镇
主买：3452万
主卖：-363万
净买入：3088万
类型：游资
符合条件1，单位时间新增买入 3088万
$$$$$$$$$$$$$$$$$$$$$$$$$$$$$$$$$$$$$$$$$$$$$$$$$$$$$$$$$$$
601668 中国建筑 涨幅1.95,市值974亿 
板块：蓝筹股,一带一路
主买：66910万
主卖：-22934万
净买入：43976万
类型：基金
符合条件1，单位时间新增买入 4300万
$$$$$$$$$$$$$$$$$$$$$$$$$$$$$$$$$$$$$$$$$$$$$$$$$$$$$$$$$$$
600606 绿地控股 涨幅3.47,市值163亿 
板块：房地产
主买：17059万
主卖：-4664万
净买入：12395万
类型：
符合条件1，单位时间新增买入 2718万
--------------------------------------------------------------------------------------------
时间： 
$$$$$$$$$$$$$$$$$$$$$$$$$$$$$$$$$$$$$$$$$$$$$$$$$$$$$$$$$$$
300355 蒙草生态 涨幅3.50,市值120亿 
板块：内蒙古,美丽中国
主买：8717万
主卖：-1248万
净买入：7469万
类型：
符合条件1，单位时间新增买入 7469万
$$$$$$$$$$$$$$$$$$$$$$$$$$$$$$$$$$$$$$$$$$$$$$$$$$$$$$$$$$$
601668 中国建筑 涨幅1.75,市值972亿 
板块：蓝筹股,一带一路
主买：71698万
主卖：-25364万
净买入：46334万
类型：基金
符合条件1，单位时间新增买入 2358万
$$$$$$$$$$$$$$$$$$$$$$$$$$$$$$$$$$$$$$$$$$$$$$$$$$$$$$$$$$$
600048 保利地产 涨幅3.53,市值847亿 
板块：房地产,蓝筹股
主买：44911万
主卖：-30619万
净买入：14292万
类型：
符合条件1，单位时间新增买入 800万
--------------------------------------------------------------------------------------------
时间： 
$$$$$$$$$$$$$$$$$$$$$$$$$$$$$$$$$$$$$$$$$$$$$$$$$$$$$$$$$$$
300355 蒙草生态 涨幅3.67,市值120亿 
板块：内蒙古,美丽中国
主买：10108万
主卖：-1352万
净买入：8756万
类型：
符合条件1，单位时间新增买入 1287万
--------------------------------------------------------------------------------------------
时间： 
$$$$$$$$$$$$$$$$$$$$$$$$$$$$$$$$$$$$$$$$$$$$$$$$$$$$$$$$$$$
000737 南风化工 涨幅3.86,市值27亿 
板块：化工,小金属
主买：1570万
主卖：-434万
净买入：1136万
类型：
符合条件1，单位时间新增买入 1136万
--------------------------------------------------------------------------------------------
时间： 
$$$$$$$$$$$$$$$$$$$$$$$$$$$$$$$$$$$$$$$$$$$$$$$$$$$$$$$$$$$
601668 中国建筑 涨幅1.85,市值973亿 
板块：蓝筹股,一带一路
主买：77311万
主卖：-28090万
净买入：49222万
类型：基金
符合条件1，单位时间新增买入 2472万
$$$$$$$$$$$$$$$$$$$$$$$$$$$$$$$$$$$$$$$$$$$$$$$$$$$$$$$$$$$
002305 南国置业 涨幅10.05,市值35亿 
板块：特色小镇
主买：7976万
主卖：-2930万
净买入：5046万
类型：游资
符合条件1，单位时间新增买入 2290万
--------------------------------------------------------------------------------------------
时间： 
$$$$$$$$$$$$$$$$$$$$$$$$$$$$$$$$$$$$$$$$$$$$$$$$$$$$$$$$$$$
002305 南国置业 涨幅10.05,市值35亿 
板块：特色小镇
主买：10987万
主卖：-4133万
净买入：6853万
类型：游资
符合条件1，单位时间新增买入 1807万
--------------------------------------------------------------------------------------------
时间： 
$$$$$$$$$$$$$$$$$$$$$$$$$$$$$$$$$$$$$$$$$$$$$$$$$$$$$$$$$$$
002305 南国置业 涨幅10.05,市值35亿 
板块：特色小镇
主买：13442万
主卖：-4133万
净买入：9309万
类型：游资
符合条件1，单位时间新增买入 2455万
$$$$$$$$$$$$$$$$$$$$$$$$$$$$$$$$$$$$$$$$$$$$$$$$$$$$$$$$$$$
002457 青龙管业 涨幅6.11,市值40亿 
板块：雄安新区
主买：7084万
主卖：-2731万
净买入：4353万
类型：游资
符合条件1，单位时间新增买入 1139万
--------------------------------------------------------------------------------------------
时间： 
--------------------------------------------------------------------------------------------
时间： 
--------------------------------------------------------------------------------------------
时间： 
$$$$$$$$$$$$$$$$$$$$$$$$$$$$$$$$$$$$$$$$$$$$$$$$$$$$$$$$$$$
300355 蒙草生态 涨幅4.78,市值122亿 
板块：内蒙古,美丽中国
主买：13074万
主卖：-1463万
净买入：11611万
类型：
符合条件1，单位时间新增买入 927万
--------------------------------------------------------------------------------------------
时间： 
$$$$$$$$$$$$$$$$$$$$$$$$$$$$$$$$$$$$$$$$$$$$$$$$$$$$$$$$$$$
002305 南国置业 涨幅8.78,市值34亿 
板块：特色小镇,房地产
主买：16847万
主卖：-4498万
净买入：12349万
类型：游资
符合条件1，单位时间新增买入 1339万
--------------------------------------------------------------------------------------------
时间： 
$$$$$$$$$$$$$$$$$$$$$$$$$$$$$$$$$$$$$$$$$$$$$$$$$$$$$$$$$$$
601668 中国建筑 涨幅1.64,市值971亿 
板块：蓝筹股,一带一路
主买：80355万
主卖：-28445万
净买入：51910万
类型：基金
符合条件1，单位时间新增买入 997万
--------------------------------------------------------------------------------------------
时间： 
$$$$$$$$$$$$$$$$$$$$$$$$$$$$$$$$$$$$$$$$$$$$$$$$$$$$$$$$$$$
002305 南国置业 涨幅9.69,市值35亿 
板块：特色小镇,房地产
主买：19450万
主卖：-4731万
净买入：14719万
类型：游资
符合条件1，单位时间新增买入 2124万
--------------------------------------------------------------------------------------------
时间： 
--------------------------------------------------------------------------------------------
时间： 
$$$$$$$$$$$$$$$$$$$$$$$$$$$$$$$$$$$$$$$$$$$$$$$$$$$$$$$$$$$
002305 南国置业 涨幅10.05,市值35亿 
板块：特色小镇,房地产
主买：22537万
主卖：-5273万
净买入：17264万
类型：游资
符合条件1，单位时间新增买入 2078万
--------------------------------------------------------------------------------------------
时间： 
--------------------------------------------------------------------------------------------
时间： 
--------------------------------------------------------------------------------------------
时间： 
$$$$$$$$$$$$$$$$$$$$$$$$$$$$$$$$$$$$$$$$$$$$$$$$$$$$$$$$$$$
601668 中国建筑 涨幅1.54,市值970亿 
板块：蓝筹股,一带一路
主买：81850万
主卖：-28656万
净买入：53194万
类型：基金
符合条件1，单位时间新增买入 709万
$$$$$$$$$$$$$$$$$$$$$$$$$$$$$$$$$$$$$$$$$$$$$$$$$$$$$$$$$$$
002285 世联行 涨幅4.56,市值100亿 
板块：租购同权,房地产
主买：9939万
主卖：-2244万
净买入：7695万
类型：游资
符合条件1，单位时间新增买入 2641万
--------------------------------------------------------------------------------------------
时间： 
--------------------------------------------------------------------------------------------
时间： 
$$$$$$$$$$$$$$$$$$$$$$$$$$$$$$$$$$$$$$$$$$$$$$$$$$$$$$$$$$$
000651 格力电器 涨幅1.25,市值1532亿 
板块：白色家电,白马股,蓝筹股
主买：37053万
主卖：-8277万
净买入：28776万
类型：
符合条件1，单位时间新增买入 28776万
$$$$$$$$$$$$$$$$$$$$$$$$$$$$$$$$$$$$$$$$$$$$$$$$$$$$$$$$$$$
601668 中国建筑 涨幅1.85,市值973亿 
板块：蓝筹股,一带一路
主买：83354万
主卖：-28836万
净买入：54518万
类型：基金
符合条件1，单位时间新增买入 1253万
$$$$$$$$$$$$$$$$$$$$$$$$$$$$$$$$$$$$$$$$$$$$$$$$$$$$$$$$$$$
000002 万 科Ａ 涨幅7.37,市值1894亿 
板块：房地产,蓝筹股
主买：35590万
主卖：-23501万
净买入：12088万
类型：游资
符合条件1，单位时间新增买入 1598万
--------------------------------------------------------------------------------------------
时间： 
$$$$$$$$$$$$$$$$$$$$$$$$$$$$$$$$$$$$$$$$$$$$$$$$$$$$$$$$$$$
002494 华斯股份 涨幅4.03,市值31亿 
板块：雄安新区
主买：2500万
主卖：-217万
净买入：2283万
类型：游资
符合条件1，单位时间新增买入 2283万
--------------------------------------------------------------------------------------------
时间： 
$$$$$$$$$$$$$$$$$$$$$$$$$$$$$$$$$$$$$$$$$$$$$$$$$$$$$$$$$$$
600606 绿地控股 涨幅3.73,市值163亿 
板块：房地产
主买：21795万
主卖：-6013万
净买入：15782万
类型：
符合条件1，单位时间新增买入 1317万
--------------------------------------------------------------------------------------------
时间： 
--------------------------------------------------------------------------------------------
时间： 
$$$$$$$$$$$$$$$$$$$$$$$$$$$$$$$$$$$$$$$$$$$$$$$$$$$$$$$$$$$
002847 盐津铺子 涨幅2.63,市值13亿 
板块：庄股
主买：10764万
主卖：-1217万
净买入：9546万
类型：浙江帮
符合条件1，单位时间新增买入 9546万
$$$$$$$$$$$$$$$$$$$$$$$$$$$$$$$$$$$$$$$$$$$$$$$$$$$$$$$$$$$
000792 盐湖股份 涨幅2.09,市值189亿 
板块：锂电池
主买：11990万
主卖：-14150万
净买入：-2160万
类型：
符合条件1，单位时间新增买入 1629万
--------------------------------------------------------------------------------------------
时间： 
--------------------------------------------------------------------------------------------
时间： 
--------------------------------------------------------------------------------------------
时间： 
--------------------------------------------------------------------------------------------
时间： 
--------------------------------------------------------------------------------------------
时间： 
$$$$$$$$$$$$$$$$$$$$$$$$$$$$$$$$$$$$$$$$$$$$$$$$$$$$$$$$$$$
601878 浙商证券 涨幅3.08,市值77亿 
板块：次新股,证券
主买：12531万
主卖：-5318万
净买入：7213万
类型：游资
符合条件1，单位时间新增买入 2258万
--------------------------------------------------------------------------------------------
时间： 
$$$$$$$$$$$$$$$$$$$$$$$$$$$$$$$$$$$$$$$$$$$$$$$$$$$$$$$$$$$
601668 中国建筑 涨幅1.75,市值972亿 
板块：蓝筹股,一带一路
主买：85475万
主卖：-28944万
净买入：56531万
类型：基金
符合条件1，单位时间新增买入 908万
$$$$$$$$$$$$$$$$$$$$$$$$$$$$$$$$$$$$$$$$$$$$$$$$$$$$$$$$$$$
601878 浙商证券 涨幅3.17,市值77亿 
板块：次新股,证券
主买：13880万
主卖：-5726万
净买入：8154万
类型：游资
符合条件1，单位时间新增买入 941万
--------------------------------------------------------------------------------------------
时间： 
$$$$$$$$$$$$$$$$$$$$$$$$$$$$$$$$$$$$$$$$$$$$$$$$$$$$$$$$$$$
601881 中国银河 涨幅3.42,市值94亿 
板块：证券,次新股
主买：10125万
主卖：-3383万
净买入：6742万
类型：游资
符合条件1，单位时间新增买入 6742万
$$$$$$$$$$$$$$$$$$$$$$$$$$$$$$$$$$$$$$$$$$$$$$$$$$$$$$$$$$$
601668 中国建筑 涨幅1.75,市值972亿 
板块：蓝筹股,一带一路
主买：86934万
主卖：-29142万
净买入：57792万
类型：基金
符合条件1，单位时间新增买入 1261万
--------------------------------------------------------------------------------------------
时间： 
$$$$$$$$$$$$$$$$$$$$$$$$$$$$$$$$$$$$$$$$$$$$$$$$$$$$$$$$$$$
300355 蒙草生态 涨幅5.47,市值123亿 
板块：内蒙古,美丽中国
主买：16750万
主卖：-2498万
净买入：14252万
类型：
符合条件1，单位时间新增买入 971万
$$$$$$$$$$$$$$$$$$$$$$$$$$$$$$$$$$$$$$$$$$$$$$$$$$$$$$$$$$$
601881 中国银河 涨幅4.67,市值95亿 
板块：证券,次新股
主买：13538万
主卖：-3540万
净买入：9998万
类型：游资
符合条件1，单位时间新增买入 3257万
--------------------------------------------------------------------------------------------
时间： 
$$$$$$$$$$$$$$$$$$$$$$$$$$$$$$$$$$$$$$$$$$$$$$$$$$$$$$$$$$$
300355 蒙草生态 涨幅5.89,市值123亿 
板块：内蒙古,美丽中国
主买：17763万
主卖：-2498万
净买入：15265万
类型：
符合条件1，单位时间新增买入 1013万
$$$$$$$$$$$$$$$$$$$$$$$$$$$$$$$$$$$$$$$$$$$$$$$$$$$$$$$$$$$
601878 浙商证券 涨幅3.93,市值78亿 
板块：次新股,证券
主买：17527万
主卖：-6929万
净买入：10598万
类型：游资
符合条件1，单位时间新增买入 1990万
--------------------------------------------------------------------------------------------
时间： 
--------------------------------------------------------------------------------------------
时间： 
--------------------------------------------------------------------------------------------
时间： 
$$$$$$$$$$$$$$$$$$$$$$$$$$$$$$$$$$$$$$$$$$$$$$$$$$$$$$$$$$$
601881 中国银河 涨幅4.01,市值95亿 
板块：证券,次新股
主买：16706万
主卖：-5544万
净买入：11161万
类型：游资
符合条件1，单位时间新增买入 1092万
--------------------------------------------------------------------------------------------
时间： 
$$$$$$$$$$$$$$$$$$$$$$$$$$$$$$$$$$$$$$$$$$$$$$$$$$$$$$$$$$$
000002 万 科Ａ 涨幅6.89,市值1886亿 
板块：房地产,蓝筹股
主买：41498万
主卖：-25738万
净买入：15761万
类型：游资
符合条件1，单位时间新增买入 788万
--------------------------------------------------------------------------------------------
时间： 
$$$$$$$$$$$$$$$$$$$$$$$$$$$$$$$$$$$$$$$$$$$$$$$$$$$$$$$$$$$
601881 中国银河 涨幅5.13,市值96亿 
板块：证券,次新股
主买：20054万
主卖：-7138万
净买入：12916万
类型：游资
符合条件1，单位时间新增买入 1659万
$$$$$$$$$$$$$$$$$$$$$$$$$$$$$$$$$$$$$$$$$$$$$$$$$$$$$$$$$$$
600846 同济科技 涨幅7.43,市值75亿 
板块：雄安设计,氢燃料电池
主买：15582万
主卖：-3042万
净买入：12541万
类型：游资
符合条件1，单位时间新增买入 890万
--------------------------------------------------------------------------------------------
时间： 
$$$$$$$$$$$$$$$$$$$$$$$$$$$$$$$$$$$$$$$$$$$$$$$$$$$$$$$$$$$
601878 浙商证券 涨幅3.93,市值78亿 
板块：次新股,证券
主买：18566万
主卖：-7356万
净买入：11210万
类型：游资
符合条件1，单位时间新增买入 905万
--------------------------------------------------------------------------------------------
时间： 
--------------------------------------------------------------------------------------------
时间： 
$$$$$$$$$$$$$$$$$$$$$$$$$$$$$$$$$$$$$$$$$$$$$$$$$$$$$$$$$$$
000002 万 科Ａ 涨幅7.58,市值1898亿 
板块：房地产,蓝筹股
主买：44877万
主卖：-27612万
净买入：17265万
类型：游资
符合条件1，单位时间新增买入 1093万
--------------------------------------------------------------------------------------------
时间： 
$$$$$$$$$$$$$$$$$$$$$$$$$$$$$$$$$$$$$$$$$$$$$$$$$$$$$$$$$$$
601668 中国建筑 涨幅1.85,市值973亿 
板块：蓝筹股,一带一路
主买：90550万
主卖：-30129万
净买入：60421万
类型：基金
符合条件1，单位时间新增买入 1092万
$$$$$$$$$$$$$$$$$$$$$$$$$$$$$$$$$$$$$$$$$$$$$$$$$$$$$$$$$$$
000792 盐湖股份 涨幅5.47,市值196亿 
板块：锂电池
主买：16160万
主卖：-18175万
净买入：-2015万
类型：
符合条件1，单位时间新增买入 785万
$$$$$$$$$$$$$$$$$$$$$$$$$$$$$$$$$$$$$$$$$$$$$$$$$$$$$$$$$$$
000762 西藏矿业 涨幅3.09,市值90亿 
板块：商品涨价,西藏板块,锂电池
主买：14022万
主卖：-18159万
净买入：-4138万
类型：游资
符合条件1，单位时间新增买入 807万
--------------------------------------------------------------------------------------------
时间： 
--------------------------------------------------------------------------------------------
时间： 
--------------------------------------------------------------------------------------------
时间： 
$$$$$$$$$$$$$$$$$$$$$$$$$$$$$$$$$$$$$$$$$$$$$$$$$$$$$$$$$$$
601668 中国建筑 涨幅1.95,市值974亿 
板块：蓝筹股,一带一路
主买：93674万
主卖：-30257万
净买入：63417万
类型：基金
符合条件1，单位时间新增买入 2598万
--------------------------------------------------------------------------------------------
时间： 
--------------------------------------------------------------------------------------------
时间： 
$$$$$$$$$$$$$$$$$$$$$$$$$$$$$$$$$$$$$$$$$$$$$$$$$$$$$$$$$$$
601668 中国建筑 涨幅2.47,市值979亿 
板块：蓝筹股,一带一路
主买：106709万
主卖：-32029万
净买入：74680万
类型：基金
符合条件1，单位时间新增买入 10842万
--------------------------------------------------------------------------------------------
时间： 
$$$$$$$$$$$$$$$$$$$$$$$$$$$$$$$$$$$$$$$$$$$$$$$$$$$$$$$$$$$
601668 中国建筑 涨幅2.57,市值980亿 
板块：蓝筹股,一带一路
主买：109191万
主卖：-33154万
净买入：76037万
类型：基金
符合条件1，单位时间新增买入 1357万
--------------------------------------------------------------------------------------------
时间： 
$$$$$$$$$$$$$$$$$$$$$$$$$$$$$$$$$$$$$$$$$$$$$$$$$$$$$$$$$$$
601668 中国建筑 涨幅2.67,市值981亿 
板块：蓝筹股,一带一路
主买：117310万
主卖：-33853万
净买入：83456万
类型：基金
符合条件1，单位时间新增买入 7419万
--------------------------------------------------------------------------------------------
时间： 
$$$$$$$$$$$$$$$$$$$$$$$$$$$$$$$$$$$$$$$$$$$$$$$$$$$$$$$$$$$
000651 格力电器 涨幅1.28,市值1533亿 
板块：白色家电,白马股,蓝筹股
主买：40703万
主卖：-10669万
净买入：30035万
类型：
符合条件1，单位时间新增买入 927万
$$$$$$$$$$$$$$$$$$$$$$$$$$$$$$$$$$$$$$$$$$$$$$$$$$$$$$$$$$$
600251 冠农股份 涨幅5.36,市值42亿 
板块：
主买：3959万
主卖：-1267万
净买入：2691万
类型：浙江帮
符合条件1，单位时间新增买入 2691万
$$$$$$$$$$$$$$$$$$$$$$$$$$$$$$$$$$$$$$$$$$$$$$$$$$$$$$$$$$$
000762 西藏矿业 涨幅4.39,市值91亿 
板块：商品涨价,西藏板块,锂电池
主买：18041万
主卖：-20413万
净买入：-2372万
类型：游资
符合条件1，单位时间新增买入 1098万
--------------------------------------------------------------------------------------------
时间： 
--------------------------------------------------------------------------------------------
时间： 
$$$$$$$$$$$$$$$$$$$$$$$$$$$$$$$$$$$$$$$$$$$$$$$$$$$$$$$$$$$
601668 中国建筑 涨幅2.77,市值982亿 
板块：蓝筹股,一带一路
主买：122189万
主卖：-36375万
净买入：85815万
类型：基金
符合条件1，单位时间新增买入 2035万
$$$$$$$$$$$$$$$$$$$$$$$$$$$$$$$$$$$$$$$$$$$$$$$$$$$$$$$$$$$
000651 格力电器 涨幅1.33,市值1534亿 
板块：白色家电,白马股,蓝筹股
主买：42044万
主卖：-10802万
净买入：31241万
类型：
符合条件1，单位时间新增买入 918万
$$$$$$$$$$$$$$$$$$$$$$$$$$$$$$$$$$$$$$$$$$$$$$$$$$$$$$$$$$$
000002 万 科Ａ 涨幅9.03,市值1924亿 
板块：房地产,蓝筹股
主买：54689万
主卖：-33445万
净买入：21245万
类型：游资
符合条件1，单位时间新增买入 1408万
$$$$$$$$$$$$$$$$$$$$$$$$$$$$$$$$$$$$$$$$$$$$$$$$$$$$$$$$$$$
000762 西藏矿业 涨幅4.89,市值92亿 
板块：商品涨价,西藏板块,锂电池
主买：22070万
主卖：-21726万
净买入：344万
类型：游资
符合条件1，单位时间新增买入 2148万
$$$$$$$$$$$$$$$$$$$$$$$$$$$$$$$$$$$$$$$$$$$$$$$$$$$$$$$$$$$
002460 赣锋锂业 涨幅0.59,市值429亿 
板块：锂电池,商品涨价
主买：32548万
主卖：-36594万
净买入：-4045万
类型：游资
符合条件1，单位时间新增买入 880万
--------------------------------------------------------------------------------------------
时间： 
$$$$$$$$$$$$$$$$$$$$$$$$$$$$$$$$$$$$$$$$$$$$$$$$$$$$$$$$$$$
601668 中国建筑 涨幅2.98,市值984亿 
板块：蓝筹股,一带一路
主买：131329万
主卖：-37918万
净买入：93411万
类型：基金
符合条件1，单位时间新增买入 7596万
$$$$$$$$$$$$$$$$$$$$$$$$$$$$$$$$$$$$$$$$$$$$$$$$$$$$$$$$$$$
000651 格力电器 涨幅1.23,市值1532亿 
板块：白色家电,白马股,蓝筹股
主买：43182万
主卖：-11046万
净买入：32136万
类型：
符合条件1，单位时间新增买入 895万
$$$$$$$$$$$$$$$$$$$$$$$$$$$$$$$$$$$$$$$$$$$$$$$$$$$$$$$$$$$
000002 万 科Ａ 涨幅9.22,市值1927亿 
板块：房地产,蓝筹股
主买：58950万
主卖：-33445万
净买入：25505万
类型：游资
符合条件1，单位时间新增买入 4261万
--------------------------------------------------------------------------------------------
时间： 
$$$$$$$$$$$$$$$$$$$$$$$$$$$$$$$$$$$$$$$$$$$$$$$$$$$$$$$$$$$
000002 万 科Ａ 涨幅8.82,市值1920亿 
板块：房地产,蓝筹股
主买：60750万
主卖：-34151万
净买入：26600万
类型：游资
符合条件1，单位时间新增买入 1094万
$$$$$$$$$$$$$$$$$$$$$$$$$$$$$$$$$$$$$$$$$$$$$$$$$$$$$$$$$$$
600251 冠农股份 涨幅10.01,市值44亿 
板块：
主买：6252万
主卖：-2322万
净买入：3930万
类型：浙江帮
符合条件1，单位时间新增买入 1236万
$$$$$$$$$$$$$$$$$$$$$$$$$$$$$$$$$$$$$$$$$$$$$$$$$$$$$$$$$$$
000792 盐湖股份 涨幅8.64,市值201亿 
板块：锂电池
主买：20415万
主卖：-21760万
净买入：-1345万
类型：
符合条件1，单位时间新增买入 1488万
--------------------------------------------------------------------------------------------
时间： 
$$$$$$$$$$$$$$$$$$$$$$$$$$$$$$$$$$$$$$$$$$$$$$$$$$$$$$$$$$$
600251 冠农股份 涨幅10.01,市值44亿 
板块：
主买：8114万
主卖：-2322万
净买入：5792万
类型：浙江帮
符合条件1，单位时间新增买入 1861万
$$$$$$$$$$$$$$$$$$$$$$$$$$$$$$$$$$$$$$$$$$$$$$$$$$$$$$$$$$$
002460 赣锋锂业 涨幅1.17,市值432亿 
板块：锂电池,商品涨价
主买：33563万
主卖：-36774万
净买入：-3212万
类型：游资
符合条件1，单位时间新增买入 722万
--------------------------------------------------------------------------------------------
时间： 
--------------------------------------------------------------------------------------------
时间： 
$$$$$$$$$$$$$$$$$$$$$$$$$$$$$$$$$$$$$$$$$$$$$$$$$$$$$$$$$$$
000651 格力电器 涨幅1.28,市值1533亿 
板块：白色家电,白马股,蓝筹股
主买：44921万
主卖：-11046万
净买入：33874万
类型：
符合条件1，单位时间新增买入 1034万
--------------------------------------------------------------------------------------------
时间： 
$$$$$$$$$$$$$$$$$$$$$$$$$$$$$$$$$$$$$$$$$$$$$$$$$$$$$$$$$$$
300073 当升科技 涨幅3.40,市值79亿 
板块：锂电池
主买：3966万
主卖：-7708万
净买入：-3742万
类型：游资
符合条件1，单位时间新增买入 834万
--------------------------------------------------------------------------------------------
时间： 
$$$$$$$$$$$$$$$$$$$$$$$$$$$$$$$$$$$$$$$$$$$$$$$$$$$$$$$$$$$
000792 盐湖股份 涨幅9.38,市值203亿 
板块：锂电池
主买：34469万
主卖：-30577万
净买入：3891万
类型：
符合条件1，单位时间新增买入 4624万
--------------------------------------------------------------------------------------------
时间： 
--------------------------------------------------------------------------------------------
时间： 
--------------------------------------------------------------------------------------------
时间： 
--------------------------------------------------------------------------------------------
时间： 
--------------------------------------------------------------------------------------------
时间： 
$$$$$$$$$$$$$$$$$$$$$$$$$$$$$$$$$$$$$$$$$$$$$$$$$$$$$$$$$$$
000839 中信国安 涨幅2.71,市值283亿 
板块：360概念,商品涨价
主买：19024万
主卖：-11088万
净买入：7936万
类型：基金
符合条件1，单位时间新增买入 7936万
--------------------------------------------------------------------------------------------
时间： 
--------------------------------------------------------------------------------------------
时间： 
--------------------------------------------------------------------------------------------
时间： 
--------------------------------------------------------------------------------------------
时间： 
--------------------------------------------------------------------------------------------
时间： 
--------------------------------------------------------------------------------------------
时间： 
$$$$$$$$$$$$$$$$$$$$$$$$$$$$$$$$$$$$$$$$$$$$$$$$$$$$$$$$$$$
601881 中国银河 涨幅6.12,市值97亿 
板块：证券,次新股
主买：27667万
主卖：-10046万
净买入：17621万
类型：游资
符合条件1，单位时间新增买入 3103万
$$$$$$$$$$$$$$$$$$$$$$$$$$$$$$$$$$$$$$$$$$$$$$$$$$$$$$$$$$$
600487 亨通光电 涨幅3.76,市值269亿 
板块：白马股,量子通信,5G
主买：24517万
主卖：-14217万
净买入：10299万
类型：
符合条件1，单位时间新增买入 790万
--------------------------------------------------------------------------------------------
时间： 
$$$$$$$$$$$$$$$$$$$$$$$$$$$$$$$$$$$$$$$$$$$$$$$$$$$$$$$$$$$
601881 中国银河 涨幅5.79,市值96亿 
板块：证券,次新股
主买：28529万
主卖：-10046万
净买入：18482万
类型：游资
符合条件1，单位时间新增买入 861万
$$$$$$$$$$$$$$$$$$$$$$$$$$$$$$$$$$$$$$$$$$$$$$$$$$$$$$$$$$$
600487 亨通光电 涨幅3.83,市值270亿 
板块：白马股,量子通信,5G
主买：26127万
主卖：-14849万
净买入：11278万
类型：
符合条件1，单位时间新增买入 979万
--------------------------------------------------------------------------------------------
时间： 
$$$$$$$$$$$$$$$$$$$$$$$$$$$$$$$$$$$$$$$$$$$$$$$$$$$$$$$$$$$
600487 亨通光电 涨幅3.33,市值268亿 
板块：白马股,量子通信,5G
主买：27368万
主卖：-14849万
净买入：12519万
类型：
符合条件1，单位时间新增买入 1241万
--------------------------------------------------------------------------------------------
时间： 
--------------------------------------------------------------------------------------------
时间： 
--------------------------------------------------------------------------------------------
时间： 
--------------------------------------------------------------------------------------------
时间： 
--------------------------------------------------------------------------------------------
时间： 
$$$$$$$$$$$$$$$$$$$$$$$$$$$$$$$$$$$$$$$$$$$$$$$$$$$$$$$$$$$
601668 中国建筑 涨幅2.67,市值981亿 
板块：蓝筹股,一带一路
主买：136400万
主卖：-40793万
净买入：95606万
类型：基金
符合条件1，单位时间新增买入 1200万
$$$$$$$$$$$$$$$$$$$$$$$$$$$$$$$$$$$$$$$$$$$$$$$$$$$$$$$$$$$
000002 万 科Ａ 涨幅8.82,市值1920亿 
板块：房地产,蓝筹股
主买：71177万
主卖：-39103万
净买入：32074万
类型：游资
符合条件1，单位时间新增买入 1143万
--------------------------------------------------------------------------------------------
时间： 
$$$$$$$$$$$$$$$$$$$$$$$$$$$$$$$$$$$$$$$$$$$$$$$$$$$$$$$$$$$
000002 万 科Ａ 涨幅9.33,市值1929亿 
板块：房地产,蓝筹股
主买：72588万
主卖：-39231万
净买入：33356万
类型：游资
符合条件1，单位时间新增买入 1283万
--------------------------------------------------------------------------------------------
时间： 
$$$$$$$$$$$$$$$$$$$$$$$$$$$$$$$$$$$$$$$$$$$$$$$$$$$$$$$$$$$
601668 中国建筑 涨幅2.98,市值984亿 
板块：蓝筹股,一带一路
主买：142933万
主卖：-43524万
净买入：99409万
类型：基金
符合条件1，单位时间新增买入 3452万
$$$$$$$$$$$$$$$$$$$$$$$$$$$$$$$$$$$$$$$$$$$$$$$$$$$$$$$$$$$
000002 万 科Ａ 涨幅9.54,市值1933亿 
板块：房地产,蓝筹股
主买：74771万
主卖：-40259万
净买入：34512万
类型：游资
符合条件1，单位时间新增买入 1156万
--------------------------------------------------------------------------------------------
时间： 
$$$$$$$$$$$$$$$$$$$$$$$$$$$$$$$$$$$$$$$$$$$$$$$$$$$$$$$$$$$
601668 中国建筑 涨幅2.77,市值982亿 
板块：蓝筹股,一带一路
主买：144474万
主卖：-43740万
净买入：100733万
类型：基金
符合条件1，单位时间新增买入 1324万
$$$$$$$$$$$$$$$$$$$$$$$$$$$$$$$$$$$$$$$$$$$$$$$$$$$$$$$$$$$
000002 万 科Ａ 涨幅9.47,市值1931亿 
板块：房地产,蓝筹股
主买：76342万
主卖：-40259万
净买入：36082万
类型：游资
符合条件1，单位时间新增买入 1571万
$$$$$$$$$$$$$$$$$$$$$$$$$$$$$$$$$$$$$$$$$$$$$$$$$$$$$$$$$$$
600048 保利地产 涨幅4.15,市值852亿 
板块：房地产,蓝筹股
主买：52731万
主卖：-36895万
净买入：15836万
类型：
符合条件1，单位时间新增买入 1424万
--------------------------------------------------------------------------------------------
时间： 
$$$$$$$$$$$$$$$$$$$$$$$$$$$$$$$$$$$$$$$$$$$$$$$$$$$$$$$$$$$
600048 保利地产 涨幅4.42,市值854亿 
板块：房地产,蓝筹股
主买：53626万
主卖：-36895万
净买入：16731万
类型：
符合条件1，单位时间新增买入 895万
$$$$$$$$$$$$$$$$$$$$$$$$$$$$$$$$$$$$$$$$$$$$$$$$$$$$$$$$$$$
601878 浙商证券 涨幅4.19,市值78亿 
板块：次新股,证券
主买：22263万
主卖：-8790万
净买入：13474万
类型：游资
符合条件1，单位时间新增买入 810万
--------------------------------------------------------------------------------------------
时间： 
$$$$$$$$$$$$$$$$$$$$$$$$$$$$$$$$$$$$$$$$$$$$$$$$$$$$$$$$$$$
000651 格力电器 涨幅1.52,市值1537亿 
板块：白色家电,白马股,蓝筹股
主买：52766万
主卖：-13189万
净买入：39577万
类型：
符合条件1，单位时间新增买入 5264万
$$$$$$$$$$$$$$$$$$$$$$$$$$$$$$$$$$$$$$$$$$$$$$$$$$$$$$$$$$$
000002 万 科Ａ 涨幅9.43,市值1931亿 
板块：房地产,蓝筹股
主买：78435万
主卖：-41038万
净买入：37398万
类型：游资
符合条件1，单位时间新增买入 738万
$$$$$$$$$$$$$$$$$$$$$$$$$$$$$$$$$$$$$$$$$$$$$$$$$$$$$$$$$$$
600048 保利地产 涨幅4.68,市值856亿 
板块：房地产,蓝筹股
主买：55087万
主卖：-37472万
净买入：17616万
类型：
符合条件1，单位时间新增买入 885万
$$$$$$$$$$$$$$$$$$$$$$$$$$$$$$$$$$$$$$$$$$$$$$$$$$$$$$$$$$$
601878 浙商证券 涨幅4.46,市值78亿 
板块：次新股,证券
主买：24203万
主卖：-9988万
净买入：14215万
类型：游资
符合条件1，单位时间新增买入 741万
--------------------------------------------------------------------------------------------
时间： 
$$$$$$$$$$$$$$$$$$$$$$$$$$$$$$$$$$$$$$$$$$$$$$$$$$$$$$$$$$$
600048 保利地产 涨幅4.86,市值858亿 
板块：房地产,蓝筹股
主买：57173万
主卖：-37714万
净买入：19459万
类型：
符合条件1，单位时间新增买入 1843万
--------------------------------------------------------------------------------------------
时间： 
--------------------------------------------------------------------------------------------
时间： 
--------------------------------------------------------------------------------------------
时间： 
$$$$$$$$$$$$$$$$$$$$$$$$$$$$$$$$$$$$$$$$$$$$$$$$$$$$$$$$$$$
000792 盐湖股份 涨幅9.99,市值204亿 
板块：锂电池
主买：47124万
主卖：-38001万
净买入：9123万
类型：
符合条件1，单位时间新增买入 5968万
--------------------------------------------------------------------------------------------
时间： 
--------------------------------------------------------------------------------------------
时间： 
$$$$$$$$$$$$$$$$$$$$$$$$$$$$$$$$$$$$$$$$$$$$$$$$$$$$$$$$$$$
000792 盐湖股份 涨幅9.99,市值204亿 
板块：锂电池
主买：53246万
主卖：-42390万
净买入：10856万
类型：
符合条件1，单位时间新增买入 1211万
--------------------------------------------------------------------------------------------
时间： 
$$$$$$$$$$$$$$$$$$$$$$$$$$$$$$$$$$$$$$$$$$$$$$$$$$$$$$$$$$$
000002 万 科Ａ 涨幅9.25,市值1927亿 
板块：房地产,蓝筹股
主买：83059万
主卖：-43401万
净买入：39658万
类型：游资
符合条件1，单位时间新增买入 779万
$$$$$$$$$$$$$$$$$$$$$$$$$$$$$$$$$$$$$$$$$$$$$$$$$$$$$$$$$$$
000792 盐湖股份 涨幅9.99,市值204亿 
板块：锂电池
主买：54614万
主卖：-42567万
净买入：12046万
类型：
符合条件1，单位时间新增买入 1190万
--------------------------------------------------------------------------------------------
时间： 
$$$$$$$$$$$$$$$$$$$$$$$$$$$$$$$$$$$$$$$$$$$$$$$$$$$$$$$$$$$
600048 保利地产 涨幅5.12,市值860亿 
板块：房地产,蓝筹股
主买：61985万
主卖：-40216万
净买入：21770万
类型：
符合条件1，单位时间新增买入 1017万
$$$$$$$$$$$$$$$$$$$$$$$$$$$$$$$$$$$$$$$$$$$$$$$$$$$$$$$$$$$
000792 盐湖股份 涨幅9.92,市值204亿 
板块：锂电池
主买：56260万
主卖：-42778万
净买入：13482万
类型：
符合条件1，单位时间新增买入 1436万
--------------------------------------------------------------------------------------------
时间： 
$$$$$$$$$$$$$$$$$$$$$$$$$$$$$$$$$$$$$$$$$$$$$$$$$$$$$$$$$$$
600048 保利地产 涨幅5.83,市值866亿 
板块：房地产,蓝筹股
主买：65528万
主卖：-41471万
净买入：24057万
类型：
符合条件1，单位时间新增买入 2287万
--------------------------------------------------------------------------------------------
时间： 
$$$$$$$$$$$$$$$$$$$$$$$$$$$$$$$$$$$$$$$$$$$$$$$$$$$$$$$$$$$
600048 保利地产 涨幅5.92,市值866亿 
板块：房地产,蓝筹股
主买：68522万
主卖：-43315万
净买入：25207万
类型：
符合条件1，单位时间新增买入 1150万
--------------------------------------------------------------------------------------------
时间： 
$$$$$$$$$$$$$$$$$$$$$$$$$$$$$$$$$$$$$$$$$$$$$$$$$$$$$$$$$$$
600048 保利地产 涨幅6.01,市值867亿 
板块：房地产,蓝筹股
主买：69543万
主卖：-43534万
净买入：26009万
类型：
符合条件1，单位时间新增买入 802万
--------------------------------------------------------------------------------------------
时间： 
$$$$$$$$$$$$$$$$$$$$$$$$$$$$$$$$$$$$$$$$$$$$$$$$$$$$$$$$$$$
600048 保利地产 涨幅5.74,市值865亿 
板块：房地产,蓝筹股
主买：70550万
主卖：-43814万
净买入：26736万
类型：
符合条件1，单位时间新增买入 727万
$$$$$$$$$$$$$$$$$$$$$$$$$$$$$$$$$$$$$$$$$$$$$$$$$$$$$$$$$$$
300304 云意电气 涨幅8.34,市值52亿 
板块：老高送转
主买：6427万
主卖：-1263万
净买入：5165万
类型：
符合条件1，单位时间新增买入 1151万
--------------------------------------------------------------------------------------------
时间： 
--------------------------------------------------------------------------------------------
时间： 
--------------------------------------------------------------------------------------------
时间： 
--------------------------------------------------------------------------------------------
时间： 
--------------------------------------------------------------------------------------------
时间： 
--------------------------------------------------------------------------------------------
时间： 
--------------------------------------------------------------------------------------------
时间： 
--------------------------------------------------------------------------------------------
时间： 
--------------------------------------------------------------------------------------------
时间： 
--------------------------------------------------------------------------------------------
时间： 
--------------------------------------------------------------------------------------------
时间： 
--------------------------------------------------------------------------------------------
时间： 
$$$$$$$$$$$$$$$$$$$$$$$$$$$$$$$$$$$$$$$$$$$$$$$$$$$$$$$$$$$
000839 中信国安 涨幅2.62,市值282亿 
板块：360概念,商品涨价
主买：22713万
主卖：-14871万
净买入：7842万
类型：基金
符合条件1，单位时间新增买入 1076万
--------------------------------------------------------------------------------------------
时间： 
--------------------------------------------------------------------------------------------
时间： 
--------------------------------------------------------------------------------------------
时间： 
--------------------------------------------------------------------------------------------
时间： 
$$$$$$$$$$$$$$$$$$$$$$$$$$$$$$$$$$$$$$$$$$$$$$$$$$$$$$$$$$$
002497 雅化集团 涨幅0.48,市值171亿 
板块：锂电池,商品涨价
主买：18044万
主卖：-25565万
净买入：-7521万
类型：游资
符合条件1，单位时间新增买入 836万
--------------------------------------------------------------------------------------------
时间： 
--------------------------------------------------------------------------------------------
时间： 
--------------------------------------------------------------------------------------------
时间： 
--------------------------------------------------------------------------------------------
时间： 
--------------------------------------------------------------------------------------------
时间： 
--------------------------------------------------------------------------------------------
时间： 
$$$$$$$$$$$$$$$$$$$$$$$$$$$$$$$$$$$$$$$$$$$$$$$$$$$$$$$$$$$
000839 中信国安 涨幅3.80,市值286亿 
板块：360概念,商品涨价
主买：30163万
主卖：-17436万
净买入：12727万
类型：基金
符合条件1，单位时间新增买入 4927万
$$$$$$$$$$$$$$$$$$$$$$$$$$$$$$$$$$$$$$$$$$$$$$$$$$$$$$$$$$$
000151 中成股份 涨幅2.30,市值30亿 
板块：庄股
主买：2405万
主卖：-1033万
净买入：1372万
类型：
符合条件1，单位时间新增买入 1372万
--------------------------------------------------------------------------------------------
时间： 
$$$$$$$$$$$$$$$$$$$$$$$$$$$$$$$$$$$$$$$$$$$$$$$$$$$$$$$$$$$
000839 中信国安 涨幅3.53,市值285亿 
板块：360概念,商品涨价
主买：32810万
主卖：-18339万
净买入：14471万
类型：基金
符合条件1，单位时间新增买入 1744万
--------------------------------------------------------------------------------------------
时间： 
$$$$$$$$$$$$$$$$$$$$$$$$$$$$$$$$$$$$$$$$$$$$$$$$$$$$$$$$$$$
601952 苏垦农发 涨幅5.05,市值39亿 
板块：次新股
主买：7134万
主卖：-3058万
净买入：4076万
类型：
符合条件1，单位时间新增买入 4076万
$$$$$$$$$$$$$$$$$$$$$$$$$$$$$$$$$$$$$$$$$$$$$$$$$$$$$$$$$$$
000839 中信国安 涨幅4.25,市值287亿 
板块：360概念,商品涨价
主买：34452万
主卖：-18922万
净买入：15530万
类型：基金
符合条件1，单位时间新增买入 1059万
--------------------------------------------------------------------------------------------
时间： 
--------------------------------------------------------------------------------------------
时间： 
--------------------------------------------------------------------------------------------
时间： 
$$$$$$$$$$$$$$$$$$$$$$$$$$$$$$$$$$$$$$$$$$$$$$$$$$$$$$$$$$$
603019 中科曙光 涨幅2.84,市值131亿 
板块：人工智能
主买：11590万
主卖：-9696万
净买入：1893万
类型：游资
符合条件1，单位时间新增买入 1346万
--------------------------------------------------------------------------------------------
时间： 
--------------------------------------------------------------------------------------------
时间： 
--------------------------------------------------------------------------------------------
时间： 
--------------------------------------------------------------------------------------------
时间： 
--------------------------------------------------------------------------------------------
时间： 
--------------------------------------------------------------------------------------------
时间： 
--------------------------------------------------------------------------------------------
时间： 
$$$$$$$$$$$$$$$$$$$$$$$$$$$$$$$$$$$$$$$$$$$$$$$$$$$$$$$$$$$
000839 中信国安 涨幅4.52,市值288亿 
板块：360概念,商品涨价
主买：40488万
主卖：-20110万
净买入：20378万
类型：基金
符合条件1，单位时间新增买入 3127万
--------------------------------------------------------------------------------------------
时间： 
--------------------------------------------------------------------------------------------
时间： 
$$$$$$$$$$$$$$$$$$$$$$$$$$$$$$$$$$$$$$$$$$$$$$$$$$$$$$$$$$$
000839 中信国安 涨幅4.34,市值287亿 
板块：360概念,商品涨价
主买：41714万
主卖：-20558万
净买入：21157万
类型：基金
符合条件1，单位时间新增买入 779万
$$$$$$$$$$$$$$$$$$$$$$$$$$$$$$$$$$$$$$$$$$$$$$$$$$$$$$$$$$$
000762 西藏矿业 涨幅4.71,市值91亿 
板块：商品涨价,西藏板块,锂电池
主买：35126万
主卖：-38770万
净买入：-3644万
类型：游资
符合条件1，单位时间新增买入 868万
--------------------------------------------------------------------------------------------
时间： 
--------------------------------------------------------------------------------------------
时间： 
$$$$$$$$$$$$$$$$$$$$$$$$$$$$$$$$$$$$$$$$$$$$$$$$$$$$$$$$$$$
000930 中粮生化 涨幅3.62,市值121亿 
板块：混改,乙醇汽油
主买：15217万
主卖：-44963万
净买入：-29746万
类型：
符合条件1，单位时间新增买入 722万
--------------------------------------------------------------------------------------------
时间： 
--------------------------------------------------------------------------------------------
时间： 
$$$$$$$$$$$$$$$$$$$$$$$$$$$$$$$$$$$$$$$$$$$$$$$$$$$$$$$$$$$
000002 万 科Ａ 涨幅9.33,市值1929亿 
板块：房地产,蓝筹股
主买：110196万
主卖：-63083万
净买入：47114万
类型：游资
符合条件1，单位时间新增买入 1642万
--------------------------------------------------------------------------------------------
时间： 
$$$$$$$$$$$$$$$$$$$$$$$$$$$$$$$$$$$$$$$$$$$$$$$$$$$$$$$$$$$
000002 万 科Ａ 涨幅8.74,市值1918亿 
板块：房地产,蓝筹股
主买：112577万
主卖：-64735万
净买入：47842万
类型：游资
符合条件1，单位时间新增买入 728万
$$$$$$$$$$$$$$$$$$$$$$$$$$$$$$$$$$$$$$$$$$$$$$$$$$$$$$$$$$$
002797 第一创业 涨幅0.71,市值194亿 
板块：证券
主买：5479万
主卖：-10007万
净买入：-4528万
类型：游资
符合条件1，单位时间新增买入 1089万
--------------------------------------------------------------------------------------------
时间： 
--------------------------------------------------------------------------------------------
时间： 
$$$$$$$$$$$$$$$$$$$$$$$$$$$$$$$$$$$$$$$$$$$$$$$$$$$$$$$$$$$
000839 中信国安 涨幅5.70,市值291亿 
板块：360概念,商品涨价
主买：53279万
主卖：-23241万
净买入：30038万
类型：基金
符合条件1，单位时间新增买入 8179万
--------------------------------------------------------------------------------------------
时间： 
$$$$$$$$$$$$$$$$$$$$$$$$$$$$$$$$$$$$$$$$$$$$$$$$$$$$$$$$$$$
000002 万 科Ａ 涨幅8.64,市值1917亿 
板块：房地产,蓝筹股
主买：117303万
主卖：-68475万
净买入：48829万
类型：游资
符合条件1，单位时间新增买入 922万
$$$$$$$$$$$$$$$$$$$$$$$$$$$$$$$$$$$$$$$$$$$$$$$$$$$$$$$$$$$
002797 第一创业 涨幅6.83,市值206亿 
板块：证券
主买：21413万
主卖：-13132万
净买入：8280万
类型：游资
符合条件1，单位时间新增买入 12170万
--------------------------------------------------------------------------------------------
时间： 
--------------------------------------------------------------------------------------------
时间： 
$$$$$$$$$$$$$$$$$$$$$$$$$$$$$$$$$$$$$$$$$$$$$$$$$$$$$$$$$$$
000839 中信国安 涨幅6.06,市值292亿 
板块：360概念,商品涨价
主买：57023万
主卖：-24584万
净买入：32439万
类型：基金
符合条件1，单位时间新增买入 1789万
--------------------------------------------------------------------------------------------
时间： 
$$$$$$$$$$$$$$$$$$$$$$$$$$$$$$$$$$$$$$$$$$$$$$$$$$$$$$$$$$$
002797 第一创业 涨幅5.41,市值203亿 
板块：证券
主买：23390万
主卖：-14002万
净买入：9389万
类型：游资
符合条件1，单位时间新增买入 878万
--------------------------------------------------------------------------------------------
时间： 
--------------------------------------------------------------------------------------------
时间： 
--------------------------------------------------------------------------------------------
时间： 
$$$$$$$$$$$$$$$$$$$$$$$$$$$$$$$$$$$$$$$$$$$$$$$$$$$$$$$$$$$
000839 中信国安 涨幅6.61,市值293亿 
板块：360概念,商品涨价
主买：60379万
主卖：-24818万
净买入：35561万
类型：基金
符合条件1，单位时间新增买入 2331万
--------------------------------------------------------------------------------------------
时间： 
--------------------------------------------------------------------------------------------
时间： 
--------------------------------------------------------------------------------------------
时间： 
$$$$$$$$$$$$$$$$$$$$$$$$$$$$$$$$$$$$$$$$$$$$$$$$$$$$$$$$$$$
000002 万 科Ａ 涨幅8.64,市值1917亿 
板块：房地产,蓝筹股
主买：130340万
主卖：-76959万
净买入：53381万
类型：游资
符合条件1，单位时间新增买入 1964万
$$$$$$$$$$$$$$$$$$$$$$$$$$$$$$$$$$$$$$$$$$$$$$$$$$$$$$$$$$$
002797 第一创业 涨幅5.50,市值203亿 
板块：证券
主买：24334万
主卖：-14918万
净买入：9416万
类型：游资
符合条件1，单位时间新增买入 871万
--------------------------------------------------------------------------------------------
时间： 
$$$$$$$$$$$$$$$$$$$$$$$$$$$$$$$$$$$$$$$$$$$$$$$$$$$$$$$$$$$
000839 中信国安 涨幅6.06,市值292亿 
板块：360概念,商品涨价
主买：63081万
主卖：-25660万
净买入：37421万
类型：基金
符合条件1，单位时间新增买入 791万
--------------------------------------------------------------------------------------------
时间： 
$$$$$$$$$$$$$$$$$$$$$$$$$$$$$$$$$$$$$$$$$$$$$$$$$$$$$$$$$$$
300344 太空板业 涨幅4.07,市值25亿 
板块：绿色建筑
主买：3991万
主卖：-2206万
净买入：1784万
类型：游资
符合条件1，单位时间新增买入 1784万
$$$$$$$$$$$$$$$$$$$$$$$$$$$$$$$$$$$$$$$$$$$$$$$$$$$$$$$$$$$
000839 中信国安 涨幅6.33,市值293亿 
板块：360概念,商品涨价
主买：64117万
主卖：-25849万
净买入：38267万
类型：基金
符合条件1，单位时间新增买入 847万
--------------------------------------------------------------------------------------------
时间： 
$$$$$$$$$$$$$$$$$$$$$$$$$$$$$$$$$$$$$$$$$$$$$$$$$$$$$$$$$$$
000839 中信国安 涨幅7.42,市值296亿 
板块：360概念,商品涨价
主买：70068万
主卖：-27823万
净买入：42244万
类型：基金
符合条件1，单位时间新增买入 3977万
--------------------------------------------------------------------------------------------
时间： 
$$$$$$$$$$$$$$$$$$$$$$$$$$$$$$$$$$$$$$$$$$$$$$$$$$$$$$$$$$$
000839 中信国安 涨幅7.96,市值297亿 
板块：360概念,商品涨价
主买：72272万
主卖：-27823万
净买入：44448万
类型：基金
符合条件1，单位时间新增买入 2204万
--------------------------------------------------------------------------------------------
时间： 
--------------------------------------------------------------------------------------------
时间： 
--------------------------------------------------------------------------------------------
时间： 
$$$$$$$$$$$$$$$$$$$$$$$$$$$$$$$$$$$$$$$$$$$$$$$$$$$$$$$$$$$
000839 中信国安 涨幅8.14,市值298亿 
板块：360概念,商品涨价
主买：73804万
主卖：-28240万
净买入：45564万
类型：基金
符合条件1，单位时间新增买入 953万
$$$$$$$$$$$$$$$$$$$$$$$$$$$$$$$$$$$$$$$$$$$$$$$$$$$$$$$$$$$
300344 太空板业 涨幅3.87,市值25亿 
板块：绿色建筑
主买：5377万
主卖：-2206万
净买入：3171万
类型：游资
符合条件1，单位时间新增买入 706万
--------------------------------------------------------------------------------------------
时间： 
--------------------------------------------------------------------------------------------
时间： 
--------------------------------------------------------------------------------------------
时间： 
$$$$$$$$$$$$$$$$$$$$$$$$$$$$$$$$$$$$$$$$$$$$$$$$$$$$$$$$$$$
000839 中信国安 涨幅8.14,市值298亿 
板块：360概念,商品涨价
主买：77840万
主卖：-29630万
净买入：48209万
类型：基金
符合条件1，单位时间新增买入 2431万
--------------------------------------------------------------------------------------------
时间： 
$$$$$$$$$$$$$$$$$$$$$$$$$$$$$$$$$$$$$$$$$$$$$$$$$$$$$$$$$$$
000839 中信国安 涨幅9.86,市值302亿 
板块：360概念,商品涨价
主买：87250万
主卖：-31546万
净买入：55704万
类型：基金
符合条件1，单位时间新增买入 7495万
--------------------------------------------------------------------------------------------
时间： 
$$$$$$$$$$$$$$$$$$$$$$$$$$$$$$$$$$$$$$$$$$$$$$$$$$$$$$$$$$$
000839 中信国安 涨幅9.68,市值302亿 
板块：360概念,商品涨价
主买：92699万
主卖：-32547万
净买入：60152万
类型：基金
符合条件1，单位时间新增买入 4448万
$$$$$$$$$$$$$$$$$$$$$$$$$$$$$$$$$$$$$$$$$$$$$$$$$$$$$$$$$$$
000002 万 科Ａ 涨幅8.27,市值1910亿 
板块：房地产,蓝筹股
主买：142552万
主卖：-86279万
净买入：56274万
类型：游资
符合条件1，单位时间新增买入 729万
$$$$$$$$$$$$$$$$$$$$$$$$$$$$$$$$$$$$$$$$$$$$$$$$$$$$$$$$$$$
600846 同济科技 涨幅8.25,市值75亿 
板块：雄安设计,氢燃料电池
主买：21245万
主卖：-8093万
净买入：13152万
类型：游资
符合条件1，单位时间新增买入 1052万
$$$$$$$$$$$$$$$$$$$$$$$$$$$$$$$$$$$$$$$$$$$$$$$$$$$$$$$$$$$
002797 第一创业 涨幅4.17,市值200亿 
板块：证券
主买：26847万
主卖：-16359万
净买入：10488万
类型：游资
符合条件1，单位时间新增买入 737万
--------------------------------------------------------------------------------------------
时间： 
$$$$$$$$$$$$$$$$$$$$$$$$$$$$$$$$$$$$$$$$$$$$$$$$$$$$$$$$$$$
000839 中信国安 涨幅9.50,市值301亿 
板块：360概念,商品涨价
主买：94279万
主卖：-33018万
净买入：61261万
类型：基金
符合条件1，单位时间新增买入 1109万
--------------------------------------------------------------------------------------------
时间： 
$$$$$$$$$$$$$$$$$$$$$$$$$$$$$$$$$$$$$$$$$$$$$$$$$$$$$$$$$$$
000839 中信国安 涨幅9.32,市值301亿 
板块：360概念,商品涨价
主买：96067万
主卖：-33817万
净买入：62250万
类型：基金
符合条件1，单位时间新增买入 989万
$$$$$$$$$$$$$$$$$$$$$$$$$$$$$$$$$$$$$$$$$$$$$$$$$$$$$$$$$$$
300355 蒙草生态 涨幅6.49,市值124亿 
板块：内蒙古,美丽中国
主买：27428万
主卖：-7815万
净买入：19613万
类型：
符合条件1，单位时间新增买入 1336万
--------------------------------------------------------------------------------------------
时间： 
$$$$$$$$$$$$$$$$$$$$$$$$$$$$$$$$$$$$$$$$$$$$$$$$$$$$$$$$$$$
000839 中信国安 涨幅9.32,市值301亿 
板块：360概念,商品涨价
主买：96855万
主卖：-33817万
净买入：63038万
类型：基金
符合条件1，单位时间新增买入 788万
$$$$$$$$$$$$$$$$$$$$$$$$$$$$$$$$$$$$$$$$$$$$$$$$$$$$$$$$$$$
000002 万 科Ａ 涨幅8.49,市值1914亿 
板块：房地产,蓝筹股
主买：145657万
主卖：-88096万
净买入：57561万
类型：游资
符合条件1，单位时间新增买入 1111万
--------------------------------------------------------------------------------------------
时间： 
--------------------------------------------------------------------------------------------
时间： 
$$$$$$$$$$$$$$$$$$$$$$$$$$$$$$$$$$$$$$$$$$$$$$$$$$$$$$$$$$$
600152 维科精华 涨幅9.96,市值24亿 
板块：
主买：1987万
主卖：-5066万
净买入：-3079万
类型：
符合条件1，单位时间新增买入 821万
--------------------------------------------------------------------------------------------
时间： 
$$$$$$$$$$$$$$$$$$$$$$$$$$$$$$$$$$$$$$$$$$$$$$$$$$$$$$$$$$$
600152 维科精华 涨幅9.96,市值24亿 
板块：锂电池,石墨烯
主买：3475万
主卖：-5850万
净买入：-2376万
类型：
符合条件1，单位时间新增买入 703万
--------------------------------------------------------------------------------------------
时间： 
--------------------------------------------------------------------------------------------
时间： 
--------------------------------------------------------------------------------------------
时间： 
$$$$$$$$$$$$$$$$$$$$$$$$$$$$$$$$$$$$$$$$$$$$$$$$$$$$$$$$$$$
300675 建科院 涨幅9.91,市值19亿 
板块：次新股,雄安新区
主买：11225万
主卖：-7175万
净买入：4050万
类型：游资
符合条件1，单位时间新增买入 882万
--------------------------------------------------------------------------------------------
时间： 
--------------------------------------------------------------------------------------------
时间： 
--------------------------------------------------------------------------------------------
时间： 
--------------------------------------------------------------------------------------------
时间： 
--------------------------------------------------------------------------------------------
时间： 
--------------------------------------------------------------------------------------------
时间： 
--------------------------------------------------------------------------------------------
时间： 
--------------------------------------------------------------------------------------------
时间： 
--------------------------------------------------------------------------------------------
时间： 
--------------------------------------------------------------------------------------------
时间： 
--------------------------------------------------------------------------------------------
时间： 
--------------------------------------------------------------------------------------------
时间： 
--------------------------------------------------------------------------------------------
时间： 
--------------------------------------------------------------------------------------------
时间： 
--------------------------------------------------------------------------------------------
时间： 
--------------------------------------------------------------------------------------------
时间： 
--------------------------------------------------------------------------------------------
时间： 
$$$$$$$$$$$$$$$$$$$$$$$$$$$$$$$$$$$$$$$$$$$$$$$$$$$$$$$$$$$
002590 万安科技 涨幅3.40,市值35亿 
板块：无人驾驶
主买：3749万
主卖：-2251万
净买入：1498万
类型：游资
符合条件1，单位时间新增买入 1498万
--------------------------------------------------------------------------------------------
时间： 
--------------------------------------------------------------------------------------------
时间： 
--------------------------------------------------------------------------------------------
时间： 
$$$$$$$$$$$$$$$$$$$$$$$$$$$$$$$$$$$$$$$$$$$$$$$$$$$$$$$$$$$
002797 第一创业 涨幅4.26,市值201亿 
板块：证券
主买：31085万
主卖：-21993万
净买入：9092万
类型：游资
符合条件1，单位时间新增买入 1058万
--------------------------------------------------------------------------------------------
时间： 
--------------------------------------------------------------------------------------------
时间： 
--------------------------------------------------------------------------------------------
时间： 
$$$$$$$$$$$$$$$$$$$$$$$$$$$$$$$$$$$$$$$$$$$$$$$$$$$$$$$$$$$
000839 中信国安 涨幅7.51,市值296亿 
板块：360概念,商品涨价
主买：102600万
主卖：-38278万
净买入：64323万
类型：基金
符合条件1，单位时间新增买入 1018万
$$$$$$$$$$$$$$$$$$$$$$$$$$$$$$$$$$$$$$$$$$$$$$$$$$$$$$$$$$$
600048 保利地产 涨幅3.36,市值845亿 
板块：房地产,蓝筹股
主买：86118万
主卖：-67007万
净买入：19112万
类型：
符合条件1，单位时间新增买入 735万
--------------------------------------------------------------------------------------------
时间： 
$$$$$$$$$$$$$$$$$$$$$$$$$$$$$$$$$$$$$$$$$$$$$$$$$$$$$$$$$$$
002284 亚太股份 涨幅2.43,市值47亿 
板块：无人驾驶
主买：5619万
主卖：-1165万
净买入：4454万
类型：
符合条件1，单位时间新增买入 4454万
$$$$$$$$$$$$$$$$$$$$$$$$$$$$$$$$$$$$$$$$$$$$$$$$$$$$$$$$$$$
000683 远兴能源 涨幅1.16,市值63亿 
板块：商品涨价,庄股
主买：21131万
主卖：-21406万
净买入：-275万
类型：庄股
符合条件1，单位时间新增买入 790万
--------------------------------------------------------------------------------------------
时间： 
$$$$$$$$$$$$$$$$$$$$$$$$$$$$$$$$$$$$$$$$$$$$$$$$$$$$$$$$$$$
002847 盐津铺子 涨幅1.04,市值13亿 
板块：庄股
主买：15066万
主卖：-2354万
净买入：12712万
类型：浙江帮
符合条件1，单位时间新增买入 728万
$$$$$$$$$$$$$$$$$$$$$$$$$$$$$$$$$$$$$$$$$$$$$$$$$$$$$$$$$$$
600237 铜峰电子 涨幅4.87,市值32亿 
板块：超跌
主买：5678万
主卖：-1087万
净买入：4591万
类型：
符合条件1，单位时间新增买入 4591万
--------------------------------------------------------------------------------------------
时间： 
$$$$$$$$$$$$$$$$$$$$$$$$$$$$$$$$$$$$$$$$$$$$$$$$$$$$$$$$$$$
601886 江河集团 涨幅3.57,市值44亿 
板块：庄股
主买：7630万
主卖：-1186万
净买入：6444万
类型：
符合条件1，单位时间新增买入 6444万
$$$$$$$$$$$$$$$$$$$$$$$$$$$$$$$$$$$$$$$$$$$$$$$$$$$$$$$$$$$
600760 中航黑豹 涨幅8.97,市值99亿 
板块：军工
主买：11866万
主卖：-8485万
净买入：3381万
类型：游资
符合条件1，单位时间新增买入 712万
--------------------------------------------------------------------------------------------
时间： 
$$$$$$$$$$$$$$$$$$$$$$$$$$$$$$$$$$$$$$$$$$$$$$$$$$$$$$$$$$$
600760 中航黑豹 涨幅9.41,市值99亿 
板块：军工
主买：12822万
主卖：-8485万
净买入：4336万
类型：游资
符合条件1，单位时间新增买入 955万
