--------------------------------------------------------------------------------------------
时间： 
--------------------------------------------------------------------------------------------
时间： 
--------------------------------------------------------------------------------------------
时间： 
--------------------------------------------------------------------------------------------
时间： 
--------------------------------------------------------------------------------------------
时间： 
$$$$$$$$$$$$$$$$$$$$$$$$$$$$$$$$$$$$$$$$$$$$$$$$$$$$$$$$$$$
300585 奥联电子 涨幅2.51,市值11亿 
板块：新能源汽车,次新股,汽车零部件
主买：1717万
主卖：-556万
净买入：1160万
类型：
符合条件1，单位时间新增买入 1160万
--------------------------------------------------------------------------------------------
时间： 
$$$$$$$$$$$$$$$$$$$$$$$$$$$$$$$$$$$$$$$$$$$$$$$$$$$$$$$$$$$
603813 原尚股份 涨幅3.66,市值11亿 
板块：开板次新,物流
主买：12471万
主卖：-1855万
净买入：10616万
类型：
符合条件1，单位时间新增买入 10616万
--------------------------------------------------------------------------------------------
时间： 
--------------------------------------------------------------------------------------------
时间： 
$$$$$$$$$$$$$$$$$$$$$$$$$$$$$$$$$$$$$$$$$$$$$$$$$$$$$$$$$$$
603987 康德莱 涨幅5.07,市值14亿 
板块：医疗改革
主买：1241万
主卖：-235万
净买入：1006万
类型：
符合条件1，单位时间新增买入 1006万
$$$$$$$$$$$$$$$$$$$$$$$$$$$$$$$$$$$$$$$$$$$$$$$$$$$$$$$$$$$
000868 安凯客车 涨幅0.81,市值47亿 
板块：新能源汽车
主买：3827万
主卖：-1166万
净买入：2661万
类型：游资
符合条件1，单位时间新增买入 2661万
--------------------------------------------------------------------------------------------
时间： 
$$$$$$$$$$$$$$$$$$$$$$$$$$$$$$$$$$$$$$$$$$$$$$$$$$$$$$$$$$$
300649 杭州园林 涨幅2.83,市值18亿 
板块：高送转,雄安新区
主买：2334万
主卖：-319万
净买入：2015万
类型：游资
符合条件1，单位时间新增买入 2015万
--------------------------------------------------------------------------------------------
时间： 
$$$$$$$$$$$$$$$$$$$$$$$$$$$$$$$$$$$$$$$$$$$$$$$$$$$$$$$$$$$
603987 康德莱 涨幅10.02,市值15亿 
板块：医疗改革
主买：3660万
主卖：-592万
净买入：3069万
类型：
符合条件1，单位时间新增买入 1687万
--------------------------------------------------------------------------------------------
时间： 
$$$$$$$$$$$$$$$$$$$$$$$$$$$$$$$$$$$$$$$$$$$$$$$$$$$$$$$$$$$
603987 康德莱 涨幅10.02,市值15亿 
板块：医疗改革
主买：4969万
主卖：-1158万
净买入：3812万
类型：
符合条件1，单位时间新增买入 743万
--------------------------------------------------------------------------------------------
时间： 
$$$$$$$$$$$$$$$$$$$$$$$$$$$$$$$$$$$$$$$$$$$$$$$$$$$$$$$$$$$
603987 康德莱 涨幅10.02,市值15亿 
板块：医疗改革
主买：5709万
主卖：-1158万
净买入：4551万
类型：
符合条件1，单位时间新增买入 739万
$$$$$$$$$$$$$$$$$$$$$$$$$$$$$$$$$$$$$$$$$$$$$$$$$$$$$$$$$$$
300505 川金诺 涨幅2.84,市值19亿 
板块：高送转预期
主买：1686万
主卖：0万
净买入：1686万
类型：游资
符合条件1，单位时间新增买入 1686万
--------------------------------------------------------------------------------------------
时间： 
--------------------------------------------------------------------------------------------
时间： 
$$$$$$$$$$$$$$$$$$$$$$$$$$$$$$$$$$$$$$$$$$$$$$$$$$$$$$$$$$$
603963 大理药业 涨幅9.99,市值11亿 
板块：开板次新
主买：15520万
主卖：-2644万
净买入：12876万
类型：
符合条件1，单位时间新增买入 12876万
--------------------------------------------------------------------------------------------
时间： 
$$$$$$$$$$$$$$$$$$$$$$$$$$$$$$$$$$$$$$$$$$$$$$$$$$$$$$$$$$$
000301 东方市场 涨幅7.28,市值55亿 
板块：复牌
主买：30864万
主卖：-14689万
净买入：16174万
类型：
符合条件1，单位时间新增买入 16174万
$$$$$$$$$$$$$$$$$$$$$$$$$$$$$$$$$$$$$$$$$$$$$$$$$$$$$$$$$$$
300340 科恒股份 涨幅1.76,市值62亿 
板块：锂电池
主买：7056万
主卖：-4721万
净买入：2336万
类型：
符合条件1，单位时间新增买入 2336万
$$$$$$$$$$$$$$$$$$$$$$$$$$$$$$$$$$$$$$$$$$$$$$$$$$$$$$$$$$$
603136 天目湖 涨幅9.47,市值10亿 
板块：开板次新
主买：7593万
主卖：-521万
净买入：7072万
类型：
符合条件1，单位时间新增买入 7072万
$$$$$$$$$$$$$$$$$$$$$$$$$$$$$$$$$$$$$$$$$$$$$$$$$$$$$$$$$$$
300675 建科院 涨幅7.13,市值18亿 
板块：次新股,雄安新区
主买：1651万
主卖：0万
净买入：1651万
类型：游资
符合条件1，单位时间新增买入 1151万
--------------------------------------------------------------------------------------------
时间： 
--------------------------------------------------------------------------------------------
时间： 
$$$$$$$$$$$$$$$$$$$$$$$$$$$$$$$$$$$$$$$$$$$$$$$$$$$$$$$$$$$
002115 三维通信 涨幅5.75,市值35亿 
板块：5G
主买：1799万
主卖：-396万
净买入：1404万
类型：
符合条件1，单位时间新增买入 1404万
--------------------------------------------------------------------------------------------
时间： 
$$$$$$$$$$$$$$$$$$$$$$$$$$$$$$$$$$$$$$$$$$$$$$$$$$$$$$$$$$$
300302 同有科技 涨幅8.27,市值32亿 
板块：大数据,云计算
主买：2100万
主卖：0万
净买入：2100万
类型：
符合条件1，单位时间新增买入 2100万
--------------------------------------------------------------------------------------------
时间： 
$$$$$$$$$$$$$$$$$$$$$$$$$$$$$$$$$$$$$$$$$$$$$$$$$$$$$$$$$$$
600231 凌钢股份 涨幅3.87,市值47亿 
板块：钢铁
主买：4137万
主卖：-300万
净买入：3837万
类型：基金
符合条件1，单位时间新增买入 3837万
--------------------------------------------------------------------------------------------
时间： 
$$$$$$$$$$$$$$$$$$$$$$$$$$$$$$$$$$$$$$$$$$$$$$$$$$$$$$$$$$$
603963 大理药业 涨幅9.99,市值11亿 
板块：开板次新
主买：20203万
主卖：-2644万
净买入：17560万
类型：
符合条件1，单位时间新增买入 2443万
$$$$$$$$$$$$$$$$$$$$$$$$$$$$$$$$$$$$$$$$$$$$$$$$$$$$$$$$$$$
600231 凌钢股份 涨幅3.87,市值47亿 
板块：钢铁
主买：6737万
主卖：-1061万
净买入：5676万
类型：基金
符合条件1，单位时间新增买入 1839万
--------------------------------------------------------------------------------------------
时间： 
$$$$$$$$$$$$$$$$$$$$$$$$$$$$$$$$$$$$$$$$$$$$$$$$$$$$$$$$$$$
603963 大理药业 涨幅9.99,市值11亿 
板块：开板次新
主买：21197万
主卖：-2644万
净买入：18554万
类型：
符合条件1，单位时间新增买入 994万
$$$$$$$$$$$$$$$$$$$$$$$$$$$$$$$$$$$$$$$$$$$$$$$$$$$$$$$$$$$
600231 凌钢股份 涨幅4.35,市值48亿 
板块：钢铁
主买：7941万
主卖：-1061万
净买入：6880万
类型：基金
符合条件1，单位时间新增买入 1204万
$$$$$$$$$$$$$$$$$$$$$$$$$$$$$$$$$$$$$$$$$$$$$$$$$$$$$$$$$$$
002115 三维通信 涨幅7.61,市值36亿 
板块：5G
主买：6513万
主卖：-2332万
净买入：4181万
类型：
符合条件1，单位时间新增买入 1661万
$$$$$$$$$$$$$$$$$$$$$$$$$$$$$$$$$$$$$$$$$$$$$$$$$$$$$$$$$$$
600516 方大炭素 涨幅-0.28,市值279亿 
板块：石墨电极
主买：13147万
主卖：-10860万
净买入：2287万
类型：游资
符合条件1，单位时间新增买入 2287万
--------------------------------------------------------------------------------------------
时间： 
$$$$$$$$$$$$$$$$$$$$$$$$$$$$$$$$$$$$$$$$$$$$$$$$$$$$$$$$$$$
603963 大理药业 涨幅9.99,市值11亿 
板块：开板次新
主买：22333万
主卖：-2644万
净买入：19690万
类型：
符合条件1，单位时间新增买入 1136万
--------------------------------------------------------------------------------------------
时间： 
$$$$$$$$$$$$$$$$$$$$$$$$$$$$$$$$$$$$$$$$$$$$$$$$$$$$$$$$$$$
600516 方大炭素 涨幅0.95,市值283亿 
板块：石墨电极
主买：14767万
主卖：-11339万
净买入：3428万
类型：游资
符合条件1，单位时间新增买入 781万
$$$$$$$$$$$$$$$$$$$$$$$$$$$$$$$$$$$$$$$$$$$$$$$$$$$$$$$$$$$
002104 恒宝股份 涨幅5.99,市值64亿 
板块：超跌,区块链
主买：3044万
主卖：0万
净买入：3044万
类型：游资
符合条件1，单位时间新增买入 3044万
--------------------------------------------------------------------------------------------
时间： 
$$$$$$$$$$$$$$$$$$$$$$$$$$$$$$$$$$$$$$$$$$$$$$$$$$$$$$$$$$$
002467 二六三 涨幅1.35,市值75亿 
板块：5G,云通信
主买：6094万
主卖：-4918万
净买入：1177万
类型：游资
符合条件1，单位时间新增买入 700万
--------------------------------------------------------------------------------------------
时间： 
--------------------------------------------------------------------------------------------
时间： 
$$$$$$$$$$$$$$$$$$$$$$$$$$$$$$$$$$$$$$$$$$$$$$$$$$$$$$$$$$$
603066 音飞储存 涨幅4.46,市值23亿 
板块：物流
主买：19246万
主卖：-11153万
净买入：8094万
类型：游资
符合条件1，单位时间新增买入 8094万
--------------------------------------------------------------------------------------------
时间： 
--------------------------------------------------------------------------------------------
时间： 
--------------------------------------------------------------------------------------------
时间： 
--------------------------------------------------------------------------------------------
时间： 
$$$$$$$$$$$$$$$$$$$$$$$$$$$$$$$$$$$$$$$$$$$$$$$$$$$$$$$$$$$
603136 天目湖 涨幅9.99,市值10亿 
板块：开板次新
主买：15426万
主卖：-521万
净买入：14905万
类型：
符合条件1，单位时间新增买入 4829万
--------------------------------------------------------------------------------------------
时间： 
--------------------------------------------------------------------------------------------
时间： 
$$$$$$$$$$$$$$$$$$$$$$$$$$$$$$$$$$$$$$$$$$$$$$$$$$$$$$$$$$$
603388 元成股份 涨幅5.91,市值13亿 
板块：高送转
主买：3314万
主卖：-348万
净买入：2966万
类型：游资
符合条件1，单位时间新增买入 2966万
$$$$$$$$$$$$$$$$$$$$$$$$$$$$$$$$$$$$$$$$$$$$$$$$$$$$$$$$$$$
002856 美芝股份 涨幅5.55,市值10亿 
板块：
主买：2711万
主卖：-56万
净买入：2655万
类型：
符合条件1，单位时间新增买入 2655万
--------------------------------------------------------------------------------------------
时间： 
$$$$$$$$$$$$$$$$$$$$$$$$$$$$$$$$$$$$$$$$$$$$$$$$$$$$$$$$$$$
000651 格力电器 涨幅0.50,市值1620亿 
板块：白色家电,白马股,蓝筹股
主买：26869万
主卖：-31912万
净买入：-5043万
类型：基金
符合条件1，单位时间新增买入 744万
--------------------------------------------------------------------------------------------
时间： 
--------------------------------------------------------------------------------------------
时间： 
--------------------------------------------------------------------------------------------
时间： 
--------------------------------------------------------------------------------------------
时间： 
--------------------------------------------------------------------------------------------
时间： 
$$$$$$$$$$$$$$$$$$$$$$$$$$$$$$$$$$$$$$$$$$$$$$$$$$$$$$$$$$$
000786 北新建材 涨幅5.52,市值152亿 
板块：雄安新区
主买：4254万
主卖：-4092万
净买入：162万
类型：基金
符合条件1，单位时间新增买入 1463万
--------------------------------------------------------------------------------------------
时间： 
$$$$$$$$$$$$$$$$$$$$$$$$$$$$$$$$$$$$$$$$$$$$$$$$$$$$$$$$$$$
002104 恒宝股份 涨幅7.76,市值65亿 
板块：超跌,区块链
主买：4644万
主卖：-77万
净买入：4568万
类型：游资
符合条件1，单位时间新增买入 966万
--------------------------------------------------------------------------------------------
时间： 
--------------------------------------------------------------------------------------------
时间： 
$$$$$$$$$$$$$$$$$$$$$$$$$$$$$$$$$$$$$$$$$$$$$$$$$$$$$$$$$$$
002104 恒宝股份 涨幅9.45,市值66亿 
板块：超跌,区块链
主买：10199万
主卖：-2015万
净买入：8184万
类型：游资
符合条件1，单位时间新增买入 3649万
--------------------------------------------------------------------------------------------
时间： 
$$$$$$$$$$$$$$$$$$$$$$$$$$$$$$$$$$$$$$$$$$$$$$$$$$$$$$$$$$$
000651 格力电器 涨幅0.70,市值1624亿 
板块：白色家电,白马股,蓝筹股
主买：28205万
主卖：-32260万
净买入：-4055万
类型：基金
符合条件1，单位时间新增买入 991万
--------------------------------------------------------------------------------------------
时间： 
$$$$$$$$$$$$$$$$$$$$$$$$$$$$$$$$$$$$$$$$$$$$$$$$$$$$$$$$$$$
002104 恒宝股份 涨幅10.01,市值67亿 
板块：超跌,区块链
主买：12928万
主卖：-2250万
净买入：10678万
类型：游资
符合条件1，单位时间新增买入 2427万
$$$$$$$$$$$$$$$$$$$$$$$$$$$$$$$$$$$$$$$$$$$$$$$$$$$$$$$$$$$
600516 方大炭素 涨幅0.81,市值282亿 
板块：石墨电极
主买：19613万
主卖：-13735万
净买入：5878万
类型：游资
符合条件1，单位时间新增买入 735万
--------------------------------------------------------------------------------------------
时间： 
$$$$$$$$$$$$$$$$$$$$$$$$$$$$$$$$$$$$$$$$$$$$$$$$$$$$$$$$$$$
002104 恒宝股份 涨幅10.01,市值67亿 
板块：超跌,区块链
主买：13826万
主卖：-2401万
净买入：11425万
类型：游资
符合条件1，单位时间新增买入 747万
--------------------------------------------------------------------------------------------
时间： 
$$$$$$$$$$$$$$$$$$$$$$$$$$$$$$$$$$$$$$$$$$$$$$$$$$$$$$$$$$$
002104 恒宝股份 涨幅10.01,市值67亿 
板块：超跌,区块链
主买：14900万
主卖：-2518万
净买入：12381万
类型：游资
符合条件1，单位时间新增买入 956万
--------------------------------------------------------------------------------------------
时间： 
$$$$$$$$$$$$$$$$$$$$$$$$$$$$$$$$$$$$$$$$$$$$$$$$$$$$$$$$$$$
601318 中国平安 涨幅1.34,市值5752亿 
板块：蓝筹股,保险
主买：48972万
主卖：-27763万
净买入：21209万
类型：基金
符合条件1，单位时间新增买入 21209万
--------------------------------------------------------------------------------------------
时间： 
$$$$$$$$$$$$$$$$$$$$$$$$$$$$$$$$$$$$$$$$$$$$$$$$$$$$$$$$$$$
601318 中国平安 涨幅1.45,市值5758亿 
板块：蓝筹股,保险
主买：50773万
主卖：-28151万
净买入：22621万
类型：基金
符合条件1，单位时间新增买入 1412万
--------------------------------------------------------------------------------------------
时间： 
--------------------------------------------------------------------------------------------
时间： 
--------------------------------------------------------------------------------------------
时间： 
$$$$$$$$$$$$$$$$$$$$$$$$$$$$$$$$$$$$$$$$$$$$$$$$$$$$$$$$$$$
601318 中国平安 涨幅1.37,市值5754亿 
板块：蓝筹股,保险
主买：52505万
主卖：-28291万
净买入：24214万
类型：基金
符合条件1，单位时间新增买入 771万
$$$$$$$$$$$$$$$$$$$$$$$$$$$$$$$$$$$$$$$$$$$$$$$$$$$$$$$$$$$
000651 格力电器 涨幅1.00,市值1629亿 
板块：白色家电,白马股,蓝筹股
主买：31504万
主卖：-33288万
净买入：-1784万
类型：基金
符合条件1，单位时间新增买入 2708万
$$$$$$$$$$$$$$$$$$$$$$$$$$$$$$$$$$$$$$$$$$$$$$$$$$$$$$$$$$$
000725 京东方Ａ 涨幅0.85,市值1159亿 
板块：OLED
主买：26833万
主卖：-33605万
净买入：-6773万
类型：基金
符合条件1，单位时间新增买入 2975万
--------------------------------------------------------------------------------------------
时间： 
$$$$$$$$$$$$$$$$$$$$$$$$$$$$$$$$$$$$$$$$$$$$$$$$$$$$$$$$$$$
603813 原尚股份 涨幅9.99,市值11亿 
板块：开板次新,物流
主买：15840万
主卖：-3148万
净买入：12692万
类型：
符合条件1，单位时间新增买入 2122万
--------------------------------------------------------------------------------------------
时间： 
--------------------------------------------------------------------------------------------
时间： 
$$$$$$$$$$$$$$$$$$$$$$$$$$$$$$$$$$$$$$$$$$$$$$$$$$$$$$$$$$$
601318 中国平安 涨幅1.50,市值5761亿 
板块：蓝筹股,保险
主买：54949万
主卖：-29534万
净买入：25415万
类型：基金
符合条件1，单位时间新增买入 1035万
$$$$$$$$$$$$$$$$$$$$$$$$$$$$$$$$$$$$$$$$$$$$$$$$$$$$$$$$$$$
000651 格力电器 涨幅1.05,市值1629亿 
板块：白色家电,白马股,蓝筹股
主买：34503万
主卖：-34262万
净买入：241万
类型：基金
符合条件1，单位时间新增买入 1071万
--------------------------------------------------------------------------------------------
时间： 
$$$$$$$$$$$$$$$$$$$$$$$$$$$$$$$$$$$$$$$$$$$$$$$$$$$$$$$$$$$
000651 格力电器 涨幅1.25,市值1633亿 
板块：白色家电,白马股,蓝筹股
主买：36065万
主卖：-35077万
净买入：988万
类型：基金
符合条件1，单位时间新增买入 746万
--------------------------------------------------------------------------------------------
时间： 
$$$$$$$$$$$$$$$$$$$$$$$$$$$$$$$$$$$$$$$$$$$$$$$$$$$$$$$$$$$
300675 建科院 涨幅7.80,市值18亿 
板块：次新股,雄安新区
主买：3850万
主卖：-1078万
净买入：2772万
类型：游资
符合条件1，单位时间新增买入 1067万
--------------------------------------------------------------------------------------------
时间： 
$$$$$$$$$$$$$$$$$$$$$$$$$$$$$$$$$$$$$$$$$$$$$$$$$$$$$$$$$$$
000725 京东方Ａ 涨幅1.48,市值1167亿 
板块：OLED
主买：32911万
主卖：-40219万
净买入：-7308万
类型：基金
符合条件1，单位时间新增买入 1535万
--------------------------------------------------------------------------------------------
时间： 
$$$$$$$$$$$$$$$$$$$$$$$$$$$$$$$$$$$$$$$$$$$$$$$$$$$$$$$$$$$
000725 京东方Ａ 涨幅1.69,市值1169亿 
板块：OLED
主买：37456万
主卖：-41916万
净买入：-4459万
类型：基金
符合条件1，单位时间新增买入 2848万
--------------------------------------------------------------------------------------------
时间： 
--------------------------------------------------------------------------------------------
时间： 
--------------------------------------------------------------------------------------------
时间： 
--------------------------------------------------------------------------------------------
时间： 
$$$$$$$$$$$$$$$$$$$$$$$$$$$$$$$$$$$$$$$$$$$$$$$$$$$$$$$$$$$
002856 美芝股份 涨幅8.44,市值10亿 
板块：次新股
主买：3607万
主卖：-165万
净买入：3443万
类型：
符合条件1，单位时间新增买入 733万
$$$$$$$$$$$$$$$$$$$$$$$$$$$$$$$$$$$$$$$$$$$$$$$$$$$$$$$$$$$
000651 格力电器 涨幅1.38,市值1635亿 
板块：白色家电,白马股,蓝筹股
主买：40862万
主卖：-38680万
净买入：2181万
类型：基金
符合条件1，单位时间新增买入 1452万
--------------------------------------------------------------------------------------------
时间： 
$$$$$$$$$$$$$$$$$$$$$$$$$$$$$$$$$$$$$$$$$$$$$$$$$$$$$$$$$$$
002104 恒宝股份 涨幅10.01,市值67亿 
板块：超跌,区块链
主买：21391万
主卖：-5459万
净买入：15932万
类型：游资
符合条件1，单位时间新增买入 986万
$$$$$$$$$$$$$$$$$$$$$$$$$$$$$$$$$$$$$$$$$$$$$$$$$$$$$$$$$$$
000651 格力电器 涨幅1.58,市值1638亿 
板块：白色家电,白马股,蓝筹股
主买：44786万
主卖：-39744万
净买入：5042万
类型：基金
符合条件1，单位时间新增买入 2861万
--------------------------------------------------------------------------------------------
时间： 
$$$$$$$$$$$$$$$$$$$$$$$$$$$$$$$$$$$$$$$$$$$$$$$$$$$$$$$$$$$
000725 京东方Ａ 涨幅1.90,市值1172亿 
板块：OLED
主买：42400万
主卖：-45797万
净买入：-3396万
类型：基金
符合条件1，单位时间新增买入 857万
--------------------------------------------------------------------------------------------
时间： 
$$$$$$$$$$$$$$$$$$$$$$$$$$$$$$$$$$$$$$$$$$$$$$$$$$$$$$$$$$$
000725 京东方Ａ 涨幅1.69,市值1169亿 
板块：OLED
主买：46643万
主卖：-47081万
净买入：-438万
类型：基金
符合条件1，单位时间新增买入 2958万
$$$$$$$$$$$$$$$$$$$$$$$$$$$$$$$$$$$$$$$$$$$$$$$$$$$$$$$$$$$
603106 恒银金融 涨幅3.70,市值26亿 
板块：开板次新
主买：5077万
主卖：-15945万
净买入：-10868万
类型：
符合条件1，单位时间新增买入 911万
--------------------------------------------------------------------------------------------
时间： 
--------------------------------------------------------------------------------------------
时间： 
$$$$$$$$$$$$$$$$$$$$$$$$$$$$$$$$$$$$$$$$$$$$$$$$$$$$$$$$$$$
002856 美芝股份 涨幅10.01,市值10亿 
板块：次新股
主买：4888万
主卖：-165万
净买入：4724万
类型：
符合条件1，单位时间新增买入 856万
--------------------------------------------------------------------------------------------
时间： 
$$$$$$$$$$$$$$$$$$$$$$$$$$$$$$$$$$$$$$$$$$$$$$$$$$$$$$$$$$$
000725 京东方Ａ 涨幅2.11,市值1174亿 
板块：OLED
主买：50613万
主卖：-49851万
净买入：762万
类型：基金
符合条件1，单位时间新增买入 1687万
--------------------------------------------------------------------------------------------
时间： 
$$$$$$$$$$$$$$$$$$$$$$$$$$$$$$$$$$$$$$$$$$$$$$$$$$$$$$$$$$$
601318 中国平安 涨幅1.48,市值5760亿 
板块：蓝筹股,保险
主买：62216万
主卖：-34351万
净买入：27865万
类型：基金
符合条件1，单位时间新增买入 1653万
--------------------------------------------------------------------------------------------
时间： 
$$$$$$$$$$$$$$$$$$$$$$$$$$$$$$$$$$$$$$$$$$$$$$$$$$$$$$$$$$$
601318 中国平安 涨幅1.52,市值5762亿 
板块：蓝筹股,保险
主买：64051万
主卖：-35446万
净买入：28605万
类型：基金
符合条件1，单位时间新增买入 740万
$$$$$$$$$$$$$$$$$$$$$$$$$$$$$$$$$$$$$$$$$$$$$$$$$$$$$$$$$$$
000725 京东方Ａ 涨幅2.54,市值1179亿 
板块：OLED
主买：54422万
主卖：-50784万
净买入：3639万
类型：基金
符合条件1，单位时间新增买入 2629万
--------------------------------------------------------------------------------------------
时间： 
--------------------------------------------------------------------------------------------
时间： 
$$$$$$$$$$$$$$$$$$$$$$$$$$$$$$$$$$$$$$$$$$$$$$$$$$$$$$$$$$$
000725 京东方Ａ 涨幅3.59,市值1191亿 
板块：OLED
主买：63340万
主卖：-55048万
净买入：8293万
类型：基金
符合条件1，单位时间新增买入 5522万
--------------------------------------------------------------------------------------------
时间： 
--------------------------------------------------------------------------------------------
时间： 
--------------------------------------------------------------------------------------------
时间： 
--------------------------------------------------------------------------------------------
时间： 
--------------------------------------------------------------------------------------------
时间： 
--------------------------------------------------------------------------------------------
时间： 
--------------------------------------------------------------------------------------------
时间： 
$$$$$$$$$$$$$$$$$$$$$$$$$$$$$$$$$$$$$$$$$$$$$$$$$$$$$$$$$$$
000768 中航飞机 涨幅6.47,市值264亿 
板块：
主买：19376万
主卖：-2306万
净买入：17070万
类型：
符合条件1，单位时间新增买入 17070万
--------------------------------------------------------------------------------------------
时间： 
--------------------------------------------------------------------------------------------
时间： 
$$$$$$$$$$$$$$$$$$$$$$$$$$$$$$$$$$$$$$$$$$$$$$$$$$$$$$$$$$$
000768 中航飞机 涨幅6.84,市值265亿 
板块：军工
主买：20970万
主卖：-2882万
净买入：18088万
类型：
符合条件1，单位时间新增买入 775万
--------------------------------------------------------------------------------------------
时间： 
$$$$$$$$$$$$$$$$$$$$$$$$$$$$$$$$$$$$$$$$$$$$$$$$$$$$$$$$$$$
000768 中航飞机 涨幅6.42,市值264亿 
板块：军工
主买：22423万
主卖：-3085万
净买入：19338万
类型：
符合条件1，单位时间新增买入 1250万
--------------------------------------------------------------------------------------------
时间： 
$$$$$$$$$$$$$$$$$$$$$$$$$$$$$$$$$$$$$$$$$$$$$$$$$$$$$$$$$$$
600879 航天电子 涨幅3.50,市值146亿 
板块：军工
主买：7325万
主卖：-922万
净买入：6404万
类型：游资
符合条件1，单位时间新增买入 6404万
--------------------------------------------------------------------------------------------
时间： 
$$$$$$$$$$$$$$$$$$$$$$$$$$$$$$$$$$$$$$$$$$$$$$$$$$$$$$$$$$$
600516 方大炭素 涨幅-1.27,市值277亿 
板块：石墨电极
主买：23967万
主卖：-21586万
净买入：2381万
类型：游资
符合条件1，单位时间新增买入 1382万
--------------------------------------------------------------------------------------------
时间： 
$$$$$$$$$$$$$$$$$$$$$$$$$$$$$$$$$$$$$$$$$$$$$$$$$$$$$$$$$$$
600879 航天电子 涨幅3.73,市值146亿 
板块：军工
主买：8307万
主卖：-922万
净买入：7386万
类型：游资
符合条件1，单位时间新增买入 837万
--------------------------------------------------------------------------------------------
时间： 
$$$$$$$$$$$$$$$$$$$$$$$$$$$$$$$$$$$$$$$$$$$$$$$$$$$$$$$$$$$
600879 航天电子 涨幅4.41,市值147亿 
板块：军工
主买：10099万
主卖：-1105万
净买入：8994万
类型：游资
符合条件1，单位时间新增买入 1608万
$$$$$$$$$$$$$$$$$$$$$$$$$$$$$$$$$$$$$$$$$$$$$$$$$$$$$$$$$$$
600516 方大炭素 涨幅-1.02,市值277亿 
板块：石墨电极
主买：25943万
主卖：-22159万
净买入：3784万
类型：游资
符合条件1，单位时间新增买入 1164万
--------------------------------------------------------------------------------------------
时间： 
$$$$$$$$$$$$$$$$$$$$$$$$$$$$$$$$$$$$$$$$$$$$$$$$$$$$$$$$$$$
000651 格力电器 涨幅1.43,市值1635亿 
板块：白色家电,白马股,蓝筹股
主买：50633万
主卖：-49866万
净买入：767万
类型：基金
符合条件1，单位时间新增买入 935万
--------------------------------------------------------------------------------------------
时间： 
--------------------------------------------------------------------------------------------
时间： 
--------------------------------------------------------------------------------------------
时间： 
--------------------------------------------------------------------------------------------
时间： 
--------------------------------------------------------------------------------------------
时间： 
$$$$$$$$$$$$$$$$$$$$$$$$$$$$$$$$$$$$$$$$$$$$$$$$$$$$$$$$$$$
601318 中国平安 涨幅1.28,市值5749亿 
板块：蓝筹股,保险
主买：72998万
主卖：-41984万
净买入：31014万
类型：基金
符合条件1，单位时间新增买入 763万
$$$$$$$$$$$$$$$$$$$$$$$$$$$$$$$$$$$$$$$$$$$$$$$$$$$$$$$$$$$
300570 太辰光 涨幅9.24,市值16亿 
板块：次新股,5G
主买：3679万
主卖：-1458万
净买入：2221万
类型：
符合条件1，单位时间新增买入 1012万
--------------------------------------------------------------------------------------------
时间： 
$$$$$$$$$$$$$$$$$$$$$$$$$$$$$$$$$$$$$$$$$$$$$$$$$$$$$$$$$$$
000725 京东方Ａ 涨幅3.17,市值1186亿 
板块：OLED
主买：72716万
主卖：-69072万
净买入：3644万
类型：基金
符合条件1，单位时间新增买入 703万
--------------------------------------------------------------------------------------------
时间： 
--------------------------------------------------------------------------------------------
时间： 
$$$$$$$$$$$$$$$$$$$$$$$$$$$$$$$$$$$$$$$$$$$$$$$$$$$$$$$$$$$
000725 京东方Ａ 涨幅3.17,市值1186亿 
板块：OLED
主买：73710万
主卖：-69227万
净买入：4483万
类型：基金
符合条件1，单位时间新增买入 781万
--------------------------------------------------------------------------------------------
时间： 
--------------------------------------------------------------------------------------------
时间： 
--------------------------------------------------------------------------------------------
时间： 
$$$$$$$$$$$$$$$$$$$$$$$$$$$$$$$$$$$$$$$$$$$$$$$$$$$$$$$$$$$
002856 美芝股份 涨幅9.90,市值10亿 
板块：次新股
主买：9705万
主卖：-2425万
净买入：7280万
类型：庄股
符合条件1，单位时间新增买入 776万
--------------------------------------------------------------------------------------------
时间： 
--------------------------------------------------------------------------------------------
时间： 
--------------------------------------------------------------------------------------------
时间： 
$$$$$$$$$$$$$$$$$$$$$$$$$$$$$$$$$$$$$$$$$$$$$$$$$$$$$$$$$$$
600516 方大炭素 涨幅-3.42,市值271亿 
板块：石墨电极
主买：36266万
主卖：-38203万
净买入：-1937万
类型：游资
符合条件1，单位时间新增买入 944万
--------------------------------------------------------------------------------------------
时间： 
$$$$$$$$$$$$$$$$$$$$$$$$$$$$$$$$$$$$$$$$$$$$$$$$$$$$$$$$$$$
600516 方大炭素 涨幅-2.96,市值272亿 
板块：石墨电极
主买：39236万
主卖：-40039万
净买入：-803万
类型：游资
符合条件1，单位时间新增买入 1134万
--------------------------------------------------------------------------------------------
时间： 
--------------------------------------------------------------------------------------------
时间： 
$$$$$$$$$$$$$$$$$$$$$$$$$$$$$$$$$$$$$$$$$$$$$$$$$$$$$$$$$$$
601318 中国平安 涨幅1.59,市值5766亿 
板块：蓝筹股,保险
主买：79388万
主卖：-44538万
净买入：34850万
类型：基金
符合条件1，单位时间新增买入 2840万
--------------------------------------------------------------------------------------------
时间： 
$$$$$$$$$$$$$$$$$$$$$$$$$$$$$$$$$$$$$$$$$$$$$$$$$$$$$$$$$$$
601318 中国平安 涨幅1.75,市值5775亿 
板块：蓝筹股,保险
主买：82185万
主卖：-45349万
净买入：36836万
类型：基金
符合条件1，单位时间新增买入 1986万
--------------------------------------------------------------------------------------------
时间： 
--------------------------------------------------------------------------------------------
时间： 
--------------------------------------------------------------------------------------------
时间： 
$$$$$$$$$$$$$$$$$$$$$$$$$$$$$$$$$$$$$$$$$$$$$$$$$$$$$$$$$$$
603106 恒银金融 涨幅4.83,市值26亿 
板块：开板次新
主买：7108万
主卖：-17423万
净买入：-10314万
类型：
符合条件1，单位时间新增买入 956万
--------------------------------------------------------------------------------------------
时间： 
$$$$$$$$$$$$$$$$$$$$$$$$$$$$$$$$$$$$$$$$$$$$$$$$$$$$$$$$$$$
300263 隆华节能 涨幅2.98,市值34亿 
板块：庄股
主买：4506万
主卖：-2838万
净买入：1668万
类型：浙江帮
符合条件1，单位时间新增买入 1668万
$$$$$$$$$$$$$$$$$$$$$$$$$$$$$$$$$$$$$$$$$$$$$$$$$$$$$$$$$$$
600516 方大炭素 涨幅-4.23,市值268亿 
板块：石墨电极
主买：45208万
主卖：-48058万
净买入：-2850万
类型：游资
符合条件1，单位时间新增买入 837万
--------------------------------------------------------------------------------------------
时间： 
$$$$$$$$$$$$$$$$$$$$$$$$$$$$$$$$$$$$$$$$$$$$$$$$$$$$$$$$$$$
600516 方大炭素 涨幅-4.09,市值269亿 
板块：石墨电极
主买：45495万
主卖：-47002万
净买入：-1507万
类型：游资
符合条件1，单位时间新增买入 1344万
--------------------------------------------------------------------------------------------
时间： 
$$$$$$$$$$$$$$$$$$$$$$$$$$$$$$$$$$$$$$$$$$$$$$$$$$$$$$$$$$$
601318 中国平安 涨幅1.84,市值5780亿 
板块：蓝筹股,保险
主买：87968万
主卖：-48776万
净买入：39192万
类型：基金
符合条件1，单位时间新增买入 1626万
--------------------------------------------------------------------------------------------
时间： 
--------------------------------------------------------------------------------------------
时间： 
--------------------------------------------------------------------------------------------
时间： 
$$$$$$$$$$$$$$$$$$$$$$$$$$$$$$$$$$$$$$$$$$$$$$$$$$$$$$$$$$$
600516 方大炭素 涨幅-5.05,市值266亿 
板块：石墨电极
主买：52047万
主卖：-51406万
净买入：641万
类型：游资
符合条件1，单位时间新增买入 3347万
--------------------------------------------------------------------------------------------
时间： 
$$$$$$$$$$$$$$$$$$$$$$$$$$$$$$$$$$$$$$$$$$$$$$$$$$$$$$$$$$$
601318 中国平安 涨幅2.01,市值5790亿 
板块：蓝筹股,保险
主买：92688万
主卖：-50822万
净买入：41866万
类型：基金
符合条件1，单位时间新增买入 1694万
$$$$$$$$$$$$$$$$$$$$$$$$$$$$$$$$$$$$$$$$$$$$$$$$$$$$$$$$$$$
600516 方大炭素 涨幅-4.48,市值268亿 
板块：石墨电极
主买：55857万
主卖：-52361万
净买入：3495万
类型：游资
符合条件1，单位时间新增买入 2855万
--------------------------------------------------------------------------------------------
时间： 
$$$$$$$$$$$$$$$$$$$$$$$$$$$$$$$$$$$$$$$$$$$$$$$$$$$$$$$$$$$
300066 三川智慧 涨幅6.97,市值34亿 
板块：
主买：3620万
主卖：-584万
净买入：3037万
类型：
符合条件1，单位时间新增买入 3037万
--------------------------------------------------------------------------------------------
时间： 
$$$$$$$$$$$$$$$$$$$$$$$$$$$$$$$$$$$$$$$$$$$$$$$$$$$$$$$$$$$
000725 京东方Ａ 涨幅2.96,市值1184亿 
板块：OLED
主买：79687万
主卖：-71196万
净买入：8491万
类型：基金
符合条件1，单位时间新增买入 916万
$$$$$$$$$$$$$$$$$$$$$$$$$$$$$$$$$$$$$$$$$$$$$$$$$$$$$$$$$$$
600516 方大炭素 涨幅-4.16,市值268亿 
板块：石墨电极
主买：57290万
主卖：-53012万
净买入：4278万
类型：游资
符合条件1，单位时间新增买入 763万
$$$$$$$$$$$$$$$$$$$$$$$$$$$$$$$$$$$$$$$$$$$$$$$$$$$$$$$$$$$
300066 三川智慧 涨幅9.86,市值35亿 
板块：
主买：4711万
主卖：-584万
净买入：4127万
类型：
符合条件1，单位时间新增买入 1090万
--------------------------------------------------------------------------------------------
时间： 
$$$$$$$$$$$$$$$$$$$$$$$$$$$$$$$$$$$$$$$$$$$$$$$$$$$$$$$$$$$
601318 中国平安 涨幅1.97,市值5788亿 
板块：蓝筹股,保险
主买：100198万
主卖：-56470万
净买入：43728万
类型：基金
符合条件1，单位时间新增买入 855万
$$$$$$$$$$$$$$$$$$$$$$$$$$$$$$$$$$$$$$$$$$$$$$$$$$$$$$$$$$$
600516 方大炭素 涨幅-3.81,市值269亿 
板块：石墨电极
主买：58674万
主卖：-53197万
净买入：5477万
类型：游资
符合条件1，单位时间新增买入 1199万
$$$$$$$$$$$$$$$$$$$$$$$$$$$$$$$$$$$$$$$$$$$$$$$$$$$$$$$$$$$
601996 丰林集团 涨幅4.97,市值27亿 
板块：
主买：3194万
主卖：-1537万
净买入：1657万
类型：游资
符合条件1，单位时间新增买入 1657万
--------------------------------------------------------------------------------------------
时间： 
--------------------------------------------------------------------------------------------
时间： 
--------------------------------------------------------------------------------------------
时间： 
--------------------------------------------------------------------------------------------
时间： 
--------------------------------------------------------------------------------------------
时间： 
$$$$$$$$$$$$$$$$$$$$$$$$$$$$$$$$$$$$$$$$$$$$$$$$$$$$$$$$$$$
600050 中国联通 涨幅2.94,市值581亿 
板块：混改,5G
主买：46392万
主卖：-30794万
净买入：15598万
类型：
符合条件1，单位时间新增买入 15598万
$$$$$$$$$$$$$$$$$$$$$$$$$$$$$$$$$$$$$$$$$$$$$$$$$$$$$$$$$$$
000725 京东方Ａ 涨幅2.96,市值1184亿 
板块：OLED
主买：82747万
主卖：-71945万
净买入：10802万
类型：基金
符合条件1，单位时间新增买入 722万
--------------------------------------------------------------------------------------------
时间： 
--------------------------------------------------------------------------------------------
时间： 
--------------------------------------------------------------------------------------------
时间： 
$$$$$$$$$$$$$$$$$$$$$$$$$$$$$$$$$$$$$$$$$$$$$$$$$$$$$$$$$$$
000725 京东方Ａ 涨幅2.54,市值1179亿 
板块：OLED
主买：84585万
主卖：-72237万
净买入：12349万
类型：基金
符合条件1，单位时间新增买入 1019万
--------------------------------------------------------------------------------------------
时间： 
--------------------------------------------------------------------------------------------
时间： 
--------------------------------------------------------------------------------------------
时间： 
--------------------------------------------------------------------------------------------
时间： 
$$$$$$$$$$$$$$$$$$$$$$$$$$$$$$$$$$$$$$$$$$$$$$$$$$$$$$$$$$$
601318 中国平安 涨幅2.06,市值5793亿 
板块：蓝筹股,保险
主买：109794万
主卖：-63221万
净买入：46573万
类型：基金
符合条件1，单位时间新增买入 975万
--------------------------------------------------------------------------------------------
时间： 
$$$$$$$$$$$$$$$$$$$$$$$$$$$$$$$$$$$$$$$$$$$$$$$$$$$$$$$$$$$
601318 中国平安 涨幅2.24,市值5803亿 
板块：蓝筹股,保险
主买：119280万
主卖：-66678万
净买入：52602万
类型：基金
符合条件1，单位时间新增买入 6029万
$$$$$$$$$$$$$$$$$$$$$$$$$$$$$$$$$$$$$$$$$$$$$$$$$$$$$$$$$$$
600050 中国联通 涨幅2.52,市值579亿 
板块：混改,5G
主买：48896万
主卖：-32479万
净买入：16417万
类型：
符合条件1，单位时间新增买入 877万
$$$$$$$$$$$$$$$$$$$$$$$$$$$$$$$$$$$$$$$$$$$$$$$$$$$$$$$$$$$
000791 甘肃电投 涨幅5.83,市值28亿 
板块：电力
主买：1201万
主卖：-10021万
净买入：-8820万
类型：
符合条件1，单位时间新增买入 879万
--------------------------------------------------------------------------------------------
时间： 
$$$$$$$$$$$$$$$$$$$$$$$$$$$$$$$$$$$$$$$$$$$$$$$$$$$$$$$$$$$
601318 中国平安 涨幅2.30,市值5806亿 
板块：蓝筹股,保险
主买：121973万
主卖：-67595万
净买入：54378万
类型：基金
符合条件1，单位时间新增买入 1776万
--------------------------------------------------------------------------------------------
时间： 
--------------------------------------------------------------------------------------------
时间： 
$$$$$$$$$$$$$$$$$$$$$$$$$$$$$$$$$$$$$$$$$$$$$$$$$$$$$$$$$$$
600050 中国联通 涨幅2.66,市值580亿 
板块：混改,5G
主买：50639万
主卖：-33094万
净买入：17545万
类型：
符合条件1，单位时间新增买入 709万
$$$$$$$$$$$$$$$$$$$$$$$$$$$$$$$$$$$$$$$$$$$$$$$$$$$$$$$$$$$
300073 当升科技 涨幅2.96,市值76亿 
板块：锂电池
主买：6010万
主卖：-2901万
净买入：3109万
类型：游资
符合条件1，单位时间新增买入 3109万
--------------------------------------------------------------------------------------------
时间： 
$$$$$$$$$$$$$$$$$$$$$$$$$$$$$$$$$$$$$$$$$$$$$$$$$$$$$$$$$$$
601318 中国平安 涨幅2.35,市值5809亿 
板块：蓝筹股,保险
主买：125318万
主卖：-68844万
净买入：56475万
类型：基金
符合条件1，单位时间新增买入 1365万
$$$$$$$$$$$$$$$$$$$$$$$$$$$$$$$$$$$$$$$$$$$$$$$$$$$$$$$$$$$
000791 甘肃电投 涨幅10.04,市值29亿 
板块：电力
主买：2702万
主卖：-10123万
净买入：-7421万
类型：
符合条件1，单位时间新增买入 1572万
--------------------------------------------------------------------------------------------
时间： 
$$$$$$$$$$$$$$$$$$$$$$$$$$$$$$$$$$$$$$$$$$$$$$$$$$$$$$$$$$$
600050 中国联通 涨幅2.94,市值581亿 
板块：混改,5G
主买：51677万
主卖：-33329万
净买入：18348万
类型：
符合条件1，单位时间新增买入 764万
$$$$$$$$$$$$$$$$$$$$$$$$$$$$$$$$$$$$$$$$$$$$$$$$$$$$$$$$$$$
000791 甘肃电投 涨幅10.04,市值29亿 
板块：电力
主买：3504万
主卖：-10225万
净买入：-6721万
类型：
符合条件1，单位时间新增买入 700万
--------------------------------------------------------------------------------------------
时间： 
$$$$$$$$$$$$$$$$$$$$$$$$$$$$$$$$$$$$$$$$$$$$$$$$$$$$$$$$$$$
601318 中国平安 涨幅2.28,市值5805亿 
板块：蓝筹股,保险
主买：128844万
主卖：-70965万
净买入：57879万
类型：基金
符合条件1，单位时间新增买入 749万
$$$$$$$$$$$$$$$$$$$$$$$$$$$$$$$$$$$$$$$$$$$$$$$$$$$$$$$$$$$
600050 中国联通 涨幅2.94,市值581亿 
板块：混改,5G
主买：53333万
主卖：-33329万
净买入：20004万
类型：
符合条件1，单位时间新增买入 1656万
--------------------------------------------------------------------------------------------
时间： 
--------------------------------------------------------------------------------------------
时间： 
--------------------------------------------------------------------------------------------
时间： 
$$$$$$$$$$$$$$$$$$$$$$$$$$$$$$$$$$$$$$$$$$$$$$$$$$$$$$$$$$$
601318 中国平安 涨幅2.46,市值5815亿 
板块：蓝筹股,保险
主买：133070万
主卖：-73986万
净买入：59084万
类型：基金
符合条件1，单位时间新增买入 729万
--------------------------------------------------------------------------------------------
时间： 
$$$$$$$$$$$$$$$$$$$$$$$$$$$$$$$$$$$$$$$$$$$$$$$$$$$$$$$$$$$
601318 中国平安 涨幅2.69,市值5829亿 
板块：蓝筹股,保险
主买：137426万
主卖：-75347万
净买入：62078万
类型：基金
符合条件1，单位时间新增买入 2994万
--------------------------------------------------------------------------------------------
时间： 
$$$$$$$$$$$$$$$$$$$$$$$$$$$$$$$$$$$$$$$$$$$$$$$$$$$$$$$$$$$
601318 中国平安 涨幅2.78,市值5834亿 
板块：蓝筹股,保险
主买：141734万
主卖：-77959万
净买入：63776万
类型：基金
符合条件1，单位时间新增买入 1697万
--------------------------------------------------------------------------------------------
时间： 
$$$$$$$$$$$$$$$$$$$$$$$$$$$$$$$$$$$$$$$$$$$$$$$$$$$$$$$$$$$
601318 中国平安 涨幅2.86,市值5838亿 
板块：蓝筹股,保险
主买：143947万
主卖：-79381万
净买入：64566万
类型：基金
符合条件1，单位时间新增买入 790万
--------------------------------------------------------------------------------------------
时间： 
$$$$$$$$$$$$$$$$$$$$$$$$$$$$$$$$$$$$$$$$$$$$$$$$$$$$$$$$$$$
601318 中国平安 涨幅2.60,市值5824亿 
板块：蓝筹股,保险
主买：147033万
主卖：-80835万
净买入：66198万
类型：基金
符合条件1，单位时间新增买入 1633万
$$$$$$$$$$$$$$$$$$$$$$$$$$$$$$$$$$$$$$$$$$$$$$$$$$$$$$$$$$$
300263 隆华节能 涨幅5.96,市值35亿 
板块：庄股
主买：8696万
主卖：-5175万
净买入：3521万
类型：浙江帮
符合条件1，单位时间新增买入 1194万
$$$$$$$$$$$$$$$$$$$$$$$$$$$$$$$$$$$$$$$$$$$$$$$$$$$$$$$$$$$
603987 康德莱 涨幅8.97,市值15亿 
板块：医疗改革
主买：9064万
主卖：-5599万
净买入：3465万
类型：
符合条件1，单位时间新增买入 866万
--------------------------------------------------------------------------------------------
时间： 
--------------------------------------------------------------------------------------------
时间： 
--------------------------------------------------------------------------------------------
时间： 
$$$$$$$$$$$$$$$$$$$$$$$$$$$$$$$$$$$$$$$$$$$$$$$$$$$$$$$$$$$
601318 中国平安 涨幅2.64,市值5826亿 
板块：蓝筹股,保险
主买：149138万
主卖：-81090万
净买入：68048万
类型：基金
符合条件1，单位时间新增买入 783万
$$$$$$$$$$$$$$$$$$$$$$$$$$$$$$$$$$$$$$$$$$$$$$$$$$$$$$$$$$$
000868 安凯客车 涨幅3.14,市值48亿 
板块：新能源汽车
主买：12031万
主卖：-13210万
净买入：-1179万
类型：游资
符合条件1，单位时间新增买入 1456万
--------------------------------------------------------------------------------------------
时间： 
--------------------------------------------------------------------------------------------
时间： 
$$$$$$$$$$$$$$$$$$$$$$$$$$$$$$$$$$$$$$$$$$$$$$$$$$$$$$$$$$$
000868 安凯客车 涨幅3.95,市值49亿 
板块：新能源汽车
主买：13744万
主卖：-13837万
净买入：-93万
类型：游资
符合条件1，单位时间新增买入 1502万
--------------------------------------------------------------------------------------------
时间： 
--------------------------------------------------------------------------------------------
时间： 
$$$$$$$$$$$$$$$$$$$$$$$$$$$$$$$$$$$$$$$$$$$$$$$$$$$$$$$$$$$
600862 中航高科 涨幅10.02,市值53亿 
板块：军工
主买：7067万
主卖：-742万
净买入：6326万
类型：
符合条件1，单位时间新增买入 6326万
--------------------------------------------------------------------------------------------
时间： 
$$$$$$$$$$$$$$$$$$$$$$$$$$$$$$$$$$$$$$$$$$$$$$$$$$$$$$$$$$$
002432 九安医疗 涨幅8.15,市值39亿 
板块：医疗改革
主买：4635万
主卖：-15130万
净买入：-10495万
类型：游资
符合条件1，单位时间新增买入 741万
--------------------------------------------------------------------------------------------
时间： 
--------------------------------------------------------------------------------------------
时间： 
--------------------------------------------------------------------------------------------
时间： 
$$$$$$$$$$$$$$$$$$$$$$$$$$$$$$$$$$$$$$$$$$$$$$$$$$$$$$$$$$$
002432 九安医疗 涨幅9.82,市值39亿 
板块：医疗改革
主买：9349万
主卖：-18610万
净买入：-9262万
类型：游资
符合条件1，单位时间新增买入 2118万
--------------------------------------------------------------------------------------------
时间： 
--------------------------------------------------------------------------------------------
时间： 
$$$$$$$$$$$$$$$$$$$$$$$$$$$$$$$$$$$$$$$$$$$$$$$$$$$$$$$$$$$
601318 中国平安 涨幅2.44,市值5814亿 
板块：蓝筹股,保险
主买：157899万
主卖：-86033万
净买入：71866万
类型：基金
符合条件1，单位时间新增买入 724万
--------------------------------------------------------------------------------------------
时间： 
--------------------------------------------------------------------------------------------
时间： 
--------------------------------------------------------------------------------------------
时间： 
$$$$$$$$$$$$$$$$$$$$$$$$$$$$$$$$$$$$$$$$$$$$$$$$$$$$$$$$$$$
300585 奥联电子 涨幅9.91,市值12亿 
板块：新能源汽车,次新股,汽车零部件,物联网
主买：9809万
主卖：-7049万
净买入：2761万
类型：
符合条件1，单位时间新增买入 1595万
$$$$$$$$$$$$$$$$$$$$$$$$$$$$$$$$$$$$$$$$$$$$$$$$$$$$$$$$$$$
000791 甘肃电投 涨幅10.04,市值29亿 
板块：电力
主买：10805万
主卖：-13210万
净买入：-2406万
类型：
符合条件1，单位时间新增买入 1466万
--------------------------------------------------------------------------------------------
时间： 
$$$$$$$$$$$$$$$$$$$$$$$$$$$$$$$$$$$$$$$$$$$$$$$$$$$$$$$$$$$
000651 格力电器 涨幅1.05,市值1629亿 
板块：白色家电,白马股,蓝筹股
主买：64336万
主卖：-67462万
净买入：-3126万
类型：基金
符合条件1，单位时间新增买入 1843万
--------------------------------------------------------------------------------------------
时间： 
--------------------------------------------------------------------------------------------
时间： 
$$$$$$$$$$$$$$$$$$$$$$$$$$$$$$$$$$$$$$$$$$$$$$$$$$$$$$$$$$$
000651 格力电器 涨幅1.08,市值1630亿 
板块：白色家电,白马股,蓝筹股
主买：66146万
主卖：-68312万
净买入：-2166万
类型：基金
符合条件1，单位时间新增买入 802万
--------------------------------------------------------------------------------------------
时间： 
$$$$$$$$$$$$$$$$$$$$$$$$$$$$$$$$$$$$$$$$$$$$$$$$$$$$$$$$$$$
600516 方大炭素 涨幅-2.96,市值272亿 
板块：石墨电极
主买：62958万
主卖：-58064万
净买入：4894万
类型：游资
符合条件1，单位时间新增买入 770万
$$$$$$$$$$$$$$$$$$$$$$$$$$$$$$$$$$$$$$$$$$$$$$$$$$$$$$$$$$$
000651 格力电器 涨幅1.20,市值1632亿 
板块：白色家电,白马股,蓝筹股
主买：70899万
主卖：-70843万
净买入：56万
类型：基金
符合条件1，单位时间新增买入 2222万
--------------------------------------------------------------------------------------------
时间： 
$$$$$$$$$$$$$$$$$$$$$$$$$$$$$$$$$$$$$$$$$$$$$$$$$$$$$$$$$$$
000651 格力电器 涨幅1.25,市值1633亿 
板块：白色家电,白马股,蓝筹股
主买：72094万
主卖：-70843万
净买入：1250万
类型：基金
符合条件1，单位时间新增买入 1195万
--------------------------------------------------------------------------------------------
时间： 
--------------------------------------------------------------------------------------------
时间： 
$$$$$$$$$$$$$$$$$$$$$$$$$$$$$$$$$$$$$$$$$$$$$$$$$$$$$$$$$$$
002351 漫步者 涨幅4.85,市值22亿 
板块：智能家居,庄股
主买：3135万
主卖：-855万
净买入：2280万
类型：
符合条件1，单位时间新增买入 2280万
--------------------------------------------------------------------------------------------
时间： 
$$$$$$$$$$$$$$$$$$$$$$$$$$$$$$$$$$$$$$$$$$$$$$$$$$$$$$$$$$$
601949 中国出版 涨幅3.14,市值38亿 
板块：开板次新
主买：3067万
主卖：-1928万
净买入：1140万
类型：
符合条件1，单位时间新增买入 1039万
--------------------------------------------------------------------------------------------
时间： 
$$$$$$$$$$$$$$$$$$$$$$$$$$$$$$$$$$$$$$$$$$$$$$$$$$$$$$$$$$$
600516 方大炭素 涨幅-1.83,市值275亿 
板块：石墨电极
主买：65756万
主卖：-59408万
净买入：6347万
类型：游资
符合条件1，单位时间新增买入 974万
--------------------------------------------------------------------------------------------
时间： 
$$$$$$$$$$$$$$$$$$$$$$$$$$$$$$$$$$$$$$$$$$$$$$$$$$$$$$$$$$$
601318 中国平安 涨幅2.80,市值5835亿 
板块：蓝筹股,保险
主买：166434万
主卖：-91211万
净买入：75223万
类型：基金
符合条件1，单位时间新增买入 1177万
$$$$$$$$$$$$$$$$$$$$$$$$$$$$$$$$$$$$$$$$$$$$$$$$$$$$$$$$$$$
600050 中国联通 涨幅2.52,市值579亿 
板块：混改,5G
主买：58812万
主卖：-36271万
净买入：22541万
类型：
符合条件1，单位时间新增买入 798万
--------------------------------------------------------------------------------------------
时间： 
$$$$$$$$$$$$$$$$$$$$$$$$$$$$$$$$$$$$$$$$$$$$$$$$$$$$$$$$$$$
601318 中国平安 涨幅2.82,市值5836亿 
板块：蓝筹股,保险
主买：168808万
主卖：-91211万
净买入：77597万
类型：基金
符合条件1，单位时间新增买入 2374万
$$$$$$$$$$$$$$$$$$$$$$$$$$$$$$$$$$$$$$$$$$$$$$$$$$$$$$$$$$$
000651 格力电器 涨幅1.25,市值1633亿 
板块：白色家电,白马股,蓝筹股
主买：75265万
主卖：-72564万
净买入：2701万
类型：基金
符合条件1，单位时间新增买入 1124万
--------------------------------------------------------------------------------------------
时间： 
--------------------------------------------------------------------------------------------
时间： 
--------------------------------------------------------------------------------------------
时间： 
$$$$$$$$$$$$$$$$$$$$$$$$$$$$$$$$$$$$$$$$$$$$$$$$$$$$$$$$$$$
600231 凌钢股份 涨幅4.84,市值48亿 
板块：钢铁
主买：15211万
主卖：-5026万
净买入：10186万
类型：基金
符合条件1，单位时间新增买入 1274万
$$$$$$$$$$$$$$$$$$$$$$$$$$$$$$$$$$$$$$$$$$$$$$$$$$$$$$$$$$$
002467 二六三 涨幅1.35,市值75亿 
板块：5G,云通信
主买：13547万
主卖：-17332万
净买入：-3785万
类型：游资
符合条件1，单位时间新增买入 763万
$$$$$$$$$$$$$$$$$$$$$$$$$$$$$$$$$$$$$$$$$$$$$$$$$$$$$$$$$$$
000725 京东方Ａ 涨幅1.06,市值1162亿 
板块：OLED
主买：97486万
主卖：-101882万
净买入：-4395万
类型：基金
符合条件1，单位时间新增买入 714万
--------------------------------------------------------------------------------------------
时间： 
$$$$$$$$$$$$$$$$$$$$$$$$$$$$$$$$$$$$$$$$$$$$$$$$$$$$$$$$$$$
600231 凌钢股份 涨幅5.48,市值48亿 
板块：钢铁
主买：16503万
主卖：-5156万
净买入：11347万
类型：基金
符合条件1，单位时间新增买入 1161万
$$$$$$$$$$$$$$$$$$$$$$$$$$$$$$$$$$$$$$$$$$$$$$$$$$$$$$$$$$$
002351 漫步者 涨幅4.41,市值22亿 
板块：智能家居,庄股
主买：4902万
主卖：-1067万
净买入：3834万
类型：
符合条件1，单位时间新增买入 982万
--------------------------------------------------------------------------------------------
时间： 
$$$$$$$$$$$$$$$$$$$$$$$$$$$$$$$$$$$$$$$$$$$$$$$$$$$$$$$$$$$
600050 中国联通 涨幅2.52,市值579亿 
板块：混改,5G
主买：60108万
主卖：-36391万
净买入：23717万
类型：
符合条件1，单位时间新增买入 957万
--------------------------------------------------------------------------------------------
时间： 
$$$$$$$$$$$$$$$$$$$$$$$$$$$$$$$$$$$$$$$$$$$$$$$$$$$$$$$$$$$
000868 安凯客车 涨幅5.65,市值49亿 
板块：新能源汽车
主买：16056万
主卖：-19309万
净买入：-3253万
类型：游资
符合条件1，单位时间新增买入 1103万
--------------------------------------------------------------------------------------------
时间： 
--------------------------------------------------------------------------------------------
时间： 
$$$$$$$$$$$$$$$$$$$$$$$$$$$$$$$$$$$$$$$$$$$$$$$$$$$$$$$$$$$
002655 共达电声 涨幅3.85,市值30亿 
板块：苹果概念
主买：1830万
主卖：-720万
净买入：1109万
类型：
符合条件1，单位时间新增买入 1109万
$$$$$$$$$$$$$$$$$$$$$$$$$$$$$$$$$$$$$$$$$$$$$$$$$$$$$$$$$$$
601318 中国平安 涨幅2.84,市值5837亿 
板块：蓝筹股,保险
主买：174624万
主卖：-95978万
净买入：78646万
类型：基金
符合条件1，单位时间新增买入 1155万
$$$$$$$$$$$$$$$$$$$$$$$$$$$$$$$$$$$$$$$$$$$$$$$$$$$$$$$$$$$
600231 凌钢股份 涨幅10.00,市值50亿 
板块：钢铁
主买：19785万
主卖：-6913万
净买入：12872万
类型：基金
符合条件1，单位时间新增买入 821万
$$$$$$$$$$$$$$$$$$$$$$$$$$$$$$$$$$$$$$$$$$$$$$$$$$$$$$$$$$$
600862 中航高科 涨幅10.02,市值53亿 
板块：军工
主买：10973万
主卖：-1956万
净买入：9017万
类型：
符合条件1，单位时间新增买入 1659万
--------------------------------------------------------------------------------------------
时间： 
$$$$$$$$$$$$$$$$$$$$$$$$$$$$$$$$$$$$$$$$$$$$$$$$$$$$$$$$$$$
601003 柳钢股份 涨幅7.49,市值34亿 
板块：钢铁
主买：4897万
主卖：-4016万
净买入：881万
类型：游资
符合条件1，单位时间新增买入 881万
$$$$$$$$$$$$$$$$$$$$$$$$$$$$$$$$$$$$$$$$$$$$$$$$$$$$$$$$$$$
600231 凌钢股份 涨幅10.00,市值50亿 
板块：钢铁
主买：23814万
主卖：-6913万
净买入：16902万
类型：基金
符合条件1，单位时间新增买入 4030万
$$$$$$$$$$$$$$$$$$$$$$$$$$$$$$$$$$$$$$$$$$$$$$$$$$$$$$$$$$$
600569 安阳钢铁 涨幅4.16,市值48亿 
板块：钢铁
主买：5558万
主卖：-4211万
净买入：1347万
类型：游资
符合条件1，单位时间新增买入 1347万
--------------------------------------------------------------------------------------------
时间： 
$$$$$$$$$$$$$$$$$$$$$$$$$$$$$$$$$$$$$$$$$$$$$$$$$$$$$$$$$$$
601318 中国平安 涨幅3.24,市值5859亿 
板块：蓝筹股,保险
主买：183519万
主卖：-100695万
净买入：82824万
类型：基金
符合条件1，单位时间新增买入 4076万
$$$$$$$$$$$$$$$$$$$$$$$$$$$$$$$$$$$$$$$$$$$$$$$$$$$$$$$$$$$
600879 航天电子 涨幅4.29,市值147亿 
板块：军工
主买：17852万
主卖：-3316万
净买入：14536万
类型：游资
符合条件1，单位时间新增买入 1197万
$$$$$$$$$$$$$$$$$$$$$$$$$$$$$$$$$$$$$$$$$$$$$$$$$$$$$$$$$$$
002467 二六三 涨幅1.35,市值75亿 
板块：5G,云通信
主买：15553万
主卖：-18668万
净买入：-3115万
类型：游资
符合条件1，单位时间新增买入 1163万
--------------------------------------------------------------------------------------------
时间： 
$$$$$$$$$$$$$$$$$$$$$$$$$$$$$$$$$$$$$$$$$$$$$$$$$$$$$$$$$$$
601318 中国平安 涨幅3.06,市值5849亿 
板块：蓝筹股,保险
主买：189352万
主卖：-101136万
净买入：88217万
类型：基金
符合条件1，单位时间新增买入 5393万
$$$$$$$$$$$$$$$$$$$$$$$$$$$$$$$$$$$$$$$$$$$$$$$$$$$$$$$$$$$
600231 凌钢股份 涨幅10.00,市值50亿 
板块：钢铁
主买：25422万
主卖：-6913万
净买入：18509万
类型：基金
符合条件1，单位时间新增买入 914万
$$$$$$$$$$$$$$$$$$$$$$$$$$$$$$$$$$$$$$$$$$$$$$$$$$$$$$$$$$$
002351 漫步者 涨幅5.11,市值22亿 
板块：智能家居,庄股
主买：7036万
主卖：-1067万
净买入：5968万
类型：
符合条件1，单位时间新增买入 932万
$$$$$$$$$$$$$$$$$$$$$$$$$$$$$$$$$$$$$$$$$$$$$$$$$$$$$$$$$$$
000651 格力电器 涨幅1.18,市值1631亿 
板块：白色家电,白马股,蓝筹股
主买：77409万
主卖：-74289万
净买入：3120万
类型：基金
符合条件1，单位时间新增买入 1102万
--------------------------------------------------------------------------------------------
时间： 
$$$$$$$$$$$$$$$$$$$$$$$$$$$$$$$$$$$$$$$$$$$$$$$$$$$$$$$$$$$
000786 北新建材 涨幅6.51,市值154亿 
板块：雄安新区
主买：12442万
主卖：-15041万
净买入：-2599万
类型：基金
符合条件1，单位时间新增买入 718万
--------------------------------------------------------------------------------------------
时间： 
$$$$$$$$$$$$$$$$$$$$$$$$$$$$$$$$$$$$$$$$$$$$$$$$$$$$$$$$$$$
000717 韶钢松山 涨幅2.70,市值90亿 
板块：钢铁
主买：6864万
主卖：-5266万
净买入：1598万
类型：游资
符合条件1，单位时间新增买入 1598万
--------------------------------------------------------------------------------------------
时间： 
$$$$$$$$$$$$$$$$$$$$$$$$$$$$$$$$$$$$$$$$$$$$$$$$$$$$$$$$$$$
601318 中国平安 涨幅3.24,市值5859亿 
板块：蓝筹股,保险
主买：193775万
主卖：-104277万
净买入：89498万
类型：基金
符合条件1，单位时间新增买入 1264万
--------------------------------------------------------------------------------------------
时间： 
$$$$$$$$$$$$$$$$$$$$$$$$$$$$$$$$$$$$$$$$$$$$$$$$$$$$$$$$$$$
601318 中国平安 涨幅3.24,市值5859亿 
板块：蓝筹股,保险
主买：200372万
主卖：-107777万
净买入：92594万
类型：基金
符合条件1，单位时间新增买入 3097万
--------------------------------------------------------------------------------------------
时间： 
$$$$$$$$$$$$$$$$$$$$$$$$$$$$$$$$$$$$$$$$$$$$$$$$$$$$$$$$$$$
600050 中国联通 涨幅2.38,市值578亿 
板块：混改,5G
主买：64743万
主卖：-39089万
净买入：25655万
类型：
符合条件1，单位时间新增买入 1070万
$$$$$$$$$$$$$$$$$$$$$$$$$$$$$$$$$$$$$$$$$$$$$$$$$$$$$$$$$$$
600516 方大炭素 涨幅-0.88,市值278亿 
板块：石墨电极
主买：67428万
主卖：-62292万
净买入：5136万
类型：游资
符合条件1，单位时间新增买入 810万
