--------------------------------------------------------------------------------------------
时间： 0929
--------------------------------------------------------------------------------------------
时间： 0929
--------------------------------------------------------------------------------------------
时间： 0929
--------------------------------------------------------------------------------------------
时间： 0929
--------------------------------------------------------------------------------------------
时间： 0929
--------------------------------------------------------------------------------------------
时间： 0929
--------------------------------------------------------------------------------------------
时间： 0929
--------------------------------------------------------------------------------------------
时间： 0929
--------------------------------------------------------------------------------------------
时间： 0929
--------------------------------------------------------------------------------------------
时间： 0929
--------------------------------------------------------------------------------------------
时间： 0929
--------------------------------------------------------------------------------------------
时间： 0929
--------------------------------------------------------------------------------------------
时间： 0929
--------------------------------------------------------------------------------------------
时间： 0929
--------------------------------------------------------------------------------------------
时间： 0929
--------------------------------------------------------------------------------------------
时间： 0929
--------------------------------------------------------------------------------------------
时间： 0929
--------------------------------------------------------------------------------------------
时间： 0929
--------------------------------------------------------------------------------------------
时间： 0929
--------------------------------------------------------------------------------------------
时间： 0929
--------------------------------------------------------------------------------------------
时间： 0929
--------------------------------------------------------------------------------------------
时间： 0929
--------------------------------------------------------------------------------------------
时间： 0929
--------------------------------------------------------------------------------------------
时间： 0929
--------------------------------------------------------------------------------------------
时间： 0929
--------------------------------------------------------------------------------------------
时间： 0929
--------------------------------------------------------------------------------------------
时间： 0929
--------------------------------------------------------------------------------------------
时间： 0929
--------------------------------------------------------------------------------------------
时间： 0929
--------------------------------------------------------------------------------------------
时间： 0929
--------------------------------------------------------------------------------------------
时间： 0929
--------------------------------------------------------------------------------------------
时间： 0929
--------------------------------------------------------------------------------------------
时间： 0929
--------------------------------------------------------------------------------------------
时间： 0929
--------------------------------------------------------------------------------------------
时间： 0929
--------------------------------------------------------------------------------------------
时间： 0929
--------------------------------------------------------------------------------------------
时间： 0929
--------------------------------------------------------------------------------------------
时间： 0929
--------------------------------------------------------------------------------------------
时间： 0929
--------------------------------------------------------------------------------------------
时间： 0929
--------------------------------------------------------------------------------------------
时间： 0929
--------------------------------------------------------------------------------------------
时间： 0929
--------------------------------------------------------------------------------------------
时间： 0929
--------------------------------------------------------------------------------------------
时间： 0929
--------------------------------------------------------------------------------------------
时间： 0929
--------------------------------------------------------------------------------------------
时间： 0929
--------------------------------------------------------------------------------------------
时间： 0929
--------------------------------------------------------------------------------------------
时间： 0929
--------------------------------------------------------------------------------------------
时间： 0929
--------------------------------------------------------------------------------------------
时间： 0929
--------------------------------------------------------------------------------------------
时间： 0929
--------------------------------------------------------------------------------------------
时间： 0929
--------------------------------------------------------------------------------------------
时间： 0929
--------------------------------------------------------------------------------------------
时间： 0929
--------------------------------------------------------------------------------------------
时间： 0929
--------------------------------------------------------------------------------------------
时间： 0929
--------------------------------------------------------------------------------------------
时间： 0929
--------------------------------------------------------------------------------------------
时间： 0929
--------------------------------------------------------------------------------------------
时间： 0929
--------------------------------------------------------------------------------------------
时间： 0930
--------------------------------------------------------------------------------------------
时间： 0931
$$$$$$$$$$$$$$$$$$$$$$$$$$$$$$$$$$$$$$$$$$$$$$$$$$$$$$$$$$$
300693 盛弘股份 涨幅4.24,市值17亿 
板块：充电桩,次新股
主买：5848万
主卖：-3783万
净买入：2065万
类型：
符合条件1，单位时间新增买入 2065万
$$$$$$$$$$$$$$$$$$$$$$$$$$$$$$$$$$$$$$$$$$$$$$$$$$$$$$$$$$$
300153 科泰电源 涨幅4.30,市值28亿 
板块：锂电池
主买：2384万
主卖：-1398万
净买入：987万
类型：游资
符合条件1，单位时间新增买入 987万
--------------------------------------------------------------------------------------------
时间： 0932
$$$$$$$$$$$$$$$$$$$$$$$$$$$$$$$$$$$$$$$$$$$$$$$$$$$$$$$$$$$
300693 盛弘股份 涨幅2.64,市值16亿 
板块：充电桩,次新股
主买：7404万
主卖：-3783万
净买入：3622万
类型：
符合条件1，单位时间新增买入 1556万
--------------------------------------------------------------------------------------------
时间： 0933
$$$$$$$$$$$$$$$$$$$$$$$$$$$$$$$$$$$$$$$$$$$$$$$$$$$$$$$$$$$
300153 科泰电源 涨幅5.20,市值28亿 
板块：锂电池
主买：2234万
主卖：-2149万
净买入：85万
类型：游资
符合条件1，单位时间新增买入 2109万
--------------------------------------------------------------------------------------------
时间： 0934
--------------------------------------------------------------------------------------------
时间： 0935
--------------------------------------------------------------------------------------------
时间： 0936
--------------------------------------------------------------------------------------------
时间： 0937
$$$$$$$$$$$$$$$$$$$$$$$$$$$$$$$$$$$$$$$$$$$$$$$$$$$$$$$$$$$
000762 西藏矿业 涨幅-2.18,市值86亿 
板块：商品涨价,西藏板块
主买：8544万
主卖：-6255万
净买入：2288万
类型：游资
符合条件1，单位时间新增买入 2288万
$$$$$$$$$$$$$$$$$$$$$$$$$$$$$$$$$$$$$$$$$$$$$$$$$$$$$$$$$$$
603359 东珠景观 涨幅8.41,市值31亿 
板块：
主买：4975万
主卖：-3420万
净买入：1555万
类型：
符合条件1，单位时间新增买入 1764万
--------------------------------------------------------------------------------------------
时间： 0938
$$$$$$$$$$$$$$$$$$$$$$$$$$$$$$$$$$$$$$$$$$$$$$$$$$$$$$$$$$$
002239 奥特佳 涨幅10.10,市值35亿 
板块：新能源汽车
主买：12630万
主卖：-20514万
净买入：-7884万
类型：
符合条件1，单位时间新增买入 2855万
--------------------------------------------------------------------------------------------
时间： 0939
$$$$$$$$$$$$$$$$$$$$$$$$$$$$$$$$$$$$$$$$$$$$$$$$$$$$$$$$$$$
000930 中粮生化 涨幅6.04,市值106亿 
板块：混改
主买：6081万
主卖：-2381万
净买入：3700万
类型：
符合条件1，单位时间新增买入 3700万
$$$$$$$$$$$$$$$$$$$$$$$$$$$$$$$$$$$$$$$$$$$$$$$$$$$$$$$$$$$
002497 雅化集团 涨幅1.06,市值164亿 
板块：锂电池,商品涨价
主买：8854万
主卖：-9057万
净买入：-203万
类型：游资
符合条件1，单位时间新增买入 1297万
$$$$$$$$$$$$$$$$$$$$$$$$$$$$$$$$$$$$$$$$$$$$$$$$$$$$$$$$$$$
300141 和顺电气 涨幅7.01,市值18亿 
板块：充电桩
主买：3077万
主卖：-3796万
净买入：-719万
类型：
符合条件1，单位时间新增买入 794万
$$$$$$$$$$$$$$$$$$$$$$$$$$$$$$$$$$$$$$$$$$$$$$$$$$$$$$$$$$$
002239 奥特佳 涨幅10.10,市值35亿 
板块：新能源汽车
主买：13712万
主卖：-20514万
净买入：-6802万
类型：
符合条件1，单位时间新增买入 1082万
--------------------------------------------------------------------------------------------
时间： 0940
$$$$$$$$$$$$$$$$$$$$$$$$$$$$$$$$$$$$$$$$$$$$$$$$$$$$$$$$$$$
603016 新宏泰 涨幅7.71,市值32亿 
板块：
主买：16864万
主卖：-3319万
净买入：13545万
类型：
符合条件1，单位时间新增买入 13545万
--------------------------------------------------------------------------------------------
时间： 0941
$$$$$$$$$$$$$$$$$$$$$$$$$$$$$$$$$$$$$$$$$$$$$$$$$$$$$$$$$$$
600516 方大炭素 涨幅1.12,市值367亿 
板块：石墨烯,商品涨价
主买：14432万
主卖：-25730万
净买入：-11298万
类型：游资
符合条件1，单位时间新增买入 935万
--------------------------------------------------------------------------------------------
时间： 0942
$$$$$$$$$$$$$$$$$$$$$$$$$$$$$$$$$$$$$$$$$$$$$$$$$$$$$$$$$$$
000807 云铝股份 涨幅1.61,市值146亿 
板块：有色金属,电解铝,商品涨价
主买：7993万
主卖：-5807万
净买入：2186万
类型：游资
符合条件1，单位时间新增买入 2186万
--------------------------------------------------------------------------------------------
时间： 0943
$$$$$$$$$$$$$$$$$$$$$$$$$$$$$$$$$$$$$$$$$$$$$$$$$$$$$$$$$$$
002176 江特电机 涨幅2.45,市值191亿 
板块：锂电池,电气设备,商品涨价
主买：6638万
主卖：-4010万
净买入：2627万
类型：
符合条件1，单位时间新增买入 2627万
$$$$$$$$$$$$$$$$$$$$$$$$$$$$$$$$$$$$$$$$$$$$$$$$$$$$$$$$$$$
002224 三 力 士 涨幅6.42,市值51亿 
板块：新能源汽车
主买：1285万
主卖：0万
净买入：1285万
类型：
符合条件1，单位时间新增买入 1285万
$$$$$$$$$$$$$$$$$$$$$$$$$$$$$$$$$$$$$$$$$$$$$$$$$$$$$$$$$$$
002497 雅化集团 涨幅2.26,市值166亿 
板块：锂电池,商品涨价
主买：11211万
主卖：-10149万
净买入：1062万
类型：游资
符合条件1，单位时间新增买入 1085万
$$$$$$$$$$$$$$$$$$$$$$$$$$$$$$$$$$$$$$$$$$$$$$$$$$$$$$$$$$$
600516 方大炭素 涨幅2.12,市值371亿 
板块：石墨烯,商品涨价
主买：16492万
主卖：-27054万
净买入：-10562万
类型：游资
符合条件1，单位时间新增买入 729万
--------------------------------------------------------------------------------------------
时间： 0944
$$$$$$$$$$$$$$$$$$$$$$$$$$$$$$$$$$$$$$$$$$$$$$$$$$$$$$$$$$$
300073 当升科技 涨幅-0.67,市值78亿 
板块：锂电池
主买：5394万
主卖：-2178万
净买入：3216万
类型：游资
符合条件1，单位时间新增买入 3216万
--------------------------------------------------------------------------------------------
时间： 0945
$$$$$$$$$$$$$$$$$$$$$$$$$$$$$$$$$$$$$$$$$$$$$$$$$$$$$$$$$$$
601003 柳钢股份 涨幅3.57,市值35亿 
板块：商品涨价,钢铁
主买：4507万
主卖：0万
净买入：4507万
类型：游资
符合条件1，单位时间新增买入 4507万
--------------------------------------------------------------------------------------------
时间： 0946
$$$$$$$$$$$$$$$$$$$$$$$$$$$$$$$$$$$$$$$$$$$$$$$$$$$$$$$$$$$
600699 均胜电子 涨幅3.84,市值133亿 
板块：
主买：2702万
主卖：-1198万
净买入：1504万
类型：
符合条件1，单位时间新增买入 1504万
$$$$$$$$$$$$$$$$$$$$$$$$$$$$$$$$$$$$$$$$$$$$$$$$$$$$$$$$$$$
000807 云铝股份 涨幅3.15,市值148亿 
板块：有色金属,电解铝,商品涨价
主买：9424万
主卖：-6448万
净买入：2976万
类型：游资
符合条件1，单位时间新增买入 1143万
--------------------------------------------------------------------------------------------
时间： 0947
$$$$$$$$$$$$$$$$$$$$$$$$$$$$$$$$$$$$$$$$$$$$$$$$$$$$$$$$$$$
002056 横店东磁 涨幅0.93,市值87亿 
板块：稀土永磁,商品涨价,苹果概念,特斯拉
主买：4036万
主卖：-3183万
净买入：853万
类型：游资
符合条件1，单位时间新增买入 860万
--------------------------------------------------------------------------------------------
时间： 0948
--------------------------------------------------------------------------------------------
时间： 0949
$$$$$$$$$$$$$$$$$$$$$$$$$$$$$$$$$$$$$$$$$$$$$$$$$$$$$$$$$$$
002460 赣锋锂业 涨幅0.76,市值441亿 
板块：锂电池,商品涨价
主买：13266万
主卖：-12289万
净买入：976万
类型：游资
符合条件1，单位时间新增买入 976万
--------------------------------------------------------------------------------------------
时间： 0950
$$$$$$$$$$$$$$$$$$$$$$$$$$$$$$$$$$$$$$$$$$$$$$$$$$$$$$$$$$$
002604 龙力生物 涨幅10.02,市值40亿 
板块：
主买：14290万
主卖：-3305万
净买入：10985万
类型：基金
符合条件1，单位时间新增买入 10985万
$$$$$$$$$$$$$$$$$$$$$$$$$$$$$$$$$$$$$$$$$$$$$$$$$$$$$$$$$$$
603557 起步股份 涨幅5.60,市值13亿 
板块：
主买：906万
主卖：-155万
净买入：750万
类型：
符合条件1，单位时间新增买入 750万
--------------------------------------------------------------------------------------------
时间： 0951
$$$$$$$$$$$$$$$$$$$$$$$$$$$$$$$$$$$$$$$$$$$$$$$$$$$$$$$$$$$
002192 融捷股份 涨幅5.39,市值77亿 
板块：锂电池,商品涨价
主买：3815万
主卖：-1617万
净买入：2198万
类型：基金
符合条件1，单位时间新增买入 2198万
$$$$$$$$$$$$$$$$$$$$$$$$$$$$$$$$$$$$$$$$$$$$$$$$$$$$$$$$$$$
000807 云铝股份 涨幅3.69,市值149亿 
板块：有色金属,电解铝,商品涨价
主买：13830万
主卖：-7674万
净买入：6156万
类型：游资
符合条件1，单位时间新增买入 1825万
$$$$$$$$$$$$$$$$$$$$$$$$$$$$$$$$$$$$$$$$$$$$$$$$$$$$$$$$$$$
601003 柳钢股份 涨幅4.76,市值36亿 
板块：商品涨价,钢铁
主买：6333万
主卖：-467万
净买入：5865万
类型：游资
符合条件1，单位时间新增买入 1028万
--------------------------------------------------------------------------------------------
时间： 0952
--------------------------------------------------------------------------------------------
时间： 0953
$$$$$$$$$$$$$$$$$$$$$$$$$$$$$$$$$$$$$$$$$$$$$$$$$$$$$$$$$$$
600111 北方稀土 涨幅0.26,市值365亿 
板块：稀土永磁,商品涨价
主买：6038万
主卖：-10278万
净买入：-4240万
类型：游资
符合条件1，单位时间新增买入 979万
--------------------------------------------------------------------------------------------
时间： 0954
$$$$$$$$$$$$$$$$$$$$$$$$$$$$$$$$$$$$$$$$$$$$$$$$$$$$$$$$$$$
600499 科达洁能 涨幅2.82,市值126亿 
板块：商品涨价,锂电池
主买：5896万
主卖：-4877万
净买入：1019万
类型：
符合条件1，单位时间新增买入 1019万
$$$$$$$$$$$$$$$$$$$$$$$$$$$$$$$$$$$$$$$$$$$$$$$$$$$$$$$$$$$
002421 达实智能 涨幅4.31,市值63亿 
板块：雄安新区
主买：2459万
主卖：-1474万
净买入：985万
类型：基金
符合条件1，单位时间新增买入 985万
--------------------------------------------------------------------------------------------
时间： 0955
$$$$$$$$$$$$$$$$$$$$$$$$$$$$$$$$$$$$$$$$$$$$$$$$$$$$$$$$$$$
603799 华友钴业 涨幅0.49,市值235亿 
板块：钴,钴涨价
主买：10796万
主卖：-8953万
净买入：1843万
类型：
符合条件1，单位时间新增买入 1843万
$$$$$$$$$$$$$$$$$$$$$$$$$$$$$$$$$$$$$$$$$$$$$$$$$$$$$$$$$$$
601003 柳钢股份 涨幅6.75,市值36亿 
板块：商品涨价,钢铁
主买：8927万
主卖：-1073万
净买入：7854万
类型：游资
符合条件1，单位时间新增买入 861万
--------------------------------------------------------------------------------------------
时间： 0956
$$$$$$$$$$$$$$$$$$$$$$$$$$$$$$$$$$$$$$$$$$$$$$$$$$$$$$$$$$$
000488 晨鸣纸业 涨幅3.99,市值176亿 
板块：造纸
主买：6136万
主卖：-4745万
净买入：1390万
类型：
符合条件1，单位时间新增买入 1390万
$$$$$$$$$$$$$$$$$$$$$$$$$$$$$$$$$$$$$$$$$$$$$$$$$$$$$$$$$$$
600569 安阳钢铁 涨幅3.54,市值56亿 
板块：钢铁
主买：4022万
主卖：-2796万
净买入：1226万
类型：游资
符合条件1，单位时间新增买入 1226万
$$$$$$$$$$$$$$$$$$$$$$$$$$$$$$$$$$$$$$$$$$$$$$$$$$$$$$$$$$$
600231 凌钢股份 涨幅3.82,市值48亿 
板块：商品涨价,钢铁
主买：1788万
主卖：-863万
净买入：925万
类型：基金
符合条件1，单位时间新增买入 925万
$$$$$$$$$$$$$$$$$$$$$$$$$$$$$$$$$$$$$$$$$$$$$$$$$$$$$$$$$$$
601003 柳钢股份 涨幅7.14,市值36亿 
板块：商品涨价,钢铁
主买：9881万
主卖：-1199万
净买入：8681万
类型：游资
符合条件1，单位时间新增买入 827万
--------------------------------------------------------------------------------------------
时间： 0957
$$$$$$$$$$$$$$$$$$$$$$$$$$$$$$$$$$$$$$$$$$$$$$$$$$$$$$$$$$$
600321 国栋建设 涨幅8.19,市值40亿 
板块：
主买：3060万
主卖：-660万
净买入：2400万
类型：
符合条件1，单位时间新增买入 2400万
$$$$$$$$$$$$$$$$$$$$$$$$$$$$$$$$$$$$$$$$$$$$$$$$$$$$$$$$$$$
300334 津膜科技 涨幅4.27,市值29亿 
板块：雄安环保
主买：2255万
主卖：-487万
净买入：1768万
类型：游资
符合条件1，单位时间新增买入 1768万
$$$$$$$$$$$$$$$$$$$$$$$$$$$$$$$$$$$$$$$$$$$$$$$$$$$$$$$$$$$
002421 达实智能 涨幅6.01,市值64亿 
板块：雄安新区
主买：3895万
主卖：-1474万
净买入：2421万
类型：基金
符合条件1，单位时间新增买入 765万
--------------------------------------------------------------------------------------------
时间： 0958
$$$$$$$$$$$$$$$$$$$$$$$$$$$$$$$$$$$$$$$$$$$$$$$$$$$$$$$$$$$
600321 国栋建设 涨幅9.96,市值41亿 
板块：
主买：5212万
主卖：-808万
净买入：4404万
类型：
符合条件1，单位时间新增买入 2004万
--------------------------------------------------------------------------------------------
时间： 0959
$$$$$$$$$$$$$$$$$$$$$$$$$$$$$$$$$$$$$$$$$$$$$$$$$$$$$$$$$$$
603305 旭升股份 涨幅-3.55,市值21亿 
板块：次新股,特斯拉
主买：3643万
主卖：-2039万
净买入：1604万
类型：游资
符合条件1，单位时间新增买入 1604万
--------------------------------------------------------------------------------------------
时间： 1000
$$$$$$$$$$$$$$$$$$$$$$$$$$$$$$$$$$$$$$$$$$$$$$$$$$$$$$$$$$$
002497 雅化集团 涨幅6.13,市值172亿 
板块：锂电池,商品涨价
主买：17976万
主卖：-14939万
净买入：3037万
类型：游资
符合条件1，单位时间新增买入 1673万
--------------------------------------------------------------------------------------------
时间： 1001
$$$$$$$$$$$$$$$$$$$$$$$$$$$$$$$$$$$$$$$$$$$$$$$$$$$$$$$$$$$
300687 赛意信息 涨幅4.78,市值12亿 
板块：次新股
主买：1047万
主卖：-177万
净买入：869万
类型：
符合条件1，单位时间新增买入 869万
--------------------------------------------------------------------------------------------
时间： 1002
$$$$$$$$$$$$$$$$$$$$$$$$$$$$$$$$$$$$$$$$$$$$$$$$$$$$$$$$$$$
000932 *ST华菱 涨幅3.70,市值89亿 
板块：
主买：10003万
主卖：-4521万
净买入：5482万
类型：
符合条件1，单位时间新增买入 5482万
--------------------------------------------------------------------------------------------
时间： 1003
$$$$$$$$$$$$$$$$$$$$$$$$$$$$$$$$$$$$$$$$$$$$$$$$$$$$$$$$$$$
000799 酒鬼酒 涨幅3.62,市值65亿 
板块：白酒
主买：3653万
主卖：-6783万
净买入：-3129万
类型：游资
符合条件1，单位时间新增买入 1043万
--------------------------------------------------------------------------------------------
时间： 1004
--------------------------------------------------------------------------------------------
时间： 1005
$$$$$$$$$$$$$$$$$$$$$$$$$$$$$$$$$$$$$$$$$$$$$$$$$$$$$$$$$$$
601952 苏垦农发 涨幅3.28,市值38亿 
板块：次新股
主买：3964万
主卖：-229万
净买入：3735万
类型：
符合条件1，单位时间新增买入 3735万
$$$$$$$$$$$$$$$$$$$$$$$$$$$$$$$$$$$$$$$$$$$$$$$$$$$$$$$$$$$
600111 北方稀土 涨幅1.61,市值370亿 
板块：稀土永磁,商品涨价
主买：10291万
主卖：-12107万
净买入：-1816万
类型：游资
符合条件1，单位时间新增买入 1093万
--------------------------------------------------------------------------------------------
时间： 1006
$$$$$$$$$$$$$$$$$$$$$$$$$$$$$$$$$$$$$$$$$$$$$$$$$$$$$$$$$$$
601952 苏垦农发 涨幅3.92,市值38亿 
板块：次新股
主买：4874万
主卖：-229万
净买入：4645万
类型：
符合条件1，单位时间新增买入 910万
--------------------------------------------------------------------------------------------
时间： 1007
$$$$$$$$$$$$$$$$$$$$$$$$$$$$$$$$$$$$$$$$$$$$$$$$$$$$$$$$$$$
002041 登海种业 涨幅8.91,市值52亿 
板块：
主买：3951万
主卖：-361万
净买入：3590万
类型：
符合条件1，单位时间新增买入 3590万
--------------------------------------------------------------------------------------------
时间： 1008
$$$$$$$$$$$$$$$$$$$$$$$$$$$$$$$$$$$$$$$$$$$$$$$$$$$$$$$$$$$
300153 科泰电源 涨幅7.21,市值29亿 
板块：锂电池
主买：6689万
主卖：-3234万
净买入：3454万
类型：游资
符合条件1，单位时间新增买入 781万
--------------------------------------------------------------------------------------------
时间： 1009
--------------------------------------------------------------------------------------------
时间： 1010
$$$$$$$$$$$$$$$$$$$$$$$$$$$$$$$$$$$$$$$$$$$$$$$$$$$$$$$$$$$
002176 江特电机 涨幅3.98,市值194亿 
板块：锂电池,电气设备,商品涨价
主买：10300万
主卖：-5884万
净买入：4416万
类型：
符合条件1，单位时间新增买入 1351万
--------------------------------------------------------------------------------------------
时间： 1011
$$$$$$$$$$$$$$$$$$$$$$$$$$$$$$$$$$$$$$$$$$$$$$$$$$$$$$$$$$$
603603 博天环境 涨幅8.99,市值21亿 
板块：雄安环保,次新股
主买：11015万
主卖：-4826万
净买入：6189万
类型：游资
符合条件1，单位时间新增买入 3497万
$$$$$$$$$$$$$$$$$$$$$$$$$$$$$$$$$$$$$$$$$$$$$$$$$$$$$$$$$$$
600516 方大炭素 涨幅2.67,市值373亿 
板块：石墨烯,商品涨价
主买：30052万
主卖：-49838万
净买入：-19786万
类型：游资
符合条件1，单位时间新增买入 840万
--------------------------------------------------------------------------------------------
时间： 1012
$$$$$$$$$$$$$$$$$$$$$$$$$$$$$$$$$$$$$$$$$$$$$$$$$$$$$$$$$$$
000651 格力电器 涨幅1.69,市值1506亿 
板块：白色家电,白马股,蓝筹股
主买：17805万
主卖：-5773万
净买入：12032万
类型：
符合条件1，单位时间新增买入 12032万
--------------------------------------------------------------------------------------------
时间： 1013
$$$$$$$$$$$$$$$$$$$$$$$$$$$$$$$$$$$$$$$$$$$$$$$$$$$$$$$$$$$
600507 方大特钢 涨幅3.03,市值74亿 
板块：商品涨价,钢铁
主买：10203万
主卖：-1956万
净买入：8247万
类型：游资
符合条件1，单位时间新增买入 8247万
$$$$$$$$$$$$$$$$$$$$$$$$$$$$$$$$$$$$$$$$$$$$$$$$$$$$$$$$$$$
600232 金鹰股份 涨幅9.96,市值21亿 
板块：
主买：9979万
主卖：-2021万
净买入：7958万
类型：
符合条件1，单位时间新增买入 7958万
--------------------------------------------------------------------------------------------
时间： 1014
$$$$$$$$$$$$$$$$$$$$$$$$$$$$$$$$$$$$$$$$$$$$$$$$$$$$$$$$$$$
000651 格力电器 涨幅1.72,市值1507亿 
板块：白色家电,白马股,蓝筹股
主买：19383万
主卖：-6582万
净买入：12801万
类型：
符合条件1，单位时间新增买入 706万
$$$$$$$$$$$$$$$$$$$$$$$$$$$$$$$$$$$$$$$$$$$$$$$$$$$$$$$$$$$
600516 方大炭素 涨幅2.64,市值373亿 
板块：石墨烯,商品涨价
主买：33256万
主卖：-51781万
净买入：-18525万
类型：游资
符合条件1，单位时间新增买入 901万
--------------------------------------------------------------------------------------------
时间： 1015
--------------------------------------------------------------------------------------------
时间： 1016
--------------------------------------------------------------------------------------------
时间： 1017
--------------------------------------------------------------------------------------------
时间： 1018
--------------------------------------------------------------------------------------------
时间： 1019
--------------------------------------------------------------------------------------------
时间： 1020
$$$$$$$$$$$$$$$$$$$$$$$$$$$$$$$$$$$$$$$$$$$$$$$$$$$$$$$$$$$
000795 英洛华 涨幅4.91,市值47亿 
板块：稀土永磁,商品涨价
主买：4306万
主卖：-9235万
净买入：-4929万
类型：游资
符合条件1，单位时间新增买入 1846万
$$$$$$$$$$$$$$$$$$$$$$$$$$$$$$$$$$$$$$$$$$$$$$$$$$$$$$$$$$$
600516 方大炭素 涨幅3.02,市值374亿 
板块：石墨烯,商品涨价
主买：34286万
主卖：-53247万
净买入：-18960万
类型：游资
符合条件1，单位时间新增买入 714万
--------------------------------------------------------------------------------------------
时间： 1021
--------------------------------------------------------------------------------------------
时间： 1022
$$$$$$$$$$$$$$$$$$$$$$$$$$$$$$$$$$$$$$$$$$$$$$$$$$$$$$$$$$$
002056 横店东磁 涨幅1.26,市值87亿 
板块：稀土永磁,商品涨价,苹果概念,特斯拉
主买：7440万
主卖：-7042万
净买入：398万
类型：游资
符合条件1，单位时间新增买入 1085万
--------------------------------------------------------------------------------------------
时间： 1023
--------------------------------------------------------------------------------------------
时间： 1024
--------------------------------------------------------------------------------------------
时间： 1025
$$$$$$$$$$$$$$$$$$$$$$$$$$$$$$$$$$$$$$$$$$$$$$$$$$$$$$$$$$$
600232 金鹰股份 涨幅9.96,市值21亿 
板块：锂电池
主买：11536万
主卖：-2127万
净买入：9409万
类型：
符合条件1，单位时间新增买入 980万
--------------------------------------------------------------------------------------------
时间： 1026
$$$$$$$$$$$$$$$$$$$$$$$$$$$$$$$$$$$$$$$$$$$$$$$$$$$$$$$$$$$
002378 章源钨业 涨幅3.34,市值36亿 
板块：有色金属,钨精矿涨价
主买：5021万
主卖：-2731万
净买入：2290万
类型：游资
符合条件1，单位时间新增买入 2290万
--------------------------------------------------------------------------------------------
时间： 1027
--------------------------------------------------------------------------------------------
时间： 1028
--------------------------------------------------------------------------------------------
时间： 1029
--------------------------------------------------------------------------------------------
时间： 1030
$$$$$$$$$$$$$$$$$$$$$$$$$$$$$$$$$$$$$$$$$$$$$$$$$$$$$$$$$$$
002639 雪人股份 涨幅5.00,市值34亿 
板块：通用设备
主买：2685万
主卖：-3993万
净买入：-1308万
类型：
符合条件1，单位时间新增买入 977万
--------------------------------------------------------------------------------------------
时间： 1031
$$$$$$$$$$$$$$$$$$$$$$$$$$$$$$$$$$$$$$$$$$$$$$$$$$$$$$$$$$$
600792 云煤能源 涨幅10.07,市值18亿 
板块：煤炭,商品涨价
主买：3349万
主卖：-1047万
净买入：2302万
类型：游资
符合条件1，单位时间新增买入 2302万
--------------------------------------------------------------------------------------------
时间： 1032
$$$$$$$$$$$$$$$$$$$$$$$$$$$$$$$$$$$$$$$$$$$$$$$$$$$$$$$$$$$
600792 云煤能源 涨幅10.07,市值18亿 
板块：煤炭,商品涨价
主买：5811万
主卖：-1163万
净买入：4648万
类型：游资
符合条件1，单位时间新增买入 2345万
$$$$$$$$$$$$$$$$$$$$$$$$$$$$$$$$$$$$$$$$$$$$$$$$$$$$$$$$$$$
600111 北方稀土 涨幅1.25,市值368亿 
板块：稀土永磁,商品涨价
主买：17421万
主卖：-19884万
净买入：-2463万
类型：游资
符合条件1，单位时间新增买入 894万
--------------------------------------------------------------------------------------------
时间： 1033
$$$$$$$$$$$$$$$$$$$$$$$$$$$$$$$$$$$$$$$$$$$$$$$$$$$$$$$$$$$
600792 云煤能源 涨幅10.07,市值18亿 
板块：煤炭,商品涨价
主买：7131万
主卖：-1624万
净买入：5507万
类型：游资
符合条件1，单位时间新增买入 859万
--------------------------------------------------------------------------------------------
时间： 1034
$$$$$$$$$$$$$$$$$$$$$$$$$$$$$$$$$$$$$$$$$$$$$$$$$$$$$$$$$$$
600792 云煤能源 涨幅10.07,市值18亿 
板块：煤炭,商品涨价
主买：7869万
主卖：-1624万
净买入：6244万
类型：游资
符合条件1，单位时间新增买入 738万
$$$$$$$$$$$$$$$$$$$$$$$$$$$$$$$$$$$$$$$$$$$$$$$$$$$$$$$$$$$
600008 首创股份 涨幅0.72,市值154亿 
板块：雄安环保
主买：8096万
主卖：-7895万
净买入：201万
类型：
符合条件1，单位时间新增买入 1009万
$$$$$$$$$$$$$$$$$$$$$$$$$$$$$$$$$$$$$$$$$$$$$$$$$$$$$$$$$$$
002239 奥特佳 涨幅10.10,市值35亿 
板块：新能源汽车
主买：29014万
主卖：-31529万
净买入：-2515万
类型：
符合条件1，单位时间新增买入 753万
--------------------------------------------------------------------------------------------
时间： 1035
--------------------------------------------------------------------------------------------
时间： 1036
$$$$$$$$$$$$$$$$$$$$$$$$$$$$$$$$$$$$$$$$$$$$$$$$$$$$$$$$$$$
000831 五矿稀土 涨幅4.29,市值102亿 
板块：稀土永磁,商品涨价
主买：6375万
主卖：-1769万
净买入：4606万
类型：游资
符合条件1，单位时间新增买入 4606万
$$$$$$$$$$$$$$$$$$$$$$$$$$$$$$$$$$$$$$$$$$$$$$$$$$$$$$$$$$$
601101 昊华能源 涨幅3.83,市值49亿 
板块：商品涨价,煤炭
主买：4052万
主卖：-1439万
净买入：2613万
类型：基金
符合条件1，单位时间新增买入 2613万
--------------------------------------------------------------------------------------------
时间： 1037
$$$$$$$$$$$$$$$$$$$$$$$$$$$$$$$$$$$$$$$$$$$$$$$$$$$$$$$$$$$
000831 五矿稀土 涨幅4.29,市值102亿 
板块：稀土永磁,商品涨价
主买：8548万
主卖：-1769万
净买入：6778万
类型：游资
符合条件1，单位时间新增买入 2173万
$$$$$$$$$$$$$$$$$$$$$$$$$$$$$$$$$$$$$$$$$$$$$$$$$$$$$$$$$$$
002239 奥特佳 涨幅10.10,市值35亿 
板块：新能源汽车
主买：30196万
主卖：-31668万
净买入：-1472万
类型：
符合条件1，单位时间新增买入 822万
$$$$$$$$$$$$$$$$$$$$$$$$$$$$$$$$$$$$$$$$$$$$$$$$$$$$$$$$$$$
000799 酒鬼酒 涨幅5.99,市值66亿 
板块：白酒
主买：6174万
主卖：-8605万
净买入：-2432万
类型：游资
符合条件1，单位时间新增买入 1168万
--------------------------------------------------------------------------------------------
时间： 1038
$$$$$$$$$$$$$$$$$$$$$$$$$$$$$$$$$$$$$$$$$$$$$$$$$$$$$$$$$$$
603113 金能科技 涨幅4.12,市值23亿 
板块：次新股,煤化工,商品涨价
主买：3596万
主卖：-919万
净买入：2677万
类型：
符合条件1，单位时间新增买入 2677万
--------------------------------------------------------------------------------------------
时间： 1039
--------------------------------------------------------------------------------------------
时间： 1040
--------------------------------------------------------------------------------------------
时间： 1041
--------------------------------------------------------------------------------------------
时间： 1042
--------------------------------------------------------------------------------------------
时间： 1043
$$$$$$$$$$$$$$$$$$$$$$$$$$$$$$$$$$$$$$$$$$$$$$$$$$$$$$$$$$$
600792 云煤能源 涨幅10.07,市值18亿 
板块：煤炭,商品涨价
主买：11504万
主卖：-1976万
净买入：9528万
类型：游资
符合条件1，单位时间新增买入 923万
--------------------------------------------------------------------------------------------
时间： 1044
$$$$$$$$$$$$$$$$$$$$$$$$$$$$$$$$$$$$$$$$$$$$$$$$$$$$$$$$$$$
002340 格林美 涨幅0.98,市值217亿 
板块：钴涨价,锂电池
主买：18377万
主卖：-40822万
净买入：-22444万
类型：游资
符合条件1，单位时间新增买入 772万
--------------------------------------------------------------------------------------------
时间： 1045
$$$$$$$$$$$$$$$$$$$$$$$$$$$$$$$$$$$$$$$$$$$$$$$$$$$$$$$$$$$
600008 首创股份 涨幅0.72,市值154亿 
板块：雄安环保
主买：9643万
主卖：-7895万
净买入：1748万
类型：
符合条件1，单位时间新增买入 1278万
--------------------------------------------------------------------------------------------
时间： 1046
$$$$$$$$$$$$$$$$$$$$$$$$$$$$$$$$$$$$$$$$$$$$$$$$$$$$$$$$$$$
300696 爱乐达 涨幅7.40,市值15亿 
板块：次新股
主买：3431万
主卖：-821万
净买入：2610万
类型：
符合条件1，单位时间新增买入 2610万
$$$$$$$$$$$$$$$$$$$$$$$$$$$$$$$$$$$$$$$$$$$$$$$$$$$$$$$$$$$
600792 云煤能源 涨幅10.07,市值18亿 
板块：煤炭,商品涨价
主买：13383万
主卖：-2229万
净买入：11154万
类型：游资
符合条件1，单位时间新增买入 1419万
$$$$$$$$$$$$$$$$$$$$$$$$$$$$$$$$$$$$$$$$$$$$$$$$$$$$$$$$$$$
002460 赣锋锂业 涨幅-2.28,市值428亿 
板块：锂电池,商品涨价
主买：32640万
主卖：-33026万
净买入：-385万
类型：游资
符合条件1，单位时间新增买入 1551万
--------------------------------------------------------------------------------------------
时间： 1047
$$$$$$$$$$$$$$$$$$$$$$$$$$$$$$$$$$$$$$$$$$$$$$$$$$$$$$$$$$$
600792 云煤能源 涨幅10.07,市值18亿 
板块：煤炭,商品涨价
主买：14354万
主卖：-2229万
净买入：12125万
类型：游资
符合条件1，单位时间新增买入 972万
--------------------------------------------------------------------------------------------
时间： 1048
$$$$$$$$$$$$$$$$$$$$$$$$$$$$$$$$$$$$$$$$$$$$$$$$$$$$$$$$$$$
000799 酒鬼酒 涨幅7.53,市值67亿 
板块：白酒
主买：8130万
主卖：-8855万
净买入：-725万
类型：游资
符合条件1，单位时间新增买入 1497万
--------------------------------------------------------------------------------------------
时间： 1049
$$$$$$$$$$$$$$$$$$$$$$$$$$$$$$$$$$$$$$$$$$$$$$$$$$$$$$$$$$$
002460 赣锋锂业 涨幅-2.64,市值427亿 
板块：锂电池,商品涨价
主买：37257万
主卖：-35446万
净买入：1811万
类型：游资
符合条件1，单位时间新增买入 2440万
--------------------------------------------------------------------------------------------
时间： 1050
--------------------------------------------------------------------------------------------
时间： 1051
--------------------------------------------------------------------------------------------
时间： 1052
--------------------------------------------------------------------------------------------
时间： 1053
$$$$$$$$$$$$$$$$$$$$$$$$$$$$$$$$$$$$$$$$$$$$$$$$$$$$$$$$$$$
000651 格力电器 涨幅1.74,市值1507亿 
板块：白色家电,白马股,蓝筹股
主买：26912万
主卖：-14813万
净买入：12098万
类型：
符合条件1，单位时间新增买入 1529万
$$$$$$$$$$$$$$$$$$$$$$$$$$$$$$$$$$$$$$$$$$$$$$$$$$$$$$$$$$$
002460 赣锋锂业 涨幅-3.27,市值424亿 
板块：锂电池,商品涨价
主买：41744万
主卖：-38808万
净买入：2936万
类型：游资
符合条件1，单位时间新增买入 2135万
--------------------------------------------------------------------------------------------
时间： 1054
$$$$$$$$$$$$$$$$$$$$$$$$$$$$$$$$$$$$$$$$$$$$$$$$$$$$$$$$$$$
002466 天齐锂业 涨幅-4.41,市值422亿 
板块：锂电池,商品涨价
主买：28004万
主卖：-45394万
净买入：-17391万
类型：游资
符合条件1，单位时间新增买入 1104万
--------------------------------------------------------------------------------------------
时间： 1055
--------------------------------------------------------------------------------------------
时间： 1056
--------------------------------------------------------------------------------------------
时间： 1057
--------------------------------------------------------------------------------------------
时间： 1058
--------------------------------------------------------------------------------------------
时间： 1059
--------------------------------------------------------------------------------------------
时间： 1100
--------------------------------------------------------------------------------------------
时间： 1101
--------------------------------------------------------------------------------------------
时间： 1102
$$$$$$$$$$$$$$$$$$$$$$$$$$$$$$$$$$$$$$$$$$$$$$$$$$$$$$$$$$$
002460 赣锋锂业 涨幅-0.81,市值435亿 
板块：锂电池,商品涨价
主买：47850万
主卖：-42881万
净买入：4969万
类型：游资
符合条件1，单位时间新增买入 786万
--------------------------------------------------------------------------------------------
时间： 1103
--------------------------------------------------------------------------------------------
时间： 1104
--------------------------------------------------------------------------------------------
时间： 1105
$$$$$$$$$$$$$$$$$$$$$$$$$$$$$$$$$$$$$$$$$$$$$$$$$$$$$$$$$$$
000488 晨鸣纸业 涨幅4.05,市值176亿 
板块：造纸
主买：9305万
主卖：-6902万
净买入：2403万
类型：
符合条件1，单位时间新增买入 707万
--------------------------------------------------------------------------------------------
时间： 1106
--------------------------------------------------------------------------------------------
时间： 1107
--------------------------------------------------------------------------------------------
时间： 1108
--------------------------------------------------------------------------------------------
时间： 1109
--------------------------------------------------------------------------------------------
时间： 1110
--------------------------------------------------------------------------------------------
时间： 1111
--------------------------------------------------------------------------------------------
时间： 1112
$$$$$$$$$$$$$$$$$$$$$$$$$$$$$$$$$$$$$$$$$$$$$$$$$$$$$$$$$$$
000651 格力电器 涨幅1.80,市值1508亿 
板块：白色家电,白马股,蓝筹股
主买：35484万
主卖：-23788万
净买入：11697万
类型：
符合条件1，单位时间新增买入 734万
--------------------------------------------------------------------------------------------
时间： 1113
$$$$$$$$$$$$$$$$$$$$$$$$$$$$$$$$$$$$$$$$$$$$$$$$$$$$$$$$$$$
002192 融捷股份 涨幅7.53,市值78亿 
板块：锂电池,商品涨价
主买：12416万
主卖：-3222万
净买入：9194万
类型：基金
符合条件1，单位时间新增买入 921万
--------------------------------------------------------------------------------------------
时间： 1114
$$$$$$$$$$$$$$$$$$$$$$$$$$$$$$$$$$$$$$$$$$$$$$$$$$$$$$$$$$$
000651 格力电器 涨幅1.88,市值1509亿 
板块：白色家电,白马股,蓝筹股
主买：42214万
主卖：-29189万
净买入：13025万
类型：
符合条件1，单位时间新增买入 760万
--------------------------------------------------------------------------------------------
时间： 1115
--------------------------------------------------------------------------------------------
时间： 1116
$$$$$$$$$$$$$$$$$$$$$$$$$$$$$$$$$$$$$$$$$$$$$$$$$$$$$$$$$$$
300304 云意电气 涨幅5.18,市值47亿 
板块：老高送转
主买：4794万
主卖：-1197万
净买入：3596万
类型：
符合条件1，单位时间新增买入 3596万
--------------------------------------------------------------------------------------------
时间： 1117
--------------------------------------------------------------------------------------------
时间： 1118
--------------------------------------------------------------------------------------------
时间： 1119
$$$$$$$$$$$$$$$$$$$$$$$$$$$$$$$$$$$$$$$$$$$$$$$$$$$$$$$$$$$
300304 云意电气 涨幅9.49,市值49亿 
板块：老高送转
主买：9096万
主卖：-2817万
净买入：6278万
类型：
符合条件1，单位时间新增买入 1762万
--------------------------------------------------------------------------------------------
时间： 1120
$$$$$$$$$$$$$$$$$$$$$$$$$$$$$$$$$$$$$$$$$$$$$$$$$$$$$$$$$$$
300304 云意电气 涨幅8.31,市值49亿 
板块：老高送转
主买：11518万
主卖：-2817万
净买入：8700万
类型：
符合条件1，单位时间新增买入 2422万
--------------------------------------------------------------------------------------------
时间： 1121
--------------------------------------------------------------------------------------------
时间： 1122
--------------------------------------------------------------------------------------------
时间： 1123
--------------------------------------------------------------------------------------------
时间： 1124
--------------------------------------------------------------------------------------------
时间： 1125
$$$$$$$$$$$$$$$$$$$$$$$$$$$$$$$$$$$$$$$$$$$$$$$$$$$$$$$$$$$
600792 云煤能源 涨幅10.07,市值18亿 
板块：煤炭,商品涨价
主买：19083万
主卖：-2530万
净买入：16553万
类型：游资
符合条件1，单位时间新增买入 1339万
--------------------------------------------------------------------------------------------
时间： 1126
$$$$$$$$$$$$$$$$$$$$$$$$$$$$$$$$$$$$$$$$$$$$$$$$$$$$$$$$$$$
300675 建科院 涨幅4.42,市值16亿 
板块：次新股,雄安新区
主买：2917万
主卖：-4720万
净买入：-1803万
类型：游资
符合条件1，单位时间新增买入 908万
--------------------------------------------------------------------------------------------
时间： 1127
$$$$$$$$$$$$$$$$$$$$$$$$$$$$$$$$$$$$$$$$$$$$$$$$$$$$$$$$$$$
000651 格力电器 涨幅2.04,市值1512亿 
板块：白色家电,白马股,蓝筹股
主买：51625万
主卖：-37347万
净买入：14278万
类型：
符合条件1，单位时间新增买入 757万
--------------------------------------------------------------------------------------------
时间： 1128
--------------------------------------------------------------------------------------------
时间： 1129
--------------------------------------------------------------------------------------------
时间： 1130
$$$$$$$$$$$$$$$$$$$$$$$$$$$$$$$$$$$$$$$$$$$$$$$$$$$$$$$$$$$
300685 艾德生物 涨幅6.04,市值21亿 
板块：开板次新,生物制品
主买：2550万
主卖：-1177万
净买入：1373万
类型：
符合条件1，单位时间新增买入 1373万
--------------------------------------------------------------------------------------------
时间： 1300
--------------------------------------------------------------------------------------------
时间： 1301
$$$$$$$$$$$$$$$$$$$$$$$$$$$$$$$$$$$$$$$$$$$$$$$$$$$$$$$$$$$
600792 云煤能源 涨幅10.07,市值18亿 
板块：煤炭,商品涨价
主买：19929万
主卖：-2530万
净买入：17399万
类型：游资
符合条件1，单位时间新增买入 17399万
$$$$$$$$$$$$$$$$$$$$$$$$$$$$$$$$$$$$$$$$$$$$$$$$$$$$$$$$$$$
603016 新宏泰 涨幅5.37,市值31亿 
板块：复牌
主买：19050万
主卖：-4800万
净买入：14250万
类型：
符合条件1，单位时间新增买入 14250万
$$$$$$$$$$$$$$$$$$$$$$$$$$$$$$$$$$$$$$$$$$$$$$$$$$$$$$$$$$$
000651 格力电器 涨幅2.10,市值1512亿 
板块：白色家电,白马股,蓝筹股
主买：53084万
主卖：-39691万
净买入：13393万
类型：
符合条件1，单位时间新增买入 13393万
$$$$$$$$$$$$$$$$$$$$$$$$$$$$$$$$$$$$$$$$$$$$$$$$$$$$$$$$$$$
603359 东珠景观 涨幅7.74,市值31亿 
板块：次新股
主买：16365万
主卖：-3515万
净买入：12850万
类型：
符合条件1，单位时间新增买入 12850万
$$$$$$$$$$$$$$$$$$$$$$$$$$$$$$$$$$$$$$$$$$$$$$$$$$$$$$$$$$$
600232 金鹰股份 涨幅9.96,市值21亿 
板块：锂电池
主买：13924万
主卖：-2570万
净买入：11355万
类型：
符合条件1，单位时间新增买入 11355万
$$$$$$$$$$$$$$$$$$$$$$$$$$$$$$$$$$$$$$$$$$$$$$$$$$$$$$$$$$$
600507 方大特钢 涨幅1.21,市值73亿 
板块：商品涨价,钢铁
主买：13183万
主卖：-3125万
净买入：10058万
类型：游资
符合条件1，单位时间新增买入 10058万
$$$$$$$$$$$$$$$$$$$$$$$$$$$$$$$$$$$$$$$$$$$$$$$$$$$$$$$$$$$
002604 龙力生物 涨幅10.02,市值40亿 
板块：农产品
主买：17705万
主卖：-7653万
净买入：10053万
类型：基金
符合条件1，单位时间新增买入 10053万
$$$$$$$$$$$$$$$$$$$$$$$$$$$$$$$$$$$$$$$$$$$$$$$$$$$$$$$$$$$
002192 融捷股份 涨幅5.87,市值77亿 
板块：锂电池,商品涨价
主买：13223万
主卖：-3787万
净买入：9435万
类型：基金
符合条件1，单位时间新增买入 9435万
$$$$$$$$$$$$$$$$$$$$$$$$$$$$$$$$$$$$$$$$$$$$$$$$$$$$$$$$$$$
601003 柳钢股份 涨幅7.01,市值36亿 
板块：商品涨价,钢铁
主买：13100万
主卖：-3835万
净买入：9265万
类型：游资
符合条件1，单位时间新增买入 9265万
$$$$$$$$$$$$$$$$$$$$$$$$$$$$$$$$$$$$$$$$$$$$$$$$$$$$$$$$$$$
300304 云意电气 涨幅6.80,市值48亿 
板块：老高送转
主买：11518万
主卖：-3453万
净买入：8065万
类型：
符合条件1，单位时间新增买入 8065万
$$$$$$$$$$$$$$$$$$$$$$$$$$$$$$$$$$$$$$$$$$$$$$$$$$$$$$$$$$$
000831 五矿稀土 涨幅1.47,市值99亿 
板块：稀土永磁,商品涨价
主买：11311万
主卖：-4279万
净买入：7032万
类型：游资
符合条件1，单位时间新增买入 7032万
$$$$$$$$$$$$$$$$$$$$$$$$$$$$$$$$$$$$$$$$$$$$$$$$$$$$$$$$$$$
603113 金能科技 涨幅5.44,市值23亿 
板块：次新股,煤化工,商品涨价
主买：7086万
主卖：-953万
净买入：6133万
类型：
符合条件1，单位时间新增买入 6133万
$$$$$$$$$$$$$$$$$$$$$$$$$$$$$$$$$$$$$$$$$$$$$$$$$$$$$$$$$$$
603557 起步股份 涨幅8.82,市值13亿 
板块：次新股
主买：6644万
主卖：-594万
净买入：6050万
类型：
符合条件1，单位时间新增买入 6050万
$$$$$$$$$$$$$$$$$$$$$$$$$$$$$$$$$$$$$$$$$$$$$$$$$$$$$$$$$$$
002460 赣锋锂业 涨幅-0.81,市值435亿 
板块：锂电池,商品涨价
主买：52461万
主卖：-46775万
净买入：5686万
类型：游资
符合条件1，单位时间新增买入 5686万
$$$$$$$$$$$$$$$$$$$$$$$$$$$$$$$$$$$$$$$$$$$$$$$$$$$$$$$$$$$
601952 苏垦农发 涨幅4.06,市值38亿 
板块：次新股
主买：7156万
主卖：-1796万
净买入：5361万
类型：
符合条件1，单位时间新增买入 5361万
$$$$$$$$$$$$$$$$$$$$$$$$$$$$$$$$$$$$$$$$$$$$$$$$$$$$$$$$$$$
603603 博天环境 涨幅6.27,市值20亿 
板块：雄安环保,次新股
主买：11208万
主卖：-5864万
净买入：5344万
类型：游资
符合条件1，单位时间新增买入 5344万
$$$$$$$$$$$$$$$$$$$$$$$$$$$$$$$$$$$$$$$$$$$$$$$$$$$$$$$$$$$
600321 国栋建设 涨幅7.96,市值40亿 
板块：股权转让,妖股
主买：7507万
主卖：-2539万
净买入：4968万
类型：
符合条件1，单位时间新增买入 4968万
$$$$$$$$$$$$$$$$$$$$$$$$$$$$$$$$$$$$$$$$$$$$$$$$$$$$$$$$$$$
600008 首创股份 涨幅-0.43,市值153亿 
板块：雄安环保
主买：13164万
主卖：-8220万
净买入：4944万
类型：
符合条件1，单位时间新增买入 4944万
$$$$$$$$$$$$$$$$$$$$$$$$$$$$$$$$$$$$$$$$$$$$$$$$$$$$$$$$$$$
000930 中粮生化 涨幅6.61,市值106亿 
板块：混改
主买：11351万
主卖：-6427万
净买入：4924万
类型：
符合条件1，单位时间新增买入 4924万
$$$$$$$$$$$$$$$$$$$$$$$$$$$$$$$$$$$$$$$$$$$$$$$$$$$$$$$$$$$
600699 均胜电子 涨幅2.74,市值132亿 
板块：特斯拉,无人驾驶
主买：8868万
主卖：-4682万
净买入：4185万
类型：
符合条件1，单位时间新增买入 4185万
$$$$$$$$$$$$$$$$$$$$$$$$$$$$$$$$$$$$$$$$$$$$$$$$$$$$$$$$$$$
601101 昊华能源 涨幅4.12,市值49亿 
板块：商品涨价,煤炭
主买：6931万
主卖：-3030万
净买入：3901万
类型：基金
符合条件1，单位时间新增买入 3901万
$$$$$$$$$$$$$$$$$$$$$$$$$$$$$$$$$$$$$$$$$$$$$$$$$$$$$$$$$$$
002041 登海种业 涨幅6.99,市值51亿 
板块：农业股
主买：4337万
主卖：-716万
净买入：3622万
类型：
符合条件1，单位时间新增买入 3622万
$$$$$$$$$$$$$$$$$$$$$$$$$$$$$$$$$$$$$$$$$$$$$$$$$$$$$$$$$$$
600499 科达洁能 涨幅3.28,市值126亿 
板块：商品涨价,锂电池
主买：13028万
主卖：-9626万
净买入：3402万
类型：
符合条件1，单位时间新增买入 3402万
$$$$$$$$$$$$$$$$$$$$$$$$$$$$$$$$$$$$$$$$$$$$$$$$$$$$$$$$$$$
300696 爱乐达 涨幅6.49,市值14亿 
板块：次新股
主买：4285万
主卖：-1034万
净买入：3251万
类型：
符合条件1，单位时间新增买入 3251万
$$$$$$$$$$$$$$$$$$$$$$$$$$$$$$$$$$$$$$$$$$$$$$$$$$$$$$$$$$$
002176 江特电机 涨幅2.94,市值192亿 
板块：锂电池,电气设备,商品涨价
主买：15792万
主卖：-13117万
净买入：2675万
类型：
符合条件1，单位时间新增买入 2675万
$$$$$$$$$$$$$$$$$$$$$$$$$$$$$$$$$$$$$$$$$$$$$$$$$$$$$$$$$$$
000488 晨鸣纸业 涨幅3.60,市值175亿 
板块：造纸
主买：9761万
主卖：-7486万
净买入：2274万
类型：
符合条件1，单位时间新增买入 2274万
$$$$$$$$$$$$$$$$$$$$$$$$$$$$$$$$$$$$$$$$$$$$$$$$$$$$$$$$$$$
300334 津膜科技 涨幅4.07,市值29亿 
板块：雄安环保
主买：3623万
主卖：-1360万
净买入：2262万
类型：游资
符合条件1，单位时间新增买入 2262万
$$$$$$$$$$$$$$$$$$$$$$$$$$$$$$$$$$$$$$$$$$$$$$$$$$$$$$$$$$$
600231 凌钢股份 涨幅1.75,市值47亿 
板块：商品涨价,钢铁
主买：3560万
主卖：-1508万
净买入：2052万
类型：基金
符合条件1，单位时间新增买入 2052万
$$$$$$$$$$$$$$$$$$$$$$$$$$$$$$$$$$$$$$$$$$$$$$$$$$$$$$$$$$$
300687 赛意信息 涨幅6.49,市值12亿 
板块：次新股
主买：2944万
主卖：-1128万
净买入：1815万
类型：
符合条件1，单位时间新增买入 1815万
$$$$$$$$$$$$$$$$$$$$$$$$$$$$$$$$$$$$$$$$$$$$$$$$$$$$$$$$$$$
002421 达实智能 涨幅4.16,市值63亿 
板块：雄安新区
主买：5798万
主卖：-4237万
净买入：1561万
类型：基金
符合条件1，单位时间新增买入 1561万
$$$$$$$$$$$$$$$$$$$$$$$$$$$$$$$$$$$$$$$$$$$$$$$$$$$$$$$$$$$
002378 章源钨业 涨幅0.78,市值35亿 
板块：有色金属,钨精矿涨价
主买：6101万
主卖：-4646万
净买入：1456万
类型：游资
符合条件1，单位时间新增买入 1456万
$$$$$$$$$$$$$$$$$$$$$$$$$$$$$$$$$$$$$$$$$$$$$$$$$$$$$$$$$$$
000932 *ST华菱 涨幅0.74,市值86亿 
板块：钢铁
主买：13833万
主卖：-12413万
净买入：1420万
类型：
符合条件1，单位时间新增买入 1420万
$$$$$$$$$$$$$$$$$$$$$$$$$$$$$$$$$$$$$$$$$$$$$$$$$$$$$$$$$$$
000799 酒鬼酒 涨幅4.74,市值65亿 
板块：白酒
主买：10612万
主卖：-9390万
净买入：1222万
类型：游资
符合条件1，单位时间新增买入 1222万
$$$$$$$$$$$$$$$$$$$$$$$$$$$$$$$$$$$$$$$$$$$$$$$$$$$$$$$$$$$
000626 远大控股 涨幅3.19,市值37亿 
板块：超跌
主买：5595万
主卖：-4563万
净买入：1031万
类型：
符合条件1，单位时间新增买入 1031万
$$$$$$$$$$$$$$$$$$$$$$$$$$$$$$$$$$$$$$$$$$$$$$$$$$$$$$$$$$$
300685 艾德生物 涨幅5.26,市值20亿 
板块：开板次新,生物制品
主买：2550万
主卖：-1540万
净买入：1010万
类型：
符合条件1，单位时间新增买入 1010万
$$$$$$$$$$$$$$$$$$$$$$$$$$$$$$$$$$$$$$$$$$$$$$$$$$$$$$$$$$$
002056 横店东磁 涨幅1.18,市值87亿 
板块：稀土永磁,商品涨价,苹果概念,特斯拉
主买：10610万
主卖：-9726万
净买入：885万
类型：游资
符合条件1，单位时间新增买入 885万
$$$$$$$$$$$$$$$$$$$$$$$$$$$$$$$$$$$$$$$$$$$$$$$$$$$$$$$$$$$
603305 旭升股份 涨幅-3.47,市值21亿 
板块：次新股,特斯拉
主买：4325万
主卖：-3507万
净买入：818万
类型：游资
符合条件1，单位时间新增买入 818万
$$$$$$$$$$$$$$$$$$$$$$$$$$$$$$$$$$$$$$$$$$$$$$$$$$$$$$$$$$$
300153 科泰电源 涨幅1.68,市值27亿 
板块：锂电池
主买：7446万
主卖：-6718万
净买入：729万
类型：游资
符合条件1，单位时间新增买入 729万
--------------------------------------------------------------------------------------------
时间： 1302
--------------------------------------------------------------------------------------------
时间： 1303
$$$$$$$$$$$$$$$$$$$$$$$$$$$$$$$$$$$$$$$$$$$$$$$$$$$$$$$$$$$
601003 柳钢股份 涨幅10.05,市值37亿 
板块：商品涨价,钢铁
主买：21378万
主卖：-6927万
净买入：14451万
类型：游资
符合条件1，单位时间新增买入 5093万
$$$$$$$$$$$$$$$$$$$$$$$$$$$$$$$$$$$$$$$$$$$$$$$$$$$$$$$$$$$
603165 荣晟环保 涨幅9.93,市值22亿 
板块：中报预增,庄股,商品涨价
主买：7642万
主卖：-6077万
净买入：1566万
类型：庄股
符合条件1，单位时间新增买入 2154万
--------------------------------------------------------------------------------------------
时间： 1304
$$$$$$$$$$$$$$$$$$$$$$$$$$$$$$$$$$$$$$$$$$$$$$$$$$$$$$$$$$$
601003 柳钢股份 涨幅10.05,市值37亿 
板块：商品涨价,钢铁
主买：22280万
主卖：-7093万
净买入：15187万
类型：游资
符合条件1，单位时间新增买入 736万
--------------------------------------------------------------------------------------------
时间： 1305
--------------------------------------------------------------------------------------------
时间： 1306
--------------------------------------------------------------------------------------------
时间： 1307
$$$$$$$$$$$$$$$$$$$$$$$$$$$$$$$$$$$$$$$$$$$$$$$$$$$$$$$$$$$
603165 荣晟环保 涨幅9.78,市值22亿 
板块：中报预增,庄股,商品涨价
主买：10023万
主卖：-6779万
净买入：3244万
类型：庄股
符合条件1，单位时间新增买入 1721万
--------------------------------------------------------------------------------------------
时间： 1308
--------------------------------------------------------------------------------------------
时间： 1309
$$$$$$$$$$$$$$$$$$$$$$$$$$$$$$$$$$$$$$$$$$$$$$$$$$$$$$$$$$$
600507 方大特钢 涨幅3.44,市值74亿 
板块：商品涨价,钢铁
主买：15061万
主卖：-4196万
净买入：10865万
类型：游资
符合条件1，单位时间新增买入 849万
--------------------------------------------------------------------------------------------
时间： 1310
--------------------------------------------------------------------------------------------
时间： 1311
$$$$$$$$$$$$$$$$$$$$$$$$$$$$$$$$$$$$$$$$$$$$$$$$$$$$$$$$$$$
002176 江特电机 涨幅4.40,市值195亿 
板块：锂电池,电气设备,商品涨价
主买：19212万
主卖：-13345万
净买入：5867万
类型：
符合条件1，单位时间新增买入 2728万
--------------------------------------------------------------------------------------------
时间： 1312
$$$$$$$$$$$$$$$$$$$$$$$$$$$$$$$$$$$$$$$$$$$$$$$$$$$$$$$$$$$
002239 奥特佳 涨幅10.10,市值35亿 
板块：新能源汽车
主买：34483万
主卖：-34606万
净买入：-123万
类型：
符合条件1，单位时间新增买入 841万
--------------------------------------------------------------------------------------------
时间： 1313
$$$$$$$$$$$$$$$$$$$$$$$$$$$$$$$$$$$$$$$$$$$$$$$$$$$$$$$$$$$
002176 江特电机 涨幅4.46,市值195亿 
板块：锂电池,电气设备,商品涨价
主买：20617万
主卖：-13740万
净买入：6877万
类型：
符合条件1，单位时间新增买入 1010万
--------------------------------------------------------------------------------------------
时间： 1314
$$$$$$$$$$$$$$$$$$$$$$$$$$$$$$$$$$$$$$$$$$$$$$$$$$$$$$$$$$$
000930 中粮生化 涨幅8.24,市值108亿 
板块：混改
主买：13723万
主卖：-6132万
净买入：7590万
类型：
符合条件1，单位时间新增买入 1371万
--------------------------------------------------------------------------------------------
时间： 1315
$$$$$$$$$$$$$$$$$$$$$$$$$$$$$$$$$$$$$$$$$$$$$$$$$$$$$$$$$$$
000930 中粮生化 涨幅8.24,市值108亿 
板块：混改
主买：15056万
主卖：-6132万
净买入：8924万
类型：
符合条件1，单位时间新增买入 1333万
--------------------------------------------------------------------------------------------
时间： 1316
$$$$$$$$$$$$$$$$$$$$$$$$$$$$$$$$$$$$$$$$$$$$$$$$$$$$$$$$$$$
300696 爱乐达 涨幅10.00,市值15亿 
板块：次新股
主买：8451万
主卖：-1067万
净买入：7384万
类型：
符合条件1，单位时间新增买入 4166万
--------------------------------------------------------------------------------------------
时间： 1317
$$$$$$$$$$$$$$$$$$$$$$$$$$$$$$$$$$$$$$$$$$$$$$$$$$$$$$$$$$$
300696 爱乐达 涨幅10.00,市值15亿 
板块：次新股
主买：9608万
主卖：-1067万
净买入：8540万
类型：
符合条件1，单位时间新增买入 1156万
--------------------------------------------------------------------------------------------
时间： 1318
$$$$$$$$$$$$$$$$$$$$$$$$$$$$$$$$$$$$$$$$$$$$$$$$$$$$$$$$$$$
002176 江特电机 涨幅5.14,市值196亿 
板块：锂电池,电气设备,商品涨价
主买：24062万
主卖：-14266万
净买入：9795万
类型：
符合条件1，单位时间新增买入 1383万
$$$$$$$$$$$$$$$$$$$$$$$$$$$$$$$$$$$$$$$$$$$$$$$$$$$$$$$$$$$
300696 爱乐达 涨幅10.00,市值15亿 
板块：次新股
主买：10387万
主卖：-1067万
净买入：9320万
类型：
符合条件1，单位时间新增买入 780万
$$$$$$$$$$$$$$$$$$$$$$$$$$$$$$$$$$$$$$$$$$$$$$$$$$$$$$$$$$$
002340 格林美 涨幅0.98,市值217亿 
板块：钴涨价,锂电池
主买：26135万
主卖：-56953万
净买入：-30818万
类型：游资
符合条件1，单位时间新增买入 815万
--------------------------------------------------------------------------------------------
时间： 1319
$$$$$$$$$$$$$$$$$$$$$$$$$$$$$$$$$$$$$$$$$$$$$$$$$$$$$$$$$$$
601969 海南矿业 涨幅8.68,市值29亿 
板块：铁矿石涨价
主买：3541万
主卖：-2159万
净买入：1382万
类型：基金
符合条件1，单位时间新增买入 1382万
--------------------------------------------------------------------------------------------
时间： 1320
$$$$$$$$$$$$$$$$$$$$$$$$$$$$$$$$$$$$$$$$$$$$$$$$$$$$$$$$$$$
002056 横店东磁 涨幅2.53,市值88亿 
板块：稀土永磁,商品涨价,苹果概念,特斯拉
主买：13830万
主卖：-11236万
净买入：2593万
类型：游资
符合条件1，单位时间新增买入 1373万
--------------------------------------------------------------------------------------------
时间： 1321
--------------------------------------------------------------------------------------------
时间： 1322
--------------------------------------------------------------------------------------------
时间： 1323
--------------------------------------------------------------------------------------------
时间： 1324
--------------------------------------------------------------------------------------------
时间： 1325
--------------------------------------------------------------------------------------------
时间： 1326
--------------------------------------------------------------------------------------------
时间： 1327
--------------------------------------------------------------------------------------------
时间： 1328
--------------------------------------------------------------------------------------------
时间： 1329
$$$$$$$$$$$$$$$$$$$$$$$$$$$$$$$$$$$$$$$$$$$$$$$$$$$$$$$$$$$
000930 中粮生化 涨幅8.41,市值108亿 
板块：混改
主买：17150万
主卖：-6948万
净买入：10203万
类型：
符合条件1，单位时间新增买入 811万
--------------------------------------------------------------------------------------------
时间： 1330
$$$$$$$$$$$$$$$$$$$$$$$$$$$$$$$$$$$$$$$$$$$$$$$$$$$$$$$$$$$
002340 格林美 涨幅1.97,市值219亿 
板块：钴涨价,锂电池
主买：28996万
主卖：-61588万
净买入：-32592万
类型：游资
符合条件1，单位时间新增买入 738万
--------------------------------------------------------------------------------------------
时间： 1331
--------------------------------------------------------------------------------------------
时间： 1332
--------------------------------------------------------------------------------------------
时间： 1333
--------------------------------------------------------------------------------------------
时间： 1334
$$$$$$$$$$$$$$$$$$$$$$$$$$$$$$$$$$$$$$$$$$$$$$$$$$$$$$$$$$$
002176 江特电机 涨幅6.36,市值198亿 
板块：锂电池,电气设备,商品涨价
主买：31645万
主卖：-16859万
净买入：14786万
类型：
符合条件1，单位时间新增买入 3463万
--------------------------------------------------------------------------------------------
时间： 1335
--------------------------------------------------------------------------------------------
时间： 1336
$$$$$$$$$$$$$$$$$$$$$$$$$$$$$$$$$$$$$$$$$$$$$$$$$$$$$$$$$$$
002497 雅化集团 涨幅6.78,市值173亿 
板块：锂电池,商品涨价
主买：31312万
主卖：-35819万
净买入：-4507万
类型：游资
符合条件1，单位时间新增买入 744万
--------------------------------------------------------------------------------------------
时间： 1337
--------------------------------------------------------------------------------------------
时间： 1338
--------------------------------------------------------------------------------------------
时间： 1339
--------------------------------------------------------------------------------------------
时间： 1340
--------------------------------------------------------------------------------------------
时间： 1341
$$$$$$$$$$$$$$$$$$$$$$$$$$$$$$$$$$$$$$$$$$$$$$$$$$$$$$$$$$$
002340 格林美 涨幅2.09,市值219亿 
板块：钴涨价,锂电池
主买：31745万
主卖：-67328万
净买入：-35583万
类型：游资
符合条件1，单位时间新增买入 722万
--------------------------------------------------------------------------------------------
时间： 1342
--------------------------------------------------------------------------------------------
时间： 1343
--------------------------------------------------------------------------------------------
时间： 1344
--------------------------------------------------------------------------------------------
时间： 1345
$$$$$$$$$$$$$$$$$$$$$$$$$$$$$$$$$$$$$$$$$$$$$$$$$$$$$$$$$$$
002176 江特电机 涨幅6.67,市值199亿 
板块：锂电池,电气设备,商品涨价
主买：33911万
主卖：-18232万
净买入：15678万
类型：
符合条件1，单位时间新增买入 747万
--------------------------------------------------------------------------------------------
时间： 1346
--------------------------------------------------------------------------------------------
时间： 1347
$$$$$$$$$$$$$$$$$$$$$$$$$$$$$$$$$$$$$$$$$$$$$$$$$$$$$$$$$$$
002176 江特电机 涨幅8.01,市值201亿 
板块：锂电池,电气设备,商品涨价
主买：37960万
主卖：-19158万
净买入：18802万
类型：
符合条件1，单位时间新增买入 2520万
--------------------------------------------------------------------------------------------
时间： 1348
$$$$$$$$$$$$$$$$$$$$$$$$$$$$$$$$$$$$$$$$$$$$$$$$$$$$$$$$$$$
002176 江特电机 涨幅7.34,市值200亿 
板块：锂电池,电气设备,商品涨价
主买：39306万
主卖：-19406万
净买入：19900万
类型：
符合条件1，单位时间新增买入 1098万
--------------------------------------------------------------------------------------------
时间： 1349
--------------------------------------------------------------------------------------------
时间： 1350
--------------------------------------------------------------------------------------------
时间： 1351
--------------------------------------------------------------------------------------------
时间： 1352
--------------------------------------------------------------------------------------------
时间： 1353
--------------------------------------------------------------------------------------------
时间： 1354
$$$$$$$$$$$$$$$$$$$$$$$$$$$$$$$$$$$$$$$$$$$$$$$$$$$$$$$$$$$
002176 江特电机 涨幅9.17,市值203亿 
板块：锂电池,电气设备,商品涨价
主买：43764万
主卖：-20261万
净买入：23504万
类型：
符合条件1，单位时间新增买入 3015万
--------------------------------------------------------------------------------------------
时间： 1355
$$$$$$$$$$$$$$$$$$$$$$$$$$$$$$$$$$$$$$$$$$$$$$$$$$$$$$$$$$$
600970 中材国际 涨幅3.58,市值80亿 
板块：一带一路
主买：4582万
主卖：-1445万
净买入：3137万
类型：
符合条件1，单位时间新增买入 3137万
$$$$$$$$$$$$$$$$$$$$$$$$$$$$$$$$$$$$$$$$$$$$$$$$$$$$$$$$$$$
300675 建科院 涨幅10.00,市值16亿 
板块：次新股,雄安新区
主买：8767万
主卖：-8046万
净买入：721万
类型：游资
符合条件1，单位时间新增买入 1109万
$$$$$$$$$$$$$$$$$$$$$$$$$$$$$$$$$$$$$$$$$$$$$$$$$$$$$$$$$$$
002407 多氟多 涨幅-1.14,市值154亿 
板块：锂电池,商品涨价
主买：15214万
主卖：-31576万
净买入：-16362万
类型：基金
符合条件1，单位时间新增买入 875万
--------------------------------------------------------------------------------------------
时间： 1356
$$$$$$$$$$$$$$$$$$$$$$$$$$$$$$$$$$$$$$$$$$$$$$$$$$$$$$$$$$$
300675 建科院 涨幅9.60,市值16亿 
板块：次新股,雄安新区
主买：13593万
主卖：-8046万
净买入：5547万
类型：游资
符合条件1，单位时间新增买入 4826万
--------------------------------------------------------------------------------------------
时间： 1357
$$$$$$$$$$$$$$$$$$$$$$$$$$$$$$$$$$$$$$$$$$$$$$$$$$$$$$$$$$$
002176 江特电机 涨幅9.72,市值204亿 
板块：锂电池,电气设备,商品涨价
主买：45659万
主卖：-20505万
净买入：25153万
类型：
符合条件1，单位时间新增买入 1270万
--------------------------------------------------------------------------------------------
时间： 1358
--------------------------------------------------------------------------------------------
时间： 1359
--------------------------------------------------------------------------------------------
时间： 1400
$$$$$$$$$$$$$$$$$$$$$$$$$$$$$$$$$$$$$$$$$$$$$$$$$$$$$$$$$$$
600499 科达洁能 涨幅6.73,市值130亿 
板块：商品涨价,锂电池
主买：16316万
主卖：-11219万
净买入：5098万
类型：
符合条件1，单位时间新增买入 703万
--------------------------------------------------------------------------------------------
时间： 1401
--------------------------------------------------------------------------------------------
时间： 1402
--------------------------------------------------------------------------------------------
时间： 1403
--------------------------------------------------------------------------------------------
时间： 1404
--------------------------------------------------------------------------------------------
时间： 1405
--------------------------------------------------------------------------------------------
时间： 1406
--------------------------------------------------------------------------------------------
时间： 1407
--------------------------------------------------------------------------------------------
时间： 1408
$$$$$$$$$$$$$$$$$$$$$$$$$$$$$$$$$$$$$$$$$$$$$$$$$$$$$$$$$$$
601003 柳钢股份 涨幅9.92,市值37亿 
板块：商品涨价,钢铁
主买：36043万
主卖：-17051万
净买入：18992万
类型：游资
符合条件1，单位时间新增买入 774万
$$$$$$$$$$$$$$$$$$$$$$$$$$$$$$$$$$$$$$$$$$$$$$$$$$$$$$$$$$$
300675 建科院 涨幅10.00,市值16亿 
板块：次新股,雄安新区
主买：17427万
主卖：-8526万
净买入：8902万
类型：游资
符合条件1，单位时间新增买入 2775万
$$$$$$$$$$$$$$$$$$$$$$$$$$$$$$$$$$$$$$$$$$$$$$$$$$$$$$$$$$$
600499 科达洁能 涨幅7.55,市值131亿 
板块：商品涨价,锂电池
主买：19837万
主卖：-12717万
净买入：7120万
类型：
符合条件1，单位时间新增买入 906万
--------------------------------------------------------------------------------------------
时间： 1409
$$$$$$$$$$$$$$$$$$$$$$$$$$$$$$$$$$$$$$$$$$$$$$$$$$$$$$$$$$$
002176 江特电机 涨幅9.24,市值204亿 
板块：锂电池,电气设备,商品涨价
主买：49037万
主卖：-20910万
净买入：28127万
类型：
符合条件1，单位时间新增买入 1320万
$$$$$$$$$$$$$$$$$$$$$$$$$$$$$$$$$$$$$$$$$$$$$$$$$$$$$$$$$$$
002340 格林美 涨幅3.44,市值222亿 
板块：钴涨价,锂电池
主买：39638万
主卖：-72673万
净买入：-33035万
类型：游资
符合条件1，单位时间新增买入 2509万
--------------------------------------------------------------------------------------------
时间： 1410
--------------------------------------------------------------------------------------------
时间： 1411
$$$$$$$$$$$$$$$$$$$$$$$$$$$$$$$$$$$$$$$$$$$$$$$$$$$$$$$$$$$
603113 金能科技 涨幅6.57,市值23亿 
板块：次新股,煤化工,商品涨价
主买：10233万
主卖：-2034万
净买入：8199万
类型：
符合条件1，单位时间新增买入 958万
--------------------------------------------------------------------------------------------
时间： 1412
$$$$$$$$$$$$$$$$$$$$$$$$$$$$$$$$$$$$$$$$$$$$$$$$$$$$$$$$$$$
603359 东珠景观 涨幅9.60,市值32亿 
板块：次新股
主买：22267万
主卖：-3841万
净买入：18426万
类型：
符合条件1，单位时间新增买入 704万
$$$$$$$$$$$$$$$$$$$$$$$$$$$$$$$$$$$$$$$$$$$$$$$$$$$$$$$$$$$
002460 赣锋锂业 涨幅1.46,市值445亿 
板块：锂电池,商品涨价
主买：62728万
主卖：-54694万
净买入：8034万
类型：游资
符合条件1，单位时间新增买入 734万
--------------------------------------------------------------------------------------------
时间： 1413
--------------------------------------------------------------------------------------------
时间： 1414
$$$$$$$$$$$$$$$$$$$$$$$$$$$$$$$$$$$$$$$$$$$$$$$$$$$$$$$$$$$
600773 西藏城投 涨幅6.54,市值61亿 
板块：锂电池,西藏板块
主买：9946万
主卖：-5838万
净买入：4108万
类型：游资
符合条件1，单位时间新增买入 4108万
$$$$$$$$$$$$$$$$$$$$$$$$$$$$$$$$$$$$$$$$$$$$$$$$$$$$$$$$$$$
002176 江特电机 涨幅10.03,市值205亿 
板块：锂电池,电气设备,商品涨价
主买：60868万
主卖：-24632万
净买入：36236万
类型：
符合条件1，单位时间新增买入 7150万
--------------------------------------------------------------------------------------------
时间： 1415
$$$$$$$$$$$$$$$$$$$$$$$$$$$$$$$$$$$$$$$$$$$$$$$$$$$$$$$$$$$
002497 雅化集团 涨幅7.54,市值174亿 
板块：锂电池,商品涨价
主买：37364万
主卖：-38246万
净买入：-882万
类型：游资
符合条件1，单位时间新增买入 2086万
--------------------------------------------------------------------------------------------
时间： 1416
$$$$$$$$$$$$$$$$$$$$$$$$$$$$$$$$$$$$$$$$$$$$$$$$$$$$$$$$$$$
002176 江特电机 涨幅10.03,市值205亿 
板块：锂电池,电气设备,商品涨价
主买：68611万
主卖：-26825万
净买入：41786万
类型：
符合条件1，单位时间新增买入 5550万
--------------------------------------------------------------------------------------------
时间： 1417
$$$$$$$$$$$$$$$$$$$$$$$$$$$$$$$$$$$$$$$$$$$$$$$$$$$$$$$$$$$
002407 多氟多 涨幅0.21,市值156亿 
板块：锂电池,商品涨价
主买：17929万
主卖：-32446万
净买入：-14517万
类型：基金
符合条件1，单位时间新增买入 1124万
--------------------------------------------------------------------------------------------
时间： 1418
--------------------------------------------------------------------------------------------
时间： 1419
--------------------------------------------------------------------------------------------
时间： 1420
--------------------------------------------------------------------------------------------
时间： 1421
--------------------------------------------------------------------------------------------
时间： 1422
--------------------------------------------------------------------------------------------
时间： 1423
$$$$$$$$$$$$$$$$$$$$$$$$$$$$$$$$$$$$$$$$$$$$$$$$$$$$$$$$$$$
600773 西藏城投 涨幅7.12,市值61亿 
板块：锂电池,西藏板块
主买：11823万
主卖：-6053万
净买入：5770万
类型：游资
符合条件1，单位时间新增买入 1010万
--------------------------------------------------------------------------------------------
时间： 1424
--------------------------------------------------------------------------------------------
时间： 1425
$$$$$$$$$$$$$$$$$$$$$$$$$$$$$$$$$$$$$$$$$$$$$$$$$$$$$$$$$$$
600499 科达洁能 涨幅9.92,市值134亿 
板块：商品涨价,锂电池
主买：28445万
主卖：-18492万
净买入：9953万
类型：
符合条件1，单位时间新增买入 1485万
--------------------------------------------------------------------------------------------
时间： 1426
$$$$$$$$$$$$$$$$$$$$$$$$$$$$$$$$$$$$$$$$$$$$$$$$$$$$$$$$$$$
600499 科达洁能 涨幅9.19,市值133亿 
板块：商品涨价,锂电池
主买：31894万
主卖：-18600万
净买入：13295万
类型：
符合条件1，单位时间新增买入 3342万
$$$$$$$$$$$$$$$$$$$$$$$$$$$$$$$$$$$$$$$$$$$$$$$$$$$$$$$$$$$
600773 西藏城投 涨幅9.99,市值63亿 
板块：锂电池,西藏板块
主买：16021万
主卖：-9236万
净买入：6785万
类型：游资
符合条件1，单位时间新增买入 1366万
$$$$$$$$$$$$$$$$$$$$$$$$$$$$$$$$$$$$$$$$$$$$$$$$$$$$$$$$$$$
000831 五矿稀土 涨幅3.43,市值101亿 
板块：稀土永磁,商品涨价
主买：13728万
主卖：-7363万
净买入：6365万
类型：游资
符合条件1，单位时间新增买入 774万
--------------------------------------------------------------------------------------------
时间： 1427
$$$$$$$$$$$$$$$$$$$$$$$$$$$$$$$$$$$$$$$$$$$$$$$$$$$$$$$$$$$
600773 西藏城投 涨幅9.99,市值63亿 
板块：锂电池,西藏板块
主买：18513万
主卖：-9542万
净买入：8971万
类型：游资
符合条件1，单位时间新增买入 2186万
$$$$$$$$$$$$$$$$$$$$$$$$$$$$$$$$$$$$$$$$$$$$$$$$$$$$$$$$$$$
600111 北方稀土 涨幅0.26,市值365亿 
板块：稀土永磁,商品涨价
主买：33304万
主卖：-53058万
净买入：-19754万
类型：游资
符合条件1，单位时间新增买入 872万
--------------------------------------------------------------------------------------------
时间： 1428
$$$$$$$$$$$$$$$$$$$$$$$$$$$$$$$$$$$$$$$$$$$$$$$$$$$$$$$$$$$
600773 西藏城投 涨幅9.99,市值63亿 
板块：锂电池,西藏板块
主买：19466万
主卖：-9742万
净买入：9725万
类型：游资
符合条件1，单位时间新增买入 754万
--------------------------------------------------------------------------------------------
时间： 1429
--------------------------------------------------------------------------------------------
时间： 1430
$$$$$$$$$$$$$$$$$$$$$$$$$$$$$$$$$$$$$$$$$$$$$$$$$$$$$$$$$$$
601969 海南矿业 涨幅10.01,市值29亿 
板块：铁矿石涨价
主买：11486万
主卖：-3267万
净买入：8219万
类型：基金
符合条件1，单位时间新增买入 2253万
--------------------------------------------------------------------------------------------
时间： 1431
$$$$$$$$$$$$$$$$$$$$$$$$$$$$$$$$$$$$$$$$$$$$$$$$$$$$$$$$$$$
600499 科达洁能 涨幅9.83,市值134亿 
板块：商品涨价,锂电池
主买：34919万
主卖：-21047万
净买入：13872万
类型：
符合条件1，单位时间新增买入 774万
--------------------------------------------------------------------------------------------
时间： 1432
$$$$$$$$$$$$$$$$$$$$$$$$$$$$$$$$$$$$$$$$$$$$$$$$$$$$$$$$$$$
002497 雅化集团 涨幅9.05,市值177亿 
板块：锂电池,商品涨价
主买：40205万
主卖：-40559万
净买入：-354万
类型：游资
符合条件1，单位时间新增买入 1376万
--------------------------------------------------------------------------------------------
时间： 1433
--------------------------------------------------------------------------------------------
时间： 1434
$$$$$$$$$$$$$$$$$$$$$$$$$$$$$$$$$$$$$$$$$$$$$$$$$$$$$$$$$$$
600499 科达洁能 涨幅10.01,市值134亿 
板块：商品涨价,锂电池
主买：38853万
主卖：-23674万
净买入：15179万
类型：
符合条件1，单位时间新增买入 1159万
$$$$$$$$$$$$$$$$$$$$$$$$$$$$$$$$$$$$$$$$$$$$$$$$$$$$$$$$$$$
002192 融捷股份 涨幅10.01,市值80亿 
板块：锂电池,商品涨价
主买：22250万
主卖：-7250万
净买入：14999万
类型：基金
符合条件1，单位时间新增买入 2692万
--------------------------------------------------------------------------------------------
时间： 1435
$$$$$$$$$$$$$$$$$$$$$$$$$$$$$$$$$$$$$$$$$$$$$$$$$$$$$$$$$$$
600111 北方稀土 涨幅0.52,市值366亿 
板块：稀土永磁,商品涨价
主买：34760万
主卖：-53058万
净买入：-18297万
类型：游资
符合条件1，单位时间新增买入 1109万
--------------------------------------------------------------------------------------------
时间： 1436
$$$$$$$$$$$$$$$$$$$$$$$$$$$$$$$$$$$$$$$$$$$$$$$$$$$$$$$$$$$
600499 科达洁能 涨幅10.01,市值134亿 
板块：商品涨价,锂电池
主买：45663万
主卖：-29535万
净买入：16128万
类型：
符合条件1，单位时间新增买入 948万
$$$$$$$$$$$$$$$$$$$$$$$$$$$$$$$$$$$$$$$$$$$$$$$$$$$$$$$$$$$
600111 北方稀土 涨幅0.83,市值367亿 
板块：稀土永磁,商品涨价
主买：35976万
主卖：-53237万
净买入：-17262万
类型：游资
符合条件1，单位时间新增买入 1036万
--------------------------------------------------------------------------------------------
时间： 1437
$$$$$$$$$$$$$$$$$$$$$$$$$$$$$$$$$$$$$$$$$$$$$$$$$$$$$$$$$$$
002460 赣锋锂业 涨幅3.36,市值453亿 
板块：锂电池,商品涨价
主买：68407万
主卖：-63170万
净买入：5237万
类型：游资
符合条件1，单位时间新增买入 1746万
$$$$$$$$$$$$$$$$$$$$$$$$$$$$$$$$$$$$$$$$$$$$$$$$$$$$$$$$$$$
002340 格林美 涨幅3.93,市值223亿 
板块：钴涨价,锂电池
主买：45441万
主卖：-84290万
净买入：-38849万
类型：游资
符合条件1，单位时间新增买入 811万
--------------------------------------------------------------------------------------------
时间： 1438
$$$$$$$$$$$$$$$$$$$$$$$$$$$$$$$$$$$$$$$$$$$$$$$$$$$$$$$$$$$
002497 雅化集团 涨幅10.00,市值178亿 
板块：锂电池,商品涨价
主买：51546万
主卖：-44899万
净买入：6646万
类型：游资
符合条件1，单位时间新增买入 7885万
--------------------------------------------------------------------------------------------
时间： 1439
$$$$$$$$$$$$$$$$$$$$$$$$$$$$$$$$$$$$$$$$$$$$$$$$$$$$$$$$$$$
002407 多氟多 涨幅0.41,市值156亿 
板块：锂电池,商品涨价
主买：19464万
主卖：-33454万
净买入：-13990万
类型：基金
符合条件1，单位时间新增买入 811万
--------------------------------------------------------------------------------------------
时间： 1440
$$$$$$$$$$$$$$$$$$$$$$$$$$$$$$$$$$$$$$$$$$$$$$$$$$$$$$$$$$$
000831 五矿稀土 涨幅6.31,市值104亿 
板块：稀土永磁,商品涨价
主买：24193万
主卖：-10418万
净买入：13775万
类型：游资
符合条件1，单位时间新增买入 6161万
$$$$$$$$$$$$$$$$$$$$$$$$$$$$$$$$$$$$$$$$$$$$$$$$$$$$$$$$$$$
600392 盛和资源 涨幅0.31,市值135亿 
板块：稀土永磁,商品涨价
主买：13084万
主卖：-25027万
净买入：-11943万
类型：游资
符合条件1，单位时间新增买入 1847万
$$$$$$$$$$$$$$$$$$$$$$$$$$$$$$$$$$$$$$$$$$$$$$$$$$$$$$$$$$$
600111 北方稀土 涨幅1.45,市值369亿 
板块：稀土永磁,商品涨价
主买：42103万
主卖：-55400万
净买入：-13297万
类型：游资
符合条件1，单位时间新增买入 3998万
--------------------------------------------------------------------------------------------
时间： 1441
$$$$$$$$$$$$$$$$$$$$$$$$$$$$$$$$$$$$$$$$$$$$$$$$$$$$$$$$$$$
600367 红星发展 涨幅8.35,市值28亿 
板块：商品涨价
主买：5003万
主卖：-1937万
净买入：3066万
类型：
符合条件1，单位时间新增买入 3066万
$$$$$$$$$$$$$$$$$$$$$$$$$$$$$$$$$$$$$$$$$$$$$$$$$$$$$$$$$$$
000831 五矿稀土 涨幅6.68,市值104亿 
板块：稀土永磁,商品涨价
主买：24920万
主卖：-10418万
净买入：14502万
类型：游资
符合条件1，单位时间新增买入 728万
$$$$$$$$$$$$$$$$$$$$$$$$$$$$$$$$$$$$$$$$$$$$$$$$$$$$$$$$$$$
603799 华友钴业 涨幅2.46,市值240亿 
板块：钴,钴涨价
主买：27749万
主卖：-30045万
净买入：-2297万
类型：
符合条件1，单位时间新增买入 1145万
$$$$$$$$$$$$$$$$$$$$$$$$$$$$$$$$$$$$$$$$$$$$$$$$$$$$$$$$$$$
600111 北方稀土 涨幅1.61,市值370亿 
板块：稀土永磁,商品涨价
主买：43443万
主卖：-55554万
净买入：-12111万
类型：游资
符合条件1，单位时间新增买入 1186万
--------------------------------------------------------------------------------------------
时间： 1442
$$$$$$$$$$$$$$$$$$$$$$$$$$$$$$$$$$$$$$$$$$$$$$$$$$$$$$$$$$$
000831 五矿稀土 涨幅6.13,市值103亿 
板块：稀土永磁,商品涨价
主买：25764万
主卖：-10418万
净买入：15346万
类型：游资
符合条件1，单位时间新增买入 843万
$$$$$$$$$$$$$$$$$$$$$$$$$$$$$$$$$$$$$$$$$$$$$$$$$$$$$$$$$$$
603799 华友钴业 涨幅2.63,市值240亿 
板块：钴,钴涨价
主买：28826万
主卖：-30268万
净买入：-1442万
类型：
符合条件1，单位时间新增买入 855万
--------------------------------------------------------------------------------------------
时间： 1443
--------------------------------------------------------------------------------------------
时间： 1444
$$$$$$$$$$$$$$$$$$$$$$$$$$$$$$$$$$$$$$$$$$$$$$$$$$$$$$$$$$$
600367 红星发展 涨幅8.50,市值28亿 
板块：商品涨价
主买：6794万
主卖：-2522万
净买入：4272万
类型：
符合条件1，单位时间新增买入 855万
--------------------------------------------------------------------------------------------
时间： 1445
$$$$$$$$$$$$$$$$$$$$$$$$$$$$$$$$$$$$$$$$$$$$$$$$$$$$$$$$$$$
000831 五矿稀土 涨幅7.90,市值105亿 
板块：稀土永磁,商品涨价
主买：29458万
主卖：-11301万
净买入：18157万
类型：游资
符合条件1，单位时间新增买入 2122万
$$$$$$$$$$$$$$$$$$$$$$$$$$$$$$$$$$$$$$$$$$$$$$$$$$$$$$$$$$$
600111 北方稀土 涨幅2.44,市值373亿 
板块：稀土永磁,商品涨价
主买：44462万
主卖：-55946万
净买入：-11484万
类型：游资
符合条件1，单位时间新增买入 1137万
--------------------------------------------------------------------------------------------
时间： 1446
$$$$$$$$$$$$$$$$$$$$$$$$$$$$$$$$$$$$$$$$$$$$$$$$$$$$$$$$$$$
600111 北方稀土 涨幅2.23,市值372亿 
板块：稀土永磁,商品涨价
主买：48160万
主卖：-56659万
净买入：-8498万
类型：游资
符合条件1，单位时间新增买入 2986万
$$$$$$$$$$$$$$$$$$$$$$$$$$$$$$$$$$$$$$$$$$$$$$$$$$$$$$$$$$$
000795 英洛华 涨幅3.86,市值46亿 
板块：稀土永磁,商品涨价
主买：9126万
主卖：-21807万
净买入：-12681万
类型：游资
符合条件1，单位时间新增买入 1217万
--------------------------------------------------------------------------------------------
时间： 1447
--------------------------------------------------------------------------------------------
时间： 1448
$$$$$$$$$$$$$$$$$$$$$$$$$$$$$$$$$$$$$$$$$$$$$$$$$$$$$$$$$$$
000762 西藏矿业 涨幅0.44,市值88亿 
板块：商品涨价,西藏板块,锂电池
主买：45346万
主卖：-53264万
净买入：-7919万
类型：游资
符合条件1，单位时间新增买入 1032万
--------------------------------------------------------------------------------------------
时间： 1449
--------------------------------------------------------------------------------------------
时间： 1450
--------------------------------------------------------------------------------------------
时间： 1451
$$$$$$$$$$$$$$$$$$$$$$$$$$$$$$$$$$$$$$$$$$$$$$$$$$$$$$$$$$$
002225 濮耐股份 涨幅5.70,市值35亿 
板块：防火材料
主买：3742万
主卖：-1187万
净买入：2555万
类型：游资
符合条件1，单位时间新增买入 2555万
$$$$$$$$$$$$$$$$$$$$$$$$$$$$$$$$$$$$$$$$$$$$$$$$$$$$$$$$$$$
002584 西陇科学 涨幅1.77,市值37亿 
板块：庄股
主买：2817万
主卖：-1742万
净买入：1075万
类型：庄股
符合条件1，单位时间新增买入 1075万
--------------------------------------------------------------------------------------------
时间： 1452
$$$$$$$$$$$$$$$$$$$$$$$$$$$$$$$$$$$$$$$$$$$$$$$$$$$$$$$$$$$
300224 正海磁材 涨幅4.71,市值52亿 
板块：商品涨价,稀土永磁
主买：9674万
主卖：-5955万
净买入：3719万
类型：游资
符合条件1，单位时间新增买入 3719万
$$$$$$$$$$$$$$$$$$$$$$$$$$$$$$$$$$$$$$$$$$$$$$$$$$$$$$$$$$$
000795 英洛华 涨幅3.74,市值46亿 
板块：稀土永磁,商品涨价
主买：11446万
主卖：-21807万
净买入：-10361万
类型：游资
符合条件1，单位时间新增买入 1045万
--------------------------------------------------------------------------------------------
时间： 1453
$$$$$$$$$$$$$$$$$$$$$$$$$$$$$$$$$$$$$$$$$$$$$$$$$$$$$$$$$$$
600367 红星发展 涨幅10.01,市值28亿 
板块：商品涨价
主买：11862万
主卖：-2850万
净买入：9012万
类型：
符合条件1，单位时间新增买入 2785万
--------------------------------------------------------------------------------------------
时间： 1454
$$$$$$$$$$$$$$$$$$$$$$$$$$$$$$$$$$$$$$$$$$$$$$$$$$$$$$$$$$$
603603 博天环境 涨幅6.71,市值21亿 
板块：雄安环保,次新股
主买：13931万
主卖：-8090万
净买入：5841万
类型：游资
符合条件1，单位时间新增买入 708万
--------------------------------------------------------------------------------------------
时间： 1455
$$$$$$$$$$$$$$$$$$$$$$$$$$$$$$$$$$$$$$$$$$$$$$$$$$$$$$$$$$$
600367 红星发展 涨幅10.01,市值28亿 
板块：商品涨价
主买：13085万
主卖：-3343万
净买入：9741万
类型：
符合条件1，单位时间新增买入 729万
$$$$$$$$$$$$$$$$$$$$$$$$$$$$$$$$$$$$$$$$$$$$$$$$$$$$$$$$$$$
000762 西藏矿业 涨幅1.65,市值90亿 
板块：商品涨价,西藏板块,锂电池
主买：50208万
主卖：-57579万
净买入：-7371万
类型：游资
符合条件1，单位时间新增买入 2915万
$$$$$$$$$$$$$$$$$$$$$$$$$$$$$$$$$$$$$$$$$$$$$$$$$$$$$$$$$$$
000795 英洛华 涨幅4.44,市值47亿 
板块：稀土永磁,商品涨价
主买：12520万
主卖：-21807万
净买入：-9287万
类型：游资
符合条件1，单位时间新增买入 947万
$$$$$$$$$$$$$$$$$$$$$$$$$$$$$$$$$$$$$$$$$$$$$$$$$$$$$$$$$$$
600291 西水股份 涨幅0.51,市值148亿 
板块：msci概念,保险,蓝筹股,低市盈率
主买：8556万
主卖：-29124万
净买入：-20568万
类型：基金
符合条件1，单位时间新增买入 1832万
--------------------------------------------------------------------------------------------
时间： 1456
$$$$$$$$$$$$$$$$$$$$$$$$$$$$$$$$$$$$$$$$$$$$$$$$$$$$$$$$$$$
002340 格林美 涨幅4.05,市值224亿 
板块：钴涨价,锂电池
主买：55709万
主卖：-94145万
净买入：-38437万
类型：游资
符合条件1，单位时间新增买入 2219万
$$$$$$$$$$$$$$$$$$$$$$$$$$$$$$$$$$$$$$$$$$$$$$$$$$$$$$$$$$$
600516 方大炭素 涨幅0.71,市值366亿 
板块：石墨烯,商品涨价
主买：79678万
主卖：-134974万
净买入：-55296万
类型：游资
符合条件1，单位时间新增买入 958万
--------------------------------------------------------------------------------------------
时间： 1457
$$$$$$$$$$$$$$$$$$$$$$$$$$$$$$$$$$$$$$$$$$$$$$$$$$$$$$$$$$$
600259 广晟有色 涨幅2.93,市值77亿 
板块：稀土永磁,商品涨价
主买：11718万
主卖：-7734万
净买入：3984万
类型：游资
符合条件1，单位时间新增买入 3984万
$$$$$$$$$$$$$$$$$$$$$$$$$$$$$$$$$$$$$$$$$$$$$$$$$$$$$$$$$$$
300571 平治信息 涨幅3.64,市值14亿 
板块：中报高送转
主买：3033万
主卖：-1863万
净买入：1171万
类型：游资
符合条件1，单位时间新增买入 1171万
$$$$$$$$$$$$$$$$$$$$$$$$$$$$$$$$$$$$$$$$$$$$$$$$$$$$$$$$$$$
601101 昊华能源 涨幅5.08,市值50亿 
板块：商品涨价,煤炭
主买：9748万
主卖：-5281万
净买入：4466万
类型：基金
符合条件1，单位时间新增买入 1007万
$$$$$$$$$$$$$$$$$$$$$$$$$$$$$$$$$$$$$$$$$$$$$$$$$$$$$$$$$$$
600326 西藏天路 涨幅2.60,市值74亿 
板块：商品涨价,西藏板块
主买：7133万
主卖：-7042万
净买入：92万
类型：游资
符合条件1，单位时间新增买入 1320万
$$$$$$$$$$$$$$$$$$$$$$$$$$$$$$$$$$$$$$$$$$$$$$$$$$$$$$$$$$$
600291 西水股份 涨幅0.67,市值148亿 
板块：msci概念,保险,蓝筹股,低市盈率
主买：9739万
主卖：-29124万
净买入：-19385万
类型：基金
符合条件1，单位时间新增买入 1183万
--------------------------------------------------------------------------------------------
时间： 1458
--------------------------------------------------------------------------------------------
时间： 1459
$$$$$$$$$$$$$$$$$$$$$$$$$$$$$$$$$$$$$$$$$$$$$$$$$$$$$$$$$$$
600503 华丽家族 涨幅4.59,市值114亿 
板块：石墨烯
主买：20945万
主卖：-4939万
净买入：16006万
类型：游资
符合条件1，单位时间新增买入 16006万
$$$$$$$$$$$$$$$$$$$$$$$$$$$$$$$$$$$$$$$$$$$$$$$$$$$$$$$$$$$
601388 怡球资源 涨幅5.63,市值71亿 
板块：有色金属
主买：18767万
主卖：-10876万
净买入：7891万
类型：游资
符合条件1，单位时间新增买入 7891万
$$$$$$$$$$$$$$$$$$$$$$$$$$$$$$$$$$$$$$$$$$$$$$$$$$$$$$$$$$$
600008 首创股份 涨幅-0.57,市值152亿 
板块：雄安环保
主买：24674万
主卖：-16285万
净买入：8389万
类型：
符合条件1，单位时间新增买入 1057万
$$$$$$$$$$$$$$$$$$$$$$$$$$$$$$$$$$$$$$$$$$$$$$$$$$$$$$$$$$$
600326 西藏天路 涨幅2.77,市值74亿 
板块：商品涨价,西藏板块
主买：8156万
主卖：-7042万
净买入：1115万
类型：游资
符合条件1，单位时间新增买入 1023万
--------------------------------------------------------------------------------------------
时间： 1500
$$$$$$$$$$$$$$$$$$$$$$$$$$$$$$$$$$$$$$$$$$$$$$$$$$$$$$$$$$$
300693 盛弘股份 涨幅4.93,市值17亿 
板块：充电桩,次新股
主买：12261万
主卖：-11096万
净买入：1166万
类型：
符合条件1，单位时间新增买入 717万
$$$$$$$$$$$$$$$$$$$$$$$$$$$$$$$$$$$$$$$$$$$$$$$$$$$$$$$$$$$
002056 横店东磁 涨幅2.10,市值88亿 
板块：稀土永磁,商品涨价,苹果概念,特斯拉
主买：22459万
主卖：-23307万
净买入：-848万
类型：游资
符合条件1，单位时间新增买入 1186万
$$$$$$$$$$$$$$$$$$$$$$$$$$$$$$$$$$$$$$$$$$$$$$$$$$$$$$$$$$$
000762 西藏矿业 涨幅2.85,市值91亿 
板块：商品涨价,西藏板块,锂电池
主买：56338万
主卖：-61864万
净买入：-5526万
类型：游资
符合条件1，单位时间新增买入 1659万
$$$$$$$$$$$$$$$$$$$$$$$$$$$$$$$$$$$$$$$$$$$$$$$$$$$$$$$$$$$
600111 北方稀土 涨幅1.77,市值370亿 
板块：稀土永磁,商品涨价
主买：51324万
主卖：-59634万
净买入：-8310万
类型：游资
符合条件1，单位时间新增买入 1092万
$$$$$$$$$$$$$$$$$$$$$$$$$$$$$$$$$$$$$$$$$$$$$$$$$$$$$$$$$$$
002362 汉王科技 涨幅-3.55,市值45亿 
板块：人脸识别
主买：3554万
主卖：-13531万
净买入：-9977万
类型：基金
符合条件1，单位时间新增买入 943万
$$$$$$$$$$$$$$$$$$$$$$$$$$$$$$$$$$$$$$$$$$$$$$$$$$$$$$$$$$$
600230 沧州大化 涨幅-3.55,市值95亿 
板块：商品涨价,化工
主买：10838万
主卖：-29004万
净买入：-18166万
类型：游资
符合条件1，单位时间新增买入 748万
$$$$$$$$$$$$$$$$$$$$$$$$$$$$$$$$$$$$$$$$$$$$$$$$$$$$$$$$$$$
600516 方大炭素 涨幅0.90,市值367亿 
板块：石墨烯,商品涨价
主买：83936万
主卖：-137443万
净买入：-53508万
类型：游资
符合条件1，单位时间新增买入 1607万
