--------------------------------------------------------------------------------------------
时间： 
--------------------------------------------------------------------------------------------
时间： 
--------------------------------------------------------------------------------------------
时间： 
--------------------------------------------------------------------------------------------
时间： 
--------------------------------------------------------------------------------------------
时间： 
$$$$$$$$$$$$$$$$$$$$$$$$$$$$$$$$$$$$$$$$$$$$$$$$$$$$$$$$$$$
002881 美格智能 涨幅9.99,市值10亿 
板块：次新股
主买：779万
主卖：-2039万
净买入：-1259万
类型：游资
符合条件1，单位时间新增买入 960万
--------------------------------------------------------------------------------------------
时间： 
$$$$$$$$$$$$$$$$$$$$$$$$$$$$$$$$$$$$$$$$$$$$$$$$$$$$$$$$$$$
300597 吉大通信 涨幅8.92,市值13亿 
板块：次新股,5G
主买：1052万
主卖：-207万
净买入：845万
类型：
符合条件1，单位时间新增买入 845万
--------------------------------------------------------------------------------------------
时间： 
$$$$$$$$$$$$$$$$$$$$$$$$$$$$$$$$$$$$$$$$$$$$$$$$$$$$$$$$$$$
300615 欣天科技 涨幅5.48,市值8亿 
板块：5G,次新股
主买：898万
主卖：-108万
净买入：790万
类型：
符合条件1，单位时间新增买入 790万
--------------------------------------------------------------------------------------------
时间： 
--------------------------------------------------------------------------------------------
时间： 
--------------------------------------------------------------------------------------------
时间： 
$$$$$$$$$$$$$$$$$$$$$$$$$$$$$$$$$$$$$$$$$$$$$$$$$$$$$$$$$$$
603559 中通国脉 涨幅10.02,市值11亿 
板块：5G
主买：6144万
主卖：-4577万
净买入：1567万
类型：
符合条件1，单位时间新增买入 1538万
--------------------------------------------------------------------------------------------
时间： 
--------------------------------------------------------------------------------------------
时间： 
$$$$$$$$$$$$$$$$$$$$$$$$$$$$$$$$$$$$$$$$$$$$$$$$$$$$$$$$$$$
300597 吉大通信 涨幅10.01,市值13亿 
板块：次新股,5G
主买：4472万
主卖：-2315万
净买入：2157万
类型：
符合条件1，单位时间新增买入 1590万
--------------------------------------------------------------------------------------------
时间： 
--------------------------------------------------------------------------------------------
时间： 
--------------------------------------------------------------------------------------------
时间： 
--------------------------------------------------------------------------------------------
时间： 
--------------------------------------------------------------------------------------------
时间： 
$$$$$$$$$$$$$$$$$$$$$$$$$$$$$$$$$$$$$$$$$$$$$$$$$$$$$$$$$$$
300666 江丰电子 涨幅8.89,市值27亿 
板块：次新股,半导体
主买：4182万
主卖：-5438万
净买入：-1255万
类型：游资
符合条件1，单位时间新增买入 1265万
--------------------------------------------------------------------------------------------
时间： 
--------------------------------------------------------------------------------------------
时间： 
--------------------------------------------------------------------------------------------
时间： 
--------------------------------------------------------------------------------------------
时间： 
--------------------------------------------------------------------------------------------
时间： 
--------------------------------------------------------------------------------------------
时间： 
$$$$$$$$$$$$$$$$$$$$$$$$$$$$$$$$$$$$$$$$$$$$$$$$$$$$$$$$$$$
002896 中大力德 涨幅6.61,市值11亿 
板块：开板次新
主买：1692万
主卖：0万
净买入：1692万
类型：
符合条件1，单位时间新增买入 1692万
$$$$$$$$$$$$$$$$$$$$$$$$$$$$$$$$$$$$$$$$$$$$$$$$$$$$$$$$$$$
600487 亨通光电 涨幅3.49,市值290亿 
板块：白马股,量子通信,5G
主买：6365万
主卖：-4962万
净买入：1404万
类型：
符合条件1，单位时间新增买入 1404万
$$$$$$$$$$$$$$$$$$$$$$$$$$$$$$$$$$$$$$$$$$$$$$$$$$$$$$$$$$$
000413 东旭光电 涨幅4.44,市值406亿 
板块：石墨烯
主买：7101万
主卖：-8182万
净买入：-1080万
类型：基金
符合条件1，单位时间新增买入 867万
--------------------------------------------------------------------------------------------
时间： 
$$$$$$$$$$$$$$$$$$$$$$$$$$$$$$$$$$$$$$$$$$$$$$$$$$$$$$$$$$$
002896 中大力德 涨幅8.53,市值11亿 
板块：开板次新
主买：2494万
主卖：0万
净买入：2494万
类型：
符合条件1，单位时间新增买入 802万
$$$$$$$$$$$$$$$$$$$$$$$$$$$$$$$$$$$$$$$$$$$$$$$$$$$$$$$$$$$
000413 东旭光电 涨幅4.25,市值406亿 
板块：石墨烯
主买：10869万
主卖：-8627万
净买入：2242万
类型：基金
符合条件1，单位时间新增买入 3322万
$$$$$$$$$$$$$$$$$$$$$$$$$$$$$$$$$$$$$$$$$$$$$$$$$$$$$$$$$$$
300457 赢合科技 涨幅3.24,市值51亿 
板块：高送转,锂电池
主买：1636万
主卖：-203万
净买入：1433万
类型：
符合条件1，单位时间新增买入 1433万
$$$$$$$$$$$$$$$$$$$$$$$$$$$$$$$$$$$$$$$$$$$$$$$$$$$$$$$$$$$
000063 中兴通讯 涨幅2.73,市值941亿 
板块：5G,白马股
主买：24829万
主卖：-34681万
净买入：-9851万
类型：基金
符合条件1，单位时间新增买入 1166万
--------------------------------------------------------------------------------------------
时间： 
$$$$$$$$$$$$$$$$$$$$$$$$$$$$$$$$$$$$$$$$$$$$$$$$$$$$$$$$$$$
002896 中大力德 涨幅10.00,市值11亿 
板块：开板次新
主买：5393万
主卖：-391万
净买入：5003万
类型：
符合条件1，单位时间新增买入 2508万
$$$$$$$$$$$$$$$$$$$$$$$$$$$$$$$$$$$$$$$$$$$$$$$$$$$$$$$$$$$
600522 中天科技 涨幅2.59,市值236亿 
板块：5G,锂电池,白马股
主买：16456万
主卖：-23773万
净买入：-7317万
类型：
符合条件1，单位时间新增买入 870万
--------------------------------------------------------------------------------------------
时间： 
$$$$$$$$$$$$$$$$$$$$$$$$$$$$$$$$$$$$$$$$$$$$$$$$$$$$$$$$$$$
002896 中大力德 涨幅10.00,市值11亿 
板块：开板次新
主买：6429万
主卖：-391万
净买入：6039万
类型：
符合条件1，单位时间新增买入 1036万
--------------------------------------------------------------------------------------------
时间： 
$$$$$$$$$$$$$$$$$$$$$$$$$$$$$$$$$$$$$$$$$$$$$$$$$$$$$$$$$$$
600487 亨通光电 涨幅4.93,市值294亿 
板块：白马股,量子通信,5G
主买：7785万
主卖：-5856万
净买入：1929万
类型：
符合条件1，单位时间新增买入 711万
$$$$$$$$$$$$$$$$$$$$$$$$$$$$$$$$$$$$$$$$$$$$$$$$$$$$$$$$$$$
603042 华脉科技 涨幅9.01,市值13亿 
板块：5G,次新股
主买：4216万
主卖：-2462万
净买入：1754万
类型：游资
符合条件1，单位时间新增买入 1749万
--------------------------------------------------------------------------------------------
时间： 
$$$$$$$$$$$$$$$$$$$$$$$$$$$$$$$$$$$$$$$$$$$$$$$$$$$$$$$$$$$
000413 东旭光电 涨幅5.00,市值409亿 
板块：石墨烯
主买：13029万
主卖：-9899万
净买入：3130万
类型：基金
符合条件1，单位时间新增买入 708万
$$$$$$$$$$$$$$$$$$$$$$$$$$$$$$$$$$$$$$$$$$$$$$$$$$$$$$$$$$$
603042 华脉科技 涨幅9.01,市值13亿 
板块：5G,次新股
主买：5091万
主卖：-2462万
净买入：2628万
类型：游资
符合条件1，单位时间新增买入 875万
--------------------------------------------------------------------------------------------
时间： 
$$$$$$$$$$$$$$$$$$$$$$$$$$$$$$$$$$$$$$$$$$$$$$$$$$$$$$$$$$$
000413 东旭光电 涨幅4.72,市值408亿 
板块：石墨烯
主买：14269万
主卖：-9899万
净买入：4370万
类型：基金
符合条件1，单位时间新增买入 1240万
$$$$$$$$$$$$$$$$$$$$$$$$$$$$$$$$$$$$$$$$$$$$$$$$$$$$$$$$$$$
000070 特发信息 涨幅8.53,市值36亿 
板块：5G
主买：5599万
主卖：-2272万
净买入：3327万
类型：游资
符合条件1，单位时间新增买入 2336万
--------------------------------------------------------------------------------------------
时间： 
$$$$$$$$$$$$$$$$$$$$$$$$$$$$$$$$$$$$$$$$$$$$$$$$$$$$$$$$$$$
600487 亨通光电 涨幅6.59,市值298亿 
板块：白马股,量子通信,5G
主买：11202万
主卖：-8105万
净买入：3097万
类型：
符合条件1，单位时间新增买入 808万
--------------------------------------------------------------------------------------------
时间： 
$$$$$$$$$$$$$$$$$$$$$$$$$$$$$$$$$$$$$$$$$$$$$$$$$$$$$$$$$$$
002176 江特电机 涨幅3.20,市值176亿 
板块：锂电池,电气设备,新能源汽车
主买：9523万
主卖：-9983万
净买入：-460万
类型：
符合条件1，单位时间新增买入 1336万
--------------------------------------------------------------------------------------------
时间： 
--------------------------------------------------------------------------------------------
时间： 
$$$$$$$$$$$$$$$$$$$$$$$$$$$$$$$$$$$$$$$$$$$$$$$$$$$$$$$$$$$
603042 华脉科技 涨幅10.01,市值13亿 
板块：5G,次新股
主买：7852万
主卖：-2564万
净买入：5288万
类型：游资
符合条件1，单位时间新增买入 2595万
--------------------------------------------------------------------------------------------
时间： 
$$$$$$$$$$$$$$$$$$$$$$$$$$$$$$$$$$$$$$$$$$$$$$$$$$$$$$$$$$$
603042 华脉科技 涨幅10.01,市值13亿 
板块：5G,次新股
主买：8989万
主卖：-2799万
净买入：6190万
类型：游资
符合条件1，单位时间新增买入 903万
--------------------------------------------------------------------------------------------
时间： 
$$$$$$$$$$$$$$$$$$$$$$$$$$$$$$$$$$$$$$$$$$$$$$$$$$$$$$$$$$$
603042 华脉科技 涨幅10.01,市值13亿 
板块：5G,次新股
主买：10184万
主卖：-2915万
净买入：7269万
类型：游资
符合条件1，单位时间新增买入 1079万
--------------------------------------------------------------------------------------------
时间： 
--------------------------------------------------------------------------------------------
时间： 
--------------------------------------------------------------------------------------------
时间： 
--------------------------------------------------------------------------------------------
时间： 
--------------------------------------------------------------------------------------------
时间： 
--------------------------------------------------------------------------------------------
时间： 
$$$$$$$$$$$$$$$$$$$$$$$$$$$$$$$$$$$$$$$$$$$$$$$$$$$$$$$$$$$
002881 美格智能 涨幅9.99,市值10亿 
板块：次新股,5G
主买：6130万
主卖：-5657万
净买入：472万
类型：游资
符合条件1，单位时间新增买入 1047万
--------------------------------------------------------------------------------------------
时间： 
--------------------------------------------------------------------------------------------
时间： 
--------------------------------------------------------------------------------------------
时间： 
--------------------------------------------------------------------------------------------
时间： 
--------------------------------------------------------------------------------------------
时间： 
$$$$$$$$$$$$$$$$$$$$$$$$$$$$$$$$$$$$$$$$$$$$$$$$$$$$$$$$$$$
603505 金石资源 涨幅5.71,市值17亿 
板块：次新股,萤石
主买：3174万
主卖：-327万
净买入：2848万
类型：游资
符合条件1，单位时间新增买入 2848万
--------------------------------------------------------------------------------------------
时间： 
$$$$$$$$$$$$$$$$$$$$$$$$$$$$$$$$$$$$$$$$$$$$$$$$$$$$$$$$$$$
603042 华脉科技 涨幅9.01,市值13亿 
板块：5G,次新股
主买：12156万
主卖：-3032万
净买入：9124万
类型：游资
符合条件1，单位时间新增买入 869万
--------------------------------------------------------------------------------------------
时间： 
--------------------------------------------------------------------------------------------
时间： 
$$$$$$$$$$$$$$$$$$$$$$$$$$$$$$$$$$$$$$$$$$$$$$$$$$$$$$$$$$$
603505 金石资源 涨幅8.12,市值17亿 
板块：次新股,萤石
主买：4356万
主卖：-327万
净买入：4030万
类型：游资
符合条件1，单位时间新增买入 921万
--------------------------------------------------------------------------------------------
时间： 
$$$$$$$$$$$$$$$$$$$$$$$$$$$$$$$$$$$$$$$$$$$$$$$$$$$$$$$$$$$
603505 金石资源 涨幅8.27,市值18亿 
板块：次新股,萤石
主买：5379万
主卖：-327万
净买入：5052万
类型：游资
符合条件1，单位时间新增买入 1023万
--------------------------------------------------------------------------------------------
时间： 
--------------------------------------------------------------------------------------------
时间： 
$$$$$$$$$$$$$$$$$$$$$$$$$$$$$$$$$$$$$$$$$$$$$$$$$$$$$$$$$$$
300635 达安股份 涨幅8.64,市值10亿 
板块：高送转
主买：3066万
主卖：-1223万
净买入：1843万
类型：
符合条件1，单位时间新增买入 1843万
$$$$$$$$$$$$$$$$$$$$$$$$$$$$$$$$$$$$$$$$$$$$$$$$$$$$$$$$$$$
000792 盐湖股份 涨幅2.33,市值225亿 
板块：锂电池,盐湖提锂
主买：20338万
主卖：-28069万
净买入：-7731万
类型：
符合条件1，单位时间新增买入 3117万
--------------------------------------------------------------------------------------------
时间： 
--------------------------------------------------------------------------------------------
时间： 
--------------------------------------------------------------------------------------------
时间： 
--------------------------------------------------------------------------------------------
时间： 
$$$$$$$$$$$$$$$$$$$$$$$$$$$$$$$$$$$$$$$$$$$$$$$$$$$$$$$$$$$
603500 祥和实业 涨幅6.60,市值12亿 
板块：开板次新
主买：2526万
主卖：-804万
净买入：1722万
类型：
符合条件1，单位时间新增买入 1722万
--------------------------------------------------------------------------------------------
时间： 
--------------------------------------------------------------------------------------------
时间： 
--------------------------------------------------------------------------------------------
时间： 
$$$$$$$$$$$$$$$$$$$$$$$$$$$$$$$$$$$$$$$$$$$$$$$$$$$$$$$$$$$
300597 吉大通信 涨幅10.01,市值13亿 
板块：次新股,5G
主买：7220万
主卖：-2920万
净买入：4300万
类型：
符合条件1，单位时间新增买入 893万
--------------------------------------------------------------------------------------------
时间： 
--------------------------------------------------------------------------------------------
时间： 
--------------------------------------------------------------------------------------------
时间： 
--------------------------------------------------------------------------------------------
时间： 
--------------------------------------------------------------------------------------------
时间： 
--------------------------------------------------------------------------------------------
时间： 
--------------------------------------------------------------------------------------------
时间： 
$$$$$$$$$$$$$$$$$$$$$$$$$$$$$$$$$$$$$$$$$$$$$$$$$$$$$$$$$$$
002460 赣锋锂业 涨幅1.16,市值400亿 
板块：锂电池
主买：13491万
主卖：-14239万
净买入：-748万
类型：游资
符合条件1，单位时间新增买入 1483万
--------------------------------------------------------------------------------------------
时间： 
$$$$$$$$$$$$$$$$$$$$$$$$$$$$$$$$$$$$$$$$$$$$$$$$$$$$$$$$$$$
300678 中科信息 涨幅10.00,市值23亿 
板块：次新股,妖股
主买：9949万
主卖：-3386万
净买入：6563万
类型：游资
符合条件1，单位时间新增买入 4408万
$$$$$$$$$$$$$$$$$$$$$$$$$$$$$$$$$$$$$$$$$$$$$$$$$$$$$$$$$$$
300635 达安股份 涨幅10.00,市值10亿 
板块：高送转
主买：5875万
主卖：-1858万
净买入：4017万
类型：
符合条件1，单位时间新增买入 1559万
--------------------------------------------------------------------------------------------
时间： 
$$$$$$$$$$$$$$$$$$$$$$$$$$$$$$$$$$$$$$$$$$$$$$$$$$$$$$$$$$$
300678 中科信息 涨幅10.00,市值23亿 
板块：次新股,妖股
主买：11305万
主卖：-3520万
净买入：7785万
类型：游资
符合条件1，单位时间新增买入 1222万
$$$$$$$$$$$$$$$$$$$$$$$$$$$$$$$$$$$$$$$$$$$$$$$$$$$$$$$$$$$
002460 赣锋锂业 涨幅1.37,市值401亿 
板块：锂电池
主买：15440万
主卖：-14762万
净买入：678万
类型：游资
符合条件1，单位时间新增买入 851万
--------------------------------------------------------------------------------------------
时间： 
--------------------------------------------------------------------------------------------
时间： 
$$$$$$$$$$$$$$$$$$$$$$$$$$$$$$$$$$$$$$$$$$$$$$$$$$$$$$$$$$$
002460 赣锋锂业 涨幅1.55,市值402亿 
板块：锂电池
主买：17401万
主卖：-15070万
净买入：2331万
类型：游资
符合条件1，单位时间新增买入 1179万
--------------------------------------------------------------------------------------------
时间： 
$$$$$$$$$$$$$$$$$$$$$$$$$$$$$$$$$$$$$$$$$$$$$$$$$$$$$$$$$$$
002460 赣锋锂业 涨幅1.56,市值402亿 
板块：锂电池
主买：18565万
主卖：-15070万
净买入：3496万
类型：游资
符合条件1，单位时间新增买入 1165万
--------------------------------------------------------------------------------------------
时间： 
$$$$$$$$$$$$$$$$$$$$$$$$$$$$$$$$$$$$$$$$$$$$$$$$$$$$$$$$$$$
300678 中科信息 涨幅8.84,市值23亿 
板块：次新股,妖股
主买：13840万
主卖：-4336万
净买入：9505万
类型：游资
符合条件1，单位时间新增买入 703万
--------------------------------------------------------------------------------------------
时间： 
--------------------------------------------------------------------------------------------
时间： 
--------------------------------------------------------------------------------------------
时间： 
$$$$$$$$$$$$$$$$$$$$$$$$$$$$$$$$$$$$$$$$$$$$$$$$$$$$$$$$$$$
603505 金石资源 涨幅8.12,市值17亿 
板块：次新股,萤石
主买：7941万
主卖：-1489万
净买入：6452万
类型：游资
符合条件1，单位时间新增买入 1475万
$$$$$$$$$$$$$$$$$$$$$$$$$$$$$$$$$$$$$$$$$$$$$$$$$$$$$$$$$$$
603500 祥和实业 涨幅10.00,市值13亿 
板块：开板次新
主买：7845万
主卖：-2353万
净买入：5492万
类型：
符合条件1，单位时间新增买入 3376万
--------------------------------------------------------------------------------------------
时间： 
$$$$$$$$$$$$$$$$$$$$$$$$$$$$$$$$$$$$$$$$$$$$$$$$$$$$$$$$$$$
603559 中通国脉 涨幅10.02,市值11亿 
板块：5G
主买：8862万
主卖：-6154万
净买入：2708万
类型：
符合条件1，单位时间新增买入 1057万
--------------------------------------------------------------------------------------------
时间： 
$$$$$$$$$$$$$$$$$$$$$$$$$$$$$$$$$$$$$$$$$$$$$$$$$$$$$$$$$$$
000792 盐湖股份 涨幅4.83,市值231亿 
板块：锂电池,盐湖提锂
主买：29093万
主卖：-40828万
净买入：-11735万
类型：
符合条件1，单位时间新增买入 893万
--------------------------------------------------------------------------------------------
时间： 
--------------------------------------------------------------------------------------------
时间： 
$$$$$$$$$$$$$$$$$$$$$$$$$$$$$$$$$$$$$$$$$$$$$$$$$$$$$$$$$$$
000792 盐湖股份 涨幅5.57,市值232亿 
板块：锂电池,盐湖提锂
主买：31332万
主卖：-41398万
净买入：-10066万
类型：
符合条件1，单位时间新增买入 1111万
--------------------------------------------------------------------------------------------
时间： 
--------------------------------------------------------------------------------------------
时间： 
--------------------------------------------------------------------------------------------
时间： 
$$$$$$$$$$$$$$$$$$$$$$$$$$$$$$$$$$$$$$$$$$$$$$$$$$$$$$$$$$$
000792 盐湖股份 涨幅5.69,市值233亿 
板块：锂电池,盐湖提锂
主买：33299万
主卖：-42589万
净买入：-9289万
类型：
符合条件1，单位时间新增买入 719万
--------------------------------------------------------------------------------------------
时间： 
--------------------------------------------------------------------------------------------
时间： 
--------------------------------------------------------------------------------------------
时间： 
--------------------------------------------------------------------------------------------
时间： 
$$$$$$$$$$$$$$$$$$$$$$$$$$$$$$$$$$$$$$$$$$$$$$$$$$$$$$$$$$$
000792 盐湖股份 涨幅7.39,市值236亿 
板块：锂电池,盐湖提锂
主买：36514万
主卖：-43134万
净买入：-6620万
类型：
符合条件1，单位时间新增买入 2309万
--------------------------------------------------------------------------------------------
时间： 
$$$$$$$$$$$$$$$$$$$$$$$$$$$$$$$$$$$$$$$$$$$$$$$$$$$$$$$$$$$
002460 赣锋锂业 涨幅1.82,市值403亿 
板块：锂电池
主买：23457万
主卖：-17547万
净买入：5911万
类型：游资
符合条件1，单位时间新增买入 1115万
--------------------------------------------------------------------------------------------
时间： 
$$$$$$$$$$$$$$$$$$$$$$$$$$$$$$$$$$$$$$$$$$$$$$$$$$$$$$$$$$$
002460 赣锋锂业 涨幅2.02,市值404亿 
板块：锂电池
主买：25502万
主卖：-17866万
净买入：7637万
类型：游资
符合条件1，单位时间新增买入 1726万
$$$$$$$$$$$$$$$$$$$$$$$$$$$$$$$$$$$$$$$$$$$$$$$$$$$$$$$$$$$
000792 盐湖股份 涨幅7.56,市值237亿 
板块：锂电池,盐湖提锂
主买：38892万
主卖：-44067万
净买入：-5175万
类型：
符合条件1，单位时间新增买入 1332万
--------------------------------------------------------------------------------------------
时间： 
--------------------------------------------------------------------------------------------
时间： 
--------------------------------------------------------------------------------------------
时间： 
--------------------------------------------------------------------------------------------
时间： 
$$$$$$$$$$$$$$$$$$$$$$$$$$$$$$$$$$$$$$$$$$$$$$$$$$$$$$$$$$$
000792 盐湖股份 涨幅8.19,市值238亿 
板块：锂电池,盐湖提锂
主买：42430万
主卖：-45938万
净买入：-3508万
类型：
符合条件1，单位时间新增买入 1729万
--------------------------------------------------------------------------------------------
时间： 
--------------------------------------------------------------------------------------------
时间： 
--------------------------------------------------------------------------------------------
时间： 
--------------------------------------------------------------------------------------------
时间： 
--------------------------------------------------------------------------------------------
时间： 
--------------------------------------------------------------------------------------------
时间： 
--------------------------------------------------------------------------------------------
时间： 
--------------------------------------------------------------------------------------------
时间： 
--------------------------------------------------------------------------------------------
时间： 
--------------------------------------------------------------------------------------------
时间： 
$$$$$$$$$$$$$$$$$$$$$$$$$$$$$$$$$$$$$$$$$$$$$$$$$$$$$$$$$$$
300597 吉大通信 涨幅10.01,市值13亿 
板块：次新股,5G
主买：10099万
主卖：-3342万
净买入：6757万
类型：
符合条件1，单位时间新增买入 2022万
--------------------------------------------------------------------------------------------
时间： 
--------------------------------------------------------------------------------------------
时间： 
--------------------------------------------------------------------------------------------
时间： 
--------------------------------------------------------------------------------------------
时间： 
$$$$$$$$$$$$$$$$$$$$$$$$$$$$$$$$$$$$$$$$$$$$$$$$$$$$$$$$$$$
300597 吉大通信 涨幅9.91,市值13亿 
板块：次新股,5G
主买：11238万
主卖：-3342万
净买入：7896万
类型：
符合条件1，单位时间新增买入 789万
--------------------------------------------------------------------------------------------
时间： 
--------------------------------------------------------------------------------------------
时间： 
--------------------------------------------------------------------------------------------
时间： 
--------------------------------------------------------------------------------------------
时间： 
--------------------------------------------------------------------------------------------
时间： 
--------------------------------------------------------------------------------------------
时间： 
--------------------------------------------------------------------------------------------
时间： 
--------------------------------------------------------------------------------------------
时间： 
--------------------------------------------------------------------------------------------
时间： 
--------------------------------------------------------------------------------------------
时间： 
--------------------------------------------------------------------------------------------
时间： 
$$$$$$$$$$$$$$$$$$$$$$$$$$$$$$$$$$$$$$$$$$$$$$$$$$$$$$$$$$$
002460 赣锋锂业 涨幅3.04,市值408亿 
板块：锂电池
主买：31991万
主卖：-21263万
净买入：10729万
类型：游资
符合条件1，单位时间新增买入 1554万
--------------------------------------------------------------------------------------------
时间： 
$$$$$$$$$$$$$$$$$$$$$$$$$$$$$$$$$$$$$$$$$$$$$$$$$$$$$$$$$$$
002699 美盛文化 涨幅0.31,市值22亿 
板块：庄股
主买：1518万
主卖：-394万
净买入：1124万
类型：庄股
符合条件1，单位时间新增买入 1124万
$$$$$$$$$$$$$$$$$$$$$$$$$$$$$$$$$$$$$$$$$$$$$$$$$$$$$$$$$$$
300597 吉大通信 涨幅10.01,市值13亿 
板块：次新股,5G
主买：12087万
主卖：-3419万
净买入：8668万
类型：
符合条件1，单位时间新增买入 752万
--------------------------------------------------------------------------------------------
时间： 
--------------------------------------------------------------------------------------------
时间： 
--------------------------------------------------------------------------------------------
时间： 
$$$$$$$$$$$$$$$$$$$$$$$$$$$$$$$$$$$$$$$$$$$$$$$$$$$$$$$$$$$
002176 江特电机 涨幅3.67,市值177亿 
板块：锂电池,电气设备,新能源汽车
主买：14197万
主卖：-14738万
净买入：-541万
类型：
符合条件1，单位时间新增买入 763万
--------------------------------------------------------------------------------------------
时间： 
--------------------------------------------------------------------------------------------
时间： 
--------------------------------------------------------------------------------------------
时间： 
--------------------------------------------------------------------------------------------
时间： 
--------------------------------------------------------------------------------------------
时间： 
--------------------------------------------------------------------------------------------
时间： 
--------------------------------------------------------------------------------------------
时间： 
--------------------------------------------------------------------------------------------
时间： 
--------------------------------------------------------------------------------------------
时间： 
--------------------------------------------------------------------------------------------
时间： 
--------------------------------------------------------------------------------------------
时间： 
--------------------------------------------------------------------------------------------
时间： 
--------------------------------------------------------------------------------------------
时间： 
--------------------------------------------------------------------------------------------
时间： 
--------------------------------------------------------------------------------------------
时间： 
--------------------------------------------------------------------------------------------
时间： 
--------------------------------------------------------------------------------------------
时间： 
--------------------------------------------------------------------------------------------
时间： 
--------------------------------------------------------------------------------------------
时间： 
--------------------------------------------------------------------------------------------
时间： 
--------------------------------------------------------------------------------------------
时间： 
--------------------------------------------------------------------------------------------
时间： 
--------------------------------------------------------------------------------------------
时间： 
--------------------------------------------------------------------------------------------
时间： 
--------------------------------------------------------------------------------------------
时间： 
--------------------------------------------------------------------------------------------
时间： 
--------------------------------------------------------------------------------------------
时间： 
--------------------------------------------------------------------------------------------
时间： 
--------------------------------------------------------------------------------------------
时间： 
--------------------------------------------------------------------------------------------
时间： 
--------------------------------------------------------------------------------------------
时间： 
--------------------------------------------------------------------------------------------
时间： 
--------------------------------------------------------------------------------------------
时间： 
--------------------------------------------------------------------------------------------
时间： 
--------------------------------------------------------------------------------------------
时间： 
--------------------------------------------------------------------------------------------
时间： 
--------------------------------------------------------------------------------------------
时间： 
--------------------------------------------------------------------------------------------
时间： 
$$$$$$$$$$$$$$$$$$$$$$$$$$$$$$$$$$$$$$$$$$$$$$$$$$$$$$$$$$$
300676 华大基因 涨幅7.31,市值70亿 
板块：次新股,创业板蓝筹,基因测序
主买：8356万
主卖：-5470万
净买入：2886万
类型：游资
符合条件1，单位时间新增买入 2886万
--------------------------------------------------------------------------------------------
时间： 
--------------------------------------------------------------------------------------------
时间： 
--------------------------------------------------------------------------------------------
时间： 
--------------------------------------------------------------------------------------------
时间： 
--------------------------------------------------------------------------------------------
时间： 
--------------------------------------------------------------------------------------------
时间： 
--------------------------------------------------------------------------------------------
时间： 
--------------------------------------------------------------------------------------------
时间： 
--------------------------------------------------------------------------------------------
时间： 
--------------------------------------------------------------------------------------------
时间： 
--------------------------------------------------------------------------------------------
时间： 
--------------------------------------------------------------------------------------------
时间： 
$$$$$$$$$$$$$$$$$$$$$$$$$$$$$$$$$$$$$$$$$$$$$$$$$$$$$$$$$$$
002896 中大力德 涨幅9.61,市值11亿 
板块：开板次新
主买：14621万
主卖：-1876万
净买入：12745万
类型：
符合条件1，单位时间新增买入 1917万
--------------------------------------------------------------------------------------------
时间： 
$$$$$$$$$$$$$$$$$$$$$$$$$$$$$$$$$$$$$$$$$$$$$$$$$$$$$$$$$$$
002896 中大力德 涨幅10.00,市值11亿 
板块：开板次新
主买：15713万
主卖：-2078万
净买入：13635万
类型：
符合条件1，单位时间新增买入 891万
--------------------------------------------------------------------------------------------
时间： 
--------------------------------------------------------------------------------------------
时间： 
--------------------------------------------------------------------------------------------
时间： 
--------------------------------------------------------------------------------------------
时间： 
--------------------------------------------------------------------------------------------
时间： 
--------------------------------------------------------------------------------------------
时间： 
$$$$$$$$$$$$$$$$$$$$$$$$$$$$$$$$$$$$$$$$$$$$$$$$$$$$$$$$$$$
000912 泸天化 涨幅8.37,市值28亿 
板块：股权转让,化工
主买：3217万
主卖：-1663万
净买入：1554万
类型：游资
符合条件1，单位时间新增买入 1554万
--------------------------------------------------------------------------------------------
时间： 
--------------------------------------------------------------------------------------------
时间： 
--------------------------------------------------------------------------------------------
时间： 
--------------------------------------------------------------------------------------------
时间： 
--------------------------------------------------------------------------------------------
时间： 
--------------------------------------------------------------------------------------------
时间： 
$$$$$$$$$$$$$$$$$$$$$$$$$$$$$$$$$$$$$$$$$$$$$$$$$$$$$$$$$$$
002405 四维图新 涨幅3.05,市值205亿 
板块：卫星导航,人工智能
主买：27561万
主卖：-17334万
净买入：10228万
类型：基金
符合条件1，单位时间新增买入 10228万
--------------------------------------------------------------------------------------------
时间： 
--------------------------------------------------------------------------------------------
时间： 
--------------------------------------------------------------------------------------------
时间： 
$$$$$$$$$$$$$$$$$$$$$$$$$$$$$$$$$$$$$$$$$$$$$$$$$$$$$$$$$$$
002881 美格智能 涨幅9.99,市值10亿 
板块：次新股,5G
主买：9863万
主卖：-10897万
净买入：-1034万
类型：游资
符合条件1，单位时间新增买入 833万
--------------------------------------------------------------------------------------------
时间： 
--------------------------------------------------------------------------------------------
时间： 
$$$$$$$$$$$$$$$$$$$$$$$$$$$$$$$$$$$$$$$$$$$$$$$$$$$$$$$$$$$
600522 中天科技 涨幅-0.52,市值229亿 
板块：5G,锂电池,白马股
主买：32467万
主卖：-46258万
净买入：-13791万
类型：
符合条件1，单位时间新增买入 832万
--------------------------------------------------------------------------------------------
时间： 
$$$$$$$$$$$$$$$$$$$$$$$$$$$$$$$$$$$$$$$$$$$$$$$$$$$$$$$$$$$
000413 东旭光电 涨幅2.27,市值398亿 
板块：石墨烯
主买：20759万
主卖：-27034万
净买入：-6274万
类型：基金
符合条件1，单位时间新增买入 718万
--------------------------------------------------------------------------------------------
时间： 
--------------------------------------------------------------------------------------------
时间： 
--------------------------------------------------------------------------------------------
时间： 
--------------------------------------------------------------------------------------------
时间： 
