--------------------------------------------------------------------------------------------
时间： 
--------------------------------------------------------------------------------------------
时间： 
--------------------------------------------------------------------------------------------
时间： 
--------------------------------------------------------------------------------------------
时间： 
--------------------------------------------------------------------------------------------
时间： 
$$$$$$$$$$$$$$$$$$$$$$$$$$$$$$$$$$$$$$$$$$$$$$$$$$$$$$$$$$$
603321 梅轮电梯 涨幅3.25,市值16亿 
板块：
主买：8772万
主卖：-1188万
净买入：7584万
类型：
符合条件1，单位时间新增买入 7584万
$$$$$$$$$$$$$$$$$$$$$$$$$$$$$$$$$$$$$$$$$$$$$$$$$$$$$$$$$$$
002899 英派斯 涨幅4.82,市值14亿 
板块：
主买：6108万
主卖：0万
净买入：6108万
类型：
符合条件1，单位时间新增买入 6108万
$$$$$$$$$$$$$$$$$$$$$$$$$$$$$$$$$$$$$$$$$$$$$$$$$$$$$$$$$$$
300500 启迪设计 涨幅10.01,市值16亿 
板块：雄安新区
主买：3522万
主卖：-546万
净买入：2975万
类型：游资
符合条件1，单位时间新增买入 2566万
--------------------------------------------------------------------------------------------
时间： 
$$$$$$$$$$$$$$$$$$$$$$$$$$$$$$$$$$$$$$$$$$$$$$$$$$$$$$$$$$$
300500 启迪设计 涨幅10.01,市值16亿 
板块：雄安新区
主买：4771万
主卖：-766万
净买入：4004万
类型：游资
符合条件1，单位时间新增买入 1029万
--------------------------------------------------------------------------------------------
时间： 
$$$$$$$$$$$$$$$$$$$$$$$$$$$$$$$$$$$$$$$$$$$$$$$$$$$$$$$$$$$
300699 光威复材 涨幅-2.25,市值71亿 
板块：开板次新
主买：5533万
主卖：-10681万
净买入：-5148万
类型：
符合条件1，单位时间新增买入 916万
--------------------------------------------------------------------------------------------
时间： 
$$$$$$$$$$$$$$$$$$$$$$$$$$$$$$$$$$$$$$$$$$$$$$$$$$$$$$$$$$$
603321 梅轮电梯 涨幅3.88,市值16亿 
板块：开板次新
主买：10628万
主卖：-1188万
净买入：9440万
类型：
符合条件1，单位时间新增买入 1076万
--------------------------------------------------------------------------------------------
时间： 
--------------------------------------------------------------------------------------------
时间： 
--------------------------------------------------------------------------------------------
时间： 
$$$$$$$$$$$$$$$$$$$$$$$$$$$$$$$$$$$$$$$$$$$$$$$$$$$$$$$$$$$
300693 盛弘股份 涨幅7.33,市值14亿 
板块：充电桩,次新股
主买：1174万
主卖：0万
净买入：1174万
类型：
符合条件1，单位时间新增买入 1174万
--------------------------------------------------------------------------------------------
时间： 
$$$$$$$$$$$$$$$$$$$$$$$$$$$$$$$$$$$$$$$$$$$$$$$$$$$$$$$$$$$
002797 第一创业 涨幅3.96,市值211亿 
板块：证券
主买：3321万
主卖：-981万
净买入：2340万
类型：游资
符合条件1，单位时间新增买入 2340万
--------------------------------------------------------------------------------------------
时间： 
$$$$$$$$$$$$$$$$$$$$$$$$$$$$$$$$$$$$$$$$$$$$$$$$$$$$$$$$$$$
000792 盐湖股份 涨幅3.34,市值252亿 
板块：锂电池,盐湖提锂
主买：4377万
主卖：-7655万
净买入：-3278万
类型：
符合条件1，单位时间新增买入 969万
--------------------------------------------------------------------------------------------
时间： 
$$$$$$$$$$$$$$$$$$$$$$$$$$$$$$$$$$$$$$$$$$$$$$$$$$$$$$$$$$$
002797 第一创业 涨幅5.22,市值213亿 
板块：证券
主买：5182万
主卖：-981万
净买入：4201万
类型：游资
符合条件1，单位时间新增买入 2307万
--------------------------------------------------------------------------------------------
时间： 
$$$$$$$$$$$$$$$$$$$$$$$$$$$$$$$$$$$$$$$$$$$$$$$$$$$$$$$$$$$
000725 京东方Ａ 涨幅3.12,市值1125亿 
板块：OLED
主买：19039万
主卖：-22680万
净买入：-3641万
类型：
符合条件1，单位时间新增买入 846万
--------------------------------------------------------------------------------------------
时间： 
$$$$$$$$$$$$$$$$$$$$$$$$$$$$$$$$$$$$$$$$$$$$$$$$$$$$$$$$$$$
300703 创源文化 涨幅-0.86,市值11亿 
板块：开板次新
主买：5877万
主卖：0万
净买入：5877万
类型：
符合条件1，单位时间新增买入 5877万
--------------------------------------------------------------------------------------------
时间： 
$$$$$$$$$$$$$$$$$$$$$$$$$$$$$$$$$$$$$$$$$$$$$$$$$$$$$$$$$$$
300657 弘信电子 涨幅9.64,市值16亿 
板块：次新股
主买：9191万
主卖：-4991万
净买入：4200万
类型：游资
符合条件1，单位时间新增买入 4200万
--------------------------------------------------------------------------------------------
时间： 
$$$$$$$$$$$$$$$$$$$$$$$$$$$$$$$$$$$$$$$$$$$$$$$$$$$$$$$$$$$
000063 中兴通讯 涨幅2.38,市值988亿 
板块：5G,白马股
主买：13157万
主卖：-9997万
净买入：3161万
类型：基金
符合条件1，单位时间新增买入 3161万
--------------------------------------------------------------------------------------------
时间： 
$$$$$$$$$$$$$$$$$$$$$$$$$$$$$$$$$$$$$$$$$$$$$$$$$$$$$$$$$$$
300500 启迪设计 涨幅10.01,市值16亿 
板块：雄安新区
主买：8728万
主卖：-1395万
净买入：7334万
类型：游资
符合条件1，单位时间新增买入 782万
$$$$$$$$$$$$$$$$$$$$$$$$$$$$$$$$$$$$$$$$$$$$$$$$$$$$$$$$$$$
300693 盛弘股份 涨幅10.01,市值14亿 
板块：充电桩,次新股
主买：2746万
主卖：-225万
净买入：2521万
类型：
符合条件1，单位时间新增买入 1026万
--------------------------------------------------------------------------------------------
时间： 
$$$$$$$$$$$$$$$$$$$$$$$$$$$$$$$$$$$$$$$$$$$$$$$$$$$$$$$$$$$
300693 盛弘股份 涨幅10.01,市值14亿 
板块：充电桩,次新股
主买：4596万
主卖：-225万
净买入：4371万
类型：
符合条件1，单位时间新增买入 1850万
$$$$$$$$$$$$$$$$$$$$$$$$$$$$$$$$$$$$$$$$$$$$$$$$$$$$$$$$$$$
300638 广和通 涨幅3.52,市值9亿 
板块：5G,次新股
主买：1840万
主卖：-535万
净买入：1306万
类型：
符合条件1，单位时间新增买入 1306万
$$$$$$$$$$$$$$$$$$$$$$$$$$$$$$$$$$$$$$$$$$$$$$$$$$$$$$$$$$$
600966 博汇纸业 涨幅5.82,市值68亿 
板块：造纸
主买：1806万
主卖：-1344万
净买入：463万
类型：
符合条件1，单位时间新增买入 1036万
--------------------------------------------------------------------------------------------
时间： 
$$$$$$$$$$$$$$$$$$$$$$$$$$$$$$$$$$$$$$$$$$$$$$$$$$$$$$$$$$$
300197 铁汉生态 涨幅8.52,市值102亿 
板块：
主买：7304万
主卖：-4301万
净买入：3003万
类型：
符合条件1，单位时间新增买入 3003万
$$$$$$$$$$$$$$$$$$$$$$$$$$$$$$$$$$$$$$$$$$$$$$$$$$$$$$$$$$$
000725 京东方Ａ 涨幅2.23,市值1116亿 
板块：OLED
主买：21982万
主卖：-27100万
净买入：-5118万
类型：
符合条件1，单位时间新增买入 893万
--------------------------------------------------------------------------------------------
时间： 
--------------------------------------------------------------------------------------------
时间： 
$$$$$$$$$$$$$$$$$$$$$$$$$$$$$$$$$$$$$$$$$$$$$$$$$$$$$$$$$$$
300500 启迪设计 涨幅9.96,市值16亿 
板块：雄安新区
主买：11206万
主卖：-1672万
净买入：9535万
类型：游资
符合条件1，单位时间新增买入 886万
$$$$$$$$$$$$$$$$$$$$$$$$$$$$$$$$$$$$$$$$$$$$$$$$$$$$$$$$$$$
600887 伊利股份 涨幅5.30,市值1368亿 
板块：白马股,乳业
主买：19800万
主卖：-11798万
净买入：8003万
类型：基金
符合条件1，单位时间新增买入 8003万
$$$$$$$$$$$$$$$$$$$$$$$$$$$$$$$$$$$$$$$$$$$$$$$$$$$$$$$$$$$
600966 博汇纸业 涨幅6.57,市值68亿 
板块：造纸
主买：2410万
主卖：-1496万
净买入：914万
类型：
符合条件1，单位时间新增买入 806万
--------------------------------------------------------------------------------------------
时间： 
--------------------------------------------------------------------------------------------
时间： 
$$$$$$$$$$$$$$$$$$$$$$$$$$$$$$$$$$$$$$$$$$$$$$$$$$$$$$$$$$$
603559 中通国脉 涨幅4.57,市值12亿 
板块：5G
主买：3988万
主卖：-404万
净买入：3584万
类型：
符合条件1，单位时间新增买入 3584万
$$$$$$$$$$$$$$$$$$$$$$$$$$$$$$$$$$$$$$$$$$$$$$$$$$$$$$$$$$$
000916 华北高速 涨幅5.51,市值39亿 
板块：重组,雄安新区
主买：2853万
主卖：-160万
净买入：2693万
类型：游资
符合条件1，单位时间新增买入 2693万
--------------------------------------------------------------------------------------------
时间： 
$$$$$$$$$$$$$$$$$$$$$$$$$$$$$$$$$$$$$$$$$$$$$$$$$$$$$$$$$$$
600231 凌钢股份 涨幅4.94,市值47亿 
板块：钢铁
主买：2599万
主卖：0万
净买入：2599万
类型：基金
符合条件1，单位时间新增买入 2599万
--------------------------------------------------------------------------------------------
时间： 
$$$$$$$$$$$$$$$$$$$$$$$$$$$$$$$$$$$$$$$$$$$$$$$$$$$$$$$$$$$
603559 中通国脉 涨幅7.18,市值12亿 
板块：5G
主买：5877万
主卖：-751万
净买入：5126万
类型：
符合条件1，单位时间新增买入 1240万
--------------------------------------------------------------------------------------------
时间： 
$$$$$$$$$$$$$$$$$$$$$$$$$$$$$$$$$$$$$$$$$$$$$$$$$$$$$$$$$$$
600490 鹏欣资源 涨幅5.86,市值124亿 
板块：钴
主买：7769万
主卖：-8371万
净买入：-602万
类型：游资
符合条件1，单位时间新增买入 829万
--------------------------------------------------------------------------------------------
时间： 
$$$$$$$$$$$$$$$$$$$$$$$$$$$$$$$$$$$$$$$$$$$$$$$$$$$$$$$$$$$
603559 中通国脉 涨幅6.63,市值12亿 
板块：5G
主买：7075万
主卖：-894万
净买入：6181万
类型：
符合条件1，单位时间新增买入 795万
$$$$$$$$$$$$$$$$$$$$$$$$$$$$$$$$$$$$$$$$$$$$$$$$$$$$$$$$$$$
002797 第一创业 涨幅5.72,市值214亿 
板块：证券
主买：8718万
主卖：-3338万
净买入：5380万
类型：游资
符合条件1，单位时间新增买入 2204万
$$$$$$$$$$$$$$$$$$$$$$$$$$$$$$$$$$$$$$$$$$$$$$$$$$$$$$$$$$$
601881 中国银河 涨幅2.72,市值93亿 
板块：证券,次新股
主买：3421万
主卖：-2270万
净买入：1152万
类型：游资
符合条件1，单位时间新增买入 1152万
--------------------------------------------------------------------------------------------
时间： 
$$$$$$$$$$$$$$$$$$$$$$$$$$$$$$$$$$$$$$$$$$$$$$$$$$$$$$$$$$$
002797 第一创业 涨幅6.48,市值216亿 
板块：证券
主买：10159万
主卖：-3959万
净买入：6200万
类型：游资
符合条件1，单位时间新增买入 820万
--------------------------------------------------------------------------------------------
时间： 
$$$$$$$$$$$$$$$$$$$$$$$$$$$$$$$$$$$$$$$$$$$$$$$$$$$$$$$$$$$
002797 第一创业 涨幅5.72,市值214亿 
板块：证券
主买：10885万
主卖：-3959万
净买入：6926万
类型：游资
符合条件1，单位时间新增买入 726万
--------------------------------------------------------------------------------------------
时间： 
--------------------------------------------------------------------------------------------
时间： 
--------------------------------------------------------------------------------------------
时间： 
--------------------------------------------------------------------------------------------
时间： 
$$$$$$$$$$$$$$$$$$$$$$$$$$$$$$$$$$$$$$$$$$$$$$$$$$$$$$$$$$$
002797 第一创业 涨幅7.07,市值217亿 
板块：证券
主买：12638万
主卖：-4457万
净买入：8181万
类型：游资
符合条件1，单位时间新增买入 876万
--------------------------------------------------------------------------------------------
时间： 
--------------------------------------------------------------------------------------------
时间： 
--------------------------------------------------------------------------------------------
时间： 
--------------------------------------------------------------------------------------------
时间： 
$$$$$$$$$$$$$$$$$$$$$$$$$$$$$$$$$$$$$$$$$$$$$$$$$$$$$$$$$$$
300500 启迪设计 涨幅10.01,市值16亿 
板块：雄安新区
主买：14229万
主卖：-2185万
净买入：12044万
类型：游资
符合条件1，单位时间新增买入 1901万
$$$$$$$$$$$$$$$$$$$$$$$$$$$$$$$$$$$$$$$$$$$$$$$$$$$$$$$$$$$
300247 乐金健康 涨幅6.91,市值31亿 
板块：
主买：3092万
主卖：-374万
净买入：2718万
类型：
符合条件1，单位时间新增买入 2718万
--------------------------------------------------------------------------------------------
时间： 
$$$$$$$$$$$$$$$$$$$$$$$$$$$$$$$$$$$$$$$$$$$$$$$$$$$$$$$$$$$
603559 中通国脉 涨幅7.18,市值12亿 
板块：5G
主买：9595万
主卖：-894万
净买入：8702万
类型：
符合条件1，单位时间新增买入 723万
--------------------------------------------------------------------------------------------
时间： 
--------------------------------------------------------------------------------------------
时间： 
--------------------------------------------------------------------------------------------
时间： 
--------------------------------------------------------------------------------------------
时间： 
--------------------------------------------------------------------------------------------
时间： 
--------------------------------------------------------------------------------------------
时间： 
--------------------------------------------------------------------------------------------
时间： 
$$$$$$$$$$$$$$$$$$$$$$$$$$$$$$$$$$$$$$$$$$$$$$$$$$$$$$$$$$$
000725 京东方Ａ 涨幅-0.22,市值1089亿 
板块：OLED
主买：50117万
主卖：-64700万
净买入：-14583万
类型：
符合条件1，单位时间新增买入 728万
--------------------------------------------------------------------------------------------
时间： 
$$$$$$$$$$$$$$$$$$$$$$$$$$$$$$$$$$$$$$$$$$$$$$$$$$$$$$$$$$$
603559 中通国脉 涨幅7.62,市值12亿 
板块：5G
主买：10563万
主卖：-894万
净买入：9669万
类型：
符合条件1，单位时间新增买入 842万
--------------------------------------------------------------------------------------------
时间： 
$$$$$$$$$$$$$$$$$$$$$$$$$$$$$$$$$$$$$$$$$$$$$$$$$$$$$$$$$$$
600490 鹏欣资源 涨幅7.28,市值125亿 
板块：钴
主买：12504万
主卖：-11152万
净买入：1351万
类型：游资
符合条件1，单位时间新增买入 774万
--------------------------------------------------------------------------------------------
时间： 
$$$$$$$$$$$$$$$$$$$$$$$$$$$$$$$$$$$$$$$$$$$$$$$$$$$$$$$$$$$
600711 盛屯矿业 涨幅4.30,市值129亿 
板块：有色金属
主买：10043万
主卖：-5474万
净买入：4569万
类型：
符合条件1，单位时间新增买入 4569万
--------------------------------------------------------------------------------------------
时间： 
$$$$$$$$$$$$$$$$$$$$$$$$$$$$$$$$$$$$$$$$$$$$$$$$$$$$$$$$$$$
600711 盛屯矿业 涨幅3.90,市值129亿 
板块：有色金属
主买：11420万
主卖：-5474万
净买入：5946万
类型：
符合条件1，单位时间新增买入 1377万
--------------------------------------------------------------------------------------------
时间： 
--------------------------------------------------------------------------------------------
时间： 
$$$$$$$$$$$$$$$$$$$$$$$$$$$$$$$$$$$$$$$$$$$$$$$$$$$$$$$$$$$
600711 盛屯矿业 涨幅4.10,市值129亿 
板块：有色金属
主买：13290万
主卖：-5799万
净买入：7491万
类型：
符合条件1，单位时间新增买入 1268万
--------------------------------------------------------------------------------------------
时间： 
--------------------------------------------------------------------------------------------
时间： 
--------------------------------------------------------------------------------------------
时间： 
--------------------------------------------------------------------------------------------
时间： 
--------------------------------------------------------------------------------------------
时间： 
--------------------------------------------------------------------------------------------
时间： 
--------------------------------------------------------------------------------------------
时间： 
--------------------------------------------------------------------------------------------
时间： 
$$$$$$$$$$$$$$$$$$$$$$$$$$$$$$$$$$$$$$$$$$$$$$$$$$$$$$$$$$$
600711 盛屯矿业 涨幅5.31,市值130亿 
板块：有色金属
主买：16329万
主卖：-6109万
净买入：10220万
类型：
符合条件1，单位时间新增买入 1492万
--------------------------------------------------------------------------------------------
时间： 
$$$$$$$$$$$$$$$$$$$$$$$$$$$$$$$$$$$$$$$$$$$$$$$$$$$$$$$$$$$
603559 中通国脉 涨幅9.99,市值12亿 
板块：5G
主买：15790万
主卖：-1779万
净买入：14012万
类型：
符合条件1，单位时间新增买入 4424万
$$$$$$$$$$$$$$$$$$$$$$$$$$$$$$$$$$$$$$$$$$$$$$$$$$$$$$$$$$$
600711 盛屯矿业 涨幅5.01,市值130亿 
板块：有色金属
主买：17408万
主卖：-6229万
净买入：11179万
类型：
符合条件1，单位时间新增买入 959万
$$$$$$$$$$$$$$$$$$$$$$$$$$$$$$$$$$$$$$$$$$$$$$$$$$$$$$$$$$$
300657 弘信电子 涨幅9.99,市值16亿 
板块：次新股
主买：10785万
主卖：-6120万
净买入：4665万
类型：游资
符合条件1，单位时间新增买入 780万
--------------------------------------------------------------------------------------------
时间： 
$$$$$$$$$$$$$$$$$$$$$$$$$$$$$$$$$$$$$$$$$$$$$$$$$$$$$$$$$$$
603559 中通国脉 涨幅9.52,市值12亿 
板块：5G
主买：16892万
主卖：-2100万
净买入：14793万
类型：
符合条件1，单位时间新增买入 781万
--------------------------------------------------------------------------------------------
时间： 
$$$$$$$$$$$$$$$$$$$$$$$$$$$$$$$$$$$$$$$$$$$$$$$$$$$$$$$$$$$
002340 格林美 涨幅2.99,市值228亿 
板块：钴,锂电池
主买：15210万
主卖：-7538万
净买入：7672万
类型：游资
符合条件1，单位时间新增买入 7672万
$$$$$$$$$$$$$$$$$$$$$$$$$$$$$$$$$$$$$$$$$$$$$$$$$$$$$$$$$$$
002194 武汉凡谷 涨幅9.97,市值30亿 
板块：5G
主买：7216万
主卖：-8949万
净买入：-1733万
类型：
符合条件1，单位时间新增买入 5645万
--------------------------------------------------------------------------------------------
时间： 
$$$$$$$$$$$$$$$$$$$$$$$$$$$$$$$$$$$$$$$$$$$$$$$$$$$$$$$$$$$
002194 武汉凡谷 涨幅9.97,市值30亿 
板块：5G
主买：9310万
主卖：-8949万
净买入：361万
类型：
符合条件1，单位时间新增买入 2094万
--------------------------------------------------------------------------------------------
时间： 
$$$$$$$$$$$$$$$$$$$$$$$$$$$$$$$$$$$$$$$$$$$$$$$$$$$$$$$$$$$
600887 伊利股份 涨幅5.49,市值1370亿 
板块：蓝筹股,乳业
主买：29462万
主卖：-20406万
净买入：9056万
类型：基金
符合条件1，单位时间新增买入 1437万
$$$$$$$$$$$$$$$$$$$$$$$$$$$$$$$$$$$$$$$$$$$$$$$$$$$$$$$$$$$
002194 武汉凡谷 涨幅9.97,市值30亿 
板块：5G
主买：10340万
主卖：-8949万
净买入：1391万
类型：
符合条件1，单位时间新增买入 1030万
--------------------------------------------------------------------------------------------
时间： 
$$$$$$$$$$$$$$$$$$$$$$$$$$$$$$$$$$$$$$$$$$$$$$$$$$$$$$$$$$$
002194 武汉凡谷 涨幅9.97,市值30亿 
板块：5G
主买：11450万
主卖：-8949万
净买入：2502万
类型：
符合条件1，单位时间新增买入 1111万
--------------------------------------------------------------------------------------------
时间： 
--------------------------------------------------------------------------------------------
时间： 
--------------------------------------------------------------------------------------------
时间： 
--------------------------------------------------------------------------------------------
时间： 
--------------------------------------------------------------------------------------------
时间： 
--------------------------------------------------------------------------------------------
时间： 
$$$$$$$$$$$$$$$$$$$$$$$$$$$$$$$$$$$$$$$$$$$$$$$$$$$$$$$$$$$
000063 中兴通讯 涨幅3.30,市值997亿 
板块：5G,白马股
主买：24768万
主卖：-20507万
净买入：4261万
类型：基金
符合条件1，单位时间新增买入 2647万
--------------------------------------------------------------------------------------------
时间： 
--------------------------------------------------------------------------------------------
时间： 
--------------------------------------------------------------------------------------------
时间： 
--------------------------------------------------------------------------------------------
时间： 
--------------------------------------------------------------------------------------------
时间： 
--------------------------------------------------------------------------------------------
时间： 
--------------------------------------------------------------------------------------------
时间： 
$$$$$$$$$$$$$$$$$$$$$$$$$$$$$$$$$$$$$$$$$$$$$$$$$$$$$$$$$$$
000063 中兴通讯 涨幅3.98,市值1004亿 
板块：5G,白马股
主买：28193万
主卖：-23757万
净买入：4436万
类型：基金
符合条件1，单位时间新增买入 1106万
$$$$$$$$$$$$$$$$$$$$$$$$$$$$$$$$$$$$$$$$$$$$$$$$$$$$$$$$$$$
300081 恒信东方 涨幅10.01,市值30亿 
板块：云通信
主买：3311万
主卖：-6869万
净买入：-3558万
类型：
符合条件1，单位时间新增买入 1101万
--------------------------------------------------------------------------------------------
时间： 
$$$$$$$$$$$$$$$$$$$$$$$$$$$$$$$$$$$$$$$$$$$$$$$$$$$$$$$$$$$
300025 华星创业 涨幅5.39,市值31亿 
板块：5G
主买：3449万
主卖：-1848万
净买入：1601万
类型：
符合条件1，单位时间新增买入 1601万
--------------------------------------------------------------------------------------------
时间： 
--------------------------------------------------------------------------------------------
时间： 
--------------------------------------------------------------------------------------------
时间： 
--------------------------------------------------------------------------------------------
时间： 
--------------------------------------------------------------------------------------------
时间： 
--------------------------------------------------------------------------------------------
时间： 
--------------------------------------------------------------------------------------------
时间： 
--------------------------------------------------------------------------------------------
时间： 
$$$$$$$$$$$$$$$$$$$$$$$$$$$$$$$$$$$$$$$$$$$$$$$$$$$$$$$$$$$
600522 中天科技 涨幅3.15,市值251亿 
板块：5G,锂电池,白马股
主买：11896万
主卖：-13652万
净买入：-1757万
类型：
符合条件1，单位时间新增买入 2807万
--------------------------------------------------------------------------------------------
时间： 
--------------------------------------------------------------------------------------------
时间： 
--------------------------------------------------------------------------------------------
时间： 
--------------------------------------------------------------------------------------------
时间： 
$$$$$$$$$$$$$$$$$$$$$$$$$$$$$$$$$$$$$$$$$$$$$$$$$$$$$$$$$$$
600522 中天科技 涨幅3.71,市值252亿 
板块：5G,锂电池,白马股
主买：13875万
主卖：-14459万
净买入：-584万
类型：
符合条件1，单位时间新增买入 1012万
--------------------------------------------------------------------------------------------
时间： 
$$$$$$$$$$$$$$$$$$$$$$$$$$$$$$$$$$$$$$$$$$$$$$$$$$$$$$$$$$$
002797 第一创业 涨幅6.40,市值216亿 
板块：证券
主买：18324万
主卖：-10459万
净买入：7865万
类型：游资
符合条件1，单位时间新增买入 948万
--------------------------------------------------------------------------------------------
时间： 
$$$$$$$$$$$$$$$$$$$$$$$$$$$$$$$$$$$$$$$$$$$$$$$$$$$$$$$$$$$
600460 士兰微 涨幅2.85,市值71亿 
板块：芯片,OLED
主买：5825万
主卖：-4135万
净买入：1690万
类型：
符合条件1，单位时间新增买入 1690万
--------------------------------------------------------------------------------------------
时间： 
--------------------------------------------------------------------------------------------
时间： 
--------------------------------------------------------------------------------------------
时间： 
--------------------------------------------------------------------------------------------
时间： 
--------------------------------------------------------------------------------------------
时间： 
$$$$$$$$$$$$$$$$$$$$$$$$$$$$$$$$$$$$$$$$$$$$$$$$$$$$$$$$$$$
002792 通宇通讯 涨幅8.34,市值30亿 
板块：5G,次新股
主买：3871万
主卖：-1186万
净买入：2685万
类型：
符合条件1，单位时间新增买入 2685万
$$$$$$$$$$$$$$$$$$$$$$$$$$$$$$$$$$$$$$$$$$$$$$$$$$$$$$$$$$$
600345 长江通信 涨幅10.01,市值33亿 
板块：5G
主买：5500万
主卖：-14297万
净买入：-8797万
类型：
符合条件1，单位时间新增买入 2377万
--------------------------------------------------------------------------------------------
时间： 
$$$$$$$$$$$$$$$$$$$$$$$$$$$$$$$$$$$$$$$$$$$$$$$$$$$$$$$$$$$
002093 国脉科技 涨幅9.30,市值40亿 
板块：
主买：4889万
主卖：-2185万
净买入：2703万
类型：
符合条件1，单位时间新增买入 2703万
--------------------------------------------------------------------------------------------
时间： 
--------------------------------------------------------------------------------------------
时间： 
--------------------------------------------------------------------------------------------
时间： 
--------------------------------------------------------------------------------------------
时间： 
--------------------------------------------------------------------------------------------
时间： 
--------------------------------------------------------------------------------------------
时间： 
--------------------------------------------------------------------------------------------
时间： 
--------------------------------------------------------------------------------------------
时间： 
--------------------------------------------------------------------------------------------
时间： 
--------------------------------------------------------------------------------------------
时间： 
--------------------------------------------------------------------------------------------
时间： 
--------------------------------------------------------------------------------------------
时间： 
--------------------------------------------------------------------------------------------
时间： 
--------------------------------------------------------------------------------------------
时间： 
--------------------------------------------------------------------------------------------
时间： 
--------------------------------------------------------------------------------------------
时间： 
--------------------------------------------------------------------------------------------
时间： 
--------------------------------------------------------------------------------------------
时间： 
--------------------------------------------------------------------------------------------
时间： 
$$$$$$$$$$$$$$$$$$$$$$$$$$$$$$$$$$$$$$$$$$$$$$$$$$$$$$$$$$$
300197 铁汉生态 涨幅9.74,市值103亿 
板块：复牌
主买：13201万
主卖：-5915万
净买入：7286万
类型：
符合条件1，单位时间新增买入 825万
--------------------------------------------------------------------------------------------
时间： 
--------------------------------------------------------------------------------------------
时间： 
$$$$$$$$$$$$$$$$$$$$$$$$$$$$$$$$$$$$$$$$$$$$$$$$$$$$$$$$$$$
000868 安凯客车 涨幅9.94,市值44亿 
板块：新能源汽车
主买：16177万
主卖：-52070万
净买入：-35893万
类型：
符合条件1，单位时间新增买入 3540万
--------------------------------------------------------------------------------------------
时间： 
$$$$$$$$$$$$$$$$$$$$$$$$$$$$$$$$$$$$$$$$$$$$$$$$$$$$$$$$$$$
300344 太空板业 涨幅7.25,市值26亿 
板块：绿色建筑
主买：6218万
主卖：-2284万
净买入：3934万
类型：游资
符合条件1，单位时间新增买入 3934万
--------------------------------------------------------------------------------------------
时间： 
--------------------------------------------------------------------------------------------
时间： 
--------------------------------------------------------------------------------------------
时间： 
--------------------------------------------------------------------------------------------
时间： 
$$$$$$$$$$$$$$$$$$$$$$$$$$$$$$$$$$$$$$$$$$$$$$$$$$$$$$$$$$$
000868 安凯客车 涨幅9.83,市值44亿 
板块：新能源汽车
主买：19407万
主卖：-53678万
净买入：-34270万
类型：
符合条件1，单位时间新增买入 706万
--------------------------------------------------------------------------------------------
时间： 
--------------------------------------------------------------------------------------------
时间： 
--------------------------------------------------------------------------------------------
时间： 
--------------------------------------------------------------------------------------------
时间： 
--------------------------------------------------------------------------------------------
时间： 
--------------------------------------------------------------------------------------------
时间： 
--------------------------------------------------------------------------------------------
时间： 
--------------------------------------------------------------------------------------------
时间： 
--------------------------------------------------------------------------------------------
时间： 
--------------------------------------------------------------------------------------------
时间： 
$$$$$$$$$$$$$$$$$$$$$$$$$$$$$$$$$$$$$$$$$$$$$$$$$$$$$$$$$$$
600460 士兰微 涨幅7.50,市值75亿 
板块：芯片,OLED
主买：10574万
主卖：-8456万
净买入：2118万
类型：
符合条件1，单位时间新增买入 2225万
--------------------------------------------------------------------------------------------
时间： 
$$$$$$$$$$$$$$$$$$$$$$$$$$$$$$$$$$$$$$$$$$$$$$$$$$$$$$$$$$$
600460 士兰微 涨幅10.03,市值76亿 
板块：芯片,OLED
主买：17896万
主卖：-11734万
净买入：6162万
类型：
符合条件1，单位时间新增买入 4044万
--------------------------------------------------------------------------------------------
时间： 
$$$$$$$$$$$$$$$$$$$$$$$$$$$$$$$$$$$$$$$$$$$$$$$$$$$$$$$$$$$
600460 士兰微 涨幅8.98,市值76亿 
板块：芯片,OLED
主买：24266万
主卖：-14129万
净买入：10137万
类型：
符合条件1，单位时间新增买入 3975万
$$$$$$$$$$$$$$$$$$$$$$$$$$$$$$$$$$$$$$$$$$$$$$$$$$$$$$$$$$$
002156 通富微电 涨幅5.28,市值59亿 
板块：芯片
主买：7432万
主卖：-3009万
净买入：4423万
类型：
符合条件1，单位时间新增买入 4423万
--------------------------------------------------------------------------------------------
时间： 
--------------------------------------------------------------------------------------------
时间： 
$$$$$$$$$$$$$$$$$$$$$$$$$$$$$$$$$$$$$$$$$$$$$$$$$$$$$$$$$$$
600460 士兰微 涨幅10.03,市值76亿 
板块：芯片,OLED
主买：31055万
主卖：-15810万
净买入：15246万
类型：
符合条件1，单位时间新增买入 4959万
--------------------------------------------------------------------------------------------
时间： 
--------------------------------------------------------------------------------------------
时间： 
--------------------------------------------------------------------------------------------
时间： 
--------------------------------------------------------------------------------------------
时间： 
--------------------------------------------------------------------------------------------
时间： 
$$$$$$$$$$$$$$$$$$$$$$$$$$$$$$$$$$$$$$$$$$$$$$$$$$$$$$$$$$$
600460 士兰微 涨幅10.03,市值76亿 
板块：芯片,OLED
主买：36730万
主卖：-17636万
净买入：19094万
类型：
符合条件1，单位时间新增买入 1688万
--------------------------------------------------------------------------------------------
时间： 
$$$$$$$$$$$$$$$$$$$$$$$$$$$$$$$$$$$$$$$$$$$$$$$$$$$$$$$$$$$
600460 士兰微 涨幅9.93,市值76亿 
板块：芯片,OLED
主买：37846万
主卖：-17929万
净买入：19916万
类型：
符合条件1，单位时间新增买入 822万
--------------------------------------------------------------------------------------------
时间： 
--------------------------------------------------------------------------------------------
时间： 
--------------------------------------------------------------------------------------------
时间： 
--------------------------------------------------------------------------------------------
时间： 
--------------------------------------------------------------------------------------------
时间： 
--------------------------------------------------------------------------------------------
时间： 
--------------------------------------------------------------------------------------------
时间： 
--------------------------------------------------------------------------------------------
时间： 
--------------------------------------------------------------------------------------------
时间： 
--------------------------------------------------------------------------------------------
时间： 
--------------------------------------------------------------------------------------------
时间： 
--------------------------------------------------------------------------------------------
时间： 
--------------------------------------------------------------------------------------------
时间： 
--------------------------------------------------------------------------------------------
时间： 
--------------------------------------------------------------------------------------------
时间： 
$$$$$$$$$$$$$$$$$$$$$$$$$$$$$$$$$$$$$$$$$$$$$$$$$$$$$$$$$$$
600231 凌钢股份 涨幅6.59,市值48亿 
板块：钢铁
主买：7103万
主卖：-1687万
净买入：5416万
类型：基金
符合条件1，单位时间新增买入 1519万
--------------------------------------------------------------------------------------------
时间： 
$$$$$$$$$$$$$$$$$$$$$$$$$$$$$$$$$$$$$$$$$$$$$$$$$$$$$$$$$$$
002093 国脉科技 涨幅9.98,市值40亿 
板块：5G
主买：8666万
主卖：-3589万
净买入：5077万
类型：
符合条件1，单位时间新增买入 2993万
--------------------------------------------------------------------------------------------
时间： 
$$$$$$$$$$$$$$$$$$$$$$$$$$$$$$$$$$$$$$$$$$$$$$$$$$$$$$$$$$$
002797 第一创业 涨幅6.90,市值217亿 
板块：证券
主买：21760万
主卖：-12911万
净买入：8849万
类型：游资
符合条件1，单位时间新增买入 1106万
--------------------------------------------------------------------------------------------
时间： 
--------------------------------------------------------------------------------------------
时间： 
--------------------------------------------------------------------------------------------
时间： 
$$$$$$$$$$$$$$$$$$$$$$$$$$$$$$$$$$$$$$$$$$$$$$$$$$$$$$$$$$$
002350 北京科锐 涨幅5.44,市值30亿 
板块：雄安新区,电气设备
主买：4120万
主卖：-3716万
净买入：405万
类型：游资
符合条件1，单位时间新增买入 1063万
--------------------------------------------------------------------------------------------
时间： 
$$$$$$$$$$$$$$$$$$$$$$$$$$$$$$$$$$$$$$$$$$$$$$$$$$$$$$$$$$$
002350 北京科锐 涨幅5.17,市值30亿 
板块：雄安新区,电气设备
主买：4978万
主卖：-3841万
净买入：1137万
类型：游资
符合条件1，单位时间新增买入 733万
$$$$$$$$$$$$$$$$$$$$$$$$$$$$$$$$$$$$$$$$$$$$$$$$$$$$$$$$$$$
000725 京东方Ａ 涨幅-2.00,市值1069亿 
板块：OLED
主买：153458万
主卖：-251916万
净买入：-98458万
类型：
符合条件1，单位时间新增买入 1731万
--------------------------------------------------------------------------------------------
时间： 
$$$$$$$$$$$$$$$$$$$$$$$$$$$$$$$$$$$$$$$$$$$$$$$$$$$$$$$$$$$
002350 北京科锐 涨幅8.03,市值31亿 
板块：雄安新区,电气设备
主买：5711万
主卖：-3763万
净买入：1949万
类型：游资
符合条件1，单位时间新增买入 811万
--------------------------------------------------------------------------------------------
时间： 
--------------------------------------------------------------------------------------------
时间： 
--------------------------------------------------------------------------------------------
时间： 
--------------------------------------------------------------------------------------------
时间： 
--------------------------------------------------------------------------------------------
时间： 
$$$$$$$$$$$$$$$$$$$$$$$$$$$$$$$$$$$$$$$$$$$$$$$$$$$$$$$$$$$
002797 第一创业 涨幅6.31,市值215亿 
板块：证券
主买：22856万
主卖：-13153万
净买入：9703万
类型：游资
符合条件1，单位时间新增买入 936万
--------------------------------------------------------------------------------------------
时间： 
$$$$$$$$$$$$$$$$$$$$$$$$$$$$$$$$$$$$$$$$$$$$$$$$$$$$$$$$$$$
002340 格林美 涨幅2.39,市值226亿 
板块：钴,锂电池
主买：23012万
主卖：-16036万
净买入：6976万
类型：游资
符合条件1，单位时间新增买入 972万
--------------------------------------------------------------------------------------------
时间： 
--------------------------------------------------------------------------------------------
时间： 
--------------------------------------------------------------------------------------------
时间： 
$$$$$$$$$$$$$$$$$$$$$$$$$$$$$$$$$$$$$$$$$$$$$$$$$$$$$$$$$$$
002340 格林美 涨幅2.63,市值227亿 
板块：钴,锂电池
主买：26128万
主卖：-17101万
净买入：9027万
类型：游资
符合条件1，单位时间新增买入 1141万
--------------------------------------------------------------------------------------------
时间： 
$$$$$$$$$$$$$$$$$$$$$$$$$$$$$$$$$$$$$$$$$$$$$$$$$$$$$$$$$$$
002340 格林美 涨幅2.51,市值226亿 
板块：钴,锂电池
主买：27235万
主卖：-17101万
净买入：10135万
类型：游资
符合条件1，单位时间新增买入 1107万
--------------------------------------------------------------------------------------------
时间： 
--------------------------------------------------------------------------------------------
时间： 
$$$$$$$$$$$$$$$$$$$$$$$$$$$$$$$$$$$$$$$$$$$$$$$$$$$$$$$$$$$
600711 盛屯矿业 涨幅5.01,市值130亿 
板块：有色金属
主买：24397万
主卖：-12575万
净买入：11822万
类型：
符合条件1，单位时间新增买入 1127万
--------------------------------------------------------------------------------------------
时间： 
$$$$$$$$$$$$$$$$$$$$$$$$$$$$$$$$$$$$$$$$$$$$$$$$$$$$$$$$$$$
002340 格林美 涨幅2.51,市值226亿 
板块：钴,锂电池
主买：28876万
主卖：-17227万
净买入：11649万
类型：游资
符合条件1，单位时间新增买入 1836万
--------------------------------------------------------------------------------------------
时间： 
--------------------------------------------------------------------------------------------
时间： 
$$$$$$$$$$$$$$$$$$$$$$$$$$$$$$$$$$$$$$$$$$$$$$$$$$$$$$$$$$$
600711 盛屯矿业 涨幅5.21,市值130亿 
板块：有色金属
主买：27297万
主卖：-13530万
净买入：13768万
类型：
符合条件1，单位时间新增买入 1892万
$$$$$$$$$$$$$$$$$$$$$$$$$$$$$$$$$$$$$$$$$$$$$$$$$$$$$$$$$$$
002340 格林美 涨幅2.75,市值227亿 
板块：钴,锂电池
主买：31261万
主卖：-17849万
净买入：13413万
类型：游资
符合条件1，单位时间新增买入 1203万
--------------------------------------------------------------------------------------------
时间： 
$$$$$$$$$$$$$$$$$$$$$$$$$$$$$$$$$$$$$$$$$$$$$$$$$$$$$$$$$$$
002340 格林美 涨幅3.46,市值229亿 
板块：钴,锂电池
主买：34334万
主卖：-18122万
净买入：16212万
类型：游资
符合条件1，单位时间新增买入 2799万
--------------------------------------------------------------------------------------------
时间： 
$$$$$$$$$$$$$$$$$$$$$$$$$$$$$$$$$$$$$$$$$$$$$$$$$$$$$$$$$$$
002340 格林美 涨幅3.11,市值228亿 
板块：钴,锂电池
主买：38669万
主卖：-18592万
净买入：20077万
类型：游资
符合条件1，单位时间新增买入 3866万
$$$$$$$$$$$$$$$$$$$$$$$$$$$$$$$$$$$$$$$$$$$$$$$$$$$$$$$$$$$
000792 盐湖股份 涨幅-1.90,市值239亿 
板块：锂电池,盐湖提锂
主买：28881万
主卖：-74060万
净买入：-45179万
类型：
符合条件1，单位时间新增买入 875万
--------------------------------------------------------------------------------------------
时间： 
$$$$$$$$$$$$$$$$$$$$$$$$$$$$$$$$$$$$$$$$$$$$$$$$$$$$$$$$$$$
600460 士兰微 涨幅10.03,市值76亿 
板块：芯片,OLED
主买：45038万
主卖：-20383万
净买入：24654万
类型：
符合条件1，单位时间新增买入 3569万
$$$$$$$$$$$$$$$$$$$$$$$$$$$$$$$$$$$$$$$$$$$$$$$$$$$$$$$$$$$
002049 紫光国芯 涨幅3.14,市值131亿 
板块：芯片
主买：9043万
主卖：-24555万
净买入：-15512万
类型：
符合条件1，单位时间新增买入 724万
--------------------------------------------------------------------------------------------
时间： 
--------------------------------------------------------------------------------------------
时间： 
--------------------------------------------------------------------------------------------
时间： 
$$$$$$$$$$$$$$$$$$$$$$$$$$$$$$$$$$$$$$$$$$$$$$$$$$$$$$$$$$$
002340 格林美 涨幅3.23,市值228亿 
板块：钴,锂电池
主买：41423万
主卖：-18870万
净买入：22553万
类型：游资
符合条件1，单位时间新增买入 1450万
$$$$$$$$$$$$$$$$$$$$$$$$$$$$$$$$$$$$$$$$$$$$$$$$$$$$$$$$$$$
000725 京东方Ａ 涨幅-2.23,市值1067亿 
板块：OLED
主买：158544万
主卖：-259135万
净买入：-100591万
类型：
符合条件1，单位时间新增买入 764万
--------------------------------------------------------------------------------------------
时间： 
$$$$$$$$$$$$$$$$$$$$$$$$$$$$$$$$$$$$$$$$$$$$$$$$$$$$$$$$$$$
600711 盛屯矿业 涨幅5.21,市值130亿 
板块：有色金属
主买：29939万
主卖：-14261万
净买入：15678万
类型：
符合条件1，单位时间新增买入 1485万
$$$$$$$$$$$$$$$$$$$$$$$$$$$$$$$$$$$$$$$$$$$$$$$$$$$$$$$$$$$
600966 博汇纸业 涨幅7.31,市值69亿 
板块：造纸
主买：6836万
主卖：-6659万
净买入：177万
类型：
符合条件1，单位时间新增买入 991万
--------------------------------------------------------------------------------------------
时间： 
$$$$$$$$$$$$$$$$$$$$$$$$$$$$$$$$$$$$$$$$$$$$$$$$$$$$$$$$$$$
002340 格林美 涨幅3.35,市值228亿 
板块：钴,锂电池
主买：43513万
主卖：-18870万
净买入：24643万
类型：游资
符合条件1，单位时间新增买入 1435万
$$$$$$$$$$$$$$$$$$$$$$$$$$$$$$$$$$$$$$$$$$$$$$$$$$$$$$$$$$$
600711 盛屯矿业 涨幅5.41,市值131亿 
板块：有色金属
主买：33628万
主卖：-15869万
净买入：17759万
类型：
符合条件1，单位时间新增买入 2080万
$$$$$$$$$$$$$$$$$$$$$$$$$$$$$$$$$$$$$$$$$$$$$$$$$$$$$$$$$$$
002797 第一创业 涨幅6.73,市值216亿 
板块：证券
主买：25855万
主卖：-14778万
净买入：11078万
类型：游资
符合条件1，单位时间新增买入 1205万
$$$$$$$$$$$$$$$$$$$$$$$$$$$$$$$$$$$$$$$$$$$$$$$$$$$$$$$$$$$
300197 铁汉生态 涨幅9.33,市值102亿 
板块：复牌
主买：16131万
主卖：-6898万
净买入：9233万
类型：
符合条件1，单位时间新增买入 909万
$$$$$$$$$$$$$$$$$$$$$$$$$$$$$$$$$$$$$$$$$$$$$$$$$$$$$$$$$$$
601881 中国银河 涨幅3.64,市值94亿 
板块：证券,次新股
主买：16107万
主卖：-8134万
净买入：7973万
类型：游资
符合条件1，单位时间新增买入 900万
$$$$$$$$$$$$$$$$$$$$$$$$$$$$$$$$$$$$$$$$$$$$$$$$$$$$$$$$$$$
600966 博汇纸业 涨幅7.91,市值69亿 
板块：造纸
主买：8593万
主卖：-7682万
净买入：911万
类型：
符合条件1，单位时间新增买入 733万
--------------------------------------------------------------------------------------------
时间： 
$$$$$$$$$$$$$$$$$$$$$$$$$$$$$$$$$$$$$$$$$$$$$$$$$$$$$$$$$$$
002340 格林美 涨幅3.35,市值228亿 
板块：钴,锂电池
主买：44315万
主卖：-18870万
净买入：25446万
类型：游资
符合条件1，单位时间新增买入 802万
--------------------------------------------------------------------------------------------
时间： 
