--------------------------------------------------------------------------------------------
时间： 
--------------------------------------------------------------------------------------------
时间： 
$$$$$$$$$$$$$$$$$$$$$$$$$$$$$$$$$$$$$$$$$$$$$$$$$$$$$$$$$$$
300693 盛弘股份 涨幅2.78,市值16亿 
板块：充电桩,次新股
主买：7404万
主卖：-3783万
净买入：3622万
类型：
符合条件1，单位时间新增买入 3622万
--------------------------------------------------------------------------------------------
时间： 
$$$$$$$$$$$$$$$$$$$$$$$$$$$$$$$$$$$$$$$$$$$$$$$$$$$$$$$$$$$
300153 科泰电源 涨幅4.75,市值28亿 
板块：锂电池
主买：2234万
主卖：-2149万
净买入：85万
类型：游资
符合条件1，单位时间新增买入 2109万
--------------------------------------------------------------------------------------------
时间： 
--------------------------------------------------------------------------------------------
时间： 
--------------------------------------------------------------------------------------------
时间： 
--------------------------------------------------------------------------------------------
时间： 
$$$$$$$$$$$$$$$$$$$$$$$$$$$$$$$$$$$$$$$$$$$$$$$$$$$$$$$$$$$
000762 西藏矿业 涨幅-2.31,市值86亿 
板块：商品涨价,西藏板块
主买：8544万
主卖：-6255万
净买入：2288万
类型：游资
符合条件1，单位时间新增买入 2288万
$$$$$$$$$$$$$$$$$$$$$$$$$$$$$$$$$$$$$$$$$$$$$$$$$$$$$$$$$$$
603359 东珠景观 涨幅8.41,市值31亿 
板块：
主买：4975万
主卖：-3420万
净买入：1555万
类型：
符合条件1，单位时间新增买入 1764万
--------------------------------------------------------------------------------------------
时间： 
$$$$$$$$$$$$$$$$$$$$$$$$$$$$$$$$$$$$$$$$$$$$$$$$$$$$$$$$$$$
002239 奥特佳 涨幅10.10,市值35亿 
板块：新能源汽车
主买：10879万
主卖：-18763万
净买入：-7884万
类型：
符合条件1，单位时间新增买入 2855万
--------------------------------------------------------------------------------------------
时间： 
$$$$$$$$$$$$$$$$$$$$$$$$$$$$$$$$$$$$$$$$$$$$$$$$$$$$$$$$$$$
002497 雅化集团 涨幅1.11,市值164亿 
板块：锂电池,商品涨价
主买：8854万
主卖：-9057万
净买入：-203万
类型：游资
符合条件1，单位时间新增买入 1297万
$$$$$$$$$$$$$$$$$$$$$$$$$$$$$$$$$$$$$$$$$$$$$$$$$$$$$$$$$$$
300141 和顺电气 涨幅5.99,市值18亿 
板块：充电桩
主买：3077万
主卖：-3796万
净买入：-719万
类型：
符合条件1，单位时间新增买入 794万
$$$$$$$$$$$$$$$$$$$$$$$$$$$$$$$$$$$$$$$$$$$$$$$$$$$$$$$$$$$
002239 奥特佳 涨幅10.10,市值35亿 
板块：新能源汽车
主买：13712万
主卖：-20514万
净买入：-6802万
类型：
符合条件1，单位时间新增买入 1082万
--------------------------------------------------------------------------------------------
时间： 
$$$$$$$$$$$$$$$$$$$$$$$$$$$$$$$$$$$$$$$$$$$$$$$$$$$$$$$$$$$
603016 新宏泰 涨幅8.60,市值32亿 
板块：
主买：16864万
主卖：-3319万
净买入：13545万
类型：
符合条件1，单位时间新增买入 13545万
$$$$$$$$$$$$$$$$$$$$$$$$$$$$$$$$$$$$$$$$$$$$$$$$$$$$$$$$$$$
000930 中粮生化 涨幅6.12,市值106亿 
板块：混改
主买：6125万
主卖：-2381万
净买入：3744万
类型：
符合条件1，单位时间新增买入 3744万
--------------------------------------------------------------------------------------------
时间： 
$$$$$$$$$$$$$$$$$$$$$$$$$$$$$$$$$$$$$$$$$$$$$$$$$$$$$$$$$$$
600516 方大炭素 涨幅1.09,市值367亿 
板块：石墨烯,商品涨价
主买：14116万
主卖：-25414万
净买入：-11298万
类型：游资
符合条件1，单位时间新增买入 935万
--------------------------------------------------------------------------------------------
时间： 
$$$$$$$$$$$$$$$$$$$$$$$$$$$$$$$$$$$$$$$$$$$$$$$$$$$$$$$$$$$
000807 云铝股份 涨幅1.54,市值146亿 
板块：有色金属,电解铝,商品涨价
主买：7993万
主卖：-5807万
净买入：2186万
类型：游资
符合条件1，单位时间新增买入 2186万
--------------------------------------------------------------------------------------------
时间： 
$$$$$$$$$$$$$$$$$$$$$$$$$$$$$$$$$$$$$$$$$$$$$$$$$$$$$$$$$$$
002176 江特电机 涨幅2.32,市值191亿 
板块：锂电池,电气设备,商品涨价
主买：6638万
主卖：-4010万
净买入：2627万
类型：
符合条件1，单位时间新增买入 2627万
$$$$$$$$$$$$$$$$$$$$$$$$$$$$$$$$$$$$$$$$$$$$$$$$$$$$$$$$$$$
002224 三 力 士 涨幅6.42,市值51亿 
板块：新能源汽车
主买：1285万
主卖：0万
净买入：1285万
类型：
符合条件1，单位时间新增买入 1285万
$$$$$$$$$$$$$$$$$$$$$$$$$$$$$$$$$$$$$$$$$$$$$$$$$$$$$$$$$$$
002497 雅化集团 涨幅2.06,市值165亿 
板块：锂电池,商品涨价
主买：11211万
主卖：-10149万
净买入：1062万
类型：游资
符合条件1，单位时间新增买入 1085万
$$$$$$$$$$$$$$$$$$$$$$$$$$$$$$$$$$$$$$$$$$$$$$$$$$$$$$$$$$$
600516 方大炭素 涨幅2.09,市值371亿 
板块：石墨烯,商品涨价
主买：16492万
主卖：-27054万
净买入：-10562万
类型：游资
符合条件1，单位时间新增买入 729万
--------------------------------------------------------------------------------------------
时间： 
$$$$$$$$$$$$$$$$$$$$$$$$$$$$$$$$$$$$$$$$$$$$$$$$$$$$$$$$$$$
300073 当升科技 涨幅-0.64,市值78亿 
板块：锂电池
主买：5394万
主卖：-2178万
净买入：3216万
类型：游资
符合条件1，单位时间新增买入 3216万
--------------------------------------------------------------------------------------------
时间： 
$$$$$$$$$$$$$$$$$$$$$$$$$$$$$$$$$$$$$$$$$$$$$$$$$$$$$$$$$$$
601003 柳钢股份 涨幅3.57,市值35亿 
板块：商品涨价,钢铁
主买：4507万
主卖：0万
净买入：4507万
类型：游资
符合条件1，单位时间新增买入 4507万
--------------------------------------------------------------------------------------------
时间： 
$$$$$$$$$$$$$$$$$$$$$$$$$$$$$$$$$$$$$$$$$$$$$$$$$$$$$$$$$$$
600699 均胜电子 涨幅3.87,市值133亿 
板块：
主买：2702万
主卖：-1198万
净买入：1504万
类型：
符合条件1，单位时间新增买入 1504万
$$$$$$$$$$$$$$$$$$$$$$$$$$$$$$$$$$$$$$$$$$$$$$$$$$$$$$$$$$$
000807 云铝股份 涨幅3.02,市值148亿 
板块：有色金属,电解铝,商品涨价
主买：9424万
主卖：-6448万
净买入：2976万
类型：游资
符合条件1，单位时间新增买入 1143万
--------------------------------------------------------------------------------------------
时间： 
$$$$$$$$$$$$$$$$$$$$$$$$$$$$$$$$$$$$$$$$$$$$$$$$$$$$$$$$$$$
002056 横店东磁 涨幅0.93,市值87亿 
板块：稀土永磁,商品涨价,苹果概念,特斯拉
主买：4036万
主卖：-3183万
净买入：853万
类型：游资
符合条件1，单位时间新增买入 860万
--------------------------------------------------------------------------------------------
时间： 
--------------------------------------------------------------------------------------------
时间： 
$$$$$$$$$$$$$$$$$$$$$$$$$$$$$$$$$$$$$$$$$$$$$$$$$$$$$$$$$$$
002460 赣锋锂业 涨幅0.81,市值442亿 
板块：锂电池,商品涨价
主买：13266万
主卖：-12289万
净买入：976万
类型：游资
符合条件1，单位时间新增买入 976万
--------------------------------------------------------------------------------------------
时间： 
$$$$$$$$$$$$$$$$$$$$$$$$$$$$$$$$$$$$$$$$$$$$$$$$$$$$$$$$$$$
002604 龙力生物 涨幅10.02,市值40亿 
板块：
主买：14290万
主卖：-3305万
净买入：10985万
类型：基金
符合条件1，单位时间新增买入 10985万
--------------------------------------------------------------------------------------------
时间： 
$$$$$$$$$$$$$$$$$$$$$$$$$$$$$$$$$$$$$$$$$$$$$$$$$$$$$$$$$$$
002192 融捷股份 涨幅5.39,市值77亿 
板块：锂电池,商品涨价
主买：3815万
主卖：-1617万
净买入：2198万
类型：基金
符合条件1，单位时间新增买入 2198万
$$$$$$$$$$$$$$$$$$$$$$$$$$$$$$$$$$$$$$$$$$$$$$$$$$$$$$$$$$$
000807 云铝股份 涨幅3.69,市值149亿 
板块：有色金属,电解铝,商品涨价
主买：13830万
主卖：-7674万
净买入：6156万
类型：游资
符合条件1，单位时间新增买入 1825万
$$$$$$$$$$$$$$$$$$$$$$$$$$$$$$$$$$$$$$$$$$$$$$$$$$$$$$$$$$$
601003 柳钢股份 涨幅4.76,市值36亿 
板块：商品涨价,钢铁
主买：6333万
主卖：-467万
净买入：5865万
类型：游资
符合条件1，单位时间新增买入 1028万
$$$$$$$$$$$$$$$$$$$$$$$$$$$$$$$$$$$$$$$$$$$$$$$$$$$$$$$$$$$
603557 起步股份 涨幅5.44,市值13亿 
板块：
主买：1250万
主卖：-155万
净买入：1095万
类型：
符合条件1，单位时间新增买入 1095万
--------------------------------------------------------------------------------------------
时间： 
--------------------------------------------------------------------------------------------
时间： 
$$$$$$$$$$$$$$$$$$$$$$$$$$$$$$$$$$$$$$$$$$$$$$$$$$$$$$$$$$$
600111 北方稀土 涨幅0.26,市值365亿 
板块：稀土永磁,商品涨价
主买：6038万
主卖：-10278万
净买入：-4240万
类型：游资
符合条件1，单位时间新增买入 979万
--------------------------------------------------------------------------------------------
时间： 
$$$$$$$$$$$$$$$$$$$$$$$$$$$$$$$$$$$$$$$$$$$$$$$$$$$$$$$$$$$
600499 科达洁能 涨幅2.82,市值126亿 
板块：商品涨价,锂电池
主买：5896万
主卖：-4877万
净买入：1019万
类型：
符合条件1，单位时间新增买入 1019万
$$$$$$$$$$$$$$$$$$$$$$$$$$$$$$$$$$$$$$$$$$$$$$$$$$$$$$$$$$$
002421 达实智能 涨幅4.31,市值63亿 
板块：雄安新区
主买：2459万
主卖：-1474万
净买入：985万
类型：基金
符合条件1，单位时间新增买入 985万
--------------------------------------------------------------------------------------------
时间： 
$$$$$$$$$$$$$$$$$$$$$$$$$$$$$$$$$$$$$$$$$$$$$$$$$$$$$$$$$$$
603799 华友钴业 涨幅0.49,市值235亿 
板块：钴,钴涨价
主买：10796万
主卖：-8953万
净买入：1843万
类型：
符合条件1，单位时间新增买入 1843万
$$$$$$$$$$$$$$$$$$$$$$$$$$$$$$$$$$$$$$$$$$$$$$$$$$$$$$$$$$$
601003 柳钢股份 涨幅6.75,市值36亿 
板块：商品涨价,钢铁
主买：8927万
主卖：-1073万
净买入：7854万
类型：游资
符合条件1，单位时间新增买入 861万
--------------------------------------------------------------------------------------------
时间： 
$$$$$$$$$$$$$$$$$$$$$$$$$$$$$$$$$$$$$$$$$$$$$$$$$$$$$$$$$$$
000488 晨鸣纸业 涨幅3.99,市值176亿 
板块：造纸
主买：6136万
主卖：-4745万
净买入：1390万
类型：
符合条件1，单位时间新增买入 1390万
$$$$$$$$$$$$$$$$$$$$$$$$$$$$$$$$$$$$$$$$$$$$$$$$$$$$$$$$$$$
600569 安阳钢铁 涨幅3.54,市值56亿 
板块：钢铁
主买：4022万
主卖：-2796万
净买入：1226万
类型：游资
符合条件1，单位时间新增买入 1226万
$$$$$$$$$$$$$$$$$$$$$$$$$$$$$$$$$$$$$$$$$$$$$$$$$$$$$$$$$$$
600231 凌钢股份 涨幅3.82,市值48亿 
板块：商品涨价,钢铁
主买：1788万
主卖：-863万
净买入：925万
类型：基金
符合条件1，单位时间新增买入 925万
$$$$$$$$$$$$$$$$$$$$$$$$$$$$$$$$$$$$$$$$$$$$$$$$$$$$$$$$$$$
601003 柳钢股份 涨幅7.14,市值36亿 
板块：商品涨价,钢铁
主买：9881万
主卖：-1199万
净买入：8681万
类型：游资
符合条件1，单位时间新增买入 827万
--------------------------------------------------------------------------------------------
时间： 
$$$$$$$$$$$$$$$$$$$$$$$$$$$$$$$$$$$$$$$$$$$$$$$$$$$$$$$$$$$
002421 达实智能 涨幅6.01,市值64亿 
板块：雄安新区
主买：3895万
主卖：-1474万
净买入：2421万
类型：基金
符合条件1，单位时间新增买入 765万
$$$$$$$$$$$$$$$$$$$$$$$$$$$$$$$$$$$$$$$$$$$$$$$$$$$$$$$$$$$
600321 国栋建设 涨幅8.85,市值40亿 
板块：
主买：3060万
主卖：-660万
净买入：2400万
类型：
符合条件1，单位时间新增买入 2400万
$$$$$$$$$$$$$$$$$$$$$$$$$$$$$$$$$$$$$$$$$$$$$$$$$$$$$$$$$$$
300334 津膜科技 涨幅4.27,市值29亿 
板块：雄安环保
主买：2255万
主卖：-487万
净买入：1768万
类型：游资
符合条件1，单位时间新增买入 1768万
--------------------------------------------------------------------------------------------
时间： 
$$$$$$$$$$$$$$$$$$$$$$$$$$$$$$$$$$$$$$$$$$$$$$$$$$$$$$$$$$$
600321 国栋建设 涨幅9.96,市值41亿 
板块：
主买：5212万
主卖：-808万
净买入：4404万
类型：
符合条件1，单位时间新增买入 2004万
--------------------------------------------------------------------------------------------
时间： 
$$$$$$$$$$$$$$$$$$$$$$$$$$$$$$$$$$$$$$$$$$$$$$$$$$$$$$$$$$$
603305 旭升股份 涨幅-3.55,市值21亿 
板块：次新股,特斯拉
主买：3643万
主卖：-2039万
净买入：1604万
类型：游资
符合条件1，单位时间新增买入 1604万
--------------------------------------------------------------------------------------------
时间： 
$$$$$$$$$$$$$$$$$$$$$$$$$$$$$$$$$$$$$$$$$$$$$$$$$$$$$$$$$$$
002497 雅化集团 涨幅6.13,市值172亿 
板块：锂电池,商品涨价
主买：18353万
主卖：-15317万
净买入：3037万
类型：游资
符合条件1，单位时间新增买入 1673万
--------------------------------------------------------------------------------------------
时间： 
$$$$$$$$$$$$$$$$$$$$$$$$$$$$$$$$$$$$$$$$$$$$$$$$$$$$$$$$$$$
300687 赛意信息 涨幅4.90,市值12亿 
板块：次新股
主买：1047万
主卖：-177万
净买入：869万
类型：
符合条件1，单位时间新增买入 869万
--------------------------------------------------------------------------------------------
时间： 
$$$$$$$$$$$$$$$$$$$$$$$$$$$$$$$$$$$$$$$$$$$$$$$$$$$$$$$$$$$
000932 *ST华菱 涨幅3.70,市值89亿 
板块：
主买：10003万
主卖：-4521万
净买入：5482万
类型：
符合条件1，单位时间新增买入 5482万
--------------------------------------------------------------------------------------------
时间： 
$$$$$$$$$$$$$$$$$$$$$$$$$$$$$$$$$$$$$$$$$$$$$$$$$$$$$$$$$$$
000799 酒鬼酒 涨幅3.70,市值65亿 
板块：白酒
主买：3653万
主卖：-6783万
净买入：-3129万
类型：游资
符合条件1，单位时间新增买入 1043万
--------------------------------------------------------------------------------------------
时间： 
--------------------------------------------------------------------------------------------
时间： 
$$$$$$$$$$$$$$$$$$$$$$$$$$$$$$$$$$$$$$$$$$$$$$$$$$$$$$$$$$$
601952 苏垦农发 涨幅3.35,市值38亿 
板块：次新股
主买：3964万
主卖：-229万
净买入：3735万
类型：
符合条件1，单位时间新增买入 3735万
$$$$$$$$$$$$$$$$$$$$$$$$$$$$$$$$$$$$$$$$$$$$$$$$$$$$$$$$$$$
600111 北方稀土 涨幅1.56,市值370亿 
板块：稀土永磁,商品涨价
主买：10291万
主卖：-12107万
净买入：-1816万
类型：游资
符合条件1，单位时间新增买入 1093万
--------------------------------------------------------------------------------------------
时间： 
$$$$$$$$$$$$$$$$$$$$$$$$$$$$$$$$$$$$$$$$$$$$$$$$$$$$$$$$$$$
601952 苏垦农发 涨幅4.06,市值38亿 
板块：次新股
主买：4874万
主卖：-229万
净买入：4645万
类型：
符合条件1，单位时间新增买入 910万
--------------------------------------------------------------------------------------------
时间： 
$$$$$$$$$$$$$$$$$$$$$$$$$$$$$$$$$$$$$$$$$$$$$$$$$$$$$$$$$$$
002041 登海种业 涨幅8.34,市值52亿 
板块：
主买：3951万
主卖：-361万
净买入：3590万
类型：
符合条件1，单位时间新增买入 3590万
--------------------------------------------------------------------------------------------
时间： 
$$$$$$$$$$$$$$$$$$$$$$$$$$$$$$$$$$$$$$$$$$$$$$$$$$$$$$$$$$$
300153 科泰电源 涨幅6.70,市值29亿 
板块：锂电池
主买：6689万
主卖：-3234万
净买入：3454万
类型：游资
符合条件1，单位时间新增买入 781万
--------------------------------------------------------------------------------------------
时间： 
--------------------------------------------------------------------------------------------
时间： 
$$$$$$$$$$$$$$$$$$$$$$$$$$$$$$$$$$$$$$$$$$$$$$$$$$$$$$$$$$$
002176 江特电机 涨幅3.98,市值194亿 
板块：锂电池,电气设备,商品涨价
主买：10300万
主卖：-5884万
净买入：4416万
类型：
符合条件1，单位时间新增买入 1351万
--------------------------------------------------------------------------------------------
时间： 
$$$$$$$$$$$$$$$$$$$$$$$$$$$$$$$$$$$$$$$$$$$$$$$$$$$$$$$$$$$
603603 博天环境 涨幅8.78,市值21亿 
板块：雄安环保,次新股
主买：11015万
主卖：-4826万
净买入：6189万
类型：游资
符合条件1，单位时间新增买入 3497万
$$$$$$$$$$$$$$$$$$$$$$$$$$$$$$$$$$$$$$$$$$$$$$$$$$$$$$$$$$$
600516 方大炭素 涨幅2.69,市值373亿 
板块：石墨烯,商品涨价
主买：30052万
主卖：-49838万
净买入：-19786万
类型：游资
符合条件1，单位时间新增买入 840万
--------------------------------------------------------------------------------------------
时间： 
$$$$$$$$$$$$$$$$$$$$$$$$$$$$$$$$$$$$$$$$$$$$$$$$$$$$$$$$$$$
000651 格力电器 涨幅1.69,市值1506亿 
板块：白色家电,白马股,蓝筹股
主买：18072万
主卖：-6040万
净买入：12032万
类型：
符合条件1，单位时间新增买入 12032万
--------------------------------------------------------------------------------------------
时间： 
$$$$$$$$$$$$$$$$$$$$$$$$$$$$$$$$$$$$$$$$$$$$$$$$$$$$$$$$$$$
600507 方大特钢 涨幅2.96,市值74亿 
板块：商品涨价,钢铁
主买：10203万
主卖：-1956万
净买入：8247万
类型：游资
符合条件1，单位时间新增买入 8247万
$$$$$$$$$$$$$$$$$$$$$$$$$$$$$$$$$$$$$$$$$$$$$$$$$$$$$$$$$$$
600232 金鹰股份 涨幅9.96,市值21亿 
板块：
主买：9979万
主卖：-2021万
净买入：7958万
类型：
符合条件1，单位时间新增买入 7958万
--------------------------------------------------------------------------------------------
时间： 
$$$$$$$$$$$$$$$$$$$$$$$$$$$$$$$$$$$$$$$$$$$$$$$$$$$$$$$$$$$
000651 格力电器 涨幅1.69,市值1506亿 
板块：白色家电,白马股,蓝筹股
主买：19383万
主卖：-6582万
净买入：12801万
类型：
符合条件1，单位时间新增买入 706万
$$$$$$$$$$$$$$$$$$$$$$$$$$$$$$$$$$$$$$$$$$$$$$$$$$$$$$$$$$$
600516 方大炭素 涨幅2.47,市值372亿 
板块：石墨烯,商品涨价
主买：33256万
主卖：-51781万
净买入：-18525万
类型：游资
符合条件1，单位时间新增买入 901万
--------------------------------------------------------------------------------------------
时间： 
--------------------------------------------------------------------------------------------
时间： 
--------------------------------------------------------------------------------------------
时间： 
--------------------------------------------------------------------------------------------
时间： 
--------------------------------------------------------------------------------------------
时间： 
--------------------------------------------------------------------------------------------
时间： 
$$$$$$$$$$$$$$$$$$$$$$$$$$$$$$$$$$$$$$$$$$$$$$$$$$$$$$$$$$$
000795 英洛华 涨幅4.91,市值47亿 
板块：稀土永磁,商品涨价
主买：4306万
主卖：-9235万
净买入：-4929万
类型：游资
符合条件1，单位时间新增买入 1846万
$$$$$$$$$$$$$$$$$$$$$$$$$$$$$$$$$$$$$$$$$$$$$$$$$$$$$$$$$$$
600516 方大炭素 涨幅3.02,市值374亿 
板块：石墨烯,商品涨价
主买：34474万
主卖：-53435万
净买入：-18960万
类型：游资
符合条件1，单位时间新增买入 714万
--------------------------------------------------------------------------------------------
时间： 
--------------------------------------------------------------------------------------------
时间： 
$$$$$$$$$$$$$$$$$$$$$$$$$$$$$$$$$$$$$$$$$$$$$$$$$$$$$$$$$$$
002056 横店东磁 涨幅1.26,市值87亿 
板块：稀土永磁,商品涨价,苹果概念,特斯拉
主买：7440万
主卖：-7042万
净买入：398万
类型：游资
符合条件1，单位时间新增买入 1085万
--------------------------------------------------------------------------------------------
时间： 
--------------------------------------------------------------------------------------------
时间： 
--------------------------------------------------------------------------------------------
时间： 
$$$$$$$$$$$$$$$$$$$$$$$$$$$$$$$$$$$$$$$$$$$$$$$$$$$$$$$$$$$
600232 金鹰股份 涨幅9.96,市值21亿 
板块：锂电池
主买：11536万
主卖：-2127万
净买入：9409万
类型：
符合条件1，单位时间新增买入 980万
--------------------------------------------------------------------------------------------
时间： 
$$$$$$$$$$$$$$$$$$$$$$$$$$$$$$$$$$$$$$$$$$$$$$$$$$$$$$$$$$$
002378 章源钨业 涨幅3.19,市值36亿 
板块：有色金属,钨精矿涨价
主买：5021万
主卖：-2731万
净买入：2290万
类型：游资
符合条件1，单位时间新增买入 2290万
--------------------------------------------------------------------------------------------
时间： 
--------------------------------------------------------------------------------------------
时间： 
--------------------------------------------------------------------------------------------
时间： 
$$$$$$$$$$$$$$$$$$$$$$$$$$$$$$$$$$$$$$$$$$$$$$$$$$$$$$$$$$$
002639 雪人股份 涨幅4.61,市值34亿 
板块：通用设备
主买：2685万
主卖：-3993万
净买入：-1308万
类型：
符合条件1，单位时间新增买入 977万
--------------------------------------------------------------------------------------------
时间： 
$$$$$$$$$$$$$$$$$$$$$$$$$$$$$$$$$$$$$$$$$$$$$$$$$$$$$$$$$$$
600792 云煤能源 涨幅6.96,市值17亿 
板块：煤炭,商品涨价
主买：1950万
主卖：-645万
净买入：1305万
类型：游资
符合条件1，单位时间新增买入 1305万
--------------------------------------------------------------------------------------------
时间： 
$$$$$$$$$$$$$$$$$$$$$$$$$$$$$$$$$$$$$$$$$$$$$$$$$$$$$$$$$$$
600792 云煤能源 涨幅10.07,市值18亿 
板块：煤炭,商品涨价
主买：3349万
主卖：-1047万
净买入：2302万
类型：游资
符合条件1，单位时间新增买入 998万
--------------------------------------------------------------------------------------------
时间： 
$$$$$$$$$$$$$$$$$$$$$$$$$$$$$$$$$$$$$$$$$$$$$$$$$$$$$$$$$$$
600792 云煤能源 涨幅10.07,市值18亿 
板块：煤炭,商品涨价
主买：6272万
主卖：-1624万
净买入：4648万
类型：游资
符合条件1，单位时间新增买入 2345万
$$$$$$$$$$$$$$$$$$$$$$$$$$$$$$$$$$$$$$$$$$$$$$$$$$$$$$$$$$$
600111 北方稀土 涨幅1.25,市值368亿 
板块：稀土永磁,商品涨价
主买：17869万
主卖：-20332万
净买入：-2463万
类型：游资
符合条件1，单位时间新增买入 894万
--------------------------------------------------------------------------------------------
时间： 
$$$$$$$$$$$$$$$$$$$$$$$$$$$$$$$$$$$$$$$$$$$$$$$$$$$$$$$$$$$
600792 云煤能源 涨幅10.07,市值18亿 
板块：煤炭,商品涨价
主买：7131万
主卖：-1624万
净买入：5507万
类型：游资
符合条件1，单位时间新增买入 859万
--------------------------------------------------------------------------------------------
时间： 
$$$$$$$$$$$$$$$$$$$$$$$$$$$$$$$$$$$$$$$$$$$$$$$$$$$$$$$$$$$
600792 云煤能源 涨幅10.07,市值18亿 
板块：煤炭,商品涨价
主买：7869万
主卖：-1624万
净买入：6244万
类型：游资
符合条件1，单位时间新增买入 738万
$$$$$$$$$$$$$$$$$$$$$$$$$$$$$$$$$$$$$$$$$$$$$$$$$$$$$$$$$$$
600008 首创股份 涨幅0.57,市值154亿 
板块：雄安环保
主买：8096万
主卖：-7895万
净买入：201万
类型：
符合条件1，单位时间新增买入 1009万
$$$$$$$$$$$$$$$$$$$$$$$$$$$$$$$$$$$$$$$$$$$$$$$$$$$$$$$$$$$
002239 奥特佳 涨幅10.10,市值35亿 
板块：新能源汽车
主买：29014万
主卖：-31529万
净买入：-2515万
类型：
符合条件1，单位时间新增买入 753万
--------------------------------------------------------------------------------------------
时间： 
--------------------------------------------------------------------------------------------
时间： 
$$$$$$$$$$$$$$$$$$$$$$$$$$$$$$$$$$$$$$$$$$$$$$$$$$$$$$$$$$$
000831 五矿稀土 涨幅4.53,市值102亿 
板块：稀土永磁,商品涨价
主买：8548万
主卖：-1769万
净买入：6778万
类型：游资
符合条件1，单位时间新增买入 6778万
$$$$$$$$$$$$$$$$$$$$$$$$$$$$$$$$$$$$$$$$$$$$$$$$$$$$$$$$$$$
601101 昊华能源 涨幅3.74,市值49亿 
板块：商品涨价,煤炭
主买：4272万
主卖：-1439万
净买入：2833万
类型：基金
符合条件1，单位时间新增买入 2833万
--------------------------------------------------------------------------------------------
时间： 
$$$$$$$$$$$$$$$$$$$$$$$$$$$$$$$$$$$$$$$$$$$$$$$$$$$$$$$$$$$
603113 金能科技 涨幅4.19,市值23亿 
板块：次新股,煤化工,商品涨价
主买：3596万
主卖：-919万
净买入：2677万
类型：
符合条件1，单位时间新增买入 2677万
$$$$$$$$$$$$$$$$$$$$$$$$$$$$$$$$$$$$$$$$$$$$$$$$$$$$$$$$$$$
002239 奥特佳 涨幅10.10,市值35亿 
板块：新能源汽车
主买：30196万
主卖：-31668万
净买入：-1472万
类型：
符合条件1，单位时间新增买入 1057万
$$$$$$$$$$$$$$$$$$$$$$$$$$$$$$$$$$$$$$$$$$$$$$$$$$$$$$$$$$$
000799 酒鬼酒 涨幅5.92,市值66亿 
板块：白酒
主买：6174万
主卖：-8605万
净买入：-2432万
类型：游资
符合条件1，单位时间新增买入 718万
--------------------------------------------------------------------------------------------
时间： 
--------------------------------------------------------------------------------------------
时间： 
--------------------------------------------------------------------------------------------
时间： 
--------------------------------------------------------------------------------------------
时间： 
--------------------------------------------------------------------------------------------
时间： 
--------------------------------------------------------------------------------------------
时间： 
$$$$$$$$$$$$$$$$$$$$$$$$$$$$$$$$$$$$$$$$$$$$$$$$$$$$$$$$$$$
600792 云煤能源 涨幅10.07,市值18亿 
板块：煤炭,商品涨价
主买：11504万
主卖：-1976万
净买入：9528万
类型：游资
符合条件1，单位时间新增买入 923万
--------------------------------------------------------------------------------------------
时间： 
$$$$$$$$$$$$$$$$$$$$$$$$$$$$$$$$$$$$$$$$$$$$$$$$$$$$$$$$$$$
002340 格林美 涨幅0.98,市值217亿 
板块：钴涨价,锂电池
主买：18377万
主卖：-40822万
净买入：-22444万
类型：游资
符合条件1，单位时间新增买入 772万
--------------------------------------------------------------------------------------------
时间： 
$$$$$$$$$$$$$$$$$$$$$$$$$$$$$$$$$$$$$$$$$$$$$$$$$$$$$$$$$$$
300696 爱乐达 涨幅8.14,市值15亿 
板块：次新股
主买：3431万
主卖：-801万
净买入：2630万
类型：
符合条件1，单位时间新增买入 2630万
$$$$$$$$$$$$$$$$$$$$$$$$$$$$$$$$$$$$$$$$$$$$$$$$$$$$$$$$$$$
600792 云煤能源 涨幅10.07,市值18亿 
板块：煤炭,商品涨价
主买：13063万
主卖：-2229万
净买入：10835万
类型：游资
符合条件1，单位时间新增买入 1099万
$$$$$$$$$$$$$$$$$$$$$$$$$$$$$$$$$$$$$$$$$$$$$$$$$$$$$$$$$$$
600008 首创股份 涨幅0.86,市值155亿 
板块：雄安环保
主买：9643万
主卖：-7895万
净买入：1748万
类型：
符合条件1，单位时间新增买入 1278万
--------------------------------------------------------------------------------------------
时间： 
$$$$$$$$$$$$$$$$$$$$$$$$$$$$$$$$$$$$$$$$$$$$$$$$$$$$$$$$$$$
002460 赣锋锂业 涨幅-2.38,市值428亿 
板块：锂电池,商品涨价
主买：32640万
主卖：-33026万
净买入：-385万
类型：游资
符合条件1，单位时间新增买入 1551万
--------------------------------------------------------------------------------------------
时间： 
$$$$$$$$$$$$$$$$$$$$$$$$$$$$$$$$$$$$$$$$$$$$$$$$$$$$$$$$$$$
600792 云煤能源 涨幅10.07,市值18亿 
板块：煤炭,商品涨价
主买：14354万
主卖：-2229万
净买入：12125万
类型：游资
符合条件1，单位时间新增买入 972万
$$$$$$$$$$$$$$$$$$$$$$$$$$$$$$$$$$$$$$$$$$$$$$$$$$$$$$$$$$$
000799 酒鬼酒 涨幅7.64,市值67亿 
板块：白酒
主买：8130万
主卖：-8855万
净买入：-725万
类型：游资
符合条件1，单位时间新增买入 1497万
--------------------------------------------------------------------------------------------
时间： 
--------------------------------------------------------------------------------------------
时间： 
$$$$$$$$$$$$$$$$$$$$$$$$$$$$$$$$$$$$$$$$$$$$$$$$$$$$$$$$$$$
002460 赣锋锂业 涨幅-2.71,市值426亿 
板块：锂电池,商品涨价
主买：38011万
主卖：-36200万
净买入：1811万
类型：游资
符合条件1，单位时间新增买入 2440万
--------------------------------------------------------------------------------------------
时间： 
--------------------------------------------------------------------------------------------
时间： 
--------------------------------------------------------------------------------------------
时间： 
$$$$$$$$$$$$$$$$$$$$$$$$$$$$$$$$$$$$$$$$$$$$$$$$$$$$$$$$$$$
000651 格力电器 涨幅1.69,市值1506亿 
板块：白色家电,白马股,蓝筹股
主买：26315万
主卖：-14217万
净买入：12098万
类型：
符合条件1，单位时间新增买入 1529万
--------------------------------------------------------------------------------------------
时间： 
$$$$$$$$$$$$$$$$$$$$$$$$$$$$$$$$$$$$$$$$$$$$$$$$$$$$$$$$$$$
002460 赣锋锂业 涨幅-3.09,市值425亿 
板块：锂电池,商品涨价
主买：41744万
主卖：-38808万
净买入：2936万
类型：游资
符合条件1，单位时间新增买入 2135万
--------------------------------------------------------------------------------------------
时间： 
$$$$$$$$$$$$$$$$$$$$$$$$$$$$$$$$$$$$$$$$$$$$$$$$$$$$$$$$$$$
002466 天齐锂业 涨幅-4.16,市值423亿 
板块：锂电池,商品涨价
主买：28004万
主卖：-45394万
净买入：-17391万
类型：游资
符合条件1，单位时间新增买入 1104万
--------------------------------------------------------------------------------------------
时间： 
--------------------------------------------------------------------------------------------
时间： 
--------------------------------------------------------------------------------------------
时间： 
--------------------------------------------------------------------------------------------
时间： 
--------------------------------------------------------------------------------------------
时间： 
--------------------------------------------------------------------------------------------
时间： 
--------------------------------------------------------------------------------------------
时间： 
--------------------------------------------------------------------------------------------
时间： 
$$$$$$$$$$$$$$$$$$$$$$$$$$$$$$$$$$$$$$$$$$$$$$$$$$$$$$$$$$$
002460 赣锋锂业 涨幅-0.75,市值435亿 
板块：锂电池,商品涨价
主买：47850万
主卖：-42881万
净买入：4969万
类型：游资
符合条件1，单位时间新增买入 786万
--------------------------------------------------------------------------------------------
时间： 
--------------------------------------------------------------------------------------------
时间： 
$$$$$$$$$$$$$$$$$$$$$$$$$$$$$$$$$$$$$$$$$$$$$$$$$$$$$$$$$$$
000488 晨鸣纸业 涨幅4.10,市值176亿 
板块：造纸
主买：9305万
主卖：-6902万
净买入：2403万
类型：
符合条件1，单位时间新增买入 707万
--------------------------------------------------------------------------------------------
时间： 
--------------------------------------------------------------------------------------------
时间： 
--------------------------------------------------------------------------------------------
时间： 
--------------------------------------------------------------------------------------------
时间： 
--------------------------------------------------------------------------------------------
时间： 
--------------------------------------------------------------------------------------------
时间： 
--------------------------------------------------------------------------------------------
时间： 
$$$$$$$$$$$$$$$$$$$$$$$$$$$$$$$$$$$$$$$$$$$$$$$$$$$$$$$$$$$
000651 格力电器 涨幅1.77,市值1507亿 
板块：白色家电,白马股,蓝筹股
主买：34968万
主卖：-23271万
净买入：11697万
类型：
符合条件1，单位时间新增买入 734万
--------------------------------------------------------------------------------------------
时间： 
--------------------------------------------------------------------------------------------
时间： 
$$$$$$$$$$$$$$$$$$$$$$$$$$$$$$$$$$$$$$$$$$$$$$$$$$$$$$$$$$$
000651 格力电器 涨幅1.91,市值1509亿 
板块：白色家电,白马股,蓝筹股
主买：41883万
主卖：-28859万
净买入：13025万
类型：
符合条件1，单位时间新增买入 760万
$$$$$$$$$$$$$$$$$$$$$$$$$$$$$$$$$$$$$$$$$$$$$$$$$$$$$$$$$$$
002192 融捷股份 涨幅7.07,市值78亿 
板块：锂电池,商品涨价
主买：12825万
主卖：-3631万
净买入：9194万
类型：基金
符合条件1，单位时间新增买入 921万
--------------------------------------------------------------------------------------------
时间： 
--------------------------------------------------------------------------------------------
时间： 
--------------------------------------------------------------------------------------------
时间： 
$$$$$$$$$$$$$$$$$$$$$$$$$$$$$$$$$$$$$$$$$$$$$$$$$$$$$$$$$$$
300304 云意电气 涨幅4.96,市值47亿 
板块：老高送转
主买：5029万
主卖：-1197万
净买入：3832万
类型：
符合条件1，单位时间新增买入 3832万
--------------------------------------------------------------------------------------------
时间： 
--------------------------------------------------------------------------------------------
时间： 
$$$$$$$$$$$$$$$$$$$$$$$$$$$$$$$$$$$$$$$$$$$$$$$$$$$$$$$$$$$
300304 云意电气 涨幅10.03,市值50亿 
板块：老高送转
主买：7911万
主卖：-1633万
净买入：6278万
类型：
符合条件1，单位时间新增买入 1762万
--------------------------------------------------------------------------------------------
时间： 
$$$$$$$$$$$$$$$$$$$$$$$$$$$$$$$$$$$$$$$$$$$$$$$$$$$$$$$$$$$
300304 云意电气 涨幅7.98,市值49亿 
板块：老高送转
主买：11518万
主卖：-2817万
净买入：8700万
类型：
符合条件1，单位时间新增买入 2422万
--------------------------------------------------------------------------------------------
时间： 
--------------------------------------------------------------------------------------------
时间： 
--------------------------------------------------------------------------------------------
时间： 
--------------------------------------------------------------------------------------------
时间： 
--------------------------------------------------------------------------------------------
时间： 
$$$$$$$$$$$$$$$$$$$$$$$$$$$$$$$$$$$$$$$$$$$$$$$$$$$$$$$$$$$
600792 云煤能源 涨幅10.07,市值18亿 
板块：煤炭,商品涨价
主买：19083万
主卖：-2530万
净买入：16553万
类型：游资
符合条件1，单位时间新增买入 1339万
--------------------------------------------------------------------------------------------
时间： 
$$$$$$$$$$$$$$$$$$$$$$$$$$$$$$$$$$$$$$$$$$$$$$$$$$$$$$$$$$$
300675 建科院 涨幅4.10,市值15亿 
板块：次新股,雄安新区
主买：2917万
主卖：-4720万
净买入：-1803万
类型：游资
符合条件1，单位时间新增买入 908万
--------------------------------------------------------------------------------------------
时间： 
$$$$$$$$$$$$$$$$$$$$$$$$$$$$$$$$$$$$$$$$$$$$$$$$$$$$$$$$$$$
000651 格力电器 涨幅2.02,市值1511亿 
板块：白色家电,白马股,蓝筹股
主买：51449万
主卖：-37171万
净买入：14278万
类型：
符合条件1，单位时间新增买入 757万
--------------------------------------------------------------------------------------------
时间： 
--------------------------------------------------------------------------------------------
时间： 
--------------------------------------------------------------------------------------------
时间： 
--------------------------------------------------------------------------------------------
时间： 
$$$$$$$$$$$$$$$$$$$$$$$$$$$$$$$$$$$$$$$$$$$$$$$$$$$$$$$$$$$
300685 艾德生物 涨幅5.62,市值20亿 
板块：开板次新,生物制品
主买：2550万
主卖：-1540万
净买入：1010万
类型：
符合条件1，单位时间新增买入 1010万
--------------------------------------------------------------------------------------------
时间： 
--------------------------------------------------------------------------------------------
时间： 
--------------------------------------------------------------------------------------------
时间： 
$$$$$$$$$$$$$$$$$$$$$$$$$$$$$$$$$$$$$$$$$$$$$$$$$$$$$$$$$$$
601003 柳钢股份 涨幅10.05,市值37亿 
板块：商品涨价,钢铁
主买：21544万
主卖：-7093万
净买入：14451万
类型：游资
符合条件1，单位时间新增买入 5469万
$$$$$$$$$$$$$$$$$$$$$$$$$$$$$$$$$$$$$$$$$$$$$$$$$$$$$$$$$$$
603165 荣晟环保 涨幅8.90,市值22亿 
板块：中报预增,庄股,商品涨价
主买：7755万
主卖：-6189万
净买入：1566万
类型：庄股
符合条件1，单位时间新增买入 2154万
--------------------------------------------------------------------------------------------
时间： 
$$$$$$$$$$$$$$$$$$$$$$$$$$$$$$$$$$$$$$$$$$$$$$$$$$$$$$$$$$$
601003 柳钢股份 涨幅10.05,市值37亿 
板块：商品涨价,钢铁
主买：23484万
主卖：-8297万
净买入：15187万
类型：游资
符合条件1，单位时间新增买入 736万
--------------------------------------------------------------------------------------------
时间： 
--------------------------------------------------------------------------------------------
时间： 
$$$$$$$$$$$$$$$$$$$$$$$$$$$$$$$$$$$$$$$$$$$$$$$$$$$$$$$$$$$
603165 荣晟环保 涨幅9.90,市值22亿 
板块：中报预增,庄股,商品涨价
主买：10031万
主卖：-6779万
净买入：3252万
类型：庄股
符合条件1，单位时间新增买入 1730万
--------------------------------------------------------------------------------------------
时间： 
--------------------------------------------------------------------------------------------
时间： 
$$$$$$$$$$$$$$$$$$$$$$$$$$$$$$$$$$$$$$$$$$$$$$$$$$$$$$$$$$$
600507 方大特钢 涨幅3.17,市值74亿 
板块：商品涨价,钢铁
主买：15061万
主卖：-4196万
净买入：10865万
类型：游资
符合条件1，单位时间新增买入 849万
--------------------------------------------------------------------------------------------
时间： 
--------------------------------------------------------------------------------------------
时间： 
--------------------------------------------------------------------------------------------
时间： 
$$$$$$$$$$$$$$$$$$$$$$$$$$$$$$$$$$$$$$$$$$$$$$$$$$$$$$$$$$$
002176 江特电机 涨幅4.89,市值195亿 
板块：锂电池,电气设备,商品涨价
主买：19323万
主卖：-13456万
净买入：5867万
类型：
符合条件1，单位时间新增买入 2366万
$$$$$$$$$$$$$$$$$$$$$$$$$$$$$$$$$$$$$$$$$$$$$$$$$$$$$$$$$$$
002239 奥特佳 涨幅10.10,市值35亿 
板块：新能源汽车
主买：34483万
主卖：-34606万
净买入：-123万
类型：
符合条件1，单位时间新增买入 841万
--------------------------------------------------------------------------------------------
时间： 
$$$$$$$$$$$$$$$$$$$$$$$$$$$$$$$$$$$$$$$$$$$$$$$$$$$$$$$$$$$
002176 江特电机 涨幅4.59,市值195亿 
板块：锂电池,电气设备,商品涨价
主买：20617万
主卖：-13740万
净买入：6877万
类型：
符合条件1，单位时间新增买入 1010万
--------------------------------------------------------------------------------------------
时间： 
$$$$$$$$$$$$$$$$$$$$$$$$$$$$$$$$$$$$$$$$$$$$$$$$$$$$$$$$$$$
000930 中粮生化 涨幅8.16,市值108亿 
板块：混改
主买：13723万
主卖：-6132万
净买入：7590万
类型：
符合条件1，单位时间新增买入 1371万
--------------------------------------------------------------------------------------------
时间： 
$$$$$$$$$$$$$$$$$$$$$$$$$$$$$$$$$$$$$$$$$$$$$$$$$$$$$$$$$$$
000930 中粮生化 涨幅8.33,市值108亿 
板块：混改
主买：15056万
主卖：-6132万
净买入：8924万
类型：
符合条件1，单位时间新增买入 1333万
--------------------------------------------------------------------------------------------
时间： 
--------------------------------------------------------------------------------------------
时间： 
$$$$$$$$$$$$$$$$$$$$$$$$$$$$$$$$$$$$$$$$$$$$$$$$$$$$$$$$$$$
300696 爱乐达 涨幅10.00,市值15亿 
板块：次新股
主买：8451万
主卖：-1067万
净买入：7384万
类型：
符合条件1，单位时间新增买入 4166万
--------------------------------------------------------------------------------------------
时间： 
$$$$$$$$$$$$$$$$$$$$$$$$$$$$$$$$$$$$$$$$$$$$$$$$$$$$$$$$$$$
002176 江特电机 涨幅5.38,市值196亿 
板块：锂电池,电气设备,商品涨价
主买：24062万
主卖：-14266万
净买入：9795万
类型：
符合条件1，单位时间新增买入 1383万
$$$$$$$$$$$$$$$$$$$$$$$$$$$$$$$$$$$$$$$$$$$$$$$$$$$$$$$$$$$
300696 爱乐达 涨幅10.00,市值15亿 
板块：次新股
主买：9608万
主卖：-1067万
净买入：8540万
类型：
符合条件1，单位时间新增买入 1156万
$$$$$$$$$$$$$$$$$$$$$$$$$$$$$$$$$$$$$$$$$$$$$$$$$$$$$$$$$$$
002340 格林美 涨幅0.98,市值217亿 
板块：钴涨价,锂电池
主买：26135万
主卖：-56953万
净买入：-30818万
类型：游资
符合条件1，单位时间新增买入 815万
--------------------------------------------------------------------------------------------
时间： 
$$$$$$$$$$$$$$$$$$$$$$$$$$$$$$$$$$$$$$$$$$$$$$$$$$$$$$$$$$$
601969 海南矿业 涨幅8.60,市值29亿 
板块：铁矿石涨价
主买：3541万
主卖：-2159万
净买入：1382万
类型：基金
符合条件1，单位时间新增买入 1382万
$$$$$$$$$$$$$$$$$$$$$$$$$$$$$$$$$$$$$$$$$$$$$$$$$$$$$$$$$$$
300696 爱乐达 涨幅10.00,市值15亿 
板块：次新股
主买：10387万
主卖：-1067万
净买入：9320万
类型：
符合条件1，单位时间新增买入 780万
--------------------------------------------------------------------------------------------
时间： 
$$$$$$$$$$$$$$$$$$$$$$$$$$$$$$$$$$$$$$$$$$$$$$$$$$$$$$$$$$$
002056 横店东磁 涨幅2.27,市值88亿 
板块：稀土永磁,商品涨价,苹果概念,特斯拉
主买：13830万
主卖：-11236万
净买入：2593万
类型：游资
符合条件1，单位时间新增买入 1373万
--------------------------------------------------------------------------------------------
时间： 
--------------------------------------------------------------------------------------------
时间： 
--------------------------------------------------------------------------------------------
时间： 
--------------------------------------------------------------------------------------------
时间： 
--------------------------------------------------------------------------------------------
时间： 
--------------------------------------------------------------------------------------------
时间： 
--------------------------------------------------------------------------------------------
时间： 
--------------------------------------------------------------------------------------------
时间： 
--------------------------------------------------------------------------------------------
时间： 
$$$$$$$$$$$$$$$$$$$$$$$$$$$$$$$$$$$$$$$$$$$$$$$$$$$$$$$$$$$
000930 中粮生化 涨幅8.41,市值108亿 
板块：混改
主买：17150万
主卖：-6948万
净买入：10203万
类型：
符合条件1，单位时间新增买入 811万
--------------------------------------------------------------------------------------------
时间： 
$$$$$$$$$$$$$$$$$$$$$$$$$$$$$$$$$$$$$$$$$$$$$$$$$$$$$$$$$$$
002340 格林美 涨幅2.21,市值220亿 
板块：钴涨价,锂电池
主买：28668万
主卖：-61261万
净买入：-32592万
类型：游资
符合条件1，单位时间新增买入 738万
--------------------------------------------------------------------------------------------
时间： 
--------------------------------------------------------------------------------------------
时间： 
--------------------------------------------------------------------------------------------
时间： 
--------------------------------------------------------------------------------------------
时间： 
$$$$$$$$$$$$$$$$$$$$$$$$$$$$$$$$$$$$$$$$$$$$$$$$$$$$$$$$$$$
002176 江特电机 涨幅6.42,市值198亿 
板块：锂电池,电气设备,商品涨价
主买：31645万
主卖：-16859万
净买入：14786万
类型：
符合条件1，单位时间新增买入 3463万
--------------------------------------------------------------------------------------------
时间： 
--------------------------------------------------------------------------------------------
时间： 
--------------------------------------------------------------------------------------------
时间： 
$$$$$$$$$$$$$$$$$$$$$$$$$$$$$$$$$$$$$$$$$$$$$$$$$$$$$$$$$$$
002497 雅化集团 涨幅6.58,市值173亿 
板块：锂电池,商品涨价
主买：31312万
主卖：-35819万
净买入：-4507万
类型：游资
符合条件1，单位时间新增买入 744万
--------------------------------------------------------------------------------------------
时间： 
--------------------------------------------------------------------------------------------
时间： 
--------------------------------------------------------------------------------------------
时间： 
--------------------------------------------------------------------------------------------
时间： 
--------------------------------------------------------------------------------------------
时间： 
$$$$$$$$$$$$$$$$$$$$$$$$$$$$$$$$$$$$$$$$$$$$$$$$$$$$$$$$$$$
002340 格林美 涨幅1.35,市值218亿 
板块：钴涨价,锂电池
主买：31745万
主卖：-67328万
净买入：-35583万
类型：游资
符合条件1，单位时间新增买入 722万
--------------------------------------------------------------------------------------------
时间： 
--------------------------------------------------------------------------------------------
时间： 
--------------------------------------------------------------------------------------------
时间： 
$$$$$$$$$$$$$$$$$$$$$$$$$$$$$$$$$$$$$$$$$$$$$$$$$$$$$$$$$$$
002176 江特电机 涨幅6.67,市值199亿 
板块：锂电池,电气设备,商品涨价
主买：33911万
主卖：-18232万
净买入：15678万
类型：
符合条件1，单位时间新增买入 747万
--------------------------------------------------------------------------------------------
时间： 
--------------------------------------------------------------------------------------------
时间： 
$$$$$$$$$$$$$$$$$$$$$$$$$$$$$$$$$$$$$$$$$$$$$$$$$$$$$$$$$$$
002176 江特电机 涨幅8.07,市值201亿 
板块：锂电池,电气设备,商品涨价
主买：37842万
主卖：-19040万
净买入：18802万
类型：
符合条件1，单位时间新增买入 2520万
--------------------------------------------------------------------------------------------
时间： 
$$$$$$$$$$$$$$$$$$$$$$$$$$$$$$$$$$$$$$$$$$$$$$$$$$$$$$$$$$$
002176 江特电机 涨幅7.40,市值200亿 
板块：锂电池,电气设备,商品涨价
主买：39306万
主卖：-19406万
净买入：19900万
类型：
符合条件1，单位时间新增买入 1098万
--------------------------------------------------------------------------------------------
时间： 
--------------------------------------------------------------------------------------------
时间： 
--------------------------------------------------------------------------------------------
时间： 
--------------------------------------------------------------------------------------------
时间： 
$$$$$$$$$$$$$$$$$$$$$$$$$$$$$$$$$$$$$$$$$$$$$$$$$$$$$$$$$$$
002192 融捷股份 涨幅8.21,市值79亿 
板块：锂电池,商品涨价
主买：17157万
主卖：-5641万
净买入：11516万
类型：基金
符合条件1，单位时间新增买入 1301万
--------------------------------------------------------------------------------------------
时间： 
--------------------------------------------------------------------------------------------
时间： 
$$$$$$$$$$$$$$$$$$$$$$$$$$$$$$$$$$$$$$$$$$$$$$$$$$$$$$$$$$$
002176 江特电机 涨幅9.24,市值204亿 
板块：锂电池,电气设备,商品涨价
主买：43609万
主卖：-20106万
净买入：23504万
类型：
符合条件1，单位时间新增买入 3015万
--------------------------------------------------------------------------------------------
时间： 
$$$$$$$$$$$$$$$$$$$$$$$$$$$$$$$$$$$$$$$$$$$$$$$$$$$$$$$$$$$
600970 中材国际 涨幅3.58,市值80亿 
板块：一带一路
主买：4582万
主卖：-1445万
净买入：3137万
类型：
符合条件1，单位时间新增买入 3137万
$$$$$$$$$$$$$$$$$$$$$$$$$$$$$$$$$$$$$$$$$$$$$$$$$$$$$$$$$$$
300675 建科院 涨幅10.00,市值16亿 
板块：次新股,雄安新区
主买：8767万
主卖：-8046万
净买入：721万
类型：游资
符合条件1，单位时间新增买入 1109万
$$$$$$$$$$$$$$$$$$$$$$$$$$$$$$$$$$$$$$$$$$$$$$$$$$$$$$$$$$$
002407 多氟多 涨幅-1.10,市值154亿 
板块：锂电池,商品涨价
主买：15214万
主卖：-31576万
净买入：-16362万
类型：基金
符合条件1，单位时间新增买入 875万
--------------------------------------------------------------------------------------------
时间： 
$$$$$$$$$$$$$$$$$$$$$$$$$$$$$$$$$$$$$$$$$$$$$$$$$$$$$$$$$$$
300675 建科院 涨幅9.70,市值16亿 
板块：次新股,雄安新区
主买：13593万
主卖：-8046万
净买入：5547万
类型：游资
符合条件1，单位时间新增买入 4826万
--------------------------------------------------------------------------------------------
时间： 
$$$$$$$$$$$$$$$$$$$$$$$$$$$$$$$$$$$$$$$$$$$$$$$$$$$$$$$$$$$
002176 江特电机 涨幅9.72,市值204亿 
板块：锂电池,电气设备,商品涨价
主买：45659万
主卖：-20505万
净买入：25153万
类型：
符合条件1，单位时间新增买入 1270万
--------------------------------------------------------------------------------------------
时间： 
--------------------------------------------------------------------------------------------
时间： 
--------------------------------------------------------------------------------------------
时间： 
$$$$$$$$$$$$$$$$$$$$$$$$$$$$$$$$$$$$$$$$$$$$$$$$$$$$$$$$$$$
600499 科达洁能 涨幅6.55,市值130亿 
板块：商品涨价,锂电池
主买：16316万
主卖：-11219万
净买入：5098万
类型：
符合条件1，单位时间新增买入 703万
--------------------------------------------------------------------------------------------
时间： 
--------------------------------------------------------------------------------------------
时间： 
--------------------------------------------------------------------------------------------
时间： 
--------------------------------------------------------------------------------------------
时间： 
--------------------------------------------------------------------------------------------
时间： 
--------------------------------------------------------------------------------------------
时间： 
--------------------------------------------------------------------------------------------
时间： 
--------------------------------------------------------------------------------------------
时间： 
$$$$$$$$$$$$$$$$$$$$$$$$$$$$$$$$$$$$$$$$$$$$$$$$$$$$$$$$$$$
601003 柳钢股份 涨幅9.92,市值37亿 
板块：商品涨价,钢铁
主买：36043万
主卖：-17051万
净买入：18992万
类型：游资
符合条件1，单位时间新增买入 774万
$$$$$$$$$$$$$$$$$$$$$$$$$$$$$$$$$$$$$$$$$$$$$$$$$$$$$$$$$$$
300675 建科院 涨幅10.00,市值16亿 
板块：次新股,雄安新区
主买：17427万
主卖：-8526万
净买入：8902万
类型：游资
符合条件1，单位时间新增买入 2775万
$$$$$$$$$$$$$$$$$$$$$$$$$$$$$$$$$$$$$$$$$$$$$$$$$$$$$$$$$$$
600499 科达洁能 涨幅7.55,市值131亿 
板块：商品涨价,锂电池
主买：19837万
主卖：-12717万
净买入：7120万
类型：
符合条件1，单位时间新增买入 906万
--------------------------------------------------------------------------------------------
时间： 
$$$$$$$$$$$$$$$$$$$$$$$$$$$$$$$$$$$$$$$$$$$$$$$$$$$$$$$$$$$
002176 江特电机 涨幅9.24,市值204亿 
板块：锂电池,电气设备,商品涨价
主买：49037万
主卖：-20910万
净买入：28127万
类型：
符合条件1，单位时间新增买入 1320万
$$$$$$$$$$$$$$$$$$$$$$$$$$$$$$$$$$$$$$$$$$$$$$$$$$$$$$$$$$$
002340 格林美 涨幅3.44,市值222亿 
板块：钴涨价,锂电池
主买：39638万
主卖：-72673万
净买入：-33035万
类型：游资
符合条件1，单位时间新增买入 2509万
--------------------------------------------------------------------------------------------
时间： 
--------------------------------------------------------------------------------------------
时间： 
$$$$$$$$$$$$$$$$$$$$$$$$$$$$$$$$$$$$$$$$$$$$$$$$$$$$$$$$$$$
603113 金能科技 涨幅6.57,市值23亿 
板块：次新股,煤化工,商品涨价
主买：10233万
主卖：-2034万
净买入：8199万
类型：
符合条件1，单位时间新增买入 958万
--------------------------------------------------------------------------------------------
时间： 
$$$$$$$$$$$$$$$$$$$$$$$$$$$$$$$$$$$$$$$$$$$$$$$$$$$$$$$$$$$
603359 东珠景观 涨幅9.56,市值32亿 
板块：次新股
主买：22267万
主卖：-3841万
净买入：18426万
类型：
符合条件1，单位时间新增买入 704万
$$$$$$$$$$$$$$$$$$$$$$$$$$$$$$$$$$$$$$$$$$$$$$$$$$$$$$$$$$$
002460 赣锋锂业 涨幅1.54,市值445亿 
板块：锂电池,商品涨价
主买：62728万
主卖：-54694万
净买入：8034万
类型：游资
符合条件1，单位时间新增买入 734万
--------------------------------------------------------------------------------------------
时间： 
--------------------------------------------------------------------------------------------
时间： 
$$$$$$$$$$$$$$$$$$$$$$$$$$$$$$$$$$$$$$$$$$$$$$$$$$$$$$$$$$$
002176 江特电机 涨幅10.03,市值205亿 
板块：锂电池,电气设备,商品涨价
主买：61084万
主卖：-24848万
净买入：36236万
类型：
符合条件1，单位时间新增买入 7150万
$$$$$$$$$$$$$$$$$$$$$$$$$$$$$$$$$$$$$$$$$$$$$$$$$$$$$$$$$$$
600773 西藏城投 涨幅6.54,市值61亿 
板块：锂电池,西藏板块
主买：9946万
主卖：-5838万
净买入：4108万
类型：游资
符合条件1，单位时间新增买入 4108万
--------------------------------------------------------------------------------------------
时间： 
$$$$$$$$$$$$$$$$$$$$$$$$$$$$$$$$$$$$$$$$$$$$$$$$$$$$$$$$$$$
002176 江特电机 涨幅10.03,市值205亿 
板块：锂电池,电气设备,商品涨价
主买：67996万
主卖：-26699万
净买入：41297万
类型：
符合条件1，单位时间新增买入 5061万
$$$$$$$$$$$$$$$$$$$$$$$$$$$$$$$$$$$$$$$$$$$$$$$$$$$$$$$$$$$
002497 雅化集团 涨幅7.74,市值175亿 
板块：锂电池,商品涨价
主买：37364万
主卖：-38246万
净买入：-882万
类型：游资
符合条件1，单位时间新增买入 2086万
--------------------------------------------------------------------------------------------
时间： 
--------------------------------------------------------------------------------------------
时间： 
$$$$$$$$$$$$$$$$$$$$$$$$$$$$$$$$$$$$$$$$$$$$$$$$$$$$$$$$$$$
002407 多氟多 涨幅0.00,市值156亿 
板块：锂电池,商品涨价
主买：17929万
主卖：-32446万
净买入：-14517万
类型：基金
符合条件1，单位时间新增买入 1124万
--------------------------------------------------------------------------------------------
时间： 
--------------------------------------------------------------------------------------------
时间： 
--------------------------------------------------------------------------------------------
时间： 
$$$$$$$$$$$$$$$$$$$$$$$$$$$$$$$$$$$$$$$$$$$$$$$$$$$$$$$$$$$
600367 红星发展 涨幅10.01,市值28亿 
板块：商品涨价
主买：13085万
主卖：-3343万
净买入：9741万
类型：
符合条件1，单位时间新增买入 729万
$$$$$$$$$$$$$$$$$$$$$$$$$$$$$$$$$$$$$$$$$$$$$$$$$$$$$$$$$$$
603603 博天环境 涨幅6.54,市值21亿 
板块：雄安环保,次新股
主买：13931万
主卖：-8090万
净买入：5841万
类型：游资
符合条件1，单位时间新增买入 960万
$$$$$$$$$$$$$$$$$$$$$$$$$$$$$$$$$$$$$$$$$$$$$$$$$$$$$$$$$$$
000762 西藏矿业 涨幅1.73,市值90亿 
板块：商品涨价,西藏板块,锂电池
主买：50208万
主卖：-57579万
净买入：-7371万
类型：游资
符合条件1，单位时间新增买入 2915万
$$$$$$$$$$$$$$$$$$$$$$$$$$$$$$$$$$$$$$$$$$$$$$$$$$$$$$$$$$$
000795 英洛华 涨幅4.56,市值47亿 
板块：稀土永磁,商品涨价
主买：12520万
主卖：-21807万
净买入：-9287万
类型：游资
符合条件1，单位时间新增买入 947万
--------------------------------------------------------------------------------------------
时间： 
$$$$$$$$$$$$$$$$$$$$$$$$$$$$$$$$$$$$$$$$$$$$$$$$$$$$$$$$$$$
600291 西水股份 涨幅0.83,市值149亿 
板块：msci概念,保险,蓝筹股,低市盈率
主买：8556万
主卖：-29124万
净买入：-20568万
类型：基金
符合条件1，单位时间新增买入 1832万
$$$$$$$$$$$$$$$$$$$$$$$$$$$$$$$$$$$$$$$$$$$$$$$$$$$$$$$$$$$
002340 格林美 涨幅4.05,市值224亿 
板块：钴涨价,锂电池
主买：55709万
主卖：-94145万
净买入：-38437万
类型：游资
符合条件1，单位时间新增买入 2219万
--------------------------------------------------------------------------------------------
时间： 
$$$$$$$$$$$$$$$$$$$$$$$$$$$$$$$$$$$$$$$$$$$$$$$$$$$$$$$$$$$
300571 平治信息 涨幅3.64,市值14亿 
板块：中报高送转
主买：3033万
主卖：-1863万
净买入：1171万
类型：游资
符合条件1，单位时间新增买入 1171万
$$$$$$$$$$$$$$$$$$$$$$$$$$$$$$$$$$$$$$$$$$$$$$$$$$$$$$$$$$$
601101 昊华能源 涨幅5.08,市值50亿 
板块：商品涨价,煤炭
主买：9748万
主卖：-5281万
净买入：4466万
类型：基金
符合条件1，单位时间新增买入 877万
$$$$$$$$$$$$$$$$$$$$$$$$$$$$$$$$$$$$$$$$$$$$$$$$$$$$$$$$$$$
600291 西水股份 涨幅0.70,市值149亿 
板块：msci概念,保险,蓝筹股,低市盈率
主买：9739万
主卖：-29124万
净买入：-19385万
类型：基金
符合条件1，单位时间新增买入 1183万
$$$$$$$$$$$$$$$$$$$$$$$$$$$$$$$$$$$$$$$$$$$$$$$$$$$$$$$$$$$
600516 方大炭素 涨幅0.71,市值366亿 
板块：石墨烯,商品涨价
主买：79678万
主卖：-134974万
净买入：-55296万
类型：游资
符合条件1，单位时间新增买入 958万
--------------------------------------------------------------------------------------------
时间： 
$$$$$$$$$$$$$$$$$$$$$$$$$$$$$$$$$$$$$$$$$$$$$$$$$$$$$$$$$$$
600259 广晟有色 涨幅2.83,市值77亿 
板块：稀土永磁,商品涨价
主买：11718万
主卖：-7734万
净买入：3984万
类型：游资
符合条件1，单位时间新增买入 3984万
$$$$$$$$$$$$$$$$$$$$$$$$$$$$$$$$$$$$$$$$$$$$$$$$$$$$$$$$$$$
600326 西藏天路 涨幅2.68,市值74亿 
板块：商品涨价,西藏板块
主买：7133万
主卖：-7042万
净买入：92万
类型：游资
符合条件1，单位时间新增买入 1793万
--------------------------------------------------------------------------------------------
时间： 
$$$$$$$$$$$$$$$$$$$$$$$$$$$$$$$$$$$$$$$$$$$$$$$$$$$$$$$$$$$
600503 华丽家族 涨幅4.59,市值114亿 
板块：石墨烯
主买：20945万
主卖：-4939万
净买入：16006万
类型：游资
符合条件1，单位时间新增买入 16006万
$$$$$$$$$$$$$$$$$$$$$$$$$$$$$$$$$$$$$$$$$$$$$$$$$$$$$$$$$$$
601388 怡球资源 涨幅5.63,市值71亿 
板块：有色金属
主买：18767万
主卖：-10876万
净买入：7891万
类型：游资
符合条件1，单位时间新增买入 7891万
$$$$$$$$$$$$$$$$$$$$$$$$$$$$$$$$$$$$$$$$$$$$$$$$$$$$$$$$$$$
600008 首创股份 涨幅-0.43,市值153亿 
板块：雄安环保
主买：24674万
主卖：-16285万
净买入：8389万
类型：
符合条件1，单位时间新增买入 1057万
$$$$$$$$$$$$$$$$$$$$$$$$$$$$$$$$$$$$$$$$$$$$$$$$$$$$$$$$$$$
600326 西藏天路 涨幅2.77,市值74亿 
板块：商品涨价,西藏板块
主买：8156万
主卖：-7042万
净买入：1115万
类型：游资
符合条件1，单位时间新增买入 1023万
--------------------------------------------------------------------------------------------
时间： 
$$$$$$$$$$$$$$$$$$$$$$$$$$$$$$$$$$$$$$$$$$$$$$$$$$$$$$$$$$$
600230 沧州大化 涨幅-3.55,市值95亿 
板块：商品涨价,化工
主买：10837万
主卖：-29004万
净买入：-18168万
类型：游资
符合条件1，单位时间新增买入 746万
