--------------------------------------------------------------------------------------------
时间： 
--------------------------------------------------------------------------------------------
时间： 
--------------------------------------------------------------------------------------------
时间： 
--------------------------------------------------------------------------------------------
时间： 
$$$$$$$$$$$$$$$$$$$$$$$$$$$$$$$$$$$$$$$$$$$$$$$$$$$$$$$$$$$
603127 昭衍新药 涨幅-9.94,市值14亿 
板块：
主买：4487万
主卖：-2152万
净买入：2336万
类型：
符合条件1，单位时间新增买入 2336万
$$$$$$$$$$$$$$$$$$$$$$$$$$$$$$$$$$$$$$$$$$$$$$$$$$$$$$$$$$$
002895 川恒股份 涨幅-3.94,市值12亿 
板块：
主买：2111万
主卖：-290万
净买入：1821万
类型：
符合条件1，单位时间新增买入 1821万
--------------------------------------------------------------------------------------------
时间： 
$$$$$$$$$$$$$$$$$$$$$$$$$$$$$$$$$$$$$$$$$$$$$$$$$$$$$$$$$$$
603127 昭衍新药 涨幅-9.85,市值14亿 
板块：
主买：5741万
主卖：-2152万
净买入：3590万
类型：
符合条件1，单位时间新增买入 1254万
--------------------------------------------------------------------------------------------
时间： 
$$$$$$$$$$$$$$$$$$$$$$$$$$$$$$$$$$$$$$$$$$$$$$$$$$$$$$$$$$$
002604 龙力生物 涨幅1.98,市值47亿 
板块：乙醇汽油
主买：2011万
主卖：-294万
净买入：1717万
类型：基金
符合条件1，单位时间新增买入 1717万
--------------------------------------------------------------------------------------------
时间： 
$$$$$$$$$$$$$$$$$$$$$$$$$$$$$$$$$$$$$$$$$$$$$$$$$$$$$$$$$$$
300209 天泽信息 涨幅2.73,市值34亿 
板块：复牌,无人驾驶
主买：1227万
主卖：-142万
净买入：1085万
类型：
符合条件1，单位时间新增买入 1085万
--------------------------------------------------------------------------------------------
时间： 
$$$$$$$$$$$$$$$$$$$$$$$$$$$$$$$$$$$$$$$$$$$$$$$$$$$$$$$$$$$
603277 银都股份 涨幅5.79,市值18亿 
板块：
主买：4980万
主卖：-294万
净买入：4686万
类型：
符合条件1，单位时间新增买入 4686万
$$$$$$$$$$$$$$$$$$$$$$$$$$$$$$$$$$$$$$$$$$$$$$$$$$$$$$$$$$$
600773 西藏城投 涨幅4.25,市值67亿 
板块：锂电池,西藏板块,新能源汽车
主买：6211万
主卖：-2663万
净买入：3547万
类型：游资
符合条件1，单位时间新增买入 3547万
--------------------------------------------------------------------------------------------
时间： 
--------------------------------------------------------------------------------------------
时间： 
$$$$$$$$$$$$$$$$$$$$$$$$$$$$$$$$$$$$$$$$$$$$$$$$$$$$$$$$$$$
603127 昭衍新药 涨幅-9.95,市值14亿 
板块：开板次新
主买：7736万
主卖：-2558万
净买入：5178万
类型：
符合条件1，单位时间新增买入 745万
--------------------------------------------------------------------------------------------
时间： 
--------------------------------------------------------------------------------------------
时间： 
$$$$$$$$$$$$$$$$$$$$$$$$$$$$$$$$$$$$$$$$$$$$$$$$$$$$$$$$$$$
000762 西藏矿业 涨幅0.18,市值89亿 
板块：盐湖提锂,西藏板块,锂电池
主买：12696万
主卖：-7460万
净买入：5236万
类型：游资
符合条件1，单位时间新增买入 5236万
$$$$$$$$$$$$$$$$$$$$$$$$$$$$$$$$$$$$$$$$$$$$$$$$$$$$$$$$$$$
600251 冠农股份 涨幅10.05,市值48亿 
板块：盐湖提锂
主买：14491万
主卖：-13576万
净买入：915万
类型：
符合条件1，单位时间新增买入 915万
--------------------------------------------------------------------------------------------
时间： 
$$$$$$$$$$$$$$$$$$$$$$$$$$$$$$$$$$$$$$$$$$$$$$$$$$$$$$$$$$$
600251 冠农股份 涨幅10.05,市值48亿 
板块：盐湖提锂
主买：16489万
主卖：-13576万
净买入：2913万
类型：
符合条件1，单位时间新增买入 1998万
--------------------------------------------------------------------------------------------
时间： 
$$$$$$$$$$$$$$$$$$$$$$$$$$$$$$$$$$$$$$$$$$$$$$$$$$$$$$$$$$$
000537 广宇发展 涨幅5.66,市值42亿 
板块：复牌
主买：3314万
主卖：-501万
净买入：2813万
类型：
符合条件1，单位时间新增买入 2813万
--------------------------------------------------------------------------------------------
时间： 
$$$$$$$$$$$$$$$$$$$$$$$$$$$$$$$$$$$$$$$$$$$$$$$$$$$$$$$$$$$
300675 建科院 涨幅-4.66,市值18亿 
板块：次新股,雄安新区
主买：350万
主卖：-7257万
净买入：-6907万
类型：游资
符合条件1，单位时间新增买入 715万
$$$$$$$$$$$$$$$$$$$$$$$$$$$$$$$$$$$$$$$$$$$$$$$$$$$$$$$$$$$
002797 第一创业 涨幅6.13,市值213亿 
板块：证券
主买：4828万
主卖：-21071万
净买入：-16244万
类型：游资
符合条件1，单位时间新增买入 1814万
--------------------------------------------------------------------------------------------
时间： 
--------------------------------------------------------------------------------------------
时间： 
$$$$$$$$$$$$$$$$$$$$$$$$$$$$$$$$$$$$$$$$$$$$$$$$$$$$$$$$$$$
300502 新易盛 涨幅8.59,市值23亿 
板块：5G
主买：5258万
主卖：-1453万
净买入：3805万
类型：游资
符合条件1，单位时间新增买入 3805万
$$$$$$$$$$$$$$$$$$$$$$$$$$$$$$$$$$$$$$$$$$$$$$$$$$$$$$$$$$$
002896 中大力德 涨幅10.00,市值11亿 
板块：
主买：19054万
主卖：-812万
净买入：18243万
类型：
符合条件1，单位时间新增买入 18243万
--------------------------------------------------------------------------------------------
时间： 
$$$$$$$$$$$$$$$$$$$$$$$$$$$$$$$$$$$$$$$$$$$$$$$$$$$$$$$$$$$
002896 中大力德 涨幅9.38,市值11亿 
板块：
主买：20209万
主卖：-812万
净买入：19397万
类型：
符合条件1，单位时间新增买入 1154万
--------------------------------------------------------------------------------------------
时间： 
--------------------------------------------------------------------------------------------
时间： 
$$$$$$$$$$$$$$$$$$$$$$$$$$$$$$$$$$$$$$$$$$$$$$$$$$$$$$$$$$$
600068 葛洲坝 涨幅2.67,市值296亿 
板块：白马股,msci概念,水利
主买：12608万
主卖：-5178万
净买入：7431万
类型：基金
符合条件1，单位时间新增买入 7431万
$$$$$$$$$$$$$$$$$$$$$$$$$$$$$$$$$$$$$$$$$$$$$$$$$$$$$$$$$$$
000799 酒鬼酒 涨幅4.80,市值67亿 
板块：白酒
主买：1902万
主卖：-504万
净买入：1398万
类型：游资
符合条件1，单位时间新增买入 1398万
$$$$$$$$$$$$$$$$$$$$$$$$$$$$$$$$$$$$$$$$$$$$$$$$$$$$$$$$$$$
002797 第一创业 涨幅5.19,市值211亿 
板块：证券
主买：5745万
主卖：-24780万
净买入：-19034万
类型：游资
符合条件1，单位时间新增买入 1190万
--------------------------------------------------------------------------------------------
时间： 
$$$$$$$$$$$$$$$$$$$$$$$$$$$$$$$$$$$$$$$$$$$$$$$$$$$$$$$$$$$
603527 众源新材 涨幅7.83,市值11亿 
板块：
主买：3766万
主卖：-508万
净买入：3258万
类型：
符合条件1，单位时间新增买入 3258万
$$$$$$$$$$$$$$$$$$$$$$$$$$$$$$$$$$$$$$$$$$$$$$$$$$$$$$$$$$$
000957 中通客车 涨幅5.25,市值47亿 
板块：新能源汽车,白马股
主买：2155万
主卖：0万
净买入：2155万
类型：基金
符合条件1，单位时间新增买入 2155万
$$$$$$$$$$$$$$$$$$$$$$$$$$$$$$$$$$$$$$$$$$$$$$$$$$$$$$$$$$$
600801 华新水泥 涨幅3.88,市值65亿 
板块：水泥,商品涨价
主买：1426万
主卖：-320万
净买入：1106万
类型：
符合条件1，单位时间新增买入 1106万
$$$$$$$$$$$$$$$$$$$$$$$$$$$$$$$$$$$$$$$$$$$$$$$$$$$$$$$$$$$
300198 纳川股份 涨幅1.96,市值44亿 
板块：锂电池
主买：2493万
主卖：-694万
净买入：1799万
类型：
符合条件1，单位时间新增买入 1799万
--------------------------------------------------------------------------------------------
时间： 
$$$$$$$$$$$$$$$$$$$$$$$$$$$$$$$$$$$$$$$$$$$$$$$$$$$$$$$$$$$
000957 中通客车 涨幅6.44,市值48亿 
板块：新能源汽车,白马股
主买：3176万
主卖：0万
净买入：3176万
类型：基金
符合条件1，单位时间新增买入 1021万
$$$$$$$$$$$$$$$$$$$$$$$$$$$$$$$$$$$$$$$$$$$$$$$$$$$$$$$$$$$
002797 第一创业 涨幅7.74,市值216亿 
板块：证券
主买：11746万
主卖：-25288万
净买入：-13542万
类型：游资
符合条件1，单位时间新增买入 4934万
--------------------------------------------------------------------------------------------
时间： 
$$$$$$$$$$$$$$$$$$$$$$$$$$$$$$$$$$$$$$$$$$$$$$$$$$$$$$$$$$$
600068 葛洲坝 涨幅2.85,市值297亿 
板块：白马股,msci概念,水利
主买：14182万
主卖：-5465万
净买入：8717万
类型：基金
符合条件1，单位时间新增买入 776万
$$$$$$$$$$$$$$$$$$$$$$$$$$$$$$$$$$$$$$$$$$$$$$$$$$$$$$$$$$$
002340 格林美 涨幅2.78,市值214亿 
板块：钴涨价,锂电池
主买：5154万
主卖：-15641万
净买入：-10487万
类型：游资
符合条件1，单位时间新增买入 1270万
--------------------------------------------------------------------------------------------
时间： 
$$$$$$$$$$$$$$$$$$$$$$$$$$$$$$$$$$$$$$$$$$$$$$$$$$$$$$$$$$$
300672 国科微 涨幅9.99,市值14亿 
板块：芯片
主买：3211万
主卖：-559万
净买入：2652万
类型：
符合条件1，单位时间新增买入 1931万
$$$$$$$$$$$$$$$$$$$$$$$$$$$$$$$$$$$$$$$$$$$$$$$$$$$$$$$$$$$
300618 寒锐钴业 涨幅3.54,市值51亿 
板块：钴涨价,次新股
主买：2282万
主卖：-1140万
净买入：1142万
类型：游资
符合条件1，单位时间新增买入 1142万
--------------------------------------------------------------------------------------------
时间： 
$$$$$$$$$$$$$$$$$$$$$$$$$$$$$$$$$$$$$$$$$$$$$$$$$$$$$$$$$$$
600068 葛洲坝 涨幅3.77,市值299亿 
板块：白马股,msci概念,水利
主买：16147万
主卖：-5836万
净买入：10311万
类型：基金
符合条件1，单位时间新增买入 1144万
$$$$$$$$$$$$$$$$$$$$$$$$$$$$$$$$$$$$$$$$$$$$$$$$$$$$$$$$$$$
300672 国科微 涨幅9.99,市值14亿 
板块：芯片
主买：4143万
主卖：-559万
净买入：3583万
类型：
符合条件1，单位时间新增买入 932万
--------------------------------------------------------------------------------------------
时间： 
$$$$$$$$$$$$$$$$$$$$$$$$$$$$$$$$$$$$$$$$$$$$$$$$$$$$$$$$$$$
000725 京东方Ａ 涨幅2.60,市值958亿 
板块：OLED
主买：32348万
主卖：-12541万
净买入：19807万
类型：
符合条件1，单位时间新增买入 19807万
$$$$$$$$$$$$$$$$$$$$$$$$$$$$$$$$$$$$$$$$$$$$$$$$$$$$$$$$$$$
600068 葛洲坝 涨幅3.59,市值299亿 
板块：白马股,msci概念,水利
主买：19021万
主卖：-6068万
净买入：12953万
类型：基金
符合条件1，单位时间新增买入 2642万
$$$$$$$$$$$$$$$$$$$$$$$$$$$$$$$$$$$$$$$$$$$$$$$$$$$$$$$$$$$
603527 众源新材 涨幅8.71,市值11亿 
板块：开板次新
主买：6273万
主卖：-508万
净买入：5765万
类型：
符合条件1，单位时间新增买入 1338万
--------------------------------------------------------------------------------------------
时间： 
$$$$$$$$$$$$$$$$$$$$$$$$$$$$$$$$$$$$$$$$$$$$$$$$$$$$$$$$$$$
000762 西藏矿业 涨幅2.30,市值91亿 
板块：盐湖提锂,西藏板块,锂电池
主买：18508万
主卖：-10790万
净买入：7718万
类型：游资
符合条件1，单位时间新增买入 935万
$$$$$$$$$$$$$$$$$$$$$$$$$$$$$$$$$$$$$$$$$$$$$$$$$$$$$$$$$$$
000957 中通客车 涨幅10.02,市值49亿 
板块：新能源汽车,白马股
主买：5589万
主卖：-896万
净买入：4693万
类型：基金
符合条件1，单位时间新增买入 1108万
$$$$$$$$$$$$$$$$$$$$$$$$$$$$$$$$$$$$$$$$$$$$$$$$$$$$$$$$$$$
000930 中粮生化 涨幅-0.84,市值116亿 
板块：混改,乙醇汽油
主买：4377万
主卖：-1713万
净买入：2663万
类型：
符合条件1，单位时间新增买入 2663万
$$$$$$$$$$$$$$$$$$$$$$$$$$$$$$$$$$$$$$$$$$$$$$$$$$$$$$$$$$$
002378 章源钨业 涨幅7.62,市值36亿 
板块：有色金属,钨精矿涨价
主买：1605万
主卖：-489万
净买入：1116万
类型：游资
符合条件1，单位时间新增买入 847万
--------------------------------------------------------------------------------------------
时间： 
$$$$$$$$$$$$$$$$$$$$$$$$$$$$$$$$$$$$$$$$$$$$$$$$$$$$$$$$$$$
000957 中通客车 涨幅10.02,市值49亿 
板块：新能源汽车,白马股
主买：10628万
主卖：-2105万
净买入：8523万
类型：基金
符合条件1，单位时间新增买入 3830万
$$$$$$$$$$$$$$$$$$$$$$$$$$$$$$$$$$$$$$$$$$$$$$$$$$$$$$$$$$$
603527 众源新材 涨幅10.01,市值12亿 
板块：开板次新
主买：7978万
主卖：-508万
净买入：7471万
类型：
符合条件1，单位时间新增买入 1345万
--------------------------------------------------------------------------------------------
时间： 
$$$$$$$$$$$$$$$$$$$$$$$$$$$$$$$$$$$$$$$$$$$$$$$$$$$$$$$$$$$
603527 众源新材 涨幅10.01,市值12亿 
板块：开板次新
主买：14174万
主卖：-508万
净买入：13666万
类型：
符合条件1，单位时间新增买入 6196万
$$$$$$$$$$$$$$$$$$$$$$$$$$$$$$$$$$$$$$$$$$$$$$$$$$$$$$$$$$$
002897 意华股份 涨幅2.45,市值14亿 
板块：
主买：4647万
主卖：0万
净买入：4647万
类型：
符合条件1，单位时间新增买入 4647万
$$$$$$$$$$$$$$$$$$$$$$$$$$$$$$$$$$$$$$$$$$$$$$$$$$$$$$$$$$$
002378 章源钨业 涨幅9.70,市值37亿 
板块：有色金属,钨精矿涨价
主买：4001万
主卖：-1035万
净买入：2967万
类型：游资
符合条件1，单位时间新增买入 1368万
--------------------------------------------------------------------------------------------
时间： 
$$$$$$$$$$$$$$$$$$$$$$$$$$$$$$$$$$$$$$$$$$$$$$$$$$$$$$$$$$$
002717 岭南园林 涨幅8.18,市值43亿 
板块：
主买：2702万
主卖：-162万
净买入：2540万
类型：游资
符合条件1，单位时间新增买入 2540万
$$$$$$$$$$$$$$$$$$$$$$$$$$$$$$$$$$$$$$$$$$$$$$$$$$$$$$$$$$$
603527 众源新材 涨幅10.01,市值12亿 
板块：开板次新
主买：14911万
主卖：-508万
净买入：14404万
类型：
符合条件1，单位时间新增买入 737万
$$$$$$$$$$$$$$$$$$$$$$$$$$$$$$$$$$$$$$$$$$$$$$$$$$$$$$$$$$$
603725 天安新材 涨幅6.32,市值11亿 
板块：
主买：6373万
主卖：-480万
净买入：5893万
类型：
符合条件1，单位时间新增买入 5893万
$$$$$$$$$$$$$$$$$$$$$$$$$$$$$$$$$$$$$$$$$$$$$$$$$$$$$$$$$$$
002378 章源钨业 涨幅8.10,市值37亿 
板块：有色金属,钨精矿涨价
主买：4704万
主卖：-1035万
净买入：3669万
类型：游资
符合条件1，单位时间新增买入 702万
--------------------------------------------------------------------------------------------
时间： 
$$$$$$$$$$$$$$$$$$$$$$$$$$$$$$$$$$$$$$$$$$$$$$$$$$$$$$$$$$$
000725 京东方Ａ 涨幅3.12,市值962亿 
板块：OLED
主买：35727万
主卖：-15100万
净买入：20627万
类型：
符合条件1，单位时间新增买入 1293万
$$$$$$$$$$$$$$$$$$$$$$$$$$$$$$$$$$$$$$$$$$$$$$$$$$$$$$$$$$$
603527 众源新材 涨幅10.01,市值12亿 
板块：开板次新
主买：15696万
主卖：-508万
净买入：15188万
类型：
符合条件1，单位时间新增买入 784万
--------------------------------------------------------------------------------------------
时间： 
$$$$$$$$$$$$$$$$$$$$$$$$$$$$$$$$$$$$$$$$$$$$$$$$$$$$$$$$$$$
000725 京东方Ａ 涨幅3.39,市值965亿 
板块：OLED
主买：37555万
主卖：-15869万
净买入：21686万
类型：
符合条件1，单位时间新增买入 1059万
--------------------------------------------------------------------------------------------
时间： 
$$$$$$$$$$$$$$$$$$$$$$$$$$$$$$$$$$$$$$$$$$$$$$$$$$$$$$$$$$$
000725 京东方Ａ 涨幅3.65,市值967亿 
板块：OLED
主买：39293万
主卖：-15869万
净买入：23424万
类型：
符合条件1，单位时间新增买入 1738万
--------------------------------------------------------------------------------------------
时间： 
$$$$$$$$$$$$$$$$$$$$$$$$$$$$$$$$$$$$$$$$$$$$$$$$$$$$$$$$$$$
000725 京东方Ａ 涨幅3.65,市值967亿 
板块：OLED
主买：41410万
主卖：-16005万
净买入：25405万
类型：
符合条件1，单位时间新增买入 1981万
$$$$$$$$$$$$$$$$$$$$$$$$$$$$$$$$$$$$$$$$$$$$$$$$$$$$$$$$$$$
000792 盐湖股份 涨幅2.32,市值204亿 
板块：锂电池,盐湖提锂
主买：14837万
主卖：-19938万
净买入：-5101万
类型：
符合条件1，单位时间新增买入 859万
--------------------------------------------------------------------------------------------
时间： 
$$$$$$$$$$$$$$$$$$$$$$$$$$$$$$$$$$$$$$$$$$$$$$$$$$$$$$$$$$$
600251 冠农股份 涨幅10.05,市值48亿 
板块：盐湖提锂
主买：24580万
主卖：-20743万
净买入：3837万
类型：
符合条件1，单位时间新增买入 999万
--------------------------------------------------------------------------------------------
时间： 
$$$$$$$$$$$$$$$$$$$$$$$$$$$$$$$$$$$$$$$$$$$$$$$$$$$$$$$$$$$
603799 华友钴业 涨幅3.52,市值242亿 
板块：钴,钴涨价
主买：7784万
主卖：-3450万
净买入：4334万
类型：
符合条件1，单位时间新增买入 4334万
$$$$$$$$$$$$$$$$$$$$$$$$$$$$$$$$$$$$$$$$$$$$$$$$$$$$$$$$$$$
002797 第一创业 涨幅6.21,市值213亿 
板块：证券
主买：14507万
主卖：-29099万
净买入：-14592万
类型：游资
符合条件1，单位时间新增买入 1006万
--------------------------------------------------------------------------------------------
时间： 
$$$$$$$$$$$$$$$$$$$$$$$$$$$$$$$$$$$$$$$$$$$$$$$$$$$$$$$$$$$
000537 广宇发展 涨幅10.00,市值44亿 
板块：复牌
主买：10918万
主卖：-1917万
净买入：9001万
类型：
符合条件1，单位时间新增买入 2179万
--------------------------------------------------------------------------------------------
时间： 
$$$$$$$$$$$$$$$$$$$$$$$$$$$$$$$$$$$$$$$$$$$$$$$$$$$$$$$$$$$
000537 广宇发展 涨幅9.19,市值44亿 
板块：复牌
主买：11846万
主卖：-1917万
净买入：9929万
类型：
符合条件1，单位时间新增买入 927万
--------------------------------------------------------------------------------------------
时间： 
--------------------------------------------------------------------------------------------
时间： 
$$$$$$$$$$$$$$$$$$$$$$$$$$$$$$$$$$$$$$$$$$$$$$$$$$$$$$$$$$$
002847 盐津铺子 涨幅-2.03,市值13亿 
板块：庄股
主买：5701万
主卖：-1445万
净买入：4256万
类型：浙江帮
符合条件1，单位时间新增买入 4256万
--------------------------------------------------------------------------------------------
时间： 
$$$$$$$$$$$$$$$$$$$$$$$$$$$$$$$$$$$$$$$$$$$$$$$$$$$$$$$$$$$
000725 京东方Ａ 涨幅3.65,市值967亿 
板块：OLED
主买：45742万
主卖：-18830万
净买入：26912万
类型：
符合条件1，单位时间新增买入 1072万
$$$$$$$$$$$$$$$$$$$$$$$$$$$$$$$$$$$$$$$$$$$$$$$$$$$$$$$$$$$
002847 盐津铺子 涨幅0.02,市值13亿 
板块：庄股
主买：8024万
主卖：-3059万
净买入：4965万
类型：浙江帮
符合条件1，单位时间新增买入 709万
$$$$$$$$$$$$$$$$$$$$$$$$$$$$$$$$$$$$$$$$$$$$$$$$$$$$$$$$$$$
601318 中国平安 涨幅1.41,市值5555亿 
板块：蓝筹股,保险
主买：20646万
主卖：-24761万
净买入：-4114万
类型：基金
符合条件1，单位时间新增买入 1221万
--------------------------------------------------------------------------------------------
时间： 
$$$$$$$$$$$$$$$$$$$$$$$$$$$$$$$$$$$$$$$$$$$$$$$$$$$$$$$$$$$
000725 京东方Ａ 涨幅3.65,市值967亿 
板块：OLED
主买：47094万
主卖：-19264万
净买入：27830万
类型：
符合条件1，单位时间新增买入 918万
$$$$$$$$$$$$$$$$$$$$$$$$$$$$$$$$$$$$$$$$$$$$$$$$$$$$$$$$$$$
601318 中国平安 涨幅1.65,市值5568亿 
板块：蓝筹股,保险
主买：23917万
主卖：-27237万
净买入：-3320万
类型：基金
符合条件1，单位时间新增买入 795万
--------------------------------------------------------------------------------------------
时间： 
$$$$$$$$$$$$$$$$$$$$$$$$$$$$$$$$$$$$$$$$$$$$$$$$$$$$$$$$$$$
002805 丰元股份 涨幅9.81,市值22亿 
板块：锂电池,草酸涨价
主买：4401万
主卖：-631万
净买入：3769万
类型：游资
符合条件1，单位时间新增买入 3769万
$$$$$$$$$$$$$$$$$$$$$$$$$$$$$$$$$$$$$$$$$$$$$$$$$$$$$$$$$$$
601318 中国平安 涨幅1.61,市值5566亿 
板块：蓝筹股,保险
主买：25467万
主卖：-27885万
净买入：-2418万
类型：基金
符合条件1，单位时间新增买入 902万
$$$$$$$$$$$$$$$$$$$$$$$$$$$$$$$$$$$$$$$$$$$$$$$$$$$$$$$$$$$
002797 第一创业 涨幅6.21,市值213亿 
板块：证券
主买：15805万
主卖：-30804万
净买入：-14998万
类型：游资
符合条件1，单位时间新增买入 956万
--------------------------------------------------------------------------------------------
时间： 
$$$$$$$$$$$$$$$$$$$$$$$$$$$$$$$$$$$$$$$$$$$$$$$$$$$$$$$$$$$
000725 京东方Ａ 涨幅3.91,市值970亿 
板块：OLED
主买：48412万
主卖：-19367万
净买入：29045万
类型：
符合条件1，单位时间新增买入 846万
$$$$$$$$$$$$$$$$$$$$$$$$$$$$$$$$$$$$$$$$$$$$$$$$$$$$$$$$$$$
000930 中粮生化 涨幅1.88,市值119亿 
板块：混改,乙醇汽油
主买：6869万
主卖：-2141万
净买入：4728万
类型：
符合条件1，单位时间新增买入 968万
--------------------------------------------------------------------------------------------
时间： 
$$$$$$$$$$$$$$$$$$$$$$$$$$$$$$$$$$$$$$$$$$$$$$$$$$$$$$$$$$$
300613 富瀚微 涨幅10.00,市值23亿 
板块：芯片
主买：3142万
主卖：-1583万
净买入：1559万
类型：游资
符合条件1，单位时间新增买入 1559万
$$$$$$$$$$$$$$$$$$$$$$$$$$$$$$$$$$$$$$$$$$$$$$$$$$$$$$$$$$$
000725 京东方Ａ 涨幅4.17,市值972亿 
板块：OLED
主买：53558万
主卖：-20548万
净买入：33010万
类型：
符合条件1，单位时间新增买入 3965万
$$$$$$$$$$$$$$$$$$$$$$$$$$$$$$$$$$$$$$$$$$$$$$$$$$$$$$$$$$$
300618 寒锐钴业 涨幅10.00,市值54亿 
板块：钴涨价,次新股
主买：18261万
主卖：-11994万
净买入：6266万
类型：游资
符合条件1，单位时间新增买入 3504万
$$$$$$$$$$$$$$$$$$$$$$$$$$$$$$$$$$$$$$$$$$$$$$$$$$$$$$$$$$$
603799 华友钴业 涨幅5.79,市值247亿 
板块：钴,钴涨价
主买：11003万
主卖：-5082万
净买入：5921万
类型：
符合条件1，单位时间新增买入 1203万
--------------------------------------------------------------------------------------------
时间： 
$$$$$$$$$$$$$$$$$$$$$$$$$$$$$$$$$$$$$$$$$$$$$$$$$$$$$$$$$$$
000725 京东方Ａ 涨幅4.17,市值972亿 
板块：OLED
主买：54262万
主卖：-20548万
净买入：33715万
类型：
符合条件1，单位时间新增买入 704万
$$$$$$$$$$$$$$$$$$$$$$$$$$$$$$$$$$$$$$$$$$$$$$$$$$$$$$$$$$$
300618 寒锐钴业 涨幅10.00,市值54亿 
板块：钴涨价,次新股
主买：21243万
主卖：-13849万
净买入：7393万
类型：游资
符合条件1，单位时间新增买入 1127万
$$$$$$$$$$$$$$$$$$$$$$$$$$$$$$$$$$$$$$$$$$$$$$$$$$$$$$$$$$$
300613 富瀚微 涨幅9.27,市值23亿 
板块：芯片
主买：5808万
主卖：-2438万
净买入：3370万
类型：游资
符合条件1，单位时间新增买入 1810万
--------------------------------------------------------------------------------------------
时间： 
--------------------------------------------------------------------------------------------
时间： 
$$$$$$$$$$$$$$$$$$$$$$$$$$$$$$$$$$$$$$$$$$$$$$$$$$$$$$$$$$$
000725 京东方Ａ 涨幅3.91,市值970亿 
板块：OLED
主买：56063万
主卖：-20770万
净买入：35293万
类型：
符合条件1，单位时间新增买入 919万
$$$$$$$$$$$$$$$$$$$$$$$$$$$$$$$$$$$$$$$$$$$$$$$$$$$$$$$$$$$
002378 章源钨业 涨幅8.26,市值37亿 
板块：有色金属,钨精矿涨价
主买：6527万
主卖：-1691万
净买入：4835万
类型：游资
符合条件1，单位时间新增买入 1039万
$$$$$$$$$$$$$$$$$$$$$$$$$$$$$$$$$$$$$$$$$$$$$$$$$$$$$$$$$$$
601318 中国平安 涨幅1.78,市值5575亿 
板块：蓝筹股,保险
主买：29192万
主卖：-29171万
净买入：21万
类型：基金
符合条件1，单位时间新增买入 984万
$$$$$$$$$$$$$$$$$$$$$$$$$$$$$$$$$$$$$$$$$$$$$$$$$$$$$$$$$$$
600516 方大炭素 涨幅0.71,市值336亿 
板块：石墨烯,商品涨价
主买：11418万
主卖：-16204万
净买入：-4786万
类型：游资
符合条件1，单位时间新增买入 901万
--------------------------------------------------------------------------------------------
时间： 
$$$$$$$$$$$$$$$$$$$$$$$$$$$$$$$$$$$$$$$$$$$$$$$$$$$$$$$$$$$
300613 富瀚微 涨幅10.00,市值23亿 
板块：芯片
主买：7929万
主卖：-2836万
净买入：5093万
类型：游资
符合条件1，单位时间新增买入 1097万
$$$$$$$$$$$$$$$$$$$$$$$$$$$$$$$$$$$$$$$$$$$$$$$$$$$$$$$$$$$
601318 中国平安 涨幅1.95,市值5584亿 
板块：蓝筹股,保险
主买：30685万
主卖：-29955万
净买入：730万
类型：基金
符合条件1，单位时间新增买入 709万
$$$$$$$$$$$$$$$$$$$$$$$$$$$$$$$$$$$$$$$$$$$$$$$$$$$$$$$$$$$
002797 第一创业 涨幅7.23,市值215亿 
板块：证券
主买：20003万
主卖：-31489万
净买入：-11487万
类型：游资
符合条件1，单位时间新增买入 1880万
--------------------------------------------------------------------------------------------
时间： 
$$$$$$$$$$$$$$$$$$$$$$$$$$$$$$$$$$$$$$$$$$$$$$$$$$$$$$$$$$$
601318 中国平安 涨幅2.02,市值5589亿 
板块：蓝筹股,保险
主买：31692万
主卖：-30215万
净买入：1477万
类型：基金
符合条件1，单位时间新增买入 747万
$$$$$$$$$$$$$$$$$$$$$$$$$$$$$$$$$$$$$$$$$$$$$$$$$$$$$$$$$$$
002340 格林美 涨幅3.80,市值216亿 
板块：钴涨价,锂电池
主买：8479万
主卖：-17621万
净买入：-9142万
类型：游资
符合条件1，单位时间新增买入 1534万
--------------------------------------------------------------------------------------------
时间： 
$$$$$$$$$$$$$$$$$$$$$$$$$$$$$$$$$$$$$$$$$$$$$$$$$$$$$$$$$$$
000725 京东方Ａ 涨幅3.91,市值970亿 
板块：OLED
主买：58438万
主卖：-20970万
净买入：37469万
类型：
符合条件1，单位时间新增买入 1113万
$$$$$$$$$$$$$$$$$$$$$$$$$$$$$$$$$$$$$$$$$$$$$$$$$$$$$$$$$$$
002378 章源钨业 涨幅10.02,市值37亿 
板块：有色金属,钨精矿涨价
主买：14184万
主卖：-3014万
净买入：11170万
类型：游资
符合条件1，单位时间新增买入 6262万
--------------------------------------------------------------------------------------------
时间： 
$$$$$$$$$$$$$$$$$$$$$$$$$$$$$$$$$$$$$$$$$$$$$$$$$$$$$$$$$$$
002378 章源钨业 涨幅10.02,市值37亿 
板块：有色金属,钨精矿涨价
主买：15650万
主卖：-3431万
净买入：12219万
类型：游资
符合条件1，单位时间新增买入 1049万
$$$$$$$$$$$$$$$$$$$$$$$$$$$$$$$$$$$$$$$$$$$$$$$$$$$$$$$$$$$
000657 中钨高新 涨幅9.05,市值40亿 
板块：钨精矿涨价,商品涨价
主买：6954万
主卖：-4318万
净买入：2636万
类型：
符合条件1，单位时间新增买入 909万
$$$$$$$$$$$$$$$$$$$$$$$$$$$$$$$$$$$$$$$$$$$$$$$$$$$$$$$$$$$
000970 中科三环 涨幅2.15,市值159亿 
板块：稀土永磁,商品涨价
主买：4421万
主卖：-5664万
净买入：-1243万
类型：游资
符合条件1，单位时间新增买入 1134万
--------------------------------------------------------------------------------------------
时间： 
$$$$$$$$$$$$$$$$$$$$$$$$$$$$$$$$$$$$$$$$$$$$$$$$$$$$$$$$$$$
000725 京东方Ａ 涨幅4.17,市值972亿 
板块：OLED
主买：60681万
主卖：-21785万
净买入：38896万
类型：
符合条件1，单位时间新增买入 969万
$$$$$$$$$$$$$$$$$$$$$$$$$$$$$$$$$$$$$$$$$$$$$$$$$$$$$$$$$$$
002378 章源钨业 涨幅10.02,市值37亿 
板块：有色金属,钨精矿涨价
主买：16761万
主卖：-3836万
净买入：12925万
类型：游资
符合条件1，单位时间新增买入 706万
$$$$$$$$$$$$$$$$$$$$$$$$$$$$$$$$$$$$$$$$$$$$$$$$$$$$$$$$$$$
002176 江特电机 涨幅4.07,市值193亿 
板块：锂电池,电气设备,商品涨价,新能源汽车
主买：19417万
主卖：-24585万
净买入：-5167万
类型：
符合条件1，单位时间新增买入 1362万
--------------------------------------------------------------------------------------------
时间： 
$$$$$$$$$$$$$$$$$$$$$$$$$$$$$$$$$$$$$$$$$$$$$$$$$$$$$$$$$$$
000725 京东方Ａ 涨幅4.17,市值972亿 
板块：OLED
主买：63427万
主卖：-22105万
净买入：41323万
类型：
符合条件1，单位时间新增买入 2426万
--------------------------------------------------------------------------------------------
时间： 
$$$$$$$$$$$$$$$$$$$$$$$$$$$$$$$$$$$$$$$$$$$$$$$$$$$$$$$$$$$
000725 京东方Ａ 涨幅4.43,市值975亿 
板块：OLED
主买：64946万
主卖：-22105万
净买入：42841万
类型：
符合条件1，单位时间新增买入 1518万
--------------------------------------------------------------------------------------------
时间： 
--------------------------------------------------------------------------------------------
时间： 
$$$$$$$$$$$$$$$$$$$$$$$$$$$$$$$$$$$$$$$$$$$$$$$$$$$$$$$$$$$
002896 中大力德 涨幅9.57,市值11亿 
板块：开板次新
主买：26562万
主卖：-812万
净买入：25750万
类型：
符合条件1，单位时间新增买入 1110万
--------------------------------------------------------------------------------------------
时间： 
--------------------------------------------------------------------------------------------
时间： 
--------------------------------------------------------------------------------------------
时间： 
--------------------------------------------------------------------------------------------
时间： 
$$$$$$$$$$$$$$$$$$$$$$$$$$$$$$$$$$$$$$$$$$$$$$$$$$$$$$$$$$$
002797 第一创业 涨幅7.66,市值216亿 
板块：证券
主买：23042万
主卖：-32248万
净买入：-9206万
类型：游资
符合条件1，单位时间新增买入 2034万
--------------------------------------------------------------------------------------------
时间： 
$$$$$$$$$$$$$$$$$$$$$$$$$$$$$$$$$$$$$$$$$$$$$$$$$$$$$$$$$$$
002797 第一创业 涨幅7.40,市值215亿 
板块：证券
主买：24457万
主卖：-32248万
净买入：-7791万
类型：游资
符合条件1，单位时间新增买入 1415万
--------------------------------------------------------------------------------------------
时间： 
--------------------------------------------------------------------------------------------
时间： 
--------------------------------------------------------------------------------------------
时间： 
--------------------------------------------------------------------------------------------
时间： 
$$$$$$$$$$$$$$$$$$$$$$$$$$$$$$$$$$$$$$$$$$$$$$$$$$$$$$$$$$$
300618 寒锐钴业 涨幅8.77,市值54亿 
板块：钴涨价,次新股
主买：47310万
主卖：-37965万
净买入：9345万
类型：游资
符合条件1，单位时间新增买入 1231万
$$$$$$$$$$$$$$$$$$$$$$$$$$$$$$$$$$$$$$$$$$$$$$$$$$$$$$$$$$$
002805 丰元股份 涨幅10.00,市值22亿 
板块：锂电池,草酸涨价
主买：5707万
主卖：-698万
净买入：5010万
类型：游资
符合条件1，单位时间新增买入 1047万
--------------------------------------------------------------------------------------------
时间： 
--------------------------------------------------------------------------------------------
时间： 
--------------------------------------------------------------------------------------------
时间： 
--------------------------------------------------------------------------------------------
时间： 
--------------------------------------------------------------------------------------------
时间： 
$$$$$$$$$$$$$$$$$$$$$$$$$$$$$$$$$$$$$$$$$$$$$$$$$$$$$$$$$$$
000670 盈方微 涨幅6.56,市值41亿 
板块：股权转让,芯片
主买：2044万
主卖：-1341万
净买入：703万
类型：
符合条件1，单位时间新增买入 730万
$$$$$$$$$$$$$$$$$$$$$$$$$$$$$$$$$$$$$$$$$$$$$$$$$$$$$$$$$$$
002797 第一创业 涨幅9.53,市值219亿 
板块：证券
主买：34066万
主卖：-33779万
净买入：287万
类型：游资
符合条件1，单位时间新增买入 5899万
$$$$$$$$$$$$$$$$$$$$$$$$$$$$$$$$$$$$$$$$$$$$$$$$$$$$$$$$$$$
601881 中国银河 涨幅4.11,市值99亿 
板块：证券,次新股
主买：11405万
主卖：-18766万
净买入：-7362万
类型：游资
符合条件1，单位时间新增买入 3316万
$$$$$$$$$$$$$$$$$$$$$$$$$$$$$$$$$$$$$$$$$$$$$$$$$$$$$$$$$$$
000839 中信国安 涨幅0.08,市值296亿 
板块：360概念,商品涨价
主买：14831万
主卖：-40833万
净买入：-26002万
类型：基金
符合条件1，单位时间新增买入 771万
--------------------------------------------------------------------------------------------
时间： 
$$$$$$$$$$$$$$$$$$$$$$$$$$$$$$$$$$$$$$$$$$$$$$$$$$$$$$$$$$$
601878 浙商证券 涨幅4.06,市值79亿 
板块：次新股,证券
主买：6946万
主卖：-13121万
净买入：-6175万
类型：游资
符合条件1，单位时间新增买入 1361万
--------------------------------------------------------------------------------------------
时间： 
--------------------------------------------------------------------------------------------
时间： 
--------------------------------------------------------------------------------------------
时间： 
--------------------------------------------------------------------------------------------
时间： 
--------------------------------------------------------------------------------------------
时间： 
--------------------------------------------------------------------------------------------
时间： 
$$$$$$$$$$$$$$$$$$$$$$$$$$$$$$$$$$$$$$$$$$$$$$$$$$$$$$$$$$$
300613 富瀚微 涨幅9.31,市值23亿 
板块：芯片
主买：14587万
主卖：-5774万
净买入：8813万
类型：游资
符合条件1，单位时间新增买入 709万
--------------------------------------------------------------------------------------------
时间： 
--------------------------------------------------------------------------------------------
时间： 
--------------------------------------------------------------------------------------------
时间： 
--------------------------------------------------------------------------------------------
时间： 
--------------------------------------------------------------------------------------------
时间： 
--------------------------------------------------------------------------------------------
时间： 
$$$$$$$$$$$$$$$$$$$$$$$$$$$$$$$$$$$$$$$$$$$$$$$$$$$$$$$$$$$
601881 中国银河 涨幅4.68,市值99亿 
板块：证券,次新股
主买：13848万
主卖：-20250万
净买入：-6403万
类型：游资
符合条件1，单位时间新增买入 1101万
--------------------------------------------------------------------------------------------
时间： 
--------------------------------------------------------------------------------------------
时间： 
--------------------------------------------------------------------------------------------
时间： 
--------------------------------------------------------------------------------------------
时间： 
--------------------------------------------------------------------------------------------
时间： 
$$$$$$$$$$$$$$$$$$$$$$$$$$$$$$$$$$$$$$$$$$$$$$$$$$$$$$$$$$$
002847 盐津铺子 涨幅2.01,市值13亿 
板块：庄股
主买：14549万
主卖：-3642万
净买入：10908万
类型：浙江帮
符合条件1，单位时间新增买入 772万
--------------------------------------------------------------------------------------------
时间： 
--------------------------------------------------------------------------------------------
时间： 
--------------------------------------------------------------------------------------------
时间： 
$$$$$$$$$$$$$$$$$$$$$$$$$$$$$$$$$$$$$$$$$$$$$$$$$$$$$$$$$$$
000725 京东方Ａ 涨幅3.65,市值967亿 
板块：OLED
主买：74425万
主卖：-34168万
净买入：40257万
类型：
符合条件1，单位时间新增买入 739万
$$$$$$$$$$$$$$$$$$$$$$$$$$$$$$$$$$$$$$$$$$$$$$$$$$$$$$$$$$$
002340 格林美 涨幅3.92,市值217亿 
板块：钴涨价,锂电池
主买：12785万
主卖：-18801万
净买入：-6016万
类型：游资
符合条件1，单位时间新增买入 935万
--------------------------------------------------------------------------------------------
时间： 
$$$$$$$$$$$$$$$$$$$$$$$$$$$$$$$$$$$$$$$$$$$$$$$$$$$$$$$$$$$
002340 格林美 涨幅4.56,市值218亿 
板块：钴涨价,锂电池
主买：13780万
主卖：-18801万
净买入：-5021万
类型：游资
符合条件1，单位时间新增买入 994万
--------------------------------------------------------------------------------------------
时间： 
$$$$$$$$$$$$$$$$$$$$$$$$$$$$$$$$$$$$$$$$$$$$$$$$$$$$$$$$$$$
002340 格林美 涨幅4.68,市值218亿 
板块：钴涨价,锂电池
主买：15941万
主卖：-19091万
净买入：-3149万
类型：游资
符合条件1，单位时间新增买入 1872万
--------------------------------------------------------------------------------------------
时间： 
$$$$$$$$$$$$$$$$$$$$$$$$$$$$$$$$$$$$$$$$$$$$$$$$$$$$$$$$$$$
002847 盐津铺子 涨幅3.11,市值13亿 
板块：庄股
主买：16032万
主卖：-3642万
净买入：12390万
类型：浙江帮
符合条件1，单位时间新增买入 758万
--------------------------------------------------------------------------------------------
时间： 
$$$$$$$$$$$$$$$$$$$$$$$$$$$$$$$$$$$$$$$$$$$$$$$$$$$$$$$$$$$
000725 京东方Ａ 涨幅3.65,市值967亿 
板块：OLED
主买：76960万
主卖：-35000万
净买入：41960万
类型：
符合条件1，单位时间新增买入 1667万
--------------------------------------------------------------------------------------------
时间： 
$$$$$$$$$$$$$$$$$$$$$$$$$$$$$$$$$$$$$$$$$$$$$$$$$$$$$$$$$$$
002340 格林美 涨幅5.82,市值221亿 
板块：钴涨价,锂电池
主买：19450万
主卖：-19708万
净买入：-258万
类型：游资
符合条件1，单位时间新增买入 3371万
--------------------------------------------------------------------------------------------
时间： 
--------------------------------------------------------------------------------------------
时间： 
$$$$$$$$$$$$$$$$$$$$$$$$$$$$$$$$$$$$$$$$$$$$$$$$$$$$$$$$$$$
002604 龙力生物 涨幅1.72,市值47亿 
板块：乙醇汽油
主买：6204万
主卖：-3641万
净买入：2563万
类型：基金
符合条件1，单位时间新增买入 724万
$$$$$$$$$$$$$$$$$$$$$$$$$$$$$$$$$$$$$$$$$$$$$$$$$$$$$$$$$$$
002340 格林美 涨幅5.57,市值220亿 
板块：钴涨价,锂电池
主买：20733万
主卖：-19808万
净买入：925万
类型：游资
符合条件1，单位时间新增买入 993万
--------------------------------------------------------------------------------------------
时间： 
--------------------------------------------------------------------------------------------
时间： 
$$$$$$$$$$$$$$$$$$$$$$$$$$$$$$$$$$$$$$$$$$$$$$$$$$$$$$$$$$$
002797 第一创业 涨幅9.36,市值219亿 
板块：证券
主买：38445万
主卖：-35462万
净买入：2982万
类型：游资
符合条件1，单位时间新增买入 2062万
$$$$$$$$$$$$$$$$$$$$$$$$$$$$$$$$$$$$$$$$$$$$$$$$$$$$$$$$$$$
002176 江特电机 涨幅4.07,市值193亿 
板块：锂电池,电气设备,商品涨价,新能源汽车
主买：21570万
主卖：-26755万
净买入：-5186万
类型：
符合条件1，单位时间新增买入 860万
--------------------------------------------------------------------------------------------
时间： 
$$$$$$$$$$$$$$$$$$$$$$$$$$$$$$$$$$$$$$$$$$$$$$$$$$$$$$$$$$$
002797 第一创业 涨幅8.94,市值218亿 
板块：证券
主买：40663万
主卖：-35716万
净买入：4947万
类型：游资
符合条件1，单位时间新增买入 1965万
--------------------------------------------------------------------------------------------
时间： 
--------------------------------------------------------------------------------------------
时间： 
--------------------------------------------------------------------------------------------
时间： 
$$$$$$$$$$$$$$$$$$$$$$$$$$$$$$$$$$$$$$$$$$$$$$$$$$$$$$$$$$$
002797 第一创业 涨幅10.04,市值221亿 
板块：证券
主买：72865万
主卖：-40733万
净买入：32132万
类型：游资
符合条件1，单位时间新增买入 26821万
--------------------------------------------------------------------------------------------
时间： 
$$$$$$$$$$$$$$$$$$$$$$$$$$$$$$$$$$$$$$$$$$$$$$$$$$$$$$$$$$$
002797 第一创业 涨幅10.04,市值221亿 
板块：证券
主买：77162万
主卖：-41381万
净买入：35781万
类型：游资
符合条件1，单位时间新增买入 3649万
--------------------------------------------------------------------------------------------
时间： 
$$$$$$$$$$$$$$$$$$$$$$$$$$$$$$$$$$$$$$$$$$$$$$$$$$$$$$$$$$$
002797 第一创业 涨幅10.04,市值221亿 
板块：证券
主买：80367万
主卖：-42851万
净买入：37516万
类型：游资
符合条件1，单位时间新增买入 1735万
--------------------------------------------------------------------------------------------
时间： 
$$$$$$$$$$$$$$$$$$$$$$$$$$$$$$$$$$$$$$$$$$$$$$$$$$$$$$$$$$$
002797 第一创业 涨幅10.04,市值221亿 
板块：证券
主买：82476万
主卖：-43902万
净买入：38575万
类型：游资
符合条件1，单位时间新增买入 1059万
$$$$$$$$$$$$$$$$$$$$$$$$$$$$$$$$$$$$$$$$$$$$$$$$$$$$$$$$$$$
300502 新易盛 涨幅9.99,市值23亿 
板块：5G
主买：13129万
主卖：-4828万
净买入：8301万
类型：游资
符合条件1，单位时间新增买入 2116万
--------------------------------------------------------------------------------------------
时间： 
$$$$$$$$$$$$$$$$$$$$$$$$$$$$$$$$$$$$$$$$$$$$$$$$$$$$$$$$$$$
002797 第一创业 涨幅10.04,市值221亿 
板块：证券
主买：83469万
主卖：-44160万
净买入：39308万
类型：游资
符合条件1，单位时间新增买入 734万
$$$$$$$$$$$$$$$$$$$$$$$$$$$$$$$$$$$$$$$$$$$$$$$$$$$$$$$$$$$
000762 西藏矿业 涨幅1.86,市值90亿 
板块：盐湖提锂,西藏板块,锂电池
主买：26088万
主卖：-21111万
净买入：4978万
类型：游资
符合条件1，单位时间新增买入 796万
--------------------------------------------------------------------------------------------
时间： 
--------------------------------------------------------------------------------------------
时间： 
--------------------------------------------------------------------------------------------
时间： 
--------------------------------------------------------------------------------------------
时间： 
$$$$$$$$$$$$$$$$$$$$$$$$$$$$$$$$$$$$$$$$$$$$$$$$$$$$$$$$$$$
002797 第一创业 涨幅10.04,市值221亿 
板块：证券
主买：91282万
主卖：-49048万
净买入：42234万
类型：游资
符合条件1，单位时间新增买入 1276万
--------------------------------------------------------------------------------------------
时间： 
$$$$$$$$$$$$$$$$$$$$$$$$$$$$$$$$$$$$$$$$$$$$$$$$$$$$$$$$$$$
002797 第一创业 涨幅10.04,市值221亿 
板块：证券
主买：92172万
主卖：-49048万
净买入：43124万
类型：游资
符合条件1，单位时间新增买入 890万
--------------------------------------------------------------------------------------------
时间： 
--------------------------------------------------------------------------------------------
时间： 
--------------------------------------------------------------------------------------------
时间： 
$$$$$$$$$$$$$$$$$$$$$$$$$$$$$$$$$$$$$$$$$$$$$$$$$$$$$$$$$$$
002797 第一创业 涨幅9.19,市值219亿 
板块：证券
主买：104953万
主卖：-57186万
净买入：47767万
类型：游资
符合条件1，单位时间新增买入 3598万
--------------------------------------------------------------------------------------------
时间： 
--------------------------------------------------------------------------------------------
时间： 
--------------------------------------------------------------------------------------------
时间： 
$$$$$$$$$$$$$$$$$$$$$$$$$$$$$$$$$$$$$$$$$$$$$$$$$$$$$$$$$$$
300304 云意电气 涨幅5.04,市值54亿 
板块：老高送转
主买：4440万
主卖：-7360万
净买入：-2921万
类型：
符合条件1，单位时间新增买入 717万
--------------------------------------------------------------------------------------------
时间： 
$$$$$$$$$$$$$$$$$$$$$$$$$$$$$$$$$$$$$$$$$$$$$$$$$$$$$$$$$$$
002797 第一创业 涨幅9.70,市值220亿 
板块：证券
主买：108800万
主卖：-57388万
净买入：51412万
类型：游资
符合条件1，单位时间新增买入 2133万
$$$$$$$$$$$$$$$$$$$$$$$$$$$$$$$$$$$$$$$$$$$$$$$$$$$$$$$$$$$
000725 京东方Ａ 涨幅3.91,市值970亿 
板块：OLED
主买：84789万
主卖：-36201万
净买入：48589万
类型：
符合条件1，单位时间新增买入 2058万
--------------------------------------------------------------------------------------------
时间： 
--------------------------------------------------------------------------------------------
时间： 
$$$$$$$$$$$$$$$$$$$$$$$$$$$$$$$$$$$$$$$$$$$$$$$$$$$$$$$$$$$
002797 第一创业 涨幅9.96,市值220亿 
板块：证券
主买：109817万
主卖：-57388万
净买入：52429万
类型：游资
符合条件1，单位时间新增买入 752万
--------------------------------------------------------------------------------------------
时间： 
--------------------------------------------------------------------------------------------
时间： 
--------------------------------------------------------------------------------------------
时间： 
--------------------------------------------------------------------------------------------
时间： 
$$$$$$$$$$$$$$$$$$$$$$$$$$$$$$$$$$$$$$$$$$$$$$$$$$$$$$$$$$$
002797 第一创业 涨幅9.96,市值220亿 
板块：证券
主买：112658万
主卖：-57776万
净买入：54882万
类型：游资
符合条件1，单位时间新增买入 1745万
--------------------------------------------------------------------------------------------
时间： 
$$$$$$$$$$$$$$$$$$$$$$$$$$$$$$$$$$$$$$$$$$$$$$$$$$$$$$$$$$$
002176 江特电机 涨幅4.50,市值193亿 
板块：锂电池,电气设备,商品涨价,新能源汽车
主买：25272万
主卖：-27938万
净买入：-2666万
类型：
符合条件1，单位时间新增买入 955万
--------------------------------------------------------------------------------------------
时间： 
--------------------------------------------------------------------------------------------
时间： 
$$$$$$$$$$$$$$$$$$$$$$$$$$$$$$$$$$$$$$$$$$$$$$$$$$$$$$$$$$$
002176 江特电机 涨幅4.81,市值194亿 
板块：锂电池,电气设备,商品涨价,新能源汽车
主买：27320万
主卖：-28420万
净买入：-1100万
类型：
符合条件1，单位时间新增买入 1295万
--------------------------------------------------------------------------------------------
时间： 
--------------------------------------------------------------------------------------------
时间： 
--------------------------------------------------------------------------------------------
时间： 
$$$$$$$$$$$$$$$$$$$$$$$$$$$$$$$$$$$$$$$$$$$$$$$$$$$$$$$$$$$
000725 京东方Ａ 涨幅4.17,市值972亿 
板块：OLED
主买：88478万
主卖：-37630万
净买入：50848万
类型：
符合条件1，单位时间新增买入 715万
$$$$$$$$$$$$$$$$$$$$$$$$$$$$$$$$$$$$$$$$$$$$$$$$$$$$$$$$$$$
600549 厦门钨业 涨幅5.31,市值148亿 
板块：钨,商品涨价
主买：8439万
主卖：-10268万
净买入：-1829万
类型：游资
符合条件1，单位时间新增买入 771万
--------------------------------------------------------------------------------------------
时间： 
--------------------------------------------------------------------------------------------
时间： 
$$$$$$$$$$$$$$$$$$$$$$$$$$$$$$$$$$$$$$$$$$$$$$$$$$$$$$$$$$$
000930 中粮生化 涨幅2.65,市值120亿 
板块：混改,乙醇汽油
主买：12887万
主卖：-4701万
净买入：8186万
类型：
符合条件1，单位时间新增买入 826万
--------------------------------------------------------------------------------------------
时间： 
--------------------------------------------------------------------------------------------
时间： 
--------------------------------------------------------------------------------------------
时间： 
--------------------------------------------------------------------------------------------
时间： 
--------------------------------------------------------------------------------------------
时间： 
--------------------------------------------------------------------------------------------
时间： 
$$$$$$$$$$$$$$$$$$$$$$$$$$$$$$$$$$$$$$$$$$$$$$$$$$$$$$$$$$$
000930 中粮生化 涨幅3.70,市值121亿 
板块：混改,乙醇汽油
主买：13292万
主卖：-4802万
净买入：8490万
类型：
符合条件1，单位时间新增买入 849万
--------------------------------------------------------------------------------------------
时间： 
$$$$$$$$$$$$$$$$$$$$$$$$$$$$$$$$$$$$$$$$$$$$$$$$$$$$$$$$$$$
002604 龙力生物 涨幅4.31,市值48亿 
板块：乙醇汽油
主买：9501万
主卖：-5319万
净买入：4182万
类型：基金
符合条件1，单位时间新增买入 1336万
--------------------------------------------------------------------------------------------
时间： 
--------------------------------------------------------------------------------------------
时间： 
--------------------------------------------------------------------------------------------
时间： 
$$$$$$$$$$$$$$$$$$$$$$$$$$$$$$$$$$$$$$$$$$$$$$$$$$$$$$$$$$$
300317 珈伟股份 涨幅9.98,市值56亿 
板块：石墨烯
主买：9404万
主卖：-7066万
净买入：2338万
类型：
符合条件1，单位时间新增买入 3777万
--------------------------------------------------------------------------------------------
时间： 
$$$$$$$$$$$$$$$$$$$$$$$$$$$$$$$$$$$$$$$$$$$$$$$$$$$$$$$$$$$
601011 宝泰隆 涨幅4.66,市值98亿 
板块：石墨烯,针状焦,负极材料,商品涨价,锂电池
主买：6652万
主卖：-6563万
净买入：89万
类型：游资
符合条件1，单位时间新增买入 1040万
--------------------------------------------------------------------------------------------
时间： 
--------------------------------------------------------------------------------------------
时间： 
--------------------------------------------------------------------------------------------
时间： 
--------------------------------------------------------------------------------------------
时间： 
--------------------------------------------------------------------------------------------
时间： 
--------------------------------------------------------------------------------------------
时间： 
--------------------------------------------------------------------------------------------
时间： 
--------------------------------------------------------------------------------------------
时间： 
$$$$$$$$$$$$$$$$$$$$$$$$$$$$$$$$$$$$$$$$$$$$$$$$$$$$$$$$$$$
002896 中大力德 涨幅10.00,市值11亿 
板块：开板次新
主买：28795万
主卖：-812万
净买入：27983万
类型：
符合条件1，单位时间新增买入 742万
--------------------------------------------------------------------------------------------
时间： 
$$$$$$$$$$$$$$$$$$$$$$$$$$$$$$$$$$$$$$$$$$$$$$$$$$$$$$$$$$$
002896 中大力德 涨幅10.00,市值11亿 
板块：开板次新
主买：30040万
主卖：-812万
净买入：29228万
类型：
符合条件1，单位时间新增买入 1245万
$$$$$$$$$$$$$$$$$$$$$$$$$$$$$$$$$$$$$$$$$$$$$$$$$$$$$$$$$$$
000930 中粮生化 涨幅3.84,市值121亿 
板块：混改,乙醇汽油
主买：14767万
主卖：-5097万
净买入：9670万
类型：
符合条件1，单位时间新增买入 707万
--------------------------------------------------------------------------------------------
时间： 
$$$$$$$$$$$$$$$$$$$$$$$$$$$$$$$$$$$$$$$$$$$$$$$$$$$$$$$$$$$
000930 中粮生化 涨幅4.04,市值121亿 
板块：混改,乙醇汽油
主买：15819万
主卖：-5097万
净买入：10722万
类型：
符合条件1，单位时间新增买入 1052万
--------------------------------------------------------------------------------------------
时间： 
--------------------------------------------------------------------------------------------
时间： 
--------------------------------------------------------------------------------------------
时间： 
$$$$$$$$$$$$$$$$$$$$$$$$$$$$$$$$$$$$$$$$$$$$$$$$$$$$$$$$$$$
300304 云意电气 涨幅8.28,市值55亿 
板块：老高送转
主买：6073万
主卖：-9540万
净买入：-3468万
类型：
符合条件1，单位时间新增买入 1113万
--------------------------------------------------------------------------------------------
时间： 
--------------------------------------------------------------------------------------------
时间： 
--------------------------------------------------------------------------------------------
时间： 
--------------------------------------------------------------------------------------------
时间： 
--------------------------------------------------------------------------------------------
时间： 
$$$$$$$$$$$$$$$$$$$$$$$$$$$$$$$$$$$$$$$$$$$$$$$$$$$$$$$$$$$
000762 西藏矿业 涨幅3.05,市值91亿 
板块：盐湖提锂,西藏板块,锂电池
主买：34529万
主卖：-25745万
净买入：8785万
类型：游资
符合条件1，单位时间新增买入 2716万
--------------------------------------------------------------------------------------------
时间： 
$$$$$$$$$$$$$$$$$$$$$$$$$$$$$$$$$$$$$$$$$$$$$$$$$$$$$$$$$$$
600068 葛洲坝 涨幅2.85,市值297亿 
板块：白马股,msci概念,水利
主买：31761万
主卖：-15085万
净买入：16676万
类型：基金
符合条件1，单位时间新增买入 800万
$$$$$$$$$$$$$$$$$$$$$$$$$$$$$$$$$$$$$$$$$$$$$$$$$$$$$$$$$$$
000930 中粮生化 涨幅5.72,市值123亿 
板块：混改,乙醇汽油
主买：21932万
主卖：-6750万
净买入：15182万
类型：
符合条件1，单位时间新增买入 3750万
$$$$$$$$$$$$$$$$$$$$$$$$$$$$$$$$$$$$$$$$$$$$$$$$$$$$$$$$$$$
000762 西藏矿业 涨幅4.60,市值93亿 
板块：盐湖提锂,西藏板块,锂电池
主买：38317万
主卖：-28294万
净买入：10023万
类型：游资
符合条件1，单位时间新增买入 1238万
--------------------------------------------------------------------------------------------
时间： 
--------------------------------------------------------------------------------------------
时间： 
$$$$$$$$$$$$$$$$$$$$$$$$$$$$$$$$$$$$$$$$$$$$$$$$$$$$$$$$$$$
000970 中科三环 涨幅2.47,市值160亿 
板块：稀土永磁,商品涨价
主买：8936万
主卖：-11804万
净买入：-2867万
类型：游资
符合条件1，单位时间新增买入 1114万
--------------------------------------------------------------------------------------------
时间： 
--------------------------------------------------------------------------------------------
时间： 
--------------------------------------------------------------------------------------------
时间： 
--------------------------------------------------------------------------------------------
时间： 
--------------------------------------------------------------------------------------------
时间： 
--------------------------------------------------------------------------------------------
时间： 
--------------------------------------------------------------------------------------------
时间： 
--------------------------------------------------------------------------------------------
时间： 
--------------------------------------------------------------------------------------------
时间： 
$$$$$$$$$$$$$$$$$$$$$$$$$$$$$$$$$$$$$$$$$$$$$$$$$$$$$$$$$$$
000725 京东方Ａ 涨幅3.91,市值970亿 
板块：OLED
主买：99183万
主卖：-42691万
净买入：56492万
类型：
符合条件1，单位时间新增买入 2772万
--------------------------------------------------------------------------------------------
时间： 
$$$$$$$$$$$$$$$$$$$$$$$$$$$$$$$$$$$$$$$$$$$$$$$$$$$$$$$$$$$
000725 京东方Ａ 涨幅4.17,市值972亿 
板块：OLED
主买：100397万
主卖：-42984万
净买入：57412万
类型：
符合条件1，单位时间新增买入 920万
--------------------------------------------------------------------------------------------
时间： 
--------------------------------------------------------------------------------------------
时间： 
$$$$$$$$$$$$$$$$$$$$$$$$$$$$$$$$$$$$$$$$$$$$$$$$$$$$$$$$$$$
000725 京东方Ａ 涨幅4.43,市值975亿 
板块：OLED
主买：113574万
主卖：-45992万
净买入：67582万
类型：
符合条件1，单位时间新增买入 10170万
$$$$$$$$$$$$$$$$$$$$$$$$$$$$$$$$$$$$$$$$$$$$$$$$$$$$$$$$$$$
002604 龙力生物 涨幅10.00,市值51亿 
板块：乙醇汽油
主买：12853万
主卖：-7920万
净买入：4933万
类型：基金
符合条件1，单位时间新增买入 1423万
--------------------------------------------------------------------------------------------
时间： 
$$$$$$$$$$$$$$$$$$$$$$$$$$$$$$$$$$$$$$$$$$$$$$$$$$$$$$$$$$$
000725 京东方Ａ 涨幅4.43,市值975亿 
板块：OLED
主买：114451万
主卖：-45992万
净买入：68459万
类型：
符合条件1，单位时间新增买入 876万
$$$$$$$$$$$$$$$$$$$$$$$$$$$$$$$$$$$$$$$$$$$$$$$$$$$$$$$$$$$
600390 五矿资本 涨幅8.64,市值52亿 
板块：特斯拉,新能源汽车,参股券商,保险
主买：7001万
主卖：-3395万
净买入：3606万
类型：
符合条件1，单位时间新增买入 936万
--------------------------------------------------------------------------------------------
时间： 
--------------------------------------------------------------------------------------------
时间： 
--------------------------------------------------------------------------------------------
时间： 
--------------------------------------------------------------------------------------------
时间： 
--------------------------------------------------------------------------------------------
时间： 
--------------------------------------------------------------------------------------------
时间： 
--------------------------------------------------------------------------------------------
时间： 
--------------------------------------------------------------------------------------------
时间： 
--------------------------------------------------------------------------------------------
时间： 
--------------------------------------------------------------------------------------------
时间： 
--------------------------------------------------------------------------------------------
时间： 
--------------------------------------------------------------------------------------------
时间： 
--------------------------------------------------------------------------------------------
时间： 
--------------------------------------------------------------------------------------------
时间： 
--------------------------------------------------------------------------------------------
时间： 
--------------------------------------------------------------------------------------------
时间： 
$$$$$$$$$$$$$$$$$$$$$$$$$$$$$$$$$$$$$$$$$$$$$$$$$$$$$$$$$$$
300520 科大国创 涨幅8.03,市值42亿 
板块：芯片
主买：9252万
主卖：-2103万
净买入：7149万
类型：游资
符合条件1，单位时间新增买入 811万
--------------------------------------------------------------------------------------------
时间： 
--------------------------------------------------------------------------------------------
时间： 
--------------------------------------------------------------------------------------------
时间： 
--------------------------------------------------------------------------------------------
时间： 
--------------------------------------------------------------------------------------------
时间： 
$$$$$$$$$$$$$$$$$$$$$$$$$$$$$$$$$$$$$$$$$$$$$$$$$$$$$$$$$$$
002378 章源钨业 涨幅10.02,市值37亿 
板块：有色金属,钨精矿涨价
主买：28926万
主卖：-8822万
净买入：20104万
类型：游资
符合条件1，单位时间新增买入 708万
--------------------------------------------------------------------------------------------
时间： 
--------------------------------------------------------------------------------------------
时间： 
$$$$$$$$$$$$$$$$$$$$$$$$$$$$$$$$$$$$$$$$$$$$$$$$$$$$$$$$$$$
300317 珈伟股份 涨幅9.83,市值56亿 
板块：石墨烯
主买：12662万
主卖：-8664万
净买入：3997万
类型：
符合条件1，单位时间新增买入 855万
--------------------------------------------------------------------------------------------
时间： 
--------------------------------------------------------------------------------------------
时间： 
--------------------------------------------------------------------------------------------
时间： 
--------------------------------------------------------------------------------------------
时间： 
--------------------------------------------------------------------------------------------
时间： 
$$$$$$$$$$$$$$$$$$$$$$$$$$$$$$$$$$$$$$$$$$$$$$$$$$$$$$$$$$$
600390 五矿资本 涨幅9.93,市值53亿 
板块：特斯拉,新能源汽车,参股券商,保险
主买：10871万
主卖：-5104万
净买入：5767万
类型：
符合条件1，单位时间新增买入 1925万
--------------------------------------------------------------------------------------------
时间： 
$$$$$$$$$$$$$$$$$$$$$$$$$$$$$$$$$$$$$$$$$$$$$$$$$$$$$$$$$$$
002340 格林美 涨幅5.82,市值221亿 
板块：钴涨价,锂电池
主买：30096万
主卖：-28628万
净买入：1468万
类型：游资
符合条件1，单位时间新增买入 2780万
$$$$$$$$$$$$$$$$$$$$$$$$$$$$$$$$$$$$$$$$$$$$$$$$$$$$$$$$$$$
600050 中国联通 涨幅1.09,市值584亿 
板块：混改
主买：46558万
主卖：-109163万
净买入：-62605万
类型：
符合条件1，单位时间新增买入 1608万
--------------------------------------------------------------------------------------------
时间： 
$$$$$$$$$$$$$$$$$$$$$$$$$$$$$$$$$$$$$$$$$$$$$$$$$$$$$$$$$$$
002340 格林美 涨幅5.57,市值220亿 
板块：钴涨价,锂电池
主买：31874万
主卖：-28628万
净买入：3246万
类型：游资
符合条件1，单位时间新增买入 1778万
--------------------------------------------------------------------------------------------
时间： 
$$$$$$$$$$$$$$$$$$$$$$$$$$$$$$$$$$$$$$$$$$$$$$$$$$$$$$$$$$$
002378 章源钨业 涨幅10.02,市值37亿 
板块：有色金属,钨精矿涨价
主买：30393万
主卖：-9931万
净买入：20461万
类型：游资
符合条件1，单位时间新增买入 718万
--------------------------------------------------------------------------------------------
时间： 
$$$$$$$$$$$$$$$$$$$$$$$$$$$$$$$$$$$$$$$$$$$$$$$$$$$$$$$$$$$
002378 章源钨业 涨幅10.02,市值37亿 
板块：有色金属,钨精矿涨价
主买：31359万
主卖：-9931万
净买入：21428万
类型：游资
符合条件1，单位时间新增买入 967万
--------------------------------------------------------------------------------------------
时间： 
--------------------------------------------------------------------------------------------
时间： 
--------------------------------------------------------------------------------------------
时间： 
$$$$$$$$$$$$$$$$$$$$$$$$$$$$$$$$$$$$$$$$$$$$$$$$$$$$$$$$$$$
300618 寒锐钴业 涨幅10.00,市值54亿 
板块：钴涨价,次新股
主买：53522万
主卖：-40361万
净买入：13160万
类型：游资
符合条件1，单位时间新增买入 2383万
$$$$$$$$$$$$$$$$$$$$$$$$$$$$$$$$$$$$$$$$$$$$$$$$$$$$$$$$$$$
300502 新易盛 涨幅9.99,市值23亿 
板块：5G
主买：16944万
主卖：-6350万
净买入：10593万
类型：游资
符合条件1，单位时间新增买入 794万
--------------------------------------------------------------------------------------------
时间： 
--------------------------------------------------------------------------------------------
时间： 
$$$$$$$$$$$$$$$$$$$$$$$$$$$$$$$$$$$$$$$$$$$$$$$$$$$$$$$$$$$
600390 五矿资本 涨幅9.99,市值53亿 
板块：特斯拉,新能源汽车,参股券商,保险
主买：12255万
主卖：-5272万
净买入：6982万
类型：
符合条件1，单位时间新增买入 775万
$$$$$$$$$$$$$$$$$$$$$$$$$$$$$$$$$$$$$$$$$$$$$$$$$$$$$$$$$$$
002460 赣锋锂业 涨幅0.33,市值427亿 
板块：锂电池,商品涨价
主买：30252万
主卖：-54134万
净买入：-23882万
类型：游资
符合条件1，单位时间新增买入 711万
--------------------------------------------------------------------------------------------
时间： 
$$$$$$$$$$$$$$$$$$$$$$$$$$$$$$$$$$$$$$$$$$$$$$$$$$$$$$$$$$$
002797 第一创业 涨幅9.96,市值220亿 
板块：证券
主买：118263万
主卖：-71855万
净买入：46408万
类型：游资
符合条件1，单位时间新增买入 959万
$$$$$$$$$$$$$$$$$$$$$$$$$$$$$$$$$$$$$$$$$$$$$$$$$$$$$$$$$$$
300520 科大国创 涨幅10.01,市值43亿 
板块：芯片
主买：14171万
主卖：-2977万
净买入：11193万
类型：游资
符合条件1，单位时间新增买入 2812万
$$$$$$$$$$$$$$$$$$$$$$$$$$$$$$$$$$$$$$$$$$$$$$$$$$$$$$$$$$$
601881 中国银河 涨幅4.43,市值99亿 
板块：证券,次新股
主买：18284万
主卖：-35407万
净买入：-17123万
类型：游资
符合条件1，单位时间新增买入 705万
--------------------------------------------------------------------------------------------
时间： 
$$$$$$$$$$$$$$$$$$$$$$$$$$$$$$$$$$$$$$$$$$$$$$$$$$$$$$$$$$$
002797 第一创业 涨幅9.79,市值220亿 
板块：证券
主买：119116万
主卖：-71855万
净买入：47261万
类型：游资
符合条件1，单位时间新增买入 853万
--------------------------------------------------------------------------------------------
时间： 
--------------------------------------------------------------------------------------------
时间： 
--------------------------------------------------------------------------------------------
时间： 
--------------------------------------------------------------------------------------------
时间： 
--------------------------------------------------------------------------------------------
时间： 
$$$$$$$$$$$$$$$$$$$$$$$$$$$$$$$$$$$$$$$$$$$$$$$$$$$$$$$$$$$
601388 怡球资源 涨幅7.92,市值72亿 
板块：有色金属
主买：21660万
主卖：-11110万
净买入：10551万
类型：游资
符合条件1，单位时间新增买入 10551万
--------------------------------------------------------------------------------------------
时间： 
$$$$$$$$$$$$$$$$$$$$$$$$$$$$$$$$$$$$$$$$$$$$$$$$$$$$$$$$$$$
002340 格林美 涨幅6.71,市值223亿 
板块：钴涨价,锂电池
主买：44156万
主卖：-29167万
净买入：14989万
类型：游资
符合条件1，单位时间新增买入 9162万
--------------------------------------------------------------------------------------------
时间： 
$$$$$$$$$$$$$$$$$$$$$$$$$$$$$$$$$$$$$$$$$$$$$$$$$$$$$$$$$$$
000725 京东方Ａ 涨幅4.17,市值972亿 
板块：OLED
主买：130135万
主卖：-58216万
净买入：71919万
类型：
符合条件1，单位时间新增买入 4048万
$$$$$$$$$$$$$$$$$$$$$$$$$$$$$$$$$$$$$$$$$$$$$$$$$$$$$$$$$$$
603993 洛阳钼业 涨幅2.57,市值400亿 
板块：鉬,商品涨价
主买：11447万
主卖：-23204万
净买入：-11757万
类型：游资
符合条件1，单位时间新增买入 878万
--------------------------------------------------------------------------------------------
时间： 
--------------------------------------------------------------------------------------------
时间： 
--------------------------------------------------------------------------------------------
时间： 
$$$$$$$$$$$$$$$$$$$$$$$$$$$$$$$$$$$$$$$$$$$$$$$$$$$$$$$$$$$
000839 中信国安 涨幅-0.51,市值294亿 
板块：360概念,商品涨价
主买：22233万
主卖：-57040万
净买入：-34807万
类型：基金
符合条件1，单位时间新增买入 970万
--------------------------------------------------------------------------------------------
时间： 
$$$$$$$$$$$$$$$$$$$$$$$$$$$$$$$$$$$$$$$$$$$$$$$$$$$$$$$$$$$
002340 格林美 涨幅8.48,市值226亿 
板块：钴涨价,锂电池
主买：52094万
主卖：-30322万
净买入：21771万
类型：游资
符合条件1，单位时间新增买入 6526万
--------------------------------------------------------------------------------------------
时间： 
$$$$$$$$$$$$$$$$$$$$$$$$$$$$$$$$$$$$$$$$$$$$$$$$$$$$$$$$$$$
002797 第一创业 涨幅9.96,市值220亿 
板块：证券
主买：122421万
主卖：-75084万
净买入：47336万
类型：游资
符合条件1，单位时间新增买入 2093万
--------------------------------------------------------------------------------------------
时间： 
$$$$$$$$$$$$$$$$$$$$$$$$$$$$$$$$$$$$$$$$$$$$$$$$$$$$$$$$$$$
002797 第一创业 涨幅10.04,市值221亿 
板块：证券
主买：131323万
主卖：-76628万
净买入：54695万
类型：游资
符合条件1，单位时间新增买入 7358万
$$$$$$$$$$$$$$$$$$$$$$$$$$$$$$$$$$$$$$$$$$$$$$$$$$$$$$$$$$$
002340 格林美 涨幅7.59,市值224亿 
板块：钴涨价,锂电池
主买：53192万
主卖：-30785万
净买入：22407万
类型：游资
符合条件1，单位时间新增买入 773万
--------------------------------------------------------------------------------------------
时间： 
$$$$$$$$$$$$$$$$$$$$$$$$$$$$$$$$$$$$$$$$$$$$$$$$$$$$$$$$$$$
002797 第一创业 涨幅9.96,市值220亿 
板块：证券
主买：132603万
主卖：-76628万
净买入：55975万
类型：游资
符合条件1，单位时间新增买入 1280万
--------------------------------------------------------------------------------------------
时间： 
$$$$$$$$$$$$$$$$$$$$$$$$$$$$$$$$$$$$$$$$$$$$$$$$$$$$$$$$$$$
002340 格林美 涨幅7.59,市值224亿 
板块：钴涨价,锂电池
主买：54148万
主卖：-30785万
净买入：23363万
类型：游资
符合条件1，单位时间新增买入 802万
$$$$$$$$$$$$$$$$$$$$$$$$$$$$$$$$$$$$$$$$$$$$$$$$$$$$$$$$$$$
603500 祥和实业 涨幅-9.99,市值13亿 
板块：开板次新
主买：7443万
主卖：-2249万
净买入：5193万
类型：
符合条件1，单位时间新增买入 780万
--------------------------------------------------------------------------------------------
时间： 
$$$$$$$$$$$$$$$$$$$$$$$$$$$$$$$$$$$$$$$$$$$$$$$$$$$$$$$$$$$
600197 伊力特 涨幅4.76,市值51亿 
板块：白酒
主买：4420万
主卖：-1324万
净买入：3097万
类型：基金
符合条件1，单位时间新增买入 3097万
$$$$$$$$$$$$$$$$$$$$$$$$$$$$$$$$$$$$$$$$$$$$$$$$$$$$$$$$$$$
000725 京东方Ａ 涨幅4.17,市值972亿 
板块：OLED
主买：132954万
主卖：-58216万
净买入：74738万
类型：
符合条件1，单位时间新增买入 799万
$$$$$$$$$$$$$$$$$$$$$$$$$$$$$$$$$$$$$$$$$$$$$$$$$$$$$$$$$$$
002340 格林美 涨幅7.72,市值225亿 
板块：钴涨价,锂电池
主买：54940万
主卖：-30785万
净买入：24155万
类型：游资
符合条件1，单位时间新增买入 792万
--------------------------------------------------------------------------------------------
时间： 
$$$$$$$$$$$$$$$$$$$$$$$$$$$$$$$$$$$$$$$$$$$$$$$$$$$$$$$$$$$
600619 海立股份 涨幅5.20,市值52亿 
板块：股权转让
主买：7500万
主卖：-1817万
净买入：5683万
类型：游资
符合条件1，单位时间新增买入 5683万
$$$$$$$$$$$$$$$$$$$$$$$$$$$$$$$$$$$$$$$$$$$$$$$$$$$$$$$$$$$
601878 浙商证券 涨幅3.15,市值79亿 
板块：次新股,证券
主买：17836万
主卖：-27133万
净买入：-9297万
类型：游资
符合条件1，单位时间新增买入 804万
--------------------------------------------------------------------------------------------
时间： 
$$$$$$$$$$$$$$$$$$$$$$$$$$$$$$$$$$$$$$$$$$$$$$$$$$$$$$$$$$$
603505 金石资源 涨幅6.02,市值16亿 
板块：次新股,萤石涨价
主买：3756万
主卖：-588万
净买入：3168万
类型：游资
符合条件1，单位时间新增买入 3168万
--------------------------------------------------------------------------------------------
时间： 
