--------------------------------------------------------------------------------------------
时间： 
--------------------------------------------------------------------------------------------
时间： 
--------------------------------------------------------------------------------------------
时间： 
$$$$$$$$$$$$$$$$$$$$$$$$$$$$$$$$$$$$$$$$$$$$$$$$$$$$$$$$$$$
300666 江丰电子 涨幅9.99,市值23亿 
板块：次新股,OLED
主买：7051万
主卖：-5504万
净买入：1547万
类型：游资
符合条件1，单位时间新增买入 1547万
--------------------------------------------------------------------------------------------
时间： 
$$$$$$$$$$$$$$$$$$$$$$$$$$$$$$$$$$$$$$$$$$$$$$$$$$$$$$$$$$$
600459 贵研铂业 涨幅5.91,市值44亿 
板块：有色金属
主买：3022万
主卖：-1007万
净买入：2014万
类型：
符合条件1，单位时间新增买入 2014万
$$$$$$$$$$$$$$$$$$$$$$$$$$$$$$$$$$$$$$$$$$$$$$$$$$$$$$$$$$$
000920 南方汇通 涨幅9.73,市值34亿 
板块：盐湖提锂
主买：4131万
主卖：-6764万
净买入：-2633万
类型：
符合条件1，单位时间新增买入 958万
--------------------------------------------------------------------------------------------
时间： 
--------------------------------------------------------------------------------------------
时间： 
--------------------------------------------------------------------------------------------
时间： 
$$$$$$$$$$$$$$$$$$$$$$$$$$$$$$$$$$$$$$$$$$$$$$$$$$$$$$$$$$$
002249 大洋电机 涨幅5.81,市值97亿 
板块：新能源汽车,氢燃料电池
主买：2735万
主卖：-485万
净买入：2250万
类型：
符合条件1，单位时间新增买入 2250万
$$$$$$$$$$$$$$$$$$$$$$$$$$$$$$$$$$$$$$$$$$$$$$$$$$$$$$$$$$$
300666 江丰电子 涨幅9.99,市值23亿 
板块：次新股,OLED
主买：11358万
主卖：-7712万
净买入：3646万
类型：游资
符合条件1，单位时间新增买入 1035万
$$$$$$$$$$$$$$$$$$$$$$$$$$$$$$$$$$$$$$$$$$$$$$$$$$$$$$$$$$$
002742 三圣股份 涨幅1.58,市值28亿 
板块：高送转
主买：1236万
主卖：-341万
净买入：895万
类型：
符合条件1，单位时间新增买入 895万
--------------------------------------------------------------------------------------------
时间： 
$$$$$$$$$$$$$$$$$$$$$$$$$$$$$$$$$$$$$$$$$$$$$$$$$$$$$$$$$$$
600801 华新水泥 涨幅4.70,市值67亿 
板块：水泥
主买：7027万
主卖：-2821万
净买入：4205万
类型：
符合条件1，单位时间新增买入 4205万
$$$$$$$$$$$$$$$$$$$$$$$$$$$$$$$$$$$$$$$$$$$$$$$$$$$$$$$$$$$
300666 江丰电子 涨幅9.99,市值23亿 
板块：次新股,OLED
主买：12225万
主卖：-7712万
净买入：4513万
类型：游资
符合条件1，单位时间新增买入 867万
--------------------------------------------------------------------------------------------
时间： 
--------------------------------------------------------------------------------------------
时间： 
$$$$$$$$$$$$$$$$$$$$$$$$$$$$$$$$$$$$$$$$$$$$$$$$$$$$$$$$$$$
002859 洁美科技 涨幅3.95,市值25亿 
板块：次新股,高送转
主买：1659万
主卖：0万
净买入：1659万
类型：游资
符合条件1，单位时间新增买入 1659万
$$$$$$$$$$$$$$$$$$$$$$$$$$$$$$$$$$$$$$$$$$$$$$$$$$$$$$$$$$$
002742 三圣股份 涨幅3.06,市值29亿 
板块：高送转
主买：2331万
主卖：-283万
净买入：2049万
类型：
符合条件1，单位时间新增买入 1086万
--------------------------------------------------------------------------------------------
时间： 
$$$$$$$$$$$$$$$$$$$$$$$$$$$$$$$$$$$$$$$$$$$$$$$$$$$$$$$$$$$
002797 第一创业 涨幅3.83,市值226亿 
板块：证券
主买：4787万
主卖：-3425万
净买入：1362万
类型：游资
符合条件1，单位时间新增买入 1362万
$$$$$$$$$$$$$$$$$$$$$$$$$$$$$$$$$$$$$$$$$$$$$$$$$$$$$$$$$$$
300312 邦讯技术 涨幅6.22,市值16亿 
板块：重组,5G
主买：1179万
主卖：0万
净买入：1179万
类型：游资
符合条件1，单位时间新增买入 1179万
--------------------------------------------------------------------------------------------
时间： 
$$$$$$$$$$$$$$$$$$$$$$$$$$$$$$$$$$$$$$$$$$$$$$$$$$$$$$$$$$$
002797 第一创业 涨幅3.99,市值227亿 
板块：证券
主买：7811万
主卖：-3893万
净买入：3919万
类型：游资
符合条件1，单位时间新增买入 2557万
$$$$$$$$$$$$$$$$$$$$$$$$$$$$$$$$$$$$$$$$$$$$$$$$$$$$$$$$$$$
002249 大洋电机 涨幅6.88,市值98亿 
板块：新能源汽车,氢燃料电池
主买：4086万
主卖：-638万
净买入：3448万
类型：
符合条件1，单位时间新增买入 1186万
--------------------------------------------------------------------------------------------
时间： 
$$$$$$$$$$$$$$$$$$$$$$$$$$$$$$$$$$$$$$$$$$$$$$$$$$$$$$$$$$$
300312 邦讯技术 涨幅10.00,市值17亿 
板块：重组,5G
主买：3246万
主卖：-452万
净买入：2795万
类型：游资
符合条件1，单位时间新增买入 1166万
--------------------------------------------------------------------------------------------
时间： 
$$$$$$$$$$$$$$$$$$$$$$$$$$$$$$$$$$$$$$$$$$$$$$$$$$$$$$$$$$$
603366 日出东方 涨幅6.45,市值30亿 
板块：
主买：3967万
主卖：0万
净买入：3967万
类型：
符合条件1，单位时间新增买入 3967万
$$$$$$$$$$$$$$$$$$$$$$$$$$$$$$$$$$$$$$$$$$$$$$$$$$$$$$$$$$$
300312 邦讯技术 涨幅10.00,市值17亿 
板块：重组,5G
主买：4318万
主卖：-452万
净买入：3867万
类型：游资
符合条件1，单位时间新增买入 1072万
$$$$$$$$$$$$$$$$$$$$$$$$$$$$$$$$$$$$$$$$$$$$$$$$$$$$$$$$$$$
002859 洁美科技 涨幅5.93,市值25亿 
板块：次新股,高送转
主买：3790万
主卖：-239万
净买入：3551万
类型：游资
符合条件1，单位时间新增买入 1152万
--------------------------------------------------------------------------------------------
时间： 
$$$$$$$$$$$$$$$$$$$$$$$$$$$$$$$$$$$$$$$$$$$$$$$$$$$$$$$$$$$
002639 雪人股份 涨幅9.14,市值35亿 
板块：氢燃料电池
主买：12033万
主卖：-4462万
净买入：7571万
类型：
符合条件1，单位时间新增买入 7571万
$$$$$$$$$$$$$$$$$$$$$$$$$$$$$$$$$$$$$$$$$$$$$$$$$$$$$$$$$$$
002274 华昌化工 涨幅7.89,市值25亿 
板块：化工
主买：7063万
主卖：-3291万
净买入：3773万
类型：
符合条件1，单位时间新增买入 3773万
--------------------------------------------------------------------------------------------
时间： 
$$$$$$$$$$$$$$$$$$$$$$$$$$$$$$$$$$$$$$$$$$$$$$$$$$$$$$$$$$$
002024 苏宁云商 涨幅2.69,市值406亿 
板块：扭亏为盈,零售
主买：14797万
主卖：-5145万
净买入：9652万
类型：游资
符合条件1，单位时间新增买入 9652万
$$$$$$$$$$$$$$$$$$$$$$$$$$$$$$$$$$$$$$$$$$$$$$$$$$$$$$$$$$$
002859 洁美科技 涨幅10.00,市值26亿 
板块：次新股,高送转
主买：5793万
主卖：-1387万
净买入：4406万
类型：游资
符合条件1，单位时间新增买入 943万
--------------------------------------------------------------------------------------------
时间： 
$$$$$$$$$$$$$$$$$$$$$$$$$$$$$$$$$$$$$$$$$$$$$$$$$$$$$$$$$$$
300398 飞凯材料 涨幅9.29,市值26亿 
板块：新材料,老高送转
主买：2595万
主卖：-579万
净买入：2016万
类型：
符合条件1，单位时间新增买入 2016万
$$$$$$$$$$$$$$$$$$$$$$$$$$$$$$$$$$$$$$$$$$$$$$$$$$$$$$$$$$$
002639 雪人股份 涨幅10.02,市值36亿 
板块：氢燃料电池
主买：15594万
主卖：-5161万
净买入：10433万
类型：
符合条件1，单位时间新增买入 2491万
$$$$$$$$$$$$$$$$$$$$$$$$$$$$$$$$$$$$$$$$$$$$$$$$$$$$$$$$$$$
002024 苏宁云商 涨幅2.84,市值407亿 
板块：扭亏为盈,零售
主买：15908万
主卖：-5478万
净买入：10430万
类型：游资
符合条件1，单位时间新增买入 778万
$$$$$$$$$$$$$$$$$$$$$$$$$$$$$$$$$$$$$$$$$$$$$$$$$$$$$$$$$$$
002859 洁美科技 涨幅10.00,市值26亿 
板块：次新股,高送转
主买：10397万
主卖：-2505万
净买入：7892万
类型：游资
符合条件1，单位时间新增买入 3486万
$$$$$$$$$$$$$$$$$$$$$$$$$$$$$$$$$$$$$$$$$$$$$$$$$$$$$$$$$$$
002797 第一创业 涨幅3.67,市值226亿 
板块：证券
主买：8616万
主卖：-5194万
净买入：3422万
类型：游资
符合条件1，单位时间新增买入 723万
$$$$$$$$$$$$$$$$$$$$$$$$$$$$$$$$$$$$$$$$$$$$$$$$$$$$$$$$$$$
300649 杭州园林 涨幅8.10,市值18亿 
板块：高送转,雄安新区
主买：2522万
主卖：-511万
净买入：2011万
类型：游资
符合条件1，单位时间新增买入 808万
--------------------------------------------------------------------------------------------
时间： 
$$$$$$$$$$$$$$$$$$$$$$$$$$$$$$$$$$$$$$$$$$$$$$$$$$$$$$$$$$$
002024 苏宁云商 涨幅2.69,市值406亿 
板块：扭亏为盈,零售
主买：17069万
主卖：-5874万
净买入：11195万
类型：游资
符合条件1，单位时间新增买入 764万
$$$$$$$$$$$$$$$$$$$$$$$$$$$$$$$$$$$$$$$$$$$$$$$$$$$$$$$$$$$
002859 洁美科技 涨幅10.00,市值26亿 
板块：次新股,高送转
主买：11405万
主卖：-2505万
净买入：8900万
类型：游资
符合条件1，单位时间新增买入 1008万
$$$$$$$$$$$$$$$$$$$$$$$$$$$$$$$$$$$$$$$$$$$$$$$$$$$$$$$$$$$
002797 第一创业 涨幅3.83,市值226亿 
板块：证券
主买：9685万
主卖：-5311万
净买入：4373万
类型：游资
符合条件1，单位时间新增买入 951万
--------------------------------------------------------------------------------------------
时间： 
$$$$$$$$$$$$$$$$$$$$$$$$$$$$$$$$$$$$$$$$$$$$$$$$$$$$$$$$$$$
002797 第一创业 涨幅3.91,市值227亿 
板块：证券
主买：11755万
主卖：-5832万
净买入：5923万
类型：游资
符合条件1，单位时间新增买入 1550万
--------------------------------------------------------------------------------------------
时间： 
--------------------------------------------------------------------------------------------
时间： 
$$$$$$$$$$$$$$$$$$$$$$$$$$$$$$$$$$$$$$$$$$$$$$$$$$$$$$$$$$$
002024 苏宁云商 涨幅1.74,市值403亿 
板块：扭亏为盈,零售
主买：18691万
主卖：-6274万
净买入：12417万
类型：游资
符合条件1，单位时间新增买入 888万
--------------------------------------------------------------------------------------------
时间： 
$$$$$$$$$$$$$$$$$$$$$$$$$$$$$$$$$$$$$$$$$$$$$$$$$$$$$$$$$$$
600220 江苏阳光 涨幅9.84,市值50亿 
板块：
主买：6139万
主卖：-1166万
净买入：4973万
类型：
符合条件1，单位时间新增买入 4973万
--------------------------------------------------------------------------------------------
时间： 
--------------------------------------------------------------------------------------------
时间： 
$$$$$$$$$$$$$$$$$$$$$$$$$$$$$$$$$$$$$$$$$$$$$$$$$$$$$$$$$$$
603016 新宏泰 涨幅4.94,市值31亿 
板块：复牌
主买：1340万
主卖：-227万
净买入：1113万
类型：
符合条件1，单位时间新增买入 1113万
--------------------------------------------------------------------------------------------
时间： 
$$$$$$$$$$$$$$$$$$$$$$$$$$$$$$$$$$$$$$$$$$$$$$$$$$$$$$$$$$$
002639 雪人股份 涨幅10.02,市值36亿 
板块：氢燃料电池
主买：18324万
主卖：-6158万
净买入：12166万
类型：
符合条件1，单位时间新增买入 713万
--------------------------------------------------------------------------------------------
时间： 
$$$$$$$$$$$$$$$$$$$$$$$$$$$$$$$$$$$$$$$$$$$$$$$$$$$$$$$$$$$
000980 众泰汽车 涨幅3.44,市值58亿 
板块：新能源汽车
主买：2192万
主卖：-992万
净买入：1200万
类型：游资
符合条件1，单位时间新增买入 1200万
--------------------------------------------------------------------------------------------
时间： 
$$$$$$$$$$$$$$$$$$$$$$$$$$$$$$$$$$$$$$$$$$$$$$$$$$$$$$$$$$$
000789 万年青 涨幅6.95,市值31亿 
板块：水泥
主买：2738万
主卖：-2116万
净买入：621万
类型：
符合条件1，单位时间新增买入 1292万
--------------------------------------------------------------------------------------------
时间： 
--------------------------------------------------------------------------------------------
时间： 
$$$$$$$$$$$$$$$$$$$$$$$$$$$$$$$$$$$$$$$$$$$$$$$$$$$$$$$$$$$
601777 力帆股份 涨幅4.84,市值57亿 
板块：
主买：2061万
主卖：-1123万
净买入：937万
类型：基金
符合条件1，单位时间新增买入 937万
--------------------------------------------------------------------------------------------
时间： 
$$$$$$$$$$$$$$$$$$$$$$$$$$$$$$$$$$$$$$$$$$$$$$$$$$$$$$$$$$$
603688 石英股份 涨幅5.26,市值19亿 
板块：硅涨价
主买：1277万
主卖：-267万
净买入：1010万
类型：游资
符合条件1，单位时间新增买入 1010万
--------------------------------------------------------------------------------------------
时间： 
--------------------------------------------------------------------------------------------
时间： 
--------------------------------------------------------------------------------------------
时间： 
$$$$$$$$$$$$$$$$$$$$$$$$$$$$$$$$$$$$$$$$$$$$$$$$$$$$$$$$$$$
600050 中国联通 涨幅2.50,市值584亿 
板块：混改
主买：21262万
主卖：-9427万
净买入：11835万
类型：
符合条件1，单位时间新增买入 11835万
--------------------------------------------------------------------------------------------
时间： 
--------------------------------------------------------------------------------------------
时间： 
$$$$$$$$$$$$$$$$$$$$$$$$$$$$$$$$$$$$$$$$$$$$$$$$$$$$$$$$$$$
600050 中国联通 涨幅2.91,市值586亿 
板块：混改
主买：23500万
主卖：-9597万
净买入：13903万
类型：
符合条件1，单位时间新增买入 1744万
$$$$$$$$$$$$$$$$$$$$$$$$$$$$$$$$$$$$$$$$$$$$$$$$$$$$$$$$$$$
300655 晶瑞股份 涨幅7.17,市值8亿 
板块：次新股
主买：2061万
主卖：-234万
净买入：1828万
类型：游资
符合条件1，单位时间新增买入 1828万
--------------------------------------------------------------------------------------------
时间： 
$$$$$$$$$$$$$$$$$$$$$$$$$$$$$$$$$$$$$$$$$$$$$$$$$$$$$$$$$$$
600050 中国联通 涨幅2.91,市值586亿 
板块：混改
主买：26006万
主卖：-10506万
净买入：15500万
类型：
符合条件1，单位时间新增买入 1597万
--------------------------------------------------------------------------------------------
时间： 
--------------------------------------------------------------------------------------------
时间： 
$$$$$$$$$$$$$$$$$$$$$$$$$$$$$$$$$$$$$$$$$$$$$$$$$$$$$$$$$$$
600050 中国联通 涨幅2.91,市值586亿 
板块：混改
主买：29164万
主卖：-11517万
净买入：17647万
类型：
符合条件1，单位时间新增买入 1498万
--------------------------------------------------------------------------------------------
时间： 
$$$$$$$$$$$$$$$$$$$$$$$$$$$$$$$$$$$$$$$$$$$$$$$$$$$$$$$$$$$
002895 川恒股份 涨幅10.00,市值14亿 
板块：开板次新
主买：6884万
主卖：-3180万
净买入：3705万
类型：
符合条件1，单位时间新增买入 2872万
$$$$$$$$$$$$$$$$$$$$$$$$$$$$$$$$$$$$$$$$$$$$$$$$$$$$$$$$$$$
603019 中科曙光 涨幅3.53,市值130亿 
板块：人工智能
主买：5523万
主卖：-2032万
净买入：3491万
类型：游资
符合条件1，单位时间新增买入 3491万
$$$$$$$$$$$$$$$$$$$$$$$$$$$$$$$$$$$$$$$$$$$$$$$$$$$$$$$$$$$
600125 铁龙物流 涨幅4.01,市值116亿 
板块：物流,混改
主买：4304万
主卖：-2047万
净买入：2256万
类型：游资
符合条件1，单位时间新增买入 2256万
$$$$$$$$$$$$$$$$$$$$$$$$$$$$$$$$$$$$$$$$$$$$$$$$$$$$$$$$$$$
600460 士兰微 涨幅10.00,市值73亿 
板块：芯片,OLED
主买：10894万
主卖：-16852万
净买入：-5958万
类型：
符合条件1，单位时间新增买入 3546万
--------------------------------------------------------------------------------------------
时间： 
$$$$$$$$$$$$$$$$$$$$$$$$$$$$$$$$$$$$$$$$$$$$$$$$$$$$$$$$$$$
600050 中国联通 涨幅3.33,市值588亿 
板块：混改
主买：31331万
主卖：-12106万
净买入：19225万
类型：
符合条件1，单位时间新增买入 1165万
--------------------------------------------------------------------------------------------
时间： 
$$$$$$$$$$$$$$$$$$$$$$$$$$$$$$$$$$$$$$$$$$$$$$$$$$$$$$$$$$$
600050 中国联通 涨幅3.74,市值591亿 
板块：混改
主买：33117万
主卖：-12106万
净买入：21011万
类型：
符合条件1，单位时间新增买入 1786万
--------------------------------------------------------------------------------------------
时间： 
$$$$$$$$$$$$$$$$$$$$$$$$$$$$$$$$$$$$$$$$$$$$$$$$$$$$$$$$$$$
600050 中国联通 涨幅4.44,市值595亿 
板块：混改
主买：37651万
主卖：-12781万
净买入：24870万
类型：
符合条件1，单位时间新增买入 3859万
$$$$$$$$$$$$$$$$$$$$$$$$$$$$$$$$$$$$$$$$$$$$$$$$$$$$$$$$$$$
600220 江苏阳光 涨幅10.11,市值50亿 
板块：氢燃料电池
主买：9302万
主卖：-1166万
净买入：8136万
类型：
符合条件1，单位时间新增买入 2251万
--------------------------------------------------------------------------------------------
时间： 
$$$$$$$$$$$$$$$$$$$$$$$$$$$$$$$$$$$$$$$$$$$$$$$$$$$$$$$$$$$
600050 中国联通 涨幅4.02,市值592亿 
板块：混改
主买：40300万
主卖：-14026万
净买入：26274万
类型：
符合条件1，单位时间新增买入 1404万
$$$$$$$$$$$$$$$$$$$$$$$$$$$$$$$$$$$$$$$$$$$$$$$$$$$$$$$$$$$
600876 洛阳玻璃 涨幅9.44,市值47亿 
板块：混改,建筑材料
主买：2340万
主卖：-1006万
净买入：1334万
类型：游资
符合条件1，单位时间新增买入 1609万
--------------------------------------------------------------------------------------------
时间： 
--------------------------------------------------------------------------------------------
时间： 
$$$$$$$$$$$$$$$$$$$$$$$$$$$$$$$$$$$$$$$$$$$$$$$$$$$$$$$$$$$
600125 铁龙物流 涨幅4.91,市值117亿 
板块：物流,混改
主买：5856万
主卖：-2304万
净买入：3552万
类型：游资
符合条件1，单位时间新增买入 726万
--------------------------------------------------------------------------------------------
时间： 
--------------------------------------------------------------------------------------------
时间： 
--------------------------------------------------------------------------------------------
时间： 
$$$$$$$$$$$$$$$$$$$$$$$$$$$$$$$$$$$$$$$$$$$$$$$$$$$$$$$$$$$
300398 飞凯材料 涨幅10.01,市值26亿 
板块：新材料,老高送转
主买：8013万
主卖：-1357万
净买入：6655万
类型：
符合条件1，单位时间新增买入 902万
--------------------------------------------------------------------------------------------
时间： 
$$$$$$$$$$$$$$$$$$$$$$$$$$$$$$$$$$$$$$$$$$$$$$$$$$$$$$$$$$$
600050 中国联通 涨幅3.88,市值592亿 
板块：混改
主买：40311万
主卖：-17976万
净买入：22334万
类型：
符合条件1，单位时间新增买入 816万
$$$$$$$$$$$$$$$$$$$$$$$$$$$$$$$$$$$$$$$$$$$$$$$$$$$$$$$$$$$
300398 飞凯材料 涨幅10.01,市值26亿 
板块：新材料,老高送转
主买：10392万
主卖：-1357万
净买入：9034万
类型：
符合条件1，单位时间新增买入 2379万
--------------------------------------------------------------------------------------------
时间： 
$$$$$$$$$$$$$$$$$$$$$$$$$$$$$$$$$$$$$$$$$$$$$$$$$$$$$$$$$$$
300631 久吾高科 涨幅10.00,市值9亿 
板块：盐湖提锂
主买：8111万
主卖：-5777万
净买入：2334万
类型：
符合条件1，单位时间新增买入 2334万
--------------------------------------------------------------------------------------------
时间： 
$$$$$$$$$$$$$$$$$$$$$$$$$$$$$$$$$$$$$$$$$$$$$$$$$$$$$$$$$$$
600050 中国联通 涨幅4.30,市值594亿 
板块：混改
主买：41670万
主卖：-17857万
净买入：23813万
类型：
符合条件1，单位时间新增买入 2117万
--------------------------------------------------------------------------------------------
时间： 
$$$$$$$$$$$$$$$$$$$$$$$$$$$$$$$$$$$$$$$$$$$$$$$$$$$$$$$$$$$
600050 中国联通 涨幅4.30,市值594亿 
板块：混改
主买：45032万
主卖：-18568万
净买入：26464万
类型：
符合条件1，单位时间新增买入 2651万
--------------------------------------------------------------------------------------------
时间： 
$$$$$$$$$$$$$$$$$$$$$$$$$$$$$$$$$$$$$$$$$$$$$$$$$$$$$$$$$$$
002895 川恒股份 涨幅10.00,市值14亿 
板块：开板次新
主买：12957万
主卖：-6004万
净买入：6953万
类型：
符合条件1，单位时间新增买入 825万
--------------------------------------------------------------------------------------------
时间： 
$$$$$$$$$$$$$$$$$$$$$$$$$$$$$$$$$$$$$$$$$$$$$$$$$$$$$$$$$$$
002895 川恒股份 涨幅10.00,市值14亿 
板块：开板次新
主买：13697万
主卖：-6004万
净买入：7693万
类型：
符合条件1，单位时间新增买入 740万
--------------------------------------------------------------------------------------------
时间： 
$$$$$$$$$$$$$$$$$$$$$$$$$$$$$$$$$$$$$$$$$$$$$$$$$$$$$$$$$$$
600050 中国联通 涨幅4.58,市值595亿 
板块：混改
主买：46998万
主卖：-20181万
净买入：26817万
类型：
符合条件1，单位时间新增买入 1906万
--------------------------------------------------------------------------------------------
时间： 
$$$$$$$$$$$$$$$$$$$$$$$$$$$$$$$$$$$$$$$$$$$$$$$$$$$$$$$$$$$
600050 中国联通 涨幅4.16,市值593亿 
板块：混改
主买：50212万
主卖：-21345万
净买入：28867万
类型：
符合条件1，单位时间新增买入 2050万
--------------------------------------------------------------------------------------------
时间： 
$$$$$$$$$$$$$$$$$$$$$$$$$$$$$$$$$$$$$$$$$$$$$$$$$$$$$$$$$$$
002024 苏宁云商 涨幅2.69,市值406亿 
板块：扭亏为盈,零售
主买：28879万
主卖：-10762万
净买入：18117万
类型：游资
符合条件1，单位时间新增买入 1921万
--------------------------------------------------------------------------------------------
时间： 
$$$$$$$$$$$$$$$$$$$$$$$$$$$$$$$$$$$$$$$$$$$$$$$$$$$$$$$$$$$
002024 苏宁云商 涨幅2.69,市值406亿 
板块：扭亏为盈,零售
主买：29885万
主卖：-10762万
净买入：19124万
类型：游资
符合条件1，单位时间新增买入 1007万
--------------------------------------------------------------------------------------------
时间： 
$$$$$$$$$$$$$$$$$$$$$$$$$$$$$$$$$$$$$$$$$$$$$$$$$$$$$$$$$$$
002024 苏宁云商 涨幅3.71,市值410亿 
板块：扭亏为盈,零售
主买：31089万
主卖：-10906万
净买入：20183万
类型：游资
符合条件1，单位时间新增买入 1059万
--------------------------------------------------------------------------------------------
时间： 
$$$$$$$$$$$$$$$$$$$$$$$$$$$$$$$$$$$$$$$$$$$$$$$$$$$$$$$$$$$
600050 中国联通 涨幅4.30,市值594亿 
板块：混改
主买：52893万
主卖：-22153万
净买入：30740万
类型：
符合条件1，单位时间新增买入 1094万
$$$$$$$$$$$$$$$$$$$$$$$$$$$$$$$$$$$$$$$$$$$$$$$$$$$$$$$$$$$
002024 苏宁云商 涨幅3.40,市值409亿 
板块：扭亏为盈,零售
主买：34967万
主卖：-11285万
净买入：23681万
类型：游资
符合条件1，单位时间新增买入 3499万
--------------------------------------------------------------------------------------------
时间： 
--------------------------------------------------------------------------------------------
时间： 
$$$$$$$$$$$$$$$$$$$$$$$$$$$$$$$$$$$$$$$$$$$$$$$$$$$$$$$$$$$
300655 晶瑞股份 涨幅9.99,市值8亿 
板块：次新股
主买：4156万
主卖：-299万
净买入：3857万
类型：游资
符合条件1，单位时间新增买入 1783万
$$$$$$$$$$$$$$$$$$$$$$$$$$$$$$$$$$$$$$$$$$$$$$$$$$$$$$$$$$$
600460 士兰微 涨幅10.00,市值73亿 
板块：芯片,OLED
主买：23076万
主卖：-25675万
净买入：-2599万
类型：
符合条件1，单位时间新增买入 3790万
--------------------------------------------------------------------------------------------
时间： 
$$$$$$$$$$$$$$$$$$$$$$$$$$$$$$$$$$$$$$$$$$$$$$$$$$$$$$$$$$$
002024 苏宁云商 涨幅3.95,市值411亿 
板块：扭亏为盈,零售
主买：37654万
主卖：-12002万
净买入：25653万
类型：游资
符合条件1，单位时间新增买入 1420万
$$$$$$$$$$$$$$$$$$$$$$$$$$$$$$$$$$$$$$$$$$$$$$$$$$$$$$$$$$$
002185 华天科技 涨幅9.76,市值135亿 
板块：芯片
主买：12823万
主卖：-61535万
净买入：-48711万
类型：
符合条件1，单位时间新增买入 1259万
--------------------------------------------------------------------------------------------
时间： 
$$$$$$$$$$$$$$$$$$$$$$$$$$$$$$$$$$$$$$$$$$$$$$$$$$$$$$$$$$$
002024 苏宁云商 涨幅3.48,市值409亿 
板块：扭亏为盈,零售
主买：38757万
主卖：-12383万
净买入：26375万
类型：游资
符合条件1，单位时间新增买入 722万
$$$$$$$$$$$$$$$$$$$$$$$$$$$$$$$$$$$$$$$$$$$$$$$$$$$$$$$$$$$
300331 苏大维格 涨幅5.76,市值26亿 
板块：虚拟现实
主买：3557万
主卖：-501万
净买入：3056万
类型：
符合条件1，单位时间新增买入 3056万
--------------------------------------------------------------------------------------------
时间： 
--------------------------------------------------------------------------------------------
时间： 
--------------------------------------------------------------------------------------------
时间： 
$$$$$$$$$$$$$$$$$$$$$$$$$$$$$$$$$$$$$$$$$$$$$$$$$$$$$$$$$$$
600230 沧州大化 涨幅2.79,市值93亿 
板块：TDI
主买：4917万
主卖：-3100万
净买入：1818万
类型：游资
符合条件1，单位时间新增买入 1818万
$$$$$$$$$$$$$$$$$$$$$$$$$$$$$$$$$$$$$$$$$$$$$$$$$$$$$$$$$$$
002185 华天科技 涨幅8.51,市值133亿 
板块：芯片
主买：19164万
主卖：-64815万
净买入：-45650万
类型：
符合条件1，单位时间新增买入 2500万
--------------------------------------------------------------------------------------------
时间： 
$$$$$$$$$$$$$$$$$$$$$$$$$$$$$$$$$$$$$$$$$$$$$$$$$$$$$$$$$$$
002895 川恒股份 涨幅10.00,市值14亿 
板块：开板次新
主买：18017万
主卖：-6341万
净买入：11676万
类型：
符合条件1，单位时间新增买入 705万
--------------------------------------------------------------------------------------------
时间： 
--------------------------------------------------------------------------------------------
时间： 
$$$$$$$$$$$$$$$$$$$$$$$$$$$$$$$$$$$$$$$$$$$$$$$$$$$$$$$$$$$
002847 盐津铺子 涨幅1.22,市值13亿 
板块：庄股
主买：9843万
主卖：-1838万
净买入：8005万
类型：浙江帮
符合条件1，单位时间新增买入 8005万
--------------------------------------------------------------------------------------------
时间： 
$$$$$$$$$$$$$$$$$$$$$$$$$$$$$$$$$$$$$$$$$$$$$$$$$$$$$$$$$$$
600050 中国联通 涨幅4.44,市值595亿 
板块：混改
主买：57055万
主卖：-22922万
净买入：34133万
类型：
符合条件1，单位时间新增买入 1870万
$$$$$$$$$$$$$$$$$$$$$$$$$$$$$$$$$$$$$$$$$$$$$$$$$$$$$$$$$$$
603612 索通发展 涨幅6.42,市值47亿 
板块：次新股,预焙阳极
主买：5381万
主卖：-3386万
净买入：1995万
类型：游资
符合条件1，单位时间新增买入 1047万
$$$$$$$$$$$$$$$$$$$$$$$$$$$$$$$$$$$$$$$$$$$$$$$$$$$$$$$$$$$
600516 方大炭素 涨幅1.62,市值334亿 
板块：石墨电极
主买：11987万
主卖：-12181万
净买入：-194万
类型：游资
符合条件1，单位时间新增买入 784万
--------------------------------------------------------------------------------------------
时间： 
$$$$$$$$$$$$$$$$$$$$$$$$$$$$$$$$$$$$$$$$$$$$$$$$$$$$$$$$$$$
600050 中国联通 涨幅4.16,市值593亿 
板块：混改
主买：58170万
主卖：-22922万
净买入：35248万
类型：
符合条件1，单位时间新增买入 1115万
$$$$$$$$$$$$$$$$$$$$$$$$$$$$$$$$$$$$$$$$$$$$$$$$$$$$$$$$$$$
600460 士兰微 涨幅9.67,市值72亿 
板块：芯片,OLED
主买：32297万
主卖：-31477万
净买入：819万
类型：
符合条件1，单位时间新增买入 1003万
--------------------------------------------------------------------------------------------
时间： 
$$$$$$$$$$$$$$$$$$$$$$$$$$$$$$$$$$$$$$$$$$$$$$$$$$$$$$$$$$$
002797 第一创业 涨幅3.75,市值226亿 
板块：证券
主买：14979万
主卖：-12543万
净买入：2437万
类型：游资
符合条件1，单位时间新增买入 1057万
--------------------------------------------------------------------------------------------
时间： 
$$$$$$$$$$$$$$$$$$$$$$$$$$$$$$$$$$$$$$$$$$$$$$$$$$$$$$$$$$$
601318 中国平安 涨幅1.47,市值5527亿 
板块：蓝筹股,保险
主买：54922万
主卖：-42742万
净买入：12180万
类型：基金
符合条件1，单位时间新增买入 12180万
--------------------------------------------------------------------------------------------
时间： 
$$$$$$$$$$$$$$$$$$$$$$$$$$$$$$$$$$$$$$$$$$$$$$$$$$$$$$$$$$$
002285 世联行 涨幅2.90,市值95亿 
板块：租购同权,房地产
主买：4077万
主卖：-2108万
净买入：1969万
类型：游资
符合条件1，单位时间新增买入 1969万
--------------------------------------------------------------------------------------------
时间： 
--------------------------------------------------------------------------------------------
时间： 
--------------------------------------------------------------------------------------------
时间： 
--------------------------------------------------------------------------------------------
时间： 
--------------------------------------------------------------------------------------------
时间： 
--------------------------------------------------------------------------------------------
时间： 
$$$$$$$$$$$$$$$$$$$$$$$$$$$$$$$$$$$$$$$$$$$$$$$$$$$$$$$$$$$
601952 苏垦农发 涨幅2.24,市值39亿 
板块：次新股
主买：3742万
主卖：-907万
净买入：2835万
类型：
符合条件1，单位时间新增买入 2835万
--------------------------------------------------------------------------------------------
时间： 
--------------------------------------------------------------------------------------------
时间： 
$$$$$$$$$$$$$$$$$$$$$$$$$$$$$$$$$$$$$$$$$$$$$$$$$$$$$$$$$$$
600050 中国联通 涨幅4.16,市值593亿 
板块：混改
主买：61369万
主卖：-23435万
净买入：37933万
类型：
符合条件1，单位时间新增买入 1265万
--------------------------------------------------------------------------------------------
时间： 
$$$$$$$$$$$$$$$$$$$$$$$$$$$$$$$$$$$$$$$$$$$$$$$$$$$$$$$$$$$
601318 中国平安 涨幅1.54,市值5531亿 
板块：蓝筹股,保险
主买：61524万
主卖：-48471万
净买入：13054万
类型：基金
符合条件1，单位时间新增买入 1076万
$$$$$$$$$$$$$$$$$$$$$$$$$$$$$$$$$$$$$$$$$$$$$$$$$$$$$$$$$$$
600516 方大炭素 涨幅2.13,市值336亿 
板块：石墨电极
主买：15867万
主卖：-14783万
净买入：1084万
类型：游资
符合条件1，单位时间新增买入 858万
--------------------------------------------------------------------------------------------
时间： 
$$$$$$$$$$$$$$$$$$$$$$$$$$$$$$$$$$$$$$$$$$$$$$$$$$$$$$$$$$$
600516 方大炭素 涨幅2.29,市值336亿 
板块：石墨电极
主买：18620万
主卖：-15459万
净买入：3161万
类型：游资
符合条件1，单位时间新增买入 2077万
--------------------------------------------------------------------------------------------
时间： 
$$$$$$$$$$$$$$$$$$$$$$$$$$$$$$$$$$$$$$$$$$$$$$$$$$$$$$$$$$$
601318 中国平安 涨幅1.51,市值5529亿 
板块：蓝筹股,保险
主买：64476万
主卖：-50112万
净买入：14364万
类型：基金
符合条件1，单位时间新增买入 1078万
$$$$$$$$$$$$$$$$$$$$$$$$$$$$$$$$$$$$$$$$$$$$$$$$$$$$$$$$$$$
600516 方大炭素 涨幅2.01,市值335亿 
板块：石墨电极
主买：19663万
主卖：-15459万
净买入：4204万
类型：游资
符合条件1，单位时间新增买入 1043万
--------------------------------------------------------------------------------------------
时间： 
$$$$$$$$$$$$$$$$$$$$$$$$$$$$$$$$$$$$$$$$$$$$$$$$$$$$$$$$$$$
600050 中国联通 涨幅4.44,市值595亿 
板块：混改
主买：64393万
主卖：-23713万
净买入：40680万
类型：
符合条件1，单位时间新增买入 1790万
--------------------------------------------------------------------------------------------
时间： 
$$$$$$$$$$$$$$$$$$$$$$$$$$$$$$$$$$$$$$$$$$$$$$$$$$$$$$$$$$$
600050 中国联通 涨幅4.85,市值597亿 
板块：混改
主买：66967万
主卖：-24090万
净买入：42876万
类型：
符合条件1，单位时间新增买入 2196万
$$$$$$$$$$$$$$$$$$$$$$$$$$$$$$$$$$$$$$$$$$$$$$$$$$$$$$$$$$$
603612 索通发展 涨幅7.80,市值47亿 
板块：次新股,预焙阳极
主买：6974万
主卖：-4725万
净买入：2249万
类型：游资
符合条件1，单位时间新增买入 772万
--------------------------------------------------------------------------------------------
时间： 
$$$$$$$$$$$$$$$$$$$$$$$$$$$$$$$$$$$$$$$$$$$$$$$$$$$$$$$$$$$
600050 中国联通 涨幅4.99,市值598亿 
板块：混改
主买：69122万
主卖：-24550万
净买入：44572万
类型：
符合条件1，单位时间新增买入 1696万
--------------------------------------------------------------------------------------------
时间： 
$$$$$$$$$$$$$$$$$$$$$$$$$$$$$$$$$$$$$$$$$$$$$$$$$$$$$$$$$$$
600050 中国联通 涨幅5.41,市值600亿 
板块：混改
主买：71660万
主卖：-25451万
净买入：46210万
类型：
符合条件1，单位时间新增买入 1638万
--------------------------------------------------------------------------------------------
时间： 
$$$$$$$$$$$$$$$$$$$$$$$$$$$$$$$$$$$$$$$$$$$$$$$$$$$$$$$$$$$
600050 中国联通 涨幅5.69,市值602亿 
板块：混改
主买：76071万
主卖：-25725万
净买入：50346万
类型：
符合条件1，单位时间新增买入 4136万
--------------------------------------------------------------------------------------------
时间： 
$$$$$$$$$$$$$$$$$$$$$$$$$$$$$$$$$$$$$$$$$$$$$$$$$$$$$$$$$$$
000762 西藏矿业 涨幅-7.25,市值88亿 
板块：盐湖提锂,西藏板块,锂电池
主买：17044万
主卖：-37995万
净买入：-20951万
类型：游资
符合条件1，单位时间新增买入 1168万
--------------------------------------------------------------------------------------------
时间： 
--------------------------------------------------------------------------------------------
时间： 
--------------------------------------------------------------------------------------------
时间： 
$$$$$$$$$$$$$$$$$$$$$$$$$$$$$$$$$$$$$$$$$$$$$$$$$$$$$$$$$$$
002222 福晶科技 涨幅5.23,市值57亿 
板块：量子通信
主买：9298万
主卖：-3388万
净买入：5910万
类型：
符合条件1，单位时间新增买入 5910万
--------------------------------------------------------------------------------------------
时间： 
--------------------------------------------------------------------------------------------
时间： 
$$$$$$$$$$$$$$$$$$$$$$$$$$$$$$$$$$$$$$$$$$$$$$$$$$$$$$$$$$$
600050 中国联通 涨幅5.41,市值600亿 
板块：混改
主买：76541万
主卖：-27235万
净买入：49306万
类型：
符合条件1，单位时间新增买入 755万
--------------------------------------------------------------------------------------------
时间： 
$$$$$$$$$$$$$$$$$$$$$$$$$$$$$$$$$$$$$$$$$$$$$$$$$$$$$$$$$$$
600050 中国联通 涨幅5.55,市值601亿 
板块：混改
主买：78520万
主卖：-27653万
净买入：50867万
类型：
符合条件1，单位时间新增买入 1561万
--------------------------------------------------------------------------------------------
时间： 
$$$$$$$$$$$$$$$$$$$$$$$$$$$$$$$$$$$$$$$$$$$$$$$$$$$$$$$$$$$
601318 中国平安 涨幅1.92,市值5552亿 
板块：蓝筹股,保险
主买：75345万
主卖：-56398万
净买入：18948万
类型：基金
符合条件1，单位时间新增买入 3098万
--------------------------------------------------------------------------------------------
时间： 
$$$$$$$$$$$$$$$$$$$$$$$$$$$$$$$$$$$$$$$$$$$$$$$$$$$$$$$$$$$
601318 中国平安 涨幅2.00,市值5556亿 
板块：蓝筹股,保险
主买：76713万
主卖：-56851万
净买入：19863万
类型：基金
符合条件1，单位时间新增买入 915万
--------------------------------------------------------------------------------------------
时间： 
--------------------------------------------------------------------------------------------
时间： 
--------------------------------------------------------------------------------------------
时间： 
$$$$$$$$$$$$$$$$$$$$$$$$$$$$$$$$$$$$$$$$$$$$$$$$$$$$$$$$$$$
002285 世联行 涨幅3.33,市值96亿 
板块：租购同权,房地产
主买：6784万
主卖：-2359万
净买入：4425万
类型：游资
符合条件1，单位时间新增买入 899万
$$$$$$$$$$$$$$$$$$$$$$$$$$$$$$$$$$$$$$$$$$$$$$$$$$$$$$$$$$$
600516 方大炭素 涨幅2.83,市值338亿 
板块：石墨电极
主买：23980万
主卖：-20301万
净买入：3679万
类型：游资
符合条件1，单位时间新增买入 1185万
--------------------------------------------------------------------------------------------
时间： 
$$$$$$$$$$$$$$$$$$$$$$$$$$$$$$$$$$$$$$$$$$$$$$$$$$$$$$$$$$$
600050 中国联通 涨幅5.55,市值601亿 
板块：混改
主买：81883万
主卖：-28777万
净买入：53105万
类型：
符合条件1，单位时间新增买入 1048万
--------------------------------------------------------------------------------------------
时间： 
$$$$$$$$$$$$$$$$$$$$$$$$$$$$$$$$$$$$$$$$$$$$$$$$$$$$$$$$$$$
600050 中国联通 涨幅5.83,市值603亿 
板块：混改
主买：82657万
主卖：-28777万
净买入：53880万
类型：
符合条件1，单位时间新增买入 775万
$$$$$$$$$$$$$$$$$$$$$$$$$$$$$$$$$$$$$$$$$$$$$$$$$$$$$$$$$$$
002797 第一创业 涨幅3.99,市值227亿 
板块：证券
主买：17439万
主卖：-16329万
净买入：1110万
类型：游资
符合条件1，单位时间新增买入 1071万
--------------------------------------------------------------------------------------------
时间： 
$$$$$$$$$$$$$$$$$$$$$$$$$$$$$$$$$$$$$$$$$$$$$$$$$$$$$$$$$$$
600050 中国联通 涨幅5.83,市值603亿 
板块：混改
主买：83493万
主卖：-28777万
净买入：54715万
类型：
符合条件1，单位时间新增买入 835万
$$$$$$$$$$$$$$$$$$$$$$$$$$$$$$$$$$$$$$$$$$$$$$$$$$$$$$$$$$$
601318 中国平安 涨幅2.11,市值5562亿 
板块：蓝筹股,保险
主买：85183万
主卖：-62276万
净买入：22907万
类型：基金
符合条件1，单位时间新增买入 1941万
--------------------------------------------------------------------------------------------
时间： 
--------------------------------------------------------------------------------------------
时间： 
$$$$$$$$$$$$$$$$$$$$$$$$$$$$$$$$$$$$$$$$$$$$$$$$$$$$$$$$$$$
600050 中国联通 涨幅5.83,市值603亿 
板块：混改
主买：85101万
主卖：-29116万
净买入：55985万
类型：
符合条件1，单位时间新增买入 905万
$$$$$$$$$$$$$$$$$$$$$$$$$$$$$$$$$$$$$$$$$$$$$$$$$$$$$$$$$$$
601318 中国平安 涨幅2.07,市值5560亿 
板块：蓝筹股,保险
主买：87581万
主卖：-63551万
净买入：24029万
类型：基金
符合条件1，单位时间新增买入 1061万
$$$$$$$$$$$$$$$$$$$$$$$$$$$$$$$$$$$$$$$$$$$$$$$$$$$$$$$$$$$
000712 锦龙股份 涨幅9.36,市值98亿 
板块：证券
主买：6419万
主卖：-1296万
净买入：5123万
类型：
符合条件1，单位时间新增买入 5123万
--------------------------------------------------------------------------------------------
时间： 
--------------------------------------------------------------------------------------------
时间： 
--------------------------------------------------------------------------------------------
时间： 
--------------------------------------------------------------------------------------------
时间： 
--------------------------------------------------------------------------------------------
时间： 
--------------------------------------------------------------------------------------------
时间： 
--------------------------------------------------------------------------------------------
时间： 
--------------------------------------------------------------------------------------------
时间： 
--------------------------------------------------------------------------------------------
时间： 
--------------------------------------------------------------------------------------------
时间： 
--------------------------------------------------------------------------------------------
时间： 
--------------------------------------------------------------------------------------------
时间： 
$$$$$$$$$$$$$$$$$$$$$$$$$$$$$$$$$$$$$$$$$$$$$$$$$$$$$$$$$$$
600307 酒钢宏兴 涨幅7.58,市值101亿 
板块：钢铁
主买：8156万
主卖：-3193万
净买入：4963万
类型：
符合条件1，单位时间新增买入 4963万
--------------------------------------------------------------------------------------------
时间： 
--------------------------------------------------------------------------------------------
时间： 
$$$$$$$$$$$$$$$$$$$$$$$$$$$$$$$$$$$$$$$$$$$$$$$$$$$$$$$$$$$
600307 酒钢宏兴 涨幅6.67,市值100亿 
板块：钢铁
主买：10469万
主卖：-3560万
净买入：6909万
类型：
符合条件1，单位时间新增买入 1946万
--------------------------------------------------------------------------------------------
时间： 
--------------------------------------------------------------------------------------------
时间： 
--------------------------------------------------------------------------------------------
时间： 
$$$$$$$$$$$$$$$$$$$$$$$$$$$$$$$$$$$$$$$$$$$$$$$$$$$$$$$$$$$
002699 美盛文化 涨幅0.26,市值22亿 
板块：庄股
主买：1180万
主卖：0万
净买入：1180万
类型：庄股
符合条件1，单位时间新增买入 1180万
--------------------------------------------------------------------------------------------
时间： 
--------------------------------------------------------------------------------------------
时间： 
--------------------------------------------------------------------------------------------
时间： 
--------------------------------------------------------------------------------------------
时间： 
--------------------------------------------------------------------------------------------
时间： 
--------------------------------------------------------------------------------------------
时间： 
--------------------------------------------------------------------------------------------
时间： 
--------------------------------------------------------------------------------------------
时间： 
--------------------------------------------------------------------------------------------
时间： 
--------------------------------------------------------------------------------------------
时间： 
--------------------------------------------------------------------------------------------
时间： 
--------------------------------------------------------------------------------------------
时间： 
--------------------------------------------------------------------------------------------
时间： 
--------------------------------------------------------------------------------------------
时间： 
--------------------------------------------------------------------------------------------
时间： 
--------------------------------------------------------------------------------------------
时间： 
--------------------------------------------------------------------------------------------
时间： 
--------------------------------------------------------------------------------------------
时间： 
$$$$$$$$$$$$$$$$$$$$$$$$$$$$$$$$$$$$$$$$$$$$$$$$$$$$$$$$$$$
002024 苏宁云商 涨幅2.69,市值406亿 
板块：扭亏为盈,零售
主买：47124万
主卖：-18178万
净买入：28947万
类型：游资
符合条件1，单位时间新增买入 709万
--------------------------------------------------------------------------------------------
时间： 
--------------------------------------------------------------------------------------------
时间： 
--------------------------------------------------------------------------------------------
时间： 
--------------------------------------------------------------------------------------------
时间： 
$$$$$$$$$$$$$$$$$$$$$$$$$$$$$$$$$$$$$$$$$$$$$$$$$$$$$$$$$$$
603305 旭升股份 涨幅6.92,市值22亿 
板块：次新股,特斯拉
主买：3739万
主卖：-3029万
净买入：710万
类型：游资
符合条件1，单位时间新增买入 710万
$$$$$$$$$$$$$$$$$$$$$$$$$$$$$$$$$$$$$$$$$$$$$$$$$$$$$$$$$$$
002510 天汽模 涨幅9.99,市值60亿 
板块：特斯拉
主买：6760万
主卖：-7930万
净买入：-1170万
类型：游资
符合条件1，单位时间新增买入 1374万
--------------------------------------------------------------------------------------------
时间： 
$$$$$$$$$$$$$$$$$$$$$$$$$$$$$$$$$$$$$$$$$$$$$$$$$$$$$$$$$$$
600848 上海临港 涨幅9.12,市值70亿 
板块：特斯拉
主买：16161万
主卖：-5568万
净买入：10593万
类型：游资
符合条件1，单位时间新增买入 10593万
$$$$$$$$$$$$$$$$$$$$$$$$$$$$$$$$$$$$$$$$$$$$$$$$$$$$$$$$$$$
002510 天汽模 涨幅9.99,市值60亿 
板块：特斯拉
主买：9956万
主卖：-7930万
净买入：2026万
类型：游资
符合条件1，单位时间新增买入 3195万
--------------------------------------------------------------------------------------------
时间： 
$$$$$$$$$$$$$$$$$$$$$$$$$$$$$$$$$$$$$$$$$$$$$$$$$$$$$$$$$$$
002510 天汽模 涨幅9.99,市值60亿 
板块：特斯拉
主买：11239万
主卖：-7930万
净买入：3309万
类型：游资
符合条件1，单位时间新增买入 1283万
--------------------------------------------------------------------------------------------
时间： 
$$$$$$$$$$$$$$$$$$$$$$$$$$$$$$$$$$$$$$$$$$$$$$$$$$$$$$$$$$$
002510 天汽模 涨幅9.99,市值60亿 
板块：特斯拉
主买：12004万
主卖：-7930万
净买入：4074万
类型：游资
符合条件1，单位时间新增买入 766万
--------------------------------------------------------------------------------------------
时间： 
--------------------------------------------------------------------------------------------
时间： 
--------------------------------------------------------------------------------------------
时间： 
$$$$$$$$$$$$$$$$$$$$$$$$$$$$$$$$$$$$$$$$$$$$$$$$$$$$$$$$$$$
600848 上海临港 涨幅9.15,市值70亿 
板块：特斯拉
主买：19345万
主卖：-5984万
净买入：13361万
类型：游资
符合条件1，单位时间新增买入 2267万
--------------------------------------------------------------------------------------------
时间： 
--------------------------------------------------------------------------------------------
时间： 
--------------------------------------------------------------------------------------------
时间： 
--------------------------------------------------------------------------------------------
时间： 
--------------------------------------------------------------------------------------------
时间： 
--------------------------------------------------------------------------------------------
时间： 
--------------------------------------------------------------------------------------------
时间： 
--------------------------------------------------------------------------------------------
时间： 
$$$$$$$$$$$$$$$$$$$$$$$$$$$$$$$$$$$$$$$$$$$$$$$$$$$$$$$$$$$
300676 华大基因 涨幅2.93,市值72亿 
板块：次新股,创业板蓝筹,基因测序
主买：4605万
主卖：-8727万
净买入：-4122万
类型：游资
符合条件1，单位时间新增买入 738万
--------------------------------------------------------------------------------------------
时间： 
$$$$$$$$$$$$$$$$$$$$$$$$$$$$$$$$$$$$$$$$$$$$$$$$$$$$$$$$$$$
300676 华大基因 涨幅2.65,市值72亿 
板块：次新股,创业板蓝筹,基因测序
主买：5343万
主卖：-8727万
净买入：-3384万
类型：游资
符合条件1，单位时间新增买入 738万
--------------------------------------------------------------------------------------------
时间： 
--------------------------------------------------------------------------------------------
时间： 
--------------------------------------------------------------------------------------------
时间： 
--------------------------------------------------------------------------------------------
时间： 
--------------------------------------------------------------------------------------------
时间： 
--------------------------------------------------------------------------------------------
时间： 
--------------------------------------------------------------------------------------------
时间： 
--------------------------------------------------------------------------------------------
时间： 
--------------------------------------------------------------------------------------------
时间： 
--------------------------------------------------------------------------------------------
时间： 
$$$$$$$$$$$$$$$$$$$$$$$$$$$$$$$$$$$$$$$$$$$$$$$$$$$$$$$$$$$
000852 石化机械 涨幅3.59,市值37亿 
板块：雄安地热
主买：2741万
主卖：-1086万
净买入：1655万
类型：游资
符合条件1，单位时间新增买入 1655万
--------------------------------------------------------------------------------------------
时间： 
$$$$$$$$$$$$$$$$$$$$$$$$$$$$$$$$$$$$$$$$$$$$$$$$$$$$$$$$$$$
002024 苏宁云商 涨幅3.40,市值409亿 
板块：扭亏为盈,零售
主买：49957万
主卖：-20474万
净买入：29483万
类型：游资
符合条件1，单位时间新增买入 914万
--------------------------------------------------------------------------------------------
时间： 
$$$$$$$$$$$$$$$$$$$$$$$$$$$$$$$$$$$$$$$$$$$$$$$$$$$$$$$$$$$
002024 苏宁云商 涨幅3.32,市值409亿 
板块：扭亏为盈,零售
主买：51389万
主卖：-20866万
净买入：30523万
类型：游资
符合条件1，单位时间新增买入 1040万
--------------------------------------------------------------------------------------------
时间： 
$$$$$$$$$$$$$$$$$$$$$$$$$$$$$$$$$$$$$$$$$$$$$$$$$$$$$$$$$$$
002024 苏宁云商 涨幅3.63,市值410亿 
板块：扭亏为盈,零售
主买：52362万
主卖：-21098万
净买入：31264万
类型：游资
符合条件1，单位时间新增买入 742万
--------------------------------------------------------------------------------------------
时间： 
--------------------------------------------------------------------------------------------
时间： 
--------------------------------------------------------------------------------------------
时间： 
--------------------------------------------------------------------------------------------
时间： 
$$$$$$$$$$$$$$$$$$$$$$$$$$$$$$$$$$$$$$$$$$$$$$$$$$$$$$$$$$$
600838 上海九百 涨幅4.21,市值42亿 
板块：零售,上海国改
主买：1848万
主卖：-816万
净买入：1032万
类型：
符合条件1，单位时间新增买入 1032万
--------------------------------------------------------------------------------------------
时间： 
--------------------------------------------------------------------------------------------
时间： 
--------------------------------------------------------------------------------------------
时间： 
--------------------------------------------------------------------------------------------
时间： 
$$$$$$$$$$$$$$$$$$$$$$$$$$$$$$$$$$$$$$$$$$$$$$$$$$$$$$$$$$$
002561 徐家汇 涨幅9.90,市值35亿 
板块：
主买：8793万
主卖：-806万
净买入：7987万
类型：
符合条件1，单位时间新增买入 7987万
--------------------------------------------------------------------------------------------
时间： 
--------------------------------------------------------------------------------------------
时间： 
$$$$$$$$$$$$$$$$$$$$$$$$$$$$$$$$$$$$$$$$$$$$$$$$$$$$$$$$$$$
002510 天汽模 涨幅9.99,市值60亿 
板块：特斯拉
主买：21707万
主卖：-8851万
净买入：12856万
类型：游资
符合条件1，单位时间新增买入 1552万
--------------------------------------------------------------------------------------------
时间： 
$$$$$$$$$$$$$$$$$$$$$$$$$$$$$$$$$$$$$$$$$$$$$$$$$$$$$$$$$$$
002510 天汽模 涨幅9.99,市值60亿 
板块：特斯拉
主买：25176万
主卖：-9245万
净买入：15931万
类型：游资
符合条件1，单位时间新增买入 3075万
--------------------------------------------------------------------------------------------
时间： 
$$$$$$$$$$$$$$$$$$$$$$$$$$$$$$$$$$$$$$$$$$$$$$$$$$$$$$$$$$$
002510 天汽模 涨幅9.99,市值60亿 
板块：特斯拉
主买：27570万
主卖：-9358万
净买入：18212万
类型：游资
符合条件1，单位时间新增买入 2281万
--------------------------------------------------------------------------------------------
时间： 
$$$$$$$$$$$$$$$$$$$$$$$$$$$$$$$$$$$$$$$$$$$$$$$$$$$$$$$$$$$
002510 天汽模 涨幅9.99,市值60亿 
板块：特斯拉
主买：28719万
主卖：-9358万
净买入：19361万
类型：游资
符合条件1，单位时间新增买入 1149万
--------------------------------------------------------------------------------------------
时间： 
--------------------------------------------------------------------------------------------
时间： 
--------------------------------------------------------------------------------------------
时间： 
--------------------------------------------------------------------------------------------
时间： 
--------------------------------------------------------------------------------------------
时间： 
--------------------------------------------------------------------------------------------
时间： 
--------------------------------------------------------------------------------------------
时间： 
--------------------------------------------------------------------------------------------
时间： 
--------------------------------------------------------------------------------------------
时间： 
--------------------------------------------------------------------------------------------
时间： 
--------------------------------------------------------------------------------------------
时间： 
--------------------------------------------------------------------------------------------
时间： 
--------------------------------------------------------------------------------------------
时间： 
--------------------------------------------------------------------------------------------
时间： 
--------------------------------------------------------------------------------------------
时间： 
--------------------------------------------------------------------------------------------
时间： 
--------------------------------------------------------------------------------------------
时间： 
--------------------------------------------------------------------------------------------
时间： 
--------------------------------------------------------------------------------------------
时间： 
--------------------------------------------------------------------------------------------
时间： 
--------------------------------------------------------------------------------------------
时间： 
--------------------------------------------------------------------------------------------
时间： 
--------------------------------------------------------------------------------------------
时间： 
--------------------------------------------------------------------------------------------
时间： 
--------------------------------------------------------------------------------------------
时间： 
$$$$$$$$$$$$$$$$$$$$$$$$$$$$$$$$$$$$$$$$$$$$$$$$$$$$$$$$$$$
002510 天汽模 涨幅9.99,市值60亿 
板块：特斯拉
主买：40625万
主卖：-16593万
净买入：24031万
类型：游资
符合条件1，单位时间新增买入 1825万
--------------------------------------------------------------------------------------------
时间： 
--------------------------------------------------------------------------------------------
时间： 
$$$$$$$$$$$$$$$$$$$$$$$$$$$$$$$$$$$$$$$$$$$$$$$$$$$$$$$$$$$
002510 天汽模 涨幅9.99,市值60亿 
板块：特斯拉
主买：41929万
主卖：-17428万
净买入：24501万
类型：游资
符合条件1，单位时间新增买入 790万
--------------------------------------------------------------------------------------------
时间： 
--------------------------------------------------------------------------------------------
时间： 
--------------------------------------------------------------------------------------------
时间： 
--------------------------------------------------------------------------------------------
时间： 
--------------------------------------------------------------------------------------------
时间： 
$$$$$$$$$$$$$$$$$$$$$$$$$$$$$$$$$$$$$$$$$$$$$$$$$$$$$$$$$$$
002797 第一创业 涨幅2.50,市值224亿 
板块：证券
主买：21054万
主卖：-28718万
净买入：-7665万
类型：游资
符合条件1，单位时间新增买入 783万
--------------------------------------------------------------------------------------------
时间： 
--------------------------------------------------------------------------------------------
时间： 
--------------------------------------------------------------------------------------------
时间： 
--------------------------------------------------------------------------------------------
时间： 
--------------------------------------------------------------------------------------------
时间： 
--------------------------------------------------------------------------------------------
时间： 
$$$$$$$$$$$$$$$$$$$$$$$$$$$$$$$$$$$$$$$$$$$$$$$$$$$$$$$$$$$
600050 中国联通 涨幅3.88,市值592亿 
板块：混改
主买：90675万
主卖：-63194万
净买入：27482万
类型：
符合条件1，单位时间新增买入 859万
--------------------------------------------------------------------------------------------
时间： 
--------------------------------------------------------------------------------------------
时间： 
$$$$$$$$$$$$$$$$$$$$$$$$$$$$$$$$$$$$$$$$$$$$$$$$$$$$$$$$$$$
002024 苏宁云商 涨幅2.92,市值407亿 
板块：扭亏为盈,零售
主买：63577万
主卖：-27521万
净买入：36056万
类型：游资
符合条件1，单位时间新增买入 2173万
$$$$$$$$$$$$$$$$$$$$$$$$$$$$$$$$$$$$$$$$$$$$$$$$$$$$$$$$$$$
600050 中国联通 涨幅4.30,市值594亿 
板块：混改
主买：92245万
主卖：-63468万
净买入：28777万
类型：
符合条件1，单位时间新增买入 823万
--------------------------------------------------------------------------------------------
时间： 
--------------------------------------------------------------------------------------------
时间： 
--------------------------------------------------------------------------------------------
时间： 
--------------------------------------------------------------------------------------------
时间： 
$$$$$$$$$$$$$$$$$$$$$$$$$$$$$$$$$$$$$$$$$$$$$$$$$$$$$$$$$$$
300692 中环环保 涨幅10.00,市值16亿 
板块：次新股
主买：8751万
主卖：-3815万
净买入：4936万
类型：
符合条件1，单位时间新增买入 3264万
--------------------------------------------------------------------------------------------
时间： 
--------------------------------------------------------------------------------------------
时间： 
$$$$$$$$$$$$$$$$$$$$$$$$$$$$$$$$$$$$$$$$$$$$$$$$$$$$$$$$$$$
000792 盐湖股份 涨幅1.55,市值238亿 
板块：锂电池,盐湖提锂
主买：49489万
主卖：-138635万
净买入：-89147万
类型：
符合条件1，单位时间新增买入 702万
--------------------------------------------------------------------------------------------
时间： 
--------------------------------------------------------------------------------------------
时间： 
--------------------------------------------------------------------------------------------
时间： 
$$$$$$$$$$$$$$$$$$$$$$$$$$$$$$$$$$$$$$$$$$$$$$$$$$$$$$$$$$$
002024 苏宁云商 涨幅2.69,市值406亿 
板块：扭亏为盈,零售
主买：64930万
主卖：-27754万
净买入：37176万
类型：游资
符合条件1，单位时间新增买入 1018万
$$$$$$$$$$$$$$$$$$$$$$$$$$$$$$$$$$$$$$$$$$$$$$$$$$$$$$$$$$$
603559 中通国脉 涨幅9.98,市值9亿 
板块：5G
主买：2772万
主卖：-6367万
净买入：-3595万
类型：
符合条件1，单位时间新增买入 888万
$$$$$$$$$$$$$$$$$$$$$$$$$$$$$$$$$$$$$$$$$$$$$$$$$$$$$$$$$$$
002497 雅化集团 涨幅-8.15,市值157亿 
板块：锂电池
主买：20697万
主卖：-64916万
净买入：-44219万
类型：游资
符合条件1，单位时间新增买入 854万
--------------------------------------------------------------------------------------------
时间： 
$$$$$$$$$$$$$$$$$$$$$$$$$$$$$$$$$$$$$$$$$$$$$$$$$$$$$$$$$$$
002284 亚太股份 涨幅2.11,市值47亿 
板块：无人驾驶
主买：3688万
主卖：-1239万
净买入：2449万
类型：
符合条件1，单位时间新增买入 2449万
--------------------------------------------------------------------------------------------
时间： 
--------------------------------------------------------------------------------------------
时间： 
--------------------------------------------------------------------------------------------
时间： 
$$$$$$$$$$$$$$$$$$$$$$$$$$$$$$$$$$$$$$$$$$$$$$$$$$$$$$$$$$$
002024 苏宁云商 涨幅2.69,市值406亿 
板块：扭亏为盈,零售
主买：66424万
主卖：-27754万
净买入：38670万
类型：游资
符合条件1，单位时间新增买入 1256万
